	D/F-Table

A = t1
#A = 987
_____________________________________________________________
B	B<A	A>B	B<<<A	A>>>B	A→B
_____________________________________________________________
t1	0	0	0	0	0.0
t3	0	313	2	985	0.778617129240114
t4	0	348	2	985	0.790441963250245
t2	2	323	4	983	0.776207979898675
t6	0	1	2	982	0.502079203832222
t5	2	0	2	983	0.466713369262817
t8	0	0	1	980	0.286528029101068
t10	0	0	0	487	0.113423898448624
t12	0	0	0	487	0.0905588781591013
t13	0	0	0	496	0.0755731891762936
t11	0	0	0	736	0.123831888207378
t14	0	0	0	974	0.108842069759535
t9	0	1	0	491	0.117107711944697
t7	0	1	0	284	0.115931752786221
_____________________________________________________________

A = t3
#A = 994
_____________________________________________________________
B	B<A	A>B	B<<<A	A>>>B	A→B
_____________________________________________________________
t1	313	0	985	2	-0.773133910020113
t3	0	0	0	0	0.0
t4	265	212	517	474	-0.0400522173038233
t2	259	275	493	498	0.00691539959758576
t6	124	179	170	921	0.503571325682086
t5	1	283	2	990	0.771522317907436
t8	0	0	1	987	0.478544465038166
t10	0	1	0	490	0.189352124802524
t12	0	0	0	490	0.151192054127734
t13	0	0	0	499	0.124036337807402
t11	0	1	0	740	0.204684890951804
t14	0	0	0	981	0.181301696025842
t9	0	0	0	495	0.194671464934245
t7	29	43	40	263	0.137461569416499
_____________________________________________________________

A = t4
#A = 993
_____________________________________________________________
B	B<A	A>B	B<<<A	A>>>B	A→B
_____________________________________________________________
t1	348	0	985	2	-0.785665878880153
t3	212	265	474	517	0.0400925518630416
t4	0	0	0	0	0.0
t2	250	229	499	491	-0.019383714159114
t6	1	357	5	986	0.803718574018119
t5	179	137	180	811	0.358787013220542
t8	0	0	2	985	0.484133610759951
t10	0	1	1	489	0.191321515217338
t12	0	1	1	489	0.152767297974475
t13	1	1	1	499	0.127357015011745
t11	0	0	1	739	0.208312647706373
t14	0	2	0	980	0.184978465326684
t9	0	0	0	494	0.196559568758196
t7	0	0	1	285	0.165761933534743
_____________________________________________________________

A = t2
#A = 994
_____________________________________________________________
B	B<A	A>B	B<<<A	A>>>B	A→B
_____________________________________________________________
t1	323	2	983	4	-0.770741726519107
t3	275	259	498	493	-0.00691539959758576
t4	229	250	491	499	0.0193642134406441
t2	0	0	0	0	0.0
t6	126	143	179	910	0.479449267766594
t5	0	307	2	990	0.773522623098584
t8	2	0	2	986	0.478432725032383
t10	0	0	1	488	0.188227430709054
t12	0	1	0	489	0.152231843963622
t13	0	0	0	498	0.125906737739616
t11	0	0	0	741	0.206676300305893
t14	0	0	0	981	0.182451494175205
t9	0	0	0	496	0.195334137646832
t7	34	32	48	248	0.117006036217304
_____________________________________________________________

A = t6
#A = 1360
_____________________________________________________________
B	B<A	A>B	B<<<A	A>>>B	A→B
_____________________________________________________________
t1	1	0	982	2	-0.364376598663531
t3	179	124	921	170	-0.36805139538823
t4	357	1	986	5	-0.586832752941171
t2	143	126	910	179	-0.350421008941172
t6	0	0	364	364	0.0
t5	428	211	724	473	-0.192395378823528
t8	0	723	2	991	0.671476470588232
t10	1	0	2	491	0.26584917647059
t12	0	0	1	491	0.213098164705881
t13	0	1	1	499	0.172775802352941
t11	1	1	2	740	0.281910392470587
t14	0	0	1	982	0.251539671462798
t9	0	0	0	496	0.268272941176472
t7	247	171	366	363	-0.0163237647058823
_____________________________________________________________

A = t5
#A = 996
_____________________________________________________________
B	B<A	A>B	B<<<A	A>>>B	A→B
_____________________________________________________________
t1	0	2	983	2	-0.462496079781526
t3	283	1	990	2	-0.769973076305212
t4	137	179	811	180	-0.357706329445782
t2	307	0	990	2	-0.771969364819269
t6	211	428	473	724	0.262708549397588
t5	0	0	0	0	0.0
t8	0	269	1	990	0.777538315823285
t10	0	0	1	489	0.303677727871485
t12	0	0	0	490	0.244285154184739
t13	0	0	0	500	0.202358522530442
t11	1	0	1	742	0.33068437066024
t14	0	0	0	983	0.292659189577531
t9	0	0	0	497	0.315854611534136
t7	56	117	141	182	0.0501606425702812
_____________________________________________________________

A = t8
#A = 994
_____________________________________________________________
B	B<A	A>B	B<<<A	A>>>B	A→B
_____________________________________________________________
t1	0	0	980	1	-0.284510226079229
t3	0	0	987	1	-0.478544465038166
t4	0	0	985	2	-0.483646554813513
t2	0	2	986	2	-0.478432725032383
t6	723	0	991	2	-0.918720321931586
t5	269	0	990	1	-0.779102779235405
t8	0	0	0	0	0.0
t10	0	492	1	492	0.494557746478873
t12	0	0	0	492	0.395975855130788
t13	0	2	0	498	0.32089313094567
t11	0	0	1	740	0.524405749698193
t14	1	0	1	981	0.464364793847596
t9	0	496	0	497	0.499257690140845
t7	0	0	287	0	-0.206642736418511
_____________________________________________________________

A = t10
#A = 494
_____________________________________________________________
B	B<A	A>B	B<<<A	A>>>B	A→B
_____________________________________________________________
t1	0	0	487	0	-0.226618193863951
t3	1	0	490	0	-0.381004072983216
t4	1	0	489	1	-0.384579483017847
t2	0	0	488	1	-0.378741024544129
t6	0	1	491	2	-0.731892469635631
t5	0	0	489	1	-0.612273313684209
t8	492	0	492	1	-0.995122267206478
t10	0	0	0	0	0.0
t12	0	492	0	493	0.996482072874494
t13	0	0	0	242	0.391902834008098
t11	0	0	1	241	0.310931174089068
t14	0	0	1	488	0.580618959233265
t9	0	0	0	0	0.0
t7	0	0	155	1	-0.180818914979757
_____________________________________________________________

A = t12
#A = 494
_____________________________________________________________
B	B<A	A>B	B<<<A	A>>>B	A→B
_____________________________________________________________
t1	0	0	487	0	-0.180934438751079
t3	0	0	490	0	-0.304220448993861
t4	1	0	489	1	-0.307080823661241
t2	1	0	489	0	-0.306312657691985
t6	0	0	491	1	-0.586667012145744
t5	0	0	490	0	-0.49252634325506
t8	0	0	492	0	-0.796761133603246
t10	492	0	493	0	-0.996482072874494
t12	0	0	0	0	0.0
t13	0	243	0	243	0.491902834008097
t11	0	0	1	242	0.390749797570851
t14	0	249	1	489	0.729291626167083
t9	0	0	0	0	0.0
t7	0	0	156	0	-0.146728006477733
_____________________________________________________________

A = t13
#A = 997
_____________________________________________________________
B	B<A	A>B	B<<<A	A>>>B	A→B
_____________________________________________________________
t1	0	0	496	0	-0.0748151832668022
t3	0	0	499	0	-0.123663109107881
t4	1	1	499	1	-0.126846054068869
t2	0	0	498	0	-0.125527880956046
t6	1	0	499	1	-0.235682137612838
t5	0	0	500	0	-0.202155555105637
t8	2	0	498	0	-0.319927554824469
t10	0	0	242	0	-0.194182547642929
t12	243	0	243	0	-0.243731193580742
t13	1	1	495	495	0.0
t11	749	994	750	994	0.245408545636911
t14	0	0	1	496	0.397480441323975
t9	0	0	254	0	-0.203811434302909
t7	0	0	149	0	-0.0547853352056168
_____________________________________________________________

A = t11
#A = 1493
_____________________________________________________________
B	B<A	A>B	B<<<A	A>>>B	A→B
_____________________________________________________________
t1	0	0	736	0	-0.0818634116950316
t3	1	0	740	0	-0.136273798798455
t4	0	0	739	1	-0.138549537288968
t2	0	0	741	0	-0.137599626593475
t6	1	1	740	2	-0.256797142505022
t5	0	1	742	1	-0.220603907017816
t8	0	0	740	1	-0.349135509176158
t10	0	0	241	1	-0.102880107166778
t12	0	0	242	1	-0.129290288010717
t13	994	749	994	750	-0.163879651707971
t11	0	0	748	748	0.0
t14	0	736	1	737	0.492833298861353
t9	497	0	497	0	-0.332886805090422
t7	0	0	211	0	-0.0555130084393838
_____________________________________________________________

A = t14
#A = 987
_____________________________________________________________
B	B<A	A>B	B<<<A	A>>>B	A→B
_____________________________________________________________
t1	0	0	974	0	-0.108842069759535
t3	0	0	981	0	-0.182587523657231
t4	2	0	980	0	-0.186102954477606
t2	0	0	981	0	-0.183745476403398
t6	0	0	982	1	-0.346599749938607
t5	0	0	983	0	-0.295327814406506
t8	0	1	981	1	-0.467658161179848
t10	0	0	488	1	-0.290603612827997
t12	249	0	489	1	-0.365015261729016
t13	0	0	496	1	-0.401507598784198
t11	736	0	737	1	-0.745491504761905
t14	0	0	0	0	0.0
t9	0	0	492	0	-0.293982763897072
t7	0	0	283	0	-0.0769780799804212
_____________________________________________________________

A = t9
#A = 497
_____________________________________________________________
B	B<A	A>B	B<<<A	A>>>B	A→B
_____________________________________________________________
t1	1	0	491	0	-0.232566019495806
t3	0	0	495	0	-0.38934292986849
t4	0	0	494	0	-0.392723645426335
t2	0	0	496	0	-0.390668275293664
t6	0	0	496	0	-0.734107042253525
t5	0	0	497	0	-0.632980267782695
t8	496	0	497	0	-0.99851538028169
t10	0	0	0	0	0.0
t12	0	0	0	0	0.0
t13	0	0	0	254	0.408853118712275
t11	0	497	0	497	1.0
t14	0	0	0	492	0.583824925485735
t9	0	0	0	0	0.0
t7	0	0	130	0	-0.147037746478873
_____________________________________________________________

A = t7
#A = 366
_____________________________________________________________
B	B<A	A>B	B<<<A	A>>>B	A→B
_____________________________________________________________
t1	1	0	284	0	-0.312635628415301
t3	43	29	263	40	-0.373324590163934
t4	0	0	285	1	-0.449731147540983
t2	32	34	248	48	-0.317770491803279
t6	171	247	363	366	0.0606566120218575
t5	117	56	182	141	-0.136502732240437
t8	0	0	0	287	0.56121005464481
t10	0	0	1	155	0.244056131147541
t12	0	0	0	156	0.198042719125683
t13	0	0	0	149	0.149237648087431
t11	0	0	0	211	0.226450605464481
t14	0	0	0	283	0.20758842879966
t9	0	0	0	130	0.199666010928962
t7	0	0	78	78	0.0
_____________________________________________________________


	D/F-Graph

[t1,t3]  	 → euristica 1
[t1,t4]  	 → euristica 1
[t1,t2]  	 → euristica 1
[t3,t5]  	 → euristica 1
[t4,t6]  	 → euristica 1
[t2,t5]  	 → euristica 1
[t6,t8]  	 → euristica 1
[t5,t8]  	 → euristica 1
[t8,t10]  	 → euristica 1
[t8,t9]  	 → euristica 1
[t10,t12]  	 → euristica 1
[t12,t13]  	 → euristica 1
[t12,t14]  	 → euristica 1
[t11,t14]  	 → euristica 1
[t9,t11]  	 → euristica 1


	WF-Net

Split:

t1	(t2) AND (t4) AND (t3)
t3	(t5)
t4	(t6)
t2	(t5)
t6	(t8)
t5	(t8)
t8	(t10 OR t9)
t10	(t12)
t12	(t13 OR t14)
t13	()
t11	(t14)
t14	()
t9	(t11)
t7	()


Join:

t1	()
t3	(t1)
t4	(t1)
t2	(t1)
t6	(t4)
t5	(t2) AND (t3)
t8	(t5) AND (t6)
t10	(t8)
t12	(t10)
t13	(t12)
t11	(t9)
t14	(t12 OR t11)
t9	(t8)
t7	()
