t1,t3,t4,t2,t6,t5,t8,t10,t12,t13,t11,t13,t11,t13,t11,t13,t11,t13,t11,t14
t1,t3,t4,t6,t2,t5,t8,t9,t11,t14
t1,t2,t4,t6,t3,t5,t8,t9,t11,t13,t11,t14
t1,t3,t4,t6,t7,t2,t5,t6,t8,t9,t11,t13,t11,t13,t11,t13,t11,t13,t11,t14
t1,t3,t4,t2,t6,t5,t8,t9,t11,t14
t1,t4,t6,t7,t2,t3,t6,t5,t7,t6,t8,t10,t12,t14
t1,t4,t3,t6,t7,t6,t2,t5,t7,t6,t8,t10,t12,t13,t11,t13,t11,t13,t11,t14
t1,t4,t6,t3,t7,t6,t2,t5,t8,t10,t12,t14
t1,t4,t6,t3,t7,t6,t2,t7,t5,t6,t8,t10,t12,t13,t11,t13,t11,t14
t1,t2,t3,t5,t4,t6,t8,t9,t11,t14
t1,t3,t4,t6,t2,t7,t5,t6,t8,t10,t12,t13,t11,t13,t11,t13,t11,t13,t11,t13,t11,t13,t11,t13,t11,t14
t1,t4,t2,t6,t3,t5,t7,t6,t7,t6,t8,t10,t12,t14
t1,t2,t3,t4,t5,t6,t8,t9,t11,t14
t1,t4,t3,t6,t2,t5,t7,t6,t8,t10,t12,t13,t11,t14
t1,t2,t4,t3,t5,t6,t8,t10,t12,t14
t1,t3,t2,t5,t4,t6,t8,t9,t11,t13,t11,t13,t11,t14
t1,t2,t4,t3,t5,t6,t8,t9,t11,t14
t1,t3,t2,t4,t5,t6,t7,t6,t8,t10,t12,t13,t11,t14
t1,t3,t2,t5,t4,t6,t8,t9,t11,t13,t11,t14
t1,t2,t3,t4,t5,t6,t8,t9,t11,t13,t11
t1,t3,t2,t4,t5,t6,t8,t9,t11,t14
t1,t3,t2,t4,t5,t6,t8,t10,t12,t14
t1,t4,t3,t2,t5,t6,t8,t9,t11,t13,t11,t14
t1,t2,t4,t3,t6,t5,t8,t10,t12,t13,t11,t13,t11,t13,t11,t13,t11,t14
t1,t2,t3,t5,t4,t6,t8,t10,t12,t14
t1,t3,t2,t5,t4,t6,t8,t9,t11,t13,t11,t13,t11,t14
t1,t2,t3,t5,t4,t6,t8,t9,t11,t14
t1,t3,t4,t6,t7,t2,t6,t5,t8,t10,t12,t14
t1,t4,t2,t3,t6,t5,t7,t6,t8,t9,t11,t14
t1,t2,t4,t3,t5,t6,t8,t10,t12,t14
t1,t3,t2,t5,t4,t6,t8,t9,t11,t13,t11,t13,t11,t13,t11,t13,t11,t14
t1,t4,t2,t6,t7,t3,t5,t6,t7,t6,t8,t9,t11,t14
t1,t3,t2,t5,t4,t6,t8,t9,t11,t14
t1,t4,t2,t3,t6,t5,t7,t6,t7,t6,t8,t9,t11,t14
t1,t3,t4,t6,t2,t5,t7,t6,t8,t9,t11,t14
t1,t3,t2,t5,t4,t6,t7,t6,t8,t9,t11,t14
t1,t3,t2,t5,t4,t6,t8,t10,t12,t14
t1,t4,t2,t6,t3,t5,t8,t10,t12,t13,t11,t13,t11,t13,t11,t14
t1,t2,t3,t5,t4,t6,t8,t9,t11,t13,t11,t13,t11,t13,t11,t13,t11,t14
t1,t3,t2,t4,t5,t6,t8,t10,t12,t13,t13,t11,t13,t11,t13,t11,t13,t11,t14
t1,t3,t4,t2,t5,t6,t8,t9,t11,t14
t1,t3,t2,t4,t5,t6,t8,t10,t12,t14
t1,t4,t3,t6,t2,t5,t8,t10,t12,t14
t1,t3,t4,t2,t5,t6,t8,t10,t12,t13,t11,t13,t11,t14
t1,t4,t3,t2,t5,t6,t8,t10,t12,t14
t1,t4,t3,t6,t7,t2,t5,t6,t8,t9,t11,t13,t11,t13,t11,t14
t1,t4,t2,t3,t5,t6,t8,t9,t11,t14
t1,t4,t2,t3,t5,t6,t8,t9,t11,t13,t11,t13,t11,t14
t1,t4,t3,t2,t5,t6,t7,t6,t8,t10,t12,t14
t1,t3,t4,t2,t6,t5,t7,t6,t8,t10,t12,t13,t11,t13,t11,t14
t1,t2,t3,t4,t5,t6,t7,t6,t8,t10,t12,t13,t11,t14
t1,t2,t4,t6,t3,t5,t7,t6,t8,t9,t11,t13,t11,t13,t11,t13,t11,t14
t1,t4,t6,t3,t7,t2,t5,t6,t8,t9,t11,t14
t1,t3,t2,t4,t5,t6,t8,t9,t11,t13,t11,t14
t1,t2,t3,t5,t4,t6,t8,t10,t12,t14
t1,t3,t2,t5,t4,t6,t8,t9,t11,t14
t1,t2,t4,t6,t3,t5,t8,t9,t11,t13,t11,t13,t11,t13,t11,t13,t11,t13,t11,t14
t1,t4,t3,t6,t2,t5,t8,t9,t11,t13,t11,t14
t1,t4,t3,t6,t2,t5,t8,t10,t12,t14
t1,t3,t6,t2,t4,t5,t8,t10,t12,t14
t1,t3,t4,t6,t2,t5,t8,t10,t12,t14
t1,t2,t4,t6,t3,t7,t5,t6,t8,t9,t11,t13,t11,t14
t1,t4,t3,t2,t6,t5,t7,t6,t8,t10,t12,t14
t1,t4,t3,t6,t2,t5,t8,t10,t12,t13,t11,t14
t1,t4,t3,t2,t6,t5,t7,t6,t8,t10,t12,t13,t11,t13,t11,t14
t1,t4,t2,t6,t3,t5,t7,t6,t8,t10,t12,t13,t11,t14
t1,t4,t6,t2,t3,t5,t8,t10,t12,t13,t11,t13,t11,t13,t11,t14
t1,t3,t2,t5,t4,t6,t7,t6,t8,t10,t12,t13,t11,t13,t11,t13,t11,t14
t1,t2,t3,t5,t4,t6,t8,t9,t11,t14
t1,t3,t4,t2,t6,t5,t8,t9,t11,t14
t1,t4,t3,t6,t2,t7,t5,t6,t8,t9,t11,t13,t11,t13,t11,t13,t11,t13,t11,t14
t1,t2,t3,t4,t5,t6,t8,t10,t12,t13,t11,t14
t1,t4,t2,t3,t5,t6,t8,t9,t11,t13,t11,t13,t11,t13,t11,t14
t1,t3,t2,t5,t4,t6,t8,t9,t11,t13,t11,t14
t1,t3,t2,t5,t4,t6,t8,t10,t12,t13,t11,t14
t1,t3,t2,t4,t5,t6,t8,t9,t11,t14
t1,t4,t6,t2,t3,t7,t5,t6,t7,t6,t8,t10,t12,t14
t1,t3,t4,t2,t6,t5,t7,t6,t8,t9,t11,t14
t1,t4,t2,t3,t6,t5,t8,t9,t11,t14
t1,t6,t4,t2,t3,t5,t8,t10,t12,t13,t11,t13,t11,t14
t1,t2,t4,t6,t3,t7,t5,t6,t8,t9,t11,t13,t11,t14
t1,t2,t4,t6,t3,t7,t5,t6,t8,t9,t11,t14
t1,t4,t6,t2,t3,t5,t8,t10,t12,t13,t11,t14
t1,t4,t2,t3,t6,t5,t8,t9,t11,t13,t11,t13,t11,t13,t11,t14
t1,t3,t2,t4,t5,t6,t8,t9,t11,t13,t11,t14
t1,t3,t2,t5,t4,t6,t8,t9,t11,t14
t1,t2,t3,t5,t4,t6,t8,t9,t11,t14
t1,t4,t2,t3,t5,t6,t8,t9,t11,t13,t11,t14
t1,t4,t6,t3,t2,t7,t5,t6,t8,t10,t12,t14
t1,t3,t2,t4,t5,t6,t8,t9,t11,t14
t1,t4,t6,t2,t3,t7,t5,t6,t8,t9,t11,t14
t1,t3,t2,t5,t4,t6,t8,t9,t11,t14
t1,t3,t2,t5,t4,t6,t8,t9,t11,t14
t1,t2,t4,t3,t5,t6,t8,t10,t12,t13,t11,t14
t1,t3,t2,t4,t5,t6,t8,t10,t12,t14
t1,t2,t3,t4,t5,t6,t8,t10,t12,t14
t1,t3,t4,t2,t5,t6,t7,t6,t8,t10,t12,t13,t11,t14
t1,t3,t2,t5,t4,t6,t8,t10,t12,t14
t1,t4,t6,t3,t2,t5,t8,t9,t11,t14
t4,t3,t5,t6,t7,t6,t8,t9,t11,t13,t11,t14
t1,t4,t3,t2,t5,t6,t8,t9,t11,t14
t1,t4,t3,t2,t6,t5,t7,t6,t8,t10,t12,t14
t1,t4,t3,t6,t2,t5,t8,t9,t11,t14
t1,t4,t3,t2,t6,t5,t7,t6,t8,t10,t12,t13,t11,t13,t11,t14
t1,t4,t3,t2,t6,t5,t8,t10,t12,t13,t11,t14
t1,t2,t3,t4,t5,t6,t8,t10,t12,t14
t1,t3,t4,t6,t7,t2,t5,t6,t7,t6,t7,t6,t8,t9,t11,t14
t1,t4,t3,t6,t2,t5,t8,t9,t11,t13,t11,t13,t11,t13,t11,t14
t1,t2,t3,t4,t5,t6,t8,t9,t11,t13,t11,t13,t11,t14
t1,t2,t4,t3,t6,t5,t7,t6,t8,t9,t11,t13,t11,t13,t11,t14
t1,t4,t3,t6,t2,t7,t6,t5,t7,t6,t8,t10,t12,t13,t11,t13,t11,t13,t11,t14
t1,t2,t3,t4,t5,t6,t8,t10,t12,t13,t11,t14
t1,t4,t3,t2,t5,t6,t7,t6,t8,t10,t12,t14
t1,t2,t4,t3,t5,t6,t8,t10,t12,t14
t1,t3,t2,t5,t4,t6,t8,t9,t11,t14
t1,t4,t2,t6,t3,t5,t8,t10,t12,t14
t1,t2,t4,t6,t3,t5,t8,t10,t12,t13,t11,t13,t11,t14
t1,t4,t3,t6,t2,t5,t8,t9,t11,t13,t11,t14
t1,t3,t4,t2,t6,t5,t8,t10,t12,t14
t6,t3,t2,t4,t5,t1,t7,t6,t8,t9,t11,t13,t11,t14
t1,t3,t4,t6,t7,t6,t7,t2,t5,t6,t7,t6,t8,t10,t12,t14
t1,t3,t2,t5,t4,t6,t8,t9,t11,t14
t1,t3,t2,t5,t4,t6,t8,t10,t12,t13,t11,t13,t11,t14
t1,t4,t3,t6,t7,t2,t5,t6,t8,t10,t12,t13,t11,t13,t11,t13,t11,t13,t11,t13,t11,t14
t1,t2,t3,t4,t5,t6,t8,t10,t12,t14
t1,t2,t4,t3,t5,t6,t8,t10,t12,t14
t1,t2,t3,t4,t5,t6,t8,t10,t12,t14
t1,t3,t2,t5,t4,t6,t8,t9,t11,t13,t11,t14
t1,t2,t3,t4,t6,t5,t8,t9,t11,t13,t11,t14
t1,t3,t2,t4,t5,t6,t8,t9,t11,t13,t11,t14
t1,t2,t4,t3,t6,t5,t8,t10,t12,t14
t1,t4,t2,t6,t3,t5,t8,t10,t12,t13,t11,t14
t1,t2,t3,t4,t5,t6,t8,t10,t12,t13,t11,t13,t11,t14
t1,t2,t3,t5,t4,t6,t8,t10,t12,t13,t11,t14
t1,t2,t3,t5,t4,t6,t8,t9,t11,t13,t11,t14
t1,t3,t4,t2,t5,t6,t8,t9,t11,t13,t11,t14
t1,t3,t4,t6,t2,t5,t8,t9,t11,t14
t1,t3,t4,t6,t7,t2,t5,t6,t8,t10,t12,t13,t11,t14
t1,t3,t4,t2,t6,t5,t8,t10,t12,t13,t11,t14
t1,t3,t2,t4,t5,t6,t8,t10,t12,t13,t11,t13,t11,t13
t1,t4,t3,t6,t2,t5,t8,t10,t12,t13,t11,t14
t1,t2,t3,t5,t4,t6,t8,t10,t12,t14
t1,t2,t4,t3,t6,t5,t7,t6,t8,t10,t12,t13,t11,t13,t11,t13,t11,t14
t1,t2,t4,t3,t6,t5,t8,t10,t12,t13,t11,t13,t11,t13,t11,t14
t1,t4,t2,t3,t6,t5,t8,t9,t11,t14
t1,t4,t2,t6,t3,t5,t8,t10,t12,t13,t11,t14
t1,t4,t2,t3,t5,t6,t8,t9,t11,t13,t11,t14
t1,t4,t3,t2,t5,t6,t8,t10,t12,t14
t1,t4,t2,t6,t3,t5,t8,t10,t12,t14
t1,t2,t4,t3,t6,t5,t8,t10,t12,t14
t1,t4,t2,t3,t6,t5,t7,t6,t8,t9,t11,t14
t1,t3,t2,t4,t5,t6,t8,t9,t11,t14
t1,t2,t4,t3,t6,t5,t7,t6,t8,t10,t12,t14
t1,t3,t2,t5,t4,t6,t8,t9,t11,t14
t1,t4,t6,t3,t2,t5,t7,t6,t8,t9,t11,t13,t11,t13,t11,t13,t11,t14
t1,t4,t2,t6,t7,t6,t3,t5,t8,t9,t11,t13,t11,t13,t11,t13,t11,t14
t1,t4,t2,t6,t3,t5,t8,t10,t12,t14
t1,t2,t3,t5,t4,t6,t8,t9,t11,t14
t1,t2,t4,t6,t3,t5,t8,t9,t11,t14
t1,t3,t2,t5,t4,t12,t13,t11,t14
t1,t4,t3,t2,t6,t5,t7,t6,t7,t6,t7,t6,t8,t10,t12,t13,t11,t14
t1,t2,t3,t5,t4,t6,t8,t9,t11,t14
t1,t4,t2,t6,t3,t7,t5,t6,t8,t9,t11,t14
t1,t3,t2,t5,t4,t6,t8,t9,t11,t13,t11,t14
t1,t3,t2,t5,t4,t6,t8,t10,t12,t13,t11,t13,t11,t13,t11,t13,t11,t13,t11,t13,t11,t14
t1,t3,t4,t2,t5,t6,t8,t10,t12,t14
t1,t4,t6,t3,t2,t7,t5,t6,t8,t10,t12,t14
t1,t3,t4,t6,t2,t5,t7,t6,t8,t10,t12,t13,t11,t14
t1,t3,t2,t5,t4,t6,t8,t9,t11,t14
t1,t2,t4,t3,t6,t5,t8,t10,t12,t14
t1,t4,t3,t2,t6,t5,t8,t10,t12,t13,t11,t13,t11,t13,t11,t13,t11,t14
t1,t4,t2,t6,t7,t3,t5,t6,t8,t9,t11,t13,t11,t14
t1,t4,t2,t3,t5,t6,t8,t9,t11,t14
t1,t2,t4,t3,t5,t6,t8,t9,t11,t14
t1,t2,t4,t3,t6,t5,t8,t9,t11,t14
t1,t4,t2,t3,t6,t5,t7,t6,t8,t10,t12,t13,t11,t14
t1,t3,t4,t2,t6,t5,t8,t9,t11,t13,t11,t14
t1,t3,t4,t2,t6,t5,t8,t9,t11,t14
t1,t4,t3,t6,t2,t5,t8,t9,t11,t14
t1,t3,t2,t4,t6,t5,t7,t6,t8
t1,t2,t4,t6,t3,t5,t8,t9,t11,t14
t1,t4,t3,t2,t5,t6,t8,t9,t11,t14
t1,t2,t3,t5,t4,t6,t7,t6,t7,t6,t8,t10,t12,t13,t11,t13,t11,t14
t1,t3,t4,t2,t6,t5,t8,t9,t11,t13,t11,t14
t1,t4,t3,t2,t5,t6,t8,t10,t12,t14
t1,t4,t2,t6,t7,t3,t6,t5,t8,t10,t12,t14
t1,t4,t2,t3,t6,t5,t8,t10,t12,t14
t1,t4,t2,t6,t3,t5,t8,t10,t12,t13,t11,t13,t11,t13,t11,t13,t11,t14
t1,t4,t3,t2,t5,t6,t8,t9,t11,t13,t11,t14
t1,t4,t2,t6,t7,t6,t3,t7,t5,t6,t8,t9,t11,t14
t1,t2,t3,t4,t5,t6,t8,t9,t11,t13,t11,t14
t1,t3,t2,t4,t5,t6,t8,t10,t12,t13,t11,t14
t1,t3,t4,t6,t2,t7,t5,t6,t7,t6,t7,t6,t7,t6,t8,t10,t12,t14
t1,t2,t3,t5,t4,t6,t8,t9,t11,t14
t1,t2,t4,t3,t5,t6,t8,t10,t12,t14
t1,t4,t2,t3,t5,t6,t8,t9,t11,t13,t11,t13,t11,t14
t1,t2,t4,t6,t3,t5,t8,t10,t12,t14
t1,t2,t4,t3,t6,t5,t8,t10,t12,t14
t1,t3,t2,t5,t4,t6,t7,t6,t8,t10,t12,t13,t11,t14
t1,t2,t4,t3,t5,t8,t9,t11,t14
t1,t2,t4,t3,t6,t5,t7,t6,t8,t9,t11,t13,t11,t14
t1,t4,t3,t2,t6,t5,t7,t6,t8,t10,t12,t14
t1,t4,t2,t6,t3,t5,t8,t9,t11,t13,t11,t13,t11,t13,t11,t13,t11,t13,t11,t14
t1,t3,t4,t2,t5,t6,t8,t9,t11,t13,t11,t13,t11,t13,t11,t14
t1,t2,t4,t6,t7,t6,t3,t5,t8,t9,t11,t13,t11,t13,t11,t14
t1,t3,t2,t5,t4,t6,t8,t10,t12,t13,t11,t14
t1,t2,t3,t4,t5,t6,t8,t9,t11,t14
t1,t4,t6,t3,t2,t5,t7,t6,t8,t10,t12,t13,t11,t13,t11,t13,t11,t13,t11,t14
t1,t2,t4,t6,t3,t5,t8,t9,t11,t13,t11,t14
t1,t2,t3,t5,t4,t6,t8,t9,t11,t14
t1,t3,t2,t4,t5,t6,t8,t9,t11,t14
t1,t4,t3,t2,t5,t6,t8,t10,t12,t13,t11,t14
t1,t4,t6,t3,t7,t2,t5,t6,t8,t10,t12,t14
t1,t4,t3,t6,t2,t5,t7,t6,t8,t9,t11,t14
t1,t3,t4,t2,t5,t6,t8,t10,t12,t14
t1,t2,t4,t6,t3,t5,t8,t10,t12,t14
t1,t2,t4,t3,t6,t5,t8,t9,t11,t13,t11,t14
t1,t2,t4,t6,t3,t5,t7,t6,t7,t6,t8,t9,t11,t13,t11,t13,t11,t14
t1,t3,t2,t5,t4,t6,t8,t9,t11,t14
t2,t3,t5,t6,t8,t9,t11,t14
t1,t3,t2,t4,t5,t6,t8,t9,t11,t13,t11,t14
t1,t4,t3,t2,t5,t6,t8,t9,t11,t13,t11,t13,t11,t13,t11,t13,t11,t14
t1,t4,t3,t2,t5,t6,t8,t10,t12,t13,t11,t14
t1,t4,t2,t6,t7,t3,t6,t5,t8,t10,t12,t13,t11,t13,t11,t14
t1,t4,t3,t2,t5,t6,t8,t9,t11,t13,t11,t14
t1,t3,t2,t5,t4,t6,t8,t9,t11,t13,t11,t14
t1,t4,t2,t3,t6,t5,t7,t6,t7,t6,t8,t10,t12,t14
t1,t4,t6,t2,t7,t6,t7,t3,t5,t6,t8,t9,t11,t14
t1,t4,t3,t2,t5,t6,t8,t9,t11,t14
t1,t2,t4,t6,t3,t5,t8,t10,t12,t14
t1,t3,t2,t4,t5,t6,t7,t6,t8,t9,t11,t13,t11,t14
t1,t2,t4,t3,t6,t5,t8,t10,t12,t14
t1,t4,t2,t3,t6,t5,t8,t9,t11,t13,t11,t13,t11,t13,t11,t13,t11,t13,t11,t14
t1,t3,t2,t4,t5,t6,t8,t10,t12,t14
t1,t3,t4,t6,t7,t2,t5,t6,t8,t10,t12,t14
t1,t3,t2,t4,t5,t6,t8,t9,t11,t14
t1,t4,t3,t6,t7,t6,t2,t5,t8,t10,t12,t13,t11,t14
t1,t2,t4,t6,t3,t5,t8,t10,t12,t13,t11,t13,t11,t14
t1,t2,t4,t3,t6,t5,t8,t9,t11,t14
t1,t3,t4,t2,t6,t5,t7,t6,t8,t9,t11,t13,t11
t1,t4,t2,t6,t7,t3,t5,t6,t7,t6,t8,t9,t11,t13,t11,t14
t1,t4,t3,t2,t6,t5,t7,t6,t7,t6,t8,t9,t11,t13,t11,t13,t11,t14
t1,t2,t3,t4,t5,t6,t8,t10,t12,t13,t11,t14
t1,t2,t3,t5,t4,t6,t8,t9,t11,t14
t1,t4,t3,t6,t7,t2,t5,t6,t8,t10,t12,t14
t1,t3,t4,t6,t2,t7,t5,t6,t8,t9,t11,t13,t11,t13,t11,t14
t1,t4,t2,t6,t3,t5,t7,t6,t8,t10,t12,t14
t1,t4,t3,t2,t5,t6,t8,t9,t11,t14
t1,t2,t4,t6,t3,t7,t5,t6,t8,t10,t12,t14
t1,t4,t3,t2,t6,t5,t8,t9,t11,t14
t1,t3,t4,t6,t2,t5,t8,t9,t11,t13,t11,t14
t1,t4,t3,t6,t7,t2,t6,t5,t7,t6,t8,t9,t11,t14
t1,t2,t4,t6,t7,t3,t6,t5,t7,t6,t8,t10,t12,t13,t11,t13,t11,t13,t11,t13,t11,t14
t1,t3,t2,t5,t4,t6,t7,t6,t8,t9,t11,t13,t11,t13,t11,t14
t1,t3,t4,t6,t7,t6,t2,t5,t8,t9,t11,t13,t11,t13,t11,t13,t11,t13,t11,t14
t1,t4,t3,t2,t5,t6,t8,t9,t11,t14
t1,t3,t4,t2,t6,t5,t8,t9,t11,t14
t1,t3,t4,t2,t5,t6,t8,t10,t12,t13,t11,t13,t11,t13,t11,t13,t11,t13,t11,t13,t11,t14
t1,t4,t6,t3,t2,t5,t8,t10,t12,t13,t11,t13,t11,t13,t11,t13,t11,t13,t11,t13,t11,t14
t2,t5,t6,t8,t9,t11,t14
t1,t3,t4,t2,t5,t6,t8,t10,t12,t13,t11,t14
t1,t4,t3,t2,t6,t5,t8,t10,t12,t14
t1,t3,t4,t2,t5,t6,t8,t9,t11,t13,t11,t13,t11,t14
t1,t2,t4,t6,t3,t5,t7,t6,t8,t10,t12,t13,t11,t14
t1,t4,t3,t6,t2,t7,t6,t5,t8,t9,t11,t14
t1,t2,t4,t3,t6,t5,t8,t9,t11,t13,t11,t13,t11,t13,t11,t14
t1,t4,t3,t2,t5,t6,t7,t6,t8,t10,t12,t14
t1,t4,t2,t3,t6,t5,t8,t9,t11,t13,t11,t13,t11,t13,t11,t14
t1,t4,t2,t3,t5,t6,t7,t6,t8,t10,t12,t14
t1,t2,t3,t4,t5,t6,t8,t9,t11,t13,t11,t13,t11,t14
t1,t3,t2,t4,t5,t6,t8,t10,t12,t14
t1,t2,t4,t3,t5,t6,t8,t9,t11,t13,t11,t14
t1,t2,t3,t5,t4,t6,t8,t10,t12,t13,t11,t13,t11,t13,t11,t13,t11,t14
t1,t2,t3,t5,t4,t6,t7,t6,t8,t10,t12,t14
t1,t3,t4,t2,t5,t6,t8,t10,t12,t14
t1,t2,t3,t5,t4,t6,t8,t9,t11,t14
t1,t3,t4,t2,t5,t6,t8,t10,t12,t14
t1,t4,t3,t2,t5,t6,t8,t9,t11,t14
t1,t4,t3,t2,t5,t6,t8,t10,t12,t13,t11,t13,t11,t13,t11,t13,t11,t14
t7,t6,t3,t7,t5,t6,t8,t10,t12,t14
t1,t3,t2,t5,t4,t6,t8,t10,t12,t14
t1,t3,t4,t2,t5,t6,t8,t9,t11,t13,t11,t13,t11,t14
t1,t3,t2,t4,t5,t6,t8,t9,t11,t14
t1,t4,t3,t6,t2,t5,t8,t9,t11,t13,t11,t13,t11,t14
t1,t2,t3,t5,t4,t6,t8,t9,t11,t13,t11,t13,t11,t14
t1,t3,t2,t4,t5,t6,t8,t10,t12,t13,t11,t13,t11,t14
t1,t3,t2,t4,t5,t6,t8,t9,t11,t13,t11,t13,t11,t13,t11,t13,t11,t13,t11,t14
t1,t2,t4,t3,t5,t6,t8,t9,t11,t13,t11,t14
t1,t2,t4,t6,t3,t7,t5,t6,t8,t10,t12,t14
t1,t4,t2,t6,t7,t3,t5,t6,t7,t6,t8,t9,t11,t14
t1,t2,t3,t4,t5,t6,t8,t10,t12,t14
t1,t2,t4,t6,t7,t3,t6,t5,t8,t9,t11,t14
t1,t4,t3,t6,t2,t5,t7,t6,t8,t10,t12,t13,t11,t13,t11,t13,t11,t13,t11,t13,t11,t13,t11,t14
t1,t4,t3,t6,t7,t2,t6,t5,t8,t9,t11,t13,t11,t13,t11,t13,t11,t13,t11,t14
t1,t3,t2,t5,t4,t6,t8,t9,t11,t14
t1,t2,t3,t4,t5,t6,t8,t9,t11,t13,t11,t13,t11,t14
t1,t3,t2,t4,t5,t6,t8,t9,t11,t13,t11,t13,t11,t13,t11,t13,t11,t14
t1,t3,t4,t2,t5,t6,t7,t6,t8,t10,t12,t14
t1,t4,t2,t3,t6,t5,t8,t10,t12,t14
t1,t3,t2,t5,t4,t13,t11,t14
t1,t2,t3,t4,t5,t6,t8,t10,t12,t14
t1,t4,t6,t3,t2,t5,t8,t10,t12,t14
t1,t2,t4,t6,t3,t7,t5,t6,t8,t10,t12,t13,t11,t14
t1,t3,t4,t2,t6,t7,t5,t6,t8,t10,t12,t14
t1,t2,t3,t4,t5,t6,t8,t9,t11,t14
t1,t3,t4,t2,t6,t5,t8,t9,t11,t14
t1,t3,t2,t4,t5,t6,t8,t10,t12,t13,t11,t14
t1,t3,t2,t4,t5,t6,t8,t9,t11,t14
t1,t3,t2,t5,t4,t6,t7,t6,t8,t10,t12,t13,t11,t14
t1,t2,t3,t4,t5,t6,t8,t10,t12,t13,t11,t13,t11,t13,t11,t13,t11,t13,t11,t13,t11,t14
t1,t3,t2,t5,t4,t6,t8,t9,t11,t13,t11,t14
t1,t4,t3,t2,t5,t6,t8,t10,t12,t13,t11,t13,t11,t13,t11,t14
t1,t3,t4,t6,t7,t2,t5,t6,t8,t9,t11,t13,t11,t13,t11,t14
t1,t4,t3,t6,t2,t5,t8,t9,t11,t13,t11,t14
t1,t4,t2,t3,t5,t6,t8,t9,t11,t14
t1,t3,t4,t2,t5,t6,t8,t9,t11,t13,t11,t14
t1,t4,t6,t2,t3,t5,t7,t6,t8,t10,t12,t13,t11,t14
t1,t4,t2,t3,t6,t5,t7,t6,t7,t6,t8,t10,t12,t13,t11,t14
t1,t3,t4,t2,t5,t6,t8,t10,t12,t14
t1,t2,t3,t4,t5,t6,t8,t9,t11
t1,t2,t3,t4,t5,t6,t7,t6,t7,t6,t8,t9,t11,t14
t1,t2,t4,t3,t6,t5,t8,t9,t11,t13,t11,t14
t1,t2,t4,t6,t3,t5,t8,t10,t12,t13,t11,t14
t1,t2,t3,t5,t4,t6,t8,t10,t12,t13,t11,t14
t1,t2,t4,t3,t6,t5,t8,t10,t12,t14
t1,t4,t2,t6,t3,t5,t8,t10,t12,t13,t11,t14
t1,t2,t4,t6,t7,t3,t6,t5,t7,t6,t8,t10,t12,t14
t1,t4,t6,t3,t2,t5,t8,t9,t11,t14
t1,t4,t2,t3,t5,t6,t8,t9,t11,t13,t11,t13,t11,t13,t11,t13,t11,t13,t11,t13,t11,t13,t11,t13,t11,t13,t11,t13,t11,t14
t1,t2,t3,t5,t4,t6,t8,t9,t11,t13,t11,t13,t11,t14
t1,t3,t2,t5,t4,t6,t8,t9,t11,t13,t11,t13,t11,t13,t11,t13,t11,t13,t11,t14
t1,t3,t2,t5,t4,t6,t7,t6,t8,t10,t12,t14
t1,t3,t2,t5,t4,t6,t8,t10,t12,t13,t11,t13,t11,t14
t1,t4,t6,t7,t3,t2,t6,t5,t7,t6,t8,t9,t11,t14
t1,t4,t3,t2,t6,t5,t8,t9,t11,t14
t1,t2,t4,t6,t3,t5,t8,t10,t12,t13,t11,t14
t1,t2,t3,t5,t4,t6,t8,t10,t12,t13,t11,t13,t11,t14
t1,t3,t4,t2,t6,t5,t8,t9,t11,t13,t11,t14
t1,t2,t3,t5,t4,t6,t7,t6,t8,t10,t12,t13,t11,t14
t1,t3,t4,t2,t5,t6,t8,t13,t11,t13,t11,t14
t1,t4,t3,t6,t2,t5,t8,t9,t11,t14
t1,t2,t4,t3,t5,t6,t8,t10,t12,t13,t11,t13,t11,t14
t1,t3,t4,t2,t5,t6,t8,t10,t12,t14
t1,t2,t3,t5,t4,t6,t7,t6,t7,t6,t7,t6,t8,t9,t11,t13,t11,t14
t1,t4,t2,t3,t6,t5,t8,t9,t11,t14
t1,t3,t4,t6,t2,t5,t7,t6,t8,t10,t12,t14
t1,t3,t4,t2,t5,t6,t8,t9,t11,t13,t11,t14
t1,t3,t2,t5,t4,t6,t8,t9,t11,t14
t1,t2,t3,t5,t4,t6,t8,t9,t11,t14
t1,t2,t4,t3,t6,t7,t5,t6,t8,t10,t12,t14
t1,t3,t2,t4,t6,t5,t8,t10,t12,t14
t1,t3,t4,t2,t5,t6,t8,t9,t11,t13,t11,t14
t1,t3,t2,t4,t6,t5,t7,t6,t8,t9,t11,t14
t1,t3,t2,t5,t4,t6,t8,t10,t12,t14
t1,t3,t2,t5,t4,t6,t8,t10,t12,t14
t1,t3,t2,t4,t5,t6,t8,t10,t12,t13,t11,t14
t1,t3,t4,t2,t6,t5,t7,t6,t8,t10,t12,t14
t1,t2,t3,t4,t6,t5,t8,t9,t11,t14
t1,t2,t4,t3,t6,t7,t5,t6,t8,t10,t12,t13,t11,t14
t1,t4,t2,t3,t6,t7,t5,t6,t8,t9,t11,t14
t1,t3,t4,t2,t5,t6,t8,t9,t11,t14
t1,t4,t2,t3,t5,t6,t8,t9,t11,t13,t11,t13,t11,t14
t1,t4,t6,t2,t3,t5,t8,t10,t12,t14
t1,t4,t2,t6,t3,t5,t7,t6,t8,t9,t11,t13,t11,t14
t1,t4,t3,t2,t5,t6,t8,t9,t11,t13,t11,t14
t1,t2,t4,t3,t5,t6,t8,t10,t12,t14
t1,t2,t3,t4,t5,t6,t8,t9,t11,t14
t1,t4,t3,t2,t6,t5,t8,t10,t12,t14
t1,t2,t4,t6,t3,t5,t8,t10,t12,t13,t11,t13,t11,t14
t1,t2,t4,t3,t5,t6,t8,t10,t12,t13,t11,t13,t11,t13,t11,t14
t1,t2,t3,t5,t4,t6,t8,t10,t12,t13,t11,t13,t11,t13,t11,t13,t11,t14
t1,t2,t4,t3,t5,t6,t8,t10,t12,t14
t1,t3,t2,t5,t4,t6,t8,t10,t12,t13,t11,t13,t11,t14
t1,t2,t4,t3,t6,t5,t8,t10,t12,t14
t1,t2,t4,t3,t5,t6,t8,t10,t12,t14
t1,t2,t4,t3,t6,t5,t7,t6,t8,t10,t12,t14
t1,t4,t6,t2,t7,t3,t5,t6,t8,t9,t11,t13,t11,t13,t11,t13,t11,t14
t1,t3,t4,t2,t6,t5,t8,t10,t12,t13,t11,t14
t1,t3,t2,t5,t4,t6,t8,t9,t11,t13,t11,t13,t11,t13,t11,t14
t1,t2,t7,t5,t4,t6,t3,t6,t8,t10,t12,t14
t1,t2,t3,t5,t4,t6,t8,t10,t12,t14
t1,t2,t4,t3,t5,t6,t8,t10,t12,t14
t1,t2,t3,t5,t4,t6,t8,t9,t11,t14
t1,t3,t2,t4,t6,t5,t8,t9,t11,t14
t1,t4,t3,t2,t5,t6,t8,t10,t12,t14
t1,t2,t4,t3,t6,t5,t7,t6,t7,t6,t8,t9,t11,t14
t1,t2,t3,t5,t4,t6,t7,t6,t7,t6,t8,t10,t12,t13,t11,t13,t11,t13,t11,t14
t1,t2,t4,t3,t6,t5,t8,t10,t12,t13,t11,t13,t11,t13,t11,t14
t1,t2,t3,t5,t4,t6,t8,t9,t11,t14
t1,t3,t4,t2,t5,t6,t8,t9,t11,t13,t11,t14
t1,t2,t4,t3,t5,t6,t8,t10,t12,t14
t1,t2,t3,t5,t4,t6,t8,t10,t12,t13,t11,t14
t1,t3,t2,t4,t5,t6,t8,t9,t11,t14
t1,t3,t2,t5,t4,t6,t8,t10,t12,t14
t1,t4,t2,t3,t5,t6,t8,t9,t11,t14
t1,t4,t2,t6,t7,t3,t5,t6,t7,t6,t8,t9,t11,t14
t1,t3,t2,t5,t4,t6,t8,t10,t12,t13,t11,t14
t1,t4,t3,t2,t6,t5,t8,t10,t12,t13,t11,t14
t1,t3,t2,t5,t4,t6,t8,t9,t11,t14
t3,t2,t6,t5,t8,t10,t12,t14
t1,t2,t4,t6,t3,t5,t8,t9,t11,t13,t11,t14
t1,t2,t3,t5,t4,t6,t8,t9,t11,t14
t1,t4,t3,t2,t5,t6,t8,t10,t12,t13,t11,t13,t11,t14
t1,t3,t4,t6,t7,t2,t6,t5,t7,t6,t8,t10,t12,t13,t11,t13,t11,t14
t1,t3,t4,t6,t2,t5,t8,t10,t12,t13,t11,t14
t1,t4,t6,t2,t3,t5,t8,t9,t11,t14
t1,t2,t4,t3,t5,t6,t8,t10,t12,t13,t11,t14
t1,t2,t3,t4,t5,t6,t8,t10,t12,t13,t11,t14
t1,t3,t2,t4,t5,t6,t8,t10,t12,t14
t1,t4,t2,t6,t3,t7,t5,t6,t7,t6,t8,t10,t12,t13,t11,t14
t1,t3,t2,t5,t4,t6,t8,t9,t11,t13,t11,t13,t11,t13,t11,t14
t1,t2,t3,t5,t4,t6,t8,t9,t11,t13,t11,t14
t1,t4,t2,t3,t5,t6,t8,t9,t11,t14
t1,t3,t2,t4,t6,t5,t8,t9,t11,t14
t1,t4,t3,t2,t5,t6,t8,t9,t11,t13,t11,t14
t1,t4,t6,t2,t3,t5,t8,t9,t11,t13,t11,t14
t1,t4,t3,t6,t2,t5,t8,t9,t11,t13,t11,t14
t1,t3,t4,t2,t5,t6,t8,t9,t11,t14
t1,t2,t3,t4,t6,t5,t8,t9,t11,t14
t1,t4,t3,t2,t6,t8,t10,t12,t14
t1,t3,t2,t4,t5,t6,t8,t9,t11,t14
t1,t4,t3,t6,t2,t5,t8,t10,t12,t13,t11,t14
t1,t3,t4,t2,t5,t6,t8,t10,t12,t14
t1,t2,t4,t3,t6,t5,t8,t9,t11,t13,t11,t14
t1,t3,t2,t4,t5,t6,t7,t6,t8,t10,t12,t13,t11,t14
t1,t3,t4,t2,t5,t6,t8,t9,t11,t13,t11,t14
t1,t4,t2,t6,t7,t3,t6,t5,t8,t10,t12,t13,t11,t13,t11,t14
t1,t2,t3,t4,t5,t6,t8,t10,t12,t13,t11,t14
t1,t4,t6,t3,t7,t2,t5,t6,t8,t9,t11,t14
t1,t4,t2,t6,t3,t5,t7,t6,t8,t10,t12,t13,t11,t14
t1,t4,t2,t3,t5,t6,t8,t10,t12,t14
t1,t2,t3,t4,t5,t6,t8,t10,t12,t13,t11,t14
t1,t4,t6,t2,t3,t5,t8,t9,t11,t14
t1,t2,t4,t6,t3,t7,t5,t6,t8,t10,t12,t14
t1,t2,t3,t4,t5,t6,t8,t10,t12,t14
t1,t4,t2,t3,t6,t5,t8,t9,t11,t14
t1,t4,t2,t3,t6,t5,t7,t6,t7,t6,t7,t6,t8,t10,t12,t14
t1,t2,t4,t6,t7,t6,t3,t5,t7,t6,t8,t9,t11,t14
t1,t4,t3,t6,t7,t6,t2,t5,t8,t9,t11,t14
t1,t2,t4,t3,t5,t6,t8
t1,t4,t2,t3,t6,t5,t8,t9,t11,t14
t1,t2,t4,t3,t5,t6,t8,t9,t11,t13,t11,t13,t11,t14
t1,t3,t2,t5,t4,t6,t8,t9,t11,t14
t1,t2,t4,t3,t5,t6,t8,t9,t11,t13,t11,t14
t1,t2,t3,t4,t5,t6,t8,t10,t12,t13,t11,t14
t1,t4,t6,t3,t7,t6,t2,t5,t8,t9,t11,t14
t1,t4,t3,t6,t7,t2,t6,t5,t7,t6,t8,t10,t12,t13,t11,t14
t1,t2,t4,t6,t3,t5,t8,t9,t11,t13,t11,t13,t11,t14
t1,t2,t4,t3,t5,t6,t8,t9,t11,t13,t11,t14
t1,t2,t3,t4,t5,t6,t8,t9,t11,t14
t1,t2,t3,t4,t5,t6,t7,t6,t7,t6,t7,t6,t8,t9,t11,t13,t11,t14
t1,t4,t2,t3,t5,t6,t8,t9,t11,t13,t11,t14
t1,t4,t2,t3,t5,t6,t8,t10,t12,t13,t11,t13,t11,t14
t1,t2,t3,t5,t4,t6,t8,t9,t11,t14
t1,t2,t4,t3,t5,t6,t7,t6,t8,t9,t11,t14
t1,t2,t4,t3,t6,t5,t7,t6,t8,t9,t11,t13,t11,t14
t1,t4,t3,t2,t5,t6,t8,t9,t11,t14
t1,t3,t2,t5,t4,t6,t8,t10,t12,t14
t1,t2,t3,t5,t4,t6,t8,t9,t11,t13,t11,t13,t11,t14
t1,t2,t3,t11,t5,t6,t8,t10,t12,t13,t4,t14
t1,t4,t2,t3,t5,t6,t8,t10,t12,t14
t1,t2,t3,t4,t5,t6,t8,t9,t11,t13,t11,t14
t1,t3,t2,t4,t5,t6,t8,t9,t11,t13,t11,t13,t11,t14
t1,t2,t3,t5,t4,t6,t8,t10,t12,t13,t11,t14
t1,t3,t2,t5,t4,t6,t8,t9,t11,t13,t11,t13,t11,t14
t1,t3,t4,t2,t5,t6,t8,t9,t11,t14
t1,t3,t2,t5,t4,t6,t8,t9,t11,t13,t11,t14
t1,t3,t2,t4,t5,t6,t8,t9,t11,t14
t1,t2,t3,t4,t5,t6,t8,t9,t11,t14
t1,t3,t4,t6,t7,t2,t5,t6,t8,t9,t11,t13,t11,t13,t11,t13,t11,t14
t1,t3,t4,t6,t2,t5,t7,t6,t8,t10,t12,t13,t11,t14
t1,t3,t4,t2,t5,t6,t8,t10,t12,t13,t11,t13,t11,t14
t1,t4,t3,t2,t5,t6,t8,t10,t12,t13,t11,t14
t1,t2,t4,t3,t5,t6,t8,t9,t11,t13,t11,t13,t11,t13,t11,t13,t11,t13,t11,t13,t11,t14
t1,t2,t3,t5,t4,t6,t8,t9,t11,t13,t11,t14
t1,t4,t3,t6,t2,t5,t8,t9,t11,t13,t11,t14
t1,t2,t4,t6,t7,t3,t6,t5,t7,t6,t8,t10,t12,t14
t1,t4,t6,t3,t2,t5,t8,t9,t11,t13,t11,t13,t11,t13,t11,t14
t1,t2,t4,t3,t5,t6,t8,t9,t11,t13,t11,t13,t11,t13,t11,t13,t11,t14
t1,t2,t4,t5,t3,t6,t8,t9,t11,t14
t1,t2,t4,t3,t6,t5,t8,t10,t12,t13,t11,t13,t11,t13,t11,t14
t1,t2,t3,t4,t5,t6,t8,t9,t11,t14
t1,t4,t2,t3,t5,t6,t8,t9,t11,t13,t11,t14
t1,t4,t3,t6,t2,t5,t8,t10,t12,t14
t1,t3,t2,t5,t4,t6,t8,t9,t11,t13,t11,t13,t11,t13,t11,t14
t1,t2,t4,t6,t3,t7,t5,t6,t8,t10,t12,t13,t11,t13,t11,t14
t1,t2,t4,t6,t3,t5,t8,t10,t12,t14
t1,t3,t4,t2,t6,t5,t8,t9,t11,t13,t11,t14
t1,t3,t2,t4,t6,t5,t8,t9,t11,t13,t11,t14
t1,t4,t3,t6,t7,t2,t6,t5,t8,t10,t12,t13,t11,t14
t1,t3,t2,t4,t5,t6,t8,t9,t11,t14
t1,t2,t4,t3,t6,t5,t8,t10,t12,t14
t1,t4,t2,t6,t3,t7,t5,t6,t7,t6,t8,t10,t12,t13,t11,t14
t1,t4,t2,t3,t6,t5,t8,t9,t11,t14
t1,t4,t2,t3,t6,t5,t8,t9,t11,t14
t1,t3,t4,t2,t5,t6,t8,t9,t11,t14
t1,t4,t3,t6,t2,t5,t8,t9,t11,t14
t1,t4,t2,t6,t3,t5,t7,t6,t8,t9,t11,t13,t11,t13,t11,t14
t1,t2,t4,t3,t6,t5,t8,t10,t12,t13,t11,t13,t11,t13,t11,t14
t4,t3,t5,t6,t8,t10,t12,t14
t1,t3,t4,t2,t6,t5,t7,t6,t8,t10,t12,t13,t11,t14
t1,t3,t4,t2,t6,t5,t7,t6,t8,t10,t12,t13,t11,t14
t1,t2,t3,t5,t4,t6,t8,t10,t12,t14
t1,t4,t3,t6,t2,t5,t8,t10,t12,t14
t1,t2,t4,t6,t7,t3,t6,t5,t8,t9,t11,t14
t1,t4,t2,t6,t3,t5,t8,t10,t12,t13,t11,t13,t11,t13,t11,t13,t11,t14
t1,t4,t2,t3,t6,t5,t8,t9,t11,t14
t1,t4,t3,t6,t2,t5,t7,t6,t8,t10,t12,t14
t1,t2,t3,t5,t4,t6,t8,t9,t11,t13,t11,t14
t1,t4,t3,t2,t6,t5,t8,t9,t11,t13,t11,t14
t1,t4,t2,t3,t5,t6,t8,t10,t12,t14
t1,t2,t3,t5,t4,t6,t8,t10,t12,t14
t1,t4,t2,t3,t6,t5,t8,t10,t12,t13,t11,t14
t1,t2,t4,t6,t3,t5,t7,t6,t8,t9,t11,t13,t11,t14
t1,t2,t3,t5,t4,t6,t8,t9,t11,t14
t1,t2,t4,t3,t5,t6,t8,t9,t11,t13,t11,t13,t11,t13,t11,t13,t11,t13,t11,t14
t1,t4,t2,t6,t7,t6,t7,t6,t7,t3,t6,t5,t7,t6,t7,t6,t8,t9,t11,t14
t1,t2,t3,t5,t4,t6,t8,t9,t11,t13,t11,t13,t11,t14
t1,t3,t4,t2,t6,t5,t8,t9,t11,t13,t11,t13,t11,t13,t11,t13,t11,t14
t2,t4,t5,t6,t8,t10,t12,t14
t1,t3,t4,t2,t5,t6,t8,t10,t12,t14
t1,t2,t4,t3,t5,t6,t8,t9,t11,t14
t1,t4,t3,t6,t7,t2,t6,t5,t8,t10,t12,t14
t1,t3,t4,t2,t5,t6,t8,t10,t12,t14
t1,t4,t2,t3,t6,t5,t7,t6,t8,t10,t12,t13,t11,t13,t11,t14
t1,t3,t2,t5,t4,t6,t8,t9,t11,t14
t1,t3,t4,t6,t7,t2,t6,t5,t8,t10,t12,t13,t11,t13,t11,t13,t11,t14
t1,t2,t4,t3,t5,t6,t8,t10,t12,t14
t1,t4,t2,t6,t3,t7,t5,t6,t8,t9,t11,t14
t1,t4,t6,t3,t7,t2,t6,t5,t8,t9,t11,t13,t11,t14
t1,t4,t3,t2,t5,t6,t8,t10,t12,t14
t1,t2,t3,t5,t4,t6,t7,t6,t8,t9,t11,t13,t11,t14
t1,t3,t4,t6,t7,t2,t6,t5,t8,t10,t12,t14
t1,t4,t2,t6,t3,t5,t8,t9,t11,t14
t1,t2,t3,t4,t6,t5,t8,t9,t11,t13,t11,t14
t1,t4,t2,t3,t5,t6,t8,t9,t11,t14
t1,t3,t4,t2,t5,t6,t8,t10,t12,t14
t1,t4,t6,t2,t7,t3,t5,t6,t8,t9,t11,t13,t11,t14
t1,t4,t6,t2,t3,t5,t8,t9,t11,t13,t11,t14
t3,t4,t2,t5,t6,t8,t9,t11,t13,t11,t14
t1,t2,t3,t4,t5,t6,t8,t9,t11,t13,t11,t14
t1,t3,t4,t2,t6,t5,t8,t10,t12,t14
t1,t3,t4,t2,t5,t6,t8,t9,t11,t14
t1,t4,t2,t3,t6,t5,t7,t6,t8,t9,t11,t14
t1,t3,t2,t4,t5,t6,t8,t10,t12,t13,t11,t14
t1,t2,t3,t5,t4,t6,t8,t10,t12,t14
t1,t4,t6,t2,t3,t5,t8,t9,t11,t13,t11,t14
t1,t3,t2,t4,t5,t6,t8,t10,t12,t14
t1,t3,t2,t4,t5,t6,t7,t6,t8,t10,t12,t13,t11,t13,t11,t13,t11,t14
t1,t3,t2,t5,t4,t6,t8,t10,t12,t13,t11,t13,t11,t14
t1,t3,t2,t5,t4,t6,t8,t10,t12,t13,t11,t14
t1,t4,t3,t6,t2,t5,t7,t6,t8,t10,t12,t14
t1,t2,t4,t3,t6,t5,t8,t9,t11,t13,t11,t13,t11,t13,t11,t14
t1,t4,t2,t3,t6,t5,t8,t9,t11,t14
t1,t3,t4,t2,t5,t6,t8,t9,t11,t13,t11,t14
t1,t4,t2,t3,t6,t5,t8,t10,t12,t14
t1,t4,t2,t3,t5,t6,t8,t9,t11,t14
t1,t3,t2,t4,t5,t6,t8,t9,t11,t14
t1,t4,t3,t2,t6,t5,t8,t9,t11,t13,t11,t13,t11,t13,t11,t13,t11,t14
t5,t4,t6,t7,t6,t8,t10,t12,t13,t11,t14
t1,t3,t2,t4,t5,t6,t8,t9,t11,t14
t1,t4,t3,t6,t2,t7,t5,t6,t8,t9,t11,t13,t11,t14
t1,t4,t2,t3,t5,t6,t8,t9,t11,t13,t11,t14
t1,t4,t3,t2,t6,t5,t7,t6,t8,t9,t11,t14
t1,t2,t4,t6,t7,t3,t6,t5,t8,t9,t11,t13,t11,t14
t1,t2,t3,t4,t6,t5,t7,t6,t8,t10,t12,t14
t1,t3,t2,t4,t5,t6,t8,t9,t11,t13,t11,t13,t11,t14
t1,t3,t4,t6,t2,t7,t5,t6,t8,t10,t12,t13,t11,t13,t11,t14
t1,t4,t6,t3,t7,t2,t5,t6,t8,t10,t12,t13,t11,t13,t11,t13,t11,t13,t11,t14
t1,t2,t3,t5,t4,t6,t8,t9,t11,t13,t11,t13,t11,t13,t11,t14
t1,t3,t2,t4,t6,t5,t7,t6,t8,t9,t11,t13,t11,t14
t1,t4,t6,t2,t3,t5,t8,t9,t11,t13,t11,t13,t11,t13,t11,t14
t1,t3,t2,t5,t4,t6,t8,t10,t12,t14
t1,t4,t3,t2,t5,t6,t8,t9,t11,t13,t11,t14
t1,t2,t3,t4,t5,t6,t8,t9,t11,t14
t1,t3,t2,t5,t4,t6,t8,t10,t12,t13,t11,t13,t11,t14
t1,t2,t4,t3,t6,t5,t8,t10,t12,t13,t11,t13,t11,t13,t11,t13,t11,t14
t1,t4,t3,t6,t2,t7,t5,t6,t8,t9,t11,t14
t1,t3,t4,t6,t2,t5,t8,t10,t12,t14
t1,t2,t3,t5,t4,t6,t11,t13,t11,t14
t1,t4,t3,t6,t7,t2,t5,t6,t8,t9,t11,t13,t11,t13,t11,t13,t11,t14
t1,t4,t2,t6,t3,t5,t8,t9,t11,t13,t11,t13,t11,t14
t1,t4,t2,t3,t6,t5,t8,t10,t12,t14
t1,t4,t3,t2,t5,t6,t8,t10,t12,t14
t1,t3,t2,t5,t4,t6,t8,t10,t12,t13,t11,t14
t1,t3,t2,t4,t5,t6,t8,t9,t11,t14
t1,t3,t4,t2,t5,t6,t8,t9,t11,t14
t1,t3,t4,t2,t5,t6,t8,t9,t11,t13,t11,t14
t1,t4,t2,t3,t5,t6,t8,t10,t12,t13,t11,t14
t1,t2,t4,t6,t3,t5,t8,t9,t11,t13,t11,t13,t11,t13,t11,t14
t1,t3,t4,t2,t5,t6,t8,t9,t11,t14
t1,t2,t3,t4,t5,t6,t8,t10,t12,t13,t11,t13,t11,t13,t11,t13,t11,t13,t11,t14
t1,t2,t3,t5,t4,t6,t8,t10,t12,t14
t1,t2,t4,t3,t6,t5,t8,t9,t11,t13,t11,t13,t11,t13,t11,t13,t11,t13,t11,t13,t11,t13,t11,t13,t11,t14
t1,t3,t2,t5,t4,t6,t8,t10,t12,t14
t1,t3,t2,t4,t5,t6,t8,t10,t12,t13,t11,t13,t11,t14
t1,t3,t4,t6,t2,t7,t5,t6,t8,t10,t12,t14
t1,t2,t3,t4,t5,t6,t8,t10,t12,t14
t1,t4,t2,t3,t5,t6,t8,t9,t11,t14
t7,t6,t8,t10,t12,t13,t11,t13,t11,t13,t11,t14
t1,t2,t4,t3,t5,t6,t8,t9,t11,t13,t11,t13,t11,t13,t11,t14
t1,t4,t2,t3,t6,t5,t8,t9,t11,t14
t1,t2,t3,t4,t5,t6,t8,t9,t11,t14
t1,t2,t3,t4,t5,t6,t8,t10,t12,t14
t1,t2,t4,t3,t5,t6,t7,t6,t8,t10,t12,t13,t11,t13,t11,t13,t11,t14
t1,t3,t2,t5,t4,t6,t7,t6,t8,t10,t12,t13,t11,t14
t1,t2,t3,t5,t4,t6,t8,t9,t11,t13,t11,t13,t11,t13,t11,t13,t11,t14
t1,t2,t4,t3,t6,t5,t7,t6,t8,t9,t11,t13,t11,t14
t1,t2,t3,t5,t4,t6,t8,t9,t11,t14
t1,t2,t3,t4,t5,t6,t8,t9,t11,t14
t1,t2,t4,t6,t3,t5,t8,t9,t11,t13,t11,t14
t1,t4,t3,t2,t6,t5,t8,t9,t11,t14
t1,t3,t2,t4,t5,t6,t8,t10,t12,t14
t1,t3,t4,t2,t6,t5,t8,t9,t11,t13,t11,t13,t11,t13,t11,t13,t11,t14
t1,t4,t2,t6,t3,t5,t8,t10,t12,t14
t1,t4,t3,t2,t6,t5,t8,t10,t12,t13,t11,t13,t11,t13,t11,t13,t11,t14
t1,t4,t2,t3,t5,t6,t8,t10,t12,t13,t11,t14
t1,t2,t3,t4,t5,t6,t8,t10,t12,t13,t11,t13,t11,t13,t11,t14
t1,t4,t3,t2,t6,t5,t8,t10,t12,t13,t11,t14
t1,t2,t4,t6,t3,t7,t6,t5,t7,t6,t8,t10,t12,t13,t11,t14
t1,t3,t4,t2,t5,t6,t8,t9,t11,t14
t1,t4,t3,t6,t2,t5,t8,t10,t12,t14
t1,t4,t2,t3,t6,t5,t7,t6,t8,t9,t11,t14
t1,t3,t4,t6,t2,t5,t8,t10,t12,t13,t11,t14
t1,t2,t4,t6,t3,t5,t8,t9,t11,t13,t11,t14
t1,t4,t3,t2,t5,t6,t8,t9,t11,t13,t11,t13,t11,t13,t11,t13,t11,t13,t11,t13,t11,t13,t11,t14
t1,t3,t4,t2,t6,t5,t8,t10,t12,t13,t11,t13,t11,t14
t1,t4,t2,t6,t3,t5,t8,t10,t12,t14
t1,t4,t2,t3,t6,t5,t8,t10,t12,t13,t11,t14
t1,t3,t4,t6,t2,t5,t7,t6,t8,t9,t11,t14
t1,t2,t4,t3,t5,t6,t8,t9,t11,t13,t11,t14
t1,t2,t3,t5,t4,t6,t8,t10,t12,t13,t11,t13,t11,t13,t11,t14
t1,t3,t2,t5,t4,t6,t8,t10,t12,t14
t1,t2,t3,t5,t4,t6,t8,t9,t11,t13,t11,t14
t1,t3,t4,t2,t5,t6,t8,t10,t12,t14
t1,t2,t4,t3,t5,t6,t8,t9,t11,t14
t1,t2,t4,t6,t3,t5,t8,t10,t12,t13,t11,t13,t11,t13,t11,t13,t11,t14
t1,t2,t4,t3,t5,t6,t7,t6,t7,t6,t8,t10,t12,t14
t1,t4,t2,t6,t3,t5,t8,t10,t12,t14
t1,t4,t2,t3,t6,t5,t8,t9,t11,t13,t11
t1,t4,t3,t2,t5,t6,t8,t9,t11,t13,t11,t14
t1,t2,t3,t4,t5,t6,t8,t9,t11,t14
t1,t2,t3,t5,t4,t6,t8,t10,t12,t13,t11,t14
t1,t3,t2,t4,t5,t6,t8,t9,t11,t13,t11,t14
t1,t2,t4,t3,t5,t6,t8,t10,t12,t13,t11,t13,t11,t14
t1,t3,t4,t6,t2,t5,t8,t10,t12,t14
t1,t3,t2,t5,t4,t6,t7,t6,t8,t9,t11,t13,t11,t14
t1,t3,t4,t2,t5,t6,t8,t9,t11,t13,t11,t13,t11,t14
t1,t3,t2,t4,t5,t6,t8,t10,t12,t13,t11,t14
t1,t3,t4,t2,t6,t7,t5,t6,t8,t9,t11,t13,t11,t13,t11,t14
t1,t2,t3,t4,t5,t6,t8,t9,t11,t13,t11,t13,t11,t13,t11,t13,t11,t13,t11,t13,t11,t14
t1,t4,t2,t6,t7,t3,t5,t6,t7,t6,t8,t9,t11,t13,t11,t14
t1,t2,t3,t4,t5,t6,t8,t9,t11,t14
t1,t2,t3,t4,t5,t6,t8,t9,t11,t13,t11,t14
t1,t2,t3,t5,t4,t6,t7,t6,t8,t10,t12,t14
t1,t3,t2,t5,t4,t6,t7,t6,t8,t9,t11,t14
t1,t4,t3,t6,t2,t5,t8,t10,t12,t13,t11,t13,t11,t14
t1,t4,t2,t3,t5,t6,t8,t9,t11,t14
t1,t2,t4,t6,t3,t5,t8,t9,t11,t13,t11,t14
t1,t4,t2,t6,t3,t7,t5,t6
t1,t3,t2,t5,t4,t6,t8,t10,t12,t13,t11,t13,t11,t14
t1,t4,t6,t3,t2,t5,t8,t9,t11,t14
t1,t4,t3,t2,t6,t5,t7,t6,t7,t6,t8,t9,t11,t13,t11,t14
t1,t3,t4,t2,t6,t5,t7,t6,t8,t10,t12,t14
t1,t4,t2,t3,t6,t5,t8,t10,t12,t13,t11,t13,t11,t14
t1,t4,t2,t3,t5,t6,t8,t9,t11,t14
t1,t2,t4,t3,t5,t6,t8,t10,t12,t13,t11,t14
t1,t3,t2,t4,t5,t6,t8,t9,t11,t13,t11,t13,t11,t13,t11,t14
t1,t3,t2,t4,t5,t6,t8,t10,t12,t13,t11,t14
t1,t3,t2,t4,t6,t5,t8,t9,t11,t13,t11,t13,t11,t13,t11,t14
t1,t3,t2,t4,t5,t6,t8,t10,t12,t14
t1,t2,t3,t5,t4,t6,t8,t10,t12,t14
t1,t4,t3,t6,t2,t5,t8,t9,t11,t14
t1,t3,t2,t4,t5,t6,t8,t9,t11,t14
t1,t2,t4,t6,t7,t3,t5,t6,t8,t9,t11,t14
t1,t4,t6,t2,t3,t5,t8,t10,t12,t14
t1,t4,t6,t2,t7,t3,t6,t5,t7,t6,t7,t6,t8,t10,t12,t13,t11,t14
t1,t3,t2,t4,t5,t6,t8,t9,t11,t13,t11,t14
t1,t3,t4,t2,t5,t6,t7,t6,t8,t9,t11,t13,t11,t13,t11,t14
t1,t3,t4,t10,t6,t5,t7,t6,t8,t2,t12,t14
t1,t3,t4,t2,t5,t6,t8,t9,t11,t13,t11,t14
t1,t4,t6,t2,t7,t6,t7,t6,t3,t5,t8,t9,t11,t13,t11,t13,t11,t14
t1,t2,t3,t4,t5,t6,t8,t9,t11,t14
t1,t4,t3,t6,t2,t5,t8,t10,t12,t13,t11,t14
t1,t3,t4,t6,t2,t5,t8,t9,t11,t13,t11,t14
t1,t4,t2,t6,t3,t5,t8,t9,t11,t13,t11,t14
t1,t2,t3,t4,t5,t6,t8,t10,t12,t14
t1,t3,t2,t5,t4,t6,t8,t9,t11,t14
t1,t3,t2,t4,t5,t6,t8,t10,t12,t14
t1,t3,t2,t4,t5,t6,t8,t10,t12,t13,t11,t14
t1,t2,t3,t5,t4,t6,t8,t9,t11,t13,t11,t13,t11,t14
t1,t4,t2,t3,t6,t5,t8,t9,t11,t14
t1,t2,t3,t4,t5,t6,t8,t9,t11,t14
t1,t2,t3,t5,t4,t6,t8,t10,t12,t13,t11,t13,t11,t14
t1,t4,t2,t6,t3,t7,t5,t6,t8,t9,t11,t13,t11,t14
t1,t3,t4,t2,t5,t6,t8,t9,t11,t14
t1,t3,t2,t5,t4,t6,t8,t9,t11,t14
t1,t3,t2,t4,t5,t6,t8,t9,t11,t13,t11,t14
t1,t4,t6,t3,t2,t5,t8,t9,t11,t14
t1,t2,t3,t5,t4,t6,t8,t13,t11,t13,t11,t14
t1,t4,t6,t3,t7,t2,t6,t5,t8,t9,t11,t13,t11,t14
t1,t3,t4,t6,t2,t5,t8,t9,t11,t13,t11,t13,t11,t13,t11,t13,t11,t13,t11,t14
t1,t2,t4,t3,t5,t6,t8,t9,t11,t13,t11,t14
t1,t2,t3,t5,t4,t6,t8,t9,t11,t14
t1,t2,t3,t5,t4,t6,t8,t10,t12,t13,t11,t13,t11,t13,t11,t14
t1,t3,t2,t5,t4,t6,t8,t10,t12,t13,t11,t13,t11,t14
t1,t3,t4,t2,t6,t5,t8,t10,t12,t14
t1,t3,t2,t5,t4,t6,t8,t10,t12,t14
t1,t4,t3,t6,t2,t5,t8,t9,t11,t14
t1,t4,t3,t6,t7,t2,t5,t6,t8,t10,t12,t13,t11,t14
t1,t3,t2,t4,t6,t5,t8,t10,t12,t13,t11,t13,t11,t13,t11,t13,t11,t14
t1,t4,t3,t6,t2,t5,t8,t10,t12,t13,t11,t14
t1,t4,t3,t2,t5,t6,t8,t9,t11,t13,t11,t14
t1,t2,t3,t5,t4,t6,t8,t10,t12,t13,t11,t14
t1,t4,t3,t2,t6,t5,t8,t9,t11,t13,t11,t14
t1,t3,t4,t2,t5,t6,t8,t10,t12,t14
t1,t4,t6,t2,t7,t6,t3,t7,t6,t5,t8,t9,t11,t13,t11,t13,t11,t13,t11,t14
t1,t3,t4,t2,t5,t6,t8,t10,t12,t13,t11,t13,t11,t13,t11,t13,t11,t13,t11,t13,t11,t13,t11,t14
t1,t2,t4,t6,t3,t5,t7,t6,t7,t6,t8,t9,t11,t13,t11,t14
t3,t2,t5,t4,t6,t8,t9,t11,t13,t11,t13,t11,t14
t1,t4,t3,t2,t6,t5,t7,t6,t8,t10,t12,t14
t1,t3,t2,t5,t4,t6,t8,t10,t12,t14
t1,t2,t4,t3,t5,t6,t8,t10,t12,t14
t1,t4,t3,t2,t6,t5,t8,t10,t12,t14
t1,t4,t3,t2,t5,t6,t8,t9,t11,t13,t11,t13,t11,t13,t11,t13,t11,t14
t1,t3,t2,t4,t5,t6,t8,t10,t12,t14
t1,t2,t3,t4,t5,t6,t8,t10,t12,t13,t11,t14
t1,t2,t4,t3,t6,t5,t7,t6,t8,t10,t12,t14
t1,t2,t3,t5,t4,t6,t8,t10,t12,t14
t1,t4,t2,t6,t3,t7,t5,t6,t7,t6,t8,t10,t12,t14
t1,t2,t4,t3,t5,t6,t8,t10,t12,t13,t11,t13,t11,t14
t1,t2,t3,t5,t4,t6,t8,t10,t12,t14
t1,t2,t4,t3,t6,t5,t7,t6,t8,t9,t11,t14
t1,t2,t4,t3,t6,t5,t8,t9,t11,t13,t11,t13,t11,t13,t11,t14
t1,t3,t2,t5,t4,t6,t8,t9,t11,t13,t11,t14
t1,t3,t4,t2,t5,t6,t8,t10,t12,t13,t11,t13,t11,t13,t11,t13,t11,t14
t1,t3,t2,t4,t5,t6,t8,t10,t12,t13,t11,t14
t1,t3,t2,t5,t4,t6,t8,t9,t11,t14
t1,t3,t2,t4,t5,t6,t7,t6,t8,t9,t11,t14
t1,t2,t4,t3,t10,t12,t14
t1,t4,t3,t6,t2,t5,t7,t6,t8,t9,t11,t13,t11,t14
t1,t3,t2,t4,t5,t6,t8,t9,t11,t13,t11,t13,t11,t13,t11,t14
t1,t3,t4,t2,t5,t6,t8,t9,t11,t14
t1,t2,t4,t3,t5,t6,t8,t9,t11,t13,t11,t13,t11,t14
t1,t4,t2,t6,t3,t7,t5,t6,t7,t6,t8,t9,t11,t13,t11,t14
t1,t2,t3,t5,t4,t6,t8,t9,t11,t13,t11,t13,t11,t14
t1,t4,t2,t6,t3,t5,t8,t9,t11,t14
t1,t4,t3,t6,t7,t2,t5,t6,t8,t10,t12,t13,t11,t14
t1,t2,t4,t6,t7,t3,t6,t5,t8,t9,t11,t13,t11,t13,t11,t14
t1,t4,t2,t3,t5,t6,t8,t9,t11,t13,t11,t14
t1,t2,t3,t4,t5,t6,t8,t9,t11,t14
t1,t3,t2,t4,t5,t6,t8,t10,t12,t13,t11,t13,t11,t13,t11,t13,t11,t14
t1,t4,t2,t6,t3,t7,t5,t6,t8,t10,t12,t13,t11,t13,t11,t14
t1,t2,t3,t4,t6,t5,t8,t10,t12,t14
t1,t2,t4,t3,t5,t6,t8,t9,t11,t14
t1,t3,t4,t6,t2,t5,t8,t10,t12,t13,t11,t13,t11,t13,t11,t14
t1,t2,t3,t5,t4,t6,t8,t10,t12,t14
t1,t2,t4,t6,t3,t5,t7,t6,t8,t10,t12,t14
t1,t4,t3,t2,t6,t5,t8,t10,t12,t13,t11,t13,t11,t14
t1,t2,t3,t5,t4,t6,t8,t10,t12
t1,t4,t6,t7,t3,t6,t2,t5,t8,t9,t11,t13,t11,t14
t1,t4,t6,t7,t3,t6,t2,t5,t8,t9,t11,t14
t1,t4,t3,t6,t2,t7,t5,t6,t8,t10,t12,t13,t11,t13,t11,t14
t1,t2,t4,t3,t6,t5,t8,t10,t12,t13,t11,t14
t1,t2,t3,t5,t4,t6,t8,t10,t12,t14
t1,t4,t6,t3,t2,t5,t7,t6,t8,t10,t12,t13,t11,t13,t11,t13,t11,t13,t11,t13,t11,t13,t11,t14
t1,t2,t3,t5,t4,t6,t8,t10,t12,t13,t11,t14
t1,t4,t2,t3,t5,t6,t8,t9,t11,t14
t1,t4,t3,t6,t7,t6,t2,t5,t7,t6,t8,t9,t11,t14
t1,t4,t3,t6,t2,t5,t8,t9,t11,t13,t11,t14
t1,t4,t3,t2,t6,t7,t5,t6,t8,t9,t11,t13,t11,t14
t1,t2,t4,t3,t5,t6,t8,t10,t12,t14
t1,t2,t3,t5,t4,t6,t8,t9,t11,t14
t1,t3,t2,t5,t4,t6,t8,t10,t12,t13,t11,t14
t1,t4,t2,t3,t5,t6,t8,t10,t12,t13,t11,t13,t11,t13,t11,t13,t11,t13,t11,t13,t11,t14
t1,t3,t4,t6,t2,t7,t5,t6,t8,t9,t11,t13,t11,t13,t11,t13,t11,t14
t1,t4,t3,t2,t5,t6,t8,t10,t12,t14
t1,t4,t2,t3,t5,t6,t7,t6,t8,t10,t12,t14
t1,t4,t2,t3,t5,t6,t7,t6,t8,t10,t12,t13,t11,t14
t1,t2,t3,t5,t4,t6,t8,t9,t11
t1,t3,t4,t2,t6,t5,t8,t9,t11,t13,t11,t13,t11,t13,t11,t14
t1,t2,t4,t3,t5,t6,t8,t10,t12,t14
t1,t4,t3,t2,t6,t5,t7,t6,t8,t9,t11,t13,t11,t14
t1,t4,t3,t6,t2,t5,t8,t9,t11,t13,t11,t14
t1,t4,t6,t2,t7,t3,t5,t6,t8,t10,t12,t14
t1,t2,t3,t5,t4,t6,t8,t9,t11,t13,t11,t13,t11,t13,t11,t14
t1,t3,t2,t5,t4,t6,t8,t10,t12,t14
t1,t3,t4,t2,t5,t6,t8,t10,t12,t14
t1,t4,t6,t3,t2,t5,t7,t6,t8,t10,t12,t13,t11,t14
t1,t4,t3,t2,t5,t6,t8,t9,t11,t14
t1,t2,t4,t3,t5,t6,t8,t10,t12,t14
t1,t4,t3,t2,t5,t6,t8,t10,t12,t14
t1,t2,t3,t5,t4,t6,t8,t10,t12,t14
t1,t3,t2,t5,t4,t6,t8,t9,t11,t13,t11,t14
t1,t4,t3,t2,t5,t6,t8,t10,t12,t14
t1,t4,t6,t3,t7,t2,t6,t5,t8,t9,t11,t14
t1,t4,t2,t6,t3,t5,t8,t10,t12,t14
t1,t4,t3,t2,t5,t6,t7,t6,t8,t10,t12,t13,t11,t13,t11,t14
t1,t2,t4,t3,t5,t6,t8,t10,t12,t14
t6,t8,t10,t12,t13,t11,t13,t11,t13,t11,t13,t11,t13,t11,t14
t1,t2,t3,t4,t5,t6,t8,t9,t11,t14
t1,t4,t2,t6,t3,t7,t5,t6,t7,t6,t8,t10,t12,t14
t1,t3,t2,t4,t5,t6,t8,t10,t12,t14
t1,t2,t4,t3,t6,t5,t8,t9,t11,t13,t11,t14
t1,t2,t4,t3,t6,t5,t8,t10,t12,t13,t11,t13,t11,t13,t11,t14
t1,t4,t3,t6,t2,t5,t8,t10,t12,t14
t1,t4,t3,t6,t2,t5,t8,t9,t11,t13,t11,t14
t1,t4,t3,t2,t6,t5,t8,t10,t12,t13,t11,t13,t11,t13,t11,t13,t11,t13,t11,t14
t1,t4,t3,t6,t2,t5,t8,t10,t12,t14
t1,t2,t4,t3,t5,t6,t8,t10,t12,t14
t1,t4,t2,t3,t5,t6,t8,t9,t11,t13,t11,t14
t1,t2,t4,t3,t6,t5,t8,t9,t11,t14
t1,t4,t3,t2,t6,t5,t7,t6,t8,t9,t11,t14
t1,t3,t4,t6,t2,t5,t7,t6,t8,t9,t11,t13,t11,t14
t1,t4,t2,t3,t6,t5,t7,t6,t8,t9,t11,t13,t11,t13,t11,t14
t1,t4,t2,t3,t5,t6,t7,t6,t8,t10,t12,t14
t1,t2,t3,t5,t4,t6,t8,t10,t12,t13,t11,t14
t1,t2,t3,t5,t4,t6,t8,t9,t11,t13,t11,t14
t1,t4,t2,t3,t5,t6,t8,t10,t12,t13,t11,t13,t11,t13,t11,t13,t11,t13,t11,t13,t11,t13,t11,t13,t11,t13,t11,t13,t11,t13,t11,t14
t1,t3,t6,t5,t4,t2,t7,t6,t8,t10,t12,t13,t11,t13,t11,t14
t1,t3,t4,t6,t2,t5,t8,t10,t12,t13,t11,t14
t1,t3,t4,t2,t6,t5,t8,t9,t11,t13,t11,t14
t1,t2,t4,t6,t3,t5,t7,t6,t8,t9,t11,t14
t1,t4,t2,t6,t3,t5,t7,t6,t8,t10,t12,t14
t1,t3,t4,t6,t2,t5,t7,t6,t8,t10,t12,t14
t1,t2,t4,t3,t6,t5,t8,t9,t11,t14
t1,t2,t3,t5,t4,t6,t8,t10,t12,t13,t11,t13,t11,t14
t1,t4,t3,t6,t2,t5,t8,t10,t12,t14
t1,t4,t2,t6,t3,t5,t8,t9,t11,t14
t1,t4,t3,t2,t6,t5,t7,t6,t8,t9,t11,t13,t11,t14
t1,t2,t4,t3,t6,t5,t8,t10,t12,t14
t1,t4,t3,t6,t2,t7,t5,t6,t8,t10,t12,t13,t11,t13,t11,t14
t1,t2,t4,t3,t5,t6,t8,t9,t11,t13,t11,t14
t1,t4,t3,t2,t5,t6,t8,t10,t12,t13,t11,t14
t1,t2,t4,t6,t7,t6,t7,t6,t3,t5,t8,t10,t12,t14
t1,t2,t4,t3,t6,t5,t8,t10,t12,t13,t11,t14
t1,t2,t3,t5,t4,t6,t8,t10,t12,t14
t1,t2,t4,t6,t3,t5,t7,t6,t8,t10,t12,t14
t1,t2,t3,t4,t6,t5,t8,t10,t12,t14
t2,t1,t3,t4,t5,t6,t8,t10,t12,t14
t1,t3,t2,t5,t4,t6,t8,t10,t12,t13,t11,t13,t11,t14
t1,t3,t4,t2,t5,t6,t8,t9,t11,t13,t11,t13,t11,t13,t11,t13,t11,t13,t11,t13,t11,t13,t11,t14
t1,t4,t6,t3,t2,t5,t8,t9,t11,t13,t11,t14
t1,t3,t2,t4,t5,t6,t8,t10,t12,t14
t1,t3,t4,t6,t2,t5,t7,t6,t8,t10,t12,t13,t11,t13,t11,t13,t11,t13,t11,t14
t1,t3,t2,t4,t5,t6,t8,t10,t12,t13,t11,t14
t1,t2,t3,t5,t4,t6,t8,t10,t12,t13,t11,t13,t11,t13,t11,t14
t1,t4,t6,t2,t3,t7,t5,t6,t8,t10,t12,t14
t1,t4,t3,t6,t2,t7,t6,t5,t7,t6,t8,t10,t12,t13,t11,t13,t11,t13,t11,t13,t11,t13,t11,t14
t1,t3,t4,t2,t5,t6,t8,t9,t11,t14
t1,t2,t3,t5,t4,t6,t8,t9,t11,t13,t11,t13,t11,t14
t1,t2,t4,t3,t6,t5,t8,t9,t11,t14
t1,t3,t2,t5,t4,t6,t8,t10,t12,t14
t1,t4,t3,t2,t6,t5,t8,t10,t12,t13,t11,t14
t1,t4,t2,t6,t3,t5,t7,t6,t8,t9,t11,t14
t1,t4,t3,t2,t6,t5,t8,t10,t12,t13,t11,t14
t1,t2,t4,t3,t6,t5,t8,t9,t11,t14
t1,t4,t2,t3,t5,t6,t8,t9,t11,t14
t1,t2,t3,t5,t4,t6,t8,t9,t11,t13,t11,t14
t1,t2,t3,t5,t4,t6,t7,t6,t8,t10,t12,t13,t11
t1,t3,t4,t2,t5,t6,t8,t10,t12,t13,t11,t14
t1,t4,t3,t2,t6,t5,t7,t6,t8,t9,t11,t14
t1,t2,t4,t3,t5,t6,t7,t6,t8,t10,t12,t13,t11,t13,t11,t13,t11,t13,t11,t13,t11,t14
t1,t2,t4,t3,t6,t5,t7,t6,t7,t6,t8,t9,t11,t14
t1,t2,t3,t5,t4,t6,t8,t10,t12,t14
t1,t4,t6,t7,t2,t6,t3,t5,t7,t6,t8,t9,t11,t14
t1,t2,t4,t6,t3,t7,t5,t6,t8,t10,t12,t14
t1,t2,t4,t3,t5,t6,t8,t10,t12,t14
t1,t3,t4,t2,t6,t5,t7,t6,t7,t6,t7,t6,t8,t9,t11,t13,t11,t13,t11,t13,t11,t14
t1,t4,t2,t6,t3,t7,t5,t6,t7,t6,t8,t9,t11,t13,t11,t14
t1,t3,t4,t6,t2,t5,t7,t6,t7,t6,t8,t9,t11,t13,t11,t14
t1,t4,t2,t6,t3,t5,t8,t10,t12,t13,t11,t13,t11,t14
t1,t2,t3,t4,t5,t6,t8,t9,t11,t14
t1,t2,t4,t6,t3,t5,t8,t10,t12,t13,t11,t14
t1,t4,t3,t6,t2,t5,t8,t10,t12,t14
t1,t3,t4,t6,t7,t6,t2,t5,t8,t9,t11,t13,t11,t14
t1,t2,t4,t3,t5,t6,t8,t10,t12,t13,t11,t14
t1,t3,t4,t6,t7,t2,t6,t5,t8,t10,t12,t13,t11,t13,t11,t13,t11,t14
t1,t2,t4,t3,t5,t6,t8,t10,t12,t13,t11,t14
t1,t2,t4,t3,t6,t5,t7,t6,t8,t10,t12
t1,t2,t4,t3,t6,t5,t8,t9,t11,t14
t1,t2,t4,t3,t6,t5,t8,t9,t11,t14
t1,t2,t3,t5,t4,t6,t8,t10,t12,t14
t1,t2,t3,t4,t6,t5,t8,t9,t11,t13,t11,t13,t11,t13,t11,t14
t1,t4,t3,t2,t5,t6,t8,t10,t12,t14
t1,t4,t2,t3,t6,t7,t5,t6,t8,t10,t12,t14
t1,t4,t2,t3,t5,t6,t8,t9,t11,t13,t11,t13,t11,t14
t1,t3,t4,t6,t2,t5,t8,t10,t12,t14
t1,t2,t4,t3,t6,t5,t7,t6,t8,t10,t12,t13,t11,t13,t11,t14
t1,t4,t3,t2,t6,t7,t6,t5,t7,t6,t8,t9,t11,t14
t1,t3,t2,t4,t5,t6,t8,t10,t12,t13,t11,t14
t1,t4,t3,t6,t7,t2,t6,t5,t8,t9,t11,t14
t1,t4,t3,t6,t2,t5,t8,t9,t11,t14
t1,t4,t3,t2,t5,t6,t8,t9,t11,t14
t1,t2,t4,t3,t5,t6,t7,t6,t8,t9,t11,t14
t1,t4,t3,t2,t5,t6,t8,t9,t11,t13,t11,t13,t11,t14
t1,t4,t2,t3,t5,t6,t8,t10,t12,t14
t1,t4,t6,t2,t7,t3,t5,t6,t8,t10,t12,t13,t11,t13,t11,t14
t1,t2,t3,t4,t5,t6,t8,t10,t12,t14
t1,t2,t3,t4,t5,t6,t8,t10
t1,t4,t3,t2,t5,t6,t8,t9,t11,t13,t11,t13,t11,t14
t1,t2,t4,t3,t6,t5,t7,t6,t8,t10,t12,t13,t11,t13,t11,t14
t1,t4,t2,t3,t5,t6,t8,t10,t12,t14
t1,t2,t4,t6,t7,t3,t6,t5,t8,t10,t12,t13,t11,t13,t11,t13,t11,t14
t1,t4,t2,t3,t5,t6,t8,t10,t12,t14
t1,t2,t4,t6,t3,t7,t6,t5,t8,t10,t12,t14
t1,t3,t2,t5,t4,t6,t7,t6,t8,t10,t12,t14
t1,t4,t3,t2,t5,t6,t7,t6,t8,t9,t11,t14
t1,t3,t2,t5,t4,t6,t8,t10,t12,t13,t11,t13,t11,t13,t11,t13,t11,t13,t11,t13,t11,t14
t1,t2,t3,t4,t5,t6,t8,t9,t11,t13,t11,t13,t11,t14
t1,t3,t4,t6,t2,t7,t5,t6,t8,t9,t11,t14
t1,t3,t2,t4,t5,t6,t8,t10,t12,t14
t1,t3,t2,t4,t5,t6,t8,t9,t11,t13,t11,t14
t1,t3,t2,t5,t4,t6,t8,t10,t12,t13,t11,t14
t1,t2,t3,t4,t5,t6,t8,t9,t11,t13,t11,t13,t11,t13,t11,t13,t11,t14
t1,t4,t2,t6,t3,t5,t8,t10,t12,t13,t11,t14
t1,t4,t2,t3,t6,t7,t5,t6,t7,t6,t8,t10,t12,t13,t11,t13,t11,t14
t1,t2,t3,t5,t4,t6,t8,t10,t12,t13,t11,t14
t1,t4,t2,t3,t5,t6,t8,t10,t12,t13,t11,t14
t8,t2,t4,t6,t3,t5,t1,t9,t11,t13,t11,t14
t1,t3,t4,t2,t5,t6,t8,t10,t12,t13,t11,t14
t1,t3,t2,t4,t5,t6,t8,t10,t12,t14
t1,t2,t3,t5,t4,t6,t8,t10,t12,t13,t11,t13,t11,t13,t11,t13,t11,t14
t1,t3,t4,t6,t2,t7,t5,t6,t8,t9,t11,t13,t11,t14
t1,t2,t4,t3,t6,t5,t8,t9,t11,t14
t1,t2,t3,t4,t6,t5,t8,t10,t12,t13,t11,t14
t1,t3,t4,t2,t5,t6,t8,t10,t12,t14
t1,t3,t2,t4,t5,t6,t8,t10,t12,t13,t11,t13,t11,t13,t11,t14
t1,t2,t3,t4,t6,t5,t8,t10,t12,t13,t11,t14
t1,t3,t4,t6,t7,t2,t6,t5,t8,t9,t11,t14
t1,t4,t3,t6,t2,t5,t7,t6,t8,t10,t12,t13,t11,t14
t1,t3,t4,t6,t2,t5,t7,t6,t8,t10,t12,t13,t11,t14
t1,t3,t4,t6,t2,t5,t8,t10,t12,t14
t1,t3,t4,t2,t5,t6,t8,t10,t12,t14
t1,t3,t4,t6,t2,t5,t8,t10,t12,t13,t11,t13,t11,t13,t11,t14
t1,t2,t4,t6,t3,t5,t8,t9,t11,t14
t1,t2,t3,t5,t4,t6,t8,t9,t11,t13,t11,t13,t11,t13,t11,t13,t11,t13,t11,t14
t1,t3,t4,t2,t6,t5,t8,t10,t12,t14
t1,t4,t2,t3,t6,t5,t7,t6,t8,t10,t12,t13,t11,t13,t11,t14
t2,t1,t3,t5,t4,t6,t8,t9,t11,t13,t11,t14
t1,t4,t3,t2,t6,t5,t8,t10,t12,t13,t11,t13,t11,t13,t11,t14
t1,t4,t3,t2,t5,t6,t8,t10,t12,t14
t1,t4,t3,t2,t6,t5,t7,t6,t8,t9,t11,t13,t11,t13,t11,t14
t1,t3,t2,t4,t5,t6,t8,t9,t11,t14
t1,t2,t3,t5,t4,t6,t8,t10,t12,t14
t1,t3,t4,t6,t2,t5,t8,t10,t12,t13,t11,t14
t1,t3,t2,t4,t5,t6,t8,t9,t11,t13,t11,t14
t1,t2,t4,t3,t6,t5,t7,t6,t7,t6,t8,t9,t11,t13,t11,t14
t1,t4,t2,t3,t5,t6,t8,t10,t12,t14
t1,t3,t2,t5,t4,t6,t8,t9,t11,t14
t1,t3,t4,t2,t5,t6,t8,t10,t12,t13,t11,t14
t1,t4,t2,t6,t3,t7,t5,t6,t8,t10,t12,t14
t1,t3,t2,t4,t5,t6,t8,t9,t11,t13,t11,t13,t11,t13,t11,t13,t11,t14
t1,t4,t3,t2,t5,t6,t8,t9,t11,t14
t1,t2,t4,t3,t5,t6,t8,t10,t12,t14
t1,t4,t6,t3,t7,t6,t2,t5,t7,t6,t7,t6,t8,t10,t12,t13,t11,t13,t11,t14
t1,t3,t2,t4,t5,t6,t8,t9,t11,t13,t11,t14
t1,t4,t2,t3,t6,t5,t8,t9,t11,t14
t1,t3,t2,t5,t4,t6,t8,t9,t11,t13,t11,t13,t11,t14
t6,t2,t5,t8,t9,t11,t14
t1,t3,t2,t5,t4,t6,t8,t10,t12,t14
t1,t4,t3,t2,t6,t7,t5,t6,t8,t9,t11,t14
t1,t4,t3,t2,t5,t6,t7,t6,t8,t10,t12,t14
t1,t3,t2,t5,t4,t6,t8,t9,t11,t13,t11,t14
t1,t2,t3,t5,t4,t6,t8,t10,t12,t14
t1,t4,t3,t6,t2,t7,t5,t6,t8,t10,t12,t14
t1,t2,t3,t4,t5,t6,t8,t9,t11,t14
t1,t2,t3,t4,t5,t6,t8,t10,t12,t14
t1,t3,t2,t4,t6,t5,t8,t9,t11,t13,t11,t14
t1,t3,t4,t6,t2,t5,t7,t6,t8,t9,t11,t13,t11,t14
t1,t4,t6,t2,t7,t3,t5,t6,t8,t10,t12,t14
t1,t3,t4,t2,t5,t6,t8,t9,t11,t14
t1,t4,t2,t3,t5,t6,t8,t10,t12,t14
t1,t3,t2,t5,t4,t6,t8,t9,t11,t14
t1,t4,t2,t3,t5,t6,t8,t9,t11,t14
t1,t4,t2,t6,t3,t5,t7,t6,t8,t9,t11,t14
t1,t3,t4,t6,t2,t5,t8,t10,t12,t13,t11,t14
t1,t2,t4,t3,t6,t5,t8,t9,t11,t13,t11,t13,t11,t13,t11,t13,t11,t13,t11,t14
t1,t4,t2,t6,t3,t7,t6,t5,t8,t10,t12,t14
t1,t3,t2,t5,t4,t14,t8,t10,t12,t13,t11,t6
t1,t3,t2,t5,t4,t6,t8,t10,t12,t14
t1,t3,t2,t4,t5,t6,t8,t9,t11,t14
t1,t4,t6,t2,t3,t7,t5,t6,t7,t6,t8,t10,t12,t14
t1,t4,t3,t6,t2,t7,t5,t6,t8,t10,t12,t14
t1,t4,t3,t2,t5,t6,t8,t9,t11,t14
t1,t4,t2,t3,t6,t5,t7,t6,t8,t10,t12,t14
t1,t3,t2,t5,t4,t6,t8,t10,t12,t13,t11,t14
t1,t4,t2,t6,t3,t7,t5,t6,t8,t9,t11,t14
t1,t2,t4,t6,t3,t5,t8,t9,t11,t14
t1,t4,t3,t2,t5,t6,t8,t9,t11,t13,t11,t14
t1,t3,t4,t6,t2,t5,t8,t9,t11,t14
t1,t2,t3,t4,t5,t6,t8,t10,t12,t13,t11,t14
t1,t2,t4,t3,t5,t6,t8,t9,t11,t13,t11,t13,t11,t13,t11,t13,t11,t14
t1,t4,t3,t2,t5,t6,t8,t10,t12,t14
t1,t3,t4,t2,t5,t6,t8,t10,t12,t13,t11,t14
t1,t4,t3,t6,t2,t5,t7,t6,t8,t9,t11,t14
t1,t3,t2,t4,t5,t6,t8,t9,t11,t14
t1,t4,t3,t6,t2,t5,t7,t6,t8,t9,t11,t14
t1,t2,t3,t4,t5,t6,t8,t10,t12,t14
t1,t3,t2,t5,t4,t6,t13,t11,t13,t11,t14
