	D/F-Table

A = t1
#A = 974
_____________________________________________________________
B	B<A	A>B	B<<<A	A>>>B	A→B
_____________________________________________________________
t1	0	0	0	0	0.0
t2	3	503	5	969	0.855945556632438
t3	4	465	8	966	0.856332156057488
t7	0	1	2	487	0.246432655065626
t5	1	0	4	964	0.49114058127507
t4	0	2	1	972	0.541306504252974
t10	0	1	1	964	0.289272837420682
t8	0	0	1	457	0.164572780287475
t12	0	0	0	459	0.0924567903281035
t9	0	0	0	958	0.216304592787305
t13	0	0	0	955	0.153908400348874
t14	0	0	0	199	0.0298523736658778
t15	0	1	0	949	0.099722315549968
t6	0	0	1	476	0.242119859214718
t11	1	1	1	315	0.0656098865263088
_____________________________________________________________

A = t2
#A = 985
_____________________________________________________________
B	B<A	A>B	B<<<A	A>>>B	A→B
_____________________________________________________________
t1	503	3	969	5	-0.846386773766492
t2	0	0	0	0	0.0
t3	310	378	474	505	0.0491108840609136
t7	31	68	64	426	0.222554091312081
t5	66	176	115	862	0.478876638317154
t4	0	240	3	981	0.777311717490347
t10	39	28	41	935	0.362641718152446
t8	0	0	1	462	0.241530152284264
t12	0	0	0	465	0.138562798621234
t9	0	1	1	968	0.316924833672005
t13	1	0	1	965	0.228171219808588
t14	0	0	0	200	0.0408491121525317
t15	0	0	1	959	0.15072610705831
t6	24	89	55	430	0.237793666832893
t11	2	1	2	319	0.0967007485779346
_____________________________________________________________

A = t3
#A = 982
_____________________________________________________________
B	B<A	A>B	B<<<A	A>>>B	A→B
_____________________________________________________________
t1	465	4	966	8	-0.849355926680237
t2	378	310	505	474	-0.0492609173116089
t3	0	0	0	0	0.0
t7	1	79	1	489	0.350807954509165
t5	1	150	1	975	0.711235250835023
t4	96	274	127	915	0.514606427409202
t10	0	0	0	973	0.414819026514379
t8	11	35	17	450	0.214715812094435
t12	3	5	5	460	0.129458820359362
t9	14	35	16	950	0.28733624663674
t13	0	14	2	963	0.228479371539943
t14	2	0	2	198	0.0429203662917374
t15	1	0	1	956	0.143414192603287
t6	0	71	0	484	0.350517508254502
t11	2	5	4	318	0.0954376024203482
_____________________________________________________________

A = t7
#A = 496
_____________________________________________________________
B	B<A	A>B	B<<<A	A>>>B	A→B
_____________________________________________________________
t1	1	0	487	2	-0.483922189584516
t2	68	31	426	64	-0.441967298270968
t3	79	1	489	1	-0.694543168
t7	0	0	0	0	0.0
t5	124	119	261	232	-0.0411279741935492
t4	97	73	277	343	0.0359361593806457
t10	0	152	0	493	0.771268748387098
t8	39	40	60	206	0.169628222141935
t12	9	10	14	227	0.192291092851613
t9	40	27	84	405	0.185029404569553
t13	28	25	34	474	0.294617490107255
t14	3	7	7	99	0.0730151571143074
t15	0	0	0	484	0.272857109703924
t6	0	0	0	0	0.0
t11	6	11	9	156	0.139864580335484
_____________________________________________________________

A = t5
#A = 989
_____________________________________________________________
B	B<A	A>B	B<<<A	A>>>B	A→B
_____________________________________________________________
t1	0	1	964	4	-0.483691533025196
t2	176	66	862	115	-0.476939826837611
t3	150	1	975	1	-0.706201229848324
t7	119	124	232	261	0.0206263652173917
t5	0	0	0	0	0.0
t4	216	174	546	698	0.0448525164601981
t10	1	248	1	981	0.746762982891803
t8	65	83	124	404	0.168439674434782
t12	20	20	31	448	0.188494794267438
t9	70	79	131	843	0.250345008738186
t13	38	42	50	947	0.314310935200863
t14	6	13	13	189	0.0656630462203339
t15	0	0	1	963	0.263609959988351
t6	110	111	247	240	-0.00571805689787667
t11	11	27	27	313	0.137838324985529
_____________________________________________________________

A = t4
#A = 1982
_____________________________________________________________
B	B<A	A>B	B<<<A	A>>>B	A→B
_____________________________________________________________
t1	2	0	972	1	-0.266010360818565
t2	240	0	981	3	-0.386302745574163
t3	274	96	915	127	-0.254966453943409
t7	73	97	343	277	-0.00899310547568127
t5	174	216	698	546	-0.0223809983749424
t4	4	4	984	984	0.0
t10	220	131	564	784	0.0166462357053478
t8	1	662	978	981	0.150108816486295
t12	903	1	980	981	-0.19965800017734
t9	0	654	2	981	0.448147671442984
t13	0	3	2	979	0.33899834510595
t14	0	0	0	201	0.0500421876892029
t15	0	0	1	972	0.23938796179245
t6	86	113	349	275	-0.010842185862329
t11	1	0	505	501	-0.0240308375378409
_____________________________________________________________

A = t10
#A = 991
_____________________________________________________________
B	B<A	A>B	B<<<A	A>>>B	A→B
_____________________________________________________________
t1	1	0	964	1	-0.284310538494192
t2	28	39	935	41	-0.360446107346275
t3	0	0	973	0	-0.411051749785187
t7	152	0	493	0	-0.386023510797175
t5	248	1	981	1	-0.745255893118055
t4	131	220	784	564	-0.0332924714106955
t10	0	0	0	0	0.0
t8	74	120	266	336	0.0772599475277497
t12	37	94	89	431	0.234087716940464
t9	63	151	270	705	0.18661690953693
t13	64	145	157	884	0.340665790313702
t14	23	34	46	161	0.0486108425928087
t15	0	89	1	967	0.445185057645839
t6	135	0	485	1	-0.368380835519677
t11	34	92	74	294	0.148981655636731
_____________________________________________________________

A = t8
#A = 989
_____________________________________________________________
B	B<A	A>B	B<<<A	A>>>B	A→B
_____________________________________________________________
t1	0	0	457	1	-0.162076732052579
t2	0	0	462	1	-0.240553286147624
t3	35	11	450	17	-0.213196084405192
t7	40	39	206	60	-0.0850713833997977
t5	83	65	404	124	-0.168439674434782
t4	662	1	981	978	-0.300824746487195
t10	120	74	336	266	-0.0774161860465116
t8	2	2	515	515	0.0
t12	2	370	513	984	0.372084496617995
t9	0	0	1	463	0.225761404395809
t13	0	1	0	463	0.181557128531815
t14	0	0	0	72	0.0231010092780587
t15	0	0	0	460	0.133941413529093
t6	42	30	195	68	-0.0772565673286147
t11	2	395	265	502	0.311093387259859
_____________________________________________________________

A = t12
#A = 987
_____________________________________________________________
B	B<A	A>B	B<<<A	A>>>B	A→B
_____________________________________________________________
t1	0	0	459	0	-0.0912390210532652
t2	0	0	465	0	-0.138282022940137
t3	5	3	460	5	-0.128803000600703
t7	10	9	227	14	-0.0966326059315097
t5	20	20	448	31	-0.188876749271019
t4	1	903	981	980	0.400934302281142
t10	94	37	431	89	-0.235036400697062
t8	370	2	984	513	-0.372838467229177
t12	0	0	511	511	0.0
t9	0	0	1	465	0.366662549138807
t13	0	0	1	465	0.292154358662611
t14	0	0	0	72	0.0352090002026343
t15	0	0	0	462	0.218415832399108
t6	12	10	227	19	-0.0961736765004255
t11	475	0	503	260	-0.337097467071935
_____________________________________________________________

A = t9
#A = 984
_____________________________________________________________
B	B<A	A>B	B<<<A	A>>>B	A→B
_____________________________________________________________
t1	0	0	958	0	-0.21410637538093
t2	1	0	968	1	-0.317246911755005
t3	35	14	950	16	-0.286752229875284
t7	27	40	405	84	-0.0932668543358722
t5	79	70	843	131	-0.25161708703462
t4	654	0	981	2	-0.902671427642271
t10	151	63	705	270	-0.187944468852742
t8	0	0	463	1	-0.226908566003512
t12	0	0	465	1	-0.36778042276423
t9	0	0	0	0	0.0
t13	1	763	2	976	0.933394936715444
t14	0	0	0	200	0.139810081300813
t15	0	1	1	970	0.658300624234141
t6	36	28	419	63	-0.128435127988268
t11	0	0	316	1	-0.171271823269421
_____________________________________________________________

A = t13
#A = 1217
_____________________________________________________________
B	B<A	A>B	B<<<A	A>>>B	A→B
_____________________________________________________________
t1	0	0	955	0	-0.123177306441909
t2	0	1	965	1	-0.184674323345489
t3	14	0	963	2	-0.184360511793118
t7	25	28	474	34	-0.120074178383893
t5	42	38	947	50	-0.255426059912616
t4	3	0	979	2	-0.552090977814292
t10	145	64	884	157	-0.277403285292423
t8	1	0	463	0	-0.147543138962995
t12	0	0	465	1	-0.236940305669677
t9	763	1	976	2	-0.754692372824977
t13	0	0	236	236	0.0
t14	198	175	236	237	-0.0052377032046015
t15	2	884	3	972	0.776007835661461
t6	24	20	466	29	-0.121642419550012
t11	0	1	316	1	-0.110165783465644
_____________________________________________________________

A = t14
#A = 237
_____________________________________________________________
B	B<A	A>B	B<<<A	A>>>B	A→B
_____________________________________________________________
t1	0	0	199	0	-0.122684438609979
t2	0	0	200	0	-0.169773736161366
t3	0	2	198	2	-0.17783881729319
t7	7	3	99	7	-0.152808092526146
t5	13	6	189	13	-0.274011614818187
t4	0	0	201	0	-0.418496270042194
t10	34	23	161	46	-0.203263059111702
t8	0	0	72	0	-0.0964004142447258
t12	0	0	72	0	-0.146629886919831
t9	0	0	200	0	-0.580477299578058
t13	175	198	237	236	0.0268957164556963
t14	0	0	36	36	0.0
t15	0	0	0	199	0.631936540084388
t6	8	4	91	7	-0.124680516920574
t11	0	0	43	0	-0.0606212977417721
_____________________________________________________________

A = t15
#A = 975
_____________________________________________________________
B	B<A	A>B	B<<<A	A>>>B	A→B
_____________________________________________________________
t1	1	0	949	0	-0.099620036251968
t2	0	0	959	1	-0.152272015848652
t3	0	1	956	1	-0.144443832960439
t7	0	0	484	0	-0.138807309141689
t5	0	0	963	1	-0.267395128644594
t4	0	0	972	1	-0.486632759253985
t10	89	0	967	1	-0.452490658591822
t8	0	0	460	0	-0.135864674851562
t12	0	0	462	0	-0.221104027259405
t9	1	0	970	1	-0.664377245380918
t13	884	2	972	3	-0.968616959999999
t14	0	0	199	0	-0.15360918974359
t15	0	0	0	0	0.0
t6	0	0	475	1	-0.133012833293972
t11	0	0	314	0	-0.104108018020976
_____________________________________________________________

A = t6
#A = 489
_____________________________________________________________
B	B<A	A>B	B<<<A	A>>>B	A→B
_____________________________________________________________
t1	0	0	476	1	-0.482259187883713
t2	89	24	430	55	-0.478991332986502
t3	71	0	484	0	-0.70390223539043
t7	0	0	0	0	0.0
t5	111	110	240	247	0.0115647408425358
t4	113	86	275	349	0.0439452195892354
t10	0	135	1	485	0.746555026584868
t8	30	42	68	195	0.156251012449898
t12	10	12	19	227	0.194117420666503
t9	28	36	63	419	0.258446147117496
t13	20	24	29	466	0.302737882601972
t14	4	8	7	91	0.0604279805934069
t15	0	0	1	475	0.265209636935834
t6	0	0	0	0	0.0
t11	12	12	19	158	0.127024685206773
_____________________________________________________________

A = t11
#A = 948
_____________________________________________________________
B	B<A	A>B	B<<<A	A>>>B	A→B
_____________________________________________________________
t1	1	1	315	1	-0.067409313793908
t2	1	2	319	2	-0.100474933912727
t3	5	2	318	4	-0.0988604700177024
t7	11	6	156	9	-0.0731780926649789
t5	27	11	313	27	-0.143799687142076
t4	0	1	501	505	0.0502416877637139
t10	92	34	294	74	-0.155739262379747
t8	395	2	502	265	-0.324547848101266
t12	0	475	260	503	0.350965400843882
t9	0	0	1	316	0.177775816558133
t13	1	0	1	316	0.141425905567183
t14	0	0	0	43	0.015155324435443
t15	0	0	0	314	0.107073119800055
t6	12	12	158	19	-0.0655222268629873
t11	401	401	623	623	0.0
_____________________________________________________________


	D/F-Graph

[t1,t2]  	 → euristica 1
[t1,t3]  	 → euristica 1
[t2,t4]  	 → euristica 1
[t3,t7]  	 → euristica 1
[t3,t5]  	 → euristica 1
[t3,t12]  	 → euristica 1
[t3,t13]  	 → euristica 1
[t3,t6]  	 → euristica 1
[t3,t11]  	 → euristica 1
[t7,t10]  	 → euristica 1
[t7,t14]  	 → euristica 1
[t5,t10]  	 → euristica 1
[t4,t4]  	 → euristica 3
[t4,t8]  	 → euristica 1
[t4,t9]  	 → euristica 1
[t10,t15]  	 → euristica 1
[t8,t12]  	 → euristica 1
[t8,t11]  	 → euristica 1
[t12,t4]  	 → euristica 1
[t9,t13]  	 → euristica 1
[t13,t15]  	 → euristica 1
[t6,t10]  	 → euristica 1
[t6,t14]  	 → euristica 1
[t11,t12]  	 → euristica 1
[t11,t11]  	 → euristica 2


	WF-Net

Split:

t1	(t3) AND (t2)
t2	(t4)
t3	(t13 OR t11) AND (t7 OR t6) AND (t12) AND (t5)
t7	(t14) AND (t10)
t5	(t10)
t4	(t8 OR t9) AND (t4)
t10	(t15)
t8	(t11) AND (t12)
t12	(t4)
t9	(t13)
t13	(t15)
t14	()
t15	()
t6	(t14) AND (t10)
t11	(t11) AND (t12)


Join:

t1	()
t2	(t1)
t3	(t1)
t7	(t3)
t5	(t3)
t4	(t2 OR t12) AND (t4)
t10	(t7 OR t6) AND (t5)
t8	(t4)
t12	(t11) AND (t8) AND (t3)
t9	(t4)
t13	(t9) AND (t3)
t14	(t7 OR t6)
t15	(t13) AND (t10)
t6	(t3)
t11	(t11) AND (t8) AND (t3)
