t1,t2,t3,t7,t5,t4,t10,t8,t12,t4,t8,t12,t4,t9,t13,t14,t13,t15
t1,t3,t7,t2,t4,t8,t5,t10,t12,t4,t9,t13,t15
t1,t2,t4,t3,t5,t9,t6,t10,t13,t15
t1,t3,t2,t5,t4,t6,t10,t9,t13,t15
t1,t3,t5,t2,t7,t10,t4,t9,t13,t15
t1,t3,t2,t7,t5,t10,t4,t9,t13,t15
t1,t2,t3,t4,t8,t6,t12,t5,t4,t10,t9,t13,t15
t1,t2,t4,t3,t8,t5,t12,t6,t4,t10,t9,t13,t15
t1,t2,t3,t4,t6,t8,t5,t12,t10,t4,t9,t13,t15
t4,t5,t8,t11,t7,t11,t10,t12,t4,t9,t13,t15
t1,t2,t3,t4,t7,t5,t9,t10,t13,t15
t1,t2,t3,t5,t6,t4,t10,t8,t12,t4,t9,t13,t15
t1,t3,t2,t6,t5,t4,t10,t9,t13,t15
t1,t3,t2,t5,t4,t9,t13,t7,t10,t15
t1,t2,t3,t4,t5,t7,t10,t9,t13,t15
t1,t2,t3,t4,t6,t5,t10,t8,t11,t12,t4,t8,t11,t11,t12,t4,t8,t12,t4,t8,t11,t12,t4,t9,t13,t15
t1,t2,t4,t3,t5,t7,t8,t10,t11,t12,t4,t8,t12,t4,t9,t13,t15
t1,t2,t3,t4,t7,t5,t10,t8,t12,t4,t8,t12,t4,t8,t11,t11,t11,t12,t4,t9,t13,t15
t1,t2,t3,t4,t6,t9,t5,t10,t13,t15
t1,t3,t2,t6,t4,t9,t5,t13,t10
t1,t2,t4,t3,t8,t12,t5,t4,t6,t10,t9,t13,t14,t13,t15
t1,t2,t3,t5,t4,t7,t8,t10,t12,t4,t8,t11,t11,t11,t12,t4,t8,t11,t12,t4,t8,t11,t12,t4,t8,t12,t4,t9,t13,t14,t13,t15
t1,t3,t6,t2,t4,t8,t5,t10,t12,t4,t8,t11,t11,t12,t4,t8,t11,t12,t4,t9,t13,t15
t1,t2,t3,t5,t4,t7,t10,t9,t13,t15
t1,t3,t5,t2,t6,t10,t4,t9,t13,t15
t1,t2,t3,t4,t5,t6,t9,t10,t13,t15
t1,t3,t2,t7,t5,t10,t4,t9,t13,t15
t1,t3,t2,t4,t5,t6,t10,t8,t11,t11,t12,t4,t8,t11,t11,t12,t4,t8,t11,t12,t4,t9,t13,t15
t1,t2,t3,t4,t5,t7,t10,t9,t13,t15
t5,t7,t4,t9,t10,t13,t15
t1,t3,t5,t2,t7,t10,t4,t9,t13,t15
t1,t2,t4,t8,t11,t12,t3,t4,t5,t7,t10,t9,t13,t15
t1,t2,t3,t7,t4,t9,t5,t10,t13,t15
t1,t3,t2,t5,t4,t8,t6,t10,t11,t12,t4,t9,t13,t15
t1,t3,t2,t5,t4,t6,t10,t8,t12,t4,t8,t11,t11,t12,t4,t9,t13,t15
t1,t3,t2,t4,t5,t9,t6,t13,t10,t14,t13,t15
t1,t2,t3,t5,t6,t10,t4,t8,t11,t12,t4,t9,t13,t15
t1,t3,t5,t2,t4,t7,t8,t10,t11,t12,t4,t9,t13,t15
t1,t3,t7,t2,t5,t4,t10,t8,t11,t12,t4,t8,t11,t12,t4,t9,t13,t14,t13,t15
t2,t3,t4,t5,t8,t6,t10,t11,t12,t4,t9,t13,t15
t1,t3,t2,t5,t4,t7,t8,t11,t12,t10,t4,t8,t11,t12,t4,t8,t11,t11,t12,t4,t8,t12,t4,t9,t13,t15
t1,t2,t3,t4,t6,t9,t5,t10,t13,t14,t13,t15
t1,t2,t3,t4,t7,t5,t10,t9,t13,t15
t1,t2,t3,t7,t5,t4,t10,t9,t13,t15
t1,t2,t3,t4,t6,t9,t13,t14,t13,t5,t10,t15
t1,t3,t5,t6,t10,t2,t4,t9,t13,t15
t1,t2,t3,t6,t5,t4,t10,t9,t13,t15
t1,t2,t4,t3,t9,t7,t13,t14,t5,t13,t10,t14,t13,t15
t1,t2,t4,t3,t5,t7,t10,t9,t13,t15
t11,t3,t11,t7,t5,t11,t10,t11,t11,t11,t11,t11,t12,t4,t8,t11,t12,t4,t9,t13,t15
t1,t3,t2,t5,t7,t10,t4,t8,t12,t4,t8,t12,t4,t9,t13,t15
t1,t2,t3,t4,t5,t8,t7,t12,t10,t4,t8,t12,t4,t8,t12,t4,t8,t11,t11,t12,t4,t8,t11,t11,t12,t4,t8,t11,t12,t4,t9,t13,t15
t1,t3,t2,t5,t4,t6,t8,t10,t12,t4,t8,t11,t11,t11,t11,t11,t11,t12,t4,t9,t13,t15
t1,t2,t3,t4,t5,t6,t9,t10,t13,t14,t13,t15
t1,t3,t2,t6,t4,t5,t9,t10,t13,t15
t1,t3,t2,t5,t4,t9,t7,t10,t13,t15
t1,t3,t5,t2,t7,t10,t4,t9,t13,t15
t1,t3,t2,t4,t8,t7,t11,t12,t4,t8,t5,t11,t12,t10,t4,t8,t12,t4,t8,t11,t12,t4,t9,t13,t15
t1,t2,t3,t4,t6,t8,t5,t10,t12,t4,t8,t11,t12,t4,t8,t11,t12,t4,t8,t12,t4,t8,t11,t11,t12,t4,t8,t11,t12,t4,t8,t11,t11,t12,t4,t8,t12,t4,t8,t12,t4,t8,t11,t11,t11,t12,t4,t8,t11,t11,t11,t11,t11,t11,t12,t4,t8,t11,t12,t4,t9,t13,t15
t1,t2,t3,t5,t4,t13,t10,t15
t1,t2,t3,t6,t4,t9,t5,t10,t13,t15
t1,t2,t3,t5,t6,t4,t10,t8,t12,t4,t8,t12,t4,t8,t11,t12,t4,t8,t12,t4,t8,t11,t11,t12,t4,t9,t13,t15
t1,t2,t3,t4,t5,t8,t6,t11,t12,t10,t4,t9,t13,t15
t1,t3,t2,t7,t5,t4,t10,t9,t13,t15
t1,t2,t4,t3,t9,t7,t13,t5,t10,t15
t1,t2,t4,t3,t8,t11,t6,t5,t12,t10,t4,t8,t11,t12,t4,t9,t13,t15
t1,t2,t4,t3,t8,t7,t5,t11,t10,t12,t4,t8,t11,t11,t12,t4,t8,t11,t11,t12,t4,t8,t11,t12,t4,t8,t11,t11,t11,t12,t4,t9,t13,t14,t13,t15
t1,t3,t2,t5,t4,t7,t10,t9,t13,t15
t1,t2,t3,t4,t5,t6,t10,t8,t12,t4,t8,t12,t4,t8,t11,t12,t4,t8,t12,t4,t8,t11,t11,t11,t12,t4,t9,t13,t15
t1,t3,t2,t6,t5,t4,t10,t8,t4,t8,t11,t12,t4,t9,t13,t15
t1,t3,t2,t4,t8,t12,t5,t4,t6,t10,t9,t13,t15
t1,t2,t4,t3,t5,t8,t7,t10,t11,t11,t11,t11,t11,t11,t12,t4,t9,t13,t15
t1,t2,t3,t6,t4,t5,t8,t10,t11,t11,t11,t11,t11,t12,t4,t8,t11,t12,t4,t9,t13,t15
t1,t2,t3,t4,t6,t9,t5,t10,t13,t14,t13,t15
t1,t3,t2,t7,t4,t8,t5,t10,t11,t12,t4,t8,t11,t12,t4,t8,t11,t12,t4,t8,t11,t11,t12,t4,t9,t13,t15
t1,t2,t3,t4,t5,t8,t7,t10,t12,t4,t9,t13,t15
t1,t3,t2,t7,t5,t10,t4,t8,t12,t4,t9,t13,t15
t1,t2,t3,t4,t5,t6,t8,t10,t11,t11,t12,t4,t9,t13,t15
t1,t3,t2,t6,t4,t9,t5,t13,t10,t15
t5,t3,t2,t1,t7,t4,t10,t9,t13,t15
t1,t2,t3,t4,t6,t8,t11,t11,t11,t5,t10,t11,t12,t4,t8,t11,t12,t4,t9,t13,t14,t13,t15
t1,t2,t4,t3,t9,t5,t13,t7,t14,t10,t13,t15
t1,t2,t3,t7,t4,t9,t13,t5,t10,t15
t1,t3,t7,t2,t5,t4,t10,t9,t13,t15
t1,t2,t3,t5,t4,t6,t10,t9,t13,t15
t1,t2,t4,t3,t5,t7,t9,t10,t13,t15
t1,t3,t2,t5,t6,t4,t10,t8,t12,t4,t9,t13,t15
t1,t3,t6,t2,t5,t4,t10,t8,t12,t4,t9,t13,t15
t1,t2,t3,t4,t6,t5,t9,t10,t13,t14,t13,t15
t3,t1,t2,t6,t4,t5,t10,t9,t13,t15
t1,t2,t3,t4,t6,t8,t5,t10,t12,t4,t8,t11,t11,t11,t11,t11,t12,t4,t9,t13,t14,t13,t15
t1,t2,t4,t3,t5,t8,t7,t11,t10,t12,t4,t9,t13,t15
t1,t3,t6,t5,t10,t2,t4,t8,t11,t12,t4,t9,t13,t15
t1,t3,t7,t5,t2,t10,t4,t9,t13,t15
t1,t2,t3,t4,t5,t8,t7,t10,t12,t4,t8,t12,t4,t9,t13,t15
t1,t2,t3,t4,t6,t5,t10,t8,t12,t4,t8,t11,t12,t4,t8,t12,t4,t9,t13,t15
t1,t2,t4,t3,t8,t5,t6,t10,t12,t4,t9,t13,t15
t1,t3,t2,t7,t4,t5,t8,t10,t12,t4,t9,t13,t15
t1,t2,t4,t9,t3,t5,t13,t7,t10,t14,t13,t15
t1,t3,t5,t7,t2,t10,t4,t8,t12,t4,t9,t13,t14,t13
t1,t3,t2,t5,t6,t4,t10,t9,t13,t15
t1,t3,t2,t7,t4,t5,t10,t8,t12,t4,t8,t12,t4,t9,t13,t15
t1,t3,t5,t7,t10,t2,t4,t9,t13,t15
t1,t2,t3,t4,t8,t5,t6,t10,t11,t11,t12,t4,t8,t12,t4,t8,t12,t4,t8,t12,t4,t9,t13,t15
t1,t2,t3,t4,t5,t8,t6,t12,t10,t4,t9,t13,t15
t1,t2,t3,t5,t4,t8,t7,t12,t10,t4,t8,t11,t12,t4,t8,t12,t4,t9,t13,t15
t1,t2,t4,t3,t5,t7,t8,t10,t11,t11,t11,t11,t12,t4,t8,t12,t4,t9,t13,t15
t1,t2,t3,t4,t9,t6,t13,t5,t10,t15
t1,t2,t4,t3,t9,t7,t5,t13,t10,t15
t2,t3,t7,t5,t1,t4,t10,t9,t13,t14,t13,t15
t1,t3,t2,t4,t5,t8,t7,t10,t12,t4,t9,t13,t15
t1,t3,t7,t2,t5,t10,t4,t8,t11,t12,t4,t9,t13,t15
t1,t2,t3,t4,t5,t9,t7,t10,t13,t15
t1,t3,t2,t6,t5,t4,t10,t8,t11,t12,t4,t9,t13,t15
t1,t3,t2,t6,t4,t9,t5,t13,t10,t15
t1,t3,t2,t5,t7,t4,t10,t8,t11,t11,t11,t11,t12,t4,t8,t11,t12,t4,t8,t11,t12,t4,t8,t11,t11,t12,t4,t9,t13,t15
t1,t2,t3,t5,t4,t9,t13,t6,t10,t15
t1,t3,t2,t6,t4,t5,t8,t10,t11,t11,t11,t11,t12,t4,t8,t12,t4,t8,t11,t12,t4,t8,t11,t12,t4,t8,t12,t4,t8,t11,t12,t4,t9,t13,t15
t1,t2,t3,t4,t5,t7,t10,t9,t13,t15
t3,t5,t4,t6,t10,t9,t13,t15
t1,t2,t3,t6,t5,t10,t4,t9,t13,t15
t1,t2,t3,t4,t6,t8,t5,t11,t10,t11,t12,t4,t9,t13,t15
t1,t2,t3,t4,t5,t6,t10,t8,t12,t4,t8,t11,t12,t4,t9,t13,t15
t1,t2,t3,t4,t5,t6,t10,t8,t12,t4,t9,t13,t14,t13,t15
t1,t3,t2,t5,t7,t4,t10,t9,t13,t15
t1,t3,t2,t4,t5,t9,t7,t13,t10,t15
t1,t2,t4,t8,t3,t11,t7,t12,t4,t5,t9,t10,t13,t15
t1,t2,t4,t9,t3,t13,t14,t6,t13,t5,t10,t15
t1,t2,t3,t4,t6,t8,t5,t10,t11,t12,t4,t8,t12,t4,t9,t13,t15
t1,t2,t3,t4,t7,t9,t5,t10
t1,t2,t3,t5,t4,t6,t8,t10,t12,t4,t8,t11,t12,t4,t9,t13,t15
t1,t3,t2,t7,t5,t4,t10,t8,t11,t11,t11,t11,t12,t4,t9,t13,t15
t1,t2,t3,t4,t5,t8,t7,t11,t10,t12,t4,t8,t11,t12,t4,t9,t13,t15
t1,t2,t3,t4,t6,t9,t5,t13,t10,t15
t1,t3,t5,t2,t7,t10,t4,t9,t13,t15
t1,t2,t3,t6,t4,t5,t10,t9,t13,t15
t1,t3,t7,t2,t4,t5,t8,t11,t10,t12,t4,t8,t11,t11,t12,t4,t8,t12,t4,t9,t13,t15
t1,t3,t6,t2,t5,t4,t10,t8,t12,t4,t9,t13,t15
t1,t2,t3,t4,t7,t5,t9,t10,t13,t15
t1,t2,t3,t9,t7,t5,t10,t8,t11,t11,t12,t4,t4,t13,t15
t1,t3,t2,t6,t5,t10,t4,t9,t13,t14,t13,t15
t1,t2,t4,t8,t12,t3,t4,t8,t6,t12,t5,t10,t4,t9,t13,t14,t13,t15
t1,t2,t3,t4,t7,t5,t9,t10,t13,t15
t1,t3,t2,t7,t4,t5,t10,t8,t12,t4,t8,t11,t12,t4,t8,t11,t11,t12,t4,t9,t13,t15
t1,t2,t3,t7,t4,t5,t10,t8,t12,t4,t8,t11,t11,t12,t4,t9,t13,t14,t13,t15
t1,t3,t2,t5,t7,t4,t10,t9,t13,t15
t1,t2,t3,t4,t6,t9,t5,t13,t14,t10,t13,t14,t13,t15
t1,t2,t4,t3,t5,t9,t13,t6,t10,t15
t1,t3,t2,t4,t7,t8,t12,t4,t5,t10,t9,t13,t14,t13,t14,t13,t15
t6,t4,t9,t5,t10,t13,t15
t1,t3,t2,t7,t4,t5,t10,t9,t13,t15
t1,t3,t2,t5,t4,t6,t8,t10,t12,t4,t8,t11,t11,t11,t12,t4,t8,t11,t11,t12,t4,t9,t13,t15
t1,t3,t2,t7,t5,t10,t4,t8,t11,t11,t11,t11,t11,t12,t4,t9,t13,t15
t1,t3,t2,t5,t4,t7,t8,t10,t11,t12,t4,t9,t13,t15
t1,t2,t4,t3,t8,t6,t5,t10,t11,t11,t11,t12,t4,t9,t13,t15
t1,t2,t3,t4,t5,t8,t11,t6,t11,t11,t10,t12,t4,t9,t13,t15
t1,t2,t4,t9,t3,t13,t5,t14,t6,t10,t13,t15
t1,t2,t4,t3,t8,t7,t11,t5,t10,t12,t4,t9,t13,t15
t1,t3,t2,t5,t4,t7,t10,t8,t12,t4,t9,t13,t15
t1,t3,t2,t5,t7,t4,t10
t1,t3,t7,t5,t2,t10,t4,t9,t13,t15
t1,t2,t3,t5,t6,t4,t10,t9,t13,t15
t1,t2,t3,t4,t6,t5,t9,t10,t13,t15
t1,t3,t2,t6,t4,t5,t10,t8,t12,t4,t9,t13,t15
t1,t2,t3,t4,t5,t7,t10,t8,t11,t12,t4,t8,t11,t11,t11,t12,t4,t8,t11,t12,t4,t9,t13,t15
t1,t3,t6,t5,t10,t2,t4,t9,t13,t15
t1,t3,t2,t6,t5,t4,t8,t10,t12,t4,t8,t11,t11,t11,t11,t11,t12,t4,t9,t13,t15
t1,t2,t3,t4,t5,t8,t11,t12,t6,t10,t4,t9,t13,t15
t1,t2,t3,t4,t6,t5,t10,t9,t13,t15
t1,t2,t3,t7,t4,t8,t5,t11,t10,t11,t12,t4,t8,t11,t12,t4,t8,t11,t12,t4,t8,t12,t4,t8
t1,t2,t4,t3,t9,t5,t7,t10,t13,t15
t1,t3,t7,t5,t2,t10,t4,t8,t11,t11,t12,t4,t8,t12,t4,t9,t13,t15
t1,t2,t3,t5,t4,t9,t6,t13,t10,t15
t1,t2,t3,t5,t4,t7,t10,t8,t11,t12,t4,t8,t11,t12,t4,t9,t13,t14,t13,t15
t1,t2,t4,t3,t8,t6,t12,t5,t10,t4,t8,t11,t12,t4,t8,t12,t4,t9,t13,t15
t1,t2,t3,t4,t5,t8,t7,t11,t10,t12,t4,t8,t12,t4,t9,t13,t15
t1,t3,t2,t7,t5,t10,t4,t9,t13,t15
t1,t2,t3,t7,t4,t9,t13,t5,t10,t14,t13,t15
t1,t2,t3,t4,t5,t7,t10,t9,t13,t15
t1,t2,t3,t5,t4,t7,t8,t10,t11,t12,t4
t1,t3,t2,t6,t4,t5,t8,t10,t11,t12,t4,t9,t13,t15
t1,t3,t2,t5,t7,t4,t9,t10,t13,t15
t1,t3,t7,t5,t10,t2,t4,t9,t13,t14,t13,t15
t1,t3,t2,t7,t4,t5,t10,t8,t11,t12,t4,t9,t13,t15
t1,t3,t5,t2,t6,t4,t10,t8,t11,t11,t11,t11,t11,t11,t12,t4,t8,t12,t4,t9,t13,t14,t13,t14,t13,t15
t1,t2,t3,t4,t7,t9,t5,t13,t10,t15
t1,t2,t4,t9,t3,t13,t5,t6,t14,t10,t13,t15
t1,t2,t3,t4,t5,t9,t7,t13,t10,t14,t13,t15
t1,t2,t3,t4,t7,t8,t5,t11,t10,t11,t11,t12,t4,t9,t13,t15
t1,t2,t3,t5,t6,t10,t4
t1,t3,t6,t2,t5,t10,t4,t9,t13,t14,t13,t15
t1,t3,t2,t6,t4,t5,t10,t8,t11,t12,t4,t8,t12,t4,t9,t13,t15
t1,t3,t5,t7,t10,t2,t4,t9,t13,t15
t1,t3,t2,t5,t6,t10,t4,t9,t13,t15
t1,t3,t2,t5,t7,t10,t4,t9,t13,t14,t13,t15
t1,t2,t4,t3,t5,t8,t7,t11,t10,t12,t4,t9,t13,t15
t1,t3,t2,t6,t4,t5,t10,t9,t13,t14,t13,t15
t1,t2,t3,t5,t4,t6,t9,t10,t13,t15
t1,t3,t2,t5,t7,t10,t4,t9,t13,t15
t1,t3,t2,t6,t5,t4,t10,t9
t1,t2,t3,t4,t5,t8,t7,t12,t10,t4,t8,t12,t4,t9,t13,t15
t1,t3,t2,t4,t5,t9,t6,t13,t10,t15
t1,t3,t6,t5,t10,t2,t4,t9,t13,t15
t1,t2,t3,t4,t9,t5,t13,t7,t10,t14,t13,t15
t1,t3,t2,t7,t5,t10,t4,t8,t12,t4,t8,t11,t11,t11,t11,t11,t11,t11,t12,t4,t9,t13,t15
t1,t3,t2,t5,t4,t7,t10,t8,t12,t4,t8,t12,t4,t9,t13,t14,t13,t15
t1,t3,t2,t6,t5,t4,t10,t9,t13,t15
t1,t3,t5,t2,t6,t10,t4,t8,t11,t12,t4,t8,t12,t4,t9,t13,t14,t13,t15
t1,t2,t3,t4,t6,t8,t11,t11,t5,t11,t10,t11,t11,t11,t11,t11,t12,t4,t8,t11,t12,t4,t8,t11,t11,t11,t12,t4,t8,t12,t4,t8,t11,t12,t4,t8,t12,t4,t8,t11,t11,t12,t4,t9,t13,t15
t1,t3,t2,t5,t4,t4,t10,t8,t12,t4,t8,t11,t12,t6,t8,t12,t4,t8,t11,t11,t11,t11,t12,t4,t8,t12,t4,t8,t11,t12,t4,t9,t13,t14,t13,t15
t1,t3,t7,t5,t2,t10,t4,t9,t13,t14,t13,t14,t13,t15
t1,t3,t2,t7,t4,t5,t9,t10,t13,t15
t1,t3,t2,t5,t4,t6,t9,t10,t13,t15
t1,t3,t5,t2,t4,t7,t9,t10,t13,t15
t1,t2,t3,t4,t5,t7,t8,t10,t12,t4,t9,t13,t15
t1,t3,t5,t6,t2,t10,t4,t9,t13,t15
t1,t2,t3,t4,t6,t5,t8,t10,t12,t4,t8,t12,t4,t8,t11,t12,t4,t9,t13,t14,t13,t14,t13,t14,t13,t14,t13,t15
t1,t2,t4,t8,t11,t3,t11,t6,t5,t11,t10,t12,t4,t9,t13,t15
t1,t3,t2,t6,t5,t4,t10,t9,t13,t15
t1,t3,t7,t2,t4,t8,t5,t10,t11,t11,t12,t4,t9,t13,t15
t1,t2,t3,t4,t5,t9,t7,t13,t10,t15
t1,t2,t3,t4,t7,t9,t13,t14,t13,t5,t10,t15
t1,t3,t5,t7,t2,t10,t4,t8,t12,t4,t8,t11,t11,t11,t11,t12,t4,t8,t11,t12,t4,t8,t12,t4,t8,t12,t4,t9,t13,t15
t1,t3,t2,t6,t4,t5,t10,t8,t11,t11,t12,t4,t9,t13,t15
t1,t2,t3,t4,t7,t5,t10,t9,t13,t15
t1,t3,t6,t5,t2,t10,t4,t9,t13,t15
t1,t2,t3,t4,t7,t5,t10,t9,t13,t15
t1,t3,t2,t6,t4,t5,t10,t8,t11,t11,t12,t4,t9,t13,t15
t1,t2,t3,t4,t5,t6,t10,t8,t11,t11,t12,t4,t8,t11,t12,t4,t8,t11,t12,t4,t8,t11,t12,t4,t9,t13,t14,t13,t14,t13,t15
t1,t2,t4,t3,t8,t13,t11,t12,t4,t6,t9,t10,t5,t14,t13,t15
t1,t3,t7,t5,t10,t2,t4,t9,t13,t15
t1,t3,t7,t2,t4,t5,t8,t10,t11,t11,t12,t4,t9,t13,t15
t1,t3,t2,t6,t4,t5,t10,t9,t13,t15
t1,t2,t3,t4,t5,t7,t9,t10,t13,t14,t13,t15
t1,t3,t5,t2,t4,t8,t7,t10,t11,t11,t12,t4,t9,t13,t15
t1,t3,t7,t5,t10,t2,t4,t8,t11,t12,t4,t8,t12,t4,t9,t13,t15
t1,t2,t3,t4,t7,t5,t8,t10,t11,t12,t4,t9,t13,t15
t1,t2,t4,t3,t8,t6,t12,t5,t4,t10,t9,t13,t15
t1,t2,t4,t3,t8,t5,t12,t6,t10,t4,t9,t13,t14,t13,t15
t1,t2,t4,t3,t7,t11,t8,t12,t5,t10,t4,t9,t13,t15
t1,t2,t4,t3,t9,t5,t7,t13,t10,t14,t13,t15
t1,t3,t7,t5,t10,t2,t4,t8,t11,t12,t4,t8,t11,t12,t4,t8,t12,t4,t8,t12,t4,t8,t12,t4,t9,t13,t15
t1,t2,t3,t4,t6,t5,t10,t9,t13,t15
t1,t2,t3,t4,t5,t7,t10,t9,t13,t15
t1,t3,t2,t4,t7,t5,t10,t9,t13,t14,t13,t15
t1,t2,t3,t4,t5,t9,t13,t6,t10,t15
t1,t2,t3,t4,t8,t7,t5,t10,t12,t4,t9,t13,t14,t13,t15
t1,t3,t2,t5,t6,t10,t4,t9,t13,t15
t1,t2,t3,t6,t5,t4,t8,t10,t12,t4,t9,t13,t15
t3,t1,t2,t4,t5,t9,t13,t6,t10,t14,t13,t15
t1,t3,t6,t5,t2,t10,t4,t9,t13,t15
t1,t3,t7,t5,t10,t2,t4,t8,t11,t12,t4,t8,t11,t12,t4,t8,t12,t4,t8,t11,t12,t4,t9,t13,t15
t1,t3,t2,t5,t7,t10,t4,t8,t12,t4,t8,t11,t11,t11,t11,t12,t4,t8,t11,t12,t4,t9,t13,t14,t13,t15
t1,t3,t2,t7,t5,t10,t4,t9,t13,t15
t1,t2,t3,t4,t5,t8,t7,t10,t11,t11,t12,t4,t9,t13,t15
t1,t3,t2,t6,t5,t4,t10,t8,t11,t11,t12,t4,t9,t13,t14,t13,t14,t13,t14,t13,t15
t1,t3,t2,t5,t4,t8,t6,t10,t12,t4,t9,t13,t15
t1,t3,t2,t6,t5,t10,t4,t8,t12,t4,t9,t13,t14,t13,t15
t1,t2,t3,t4,t7,t5,t10,t9,t13,t15
t1,t3,t2,t5,t7,t4,t9
t1,t3,t2,t5,t6,t4,t10,t9,t13,t15
t1,t3,t2,t6,t5,t10,t4,t8,t12,t4,t8,t12,t4,t9,t13,t15
t1,t3,t2,t6,t5,t10,t4,t9,t13,t15
t1,t2,t3,t6,t5,t10,t4,t8,t11,t11,t11,t12,t4,t9,t13,t15
t1,t2,t3,t4,t6,t5,t10,t8,t11,t12,t4,t9,t13,t15
t1,t3,t2,t5,t4,t7,t10,t8,t11,t11,t12,t4,t9,t13,t15
t1,t3,t2,t6,t5,t4,t10,t8,t12,t4,t8,t12,t4,t9,t13,t15
t1,t2,t3,t4,t5,t9,t7,t13,t10,t15
t1,t3,t2,t5,t4,t9,t7,t10,t13,t15
t10,t4,t8,t12,t4,t8,t12,t4,t9,t13,t15
t1,t2,t3,t5,t4,t7,t10,t8,t11,t12,t4,t9,t13,t15
t1,t3,t6,t5,t2,t10,t4,t8,t11,t11,t11,t11,t12,t4,t9,t13,t15
t1,t2,t3,t5,t4,t7,t9,t10,t13,t15
t1,t3,t2,t4,t5,t8,t11,t11,t11,t6,t10,t11,t12,t4,t8,t12,t4,t8,t12,t4,t8,t11,t11,t11,t12,t4,t9,t13,t15
t1,t3,t2,t6,t5,t4,t10,t8,t11,t11,t12,t4,t8,t11,t11,t12,t4,t8,t11,t12,t4,t8,t12,t4,t9,t13,t15
t1,t2,t3,t4,t9,t7,t13,t5,t10,t15
t1,t2,t3,t4,t5,t9,t13,t14,t13,t14,t13,t14,t7,t10,t13,t15
t1,t3,t2,t7,t5,t4,t10,t8,t12,t4,t9,t13,t15
t1,t2,t3,t4,t6,t8,t11,t5,t10,t12,t4,t9,t13,t15
t2,t3,t5,t4,t6,t10,t8,t11,t12,t4,t8,t11,t11,t12,t4,t8,t12,t4,t8,t11,t12,t4,t8,t11,t12,t4,t9,t13,t14,t13,t15
t1,t2,t3,t5,t6,t10,t4,t9,t13,t15
t1,t2,t3,t4,t7,t5,t10,t9,t13,t15
t1,t2,t3,t5,t4,t8,t11,t12,t6,t4,t10,t8,t12,t4,t9,t13,t15
t1,t3,t2,t7,t5,t10,t4,t8,t11,t12,t4,t8,t12,t4,t9,t13,t15
t1,t2,t4,t8,t3,t11,t7,t5,t12,t10,t4,t8,t12,t4,t8,t11,t11,t12,t4,t9,t13,t15
t1,t3,t2,t7,t5,t4,t10,t8,t12,t4,t8,t12,t4,t9,t13,t15
t1,t2,t3,t4,t6,t9,t13,t5,t10,t14,t13,t15
t1,t2,t3,t7,t5,t4,t10,t8,t12,t4,t8,t12,t4,t9,t13,t15
t1,t3,t5,t2,t6,t10,t4,t9,t13,t15
t1,t3,t7,t2,t10,t13,t15
t1,t3,t2,t7,t5,t4,t10,t9,t13,t15
t1,t3,t2,t5,t7,t4,t10,t8,t12,t4,t8,t11,t11,t11,t11,t11,t11,t12,t4,t8,t12,t4,t8,t12,t4,t9,t13,t15
t1,t2,t4,t3,t7,t8,t5,t11,t12,t10,t4,t8,t11,t11,t11,t11,t12,t4,t8,t12,t4,t8,t12,t4,t8,t11,t11,t11,t11,t11,t11,t11,t12,t4,t9,t13,t15
t1,t3,t2,t6,t5,t10,t4,t8,t12,t4,t9,t13,t15
t1,t2,t3,t4,t5,t8,t11,t6,t11,t12,t10,t4,t9,t13,t15
t1,t2,t3,t4,t9,t5,t6,t10,t13,t15
t1,t3,t2,t5,t6,t4,t10,t8,t12,t4,t9,t13,t15
t1,t2,t4,t9,t13,t14,t3,t13,t7,t5,t10,t15
t1,t3,t2,t5,t4,t7,t10,t9,t13,t15
t7,t3,t5,t2,t1,t10,t4,t9,t13,t14,t13,t14,t13,t15
t1,t2,t4,t9,t3,t13,t6,t14,t13,t5,t10,t15
t1,t2,t3,t4,t7,t5,t10,t8,t12,t4,t9,t13,t14,t13,t15
t1,t3,t7,t5,t2,t10,t4,t9,t13,t15
t1,t2,t3,t4,t5,t7,t8,t10,t11,t12,t4,t8,t11,t12,t4,t8,t11,t11,t11,t12,t4,t8,t12,t4,t9,t13,t15
t1,t3,t2,t4,t5,t8,t11,t6,t11,t10,t12,t4,t8,t11,t12,t4,t9,t13,t15
t1,t3,t7,t5,t10,t2,t4,t8,t11,t12,t4,t9,t13,t15
t1,t2,t3,t4,t5,t8,t6,t10,t12,t4,t9,t13,t15
t1,t3,t2,t6,t5,t10,t4,t8,t11,t11,t11,t12,t4,t9,t13,t15
t1,t3,t2,t7,t5,t4,t10,t9,t13,t14,t13,t14,t13,t15
t2,t1,t3,t4,t5,t9,t7,t13,t14,t13,t10,t14,t13,t15
t1,t3,t6,t2,t5,t10,t4,t8,t11,t12,t4,t8,t12,t4,t9,t13,t15
t1,t2,t3,t4,t5,t6,t10,t8,t12,t4,t8,t11,t11,t12,t4,t9,t13,t15
t1,t2,t4,t9,t3,t13,t7,t5,t10,t14,t13,t15
t1,t2,t3,t4,t5,t9,t7,t10,t13,t15
t1,t2,t3,t4,t5,t8,t6,t10,t12,t4,t9,t13,t15
t1,t2,t3,t4,t7,t5,t10,t9,t13,t14,t13,t15
t1,t3,t2,t5,t4,t9,t7,t13,t14,t10,t13,t15
t1,t2,t3,t4,t5,t6,t10,t9,t13,t15
t1,t3,t2,t7,t5,t10,t4,t8,t12,t4,t8,t12,t4,t9,t13,t15
t1,t3,t6,t2,t4,t5,t10,t4,t9,t13,t15
t1,t3,t2,t6,t4,t9,t13,t5,t10,t15
t1,t3,t2,t6,t4,t5,t8,t10,t12,t4,t9,t13,t15
t1,t2,t3,t4,t7,t8,t5,t10,t11,t12,t4,t8,t11,t12,t4,t8,t12,t4,t8,t12,t4,t9,t13,t15
t1,t2,t3,t4,t9,t5,t6,t10,t13,t15
t1,t3,t7,t2,t4,t5,t10,t8,t11,t11,t12,t4,t9,t13,t15
t1,t2,t3,t4,t5,t9,t6,t10,t13,t15
t1,t3,t2,t7,t5,t4,t10,t9,t13,t14,t13,t15
t1,t3,t2,t5,t7,t10,t4,t9,t13,t15
t1,t2,t3,t4,t7,t5,t10,t9,t13,t15
t1,t3,t2,t5,t7,t10,t4,t9,t15,t13
t1,t3,t5,t2,t7,t10,t4,t8,t11,t12,t4,t9,t13,t15
t1,t3,t2,t5,t7,t10,t4,t8,t12,t4,t8,t11,t12,t4,t9,t13,t15
t1,t2,t3,t4,t5,t9,t6,t13,t10,t15
t1,t2,t3,t5,t6,t10,t4,t8,t12,t4,t8,t12,t4,t9,t13,t15
t1,t2,t3,t5,t4,t6,t10,t8,t11,t11,t12,t4,t8,t11,t11,t11,t11,t11,t11,t12,t4,t9,t13,t15
t1,t2,t3,t7,t5,t4,t10,t8,t11,t11,t11,t11,t12,t4,t8,t12,t4,t8,t12,t4,t8,t11,t11,t11,t12,t4,t9,t13,t15
t1,t2,t4,t3,t5,t9,t13,t7,t10,t15
t1,t2,t4,t3,t8,t6,t11,t5,t11,t12,t10,t4,t9,t13,t15
t1,t3,t5,t6,t10,t2,t4,t9,t13,t15
t1,t3,t2,t7,t5,t10,t11,t8,t11,t4,t12,t4,t9,t13,t15
t1,t3,t7,t2,t5,t4,t10,t8,t12,t4,t8,t11,t12,t4,t8,t11,t12,t4,t8,t11,t12,t4,t9,t13,t14,t13,t15
t1,t3,t2,t5,t4,t8,t11,t12,t4,t7,t8,t10,t11,t12,t4,t8,t11,t11,t12,t4,t8,t11,t11,t11,t12,t4,t9,t13,t14,t13,t15
t1,t2,t4,t3,t9,t6,t5,t13,t10,t15
t1,t2,t4,t3,t8,t5,t6,t10,t11,t11,t12,t4,t8,t12,t4,t9,t13,t14,t13,t14,t13,t15
t1,t3,t2,t5,t6,t4,t10,t9,t13,t15
t1,t3,t2,t6,t4,t8,t11,t12,t5,t4,t10,t8,t12,t4,t8,t11,t12,t4,t9,t13,t15
t1,t2,t4,t3,t9,t5,t7,t10,t13,t15
t1,t2,t3,t4,t6,t9,t5,t13,t10,t14,t13,t14,t13,t15
t1,t2,t3,t4,t5,t9,t6,t13,t10,t15
t1,t3,t11,t5,t7,t4,t10,t8,t11,t2,t11,t12,t4,t9,t13,t15
t1,t2,t3,t6,t5,t4,t10,t8,t11,t11,t11,t11,t11,t12,t4,t8,t12,t4,t8,t12,t4,t9,t13,t15
t1,t2,t3,t4,t6,t5,t8,t10,t12,t4,t9,t13,t15
t1,t3,t2,t6,t4,t9,t13,t5,t10,t15
t1,t2,t3,t7,t4,t5,t10,t8,t11,t11,t12,t4,t9,t13,t14,t13,t15
t1,t2,t3,t4,t5,t9,t6,t13,t10,t15
t1,t2,t4,t8,t12,t3,t5,t4,t8,t11,t6,t10,t11,t11,t11,t11,t12,t4,t8,t12,t4,t8,t11,t11,t12,t4,t9,t13,t15
t1,t2,t3,t7,t5,t4,t10,t9,t13,t15
t1,t3,t5,t2,t7,t10,t4,t8,t12,t4,t9,t13,t15
t1,t2,t3,t4,t9,t6,t13,t14,t13,t5,t10,t15
t5,t4,t7,t10,t8,t12,t4,t8,t11,t12,t4,t9,t13,t15
t1,t2,t3,t6,t4,t5,t8,t10,t12,t4,t8,t11,t11,t11,t12,t4,t8,t12,t4,t9,t13,t15
t1,t3,t2,t5,t4,t7,t9,t10,t13,t15
t1,t2,t4,t3,t5,t6,t10,t9,t13,t15
t1,t2,t3,t4,t9,t13,t7,t14,t5,t10,t13,t15
t1,t2,t4,t3,t8,t11,t6,t5,t10,t12,t4,t8,t11,t12,t4,t9,t13,t15
t1,t3,t5,t6,t2,t10,t4,t8,t11,t12,t4,t8,t11,t11,t12,t4,t8,t11,t12,t4,t9,t13,t15
t1,t3,t2,t6,t5,t10,t4,t8,t11,t12,t4,t9,t13,t15
t1,t2,t3,t4,t7,t5,t10,t8,t11,t12,t4,t8,t11,t11,t12,t4,t8,t12,t4,t9,t13,t14,t13,t14,t13,t14,t13,t15
t1,t2,t3,t4,t6,t9,t5,t10,t13,t15
t1,t2,t3,t4,t5,t7,t10,t9,t13,t14,t13,t15
t1,t2,t3,t4,t5,t9,t7,t13,t10,t15
t1,t2,t3,t4,t5,t8,t12,t6,t10,t4,t8,t12,t4,t9,t13,t15
t1,t3,t2,t6,t4,t8,t5,t11,t10,t11,t11,t11,t12,t4,t8,t12,t4,t8,t12,t4,t8,t12,t4,t8,t12,t4,t9,t13,t15
t1,t2,t3,t4,t7,t8,t12,t4,t5,t10,t8,t12,t4,t9,t13,t15
t1,t2,t3,t5,t4,t6,t8,t10,t12,t4,t8,t11,t12,t4,t9,t13,t15
t1,t2,t3,t4,t6,t9,t13,t5,t10,t15
t1,t3,t2,t5,t7,t4,t10,t9,t13,t15
t1,t2,t3,t4,t5,t8,t6,t11,t10,t11,t11,t12,t4,t9,t13,t14,t13,t15
t1,t2,t3,t4,t5,t9,t7,t13,t10,t15
t4,t7,t8,t5,t10,t11,t12,t4,t9,t13,t14,t13,t15
t1,t2,t3,t4,t5,t6,t8,t10,t12,t4,t9,t13,t15
t1,t3,t6,t5,t2,t4,t10,t9,t13,t15
t1,t3,t2,t5,t4,t9,t6,t13,t10,t15
t1,t2,t4,t3,t8,t6,t5,t10,t11,t12,t4,t9,t13,t15
t1,t2,t4,t3,t8,t5,t12,t6,t10,t4,t8,t12,t4,t9,t13,t14,t13,t15
t1,t3,t2,t5,t6,t10,t4,t8,t11,t11,t12,t4,t8,t11,t12,t4,t8,t12,t4,t9,t13,t15
t1,t3,t2,t7,t5,t10,t4,t9,t13,t15
t1,t3,t2,t4,t5,t6,t9,t10,t13,t14,t13,t15
t1,t3,t2,t6,t5,t4,t10,t9,t13,t14,t13,t15
t5,t6,t10,t2,t4,t9,t13,t15
t1,t2,t3,t4,t7,t5,t8,t10,t12,t4,t9,t13,t15
t1,t2,t3,t4,t5,t8,t6,t10,t12,t4,t9,t13,t15
t1,t3,t2,t7,t4,t5,t9,t10,t13,t15
t1,t2,t3,t6,t5,t4,t10,t8,t12,t4,t9,t13,t15
t1,t2,t3,t5,t6,t10,t4,t8,t12,t4,t8,t12,t4,t9,t13,t14,t13,t15
t1,t3,t2,t5,t4,t9,t13,t7,t10,t15
t1,t3,t2,t6,t5,t10,t4,t9,t13,t15
t1,t3,t2,t5,t6,t4,t10,t9,t13,t15
t1,t2,t3,t4,t5,t9,t7,t10,t13,t15
t1,t2,t3,t4,t9,t13,t15
t1,t2,t3,t4,t9,t7,t13,t5,t10,t15
t1,t3,t5,t6,t10,t2,t4,t9,t13,t14,t13,t15
t1,t2,t3,t4,t7,t9,t5,t10,t13,t15
t1,t3,t2,t5,t4,t8,t11,t6,t11,t12,t10,t4,t8,t11,t12,t4,t8,t11,t12,t4,t9,t13,t15
t1,t2,t4,t9,t13,t14,t3,t13,t5,t6,t10,t15
t1,t3,t2,t6,t4,t9,t5,t13,t10,t15
t1,t2,t3,t4,t5,t9,t13,t6,t10,t15
t1,t3,t2,t6,t4,t5,t8,t10,t12,t4,t8,t12,t4,t8,t12,t4,t9,t13,t14,t13,t15
t1,t2,t3,t4,t7,t8,t11,t5,t11,t10,t11,t11,t11,t11,t12,t4,t9,t13,t15
t1,t2,t3,t5,t4,t4,t9,t13,t15
t1,t3,t2,t4,t5,t8,t11,t12,t4,t6,t8,t10,t12,t4,t8,t12,t4,t9,t13,t15
t1,t2,t3,t4,t5,t6,t10,t9,t13,t15
t1,t2,t3,t4,t6,t8,t5,t10,t12,t4,t8,t11,t12,t4,t8,t11,t12,t4,t8,t11,t12,t4,t8,t12,t4,t9,t13,t15
t1,t2,t3,t4,t6,t8,t5,t11,t11,t10,t11,t12,t4,t8,t12,t4,t9,t13,t15
t1,t3,t7,t2,t4,t5,t9,t10,t13,t15
t1,t2,t4,t3,t9,t6,t13,t5,t10,t15
t1,t2,t3,t4,t5,t6,t10,t9,t13,t14,t13,t15
t1,t2,t3,t4,t5,t9,t7,t13,t10,t15
t1,t3,t2,t7,t5,t10,t4,t8,t11,t11,t12,t4,t8,t12,t4,t9,t13,t15
t1,t3,t2,t5,t4,t10,t9,t13,t15
t1,t3,t7,t2,t5,t10,t4,t9,t13,t15
t1,t2,t4,t3,t5,t6,t10,t9,t13,t15
t1,t3,t2,t7,t5,t4,t10,t9,t13,t14,t13,t15
t1,t3,t2,t5,t4,t8,t11,t11,t6,t11,t10,t11,t11,t11,t11,t11,t12,t4,t8,t12,t4,t9,t13,t15
t1,t3,t2,t6,t5,t10,t4,t9,t13,t15
t1,t3,t7,t2,t5,t4,t10,t8,t12,t4,t8,t11,t12,t4,t8,t11,t11,t11,t12,t4,t8,t11,t11,t12,t4,t8,t12,t4,t9,t13,t15
t1,t2,t3,t5,t4,t6,t8,t10,t12,t4,t9,t13,t15
t1,t3,t2,t5,t4,t9,t6,t13,t10,t15
t1,t3,t2,t5,t4,t7,t9,t10,t13,t15
t1,t3,t6,t5,t2,t10,t4,t8,t12,t4,t9
t1,t3,t2,t7,t5,t4,t9,t10,t13,t15
t1,t2,t3,t5,t4,t9,t13,t6,t10,t15
t1,t2,t3,t5,t6,t4,t10,t8,t12,t4,t8,t11,t12,t4,t8,t11,t11,t11,t12,t4,t9,t13,t15
t1,t3,t2,t5,t7,t4,t10,t9,t13,t15
t1,t2,t3,t4,t7,t5,t9,t10,t13,t15
t1,t2,t3,t4,t5,t8,t7,t10,t11,t12,t4,t9,t13,t15
t1,t2,t3,t4,t5,t6,t9,t10,t13,t15
t1,t3,t6,t5,t2,t10,t4,t9,t13,t15
t1,t2,t3,t4,t7,t8,t5,t12,t10,t4,t9,t13,t15
t1,t3,t2,t4,t8,t7,t12,t5,t13,t10,t14,t13,t15
t1,t3,t2,t7,t4,t5,t8,t10,t11,t11,t11,t11,t11,t12,t4,t9,t13,t15
t1,t3,t2,t5,t4,t6,t9,t10,t13,t15
t1,t3,t7,t5,t2,t4,t10,t8,t12,t4,t9,t13,t15
t1,t2,t3,t6,t4,t5,t9,t10,t13,t14,t13,t15
t1,t2,t3,t5,t4,t6,t8,t10,t11,t11,t11,t12,t4,t8,t12,t4,t8,t11,t12,t4,t8,t12,t4,t9,t13,t15
t1,t3,t2,t7,t5,t10,t4,t9,t13,t15
t1,t3,t6,t2,t4,t9,t5,t10,t13,t15
t1,t3,t2,t5,t7,t10,t4,t9,t13,t15
t1,t2,t3,t4,t5,t9,t7,t10,t13,t15
t11,t2,t4,t3,t8,t6,t5,t10,t11,t11,t1,t11,t12,t4,t8,t11,t11,t12,t4,t9,t13,t14,t13,t15
t1,t2,t3,t4,t7,t5,t10,t9,t13,t15
t1,t2,t3,t4,t5,t9,t6,t10,t13,t15
t1,t3,t2,t5,t6,t10,t4,t8,t11,t12,t4,t8,t12,t4,t9,t13,t14,t13,t15
t1,t3,t2,t5,t6,t4,t10,t9,t13,t15
t1,t3,t2,t6,t5,t10,t4,t9,t13,t15
t1,t3,t5,t2,t4,t8,t7,t10,t12,t4,t9,t13,t15
t1,t3,t2,t6,t4,t5,t8,t11,t10,t12,t4,t9,t13,t15
t1,t3,t7,t5,t10,t2,t4,t8,t11,t11,t11,t12,t4,t8,t12,t4,t8,t11,t12,t4,t9,t13,t15
t1,t2,t3,t4,t7,t5,t8,t10,t12,t4,t8,t12,t4,t8,t12,t4,t9,t13,t15
t1,t3,t6,t5,t10,t2,t4,t9,t13,t15
t1,t2,t3,t4,t5,t8,t6,t10,t11,t11,t11,t11,t11,t11,t11,t11,t12,t4,t9,t13,t15
t1,t3,t5,t2,t7,t10,t4,t9,t13,t15
t1,t2,t3,t6,t4,t8,t5,t10,t11,t12,t4,t9,t13,t15
t1,t3,t2,t5,t4,t8,t12,t6,t4,t8,t10,t11,t11,t12,t4,t9,t13,t15
t1,t2,t3,t4,t6,t8,t5,t10,t12,t4,t9,t13,t14,t13,t15
t1,t2,t3,t7,t4,t5,t10,t9,t13,t15
t1,t3,t5,t2,t7,t10,t4,t9,t13,t15
t1,t3,t2,t4,t5,t6,t9,t10,t13,t15
t1,t2,t4,t8,t3,t12,t7,t4,t5,t8,t10,t12,t4,t8,t11,t12,t4,t9,t13,t15
t1,t3,t2,t5,t4,t6,t8,t10,t12
t1,t2,t3,t7,t5,t4,t10,t9,t13,t15
t1,t2,t3,t4,t5,t6,t8,t10,t12,t4,t9,t13,t15
t1,t3,t2,t5,t6,t10,t4,t8,t12,t4,t8,t12,t4,t8,t12,t4,t8,t12,t4,t9,t13,t15
t1,t2,t4,t8,t3,t5,t6,t11,t10,t11,t11,t11,t11,t12,t4,t9,t13,t15
t1,t3,t7,t5,t10,t2,t4,t8,t11,t11,t12,t4,t9,t13,t15
t1,t3,t2,t7,t4,t8,t5,t10,t12,t4,t8,t12,t4,t8,t12,t4,t9,t13,t15
t1,t3,t7,t5,t10,t2,t4,t8,t12,t4,t8,t12,t4,t8,t12,t4,t9,t13,t15
t1,t2,t3,t4,t9,t5,t13,t7,t10,t14,t13,t15
t1,t2,t3,t4,t5,t6,t8,t10,t11,t12,t4,t9,t13,t15
t1,t2,t3,t4,t6,t12,t4,t9,t13,t15
t1,t3,t2,t4,t6,t5,t10,t9,t13,t15
t1,t2,t3,t5,t6,t4,t10,t8,t12,t4,t9,t13,t15
t1,t2,t3,t4,t9,t5,t13,t14,t13,t6,t14,t10,t13,t15
t1,t2,t3,t4,t5,t9,t7,t10,t13,t15
t1,t2,t3,t6,t5,t4,t10,t9,t13,t15
t1,t2,t3,t5,t7,t4,t10,t9,t13,t15
t1,t2,t3,t4,t5,t7,t10,t9,t13,t15
t1,t2,t3,t4,t6,t9,t5,t10,t13,t15
t1,t3,t5,t6,t2,t10,t4,t8,t11,t11,t11,t12,t4,t8,t11,t11,t11,t11,t12,t4,t8,t12,t4,t8,t11,t12,t4,t9,t13,t15
t1,t3,t2,t6,t5,t4,t10,t8,t11,t11,t12,t4,t8,t12,t4,t8,t12,t4,t8,t12
t1,t2,t3,t4,t6,t8,t5,t12,t10,t4,t8,t11,t12,t4,t9,t13,t15
t1,t2,t3,t4,t7,t8,t11,t5,t11,t10,t11,t11,t11,t11,t12,t4,t8,t11,t12,t4,t9,t13,t15
t1,t2,t4,t3,t8,t5,t12,t7,t10,t4,t8,t11,t11,t12,t4,t9,t13,t15
t1,t3,t2,t5,t7,t10,t4,t8,t12,t4,t9,t13,t15
t1,t3,t2,t6,t4,t8,t11,t12,t5,t10,t4,t9,t13,t14,t13,t15
t1,t3,t2,t4,t5,t9,t7,t10,t13,t14,t13,t15
t1,t2,t3,t4,t7,t9,t5,t13,t10,t15
t1,t3,t2,t4,t9,t13,t5,t14,t13,t7,t10,t15
t1,t3,t2,t5,t7,t4,t10,t8,t11,t11,t11,t12,t4,t9,t13,t15
t1,t15,t3,t5,t6,t4,t10,t9,t13,t2
t1,t2,t3,t6,t4,t5,t8,t10,t11,t12,t4,t8,t12,t4,t9,t13,t15
t1,t3,t2,t6,t4,t8,t12,t5,t4,t10,t8,t11,t12,t4,t9,t13,t15
t1,t2,t3,t4,t6,t8,t5,t11,t11,t10,t11,t12,t4,t8,t11,t11,t12,t4,t8,t12,t4,t9,t13,t15
t1,t3,t5,t2,t6,t10,t4,t8,t11,t12,t4,t8,t11,t11,t11,t12,t4,t8,t11,t12,t4,t9,t13,t15
t1,t3,t2,t5,t4,t6,t10,t8,t11,t11,t11,t11,t12,t4,t8,t12,t4,t9,t13,t15
t1,t2,t3,t4,t6,t9,t5,t10,t13,t15
t1,t2,t4,t3,t9,t6,t5,t13,t10,t15
t1,t2,t4,t3,t9,t5,t7,t10,t13,t15
t1,t2,t3,t7,t4,t8,t5,t10,t11,t11,t11,t11,t12,t4,t8,t11,t12,t4,t8,t11,t12,t4,t8,t12,t4,t8,t11,t12,t4,t9,t13,t15
t1,t2,t4,t3,t8,t5,t11,t6,t12,t10,t4,t8,t8,t11,t12,t4,t8,t12,t4,t9,t13,t15
t1,t2,t3,t4,t5,t8,t7,t10,t11,t12,t4,t8,t12,t4,t8,t11,t12,t4,t9,t13,t15
t1,t2,t3,t4,t7,t8,t5,t11,t10,t11,t11,t12,t4,t8,t11,t11,t11,t12,t4,t8,t11,t11,t11,t12,t4,t8,t12,t4,t8,t11,t11,t12,t4,t9,t13,t15
t1,t2,t3,t4,t5,t7,t10,t8,t12,t4,t9,t13,t15
t1,t3,t2,t5,t7,t4,t10,t9,t13,t15
t1,t2,t3,t4,t5,t9,t13,t14,t6,t10,t13,t15
t1,t2,t3,t7,t4,t5,t10,t9,t13,t15
t1,t3,t5,t2,t4,t8,t6,t11,t10,t12,t4,t8,t12,t4,t8,t11,t11,t11,t11,t11,t12,t4,t9,t13,t15
t1,t2,t3,t4,t5,t7,t10,t8,t12,t4,t9,t13,t14,t13,t15
t1,t2,t3,t6,t4,t9,t13,t5,t10,t15
t1,t3,t5,t2,t6,t4,t10,t9,t13,t15
t1,t3,t2,t5,t6,t4,t10,t9,t13,t14,t13,t15
t1,t2,t4,t3,t9,t6,t5,t13,t10,t15
t1,t3,t2,t7,t4,t5,t8,t10,t11,t12,t4,t9,t13,t15
t1,t3,t2,t5,t4,t9,t6,t13,t10,t15
t1,t3,t2,t4,t6,t5,t8,t10,t12,t4,t8,t12,t4,t8,t12,t4,t8,t11,t11,t11,t11,t11,t11,t12,t4,t8,t12,t4,t8,t11,t12,t4,t9,t13,t14,t13,t15
t1,t2,t4,t3,t5,t9,t13,t7,t10,t15
t1,t3,t2,t5,t4,t6,t10,t9,t13,t15
t1,t3,t5,t2,t6,t4,t10,t9,t13,t15
t1,t2,t3,t4,t6,t5,t10,t8,t11,t11,t11,t12,t4,t9,t13,t15
t1,t3,t2,t6,t5,t9,t13,t15
t1,t3,t2,t5,t6,t10,t4,t8,t11,t12,t4,t8,t12,t4,t8,t12,t4,t8,t11,t12,t4,t8,t12,t4,t8,t11,t11,t11,t11,t12,t4,t8,t12,t4,t9,t13,t14,t13,t15
t1,t3,t5,t2,t6,t10,t4,t9,t13,t15
t1,t2,t4,t3,t9,t5,t6,t10,t13,t14,t13,t15
t1,t2,t4,t3,t9,t6,t13,t5,t14,t10,t13,t15
t1,t2,t4,t8,t3,t12,t4,t5,t9,t7,t13,t10,t14,t13,t15
t1,t3,t7,t2,t4,t5,t10,t8,t12,t4,t8,t12,t4,t9,t13,t15
t1,t2,t3,t4,t5,t7,t8,t10,t12,t4,t8,t12,t4,t8,t11,t12,t4,t9,t13,t15
t1,t2,t3,t4,t5,t8,t12,t6,t10,t4,t8,t12,t4,t8,t11,t11,t12,t4,t8,t12,t4,t9,t13,t14,t13,t15
t1,t3,t2,t4,t5,t6,t10,t9,t13,t15
t1,t3,t7,t2,t5,t4,t8,t12,t4,t9,t13,t15
t1,t2,t3,t5,t4,t6,t8,t10,t12,t4,t8,t11,t11,t11,t12,t4,t8,t11,t12,t4,t8,t12,t4,t8,t12,t4,t9,t13,t15
t1,t3,t2,t5,t7,t10,t4,t9,t13,t15
t1,t2,t3,t4,t5,t6,t10,t8,t12,t4,t8,t12,t4,t8,t11,t12,t4,t8,t12,t4,t9,t13,t15
t1,t2,t3,t4,t5,t7,t10,t9,t13,t15
t1,t3,t2,t5,t7,t4,t10,t8,t11,t12,t4,t9,t13,t15
t1,t3,t2,t4,t5,t7,t9,t10,t13,t15
t1,t3,t2,t7,t5,t4,t10,t9,t13,t15
t1,t2,t3,t4,t5,t7,t9,t10,t13,t15
t1,t2,t4,t9,t3,t13,t6,t5,t14,t10,t13,t15
t1,t2,t3,t4,t5,t8,t6,t12,t10,t4,t8,t12,t4,t8,t12,t4,t8,t11,t12,t4,t8,t11
t1,t3,t6,t2,t5,t4,t10,t9,t13,t15
t1,t2,t3,t4,t9,t5,t6,t13,t10,t15
t1,t2,t4,t9,t3,t13,t7,t5,t14,t10,t13,t15
t1,t2,t3,t4,t5,t8,t12,t7,t4,t10,t8,t12,t4,t8,t11,t12,t4,t8,t12,t4,t8,t12,t4,t8,t11,t12,t4,t9,t13,t15
t1,t3,t2,t5,t4,t7,t10,t9,t13,t15
t1,t2,t3,t4,t7,t5,t9,t10,t13,t14,t13,t15
t1,t3,t2,t5,t4,t7,t9,t10,t13,t14,t13,t15
t1,t2,t3,t4,t6,t5,t8,t10,t12,t4,t9,t13,t15
t1,t2,t3,t7,t4,t5,t8,t12,t10,t4,t9,t13,t15
t1,t3,t5,t2,t6,t4,t10,t12,t4,t9,t13,t15
t1,t2,t3,t5,t4,t8,t6,t12,t10,t4,t9,t13,t15
t1,t2,t3,t4,t6,t9,t5,t13,t10,t15
t1,t2,t3,t4,t5,t8,t7,t10,t11,t11,t11,t12,t4,t8,t11,t11,t11,t11,t12,t4,t8,t11,t12,t4,t9,t13,t15
t1,t2,t3,t4,t6,t5,t9,t10,t13,t15
t1,t3,t2,t4,t5,t7,t10,t8,t11,t12,t4,t8,t12,t4,t9,t13,t15
t1,t3,t2,t4,t5,t6,t10,t8,t12,t4,t9,t13,t15
t1,t3,t2,t7,t5,t4,t10,t9,t13,t15
t1,t3,t2,t5,t4,t7,t10,t8,t12,t4,t8,t11,t11,t12,t4,t9,t13,t15
t1,t3,t5,t6,t10,t2,t4,t9,t13,t15
t1,t3,t7,t2,t5,t10,t4,t8,t12,t4,t8,t11,t12,t4,t8,t12
t1,t3,t2,t4,t5,t9,t6,t10,t13,t15
t1,t2,t3,t4,t5,t7,t8,t10,t11,t12,t4,t8,t12,t4,t8,t11,t12,t4,t9,t13,t15
t1,t3,t2,t5,t4,t8,t7,t10,t11,t12,t4,t8,t12,t4,t8,t12,t4,t8,t12,t4,t9,t13,t15
t1,t3,t2,t5,t4,t7,t8,t10,t12,t4,t9,t13,t15
t1,t3,t2,t5,t4,t9,t13,t14,t13,t6,t14,t10,t13,t15
t1,t3,t7,t5,t10,t2,t4,t9,t13,t15
t1,t2,t4,t3,t6,t9,t5,t13,t10,t14,t13,t15
t1,t3,t7,t2,t5,t10,t4,t9,t13,t15
t1,t3,t2,t7,t5,t10,t4,t9,t13,t15
t5,t4,t10,t8,t12,t4,t9,t13,t15
t1,t3,t7,t5,t2,t10,t4,t9,t13,t15
t1,t2,t3,t4,t6,t8,t11,t5,t12,t10,t4,t8,t12,t4,t8,t12,t4,t8,t11,t11,t12,t4,t9,t13,t15
t1,t3,t2,t5,t6,t4,t10,t9,t13,t15
t1,t3,t2,t5,t4,t9,t13,t14,t7,t10,t13,t15
t1,t2,t3,t4,t6,t9,t13,t5,t10,t15
t1,t2,t4,t3,t8,t6,t11,t12,t5,t4,t10,t9,t13,t14,t13,t15
t1,t2,t4,t3,t8,t5,t12,t7,t4,t10,t8,t12,t4,t8,t12,t4,t9,t13,t15
t1,t3,t2,t4,t7,t8,t5,t10,t11,t11,t12,t4,t9,t13,t15
t1,t3,t2,t5,t7,t10,t4,t9,t13,t14,t13,t14,t13,t15
t1,t3,t5,t7,t10,t2,t4,t8,t12,t4,t8,t11,t12,t4,t8,t12,t4,t8,t12,t4,t8,t12,t4,t9,t13,t15
t1,t2,t3,t4,t6,t5,t10,t9,t13,t15
t1,t2,t3,t7,t5,t4,t9,t10,t13,t15
t1,t2,t3,t5,t4,t6,t10,t9,t13,t15
t1,t2,t3,t4,t5,t9,t13,t7,t10,t14,t13,t15
t1,t3,t5,t2,t6,t4,t10,t8,t12,t4,t9,t13,t15
t1,t2,t4,t3,t6,t5,t8,t10,t12,t4,t8,t11,t11,t12,t4,t8,t12,t4,t8,t12,t4,t9,t13,t14,t13,t15
t1,t2,t3,t4,t5,t9,t6,t10,t13,t15
t1,t3,t2,t4,t8,t5,t12,t7,t10,t4,t8,t12,t4,t9,t13,t15
t1,t2,t4,t3,t7,t5,t10,t9,t13,t15
t3,t5,t2,t6,t10,t4,t9,t13,t15
t1,t3,t2,t5,t4,t7,t8,t10,t11,t12,t4,t9,t13,t15
t1,t2,t4,t3,t9,t5,t6,t10,t13,t14,t13,t15
t1,t2,t3,t4,t5,t7,t10,t9,t13,t14,t13,t15
t1,t2,t3,t4,t6,t9,t13,t5,t10,t14,t13,t15
t1,t3,t2,t5,t4,t7,t10,t8,t11,t11,t12,t4,t8,t11,t11,t11,t12,t4,t8,t11,t12,t4,t9,t13,t15
t1,t3,t6,t5,t2,t10,t4,t8,t12,t4,t8,t11,t12,t4,t8,t11,t11,t12,t4,t9,t13,t15
t1,t3,t5,t2,t7,t10,t4,t8,t12,t4,t8,t12,t4,t8,t11,t12,t4,t9,t13,t14,t13,t15
t1,t3,t2,t6,t4,t9,t5,t10,t13,t15
t1,t2,t3,t4,t5,t7,t9,t13,t10,t14,t13,t15
t2,t5,t7,t10,t4,t8,t12,t4,t8,t12,t4,t9,t13,t15
t1,t3,t2,t5,t4,t8,t12,t7,t4,t10,t9,t13,t15
t1,t2,t3,t5,t7,t10,t4,t9,t13,t15
t1,t2,t3,t4,t5,t9,t13,t14,t7,t10,t13,t15
t1,t2,t4,t3,t9,t5,t13,t6,t10,t14,t13,t15
t1,t2,t3,t4,t6,t8,t11,t11,t12,t5,t4,t10,t9,t13,t15
t1,t2,t3,t7,t4,t5,t10,t9,t13,t14,t13,t15
t1,t2,t3,t4,t5,t8,t6,t10,t12,t4,t8,t12,t4,t8,t12,t4,t8,t11,t12,t4,t8,t12,t4,t8,t12,t4,t9,t13,t15
t1,t3,t7,t2,t5,t10,t4,t9,t13,t15
t1,t3,t2,t5,t7,t10,t4,t9,t13,t15
t1,t3,t5,t6,t10,t2,t4,t8,t12,t8,t11,t12,t4,t9,t13,t15
t1,t3,t2,t5,t6,t10,t4,t9,t13,t15
t1,t2,t4,t9,t3,t5,t13,t7,t10,t15
t1,t3,t5,t2,t6,t10,t4,t9,t13,t15
t1,t3,t2,t7,t4,t9,t5,t13,t10,t14,t13,t15
t1,t3,t5,t2,t4,t8,t7,t10,t12,t4,t8,t12,t4,t9,t13,t15
t1,t2,t3,t4,t6,t9,t5,t13,t10,t15
t1,t3,t6,t2,t5,t4,t10,t9,t13,t14,t13,t15
t1,t3,t2,t5,t4,t7,t8,t10,t12,t4,t9,t13,t15
t1,t3,t2,t5,t6,t10,t4,t8,t11,t12,t4,t8,t12,t4,t8,t11,t12,t4,t8,t11,t11,t11,t11,t11,t11,t12,t4,t9,t13,t15
t1,t2,t4,t3,t8,t5,t11,t6,t10,t12,t4,t9
t1,t2,t3,t4,t7,t5,t9,t10,t13,t15
t1,t2,t3,t4,t5,t9,t6,t13,t10,t15
t1,t2,t3,t4,t5,t9,t7,t10,t13,t15
t1,t2,t3,t4,t7,t8,t5,t10,t12,t4,t9,t13,t15
t1,t2,t3,t4,t5,t7,t10,t9,t13,t15
t1,t3,t2,t4,t7,t9,t5,t13,t10,t14,t13,t15
t1,t2,t3,t4,t6,t5,t9,t10,t13,t14,t13,t15
t1,t3,t2,t6,t5,t10,t4,t8,t11,t12,t4,t8,t11,t11,t12,t4,t8,t12,t4,t9,t13,t15
t1,t2,t3,t4,t8,t6,t5,t12,t10,t4,t8,t12,t4,t8,t12,t4,t8,t11,t12,t4,t8,t12,t4,t9,t13,t15
t1,t2,t3,t4,t5,t6,t10,t9,t13
t1,t2,t3,t4,t5,t6,t9,t10,t13,t15
t1,t3,t5,t2,t6,t4,t10,t8,t11,t12,t4,t9,t13,t14,t13,t14,t13,t15
t1,t3,t2,t7,t4,t5,t9,t10,t13,t14,t13,t15
t1,t3,t5,t2,t6,t4,t10,t9,t13,t15
t1,t3,t7,t2,t5,t4,t10,t8,t11,t12,t4,t9,t13,t15
t1,t2,t3,t7,t5,t10,t4,t9,t13,t15
t1,t2,t3,t6,t4,t5,t8,t10,t12,t4,t9,t13,t15
t1,t3,t6,t2,t5,t4,t10,t9,t13,t15
t1,t2,t3,t5,t7,t10,t4,t8,t12,t4,t8,t12,t4,t8,t11,t11,t12,t4,t9,t13,t15
t1,t3,t6,t5,t2,t10,t4,t8,t12,t4,t8,t12,t4,t8,t11,t12,t4,t8,t11,t11,t11,t11,t12,t4,t8,t12,t4,t8,t11,t12,t4
t1,t3,t7,t2,t5,t4,t10,t9,t13,t15
t1,t3,t2,t4,t7,t8,t5,t10,t12,t4,t8,t11,t12,t4,t9,t13,t14,t13,t14,t13,t15
t1,t2,t3,t4,t9,t5,t7,t13,t10,t15
t1,t2,t3,t6,t4,t5,t9,t10,t13,t14,t13,t15
t1,t3,t2,t6,t4,t5,t10,t9,t13,t15
t1,t2,t3,t4,t5,t6,t10,t9,t13,t15
t1,t3,t7,t5,t2,t10,t4,t8,t12,t4,t9,t13,t14,t13,t15
t1,t2,t3,t4,t7,t5,t9,t13,t10,t14,t13,t15
t1,t3,t5,t2,t6,t4,t10,t8,t11,t12,t4,t9,t13,t15
t1,t4,t3,t5,t2,t9,t7,t13,t10,t15
t1,t2,t3,t4,t5,t7,t9,t10,t13,t14,t13,t15
t1,t3,t2,t6,t5,t4,t10,t9,t13,t14,t13,t15
t1,t3,t2,t6,t4,t5,t8,t10,t12,t4,t8,t12,t4,t9,t13,t15
t1,t3,t6,t2,t5,t4,t9,t10,t13,t15
t1,t2,t4,t3,t8,t7,t5,t10,t12,t4,t9,t13,t15
t1,t3,t2,t5,t4,t9,t6,t13,t10,t15
t1,t3,t2,t5,t7,t4,t10,t8,t12,t4,t9,t13,t15
t1,t3,t2,t5,t7,t10,t4,t8,t11,t12,t4,t9,t13,t15
t1,t3,t2,t5,t6,t4,t10,t9,t13,t15
t5,t4,t6,t8,t10,t11,t11,t11,t12,t4,t9,t13,t15
t1,t3,t2,t5,t7,t4,t9,t10,t13,t15
t1,t2,t3,t4,t7,t5,t8,t10,t11,t11,t12,t4,t9,t13,t15
t1,t3,t2,t5,t6,t4,t10,t9,t13,t15
t1,t2,t4,t8,t3,t6,t11,t12,t5,t10,t4,t8,t12,t4,t9,t13,t15
t1,t3,t2,t5,t4,t9,t7,t13,t10,t15
t1,t3,t2,t5,t4,t9,t13,t7,t10,t14,t13,t15
t1,t3,t5,t2,t6,t10,t4,t9,t13,t14,t13,t15
t1,t2,t3,t4,t5,t7,t10,t8,t11,t12,t4,t9,t13,t14,t13,t15
t1,t3,t2,t4,t6,t5,t8,t10,t12,t4,t8,t11,t11,t12,t4,t9,t13,t15
t3,t4,t9,t5,t13,t6,t10,t15
t1,t2,t3,t6,t4,t5,t8,t10,t11,t11,t12,t4,t9,t13,t15
t1,t2,t4,t8,t3,t12,t5,t4,t9,t13,t6,t10,t15
t1,t2,t3,t4,t5,t8,t6,t10,t11,t12,t4,t8,t11,t12,t4,t8,t12,t4,t9,t13,t14,t13,t15
t1,t3,t5,t2,t4,t6,t10,t8,t12,t4,t8,t11,t11,t11,t11,t12,t4,t8,t12,t4,t8,t12,t4,t9,t13,t15
t1,t2,t3,t4,t6,t9,t5,t10,t13,t15
t1,t2,t3,t4,t7,t5,t8,t10,t11,t12,t4,t9,t13,t15
t1,t2,t3,t4,t5,t6,t10,t9,t13,t15
t1,t2,t3,t4,t9,t5,t7,t10,t13,t15
t1,t3,t5,t2,t4,t7,t10,t9,t13,t15
t8,t5,t12,t10,t4,t8,t12,t4,t8,t12,t4,t8,t12,t4,t9,t13,t15
t1,t3,t6,t2,t5,t10,t4,t8,t12,t4,t9,t13,t15
t1,t3,t2,t7,t4,t5,t10,t8,t11,t11,t11,t12,t4,t9,t13,t15
t1,t3,t6,t5,t10,t2,t4,t8,t12,t4,t9,t13,t15
t1,t2,t3,t4,t9,t13,t7,t14,t5,t10,t13,t15
t1,t3,t2,t4,t6,t5,t9,t10,t13,t15
t1,t2,t4,t3,t9,t5,t7,t10,t13,t15
t1,t3,t2,t7,t4,t5,t9,t10,t13,t15
t1,t3,t2,t7,t5,t4,t10,t9,t13,t15
t1,t3,t5,t2,t4,t8,t7,t12,t10,t4,t8,t12,t4,t8,t11,t12,t4,t9,t13,t15
t1,t2,t3,t13,t9,t5,t7,t4,t10,t15
t1,t3,t2,t5,t4,t9,t13,t14,t13,t7,t10,t15
t1,t2,t3,t4,t5,t7,t9,t13,t14,t10,t13,t15
t1,t3,t2,t5,t4,t7,t8,t10,t11,t11,t12,t4,t8,t12,t4,t8,t12,t4,t8,t11,t12,t4,t9,t13,t15
t1,t2,t3,t4,t9,t7,t5,t13,t10,t14,t13,t15
t1,t2,t3,t4,t7,t9,t5,t10,t13,t15
t1,t2,t4,t8,t3,t5,t6,t10,t12,t4,t8,t11,t11,t11,t12,t4,t9,t13,t15
t1,t3,t2,t5,t7,t4,t10,t9,t13,t15
t1,t2,t3,t4,t5,t8,t6,t10,t12,t4,t9,t13,t15
t1,t3,t5,t2,t4,t9,t7,t10,t13,t15
t2,t5,t6,t10,t4,t9,t13,t15
t1,t2,t4,t3,t9,t5,t13,t7,t10,t15
t1,t3,t5,t6,t10,t2,t4,t9,t13,t15
t1,t2,t4,t3,t9,t5,t13,t7,t10,t14,t13,t15
t1,t2,t3,t4,t6,t8,t5,t12,t10,t4,t9,t13,t15
t1,t3,t2,t5,t7,t4,t10,t9,t13,t15
t1,t3,t6,t2,t4,t5,t10,t9,t13,t14,t13,t14,t13,t15
t1,t2,t4,t3,t6,t9,t13,t5,t14,t10,t13,t15
t1,t2,t4,t3,t9,t7,t5,t13,t10,t14,t13,t15
t1,t2,t4,t3,t8,t7,t5,t10,t11,t12,t4,t9,t13,t15
t5,t2,t4,t10,t9,t13,t15
t1,t3,t2,t4,t7,t9,t5,t10,t13,t15
t1,t3,t2,t5,t4,t7,t10,t9,t13,t15
t1,t2,t3,t5,t7,t4,t10,t8,t11,t11,t11,t12,t4,t8,t11,t11,t12,t4,t8,t11,t12,t4,t8,t12,t4,t8,t11,t11,t12,t4,t8,t12,t4,t8,t12,t4,t9,t13,t15
t1,t3,t2,t5,t4,t9,t7,t10,t13,t15
t1,t2,t3,t5,t4,t6,t10,t9,t13,t14,t13,t15
t1,t3,t2,t5,t4,t8,t7,t10,t12,t4,t9,t13,t15
t1,t2,t4,t3,t9,t7,t13,t5,t14,t10,t13,t15
t1,t2,t3,t4,t5,t6,t8,t10,t11,t12,t4,t8,t12,t4,t8,t11,t11,t12,t4,t8,t12,t4,t8,t12,t4,t8,t12,t4,t8,t11,t11,t11,t11,t12,t4,t9,t13,t14,t13,t15
t1,t3,t2,t7,t5,t4,t10,t9,t13,t15
t1,t2,t3,t4,t5,t7,t9,t10,t15,t13
t1,t3,t2,t7,t5,t10,t4,t9,t13,t15
t1,t3,t5,t7,t10,t2,t4,t9,t13,t15
t1,t2,t3,t4,t5,t7,t9,t10,t13,t15
t1,t2,t3,t4,t5,t9,t13,t6,t14,t10,t13,t15
t1,t3,t2,t6,t4,t5,t9,t10,t13,t15
t1,t2,t3,t5,t4,t6,t10,t8,t11,t11,t12,t4,t8,t12,t4,t8,t11,t11,t12,t4,t8,t11,t12,t4,t9,t13,t15
t1,t2,t4,t3,t8,t7,t5,t11,t10,t11,t12,t4,t9,t13,t15
t1,t3,t2,t7,t4,t8,t5,t11,t11,t11,t10,t12,t4,t9,t13,t15
t1,t3,t6,t2,t5,t10,t4,t8,t12,t4,t8,t12,t4,t8,t12,t4,t9,t13,t15
t1,t3,t2,t5,t4,t13,t10,t15
t1,t2,t3,t4,t7,t8,t5,t10,t12,t4,t8,t11,t12,t4,t8,t11,t12,t4,t8,t11,t11,t12,t4,t8,t11,t12,t4,t8,t12,t4,t9,t13,t15
t1,t3,t2,t5,t7,t4,t10,t8,t12,t4,t9,t13,t14,t13,t15
t1,t2,t3,t4,t5,t8,t7,t10,t12,t4,t8,t11,t12,t4,t8,t11,t11,t12,t4,t8,t12,t4,t9,t13,t15
t1,t2,t3,t4,t7,t8,t5,t12,t10,t4,t8,t11,t11,t12,t4,t9,t13,t15
t1,t3,t5,t6,t10,t2,t4,t9,t13,t14,t13,t15
t1,t2,t3,t5,t7,t10,t4,t8,t11,t12,t4,t8,t12,t4,t9,t13,t15
t1,t3,t6,t2,t4,t9,t5,t13,t10,t15
t1,t3,t5,t2,t6,t10,t4,t9,t13,t15
t1,t2,t3,t5,t7,t4,t10,t9,t13,t15
t1,t2,t4,t3,t7,t5,t10,t8,t11,t12,t4,t8,t11,t12,t4,t9,t13
t1,t3,t2,t5,t6,t4,t10,t8,t12,t4,t8,t11,t11,t12,t4,t9,t13,t15
t1,t3,t6,t5,t10,t2,t4,t8,t11,t12,t4,t9,t13,t15
t1,t2,t3,t4,t9,t6,t13,t5,t14,t13,t10,t15
t1,t2,t3,t4,t6,t5,t10,t9,t13,t15
t1,t3,t2,t7,t5,t10,t4,t9,t13,t14,t13,t15
t1,t2,t3,t5,t4,t8,t7,t11,t11,t12,t10,t4,t8,t12,t4,t9,t13,t15
t1,t3,t2,t4,t5,t6,t8,t10,t12,t4,t9,t13,t15
t1,t2,t3,t5,t7,t10,t4,t9,t13,t14,t13,t15
t1,t2,t3,t4,t9,t6,t13,t5,t14,t10,t13,t14,t13,t15
t1,t3,t5,t7,t10,t2,t4,t8,t12,t4,t8,t11,t11,t11,t12,t4,t8,t12,t4,t8,t12,t4,t9,t13,t14
t1,t2,t4,t9,t3,t13,t5,t7,t14,t10,t13,t15
t1,t2,t3,t6,t5,t10,t4,t9,t13,t15
t1,t2,t3,t4,t5,t6,t8,t10,t12,t4,t8,t12,t4,t9,t13,t15
t1,t2,t3,t4,t5,t6,t10,t9,t13,t15
t1,t2,t3,t5,t7,t10,t4,t8,t11,t12,t4,t9,t13,t15
t1,t3,t2,t7,t4,t8,t5,t10,t12,t4,t9,t13,t15
t1,t2,t4,t3,t8,t7,t5,t10,t12,t4,t8,t12,t4,t9,t13,t15
t1,t2,t4,t3,t7,t8,t5,t10,t11,t11,t11,t12,t4,t9,t13,t15
t1,t2,t3,t4,t7,t9,t5,t10,t13,t15
t1,t2,t4,t3,t8,t11,t5,t11,t7,t10,t12,t4
t1,t2,t3,t4,t5,t6,t9,t10,t13,t15
t1,t2,t4,t3,t9,t5,t13,t7,t10,t15
t1,t2,t4,t3,t9,t5,t7,t10,t13,t14,t13,t15
t1,t3,t2,t7,t5,t10,t4,t9,t13,t15
t1,t3,t6,t5,t2,t10,t4,t8,t11,t12,t4,t9,t13,t15
t1,t3,t2,t6,t5,t10,t4,t9,t13,t15
t1,t3,t7,t2,t4,t5,t10,t9,t13,t15
t1,t2,t3,t4,t7,t9,t5,t10,t13,t15
t1,t2,t3,t5,t7,t10,t4,t9,t13,t15
t1,t3,t2,t7,t4,t9,t5,t13,t10,t14,t13,t14,t13,t15
t1,t2,t3,t4,t5,t7,t10,t9,t13,t14,t13,t14,t13,t15
t1,t3,t2,t7,t4,t5,t8,t10,t11,t12,t4,t8,t11,t12,t4,t8,t12,t4,t9,t13,t15
t1,t2,t3,t4,t5,t7,t10,t8,t11,t11,t11,t12,t4,t8,t11,t11,t11,t12,t4,t8,t11,t11,t12,t4,t9,t13,t15
t1,t2,t3,t4,t5,t6,t10,t9,t13,t15
t1,t2,t3,t4,t6,t5,t10,t9,t13,t15
t1,t3,t2,t5,t4,t7,t10,t8,t11,t11,t12,t4,t9,t13,t14,t13,t15
t1,t2,t4,t8,t12,t4,t9,t3,t13,t5,t7,t10,t14,t13,t15
t1,t3,t2,t5,t6,t10,t4,t8,t12,t4,t9,t13,t15
t1,t2,t4,t3,t9,t7,t13,t5,t10,t15
t1,t3,t7,t5,t2,t10,t4,t8,t11,t12,t8,t12,t4,t8,t12,t4,t9,t13,t15
t1,t2,t3,t4,t6,t5,t9,t10,t13,t15
t1,t3,t6,t5,t10,t2,t4,t8,t11,t12,t4,t9,t13,t15
t1,t2,t3,t4,t5,t9,t13,t14,t13,t7,t14,t13,t14,t10,t13,t15
t1,t2,t4,t3,t9,t13,t6,t14,t5,t13,t10,t15
t1,t3,t2,t7,t4,t8,t5,t10,t11,t11,t12,t4,t8,t12,t4,t9,t13,t14,t13,t15
t1,t3,t5,t2,t4,t8,t7,t12,t4,t8,t10,t12,t4,t8,t11,t12,t4,t9,t13,t15
t1,t3,t2,t5,t4,t9,t13,t6,t10,t15
t1,t2,t4,t3,t7,t5,t10,t8,t12,t4,t9,t13,t14,t13,t14,t13,t15
t1,t3,t7,t2,t5,t10,t4,t8,t12,t4,t9,t13,t15
t1,t3,t2,t5,t4,t9,t13,t7,t10
t1,t3,t7,t5,t10,t2,t4,t9,t13,t15
t1,t3,t2,t6,t4,t5,t9,t13,t10,t15
t1,t3,t2,t5,t4,t6,t8,t10,t12,t4,t9,t13,t15
t1,t3,t7,t5,t2,t10,t4,t8,t12,t4,t9,t13,t15
t1,t3,t2,t5,t6,t4,t10,t9,t13,t15
t1,t2,t3,t4,t7,t8,t5,t10,t11,t12,t4,t8,t11,t11,t11,t12,t4,t9,t13,t15
t1,t3,t2,t5,t7,t4,t10,t8,t12,t4,t8,t12,t4,t9,t13,t15
t1,t3,t2,t4,t7,t5,t9,t10,t13,t15
t1,t3,t2,t7,t5,t10,t4,t8,t12,t4,t8,t11,t12,t4,t9,t13,t15
t3,t1,t2,t4,t6,t8,t5,t11,t10,t11,t12,t4,t9,t13,t15
t1,t3,t2,t5,t7,t10,t4,t8,t12,t4,t8,t11,t12,t4,t8,t12,t4,t9,t13,t15
t1,t3,t5,t7,t10,t2,t4,t9,t13,t15
t1,t2,t3,t5,t4,t7,t8,t10,t11,t12,t4,t8,t12,t4,t8,t12,t4,t8,t11,t12,t4,t9,t13,t15
t1,t3,t6,t5,t2,t4,t10,t8,t12,t4,t8,t11,t12,t4,t9,t13,t15
t1,t2,t3,t4,t6,t8,t5,t12,t10,t4,t9,t13,t14,t13,t15
t1,t2,t3,t5,t7,t10,t4,t9,t13,t14,t13,t15
t1,t3,t5,t6,t10,t2,t4,t9,t13,t15
t1,t3,t2,t5,t7,t4,t10,t9,t13,t15
t1,t2,t4,t3,t8,t5,t12,t7,t10,t4,t8,t12,t4,t8,t11,t12,t4,t8,t12,t4,t8,t11,t12,t4,t9,t13,t15
t1,t2,t3,t4,t9,t13,t10,t15
t1,t3,t2,t5,t7,t10,t4,t8,t12,t4,t9,t13,t15
t1,t2,t4,t3,t8,t7,t5,t10,t12,t4,t8,t12,t4,t9,t13,t15
t1,t2,t4,t3,t9,t5,t6,t13,t10,t15
t1,t3,t6,t2,t5,t10,t4,t9,t13,t15
t1,t2,t3,t4,t6,t9,t5,t10,t13,t14,t13,t15
t1,t3,t2,t5,t4,t6,t10,t9,t13,t15
t1,t2,t4,t3,t8,t5,t6,t12,t10,t4,t8,t12,t4,t8,t11,t11,t12,t4,t8,t12,t4,t8,t11,t12,t4,t9,t13,t15
t1,t3,t2,t6,t5,t10,t4,t8,t11,t12,t4,t9,t13,t15
t1,t3,t5,t7,t2,t10,t4,t8,t12,t4,t8,t12,t4,t9,t13,t15
t1,t3,t2,t7,t5,t10,t4,t8,t8,t11,t12,t4,t9,t13,t15
t1,t3,t2,t5,t4,t7,t10,t8,t12,t4,t8,t12,t4,t8,t11,t11,t11,t11,t12,t4,t8,t12,t4,t8,t12,t4,t8,t11,t12,t4,t9,t13,t14,t13,t14,t13,t15
t1,t3,t7,t2,t5,t10,t4,t9,t13,t15
t1,t3,t6,t2,t5,t10,t4,t9,t13,t15
t1,t2,t3,t4,t6,t5,t8,t12,t4,t10,t9,t13,t15
t1,t2,t3,t4,t6,t8,t5,t11,t10,t11,t11,t12,t4,t9,t13,t15
t1,t2,t4,t3,t9,t5,t7,t10,t13,t15
t1,t3,t2,t5,t6,t10,t4,t8,t12,t4,t9,t13,t15
t1,t3,t2,t4,t5,t8,t7,t11,t11,t10,t11,t12,t4,t8,t11,t11,t12,t4,t8,t11,t11,t12,t4,t8,t11,t11,t12,t4,t9,t13,t15
t1,t3,t2,t7,t4,t8,t5,t10,t12,t4,t8,t11,t12,t4,t8,t12,t4,t8,t12,t4,t9,t13,t15
t1,t3,t2,t5,t4,t6,t10
t1,t2,t3,t4,t9,t7,t13,t5,t10,t15
t1,t2,t3,t4,t5,t8,t11,t12,t4,t8,t12,t6,t4,t10,t9,t13,t15
t1,t3,t2,t5,t4,t6,t10,t9,t13,t15
t1,t2,t3,t4,t6,t5,t9,t10,t13,t15
t1,t2,t4,t8,t12,t4,t3,t6,t9,t5,t10,t13,t15
t1,t3,t2,t5,t4,t7,t9,t10,t13,t15
t1,t2,t4,t3,t8,t5,t6,t12,t10,t4,t9,t13,t15
t1,t2,t4,t3,t8,t6,t5,t10,t11,t11,t12,t4,t9,t13,t15
t1,t3,t2,t6,t4,t5,t10,t9,t13,t15
t1,t3,t5,t6,t10,t2,t4,t8,t11,t12,t4
t1,t3,t7,t2,t5,t10,t4,t9,t13,t15
t1,t3,t2,t6,t4,t8,t11,t5,t11,t10,t12,t4,t8,t11,t11,t12,t4,t9,t13,t15
t1,t2,t3,t4,t5,t9,t13,t7,t14,t10,t13,t14,t13,t15
t1,t3,t2,t4,t7,t5,t10,t9,t13,t15
t1,t3,t2,t7,t4,t5,t10,t8,t11,t11,t11,t11,t12,t4,t9,t13,t14,t13,t14,t13,t15
t1,t3,t5,t2,t4,t6,t10,t9,t13,t15
t1,t2,t3,t4,t5,t8,t12,t7,t10,t4,t9,t13,t15
t1,t3,t5,t7,t2,t10,t4,t9,t13,t15
t1,t3,t2,t5,t6,t10,t4,t9,t13,t15
t1,t2,t3,t5,t4,t7,t9,t10
t1,t3,t2,t6,t4,t9,t13,t5,t10,t15
t1,t3,t2,t6,t5,t10,t4,t9,t13,t15
t1,t3,t2,t5,t7,t10,t4,t9,t13,t15
t1,t3,t2,t4,t6,t8,t5,t12,t10,t4,t8,t12,t4,t8,t12,t4,t8,t11,t12,t4,t9,t13,t15
t1,t2,t3,t5,t7,t4,t10,t9,t13,t15
t1,t2,t4,t3,t8,t5,t7,t12,t4,t10,t8,t11,t12,t4,t8,t11,t12,t4,t8,t12,t4,t9,t13,t15
t1,t3,t2,t5,t4,t8,t6,t10,t12,t4,t9,t13,t15
t1,t2,t3,t4,t6,t8,t5,t11,t11,t12,t10,t4,t9,t13,t15
t1,t2,t3,t4,t7,t5,t10,t9,t13,t15
t2,t3,t4,t6,t5,t8,t10,t11,t12,t4,t9,t13,t15
t1,t3,t2,t5,t6,t10,t4,t9,t13,t15
t1,t2,t3,t4,t5,t7,t9,t10,t13,t15
t1,t2,t4,t9,t3,t5,t13,t6,t10,t15
t1,t2,t3,t4,t7,t5,t8,t10,t12,t4,t9,t13,t14,t13,t15
t1,t2,t3,t4,t5,t8,t7,t11,t11,t12,t10,t4,t8,t11,t12,t4,t9,t13,t15
t1,t3,t2,t5,t7,t10,t4,t8,t11,t12,t4,t8,t11,t12,t4,t8,t12,t4,t8,t12,t4,t9,t13,t15
t1,t2,t3,t7,t4,t9,t13,t14,t5,t10,t13,t15
t1,t2,t3,t4,t9,t6,t13,t14,t5,t10,t13,t15
t1,t2,t3,t5,t6,t10,t4,t8,t11,t11,t11,t12,t4,t8,t12,t4,t8,t11,t12,t4,t9,t13,t15
t3,t1,t2,t6,t5,t10,t4,t9,t13,t15
t1,t2,t3,t4,t7,t8,t12,t5,t10,t4,t8,t11,t12,t4,t9,t13,t15
t1,t3,t2,t5,t4,t7,t8,t10,t11,t11,t12,t4,t9,t13,t15
t1,t3,t2,t5,t7,t4,t10,t8,t11,t12,t4,t9,t13,t15
t1,t2,t4,t8,t3,t6,t5,t12,t10,t4,t9,t13,t14,t13,t15
t1,t2,t3,t5,t7,t10,t4,t9,t13,t15
t1,t2,t3,t4,t5,t8,t7,t10,t12,t4,t8,t12,t4,t9,t13,t14,t13,t15
t1,t3,t2,t7,t5,t10,t4,t9,t13,t15
t1,t2,t3,t4,t8,t7,t12,t5,t4,t10,t9,t13,t15
t1,t3,t2,t4,t6,t5,t10,t9,t13,t15
t1,t3,t2,t5,t6,t4,t9
t1,t2,t3,t4,t6,t5,t10,t8,t11,t12,t4,t9,t13,t15
t1,t2,t3,t5,t6,t4,t10,t8,t11,t11,t11,t12,t4,t9,t13,t15
t1,t3,t2,t4,t9,t5,t13,t6,t14,t10,t13,t15
t1,t3,t2,t5,t7,t4,t10,t8,t12,t4,t8,t12,t4,t9,t13,t15
t1,t3,t2,t6,t5,t4,t10,t8,t11,t11,t12,t4,t8,t11,t11,t11,t11,t12,t4,t9,t13,t15
t1,t3,t2,t5,t7,t10,t4,t8,t11,t12,t4,t9,t13,t15
t1,t2,t4,t3,t5,t9,t13,t7,t10,t15
t1,t3,t2,t4,t7,t5,t10,t9,t13,t15
t1,t3,t2,t6,t4,t5,t9,t10,t13,t15
t4,t8,t11,t12,t10,t4,t8,t12,t4,t9,t13,t15
t1,t2,t3,t4,t5,t9,t7,t10,t13,t14,t13,t15
t1,t3,t2,t5,t6,t10,t4,t8,t11,t12,t4,t8,t12,t4,t9,t13,t14,t13,t15
t1,t2,t3,t7,t4,t5,t8,t10,t11,t12,t4,t9,t13,t15
t1,t3,t2,t6,t5,t4,t10,t9,t13,t15
t1,t3,t6,t2,t5,t10,t4,t9,t13,t15
t1,t3,t2,t7,t4,t5,t9,t10,t13,t15
t1,t2,t3,t4,t6,t8,t5,t11,t10,t12,t4,t9,t13,t15
t1,t3,t2,t4,t6,t5,t9,t10,t13,t15
t1,t2,t3,t4,t9,t5,t13,t6,t14,t10,t13,t15
t2,t10,t4,t8,t11,t11,t11,t11,t11,t12,t4,t9,t13,t15
t1,t2,t3,t5,t4,t8,t12,t7,t10,t4,t8,t12,t4,t9,t13,t15
t1,t3,t6,t5,t10,t2,t4,t8,t12,t4,t9,t13,t15
t1,t3,t2,t6,t4,t9,t5,t10,t13,t15
t1,t2,t3,t6,t5,t4,t10,t9,t13,t15
t1,t3,t2,t5,t4,t9,t7,t13,t14,t10,t13,t14,t13,t15
t1,t2,t3,t4,t5,t9,t7,t13,t10,t14,t13,t15
t1,t2,t3,t6,t4,t5,t10,t9,t13,t15
t1,t2,t3,t4,t6,t5,t8,t10,t12,t4,t9,t13,t14,t13,t15
t1,t2,t3,t6,t4,t5,t8,t11,t11,t10,t12,t4,t8,t11,t12,t4,t8,t11,t12,t4,t8,t11,t11,t11,t12,t4,t8,t12,t4,t9,t13,t15
t1,t2,t3,t4,t7,t5,t10,t8,t11,t12,t4,t8,t12,t4,t8,t11,t11,t12,t4,t9,t13,t15
t1,t2,t3,t6,t5,t4,t10,t9,t13,t15
t1,t2,t3,t5,t4,t6,t9,t10,t13,t15
t1,t3,t2,t4,t7,t8,t5,t10,t12,t4,t9,t13,t14,t13,t15
t1,t3,t7,t5,t2,t10,t4,t8,t11,t12,t4,t9,t13,t15
t1,t2,t3,t4,t6,t5,t8,t10,t11,t12,t4,t8,t12,t4,t9,t13,t15
t1,t3,t7,t2,t5,t10,t4,t8,t12,t4,t8,t11,t12,t4,t8,t12,t4,t8,t12,t4,t8,t11,t12,t4,t8,t12,t4,t9,t13,t15
t1,t2,t3,t5,t7,t10,t4,t8,t11,t12,t4,t8,t11,t12,t4,t8,t11,t11,t12,t4,t9,t13,t15
t1,t2,t3,t4,t8,t5,t7,t10,t11,t12,t4,t8,t11,t12,t4,t8,t11,t12,t4,t8,t12,t4,t8,t12,t4,t8,t12,t4,t9,t13,t15
t1,t3,t2,t5,t6,t10,t4,t8,t11,t12,t4,t8,t11,t12,t4,t8,t11,t11,t11,t11,t11,t11,t11,t12,t4,t9,t13,t15
t1,t2,t3,t4,t7,t8,t12,t10,t4,t9,t13,t15
t1,t2,t4,t3,t9,t5,t13,t6,t10,t15
t1,t3,t2,t5,t7,t4,t10,t8,t12,t4,t9,t13,t15
t1,t2,t3,t4,t7,t8,t5,t10,t11,t12,t4,t8,t11,t11,t12,t4,t9,t13,t15
t1,t2,t4,t3,t9,t7,t5,t10,t13,t15
t1,t2,t4,t3,t5,t9,t7,t13,t10,t14,t13,t15
t1,t2,t3,t4,t5,t9,t13,t7,t10,t15
t1,t2,t3,t4,t6,t5,t10,t9,t13,t15
t1,t2,t4,t3,t8,t5,t11,t11,t7,t10,t11,t12,t4,t9,t13,t15
t1,t2,t3,t5,t4,t9,t6,t10,t13,t15
t2,t6,t4,t10,t8,t12,t4,t8,t12,t4,t9,t13,t15
t1,t3,t2,t5,t7,t10,t4,t9,t13,t15
t1,t3,t2,t7,t4,t5,t9,t10,t13,t15
t1,t2,t4,t9,t3,t13,t5,t6,t10,t14,t13,t15
t1,t2,t3,t4,t6,t5,t10,t8,t11,t12,t4,t9,t13,t15
t1,t2,t4,t3,t9,t5,t6,t13,t10,t15
t1,t2,t4,t3,t9,t13,t5,t14,t6,t13,t10,t15
t1,t3,t2,t5,t7,t10,t4,t8,t11,t11,t11,t11,t11,t11,t11,t12,t4,t9,t13,t15
t1,t3,t6,t2,t4,t5,t10,t9,t13,t15
t1,t3,t2,t5,t6,t10,t4,t9,t13,t15
t1,t2,t3,t7,t4,t5,t4,t9,t13,t15
t1,t3,t5,t6,t10,t2,t4,t9,t13,t14,t13,t15
t1,t3,t5,t7,t10,t2,t4,t9,t13,t14,t13,t15
t1,t2,t3,t4,t9,t7,t5,t13,t10,t15
t1,t2,t3,t4,t5,t8,t6,t10,t11,t11,t11,t12,t4,t8,t12,t4,t9,t13,t15
t1,t3,t2,t5,t7,t4,t10,t9,t13,t15
t1,t3,t5,t2,t6,t10,t4,t9,t13,t15
t1,t2,t3,t4,t6,t5,t10,t8,t12,t4,t9,t13,t15
t1,t2,t4,t3,t8,t7,t12,t5,t10,t4,t8,t12,t4,t8,t11,t12,t4,t9,t13,t15
t1,t3,t6,t2,t4,t9,t13,t5,t14,t10,t13,t15
t4,t5,t10,t8,t12,t4,t9,t13,t15
t1,t2,t3,t4,t5,t9,t13,t7,t10,t14,t13,t15
t1,t3,t2,t5,t7,t10,t4,t9,t13,t15
t1,t2,t3,t4,t6,t9,t5,t10,t13,t15
t1,t2,t3,t4,t7,t5,t8,t10,t11,t12,t4,t9,t13,t15
t1,t3,t2,t6,t4,t5,t10,t9,t13,t15
t1,t2,t3,t4,t6,t5,t10,t8,t11,t11,t12,t4,t8,t11,t11,t12,t4,t9,t13,t15
t1,t2,t3,t4,t6,t9,t13,t5,t14,t10,t13,t15
t1,t2,t4,t8,t3,t12,t5,t6,t10,t4,t9,t13,t15
t1,t3,t5,t7,t10,t2,t4,t9,t13,t15
t1,t2,t4,t3,t9,t10,t13,t15
t1,t2,t4,t3,t9,t5,t13,t7,t14,t10,t13,t15
t1,t2,t3,t4,t7,t8,t5,t10,t11,t11,t11,t11,t12,t4,t9,t13,t15
t1,t2,t3,t4,t6,t9,t5,t10,t13,t14,t13,t15
t1,t2,t3,t6,t5,t4,t10,t8,t11,t11,t11,t12,t4,t9,t13,t15
t1,t3,t7,t2,t5,t10,t4,t8,t12,t4,t9,t13,t15
t1,t3,t5,t2,t7,t10,t4,t9,t13,t15
t1,t3,t2,t6,t4,t5,t9,t10,t13,t15
t1,t3,t5,t2,t6,t10,t4,t9,t13,t15
t1,t2,t4,t3,t5,t8,t6,t12,t10,t4,t9,t13,t15
t1,t2,t3,t5,t4,t4,t9,t13,t15
t1,t3,t2,t5,t4,t6,t8,t10,t11,t12,t4,t8,t11,t11,t12,t4,t9,t13,t15
t1,t3,t7,t5,t2,t10,t4,t9,t13,t15
t1,t3,t6,t2,t5,t4,t10,t8,t11,t12,t4,t8,t12,t4,t9,t13,t15
t1,t3,t2,t6,t4,t5,t10,t9,t13,t15
t1,t3,t7,t2,t5,t10,t4,t8,t12,t4,t8,t12,t4,t9,t13,t14,t13,t15
t1,t2,t3,t4,t5,t7,t10,t9,t13,t15
t1,t3,t2,t7,t5,t4,t10,t9,t13,t15
t1,t3,t2,t6,t5,t10,t4,t9,t13,t14,t13,t15
t1,t3,t2,t5,t6,t10,t4,t9,t13,t15
t7,t10,t4,t8,t12,t4,t9,t13,t15
t1,t3,t2,t5,t6,t10,t4,t9,t13,t15
t1,t2,t4,t3,t9,t5,t7,t13,t10,t15
t1,t2,t3,t4,t6,t5,t8,t10,t11,t12,t4,t8,t11,t11,t12,t4,t9,t13,t15
t1,t2,t3,t6,t4,t5,t10,t8,t11,t11,t12,t4,t9,t13,t15
t1,t2,t4,t8,t3,t12,t5,t7,t10,t4,t9,t13,t15
t1,t2,t3,t4,t5,t9,t6,t13,t10,t14,t13,t15
t1,t3,t2,t6,t4,t5,t10,t8,t11,t12,t4,t9,t13,t15
t1,t2,t4,t9,t3,t13,t5,t6,t10,t15
t1,t3,t2,t4,t7,t5,t10,t9,t13,t15
t3,t6,t5,t10,t2,t4,t9,t13,t15
