	D/F-Table

A = t1
#A = 986
_____________________________________________________________
B	B<A	A>B	B<<<A	A>>>B	A→B
_____________________________________________________________
t1	0	0	0	0	0.0
t2	0	986	0	986	1.0
t4	0	0	0	986	0.700224441379302
t3	0	0	0	986	0.69874888438133
t5	0	0	0	984	0.46516685111562
t7	0	0	0	662	0.236636122525503
t8	0	0	0	983	0.211870814581378
t11	0	0	0	980	0.15653428390037
t12	0	0	0	489	0.0603324946919473
t6	0	0	0	647	0.234119627082495
t10	0	0	0	647	0.157126008956864
t13	0	0	0	976	0.0678887632770034
t9	0	0	0	660	0.177682021517884
_____________________________________________________________

A = t2
#A = 1986
_____________________________________________________________
B	B<A	A>B	B<<<A	A>>>B	A→B
_____________________________________________________________
t1	986	0	986	0	-0.496475327291037
t2	0	0	990	990	0.0
t4	0	1001	991	1986	0.785039182261116
t3	0	984	993	1985	0.702651011480359
t5	1	0	997	1984	0.348477093252765
t7	0	0	508	1015	0.211347547980286
t8	0	1	996	1979	-0.0416729761566251
t11	0	0	996	1976	-0.20452937287984
t12	996	0	996	989	-0.423854587648481
t6	0	0	485	967	0.219168947156261
t10	0	0	485	966	0.0961208989569518
t13	0	0	0	986	0.0797102475721421
t9	1	0	525	1019	0.130127732527694
_____________________________________________________________

A = t4
#A = 1993
_____________________________________________________________
B	B<A	A>B	B<<<A	A>>>B	A→B
_____________________________________________________________
t1	0	0	986	0	-0.346423130556945
t2	1001	0	1986	991	-0.782281894616446
t4	0	0	994	994	0.0
t3	749	762	1377	1631	0.102382568108376
t5	184	560	1084	1883	0.449733889412945
t7	0	273	508	1017	0.364690456500297
t8	31	59	998	1953	0.146328790004094
t11	0	0	997	1981	0.00799276796792255
t12	0	1	997	990	-0.237704941878189
t6	0	262	489	971	0.352935338123421
t10	0	0	489	970	0.20077196843131
t13	0	0	0	989	0.11758829323469
t9	27	76	546	1009	0.225525837121123
_____________________________________________________________

A = t3
#A = 3981
_____________________________________________________________
B	B<A	A>B	B<<<A	A>>>B	A→B
_____________________________________________________________
t1	0	0	986	0	-0.173063652348654
t2	984	0	1985	993	-0.350531250640541
t4	762	749	1631	1377	-0.0512555785581497
t3	1	1	2982	2982	0.0
t5	3	2491	2982	3973	0.463528659410604
t7	201	295	779	942	0.0404969660286356
t8	1	1	999	1988	0.237925810962068
t11	0	2	996	1983	0.125440739512685
t12	1	1	997	993	-0.0685516684250188
t6	156	304	736	879	0.0536172629912079
t10	156	137	700	946	0.0305886102024612
t13	0	0	0	989	0.105403077417734
t9	1712	0	1985	1984	-0.140279470524993
_____________________________________________________________

A = t5
#A = 3985
_____________________________________________________________
B	B<A	A>B	B<<<A	A>>>B	A→B
_____________________________________________________________
t1	0	0	984	0	-0.115095235934756
t2	0	1	1984	997	-0.173670139824339
t4	560	184	1883	1084	-0.224923373048933
t3	2491	3	3973	2982	-0.463063385975813
t5	2	2	2987	2987	0.0
t7	400	298	864	737	-0.0455757826569632
t8	3	1493	1001	1989	0.398461990030613
t11	1	2	998	1987	0.268006242609784
t12	0	0	998	997	0.0287751708908396
t6	284	268	821	689	-0.0322148626951063
t10	239	259	743	837	0.0191688215769131
t13	0	0	0	988	0.143314067754076
t9	1	1473	1987	1987	0.0869493689334992
_____________________________________________________________

A = t7
#A = 1018
_____________________________________________________________
B	B<A	A>B	B<<<A	A>>>B	A→B
_____________________________________________________________
t1	0	0	662	0	-0.229197658949063
t2	0	0	1015	508	-0.412314568063702
t4	273	0	1017	508	-0.713976502755493
t3	295	201	942	779	-0.158367801335951
t5	298	400	737	864	0.17840814723772
t7	0	0	348	348	0.0
t8	76	168	538	953	0.302818705477624
t11	0	88	518	1014	0.310194053467309
t12	0	0	518	508	-0.0349767976631277
t6	0	0	249	238	0.00560368966646411
t10	0	1	249	239	-0.0177884510746287
t13	0	0	0	663	0.203896984783712
t9	75	160	364	547	0.262956330386589
_____________________________________________________________

A = t8
#A = 1994
_____________________________________________________________
B	B<A	A>B	B<<<A	A>>>B	A→B
_____________________________________________________________
t1	0	0	983	0	-0.104766611422888
t2	1	0	1979	996	0.0415057826715434
t4	59	31	1953	998	-0.146255405455446
t3	1	1	1988	999	-0.475016375847539
t5	1493	3	1989	1001	-0.796324488601802
t7	168	76	953	538	-0.154598516638025
t8	0	0	997	997	0.0
t11	0	1660	996	1987	0.867547076767623
t12	0	0	996	997	0.276454485483735
t6	108	69	903	504	-0.111486317267657
t10	163	150	806	566	-0.0781328253088596
t13	0	0	0	989	0.378383058038109
t9	1	1	1021	511	-0.258534607675825
_____________________________________________________________

A = t11
#A = 1990
_____________________________________________________________
B	B<A	A>B	B<<<A	A>>>B	A→B
_____________________________________________________________
t1	0	0	980	0	-0.0775591979526458
t2	0	0	1976	996	0.204118258562494
t4	0	0	1981	997	-0.00800481736686917
t3	2	0	1983	996	-0.250944514572863
t5	2	1	1987	998	-0.536685867738689
t7	88	0	1014	518	-0.158682184135538
t8	1660	0	1987	996	-0.869290889987256
t11	0	0	996	996	0.0
t12	0	996	995	997	0.421345952632992
t6	0	0	967	479	-0.106290176312548
t10	237	0	967	477	-0.231620610662634
t13	0	990	0	990	0.49748743718593
t9	1	1	1020	509	-0.180966065223683
_____________________________________________________________

A = t12
#A = 998
_____________________________________________________________
B	B<A	A>B	B<<<A	A>>>B	A→B
_____________________________________________________________
t1	0	0	489	0	-0.0596070538740081
t2	0	996	989	996	0.843462135340564
t4	1	0	990	997	0.474695339842917
t3	1	1	993	997	0.273451094188377
t5	0	0	997	998	-0.114898853707411
t7	0	0	508	518	0.0356777354920481
t8	0	0	997	996	-0.552354953962493
t11	996	0	997	995	-0.840158763266187
t12	0	0	500	500	0.0
t6	0	1	485	480	0.0697949569092381
t10	0	0	486	478	-0.0810861768851363
t13	0	0	0	495	0.0628604577459344
t9	0	0	525	509	-0.0358781691382771
_____________________________________________________________

A = t6
#A = 974
_____________________________________________________________
B	B<A	A>B	B<<<A	A>>>B	A→B
_____________________________________________________________
t1	0	0	647	0	-0.237004057806304
t2	0	0	967	485	-0.446888633523956
t4	262	0	971	489	-0.722176723696076
t3	304	156	879	736	-0.21914817655852
t5	268	284	689	821	0.131803108665296
t7	0	0	238	249	-0.00585683375817296
t8	69	108	504	903	0.228237902085942
t11	0	0	479	967	0.217163707250482
t12	1	0	480	485	-0.0715147505086444
t6	0	0	316	316	0.0
t10	0	326	317	970	0.792274062145223
t13	0	0	0	653	0.167079349993702
t9	69	100	344	529	0.201577685222681
_____________________________________________________________

A = t10
#A = 974
_____________________________________________________________
B	B<A	A>B	B<<<A	A>>>B	A→B
_____________________________________________________________
t1	0	0	647	0	-0.159061853009721
t2	0	0	966	485	-0.195991894587789
t4	0	0	970	489	-0.410819849161808
t3	137	156	946	700	-0.125023878045173
t5	259	239	837	743	-0.078426852139629
t7	1	0	239	249	0.0185920361334415
t8	150	163	566	806	0.159955701915673
t11	0	237	477	967	0.473228968396963
t12	0	0	478	486	0.0830841935640308
t6	326	0	970	317	-0.792274062145223
t10	0	0	316	316	0.0
t13	0	0	0	653	0.247587325029065
t9	100	178	424	497	0.132889683419802
_____________________________________________________________

A = t13
#A = 990
_____________________________________________________________
B	B<A	A>B	B<<<A	A>>>B	A→B
_____________________________________________________________
t1	0	0	976	0	-0.0676144652435609
t2	0	0	986	0	-0.159903587553812
t4	0	0	989	0	-0.236720675168421
t3	0	0	989	0	-0.423848132525251
t5	0	0	988	0	-0.576875313131305
t7	0	0	663	0	-0.209663768191736
t8	0	0	989	0	-0.76211698760403
t11	990	0	990	0	-1.0
t12	0	0	495	0	-0.063368421040851
t6	0	0	653	0	-0.164379077670571
t10	0	0	653	0	-0.243585913715464
t13	0	0	0	0	0.0
t9	0	0	662	0	-0.201803082570522
_____________________________________________________________

A = t9
#A = 1990
_____________________________________________________________
B	B<A	A>B	B<<<A	A>>>B	A→B
_____________________________________________________________
t1	0	0	660	0	-0.0880374237269517
t2	0	1	1019	525	-0.129866169246232
t4	76	27	1009	546	-0.2258658258203
t3	0	1712	1984	1985	0.28062943324623
t5	1473	1	1987	1987	-0.174117203618088
t7	160	75	547	364	-0.134517358961582
t8	1	1	511	1021	0.259054275228942
t11	1	1	509	1020	0.180966065223683
t12	0	0	509	525	0.0179931722613068
t6	100	69	529	344	-0.0986616409079855
t10	178	100	497	424	-0.0650424882667774
t13	0	0	0	662	0.10039449836423
t9	1	1	1321	1321	0.0
_____________________________________________________________


	D/F-Graph

[t1,t2]  	 → euristica 1
[t2,t4]  	 → euristica 1
[t2,t3]  	 → euristica 1
[t4,t7]  	 → euristica 1
[t4,t6]  	 → euristica 1
[t3,t5]  	 → euristica 1
[t5,t8]  	 → euristica 1
[t5,t9]  	 → euristica 1
[t7,t11]  	 → euristica 1
[t8,t11]  	 → euristica 1
[t11,t12]  	 → euristica 1
[t11,t13]  	 → euristica 1
[t12,t2]  	 → euristica 1
[t6,t10]  	 → euristica 1
[t10,t11]  	 → euristica 1
[t9,t3]  	 → euristica 1


	WF-Net

Split:

t1	(t2)
t2	(t3) AND (t4)
t4	(t7 OR t6)
t3	(t5)
t5	(t8 OR t9)
t7	(t11)
t8	(t11)
t11	(t12 OR t13)
t12	(t2)
t6	(t10)
t10	(t11)
t13	()
t9	(t3)


Join:

t1	()
t2	(t1 OR t12)
t4	(t2)
t3	(t2 OR t9)
t5	(t3)
t7	(t4)
t8	(t5)
t11	(t7 OR t10) AND (t8)
t12	(t11)
t6	(t4)
t10	(t6)
t13	(t11)
t9	(t5)
