t1,t2,t4,t3,t5,t7,t8,t11,t12,t2,t3,t4,t5,t6,t8,t10,t11,t12,t2,t3,t4,t5,t8,t7,t11,t12,t2,t3,t5,t4,t8,t7,t11,t13
t1,t2,t3,t5,t4,t6,t8,t10,t11,t13
t1,t2,t3,t4,t5,t6,t8,t10,t11,t12,t2,t4,t3,t6,t5,t10,t8,t11,t12,t2,t4,t3,t6,t5,t10,t8,t11,t13
t1,t2,t3,t4,t5,t7,t8,t11,t13
t1,t2,t4,t3,t7,t5,t8,t11,t12,t2,t3,t4,t6,t10,t5,t8,t11,t12,t2,t4,t3,t5,t6,t8,t10,t11,t13
t1,t2,t3,t5,t9,t3,t4,t5,t8,t6,t10,t11,t12,t2,t4,t3,t7,t5,t9,t3,t5,t8,t11,t13
t1,t2,t4,t7,t3,t5,t8,t11,t12,t2,t4,t3,t7,t5,t8,t11,t13
t1,t2,t3,t4,t5,t6,t8,t10,t11,t12,t2,t3,t4,t5,t8,t7,t11,t13
t1,t2,t4,t3,t6,t5,t10,t9,t3,t5,t8,t11,t13
t1,t2,t3,t5,t9,t4,t3,t6,t5,t10,t9,t3,t5,t9,t3,t5,t9,t3,t5,t8,t11,t12,t2,t4,t7,t3,t5,t9,t3,t5,t8,t11,t12,t2,t4,t3,t6,t5,t10,t9,t3,t5,t8,t11,t13
t1,t2,t3,t4,t7,t5,t8,t11,t12,t2,t3,t4,t5,t7,t9,t3,t5,t9,t3,t5,t8,t11,t13
t1,t2,t4,t3,t6,t10,t5,t8,t11,t12,t2,t4,t3,t5,t9,t6,t3,t10,t5,t9,t3,t5,t8,t11,t12,t2,t3,t4,t5,t7,t8,t11,t13
t1,t2,t3,t4,t5,t7,t9,t3,t5,t8,t11,t13
t1,t2,t4,t3,t6,t5,t10,t8,t11,t13
t1,t2,t3,t5,t9,t4,t7,t3,t5,t9,t3,t5,t8,t11,t12,t2,t3,t5,t4,t9,t7,t3,t5,t9,t3,t5,t8,t11,t12,t2,t3,t4,t5,t7,t8,t11,t12,t2,t3,t4,t7,t5,t9,t3,t5,t8,t11,t13
t1,t2,t3,t4,t5,t7,t9,t3,t5,t9,t3,t5,t8,t11,t12,t2,t3,t4,t5,t7,t9,t3,t5,t8,t11,t12,t2,t3,t4,t5,t6,t9,t10,t3,t5,t8,t11,t12,t2,t4,t7,t3,t5,t9,t3,t5,t9,t3,t5,t9,t3,t5,t8,t11,t13
t1,t2,t4,t7,t3,t5,t9,t3,t5,t9,t3,t5,t8,t11,t12,t2,t4,t3,t7,t5,t8,t11,t13
t1,t2,t3,t5,t4,t7,t9,t3,t5,t9,t3,t5,t9,t3,t5,t9,t3,t5,t9,t3,t5,t8,t11,t13
t1,t2,t3,t4,t7,t5,t9,t3,t5,t8,t11,t12,t2,t4,t3,t7,t5,t8,t11,t13
t10,t8,t11,t12,t2,t4,t3,t6,t5,t9,t3,t10,t5,t8,t11,t12,t2,t3,t4,t5,t8,t7,t11,t13
t1,t2,t3,t4,t6,t5,t10,t9,t3,t5,t8,t11,t12,t2,t3,t5,t4,t9,t6,t3,t5,t10,t8,t11,t12,t2,t3,t4,t5,t7,t8,t11,t12,t2,t3,t4,t5,t8,t7,t11,t13
t1,t2,t3,t4,t7,t5,t8,t11,t12,t2,t3,t5,t9,t4,t3,t7,t5,t9,t3,t5,t8,t11,t12,t2,t4,t6,t10,t3,t5,t8,t11,t13
t1,t2,t3,t4,t7,t5,t9,t3,t5,t9,t3,t5,t8,t11,t12,t2,t3,t4,t5,t6,t10,t9,t3,t5,t8,t11,t12,t2,t3,t4,t6,t5,t10,t9,t3,t5,t8,t11,t12,t2,t3,t5,t4,t6,t9,t3,t10,t5,t8,t11,t13
t1,t2,t3,t4,t5,t6,t10,t9,t3,t5,t9,t3,t5,t9,t3,t5,t8,t11,t13
t1,t2,t4,t7,t3,t5,t8,t11,t13
t1,t2,t3,t4,t5,t8,t7,t11,t12,t2,t3,t5,t4,t8,t6,t10,t11,t13
t1,t2,t3,t4,t5,t6,t9,t10,t3,t5,t9,t3,t5,t8,t11,t13
t1,t2,t3,t5,t4,t9,t6,t10,t3,t5,t9,t3,t5,t8,t11,t12,t2,t4,t7,t3,t5,t9,t3,t5,t8,t11,t13
t1,t2,t3,t5,t4,t9,t7,t3,t5,t8,t11,t12,t2,t3,t4,t5,t9,t7,t3,t5,t9,t3,t5,t9,t3,t5,t9,t3,t5,t8,t11,t12,t2,t3,t4,t5,t6,t10,t9,t3,t5,t8,t11,t13
t1,t2,t3,t5,t4,t9,t6,t3,t10,t5,t9,t3,t5,t9,t3,t5,t8,t11,t13
t1,t2,t4,t6,t10,t3,t5,t9,t3,t5,t9,t3,t5,t8,t11,t12,t2,t3,t5,t4,t8,t6,t10,t11,t13
t1,t2,t3,t5,t4,t8,t6,t10,t11,t13
t1,t2,t3,t5,t9,t4,t3,t6,t5,t10,t8,t11,t13
t1,t2,t4,t3,t6,t5,t10,t9,t3,t5,t8,t11,t12,t2,t3,t5,t4,t9,t3,t6,t5,t10,t9,t3,t5,t8,t11,t13
t1,t2,t3,t4,t7,t5,t9,t3,t5,t9,t3,t5,t8,t11,t13
t1,t2,t4,t3,t5,t7,t9,t3,t5,t8,t11,t12,t2,t4,t7,t3,t5,t9,t3,t5,t8,t11,t13
t1,t2,t4,t3,t6,t5,t10,t8,t11,t13
t1,t2,t3,t5,t4,t8,t6,t10,t11,t13
t1,t2,t3,t4,t5,t6,t10,t9,t3,t5,t9,t3,t5,t8,t11,t13
t1,t2,t3,t5,t4,t9,t6,t3,t10,t3,t4,t5,t8,t6,t10,t11,t13
t1,t2,t4,t3,t5,t9,t6,t3,t5,t10,t8,t11,t12,t2,t4,t6,t10,t3,t5,t9,t3,t5,t9,t3,t5,t9,t3,t5,t8,t11,t12,t2,t3,t5,t9,t4,t7,t3,t5,t9,t3,t5,t8,t11,t13
t1,t2,t3,t4,t7,t5,t8,t11,t13
t1,t2,t3,t4,t6,t10,t5,t8,t11,t13
t1,t2,t4,t3,t6,t10,t5,t9,t3,t5,t9,t3,t5,t9,t3,t5,t8,t11,t12,t2,t4,t3,t5,t8,t7,t11,t12,t2,t3,t4,t5,t9,t3,t6,t5,t10,t8,t11,t13
t1,t2,t4,t3,t6,t5,t9,t3,t10,t5,t9,t3,t5,t8,t11,t12,t2,t4,t3,t5,t6,t10,t9,t3,t5,t9,t3,t5,t8,t11,t12,t2,t4,t3,t5,t6,t10,t9,t3,t5,t8,t11,t12,t2,t4,t3,t6,t5,t10,t9,t3,t5,t8,t11,t13
t1,t2,t4,t3,t7,t5,t8,t11,t13
t1,t2,t3,t4,t5,t6,t10,t8,t11,t12,t2,t3,t4,t5,t6,t8,t10,t11,t12,t2,t3,t4,t5,t7,t9,t3,t5,t9,t3,t5,t8,t11,t13
t1,t2,t4,t3,t6,t5,t8,t10,t11,t12,t2,t3,t4,t5,t7,t9,t3,t5,t9,t3,t5,t9,t3,t5,t8,t11,t13
t1,t2,t3,t4,t5,t8,t6,t10,t11,t12,t2,t3,t4,t6,t5,t10,t8,t11,t13
t1,t2,t3,t5,t9,t3,t4,t5,t9,t7,t3,t5,t8,t11,t13
t1,t2,t4,t6,t10,t3,t5,t8,t11,t13
t1,t2,t4,t3,t6,t5,t10,t9,t3,t5,t8,t11,t12,t2,t3,t4,t5,t7,t9,t3,t5,t8,t11,t13
t1,t2,t4,t3,t6,t5,t9,t3,t10,t5,t9,t3,t5,t9,t3,t5,t8,t11,t13
t1,t2,t4,t3,t6,t5,t8,t10,t11,t12,t2,t4,t3,t6,t5,t10,t8,t11,t13
t1,t2,t4,t3,t6,t5,t8,t10,t11,t13
t1,t2,t3,t4,t6,t5,t10,t9,t3,t5,t8,t11,t12,t2,t4,t3,t6,t5,t10,t8,t11,t13
t1,t2,t4,t6,t3,t5,t10,t9,t3,t5,t9,t3,t5,t9,t3,t5,t9,t3,t5,t8,t11,t13
t1,t2,t4,t3,t6,t5,t10,t8,t11,t13
t1,t2,t4,t7,t3,t5,t9,t3,t5,t9,t3,t5,t9,t3,t5,t9,t3,t5,t8,t11,t12,t2,t3,t4,t6,t5,t8,t10,t11,t12,t2,t3,t4,t5,t9,t7,t3,t5,t9,t3,t5,t9,t3,t5,t8,t11,t12,t2,t3,t4,t5,t7,t9,t3,t5,t9,t3,t5,t8,t11,t12,t2,t3,t4,t5,t6,t8,t10,t11,t13
t1,t2,t4,t3,t7,t8,t9,t3,t5,t9,t3,t5,t5,t11,t12,t2,t4,t3,t7,t5,t9,t3,t5,t9,t3,t5,t8,t11,t12,t2,t3,t4,t5,t9,t6,t3,t5,t10,t9,t3,t5,t8,t11,t13
t1,t2,t4,t6,t3,t10,t5,t8,t11,t13
t1,t2,t3,t5,t4,t8,t6,t10,t11,t13
t1,t2,t4,t3,t7,t5,t8,t11,t13
t1,t2,t4,t3,t7,t5,t8,t11,t12,t2,t4,t6,t3,t10,t5,t8,t11,t13
t1,t2,t3,t4,t5,t6,t9,t3,t10,t5,t8,t11,t13
t1,t2,t4,t3,t6,t5,t10,t9,t3,t5,t8,t11,t13
t1,t2,t3,t5,t4,t9,t3,t6,t5,t8,t10,t11,t12,t2,t3,t4,t7,t5,t9,t3,t5,t9,t3,t5,t8,t11,t13
t1,t2,t3,t4,t7,t5,t9,t3,t5,t8,t11,t13
t1,t2,t3,t4,t5,t7,t9,t3,t5,t8,t11,t13
t1,t2,t4,t3,t7,t5,t9,t3,t5,t8,t11,t13
t1,t2,t3,t4,t5,t8,t6,t10,t11,t13
t1,t2,t3,t5,t4,t9,t3,t7,t5,t9,t3,t5,t9,t3,t5,t9,t3,t5,t9,t3,t5,t8,t11,t12,t2,t3,t4,t5,t9,t3,t7,t5,t8,t11,t13
t1,t2,t4,t7,t3,t5,t9,t3,t5,t8,t11,t13
t1,t2,t4,t6,t3,t5,t10,t8,t11,t13
t1,t2,t4,t3,t6,t10,t5,t8,t11,t13
t1,t2,t3,t4,t5,t7,t8,t11,t12,t2,t3,t4,t6,t10,t5,t8,t11,t12,t2,t3,t4,t6,t5,t10,t8,t11,t12,t2,t4,t3,t7,t5,t8,t11,t12,t2,t3,t4,t5,t9,t7,t3,t5,t8,t11,t12,t2,t3,t5,t4,t8,t7,t11,t12,t2,t4,t3,t5,t7,t8,t11,t12,t2,t4,t3,t6,t10,t5,t8,t11,t13
t1,t2,t4,t6,t3,t10,t5,t8,t11,t13
t1,t2,t3,t4,t5,t8,t7,t11,t12,t2,t4,t3,t6,t5,t9,t10,t3,t5,t9,t3,t5,t9,t3,t5,t8,t11,t12,t2,t4,t3,t7,t5,t8,t11,t12,t2,t3,t4,t5,t7,t9,t3,t5,t8,t11,t12,t2,t4,t3,t7,t5,t9,t3,t5,t9,t3,t5,t8,t11,t12,t2,t4,t3,t6,t5,t10,t8,t11,t13
t1,t2,t3,t5,t4,t9,t7,t3,t5,t8,t11,t12,t2,t4,t6,t3,t10,t5,t8,t11,t12,t2,t3,t4,t5,t6,t8,t10,t11,t13
t1,t2,t4,t3,t6,t5,t10,t9,t3,t5,t9,t3,t5,t8
t1,t2,t4,t3,t7,t5,t9,t3,t5,t9,t3,t5,t8,t11,t12,t2,t3,t4,t5,t8,t6,t10,t11,t13
t1,t2,t3,t4,t5,t7,t8,t11,t13
t1,t2,t4,t3,t7,t5,t8,t11,t12,t2,t4,t3,t6,t5,t8,t10,t11,t13
t1,t2,t3,t4,t5,t9,t6,t10,t3,t5,t8,t11,t13
t1,t2,t4,t3,t6,t10,t5,t9,t3,t5,t9,t3,t5,t8,t11,t13
t1,t2,t3,t4,t5,t7,t9,t3,t5,t9,t3,t5,t8,t11,t12,t2,t4,t3,t6,t10,t5,t8,t11,t13
t1,t2,t4,t7,t3,t5,t8,t11,t13
t1,t2,t3,t4,t5,t6,t8,t10,t11,t13
t1,t2,t4,t7,t3,t5,t8,t11,t12,t2,t3,t4,t7,t5,t9,t3,t5,t9,t3,t5,t9,t3,t5,t9,t3,t5,t8,t11,t12,t2,t4,t3,t7,t5,t9,t3,t5,t8,t11,t13
t1,t2,t3,t5,t9,t3,t5,t4,t6,t10,t9,t3,t5,t8,t11,t12,t2,t3,t4,t5,t6,t8,t10,t11,t13
t1,t2,t4,t7,t3,t5,t9,t3,t5,t8,t11,t13
t1,t2,t3,t4,t5,t7,t8,t11,t13
t1,t2,t4,t3,t6,t5,t10,t8,t11,t13
t1,t2,t4,t6,t3,t10,t5,t9,t3,t5,t8,t11,t12,t2,t4,t3,t7,t5,t9,t3,t5,t9,t3,t5,t8,t11,t13
t1,t2,t3,t4,t5,t9,t7,t3,t5,t8,t11,t13
t1,t2,t3,t4,t7,t5,t9,t3,t5,t8,t11,t13
t1,t2,t4,t3,t7,t5,t9,t3,t5,t8,t11,t12,t2,t4,t7,t3,t5,t8,t11,t12,t2,t3,t5,t4,t7,t8,t11,t13
t1,t2,t3,t5,t9,t4,t3,t5,t7,t8,t11,t12,t2,t4,t3,t5,t8,t6,t10,t11,t13
t1,t2,t4,t3,t7,t5,t9,t3,t5,t8,t11,t12,t2,t3,t4,t5,t6,t8,t10,t11,t13
t1,t2,t4,t3,t5,t7,t3,t3,t5,t9,t9,t5,t9,t3,t5,t8,t11,t13
t1,t2,t3,t4,t5,t9,t6,t3,t10,t5,t8,t11,t13
t1,t2,t4,t3,t7,t5,t9,t3,t5,t8,t11,t12,t2,t3,t5,t4,t8,t6,t10,t11,t13
t1,t2,t4,t3,t7,t5,t9,t3,t5,t9,t3,t5,t8,t11,t12,t2,t4,t3,t7,t5,t8,t11,t12,t2,t3,t5,t8,t4,t7,t11,t13
t1,t2,t3,t4,t7,t5,t8,t11,t13
t1,t2,t3,t5,t4,t9,t7,t3,t5,t8,t11,t13
t1,t2,t3,t5,t8,t4,t7,t11,t13
t1,t2,t4,t3,t5,t9,t6,t10,t3,t5,t8,t11,t12,t2,t4,t7,t3,t5,t8,t11,t12,t2,t3,t5,t4,t9,t7,t3,t5,t9,t3,t5,t9,t3,t5,t8,t11,t13
t1,t2,t3,t4,t5,t7,t9,t3,t5,t9,t3,t5,t8,t11,t12,t2,t3,t4,t5,t7,t9,t3,t5,t9,t3,t5,t8,t11,t12,t2,t3,t4,t5,t7,t8,t11,t13
t1,t2,t4,t3,t5,t6,t8,t10,t11,t13
t1,t2,t3,t4,t5,t6,t8,t10,t11,t13
t1,t2,t4,t3,t7,t5,t9,t3,t5,t9,t3,t5,t8,t11,t12,t2,t4,t3,t6,t5,t9,t10,t3,t5,t9,t3,t5,t8,t11,t12,t2,t4,t3,t6,t5,t8,t10,t11,t12,t2,t3,t4,t5,t9,t7,t3,t5,t8,t11,t13
t1,t2,t3,t4,t5,t7,t8,t11,t13
t1,t2,t3,t4,t5,t6,t8,t10,t11,t13
t1,t2,t3,t4,t7,t5,t9,t3,t5,t8,t11,t13
t1,t2,t3,t4,t5,t9,t6,t10,t3,t5,t9,t3,t5,t8,t11,t12,t2,t3,t4,t7,t5,t9,t3,t5,t8,t11,t13
t1,t2,t4,t3,t5,t6,t8,t10,t11,t13
t1,t2,t4,t3,t7,t5,t8,t11,t12,t2,t4,t3,t6,t10,t5,t8,t11,t13
t1,t2,t3,t5,t4,t7,t9,t3,t5,t9,t3,t5,t9,t3,t5,t8,t11,t12,t2,t4,t3,t7,t5,t8,t11,t13
t1,t2,t3,t4,t5,t7,t9,t3,t5,t9,t3,t5,t9,t3,t5,t9,t3,t5,t9,t3,t5,t8,t11,t12,t2,t3,t4,t5,t9,t3,t7,t5,t8,t11,t12,t2,t4,t3,t6,t5,t10,t8,t11,t13
t7,t9,t3,t5,t8,t11,t12,t2,t3,t4,t5,t8,t7,t11,t12,t2,t3,t4,t5,t6,t9,t3,t5,t10,t9,t3,t5,t9,t3,t5,t9,t3,t5,t9,t3,t5,t8,t11,t12,t2,t4,t3,t5,t7,t9,t3,t5,t8,t11,t12,t2,t3,t5,t8,t4,t6,t10,t11,t13
t1,t2,t3,t4,t6,t5,t8,t10,t11,t12,t2,t3,t4,t5,t9,t6,t3,t10,t5,t9,t3,t5,t9,t3,t5,t8,t11,t12,t2,t4,t3,t7,t5,t8,t11,t12,t2,t3,t5,t4,t8,t7,t11,t12,t2,t4,t3,t7,t5,t8,t11,t13
t1,t2,t4,t3,t7,t5,t8,t11,t13
t1,t2,t3,t4,t5,t7,t9,t3,t5,t8,t11,t13
t1,t2,t4,t3,t7,t5,t9,t3,t5,t8,t11,t13
t1,t2,t3,t4,t5,t6,t8,t10,t11,t12,t2,t4,t3,t6,t10,t5,t9,t3,t5,t8,t11,t12,t2,t3,t4,t6,t10,t5,t9,t3,t5,t9,t3,t5,t8,t11,t13
t1,t2,t4,t6,t3,t10,t5,t8,t11,t13
t1,t2,t3,t4,t5,t8,t7,t11,t13
t1,t2,t3,t5,t4,t8,t7,t11,t12,t2,t4,t3,t6,t10,t5,t8,t11,t12,t2,t4,t3,t7,t5,t9,t3,t5,t9,t3,t5,t8,t11,t12,t2,t3,t4,t5,t7,t8,t11,t13
t1,t2,t4,t3,t7,t5,t9,t3,t5,t9,t3,t5,t9,t3,t5,t8,t11,t12,t2,t4,t3,t5,t8,t6,t10,t11,t12,t2,t3,t5,t4,t7,t9,t3,t5,t8,t11,t12,t2,t4,t3,t6,t5,t8,t10,t11,t13
t1,t2,t4,t3,t7,t5,t8,t11,t13
t1,t2,t3,t4,t5,t7,t9,t3,t5,t9,t3,t5,t8,t11,t13
t1,t2,t3,t4,t6,t10,t5,t8,t11,t12,t2,t4,t3,t7,t5,t8,t11,t12,t2,t3,t5,t4,t6,t8,t10,t11,t13
t1,t2,t3,t4,t6,t5,t10,t8,t11,t12,t2,t4,t3,t6,t5,t10,t9,t3,t5,t8,t11,t12,t2,t3,t4,t5,t7,t9,t3,t5,t8,t11,t12,t2,t4,t7,t3,t5,t9,t3,t5,t9,t3,t5,t8,t11,t12,t2,t3,t4,t6,t5,t10,t8,t11,t13
t1,t2,t3,t4,t5,t9,t6,t10,t3,t5,t8,t11,t12,t2,t4,t3,t5,t7,t8,t11,t13
t1,t2,t4,t3,t7,t5,t8,t11,t12,t2,t3,t5,t4,t8,t6,t10,t11,t12,t2,t4,t3,t6,t5,t8,t10,t11,t13
t1,t2,t3,t4,t5,t8,t7,t11,t13
t1,t2,t4,t7,t3,t5,t8,t11,t13
t1,t2,t4,t7,t3,t5,t8,t11,t13
t1,t2,t3,t4,t5,t9,t6,t3,t10,t5,t9,t3,t5,t9,t3,t5,t8,t11,t13
t1,t2,t4,t3,t6,t5,t8,t10
t1,t2,t3,t4,t5,t9,t3,t5,t6,t9,t10,t3,t5,t9,t3,t5,t8,t11,t13
t1,t2,t3,t4,t5,t7,t9,t3,t5,t8,t11,t13
t1,t2,t3,t5,t4,t7,t8,t11,t12,t2,t3,t4,t6,t5,t10,t8,t11,t13
t1,t2,t3,t4,t5,t6,t9,t3,t5,t8,t10,t11,t12,t2,t4,t3,t5,t8,t7,t11,t13
t1,t2,t3,t5,t4,t6,t9,t10,t3,t5,t8,t11,t13
t1,t2,t4,t3,t7,t5,t8,t11,t12,t2,t3,t5,t4,t7,t8,t11,t13
t1,t2,t4,t6,t10,t3,t5,t9,t3,t5,t8,t11,t13
t1,t2,t4,t7,t3,t5,t9,t3,t5,t8,t11,t13
t1,t2,t4,t6,t3,t10,t5,t8,t11,t12,t2,t3,t4,t5,t8,t6,t10,t11,t13
t1,t2,t4,t7,t3,t5,t9,t3,t5,t8,t11,t13
t1,t2,t3,t4,t5,t8,t6,t10,t11,t13
t1,t2,t4,t3,t7,t5,t9,t3,t5,t9,t3,t5,t8,t11,t12,t2,t3,t4,t5,t6,t9,t10,t3,t5,t8,t11,t13
t1,t2,t4,t6,t10,t3,t5,t9,t3,t5,t9,t3,t5,t9,t3,t5,t8,t11,t13
t1,t2,t4,t7,t3,t5,t8,t11,t13
t1,t2,t4,t7,t3,t5,t8,t11,t12,t2,t4,t3,t7,t5,t9,t3,t5,t9,t3,t5,t8,t11,t12,t2,t4,t3,t7,t5,t8,t11,t13
t1,t2,t4,t3,t7,t5,t9,t3,t5,t9,t3,t5,t9,t3,t5,t8,t11,t12,t2,t4,t7,t3,t5,t8,t11,t12,t2,t4,t3,t6,t5,t10,t8,t11,t13
t1,t2,t4,t3,t7,t5,t9,t3,t5,t9,t3,t5,t9,t3,t5,t9,t3,t5,t8,t11,t12,t2,t4,t7,t3,t5,t8,t11,t13
t1,t2,t4,t7,t3,t5,t8,t11,t13
t1,t2,t4,t3,t5,t7,t8,t11,t13
t3,t5,t8,t11,t12,t2,t3,t4,t5,t6,t9,t10,t3,t5,t9,t3,t5,t8,t11,t12,t2,t4,t3,t7,t5,t8,t11,t12,t2,t4,t3,t7,t5,t9,t3,t5,t8,t11,t13
t1,t2,t3,t4,t5,t6,t9,t10,t3,t5,t9,t3,t5,t9,t3,t5,t9,t3,t5,t9,t3,t5,t8,t11,t13
t1,t2,t4,t3,t5,t8,t6,t10,t11,t12,t2,t3,t4,t5,t9,t6,t3,t5,t10,t8,t11,t12,t2,t3,t4,t5,t7,t9,t3,t5,t8,t11,t13
t1,t2,t3,t4,t5,t6,t10,t9,t3,t5,t8,t11,t12,t2,t4,t3,t6,t10,t5,t9,t3,t5,t8,t11,t12,t2,t3,t4,t7,t5,t8,t11,t12,t2,t4,t7,t3,t5,t9,t3,t5,t9,t3,t5,t9,t3,t5,t9,t3,t5,t9,t3,t5,t9,t3,t5,t8,t11,t12,t2,t3,t5,t4,t9,t6,t3,t10,t5,t8,t11,t12,t2,t4,t3,t6,t5,t10,t8,t11,t12,t2,t4,t7,t3,t5,t9,t3,t5,t8,t11,t12,t2,t4,t3,t7,t5,t9,t3,t5,t8,t11,t12,t2,t3,t4,t5,t9,t7,t3,t5,t9,t3,t5,t9,t3,t5,t9,t3,t5,t8,t11,t12,t2,t4,t3,t7,t5,t8,t11,t12,t2,t4,t7,t3,t5,t8,t11,t12,t2,t4,t3,t7,t5,t9,t3,t5,t8,t11,t13
t1,t2,t4,t3,t6,t5,t10,t9,t3,t5,t8,t11,t13
t1,t2,t4,t3,t7,t5,t8,t11,t12,t2,t3,t4,t5,t7,t9,t3,t5,t9,t3,t5,t9,t3,t5,t9,t3,t5,t9,t3,t5,t8,t11,t12,t2,t4,t3,t6,t10,t5,t8,t11,t12,t2,t3,t4,t5,t8,t7,t11,t13
t1,t2,t4,t3,t7,t5,t8,t11,t12,t2,t4,t3,t5,t6,t10,t8,t11,t13
t1,t2,t3,t4,t5,t6,t9,t10,t3,t5,t8,t11,t13
t1,t2,t3,t4,t5,t7,t8,t11,t13
t1,t2,t4,t3,t7,t5,t9,t3,t5,t9,t3,t5,t9,t3,t5,t9,t3,t5,t9,t3,t5,t8,t11,t13
t1,t2,t3,t4,t5,t7,t8,t11,t12,t2,t3,t4,t5,t6,t10,t9,t3,t5,t8,t11,t12,t2,t3,t5,t4,t9,t3,t5,t9,t7,t3,t5,t9,t3,t5,t9,t3,t5,t9,t3,t5,t9,t3,t5,t8,t11,t13
t1,t2,t3,t4,t5,t6,t9,t10,t3,t5,t9,t3,t5,t9,t3,t5,t9,t3,t5,t8,t11,t13
t1,t2,t3,t4,t5,t7,t9,t3,t5,t8,t11,t12,t2,t3,t4,t5,t7,t9,t3,t5,t8,t11,t13
t1,t2,t3,t4,t5,t6,t9,t10,t3,t5,t8,t11,t12,t2,t4,t3,t5,t8,t6,t10,t11,t12,t2,t4,t3,t6,t5,t10,t9,t3,t5,t8,t11,t12,t2,t4,t3,t6,t10,t5,t8,t11,t12,t2,t4,t3,t6,t5,t10,t9,t3,t5,t9,t3,t5,t8,t11,t12,t2,t3,t4,t5,t7,t9,t3,t5,t9,t3,t5,t9,t3,t5,t9,t3,t5,t9,t3,t5,t9,t3,t5,t8,t11,t13
t1,t2,t4,t3,t7,t5,t8,t11,t13
t1,t2,t3,t5,t4,t7,t8,t11,t13
t1,t2,t3,t4,t7,t5,t8,t11,t13
t1,t2,t4,t3,t7,t5,t9,t3,t5,t9,t3,t5,t8,t11,t12,t2,t4,t7,t3,t5,t9,t3,t5,t9,t3,t5,t9,t3,t5,t9,t3,t5,t8,t11,t12,t2,t3,t4,t5,t6,t10,t9,t3,t5,t8,t11,t12,t2,t4,t6,t3,t10,t5,t9,t3,t5,t8,t11,t12,t2,t4,t3,t6,t5,t10,t9,t3,t5,t8,t11,t13
t1,t2,t3,t5,t4,t8,t6,t10,t11,t12,t2,t3,t4,t5,t7,t8,t11,t12,t2,t3,t4,t7,t5,t9,t3,t5,t8,t11,t12,t2,t3,t4,t5,t6,t10,t9,t3,t5,t8,t11,t12,t2,t3,t4,t5,t9,t7,t3,t5,t8,t11,t13
t1,t2,t4,t3,t7,t5,t9,t3,t5,t8,t11,t13
t5,t6,t10,t8,t11,t12,t2,t3,t4,t5,t7,t8,t11,t12,t2,t4,t3,t7,t5,t9,t3,t5,t8,t11,t13
t1,t2,t4,t3,t6,t10,t5,t8,t11,t13
t1,t2,t4,t3,t5,t6,t8,t10,t11,t12,t2,t4,t3,t6,t10,t5,t9,t3,t5,t8,t11,t12,t2,t4,t3,t7,t5,t9,t3,t5,t9,t3,t5,t8,t11,t12,t2,t3,t4,t5,t7,t9,t3,t5,t8,t11,t12,t2,t3,t5,t4,t6,t8,t10,t11,t12,t2,t3,t5,t4,t8,t6,t10,t11,t12,t2,t3,t4,t6,t5,t9,t10,t3,t5,t8,t11,t12,t2,t4,t3,t6,t5,t10,t8,t11,t12,t2,t4,t3,t7,t5,t8,t11,t13
t1,t2,t4,t7,t3,t5,t9,t3,t5,t9,t3,t5,t8,t11,t13
t1,t2,t3,t4,t5,t9,t6,t3,t5,t10,t8,t11,t13
t1,t2,t4,t7,t3,t5,t9,t3,t5,t9,t3,t5,t9,t3,t5,t8,t11,t12,t2,t3,t4,t5,t6,t9,t3,t10,t5,t8,t11,t12,t2,t3,t5,t9,t4,t3,t7,t5,t9,t3,t5,t9,t3,t5,t9,t3,t5,t9,t3,t5,t9,t3,t5,t8,t11,t12,t2,t3,t4,t7,t5,t8,t11,t13
t1,t2,t3,t4,t5,t6,t8,t10,t11,t13
t1,t2,t4,t6,t3,t10,t5,t8,t11,t12,t2,t4,t3,t7,t5,t8,t11,t13
t1,t2,t4,t3,t7,t5,t9,t3,t5,t9,t3,t5,t9,t3,t5,t9,t3,t5,t8,t11,t13
t1,t2,t4,t6,t3,t5,t10,t8,t11,t13
t1,t2,t3,t5,t4,t8,t6,t10,t11,t12,t2,t3,t4,t6,t10,t5,t8,t11,t12,t2,t3,t5,t4,t8,t7,t11,t12,t2,t3,t4,t6,t10,t5,t9,t3,t5,t9,t3,t5,t9,t3,t5,t8,t11,t13
t1,t2,t4,t7,t3,t5,t8,t11,t12,t2,t4,t3,t7,t5,t8,t11,t12,t2,t4,t3,t7,t5,t8,t11,t12,t2,t4,t3,t6,t5,t8,t10,t11,t12,t2,t4,t3,t7,t5,t8,t11,t12,t2,t4,t3,t5,t7,t8,t11,t12,t2,t3,t4,t5,t9,t6,t3,t10,t5,t8,t11,t12,t2,t4,t3,t5,t6,t10,t9,t3,t5,t9,t3,t5,t9,t3,t5,t8,t11,t13
t1,t2,t3,t5,t4,t9,t6,t10,t3,t5,t8,t11,t13
t1,t2,t4,t3,t5,t6,t9,t10,t3,t5,t8,t11,t12,t2,t3,t4,t5,t6,t9,t3,t5,t10,t8,t11,t13
t1,t2,t3,t4,t5,t6,t8,t10,t11,t12,t2,t3,t4,t5,t6,t10,t8,t11,t12,t2,t3,t4,t7,t5,t8,t11,t12,t2,t3,t4,t5,t6,t9,t3,t10,t5,t9,t3,t5,t9,t3,t5,t8,t11,t12,t2,t4,t3,t5,t7,t8,t11,t13
t1,t2,t4,t3,t6,t5,t10,t8,t11,t12,t2,t4,t3,t6,t10,t5,t9,t3,t5,t9,t3,t5,t8,t11,t12,t2,t4,t3,t7,t5,t9,t3,t5,t9,t3,t5,t9,t3,t5,t8,t11,t12,t2,t3,t4,t5,t7,t8,t11,t13
t1,t2,t3,t4,t5,t7,t9,t3,t5,t8,t11,t13
t1,t2,t3,t4,t7,t5,t8,t11,t13
t1,t2,t4,t3,t6,t10,t5,t9,t3,t5,t9,t3,t5,t9,t3,t5,t8,t11,t13
t1,t2,t4,t3,t5,t6,t8,t10,t11,t12,t2,t3,t4,t5,t7,t8,t11,t13
t1,t2,t3,t4,t6,t10,t5,t8,t11,t13
t1,t2,t4,t3,t7,t5,t9,t3,t5,t8,t11,t12,t2,t3,t5,t8,t4,t6,t10,t11,t13
t1,t2,t3,t4,t7,t5,t8,t11,t12,t2,t4,t6,t3,t10,t5,t9,t3,t5,t9,t3,t5,t9,t3,t5,t8,t11,t13
t1,t2,t4,t6,t3,t10,t5,t8,t11,t13
t1,t2,t3,t4,t5,t7,t9,t3,t5,t9,t3,t5,t8,t11,t12,t2,t3,t4,t7,t5,t8,t11,t12,t2,t3,t4,t5,t7,t9,t3,t5,t8,t11,t13
t1,t2,t4,t3,t7,t5,t9,t3,t5,t9,t3,t5,t8,t11,t12,t2,t4,t3,t7,t5,t9,t3,t5,t8,t11,t12,t2,t3,t4,t5,t7,t9,t3,t5,t9,t3,t5,t9,t3,t5,t9,t3,t5,t9,t3,t5,t8,t11,t12,t2,t3,t4,t5,t8,t7,t11,t12,t2,t3,t5,t4,t8,t6,t10,t11,t12,t2,t4,t3,t6,t5,t8,t10,t11,t12,t2,t3,t4,t5,t9,t7,t3,t5,t9,t3,t5,t9,t3,t5,t8,t11,t13
t1,t2,t3,t4,t5,t7,t9,t3,t5,t9,t3,t5,t8,t11,t12,t2,t4,t7,t3,t5,t8,t11,t12,t2,t3,t4,t5,t7,t8,t11,t13
t1,t2,t4,t3,t5,t8,t7,t11,t12,t2,t3,t4,t7,t5,t8,t11,t13
t1,t2,t3,t4,t5,t6,t9,t10,t3,t5,t9,t3,t5,t9,t3,t5,t9,t3,t5,t8,t11,t13
t1,t2,t4,t3,t7,t5,t8,t11,t13
t1,t2,t3,t5,t4,t8,t7,t11,t13
t1,t2,t3,t4,t5,t9,t7,t3,t5,t8,t11,t13
t1,t2,t4,t7,t3,t5,t9,t3,t5,t8,t11,t12,t2,t3,t4,t5,t7,t8,t11,t12,t2,t3,t4,t6,t10,t5,t9,t3,t5,t9,t3,t5,t8,t11,t12,t2,t4,t6,t10,t3,t5,t8,t11,t13
t1,t2,t3,t4,t7,t5,t8,t11,t12,t2,t4,t7,t3,t5,t9,t3,t5,t9,t3,t5,t8,t11,t12,t2,t3,t4,t5,t7,t8,t11,t13
t1,t2,t3,t4,t5,t9,t6,t3,t10,t5,t9,t3,t5,t8,t11,t12,t2,t3,t4,t7,t5,t9,t3,t5,t9,t3,t5,t9,t3,t5,t8,t11,t13
t1,t2,t4,t3,t6,t10,t5,t8,t11,t13
t1,t2,t3,t4,t6,t5,t10,t8,t11,t12,t2,t3,t4,t5,t6,t9,t3,t10,t5,t9,t3,t5,t9,t3,t5,t9,t3,t5,t9,t3,t5,t9,t3,t5,t8,t11,t13
t1,t2,t3,t4,t5,t7,t8,t11,t13
t1,t2,t4,t6,t3,t10,t5,t8,t11,t13
t1,t2,t4,t3,t6,t5,t10,t8,t11,t13
t1,t2,t4,t3,t6,t5,t9,t10,t3,t5,t9,t3,t5,t9,t3,t5,t9,t3,t5,t9,t3,t5,t8,t11,t12,t2,t4,t3,t5,t9,t6,t10,t3,t5,t8,t11,t13
t1,t2,t3,t5,t4,t9,t7,t3,t5,t8,t11,t12,t2,t4,t3,t5,t9,t7,t3,t5,t8,t11,t13
t1,t2,t4,t3,t7,t5,t8,t11,t13
t1,t2,t4,t3,t5,t7,t8,t11,t12,t2,t4,t3,t6,t5,t10,t9,t3,t5,t8,t11,t13
t1,t2,t3,t4,t5,t7,t9,t3,t5,t8,t11,t12,t2,t3,t4,t5,t8,t7,t11,t12,t2,t4,t6,t3,t5,t10,t8,t11,t13
t1,t2,t3,t4,t5,t7,t9,t3,t5,t8,t11,t13
t1,t2,t3,t5,t4,t9,t7,t3,t5,t9,t3,t5,t9,t3,t5,t8,t11,t12,t2,t3,t4,t5,t9,t7,t3,t5,t9,t3,t5,t8,t11,t12,t2,t4,t3,t5,t6,t10,t8,t11,t12,t2,t3,t5,t4,t9,t7,t3,t5,t9,t3,t5,t8,t11,t12,t2,t4,t7,t3,t5,t8,t11,t12,t2,t3,t4,t7,t5,t8,t11,t13
t1,t2,t4,t3,t5,t9,t6,t3,t5,t10,t8,t11,t13
t1,t2,t3,t4,t7,t5,t8,t11,t12,t2,t4,t6,t3,t5,t8,t10,t11,t13
t1,t2,t4,t3,t7,t5,t8,t11,t12,t2,t3,t4,t7,t5,t8,t11,t13
t1,t2,t3,t5,t4,t9,t3,t7,t5,t9,t3,t5,t9,t3,t5,t8,t11,t12,t2,t4,t6,t3,t10,t5,t8,t11,t12,t2,t4,t3,t5,t6,t8,t10,t11,t12,t2,t3,t4,t5,t8,t6,t10,t11,t13
t1,t2,t4,t3,t5,t6,t8,t10,t11,t13
t1,t2,t4,t3,t7,t5,t9,t3,t5,t9,t3,t5,t8,t11,t13
t1,t2,t4,t3,t6,t5,t10,t9,t3,t5,t8,t11,t12,t2,t3,t4,t5,t8,t7,t11,t13
t1,t2,t4,t3,t7,t5,t9,t3,t5,t9,t3,t5,t9,t3,t5,t9,t3,t5,t9,t3,t5,t8,t11,t12,t2,t3,t4,t5,t7,t8,t11,t13
t1,t2,t3,t4,t7,t5,t9,t3,t5,t9,t3,t5,t9,t3,t5,t9,t3,t5,t9,t3,t5,t9,t3,t5,t8,t11,t13
t1,t2,t4,t7,t3,t5,t8,t11,t13
t1,t2,t4,t3,t7,t5,t9,t3,t5,t9,t3,t5,t8,t11,t13
t1,t2,t4,t3,t7,t5,t9,t3,t5,t8,t11,t13
t1,t2,t4,t3,t5,t9,t3,t6,t5,t10,t9,t3,t5,t9,t3,t5,t8,t11,t13
t1,t2,t4,t3,t6,t5,t10,t8,t11,t12,t2,t4,t3,t7,t5,t8,t11,t9,t2,t3,t5,t4,t12,t3,t6,t10,t5,t8,t11,t12,t2,t4,t3,t7,t5,t9,t3,t5,t9,t3,t5,t8,t11,t13
t1,t2,t3,t4,t5,t8,t6,t10,t11,t13
t1,t2,t4,t3,t5,t9,t7,t3,t5,t9,t3,t5,t8,t11,t13
t1,t2,t4,t3,t6,t5,t8,t10,t11,t13
t1,t2,t3,t5,t8,t4,t6,t10,t11,t13
t1,t2,t4,t3,t6,t5,t10,t8,t11,t13
t1,t2,t4,t3,t7,t5,t9,t3,t5,t8,t11,t13
t1,t2,t4,t3,t6,t5,t8,t10,t11,t12,t2,t3,t4,t5,t6,t9,t10,t3,t5,t8,t11,t13
t1,t2,t4,t6,t3,t5,t10,t9,t3,t5,t9,t3,t5,t8,t11,t13
t1,t2,t3,t4,t5,t7,t9,t3,t5,t8,t11,t12,t2,t4,t3,t6,t5,t10,t8,t11,t12,t2,t4,t7,t3,t5,t8,t11,t12,t2,t4,t3,t6,t10,t5,t8,t11,t13
t1,t2,t4,t3,t6,t10,t5,t8,t11,t12,t2,t4,t3,t7,t5,t8,t11,t12,t2,t3,t4,t5,t6,t9,t10,t3,t5,t9,t3,t5,t8,t11,t12,t2,t3,t5,t4,t9,t6,t10,t3,t5,t8,t11,t13
t1,t2,t3,t4,t7,t5,t9,t3,t5,t9,t3,t5,t8,t11,t12,t2,t4,t3,t6,t5,t10,t9,t3,t5,t8,t11,t12,t2,t4,t3,t6,t5,t10,t8,t11,t13
t1,t2,t4,t3,t7,t5,t9,t3,t5,t9,t3,t5,t9,t3,t5,t8,t11,t13
t1,t2,t3,t4,t5,t7,t8,t11,t13
t1,t2,t4,t3,t5,t6,t8,t10,t11,t12,t2,t4,t3,t6,t10,t5,t9,t3,t5,t9,t3,t5,t9,t3,t5,t8,t11,t12,t2,t4,t3,t6,t5,t9,t10,t3,t5,t9,t3,t5,t9,t3,t5,t9,t3,t5,t9,t3,t5,t9,t3,t5,t9,t3,t5,t8,t11,t13
t1,t2,t3,t4,t5,t6,t9,t10,t3,t5,t8,t11,t13
t1,t2,t3,t4,t5,t7,t8,t11,t12,t2,t4,t3,t6,t5,t10,t8,t11,t13
t1,t2,t3,t5,t4,t8,t6,t10,t11,t13
t1,t2,t4,t6,t3,t10,t5,t9,t3,t5,t9,t3,t5,t9,t3,t5,t8,t11,t13
t1,t2,t3,t4,t5,t7,t9,t3,t5,t8,t11,t12,t2,t4,t6,t3,t5,t10,t8,t11,t13
t1,t2,t4,t3,t7,t5,t9,t3,t5,t9,t3,t5,t9,t3,t5,t9,t3,t5,t9,t3,t5,t9,t3,t5,t9,t3,t5,t8,t11
t1,t2,t4,t3,t7,t5,t8,t11,t12,t2,t4,t3,t7,t5,t9,t3,t5,t8,t11,t12,t2,t3,t5,t4,t9,t7,t3,t5,t8,t11,t12,t2,t3,t5,t4,t9,t3,t6,t5,t10,t8,t11,t13
t1,t2,t4,t6,t3,t10,t5,t8,t11,t12,t2,t3,t4,t5,t8,t7,t11,t12,t2,t4,t3,t5,t9,t3,t5,t7,t8,t11,t13
t1,t2,t4,t3,t5,t7,t8,t11,t13
t1,t2,t3,t4,t7,t5,t8,t11,t12,t2,t4,t3,t5,t7,t9,t3,t5,t9,t3,t5,t8,t11,t12,t2,t4,t3,t5,t7,t9,t3,t5,t9,t3,t5,t9,t3,t5,t9,t3,t5,t9,t3,t5,t9,t3,t5,t9,t3,t5,t9,t3,t5,t9,t3,t5,t9,t3,t5,t9,t3,t5,t9,t3,t5,t8,t11,t12,t2,t4,t7,t3,t5,t8,t11,t12,t2,t3,t4,t5,t7,t9,t3,t5,t8,t11,t13
t1,t2,t3,t4,t5,t7,t8,t11,t12,t2,t3,t4,t7,t5,t8,t11,t12,t2,t3,t4,t5,t7,t9,t3,t5,t8,t11,t13
t1,t2,t4,t3,t7,t5,t9,t3,t5,t8,t11,t13
t1,t2,t4,t6,t10,t3,t5,t9,t3,t5,t8,t11,t12,t2,t4,t3,t6,t5,t10,t9,t3,t5,t8,t11,t12,t2,t3,t4,t6,t5,t10,t8,t11,t12,t2,t4,t3,t5,t6,t9,t10,t3,t5,t8,t11,t13
t1,t2,t4,t3,t5,t7,t8,t11,t13
t1,t2,t3,t5,t4,t6,t8,t10,t11,t12,t2,t3,t5,t4,t8,t7,t11,t13
t1,t2,t4,t3,t7,t5,t9,t3,t5,t8,t11,t12,t2,t4,t3,t7,t5,t9,t3,t5,t8,t11,t12,t2,t3,t4,t5,t6,t10,t8,t11,t12,t2,t3,t4,t5,t7,t8,t11,t12,t2,t3,t4,t5,t6,t10,t8,t11,t13
t1,t2,t4,t3,t7,t5,t8,t11,t13
t1,t2,t3,t4,t5,t7,t8,t11,t13
t1,t2,t3,t4,t5,t7,t8,t11,t12,t2,t4,t7,t3,t5,t9,t3,t5,t9,t3,t5,t8,t11,t13
t1,t2,t4,t3,t5,t7,t8,t11,t13
t1,t2,t3,t4,t5,t7,t8,t11,t12,t2,t3,t4,t7,t5,t9,t3,t5,t8,t11,t12,t2,t3,t4,t5,t9,t6,t3,t10,t5,t9,t3,t5,t8,t11,t12,t2,t3,t4,t5,t7,t9,t3,t5,t8,t11,t12,t2,t3,t4,t7,t5,t9,t3,t5,t8,t11,t13
t1,t2,t4,t3,t5,t6,t8,t10,t11,t13
t1,t2,t4,t3,t6,t5,t10,t9,t3,t5,t8,t11,t12,t2,t4,t7,t3,t5,t8,t11,t13
t1,t2,t3,t5,t4,t9,t3,t6,t5,t10,t9,t3,t5,t8,t11,t12,t2,t3,t4,t5,t7,t8,t11,t13
t1,t2,t3,t4,t5,t6,t8,t10,t11,t12,t2,t4,t3,t7,t5,t8,t11,t13
t1,t2,t3,t4,t5,t2,t8,t10,t11,t12,t6,t3,t4,t5,t7,t8,t11,t13
t1,t2,t3,t4,t5,t7,t9,t3,t5,t9,t3,t5,t9,t3,t5,t9,t3,t5,t8,t11,t12,t2,t3,t4,t5,t6,t10,t8,t11,t13
t1,t2,t4,t3,t6,t5,t10,t8,t11,t12,t2,t3,t4,t5,t6,t8,t10,t11,t13
t1,t2,t4,t3,t6,t5,t10,t8,t11,t13
t1,t2,t4,t3,t6,t5,t10,t9,t3,t5,t8,t11,t13
t1,t2,t3,t5,t4,t9,t7,t3,t5,t8,t11,t12,t2,t4,t3,t7,t5,t9,t3,t5,t9,t3,t5,t9,t3,t5,t8,t11,t13
t1,t2,t3,t4,t6,t10,t5,t9,t3,t5,t9,t3,t5,t8,t11,t12,t2,t4,t3,t6,t5,t10,t9,t3,t5,t9,t3,t5,t9,t3,t5,t8,t11,t13
t1,t2,t3,t4,t5,t9,t3,t5,t8,t6,t10,t11,t12,t2,t3,t4,t7,t5,t8,t11,t13
t1,t2,t3,t4,t5,t6,t9,t10,t3,t5,t8,t11,t13
t1,t2,t4,t6,t3,t10,t5,t9,t3,t5,t9,t3,t5,t8,t11,t12,t2,t4,t3,t5,t6,t8,t10,t11,t12,t2,t4,t3,t7,t5,t8,t11,t13
t1,t2,t4,t3,t6,t5,t10,t8,t11,t13
t1,t2,t3,t4,t7,t5,t8,t11,t12,t2,t4,t3,t7,t5,t8,t11,t13
t1,t2,t4,t3,t7,t5,t9,t3,t5,t9,t3,t5,t9,t3,t5,t9,t3,t5,t9,t3,t5,t8,t11,t12,t2,t3,t4,t5,t6,t9,t10,t3,t5,t8,t11,t13
t1,t2,t3,t5,t4,t8,t7,t11,t12,t2,t4,t3,t5,t6,t9,t10,t3,t5,t8,t11,t13
t1,t2,t3,t4,t5,t9,t6,t3,t10,t5,t8,t11,t13
t1,t2,t4,t7,t3,t5,t8,t11,t13
t1,t2,t4,t3,t6,t10,t5,t9,t3,t5,t8,t11,t12,t2,t3,t4,t5,t6,t9,t10,t3,t5,t8,t11,t13
t1,t2,t3,t4,t5,t6,t10,t9,t3,t5,t8,t11,t12,t2,t3,t4,t5,t6,t9,t3,t5,t10,t9,t3,t5,t8,t11,t12,t2,t3,t4,t5,t7,t9,t3,t5,t9,t3,t5,t8,t11,t13
t1,t2,t4,t3,t5,t7,t8,t11,t13
t1,t2,t4,t3,t6,t10,t5,t9,t3,t5,t8,t11,t12,t2,t4,t3,t5,t6,t8,t10,t11,t12,t2,t4,t3,t6,t10,t5,t9,t3,t5,t8,t11,t13
t2,t4,t3,t6,t10,t5,t8,t11,t13
t1,t2,t4,t3,t5,t8,t7,t11,t13
t1,t2,t4,t3,t5,t7,t8,t11,t13
t1,t2,t4,t3,t6,t5,t8,t10,t11,t13
t1,t2,t4,t6,t10,t3,t5,t8,t11,t13
t1,t2,t4,t3,t5,t9,t7,t3,t5,t8,t11,t13
t1,t2,t3,t5,t4,t8,t7,t11,t12,t2,t4,t6,t10,t3,t5,t9,t3,t5,t9,t3,t5,t9,t3,t5,t9,t3,t5,t8,t11,t13
t1,t2,t4,t3,t7,t5,t9,t3,t5,t9,t3,t5,t9,t3,t5,t9,t3,t5,t8,t11,t12,t2,t3,t4,t5,t9,t6,t3,t10,t5,t9,t3,t5,t9,t3,t5,t9,t3,t5,t9,t3,t5,t8,t11,t13
t1,t2,t3,t4,t5,t8,t7,t11,t12,t2,t4,t3,t7,t5,t8,t11,t12,t2,t3,t4,t5,t7,t8,t11,t12,t2,t3,t5,t4,t8,t7,t11,t12,t2,t3,t5,t4,t7,t9,t3,t5,t8,t11,t12,t2,t3,t4,t5,t6,t9,t10,t3,t5,t9,t3,t5,t8,t11,t13
t1,t2,t3,t5,t4,t7,t8,t11,t12,t2,t3,t4,t5,t7,t8,t11,t12,t2,t4,t3,t5,t7,t8,t11,t12,t2,t3,t4,t5,t9,t6,t3,t10,t5,t8,t11,t12,t2,t3,t4,t5,t6,t9,t10,t3,t5,t8,t11,t12,t2,t4,t6,t3,t10,t5,t9,t3,t5,t9,t3,t5,t8,t11,t13
t1,t2,t4,t3,t6,t10,t5,t8,t11,t13
t1,t2,t3,t4,t5,t7,t8,t11,t12,t2,t4,t6,t10,t3,t5,t9,t3,t5,t9,t3,t5,t9,t3,t5,t9,t3,t5,t9,t3,t5,t8,t11,t12,t2,t4,t3,t5,t7,t8,t11,t13
t1,t2,t3,t4,t5,t7,t9,t3,t5,t8,t11,t12,t2,t4,t3,t5,t6,t10,t9,t3,t5,t9,t3,t5,t8,t11,t12,t2,t3,t4,t7,t5,t8,t11,t12,t2,t3,t5,t4,t8,t7,t11,t12,t2,t4,t3,t5,t6,t10,t9,t3,t5,t8,t11,t13
t1,t2,t4,t3,t5,t6,t8,t10,t11,t12,t2,t3,t4,t5,t7,t8,t11,t12,t2,t3,t5,t4,t7,t9,t3,t5,t8,t11,t12,t2,t4,t6,t3,t10,t5,t9,t3,t5,t8,t11,t13
t1,t2,t3,t4,t5,t7,t9,t3,t5,t9,t3,t5,t9,t3,t5,t8,t11,t13
t1,t2,t3,t4,t5,t8,t6,t10,t11,t13
t1,t2,t4,t3,t6,t5,t9,t3,t10,t5,t9,t3,t5,t8,t11,t13
t1,t2,t3,t5,t4,t7,t8,t11,t13
t1,t2,t4,t6,t3,t10,t5,t8,t11,t13
t1,t2,t3,t4,t5,t6,t8,t10,t11,t12,t2,t4,t3,t7,t5,t8,t11,t13
t1,t2,t4,t6,t3,t10,t5,t4,t5,t7,t8,t11,t13
t1,t2,t4,t6,t3,t10,t5,t9,t3,t5,t9,t3,t5,t9,t3,t5,t9,t3,t5,t8,t11,t12,t2,t3,t4,t5,t8,t7,t11,t12,t2,t3,t4,t5,t7,t8,t11,t12,t2,t3,t5,t4,t9,t3,t6,t5,t8,t10,t11,t13
t1,t2,t3,t5,t4,t7,t8,t11,t12,t2,t3,t4,t5,t7,t9,t3,t5,t8,t11,t12,t2,t4,t3,t7,t5,t8,t11,t12,t2,t3,t4,t5,t8,t6,t10,t11,t12,t2,t3,t4,t5,t6,t9,t3,t10,t5,t8,t11,t13
t1,t2,t3,t5,t8,t4,t6,t10,t11,t13
t1,t2,t4,t3,t6,t5,t10,t9,t3,t5,t8,t11,t13
t1,t2,t4,t3,t7,t5,t8,t11,t13
t1,t2,t3,t4,t6,t5,t10,t9,t3,t5,t9,t3,t5,t9,t3,t5,t9,t3,t5,t8,t11,t12,t2,t3,t4,t5,t8,t7,t11,t13
t1,t2,t4,t3,t5,t7,t9,t3,t5,t9,t3,t5,t8,t11,t13
t1,t2,t3,t4,t5,t7,t8,t11,t12,t2,t4,t3,t6,t5,t10,t9,t3,t5,t9,t3,t5,t8,t11,t12,t2,t3,t4,t5,t6,t9,t10,t3,t5,t9,t3,t5,t9,t3,t5,t8,t11,t13
t1,t2,t4,t7,t3,t5,t8,t11,t12,t2,t3,t4,t5,t6,t8,t10,t11,t13
t1,t2,t3,t4,t5,t9,t3,t5,t6,t9,t10,t3,t5,t8,t11,t12,t2,t3,t4,t5,t8,t7,t11,t13
t1,t2,t3,t4,t5,t6,t10,t8,t11,t12,t2,t4,t3,t5,t6,t8,t10,t11,t13
t1,t2,t4,t3,t6,t10,t5,t8,t11,t13
t1,t2,t4,t3,t5,t7,t9,t3,t5,t9,t3,t5,t9,t3,t5,t9,t3,t5,t8,t11,t13
t1,t2,t3,t4,t5,t7,t9,t3,t5,t9,t3,t5,t9,t3,t5,t8,t11,t13
t1,t2,t4,t6,t3,t10,t5,t8,t11,t13
t1,t2,t3,t4,t6,t5,t9,t10,t3,t5,t9,t3,t5,t8,t11,t12,t2,t4,t3,t7,t5,t8,t11,t12,t2,t4,t3,t6,t5,t10,t8,t11,t13
t1,t2,t4,t7,t3,t5,t9,t3,t5,t9,t3,t5,t9,t3,t5,t9,t3,t5,t9,t3,t5,t9,t3,t5,t8,t11,t13
t1,t2,t3,t4,t7,t5,t9,t3,t5,t8,t11,t12,t2,t3,t4,t5,t6,t10,t8,t11,t12,t2,t4,t7,t3,t5,t9,t3,t5,t9,t3,t5,t8,t11,t12,t2,t4,t3,t6,t5,t10,t8,t11,t12,t2,t4,t3,t6,t5,t9,t10,t3,t5,t8,t11,t13
t1,t2,t3,t4,t5,t6,t10,t8,t11,t12,t2,t4,t3,t5,t7,t8,t11,t12,t2,t4,t3,t6,t5,t10,t9,t3,t5,t9,t3,t5,t8,t11,t13
t5,t9,t6,t3,t10,t5,t9,t3,t5,t9,t3,t5,t8,t11,t12,t2,t4,t3,t6,t5,t10,t8,t11,t13
t1,t2,t3,t4,t5,t7,t8,t11,t13
t1,t2,t4,t3,t5,t6,t8,t10,t11,t12,t2,t4,t3,t5,t7,t8,t11,t12,t2,t3,t4,t5,t8,t7,t11,t12,t2,t3,t5,t4,t9,t3,t6,t5,t10,t9,t3,t5,t8,t11,t13
t1,t2,t4,t3,t6,t5,t10,t9,t3,t5,t9,t3,t5,t8,t11,t13
t1,t2,t3,t4,t6,t5,t10,t9,t3,t5,t9,t3,t5,t9,t3,t5,t9,t3,t5,t8,t11,t13
t1,t2,t3,t4,t5,t6,t10,t8,t11,t13
t1,t2,t4,t6,t3,t10,t5,t9,t3,t5,t8,t11,t13
t1,t2,t4,t6,t3,t5,t10,t8,t11,t12,t2,t4,t7,t3,t5,t9,t3,t5,t9,t3,t5,t9,t3,t5,t8,t11,t12,t2,t3,t4,t5,t8,t6,t10,t11,t12,t2,t4,t3,t7,t5,t9,t3,t5,t9,t3,t5,t8,t11,t12,t2,t3,t4,t5,t7,t9,t3,t5,t9,t3,t5,t9,t3,t5,t9,t3,t5,t8,t11,t13
t1,t2,t3,t5,t4,t9,t6,t10,t3,t5,t8,t11,t12,t2,t4,t3,t5,t6,t8,t10,t11,t12,t2,t4,t3,t6,t5,t10,t9,t3,t5,t8,t11,t13
t1,t2,t3,t5,t9,t4,t3,t6,t5,t10,t9,t3,t5,t8,t11,t13
t1,t2,t3,t4,t5,t6,t10,t8,t11,t12,t2,t4,t3,t7,t5,t9,t3,t5,t8,t11,t13
t1,t2,t3,t4,t6,t5,t10,t8,t11,t12,t2,t3,t4,t5,t6,t9,t3,t10,t5,t9,t3,t5,t8,t11,t12,t2,t4,t3,t5,t9,t6,t3,t10,t5,t8,t11,t12,t2,t4,t6,t3,t10,t5,t9,t3,t5,t9,t3,t5,t8,t11,t13
t1,t2,t3,t4,t7,t5,t9,t3,t5,t8,t11,t12,t2,t3,t4,t5,t7,t9,t3,t5,t9,t3,t5,t9,t3,t5,t8,t11,t12,t2,t4,t3,t5,t6,t9,t3,t5,t10,t8,t11,t13
t1,t2,t3,t4,t7,t5,t9,t3,t5,t9,t3,t5,t9,t3,t5,t8,t11,t12,t2,t3,t4,t5,t9,t6,t10,t3,t5,t8,t11,t12,t2,t4,t7,t3,t5,t8,t11,t12,t2,t3,t4,t5,t6,t9,t10,t3,t5,t8,t11,t12,t2,t3,t4,t5,t9,t6,t3,t5,t10,t9,t3,t5,t9,t3,t5,t8,t11,t13
t1,t2,t4,t3,t5,t6,t8,t10,t11,t12,t2,t3,t4,t5,t6,t8,t10,t11,t13
t1,t2,t3,t5,t4,t9,t6,t3,t10,t5,t8,t11,t12,t2,t4,t3,t6,t10,t5,t9,t3,t5,t8,t11,t12,t2,t4,t3,t6,t5,t10,t8,t11,t12,t2,t3,t4,t5,t6,t9,t3,t10,t5,t8,t11,t12,t2,t4,t3,t5,t6,t8,t10,t11,t13
t1,t2,t3,t4,t5,t9,t7,t3,t5,t8,t11,t12,t2,t4,t3,t7,t5,t9,t3,t5,t9,t3,t5,t8,t11,t13
t1,t2,t3,t4,t5,t6,t9,t10,t3,t5,t9,t3,t5,t8,t11,t13
t1,t2,t4,t3,t5,t6,t10,t8,t11,t12,t2,t3,t5,t4,t6,t9,t3,t5,t10,t9,t3,t5,t9,t3,t5,t8,t11,t12,t2,t3,t4,t5,t8,t7,t11,t12,t2,t4,t3,t6,t5,t10,t9,t3,t5,t8,t11,t12,t2,t4,t3,t6,t5,t10,t8,t11,t12,t2,t3,t5,t9,t4,t3,t6,t5,t10,t8,t11,t12,t2,t4,t7,t3,t5,t9,t3,t5,t8,t11,t12,t2,t3,t4,t5,t9,t6,t10,t3,t5,t8,t11,t13
t1,t2,t4,t3,t7,t5,t9,t3,t5,t9,t3,t5,t8,t11,t13
t1,t2,t4,t3,t6,t5,t9,t3,t5,t8,t11,t13
t1,t2,t3,t4,t5,t6,t10,t8,t11,t12,t2,t3,t5,t4,t9,t7,t3,t5,t9,t3,t5,t8,t11,t12,t2,t3,t4,t5,t6,t8,t10,t11,t13
t1,t2,t4,t6,t10,t3,t5,t9,t3,t5,t9,t3,t5,t9,t3,t5,t8,t11,t13
t1,t2,t4,t3,t6,t5,t10,t9,t3,t5,t9,t3,t5,t8,t11,t12,t2,t3,t5,t9,t3,t4,t5,t8,t6,t10,t11,t13
t1,t2,t3,t4,t7,t5,t9,t3,t5,t9,t3,t5,t9,t3,t5,t9,t3,t5,t9,t3,t5,t9,t3,t5,t9,t3,t5,t8,t11,t13
t1,t2,t3,t4,t5,t6,t8,t10,t11,t13
t1,t2,t4,t6,t3,t5,t10,t8,t11,t13
t1,t2,t4,t3,t7,t5,t8,t11,t13
t1,t2,t4,t7,t3,t5,t8,t11,t12,t2,t3,t4,t5,t8,t6,t10,t11,t12,t2,t4,t6,t3,t10,t5,t8,t11,t12,t2,t3,t4,t7,t5,t9,t3,t5,t9,t3,t5,t8,t11,t13
t1,t2,t3,t4,t5,t6,t9,t10,t3,t5,t9,t3,t5,t8,t11,t12,t2,t4,t3,t5,t7,t8,t11,t13
t1,t2,t3,t4,t5,t9,t6,t3,t10,t5,t8,t11,t13
t1,t2,t3,t4,t5,t6,t8,t10,t11,t13
t1,t2,t4,t6,t3,t10,t5,t8,t11,t12,t2,t4,t3,t6,t10,t5,t9,t3,t5,t9,t3,t5,t9,t3,t5,t9,t3,t5,t9,t3,t5,t8,t11,t13
t1,t2,t3,t4,t5,t7,t9,t3,t5,t8,t11,t12,t2,t4,t3,t5,t6,t8,t10,t11,t12,t2,t3,t4,t5,t7,t9,t3,t5,t8,t11,t12,t2,t3,t4,t5,t9,t7,t3,t5,t8,t11,t12,t2,t4,t3,t5,t7,t9,t3,t5,t8,t11,t13
t1,t2,t4,t3,t7,t5,t8,t11,t13
t1,t2,t4,t7,t3,t5,t9,t3,t5,t9,t3,t5,t9,t3,t5,t8,t11,t12,t2,t3,t4,t5,t8,t6,t10,t11,t12,t2,t3,t4,t5,t6,t8,t10,t11,t12,t2,t3,t4,t5,t9,t6,t3,t10,t5,t8,t11,t12,t2,t4,t3,t6,t5,t10,t9,t3,t5,t9,t3,t5,t9,t3,t5,t9,t3,t5,t9,t3,t5,t8,t11,t12,t2,t4,t6,t3,t10,t5,t8,t11,t13
t1,t2,t4,t3,t6,t5,t10,t8,t11,t12,t2,t4,t3,t7,t5,t8,t11,t12,t2,t3,t4,t7,t5,t8,t11,t13
t1,t2,t3,t4,t5,t8,t6,t10,t11,t13
t1,t2,t3,t5,t9,t3,t5,t8,t4,t6,t10,t11,t12,t2,t3,t5,t4,t9,t7,t3,t5,t9,t3,t5,t9,t3,t5,t9,t3,t5,t9,t3,t5,t9,t3,t5,t9,t3,t5,t8,t11,t12,t2,t3,t4,t7,t5,t9,t3,t5,t8,t11,t13
t1,t2,t4,t3,t6,t10,t5,t8,t11,t12,t2,t3,t4,t5,t6,t8,t10,t11,t12,t2,t4,t3,t7,t5,t8,t11,t13
t1,t2,t4,t7,t3,t5,t9,t11,t5,t8,t11,t12,t2,t4,t6,t3,t10,t5,t8,t11,t12,t2,t4,t3,t6,t10,t5,t8,t3,t12,t2,t4,t3,t6,t10,t5,t9,t3,t5,t9,t3,t5,t8,t11,t13
t1,t2,t3,t5,t4,t8,t7,t11,t13
t1,t2,t4,t3,t7,t5,t8,t11,t13
t1,t2,t4,t3,t6,t5,t10,t9,t3,t5,t9,t3,t5,t8,t11,t13
t1,t2,t4,t7,t3,t5,t8,t11,t13
t1,t2,t4,t3,t6,t5,t10,t8,t11,t12,t2,t3,t4,t5,t7,t9,t3,t5,t9,t3,t5,t8,t11,t13
t1,t2,t3,t5,t4,t7,t9,t3,t5,t8,t11,t12,t2,t4,t3,t7,t5,t8,t11,t13
t1,t2,t3,t4,t5,t9,t7,t3,t5,t9,t3,t5,t8,t11,t12,t2,t4,t3,t7,t5,t8,t11,t12,t2,t4,t3,t6,t10,t5,t9,t3,t5,t8,t11,t13
t1,t2,t3,t5,t9,t3,t4,t5,t6,t8,t10,t11,t13
t1,t2,t3,t5,t9,t4,t3,t5,t7,t8,t11,t13
t1,t2,t4,t3,t7,t5,t9,t3,t5,t9,t3,t5,t9,t3,t5,t8,t11,t12,t2,t3,t4,t7,t5,t8,t11,t13
t1,t2,t3,t4,t7,t5,t9,t3,t5,t8,t11,t13
t1,t2,t3,t4,t5,t7,t8,t11,t12,t2,t4,t7,t3,t5,t9,t3,t5,t9,t3,t5,t9,t3,t5,t8,t11,t12,t2,t3,t4,t5,t9,t6,t3,t10,t5,t8,t11,t12,t2,t4,t6,t3,t10,t5,t8,t11,t13
t1,t2,t3,t4,t5,t7,t8,t11,t13
t1,t2,t3,t4,t5,t6,t10,t8,t11,t12,t2,t4,t7,t3,t5,t9,t3,t5,t9,t3,t5,t8,t11,t13
t1,t2,t3,t4,t5,t6,t9,t10,t3,t5,t9,t3,t5,t8,t11,t12,t2,t3,t4,t5,t6,t9,t10,t3,t5,t9,t3,t5,t9,t3,t5,t9,t3,t5,t9,t3,t5,t8,t11,t12,t2,t4,t7,t3,t5,t8,t11,t12,t2,t4,t3,t7,t5,t9,t3,t5,t8,t11,t13
t1,t2,t3,t4,t5,t6,t10,t9,t3,t5,t8,t11,t12,t2,t4,t3,t6,t5,t10,t8,t11,t13
t1,t2,t4,t6,t10,t3,t5,t8,t11,t13
t1,t2,t3,t4,t5,t6,t10,t8,t11,t13
t1,t2,t4,t3,t7,t5,t8,t11,t12,t2,t3,t4,t7,t5,t8,t11,t13
t1,t2,t4,t3,t6,t8,t11,t13
t1,t2,t3,t5,t4,t7,t9,t3,t5,t8,t11,t12,t2,t3,t5,t4,t9,t7,t3,t5,t9,t3,t5,t8,t11,t12,t2,t3,t5,t4,t8,t7,t11,t12,t2,t3,t4,t7,t5,t8,t11,t13
t1,t2,t4,t3,t6,t5,t10,t9,t3,t5,t8,t11,t12,t2,t3,t5,t4,t9,t3,t7,t5,t8,t11,t12,t2,t3,t4,t5,t7,t9,t3,t5,t9,t3,t5,t9,t3,t5,t9,t3,t5,t9,t3,t5,t9,t3,t5,t9,t3,t5,t8,t11,t13
t1,t2,t4,t3,t6,t5,t10,t8,t11,t13
t1,t2,t4,t3,t7,t5,t8,t11,t12,t2,t4,t3,t7,t5,t8,t11,t12,t2,t3,t5,t4,t8,t7,t11,t12,t2,t3,t5,t4,t7,t8,t11,t13
t1,t2,t3,t5,t4,t7,t8,t11,t12,t2,t4,t6,t3,t10,t5,t9,t3,t5,t8,t11,t13
t1,t2,t4,t3,t6,t10,t5,t9,t3,t5,t9,t3,t5,t8,t11,t12,t2,t4,t3,t5,t7,t9,t3,t5,t8,t11,t13
t1,t2,t4,t7,t3,t5,t9,t3,t5,t8,t11,t13
t1,t2,t3,t5,t9,t4,t3,t7,t5,t9,t3,t5,t9,t3,t5,t9,t3,t5,t9,t3,t5,t9,t3,t5,t9,t3,t5,t8,t11,t12,t2,t3,t4,t7,t5,t8,t11,t13
t1,t2,t3,t4,t7,t5,t8,t11,t13
t1,t2,t4,t3,t7,t5,t8,t11,t13
t1,t2,t4,t3,t6,t5,t10,t9,t3,t5,t8,t11,t12,t2,t4,t3,t6,t10,t5,t9,t3,t5,t9,t3,t5,t8,t11,t13
t1,t2,t4,t3,t5,t6,t10,t8,t11,t13
t1,t2,t3,t4,t6,t10,t5,t9,t3,t5,t8,t11,t12,t2,t4,t6,t10,t3,t5,t9,t3,t5,t9,t3,t5,t8,t11,t12,t2,t3,t5,t4,t8,t7,t11,t13
t1,t2,t4,t3,t5,t7,t9,t3,t5,t9,t3,t5,t9,t3,t5,t8,t11,t12,t2,t4,t3,t5,t6,t8,t10,t11,t13
t1,t2,t3,t4,t5,t6,t8,t10,t11,t13
t1,t2,t3,t4,t6,t5,t10,t9,t3,t5,t8,t11,t13
t1,t2,t3,t4,t6,t5,t10,t8,t11,t12,t2,t4,t7,t3,t5,t8,t11,t13
t1,t2,t4,t3,t5,t6,t10,t8,t11,t12,t2,t3,t4,t5,t6,t9,t3,t5,t10,t9,t3,t5,t9,t3,t5,t9,t3,t5,t9,t3,t5,t9,t3,t5,t8,t11,t12,t2,t4,t3,t6,t5,t10,t8,t11,t12,t2,t4,t3,t7,t5,t8,t11,t12,t2,t3,t4,t7,t5,t8,t11,t13
t1,t2,t3,t5,t4,t9,t7,t3,t5,t9,t3,t5,t8,t11,t12,t2,t3,t4,t6,t5,t10,t9,t3,t5,t9,t3,t5,t8,t11,t13
t1,t2,t4,t3,t5,t8,t7,t10,t9,t3,t5,t8,t11,t13
t1,t2,t4,t3,t7,t5,t9,t3,t5,t8,t11,t13
t1,t2,t4,t6,t3,t10,t5,t8,t11,t12,t2,t4,t3,t7,t5,t9,t3,t5,t8,t11,t12,t2,t4,t3,t6,t5,t10,t8,t11,t12,t2,t4,t6,t3,t5,t10,t8,t11,t13
t1,t2,t4,t6,t3,t10,t5,t9,t3,t5,t8,t11,t13
t1,t2,t3,t4,t5,t6,t8,t10,t11,t13
t1,t2,t4,t6,t3,t5,t10,t9,t3,t5,t9,t3,t5,t9,t3,t5,t9,t3,t5,t9,t3,t5,t9,t3,t5,t9,t3,t5,t9,t3,t5,t8,t11,t13
t1,t2,t3,t4,t5,t8,t7,t11,t13
t1,t2,t4,t3,t6,t5,t10,t8,t11,t12,t2,t3,t4,t7,t5,t9,t3,t5,t8,t11,t13
t1,t2,t4,t6,t10,t3,t5,t9,t3,t5,t9,t3,t5,t8,t11,t13
t1,t2,t4,t7,t3,t5,t9,t3,t5,t8,t11,t12,t2,t4,t3,t7,t5,t9,t3,t5,t9,t3,t5,t8,t11,t12,t2,t4,t3,t7,t5,t9,t3,t5,t8,t11,t13
t1,t2,t3,t4,t5,t6,t8,t10,t11,t13
t1,t2,t4,t3,t6,t5,t10,t9,t3,t5,t8,t11,t13
t1,t2,t3,t4,t5,t6,t10,t8,t11,t13
t1,t2,t3,t4,t5,t9,t3,t6,t5,t10,t8,t11,t12,t2,t4,t3,t6,t5,t10,t9,t3,t5,t9,t3,t5,t9,t3,t5,t9,t3,t5,t8,t11,t12,t2,t4,t3,t5,t7,t9,t3,t5,t8,t11,t12,t2,t3,t4,t7,t5,t9,t3,t5,t8,t11,t13
t1,t2,t3,t4,t5,t7,t9,t3,t5,t9,t3,t5,t9,t3,t5,t8,t11,t12,t2,t4,t3,t7,t5,t8,t11,t13
t1,t2,t3,t4,t5,t7,t9,t3,t5,t8,t11,t13
t1,t2,t4,t3,t5,t7,t9,t3,t5,t8,t11,t13
t1,t2,t4,t3,t6,t5,t10,t8,t11,t13
t1,t2,t3,t4,t5,t6,t9,t10,t3,t5,t9,t3,t5,t8,t11,t12,t2,t3,t4,t5,t6,t8,t10,t11,t12,t2,t4,t3,t5,t6,t8,t10,t11,t12,t2,t3,t4,t7,t5,t8,t11,t13
t1,t2,t4,t6,t3,t10,t5,t8,t11,t12,t2,t3,t4,t5,t7,t8,t11,t13
t1,t2,t3,t4,t6,t10,t5,t8,t11,t12,t2,t4,t3,t5,t9,t6,t3,t10,t5,t9,t3,t5,t9,t3,t5,t9,t3,t5,t9,t3,t5,t9,t3,t5,t8,t11,t13
t1,t2,t3,t4,t5,t7,t9,t3,t5,t8,t11,t12,t2,t3,t5,t4,t9,t6,t3,t10,t5,t9,t3,t5,t9,t3,t5,t9,t3,t5,t9,t3,t5,t9,t3,t5,t8,t11,t12,t2,t3,t4,t5,t6,t9,t10,t3,t5,t9,t3,t5,t9,t3,t5,t8,t11,t13
t1,t2,t3,t4,t5,t6,t10,t9,t3,t5,t8,t11,t13
t1,t2,t4,t6,t3,t10,t5,t9,t3,t5,t9,t3,t5,t8,t11,t13
t1,t2,t4,t3,t6,t5,t10,t8,t11,t12,t2,t4,t6,t3,t10,t5,t9,t3,t5,t9,t3,t5,t8,t11,t12,t2,t3,t4,t5,t7,t8,t11,t12,t2,t3,t5,t4,t8,t7,t11,t12,t2,t4,t3,t7,t5,t9,t3,t5,t8,t11,t13
t1,t2,t3,t5,t9,t4,t3,t6,t5,t10,t9,t3,t5,t8,t11,t13
t1,t2,t3,t5,t4,t9,t3,t6,t10,t5,t9,t3,t5,t9,t3,t5,t9,t3,t5,t9,t3,t5,t8,t11,t13
t1,t2,t4,t6,t10,t3,t5,t9,t3,t5,t8,t11,t12,t2,t3,t4,t5,t8,t7,t11,t12,t2,t3,t4,t5,t7,t8,t11,t12,t2,t3,t4,t5,t7,t9,t3,t5,t9,t3,t5,t8,t11,t13
t1,t2,t3,t5,t8,t4,t6,t10,t11,t12,t2,t3,t4,t5,t7,t9,t3,t5,t9,t3,t5,t9,t3,t5,t9,t3,t5,t9,t3,t5,t9,t3,t5,t9,t3,t5,t8,t11,t12,t2,t4,t3,t5,t6,t9,t10,t3,t5,t8,t11,t13
t1,t2,t3,t4,t5,t8,t7,t11,t13
t1,t2,t4,t3,t7,t5,t8,t11,t13
t1,t2,t4,t3,t7,t5,t8,t11,t12,t2,t3,t4,t5,t7,t9,t3,t5,t9,t3,t5,t8,t11,t12,t2,t4,t3,t6,t5,t10,t9,t3,t5,t8,t11,t12,t2,t3,t4,t5,t9,t7,t3,t5,t9,t3,t5,t8,t11,t12,t2,t4,t3,t6,t10,t5,t8,t11,t12,t2,t3,t5,t8,t4,t6,t10,t11,t13
t1,t2,t4,t3,t7,t5,t9,t3,t5,t9,t3,t5,t8,t11,t12,t2,t3,t4,t5,t9,t7,t3,t5,t8,t11,t13
t1,t2,t3,t5,t4,t9,t7,t3,t5,t8,t11,t13
t1,t2,t4,t6,t3,t10,t5,t9,t3,t5,t8,t11,t12,t2,t4,t7,t3,t5,t9,t3,t5,t8,t11,t13
t1,t2,t3,t4,t6,t5,t10,t8,t11,t12,t2,t3,t4,t5,t9,t3,t6,t5,t10,t8,t11,t13
t1,t2,t3,t4,t5,t6,t8,t10,t11,t13
t1,t2,t3,t4,t5,t6,t9,t10,t3,t5,t9,t3,t5,t8,t11,t12,t2,t4,t3,t5,t7,t8,t11,t12,t2,t4,t3,t7,t5,t8,t11,t12,t2,t3,t5,t4,t9,t7,t3,t5,t9,t3,t5,t8,t11,t13
t1,t2,t4,t7,t3,t5,t8,t11,t12,t2,t4,t3,t7,t5,t8,t11,t13
t1,t2,t3,t4,t7,t5,t9,t3,t5,t9,t3,t5,t9,t3,t5,t9,t3,t5,t9,t3,t5,t8,t11,t13
t1,t2,t3,t4,t7,t5,t9,t3,t5,t9,t3,t5,t9,t3,t5,t9
t1,t2,t3,t4,t5,t9,t7,t3,t5,t8,t11,t12,t2,t3,t4,t5,t8,t7,t11,t13
t1,t2,t4,t7,t3,t5,t8,t11,t12,t2,t4,t3,t6,t10,t5,t9,t3,t5,t8,t11,t12,t2,t4,t3,t7,t5,t9,t3,t5,t9,t3,t5,t8,t11,t12,t2,t3,t4,t5,t7,t9,t3,t5,t9,t3,t5,t9,t3,t5,t9,t3,t5,t8,t11,t12,t2,t4,t3,t7,t5,t8,t11,t13
t1,t2,t3,t4,t6,t5,t10,t8,t11,t13
t1,t2,t4,t3,t6,t5,t8,t10,t11,t12,t2,t4,t3,t6,t5,t10,t9,t3,t5,t9,t3,t5,t8,t11,t12,t2,t3,t4,t5,t7,t9,t3,t5,t9,t3,t5,t8,t11,t13
t1,t2,t4,t3,t7,t5,t9,t3,t5,t8,t11,t13
t1,t2,t4,t3,t7,t5,t8,t11,t13
t1,t2,t3,t5,t4,t9,t7,t3,t5,t8,t11,t12,t2,t4,t3,t6,t5,t8,t10,t11,t13
t1,t2,t4,t3,t7,t5,t8,t11,t12,t2,t4,t3,t5,t6,t9,t10,t3,t5,t8,t11,t12,t2,t3,t5,t4,t9,t7,t3,t5,t8,t11,t12,t2,t3,t5,t8,t4,t7,t11,t13
t1,t2,t3,t4,t7,t5,t8,t11,t12,t2,t4,t3,t6,t10,t5,t8,t11,t13
t1,t2,t4,t3,t6,t5,t9,t3,t5,t10,t8,t11,t13
t1,t2,t3,t5,t4,t9,t7,t3,t5,t8,t11,t12,t2,t3,t4,t5,t6,t8,t10,t11,t13
t1,t2,t3,t4,t5,t7,t8,t11,t13
t1,t2,t4,t3,t6,t5,t10,t9,t3,t5,t8,t11,t12,t2,t3,t4,t5,t9,t3,t5,t8,t6,t10,t11,t12,t2,t3,t5,t9,t4,t3,t7,t5,t8,t11,t13
t1,t2,t4,t3,t6,t10,t5,t8,t11,t13
t1,t2,t3,t5,t4,t9,t6,t10,t3,t5,t8,t11,t13
t1,t2,t4,t3,t5,t6,t8,t10,t11,t13
t1,t2,t4,t6,t3,t10,t5,t8,t11,t13
t1,t2,t4,t6,t3,t5,t10,t9,t3,t5,t8,t11,t13
t1,t2,t3,t4,t5,t6,t9,t10,t3,t5,t9,t3,t5,t8,t11,t12,t2,t3,t4,t5,t8,t6,t10,t11,t13
t1,t2,t3,t4,t5,t5,t8,t11,t13
t1,t2,t4,t3,t5,t7,t9,t3,t5,t8,t11,t12,t2,t3,t4,t5,t6,t9,t3,t10,t5,t8,t11,t13
t1,t2,t3,t4,t5,t6,t10,t9,t3,t5,t8,t11,t12,t2,t3,t4,t5,t7,t9,t3,t5,t9,t3,t5,t8,t11,t12,t2,t3,t4,t7,t5,t8,t11,t12,t2,t3,t4,t6,t5,t10,t9,t3,t5,t9,t3,t5,t8,t11,t12,t2,t3,t5,t8,t4,t7,t11,t13
t1,t2,t3,t5,t4,t8,t7,t11,t12,t2,t4,t3,t5,t6,t9,t10,t3,t5,t8,t11,t12,t2,t4,t6,t3,t5,t9,t10,t3,t5,t8,t11,t13
t1,t2,t3,t4,t5,t7,t9,t3,t5,t9,t3,t5,t8,t11,t13
t1,t2,t4,t7,t3,t5,t9,t3,t5,t8,t11,t13
t1,t2,t4,t3,t7,t5,t8,t11,t12,t2,t3,t4,t5,t7,t8,t11,t12,t2,t3,t4,t5,t7,t9,t3,t5,t8,t11,t13
t1,t2,t3,t4,t5,t7,t9,t3,t5,t8,t11,t12,t2,t3,t4,t5,t9,t3,t7,t5,t9,t3,t5,t8,t11,t12,t2,t4,t3,t7,t5,t9,t3,t5,t8,t11,t12,t2,t3,t4,t5,t6,t8,t10,t11,t12,t2,t4,t7,t3,t5,t8,t11,t12,t2,t3,t4,t5,t7,t9,t3,t5,t8,t11,t12,t2,t4,t3,t6,t5,t9,t10,t3,t5,t8,t11,t12,t2,t3,t4,t5,t6,t8,t10,t11,t12,t2,t3,t4,t5,t7,t9,t3,t5,t9,t3,t5,t8,t11,t13
t1,t2,t3,t4,t5,t6,t9,t10,t3,t5,t8,t11,t12,t2,t3,t4,t5,t9,t6,t3,t5,t8,t10,t11,t12,t2,t4,t3,t7,t5,t8,t11,t12,t2,t3,t4,t7,t5,t8,t11,t12,t2,t4,t3,t7,t5,t8,t11,t12,t2,t3,t4,t5,t9,t7,t3,t5,t8,t11,t12,t2,t3,t4,t5,t7,t8,t11,t13
t1,t2,t4,t3,t6,t5,t10,t9,t3,t5,t8,t11,t13
t1,t2,t3,t4,t5,t7,t8,t11,t13
t1,t2,t3,t4,t5,t7,t8,t11,t12,t2,t3,t5,t8,t4,t6,t10,t11,t13
t1,t2,t3,t4,t5,t6,t10,t8,t11,t13
t1,t2,t3,t4,t5,t6,t9,t10,t3,t5,t9,t3,t5,t8,t11,t12,t2,t3,t5,t4,t6,t10,t8,t11,t12,t2,t3,t4,t5,t7,t8,t11,t12,t2,t4,t3,t7,t5,t9,t3,t5,t8,t11,t13
t1,t2,t3,t4,t5,t7,t9,t3,t5,t9,t3,t5,t8,t11,t12,t2,t3,t4,t5,t7,t9,t3,t5,t9,t3,t5,t8,t11,t13
t1,t2,t4,t3,t7,t5,t8,t11,t12,t2,t3,t4,t5,t9,t6,t10,t3,t5,t8,t11,t13
t1,t2,t4,t3,t6,t5,t10,t9,t3,t5,t9,t3,t5,t9,t3,t5,t8,t11,t13
t1,t2,t4,t3,t5,t7,t9,t3,t5,t9,t3,t5,t8,t11,t12,t2,t4,t6,t3,t10,t5,t8,t11,t12,t2,t3,t5,t4,t7,t9,t3,t5,t9,t3,t5,t8,t11,t13
t1,t2,t4,t7,t3,t5,t8,t11,t12,t2,t3,t4,t5,t6,t8,t10,t11,t13
t1,t2,t4,t6,t3,t10,t5,t8,t11,t12,t2,t3,t4,t5,t9,t7,t3,t5,t9,t3,t5,t8,t11,t13
t3,t4,t6,t5,t9,t10,t3,t5,t8,t11,t13
t1,t2,t4,t3,t6,t10,t5,t9,t3,t5,t8,t11,t13
t1,t2,t3,t5,t4,t7,t8,t11,t12,t2,t3,t4,t5,t6,t10,t8,t11,t13
t1,t2,t4,t3,t5,t6,t8,t10,t11,t12,t2,t3,t4,t5,t6,t10,t9,t3,t5,t9,t3,t5,t8,t11,t12,t2,t3,t4,t5,t7,t9,t3,t5,t8,t11,t12,t2,t3,t5,t4,t9,t7,t3,t5,t9,t3,t5,t9,t3,t5,t8,t11,t13
t1,t2,t3,t4,t5,t6,t9,t10,t3,t5,t8,t11,t13
t1,t2,t3,t4,t5,t7,t9,t3,t5,t8,t11,t13
t1,t2,t4,t3,t7,t5,t8,t11,t13
t1,t2,t3,t5,t4,t8,t6,t10,t11,t12,t2,t4,t3,t6,t5,t10,t9,t3,t5,t8,t11,t12,t2,t4,t3,t7,t5,t9,t3,t5,t8,t11,t13
t1,t2,t3,t4,t5,t7,t8,t11,t12,t2,t3,t4,t7,t5,t9,t3,t5,t9,t3,t5,t8,t11,t12,t2,t4,t6,t10,t3,t5,t8,t11,t12,t2,t4,t6,t3,t10,t5,t8,t11,t12,t2,t3,t4,t5,t7,t8,t11,t13
t1,t2,t3,t4,t5,t7,t9,t3,t5,t9,t3,t5,t8,t11,t12,t2,t4,t3,t5,t7,t8,t11,t13
t1,t2,t4,t3,t6,t10,t5,t9,t3,t5,t8,t11,t13
t1,t2,t3,t5,t4,t9,t7,t3,t5,t8,t11,t12,t2,t3,t4,t5,t7,t8,t11,t13
t1,t2,t3,t5,t8,t4,t6,t10,t11,t12,t2,t3,t4,t6,t5,t8,t10,t11,t12,t2,t4,t3,t5,t6,t9,t10,t3,t5,t8,t11,t13
t1,t2,t4,t3,t6,t5,t10,t9,t3,t5,t8,t11,t12,t2,t4,t3,t7,t5,t8,t11,t13
t1,t2,t4,t7,t3,t5,t8,t11,t13
t1,t2,t4,t3,t5,t9,t3,t6,t5,t10,t9,t3,t5,t9,t3,t5,t8,t11,t12,t2,t3,t4,t5,t9,t6,t3,t5,t9,t10,t3,t5,t8,t11,t13
t1,t2,t3,t4,t6,t10,t5,t8,t11,t13
t1,t2,t4,t3,t7,t5,t9,t3,t5,t9,t3,t5,t8,t11,t12,t2,t4,t3,t6,t5,t10,t8,t11,t12,t2,t3,t5,t4,t8,t7,t11,t13
t1,t2,t4,t3,t6,t5,t9,t3,t10,t5,t8,t11,t13
t1,t2,t3,t5,t4,t8,t6,t10,t11,t13
t1,t2,t4,t3,t7,t5,t3,t11,t12,t2,t4,t7,t8,t5,t8,t11,t12,t2,t4,t3,t7,t5,t9,t3,t5,t8,t11,t12,t2,t3,t4,t5,t9,t3,t6,t5,t10,t8,t11,t13
t1,t2,t3,t4,t5,t7,t9,t3,t5,t9,t3,t5,t8,t11,t12,t2,t4,t3,t7,t5,t9,t3,t5,t8,t11,t12,t2,t3,t4,t5,t6,t9,t10,t3,t5,t8,t11,t13
t1,t2,t3,t4,t5,t7,t9,t3,t5,t8,t11,t13
t1,t2,t3,t4,t6,t5,t10,t9,t3,t5,t9,t3,t5,t9,t3,t5,t9,t3,t5,t9,t3,t5,t9,t3,t5,t8,t11,t12,t2,t3,t4,t5,t9,t6,t3,t5,t10,t8,t11,t12,t2,t4,t3,t6,t5,t10,t9,t3,t5,t9,t3,t5,t8,t11,t13
t1,t2,t4,t3,t7,t5,t9,t3,t5,t8,t11,t13
t1,t2,t4,t3,t5,t7,t9,t3,t5,t8,t11,t12,t2,t3,t5,t4,t8,t6,t10,t11,t12,t2,t4,t3,t7,t5,t9,t3,t5,t9,t3,t5,t8,t11,t13
t1,t2,t4,t3,t7,t5,t8,t11,t12,t2,t4,t6,t3,t5,t10,t9,t3,t5,t9,t3,t5,t9,t3,t5,t8,t11,t13
t1,t2,t3,t5,t4,t6,t8,t10,t11,t13
t1,t2,t3,t4,t7,t5,t8,t11,t12,t2,t3,t4,t5,t7,t8,t11,t12,t2,t3,t5,t4,t9,t6,t3,t10,t5,t9,t3,t5,t9,t3,t5,t8,t11,t13
t1,t2,t3,t4,t6,t10,t5,t8,t11,t12,t2,t3,t4,t5,t7,t8,t11,t12,t2,t4,t3,t6,t5,t10,t9,t3,t5,t9,t3,t5,t9,t3,t5,t8,t11,t13
t1,t2,t3,t4,t5,t7,t9,t3,t5,t9,t3,t5,t9,t3,t5,t9,t3,t5,t9,t3,t5,t8,t11,t13
t1,t2,t4,t6,t3,t10,t5,t8,t11,t13
t1,t2,t3,t4,t7,t5,t9,t3,t5,t9,t3,t5,t9,t3,t5,t8,t11,t13
t1,t2,t3,t4,t7,t5,t8,t11,t13
t1,t2,t3,t4,t5,t7,t9,t3,t5,t8,t11,t12,t2,t4,t3,t7,t5,t9,t3,t5,t9,t3,t5,t8,t11,t12,t2,t4,t3,t6,t5,t9,t3,t5,t10,t9,t3,t5,t9,t3,t5,t8,t11,t13
t1,t2,t4,t3,t7,t5,t9,t3,t5,t8,t11,t12,t2,t3,t4,t5,t7,t8,t11,t12,t2,t4,t3,t6,t10,t5,t9,t3,t5,t8,t11,t12,t2,t3,t4,t5,t8,t6,t10,t11,t13
t1,t2,t3,t5,t4,t8,t7,t11,t13
t1,t2,t3,t5,t4,t9,t6,t10,t3,t5,t9,t3,t5,t9,t3,t5,t8,t11,t13
t1,t2,t4,t3,t6,t10,t5,t8,t11,t13
t1,t2,t4,t3,t5,t8,t6,t10,t11,t13
t1,t2,t4,t3,t5,t8,t11,t13
t1,t2,t3,t4,t5,t6,t8,t10,t11,t13
t1,t2,t4,t6,t3,t10,t5,t9,t3,t5,t8,t11,t13
t1,t2,t3,t4,t5,t6,t8,t10,t11,t12,t2,t3,t5,t4,t9,t3,t7,t5,t8,t11,t13
t1,t2,t4,t3,t7,t5,t8,t11,t13
t1,t2,t4,t7,t3,t5,t8,t11,t13
t1,t2,t4,t3,t7,t5,t8,t11,t12,t2,t3,t4,t7,t5,t9,t3,t5,t9,t3,t5,t9,t3,t5,t8,t11,t12,t2,t4,t7,t3,t5,t9,t3,t5,t9,t3,t5,t8,t11,t13
t1,t2,t3,t5,t9,t4,t3,t7,t5,t9,t3,t5,t9,t3,t5,t9,t3,t5,t8,t11,t13
t1,t2,t3,t5,t4,t8,t7,t11,t13
t1,t2,t4,t6,t3,t5,t10,t9,t3,t5,t8,t11,t13
t1,t2,t4,t7,t3,t5,t9,t3,t5,t9,t3,t5,t8,t11,t12,t2,t3,t4,t7,t5,t8,t11,t13
t1,t2,t4,t7,t3,t5,t9,t3,t5,t9,t3,t5,t9,t3,t5,t8,t11,t13
t1,t2,t3,t4,t7,t5,t8,t11,t12,t2,t3,t4,t5,t7,t9,t3,t5,t8,t11,t13
t1,t2,t4,t3,t7,t5,t9,t3,t5,t9,t3,t5,t9,t3,t5,t8,t11,t12,t2,t4,t3,t5,t7,t9,t3,t5,t9,t3,t5,t9,t3,t5,t9,t3,t5,t8,t11,t13
t1,t2,t3,t5,t9,t4,t7,t3,t5,t9,t3,t5,t9,t3,t5,t9,t3,t5,t8,t11,t12,t2,t3,t4,t5,t7,t8,t11,t12,t2,t4,t3,t5,t9,t7,t3,t5,t9,t3,t5,t8,t11,t13
t1,t2,t3,t5,t9,t4,t3,t6,t5,t10,t8,t11,t12,t2,t4,t3,t7,t5,t8,t11,t12,t2,t3,t4,t6,t5,t10,t9,t3,t5,t9,t3,t5,t8,t11,t12,t2,t3,t5,t4,t9,t7,t3,t5,t8,t11,t13
t1,t2,t4,t3,t7,t5,t9,t3,t5,t9,t3,t5,t9,t3,t5,t9,t3,t5,t8,t11,t13
t1,t2,t4,t6,t3,t10,t5,t9,t3,t5,t8,t11,t13
t1,t2,t3,t4,t7,t5,t9,t3,t5,t8,t11,t13
t1,t2,t4,t7,t3,t5,t9,t3,t5,t9,t3,t5,t8,t11,t12,t2,t4,t3,t6,t10,t5,t8,t11,t12,t2,t4,t3,t7,t5,t8,t11,t12,t2,t3,t4,t5,t7,t9,t3,t5,t8,t11,t13
t5,t8,t4,t7,t11,t13
t1,t2,t3,t4,t5,t7,t8,t11,t13
t1,t2,t3,t4,t5,t7,t9,t3,t5,t8,t11,t12,t2,t4,t6,t3,t5,t10,t9,t3,t5,t9,t3,t5,t8,t11,t13
t1,t2,t3,t5,t4,t8,t6,t10,t11,t13
t1,t2,t3,t4,t7,t5,t8,t11,t12,t2,t3,t4,t5,t7,t8,t11,t13
t1,t2,t3,t4,t5,t7,t9,t3,t5,t8,t11,t13
t1,t2,t4,t3,t6,t10,t5,t9,t3,t5,t8,t11,t13
t1,t2,t3,t5,t4,t8,t7,t11,t13
t1,t2,t3,t5,t4,t6,t8,t10,t11,t13
t1,t2,t4,t3,t5,t8,t6,t10,t11,t13
t1,t2,t4,t3,t7,t5,t8,t11,t13
t1,t2,t4,t3,t7,t5,t9,t3,t5,t9,t3,t5,t9,t3,t5,t8,t11,t13
t1,t2,t3,t4,t5,t7,t9,t3,t5,t8,t11,t12,t2,t4,t3,t7,t5,t8,t11,t12,t2,t3,t5,t4,t6,t8,t10,t11,t13
t1,t2,t4,t3,t5,t7,t9,t3,t5,t8,t11,t12,t2,t3,t5,t4,t9,t7,t3,t5,t8,t11,t12,t2,t4,t3,t5,t7,t8,t11,t13
t1,t2,t4,t3,t5,t6,t8,t10,t11,t13
t1,t2,t4,t3,t5,t7,t8,t11,t12,t2,t3,t5,t4,t6,t8,t10,t11,t13
t1,t2,t4,t3,t5,t6,t10,t9,t3,t5,t8,t11,t13
t1,t2,t3,t4,t5,t6,t10,t8,t11,t13
t1,t2,t4,t3,t6,t5,t10,t8,t11,t13
t1,t2,t3,t4,t7,t5,t8,t11,t12,t2,t4,t3,t6,t5,t10,t9,t3,t5,t9,t3,t5,t8,t11,t12,t2,t4,t3,t5,t6,t8,t10,t11,t13
t3,t5,t4,t6,t10,t9,t3,t5,t9,t3,t5,t9,t3,t5,t8,t11,t13
t1,t2,t4,t3,t7,t5,t8,t11,t13
t1,t2,t3,t4,t7,t5,t9,t3,t5,t8,t11,t12,t2,t4,t3,t7,t5,t9,t3,t5,t9,t3,t5,t9,t3,t5,t8,t11,t12,t2,t4,t3,t6,t5,t10,t9,t3,t5,t9,t3,t5,t8,t11,t13
t1,t2,t4,t6,t3,t5,t10,t9,t3,t5,t8,t11,t12,t2,t4,t3,t6,t10,t5,t9,t3,t5,t8,t11,t13
t1,t2,t3,t4,t5,t7,t8,t11,t13
t1,t2,t3,t4,t6,t5,t10,t8,t11,t12,t2,t4,t3,t5,t7,t8,t11,t12,t2,t4,t6,t10,t3,t5,t8,t11,t12,t2,t4,t3,t6,t5,t10,t9,t3,t5,t8,t11,t13
t1,t2,t4,t3,t6,t5,t10,t9,t3,t5,t8,t11,t13
t1,t2,t4,t3,t6,t10,t5,t9,t3,t5,t9,t3,t5,t8,t11,t12,t2,t4,t7,t3,t5,t8,t11,t12,t2,t3,t4,t7,t5,t9,t3,t5,t9,t3,t5,t9,t3,t5,t9,t3,t5,t8,t11,t12,t2,t4,t3,t5,t6,t10,t9,t3,t5,t9,t3,t5,t8,t11,t13
t1,t2,t3,t4,t5,t7,t9,t3,t5,t9,t3,t5,t9,t3,t5,t8,t11,t13
t1,t2,t4,t3,t5,t7,t8,t11,t13
t1,t2,t4,t7,t3,t5,t8,t11,t12,t2,t4,t3,t5,t7,t9,t3,t5,t9,t3,t5,t8,t11,t13
t1,t2,t4,t3,t6,t5,t10,t8,t11,t13
t1,t2,t4,t3,t7,t5,t9,t3,t5,t9,t3,t5,t9,t3,t5,t9,t3,t5,t9,t3,t5,t9,t3,t5,t8,t11,t13
t1,t2,t4,t3,t7,t5,t9,t3,t5,t9,t3,t5,t9,t3,t5,t9,t3,t5,t9,t3,t5,t8,t11,t12,t2,t4,t3,t7,t5,t9,t3,t5,t9,t3,t5,t9,t3,t5,t9,t3,t5,t8,t11,t12,t2,t4,t7,t3,t5,t8,t11,t13
t1,t2,t3,t4,t7,t5,t9,t3,t5,t8,t11,t12,t2,t4,t7,t3,t5,t9,t3,t5,t8,t11,t13
t1,t2,t4,t3,t7,t5,t9,t3,t5,t8,t11,t13
t1,t2,t4,t3,t7,t5,t8,t11,t13
t1,t2,t4,t3,t7,t5,t8,t11,t13
t1,t2,t3,t4,t5,t8,t6,t10,t11,t12,t2,t4,t3,t7,t5,t9,t3,t5,t9,t3,t5,t8,t11,t12,t2,t4,t3,t7,t5,t9,t3,t5,t8,t11,t12,t2,t4,t3,t7,t5,t9,t3,t5,t8,t11,t13
t1,t2,t4,t3,t7,t5,t8,t11,t13
t1,t2,t3,t5,t4,t9,t6,t3,t5,t10,t9,t3,t5,t8,t11,t12,t2,t4,t3,t6,t5,t8,t10,t11,t12,t2,t4,t3,t6,t5,t9,t10,t3,t5,t8,t11,t12,t2,t4,t3,t7,t5,t9,t3,t5,t8,t11,t12,t2,t3,t5,t4,t9,t6,t3,t10,t5,t9
t1,t2,t3,t5,t4,t9,t7,t3,t5,t9,t3,t5,t9,t3,t5,t9,t3,t5,t8,t11,t12,t2,t4,t6,t3,t10,t5,t8,t11,t13
t1,t2,t4,t3,t7,t5,t9,t3,t5,t8,t11,t12,t2,t3,t4,t5,t7,t9,t3,t5,t9,t3,t5,t8,t11,t13
t1,t2,t3,t4,t5,t7,t9,t3,t5,t8,t11,t13
t1,t2,t4,t3,t6,t5,t10,t9,t3,t5,t9,t3,t5,t9,t3,t5,t8,t11,t12,t2,t3,t4,t5,t8,t6,t10,t11,t13
t1,t2,t4,t6,t3,t10,t5,t8,t11,t12,t2,t3,t4,t6,t5,t8,t10,t11,t13
t1,t2,t3,t4,t5,t6,t9,t10,t3,t5,t8,t11,t12,t2,t4,t6,t3,t10,t5,t8,t11,t12,t2,t3,t4,t5,t9,t3,t7,t5,t9,t3,t5,t9,t3,t5,t8,t11,t12,t2,t4,t3,t5,t7,t8,t11,t12,t2,t4,t7,t3,t5,t9,t3,t5,t8,t11,t13
t1,t2,t4,t3,t5,t6,t8,t10,t11,t12,t2,t3,t4,t7,t5,t9,t3,t5,t8,t11,t13
t1,t2,t3,t4,t5,t9,t3,t7,t5,t9,t3,t5,t8,t11,t13
t1,t2,t3,t5,t4,t9,t7,t3,t5,t8,t11,t13
t1,t2,t4,t3,t6,t5,t10,t9,t3,t5,t9,t3,t5,t9,t3,t5,t8,t11,t13
t1,t2,t4,t3,t6,t10,t5,t9,t3,t5,t8,t11,t12,t2,t3,t4,t7,t5,t9,t3,t5,t8,t11,t13
t1,t2,t3,t4,t5,t7,t9,t3,t5,t8,t11,t12,t2,t4,t3,t6,t10,t5,t8,t11,t13
t1,t2,t4,t3,t5,t6,t9,t10,t3,t5,t8,t11,t13
t1,t2,t3,t4,t5,t6,t8,t10,t11,t12,t2,t3,t4,t5,t7,t9,t3,t5,t9,t3,t5,t8,t11,t13
t1,t2,t3,t5,t4,t8,t7,t11,t12,t2,t3,t4,t5,t8,t7,t11,t13
t1,t2,t3,t4,t5,t7,t8,t11,t13
t1,t2,t3,t4,t5,t7,t9,t3,t5,t9,t3,t5,t8,t11,t13
t1,t2,t3,t5,t4,t8,t6,t10,t11,t13
t1,t2,t4,t3,t6,t10,t5,t8,t11,t12,t2,t3,t4,t5,t9,t3,t5,t6,t10,t8,t11,t12,t2,t4,t6,t3,t10,t5,t8,t11,t12,t2,t4,t3,t7,t5,t9,t3,t5,t9,t3,t5,t8,t11,t13
t3,t5,t9,t3,t5,t8,t11,t13
t1,t2,t3,t4,t6,t5,t10,t9,t3,t5,t8,t11,t12,t2,t4,t3,t5,t6,t10,t9,t3,t5,t8,t11,t12,t2,t3,t4,t5,t9,t3,t6,t5,t10,t8,t11,t13
t1,t2,t4,t3,t6,t10,t5,t9,t3,t5,t8,t11,t12,t2,t4,t3,t6,t5,t10,t8,t11,t12,t2,t4,t3,t7,t5,t9,t3,t5,t9,t3,t5,t8,t11,t13
t1,t2,t4,t3,t5,t7,t9,t3,t5,t8,t11,t13
t1,t2,t3,t4,t5,t8,t7,t11,t13
t1,t2,t4,t3,t7,t5,t8,t11,t13
t1,t2,t3,t4,t7,t5,t8,t11,t13
t1,t2,t4,t3,t6,t5,t10,t8,t11,t12,t2,t4,t3,t7,t5,t9,t3,t5,t9,t3,t5,t8,t11,t13
t1,t2,t3,t5,t4,t8,t6,t10,t11,t13
t1,t2,t4,t3,t5,t6,t9,t10,t3,t5,t9,t3,t5,t8,t11,t12,t2,t3,t4,t7,t5,t9,t3,t5,t9,t3,t5,t9,t3,t5,t8,t11,t13
t1,t2,t3,t4,t5,t8,t7,t11,t13
t1,t2,t3,t4,t7,t5,t8,t11,t13
t1,t2,t4,t3,t5,t9,t7,t3,t5,t8,t11,t13
t1,t2,t3,t5,t9,t4,t6,t3,t10,t5,t8,t11,t12,t2,t4,t3,t5,t7,t8,t11,t13
t1,t2,t4,t7,t3,t5,t9,t3,t5,t8,t11,t12,t2,t3,t5,t4,t7,t9,t3,t5,t9,t3,t5,t9,t3,t5,t9,t3,t5,t9,t3,t5,t8,t11,t13
t1,t2,t4,t3,t7,t5,t8,t11,t12,t2,t4,t3,t5,t9,t7,t3,t5,t9,t3,t5,t8,t11,t12,t2,t4,t3,t5,t6,t10,t9,t3,t5,t8,t11,t13
t1,t2,t4,t3,t6,t5,t10,t9,t3,t5,t9,t3,t5,t9,t3,t5,t8,t11,t13
t1,t2,t3,t4,t5,t8,t6,t10,t11,t13
t1,t2,t3,t4,t5,t6,t8,t10,t11,t12,t2,t3,t4,t5,t8,t7,t11,t12,t2,t3,t4,t5,t6,t9,t10,t3,t5,t8,t11,t13
t1,t2,t3,t5,t4,t9,t7,t3,t5,t8,t11,t12,t2,t4,t6,t10,t3,t5,t8,t11,t12,t2,t3,t5,t4,t8,t6,t10,t11,t12,t2,t3,t4,t7,t5,t8,t11,t12,t2,t3,t5,t4,t8,t6,t10,t11,t13
t1,t2,t3,t4,t5,t7,t9,t8,t5,t9,t3,t5,t9,t3,t5,t3,t11,t13
t1,t2,t3,t5,t4,t6,t10,t8,t11,t12,t2,t4,t6,t10,t3,t5,t9,t3,t5,t9,t3,t5,t8,t11,t13
t1,t2,t3,t4,t7,t5,t9,t3,t5,t9,t3,t5,t8,t11,t13
t1,t2,t3,t4,t6,t5,t10,t8,t11,t13
t1,t2,t4,t3,t7,t5,t9,t3,t5,t9,t3,t5,t8,t11,t13
t1,t2,t4,t7,t3,t5,t9,t3,t5,t8,t11,t12,t2,t3,t4,t5,t6,t9,t10,t3,t5,t8,t11,t12,t2,t3,t4,t5,t6,t9,t10,t3,t5,t9,t3,t5,t8,t11,t12,t2,t3,t5,t4,t9,t7,t3,t5,t9,t3,t5,t8,t11,t12,t2,t4,t3,t5,t8,t6,t10,t11,t12,t2,t4,t7,t3,t5,t9,t3,t5,t9,t3,t5,t9,t3,t5,t9,t3,t5,t9,t3,t5,t8,t11,t13
t1,t2,t3,t4,t7,t5,t9,t3,t5,t8,t11,t12,t2,t4,t3,t6,t5,t10,t8,t11,t12,t2,t3,t4,t5,t6,t8,t10,t11,t12,t2,t3,t4,t5,t6,t9,t3,t10,t5,t8,t11,t12,t2,t4,t3,t7,t5,t9,t3,t5,t8,t11,t13
t1,t2,t3,t4,t6,t5,t10,t9,t3,t5,t9,t3,t5,t9,t3,t5,t8,t11,t13
t1,t2,t4,t3,t7,t5,t8,t11,t13
t1,t2,t3,t4,t5,t6,t9,t10,t3,t5,t8,t11,t12,t2,t3,t4,t6,t5,t10,t8,t11,t12,t2,t4,t3,t7,t5,t8,t11,t12,t2,t4,t3,t5,t6,t9,t10,t3,t5,t8,t11,t12,t2,t3,t4,t5,t6,t9,t10,t3,t5,t8,t11,t12,t2,t4,t3,t5,t7,t8,t11,t13
t1,t2,t3,t4,t6,t5,t9,t10,t3,t5,t8,t11,t13
t1,t2,t3,t4,t5,t6,t10,t8,t11,t12,t2,t4,t3,t5,t6,t10,t8,t11,t12,t2,t3,t4,t6,t5,t10,t9,t3,t5,t8,t11,t13
t1,t2,t3,t4,t5,t8,t7,t11,t12,t2,t4,t3,t6,t5,t10,t9,t3,t5,t8,t11,t13
t1,t2,t4,t3,t7,t5,t9,t3,t5,t8,t11,t13
t1,t2,t3,t4,t5,t9,t7,t3,t5,t8,t11,t13
t1,t2,t3,t4,t5,t6,t10,t8,t11,t13
t1,t2,t3,t5,t8,t4,t7,t11,t12,t2,t3,t4,t5,t6,t9,t10,t3,t5,t9,t3,t5,t8,t11,t13
t1,t2,t3,t4,t6,t5,t9,t10,t3,t5,t9,t3,t5,t8,t11,t12,t2,t4,t3,t7,t5,t9,t3,t5,t8,t11,t13
t1,t2,t4,t3,t7,t5,t9,t3,t5,t8,t11,t13
t1,t2,t4,t3,t6,t5,t10,t9,t3,t5,t8,t11,t12,t2,t3,t4,t5,t6,t9,t10,t3,t5,t9,t3,t5,t9,t3,t5,t8,t11,t13
t1,t2,t4,t6,t3,t10,t5,t9,t3,t5,t8
t1,t2,t3,t4,t5,t7,t8,t11,t12,t2,t3,t4,t7,t5,t8,t11,t13
t1,t2,t3,t4,t5,t7,t9,t3,t5,t8,t11,t12,t2,t4,t3,t6,t5,t10,t9,t3,t5,t9,t3,t5,t9,t3,t5,t8,t11,t12,t2,t4,t3,t7,t5,t8,t11,t13
t1,t2,t4,t6,t3,t10,t5,t8,t11,t12,t2,t4,t3,t7,t5,t9,t3,t5,t9,t3,t5,t8,t11,t12,t2,t3,t4,t6,t5,t10,t9,t3,t5,t9,t3,t5,t8,t11,t13
t1,t2,t4,t3,t7,t5,t9,t3,t5,t9,t3,t5,t8,t11,t13
t1,t2,t3,t4,t5,t9,t7,t3,t5,t9,t3,t5,t8,t11,t13
t1,t2,t4,t6,t10,t3,t5,t9,t3,t5,t8,t11,t12,t2,t4,t3,t6,t5,t10,t9,t3,t5,t8,t11,t12,t2,t3,t4,t6,t5,t10,t9,t3,t5,t8,t11,t12,t2,t4,t7,t3,t5,t8,t11,t12,t2,t3,t4,t7,t5,t9,t3,t5,t9,t3,t5,t9,t3,t5,t9,t3,t5,t8,t11,t13
t1,t2,t3,t4,t6,t10,t5,t9,t3,t5,t8,t11,t13
t1,t2,t4,t3,t5,t7,t9,t3,t5,t9,t3,t5,t9,t3,t5,t9,t3,t5,t9,t3,t5,t8,t11,t13
t1,t2,t4,t3,t6,t10,t5,t8,t11,t12,t2,t4,t3,t7,t5,t9,t3,t5,t9,t3,t5,t9,t3,t5,t9,t3,t5,t9,t3,t5,t8,t11,t12,t2,t3,t4,t7,t5,t8,t11,t13
t1,t2,t3,t4,t5,t8,t6,t10,t11,t12,t2,t3,t4,t5,t7,t8,t11,t12,t2,t4,t3,t6,t5,t9,t10,t3,t5,t9,t3,t5,t8,t11,t13
t1,t2,t4,t3,t5,t8,t7,t11,t12,t2,t4,t3,t5,t6,t8,t10,t11,t12,t2,t3,t5,t9,t3,t5,t4,t9,t7,t3,t5,t9,t3,t5,t9,t3,t5,t8,t11,t13
t1,t2,t3,t4,t5,t7,t9,t3,t5,t8,t11,t12,t2,t4,t3,t6,t5,t10,t9,t3,t5,t8,t11,t13
t1,t2,t4,t6,t10,t3,t5,t9,t3,t5,t8,t11,t12,t2,t4,t3,t6,t10,t5,t9,t3,t5,t9,t3,t5,t9,t3,t5,t8,t11,t13
t1,t2,t4,t3,t5,t6,t9,t3,t5,t8,t10,t11,t13
t1,t2,t3,t4,t5,t7,t8,t11,t12,t2,t4,t3,t5,t7,t9,t3,t5,t8,t11,t13
t1,t2,t3,t5,t4,t9,t6,t3,t5,t10,t8,t11,t12,t2,t4,t3,t6,t5,t9,t3,t10,t5,t8,t11,t12,t2,t4,t3,t7,t5,t9,t3,t5,t8,t11,t13
t1,t2,t4,t3,t6,t5,t8,t10,t11,t13
t1,t2,t4,t3,t6,t5,t10,t8,t11,t13
t1,t2,t3,t4,t5,t7,t9,t3,t5,t8,t11,t13
t1,t2,t3,t4,t5,t9,t3,t6,t5,t10,t8,t11,t12,t2,t3,t4,t5,t8,t11,t12,t2,t4,t3,t6,t5,t9,t3,t5,t10,t8,t11,t13
t1,t2,t4,t3,t7,t5,t9,t3,t5,t8,t11,t13
t1,t2,t3,t4,t7,t5,t9,t3,t5,t8,t11,t13
t1,t2,t3,t5,t4,t9,t7,t3,t5,t9,t3,t5,t8,t11,t12,t2,t3,t4,t5,t9,t7,t3,t5,t9,t3,t5,t8,t11,t13
t1,t2,t3,t4,t7,t5,t8,t11,t12,t2,t4,t3,t5,t7,t9,t3,t5,t9,t3,t5,t8,t11,t13
t1,t2,t4,t7,t3,t5,t9,t3,t5,t9,t3,t5,t9,t3,t5,t9,t3,t5,t8,t11,t12,t2,t4,t3,t7,t5,t9,t3,t5,t9,t3,t5,t9,t3,t5,t8,t11,t12,t2,t3,t4,t5,t6,t10,t9,t3,t5,t8,t11,t12,t2,t4,t3,t7,t5,t8,t11,t13
t1,t2,t4,t3,t6,t5,t10,t8,t11,t13
t1,t2,t3,t5,t4,t9,t3,t5,t6,t8,t10,t11,t13
t1,t2,t3,t5,t4,t9,t3,t7,t5,t9,t3,t5,t9,t3,t5,t8,t11,t13
t1,t2,t3,t4,t5,t6,t9,t10,t3,t5,t8,t11,t13
t1,t2,t3,t5,t4,t7,t9,t3,t5,t8,t11,t13
t1,t2,t3,t4,t6,t10,t5,t9,t3,t5,t9,t3,t5,t9,t3,t5,t9,t3,t5,t9,t3,t5,t9,t3,t5,t8,t11,t12,t2,t3,t4,t5,t7,t8,t11,t13
t1,t2,t4,t3,t5,t7,t9,t3,t5,t8,t11,t12,t2,t3,t4,t5,t7,t8,t11,t13
t1,t2,t4,t6,t3,t5,t10,t9,t3,t5,t8,t11,t12,t2,t3,t4,t5,t7,t8,t11,t13
t1,t2,t3,t5,t9,t4,t3,t7,t5,t8,t11,t12,t2,t4,t3,t5,t7,t9,t3,t5,t9,t3,t5,t9,t3,t5,t9,t3,t5,t8,t11,t12,t2,t4,t3,t6,t5,t10,t9,t3,t5,t9,t3,t5,t9,t3,t5,t8,t11,t13
t1,t2,t3,t4,t5,t6,t8,t10,t11,t13
t1,t2,t3,t4,t7,t5,t8,t11,t13
t1,t2,t4,t3,t7,t5,t9,t3,t5,t9,t3,t5,t9,t3,t5,t8,t11,t12,t2,t4,t3,t6,t5,t10,t8,t11,t13
t1,t2,t4,t3,t7,t5,t9,t3,t5,t8,t11,t12,t2,t3,t4,t5,t8,t6,t10,t11,t13
t1,t2,t4,t6,t3,t10,t5,t9,t3,t5,t8,t11,t12,t2,t4,t7,t3,t5,t8,t11,t13
t1,t2,t3,t4,t7,t5,t9,t3,t5,t8,t11,t12,t2,t3,t4,t5,t7,t8,t11
t1,t2,t3,t4,t6,t5,t10,t9,t3,t5,t8,t11,t13
t1,t2,t4,t6,t3,t10,t5,t9,t3,t5,t9,t3,t5,t9,t3,t5,t8,t11,t12,t2,t4,t6,t3,t10,t5,t9,t3,t5,t8,t11,t13
t1,t2,t4,t3,t6,t5,t10,t8,t11,t13
t1,t2,t3,t4,t5,t7,t9,t3,t5,t8,t11,t12,t2,t4,t3,t7,t5,t8,t11,t13
t1,t2,t3,t4,t6,t5,t10,t9,t3,t5,t8,t11,t13
t1,t2,t3,t4,t5,t8,t7,t11,t13
t1,t2,t4,t3,t6,t5,t10,t8,t11,t12,t2,t3,t5,t4,t9,t3,t7,t5,t8,t11,t12,t2,t3,t5,t4,t8,t7,t11,t13
t1,t2,t4,t6,t10,t3,t5,t8,t11,t12,t2,t3,t4,t7,t5,t9,t3,t5,t9,t3,t5,t9,t3,t5,t8,t11,t13
t1,t2,t4,t3,t6,t10,t5,t8,t11,t13
t1,t2,t4,t3,t6,t5,t8,t10,t11,t13
t1,t2,t4,t3,t6,t5,t10,t9,t3,t5,t9,t3,t5,t8,t11,t13
t1,t2,t3,t4,t5,t7,t9,t3,t5,t9,t3,t5,t9,t3,t5,t8,t11,t12,t2,t4,t3,t7,t5,t8,t11,t13
t1,t2,t3,t5,t4,t9,t6,t3,t10,t5,t8,t11,t12,t2,t4,t6,t10,t3,t5,t9,t3,t5,t8,t11,t12,t2,t4,t3,t7,t5,t8,t11,t13
t1,t2,t4,t7,t3,t5,t8,t11,t13
t1,t2,t4,t3,t6,t10,t5,t8,t11,t13
t1,t2,t3,t4,t7,t5,t8,t11,t12,t2,t3,t4,t6,t5,t10,t8,t11,t12,t2,t4,t3,t7,t5,t9,t3,t5,t8,t11,t13
t1,t2,t4,t3,t7,t5,t9,t3,t5,t8,t11,t13
t1,t2,t4,t3,t7,t5,t8,t11,t12,t2,t3,t4,t6,t5,t8,t10,t11,t13
t1,t2,t3,t4,t5,t6,t8,t10,t11,t13
t1,t2,t3,t5,t4,t9,t7,t3,t5,t8,t11,t12,t2,t4,t3,t6,t9,t3,t5,t8,t11,t12,t2,t3,t4,t5,t6,t8,t10,t11,t13
t1,t2,t3,t4,t5,t6,t10,t9,t3,t5,t9,t3,t5,t9,t3,t5,t9,t3,t5,t8,t11,t13
t1,t2,t4,t3,t7,t5,t9,t3,t5,t9,t3,t5,t9,t3,t5,t8,t11,t12,t2,t4,t3,t6,t10,t5,t8,t11,t13
t1,t2,t4,t3,t6,t5,t10,t9,t3,t5,t8,t11,t12,t2,t4,t3,t7,t5,t9,t3,t5,t9,t3,t5,t9,t3,t5,t8,t11,t12,t2,t4,t3,t6,t5,t10,t9,t3,t5,t9,t3,t5,t8,t11,t13
t1,t2,t3,t4,t5,t7,t8,t11,t13
t1,t2,t3,t4,t6,t5,t10,t9,t3,t5,t8,t11,t12,t2,t4,t3,t6,t5,t9,t10,t3,t5,t9,t3,t5,t9,t3,t5,t8,t11,t12,t2,t4,t6,t3,t5,t10,t8,t11,t12,t2,t3,t4,t5,t7,t9,t3,t5,t8,t11,t12,t2,t3,t4,t5,t7,t9,t3,t5,t8,t11,t13
t1,t2,t3,t4,t5,t7,t8,t11,t12,t2,t4,t3,t5,t7,t8,t11,t12,t2,t3,t4,t5,t7,t9,t3,t5,t9,t3,t5,t8,t11,t13
t1,t2,t3,t4,t5,t7,t8,t11,t13
t1,t2,t4,t7,t3,t5,t9,t3,t5,t8,t11,t12,t2,t4,t3,t5,t9,t7,t3,t5,t9,t3,t5,t9,t3,t5,t9,t3,t5,t9,t3,t5,t9,t3,t5,t9,t3,t5,t8,t11,t13
t1,t2,t4,t3,t7,t5,t8,t11,t13
t1,t2,t4,t3,t6,t5,t10,t9,t3,t5,t8,t11,t12,t2,t4,t3,t6,t5,t10,t9,t3,t5,t8,t11,t12,t2,t3,t4,t5,t7,t8,t11,t12,t2,t4,t3,t6,t5,t10,t8,t11,t12,t2,t4,t3,t6,t10,t5,t9,t3,t5,t9,t3,t5,t8,t11,t13
t1,t2,t3,t4,t5,t7,t8,t11,t13
t1,t2,t3,t4,t6,t5,t10,t9,t3,t5,t8,t11,t13
t1,t2,t4,t6,t10,t3,t5,t9,t3,t5,t9,t3,t5,t8,t11,t12,t2,t4,t7,t3,t5,t9,t3,t5,t8,t11,t12,t2,t4,t3,t6,t5,t10,t9,t3,t5,t8,t11,t13
t1,t2,t3,t5,t4,t7,t8,t11,t12,t2,t3,t5,t4,t6,t9,t10,t3,t5,t8,t11,t12,t2,t4,t7,t3,t5,t9,t3,t5,t9,t3,t5,t9,t3,t5,t9,t3,t5,t8,t11,t13
t1,t2,t3,t5,t4,t8,t7,t11,t13
t1,t2,t3,t4,t5,t6,t9,t10,t3,t5,t9,t3,t5,t9,t3,t5,t9,t3,t5,t9,t3,t5,t9,t3,t5,t8,t11,t12,t2,t4,t3,t5,t8,t7,t11,t12,t2,t3,t5,t8,t4,t6,t10,t11,t13
t1,t2,t3,t4,t5,t6,t8,t10,t11,t13
t1,t2,t3,t4,t5,t6,t8,t10,t11,t13
t1,t2,t4,t6,t3,t10,t5,t9,t3,t5,t9,t3,t5,t9,t3,t5,t9,t3,t5,t9,t3,t5,t8,t11,t12,t2,t4,t3,t6,t5,t10,t8,t11,t12,t2,t4,t6,t3,t10,t5,t9,t3,t5,t8,t11,t13
t1,t2,t3,t4,t5,t7,t8
t1,t2,t4,t3,t7,t5,t9,t3,t5,t9,t3,t5,t8,t11,t13
t1,t2,t4,t3,t6,t5,t10,t9,t3,t5,t9,t3,t5,t8,t11,t12,t2,t3,t4,t7,t5,t8,t11,t13
t1,t2,t4,t7,t3,t5,t8,t11,t12,t2,t3,t4,t5,t6,t9,t10,t3,t5,t8,t11,t12,t2,t4,t3,t6,t5,t10,t8,t11,t13
t1,t2,t4,t3,t5,t8,t6,t10,t11,t12,t2,t3,t4,t5,t6,t10,t9,t3,t5,t9,t3,t5,t9,t3,t5,t9,t3,t5,t8,t11,t12,t2,t3,t4,t6,t10,t5,t8,t11,t13
t1,t2,t4,t3,t7,t5,t9,t3,t5,t9,t3,t5,t8,t11,t12,t2,t3,t5,t4,t7,t9,t3,t5,t8,t11,t13
t1,t2,t4,t3,t7,t5,t9,t3,t5,t9,t3,t5,t9,t3,t5,t9,t3,t5,t8,t11,t12,t2,t3,t4,t5,t6,t8,t10,t11,t13
t1,t2,t4,t3,t6,t10,t5,t9,t3,t5,t8,t11,t13
t1,t2,t3,t4,t5,t7,t8,t11,t13
t1,t2,t4,t3,t6,t10,t5,t8,t11,t13
t1,t2,t4,t3,t5,t8,t6,t10,t11,t12,t2,t4,t3,t5,t6,t8,t10,t11,t12,t2,t4,t3,t6,t5,t10,t9,t3,t5,t9,t3,t5,t9,t3,t5,t8,t11,t13
t1,t2,t3,t4,t5,t7,t8,t11,t12,t2,t4,t7,t3,t5,t8,t11,t12,t2,t3,t4,t5,t6,t8,t10,t11,t13
t1,t2,t4,t3,t5,t6,t9,t3,t10,t5,t8,t11,t13
t1,t2,t4,t3,t7,t5,t9,t3,t5,t9,t3,t5,t9,t3,t5,t8,t11,t12,t2,t3,t4,t5,t9,t3,t6,t10,t5,t9,t3,t5,t8,t11,t12,t2,t4,t3,t6,t5,t9,t10,t3,t5,t9,t3,t5,t9,t3,t5,t9,t3,t5,t9,t3,t5,t8,t11,t12,t2,t3,t4,t7,t5,t9,t3,t5,t9,t3,t5,t8,t11,t13
t1,t2,t3,t5,t4,t8,t6,t10,t11,t12,t2,t4,t3,t6,t5,t10,t9,t3,t5,t9,t3,t5,t9,t3,t5,t9,t3,t5,t9,t3,t5,t8,t11,t13
t1,t2,t4,t3,t7,t5,t9,t3,t5,t9,t3,t5,t9,t3,t5,t8,t11,t13
t1,t2,t4,t3,t7,t5,t9,t3,t5,t9,t3,t5,t9,t3,t5,t8,t11,t12,t2,t3,t4,t5,t7,t9,t3,t5,t9,t3,t5,t9,t3,t5,t9,t3,t5,t9,t3,t5,t8,t11,t13
t1,t2,t4,t3,t5,t8,t7,t11,t12,t2,t3,t4,t5,t9,t7,t3,t5,t8,t11,t12,t2,t4,t3,t6,t5,t10,t8,t11,t13
t1,t2,t4,t3,t7,t5,t8,t11,t12,t2,t4,t7,t3,t5,t8,t11,t12,t2,t3,t4,t6,t5,t10,t8,t11,t12,t2,t4,t6,t3,t10,t5,t8,t11,t13
t1,t2,t4,t6,t3,t10,t5,t8,t11,t12,t2,t4,t3,t6,t5,t10,t9,t3,t5,t8,t11,t12,t2,t3,t4,t6,t5,t10,t8,t11,t13
t1,t2,t4,t3,t5,t7,t8,t11,t12,t2,t3,t5,t8,t4,t6,t10,t11,t12,t2,t4,t7,t3,t5
t1,t2,t3,t4,t5,t8,t6,t10,t11,t13
t1,t2,t3,t4,t5,t7,t9,t3,t5,t8,t11,t12,t2,t3,t4,t5,t9,t3,t6,t5,t10,t8,t11,t13
t1,t2,t3,t5,t4,t7,t9,t3,t5,t9,t3,t5,t8,t11,t13
t1,t2,t3,t5,t4,t8,t6,t10,t11,t13
t1,t2,t4,t3,t6,t5,t10,t8,t11,t13
t1,t2,t3,t4,t5,t6,t10,t9,t3,t5,t8,t11,t13
t1,t2,t4,t3,t5,t9,t6,t10,t3,t5,t8,t11,t13
t1,t2,t4,t3,t7,t5,t8,t11,t13
t1,t2,t4,t3,t5,t7,t8,t11,t13
t1,t2,t3,t5,t4,t8,t7,t11,t13
t1,t2,t3,t4,t6,t5,t9,t10,t3,t5,t8,t11,t13
t1,t2,t3,t5,t8,t4,t7,t11,t13
t1,t2,t3,t4,t5,t7,t8,t11,t13
t1,t2,t4,t3,t5,t7,t8,t11,t12,t2,t4,t3,t6,t5,t10,t9,t3,t5,t9,t3,t5,t9,t3,t5,t8,t11,t12,t2,t4,t3,t7,t5,t8,t11,t13
t1,t2,t4,t3,t6,t5,t10,t9,t3,t5,t8,t11,t12,t2,t3,t4,t5,t6,t8,t10,t11,t12,t2,t4,t3,t5,t8,t6,t10,t11,t12,t2,t3,t4,t5,t6,t9,t10,t3,t5,t9,t3,t5,t9,t3,t5,t9,t3,t5,t8,t11,t12,t2,t4,t6,t10,t3,t5,t9,t3,t5,t9,t3,t5,t8,t11,t12,t2,t4,t6,t3,t10,t5,t9,t3,t5,t9,t3,t5,t8,t11,t13
t1,t2,t4,t3,t7,t5,t9,t3,t5,t8,t11,t12,t2,t4,t6,t3,t10,t5,t9,t3,t5,t9,t3,t5,t9,t3,t5,t8,t11,t12,t2,t3,t4,t5,t7,t8,t11,t13
t1,t2,t3,t4,t5,t7,t8,t11,t13
t1,t2,t4,t3,t7,t5,t8,t11,t13
t1,t2,t3,t4,t5,t6,t9,t10,t3,t5,t9,t3,t5,t8,t11,t13
t2,t4,t3,t7,t5,t8,t11,t12,t2,t3,t4,t5,t7,t8,t11,t13
t1,t2,t4,t6,t3,t10,t5,t9,t3,t5,t9,t3,t5,t9,t3,t5,t9,t3,t5,t9,t3,t5,t9,t3,t5,t8,t11,t12,t2,t3,t5,t4,t9,t7,t3,t5,t9,t3,t5,t8,t11,t13
t1,t2,t3,t4,t5,t7,t8,t11,t12,t2,t3,t4,t5,t6,t9,t3,t10,t5,t8,t11,t13
t1,t2,t3,t4,t5,t9,t6,t3,t10,t5,t8,t11,t12,t2,t4,t3,t5,t6,t10,t9,t3,t5,t9,t3,t5,t8,t11,t12,t2,t3,t5,t8,t4,t6,t10,t11,t13
t1,t2,t4,t6,t3,t10,t5,t9,t3,t5,t9,t3,t5,t9,t3,t5,t8,t11,t12,t2,t3,t4,t7,t5,t8,t11,t13
t1,t2,t3,t4,t5,t6,t9,t3,t10,t5,t9,t3,t5,t8,t11,t12,t2,t3,t5,t4,t8,t7,t11,t12,t2,t3,t5,t4,t6,t8,t10,t11,t12,t2,t4,t3,t5,t7,t9,t3,t5,t8,t11,t12,t2,t4,t3,t5,t9,t6,t3,t10,t5,t9,t3,t5,t9,t3,t5,t8,t11,t12,t2,t3,t4,t7,t5,t9,t3,t5,t9,t3,t5,t8,t11,t13
t1,t2,t4,t3,t6,t5,t10,t8,t11,t13
t1,t2,t4,t3,t6,t10,t5,t8,t11,t13
t1,t2,t3,t5,t4,t9,t7,t3,t5,t9,t3,t5,t8,t11,t13
t1,t2,t4,t3,t7,t5,t9,t3,t5,t8,t11,t13
t1,t2,t4,t3,t7,t5,t8,t11,t13
t1,t2,t4,t3,t7,t5,t9,t3,t5,t9,t3,t5,t9,t3,t5,t8,t11,t12,t2,t4,t3,t6,t5,t10,t9,t3,t5,t8,t11,t13
t1,t2,t4,t3,t5,t9,t7,t3,t5,t8,t11,t13
t1,t2,t4,t3,t6,t5,t10,t8,t11,t13
t1,t2,t4,t6,t3,t10,t5,t8,t11,t13
t1,t2,t3,t4,t5,t9,t7,t3,t5,t8,t11,t13
t1,t2,t4,t3,t5,t7,t9,t3,t5,t9,t3,t5,t9,t3,t5,t8,t11,t13
t1,t2,t4,t3,t7,t5,t9,t3,t5,t9,t3,t5,t8,t11,t13
t1,t2,t4,t3,t6,t10,t5,t8,t11,t12,t2,t3,t4,t5,t9,t7,t3,t5,t9,t3,t5,t8,t11,t13
t1,t2,t3,t4,t5,t6,t10,t8,t11,t13
t4,t5,t7,t8,t11,t12,t2,t4,t3,t5,t6,t10,t8,t11,t13
t1,t2,t3,t4,t6,t5,t9,t10,t3,t5,t8,t11,t12,t2,t3,t4,t5,t7,t9,t3,t5,t9,t3,t5,t8,t11,t12,t2,t3,t4,t5,t7,t8,t11,t13
t1,t2,t3,t4,t5,t7,t8,t11,t13
t1,t2,t4,t3,t5,t6,t8,t10,t11,t12,t2,t3,t5,t4,t8,t6,t10,t11,t13
t1,t2,t3,t4,t5,t9,t6,t10,t3,t5,t8,t11,t12,t2,t3,t4,t5,t6,t10,t9,t3,t5,t8,t11,t13
t1,t2,t3,t4,t5,t7,t8,t11,t13
t1,t2,t3,t4,t5,t6,t10,t9,t3,t5,t9,t3,t5,t9,t3,t5,t9,t3,t5,t8,t11,t12,t2,t3,t4,t5,t6,t9,t10,t3,t5,t8,t11,t12,t2,t4,t6,t3,t10,t5,t9,t3,t5,t9,t3,t5,t8,t11,t13
t1,t2,t4,t7,t3,t5,t9,t3,t5,t8,t11,t12,t2,t3,t5,t8,t4,t7,t11,t12,t2,t3,t4,t5,t6,t8,t10,t11,t13
t1,t2,t4,t3,t7,t5,t9,t3,t5,t9,t3,t5,t8,t11,t13
t1,t2,t4,t3,t7,t5,t8,t11,t12,t2,t3,t4,t5,t7,t8,t11,t12,t2,t4,t3,t7,t5,t9,t3,t5,t8,t11,t13
t1,t2,t4,t7,t3,t5,t9,t3,t5,t8,t11,t12,t2,t3,t4,t7,t5,t8,t11,t12,t2,t3,t4,t7,t5,t8,t11,t12,t2,t3,t5,t4,t9,t7,t3,t5,t8,t11,t13
t1,t2,t3,t4,t5,t9,t6,t3,t5,t9,t10,t3,t5,t9,t3,t5,t8,t11,t12,t2,t3,t4,t5,t7,t9,t3,t5,t9,t3,t5,t9,t3,t5,t9,t3,t5,t9,t3,t5,t8,t11,t12,t2,t3,t4,t5,t6,t9,t3,t5,t10,t8,t11,t12,t2,t3,t5,t9,t4,t3,t7,t5,t9,t3,t5,t8,t11,t12,t2,t3,t5,t8,t4,t6,t10,t11,t13
t1,t2,t4,t3,t5,t9,t3,t7,t5,t8,t11,t13
t1,t2,t4,t3,t5,t7,t9,t3,t5,t9,t3,t5,t9,t3,t5,t8,t11,t12,t2,t4,t3,t5,t7,t8,t11,t13
t1,t2,t3,t5,t8,t4,t7,t11,t13
t1,t2,t4,t6,t3,t5,t10,t9,t3,t5,t8,t11,t13
t1,t2,t4,t3,t6,t10,t5,t8,t11,t13
t1,t2,t3,t5,t4,t9,t7,t3,t5,t9,t3,t5,t9,t3,t5,t8,t11,t13
t1,t2,t4,t7,t3,t5,t9,t3,t5,t8,t11,t12,t2,t4,t3,t5,t6,t10,t9,t3,t5,t9,t3,t5,t9,t3,t5,t9,t3,t5,t8,t11,t12,t2,t3,t4,t5,t6,t10,t8,t11,t12,t2,t4,t3,t7,t5,t8,t11,t12,t2,t4,t3,t5,t6,t8,t10,t11,t12,t2,t4,t3,t7,t5,t8,t11,t12,t2,t4,t3,t6,t5,t10,t8,t11,t13
t1,t2,t4,t3,t7,t5,t8,t11,t13
t1,t2,t3,t4,t5,t9,t6,t3,t5,t10,t3,t4,t5,t6,t8,t10,t11,t13
t1,t2,t3,t4,t5,t6,t9,t10,t3,t5,t8,t11,t12,t2,t3,t4,t5,t6,t9,t10,t3,t5,t8,t11,t12,t2,t3,t4,t5,t7,t8,t11,t12,t2,t3,t4,t6,t10,t5,t8,t11,t13
t1,t2,t3,t4,t6,t5,t10,t8,t11,t12,t2,t3,t4,t6,t5,t10,t8,t11,t13
t1,t2,t3,t4,t5,t6,t10,t9,t3,t5,t9,t3,t5,t8,t11,t12,t2,t4,t3,t7,t5,t8,t11,t12,t2,t4,t3,t6,t5,t10,t8,t11,t13
t1,t2,t3,t5,t4,t7,t8,t11,t13
t1,t2,t4,t7,t3,t5,t8,t11,t12,t2,t3,t4,t5,t7,t9,t3,t5,t8,t11,t12,t2,t4,t3,t7,t5,t9,t3,t5,t9,t3,t5,t8,t11,t12,t2,t3,t4,t5,t8,t7,t11,t13
t1,t2,t4,t3,t7,t5,t8,t11,t13
t1,t2,t4,t3,t6,t5,t10,t9,t3,t5,t9,t3,t5,t9,t3,t5,t8,t11,t13
t1,t2,t3,t4,t5,t6,t9,t10,t3,t5,t9,t3,t5,t8,t11,t13
t1,t2,t3,t5,t4,t9,t6,t3,t10,t5,t9,t3,t5,t9,t3,t5,t9,t3,t5,t8,t11,t12,t2,t4,t3,t6,t5,t8,t10,t11,t13
t1,t2,t3,t4,t7,t5,t9,t3,t5,t9,t3,t5,t9,t3,t5,t8,t11,t13
t1,t2,t4,t3,t7,t5,t8,t11,t13
t1,t2,t3,t4,t5,t6,t10,t9,t3,t5,t9,t3,t5,t8,t11,t13
t1,t2,t3,t4,t5,t6,t10,t9,t3,t5,t8,t11,t12,t2,t4,t3,t7,t5,t8,t11,t13
t1,t2,t3,t4,t6,t5,t9,t10,t3,t5,t9,t3,t5,t9,t3,t5,t9,t3,t5,t9,t3,t5,t9,t3,t5,t8,t11,t12,t2,t3,t4,t5,t7,t9,t3,t5,t9,t3,t5,t8,t11,t12,t2,t4,t7,t3,t5,t8,t11,t13
t1,t2,t3,t4,t6,t5,t8,t10,t11,t12,t2,t3,t5,t4,t8,t7,t11,t13
t1,t2,t3,t5,t4,t8,t7,t11,t12,t2,t3,t4,t7,t5,t9,t3,t5,t9,t3,t5,t9,t3,t5,t8,t11,t13
t1,t2,t3,t4,t5,t7,t8,t11,t13
t1,t2,t3,t5,t9,t4,t3,t7,t5,t8,t11,t12,t2,t3,t4,t5,t7,t8,t11,t13
t1,t2,t3,t5,t4,t6,t9,t3,t10,t5,t8,t11,t12,t2,t3,t4,t6,t5,t10,t9,t3,t5,t8,t11,t12,t2,t4,t7,t3,t5,t8,t11,t12,t2,t3,t4,t5,t6,t10,t9,t3,t5,t9,t3,t5,t8,t11,t13
t1,t2,t4,t3,t7,t5,t9,t3,t5
t1,t2,t3,t4,t5,t6,t10,t9,t3,t5,t9,t3,t5,t9,t3,t5,t9,t3,t5,t8,t11,t12,t2,t4,t3,t5,t6,t9,t10,t3,t5,t8,t11,t13
t1,t2,t3,t4,t7,t5,t8,t11,t12,t2,t4,t3,t7,t5,t9,t3,t5,t8,t11,t12,t2,t3,t5,t8,t4,t6,t10,t11,t13
t1,t2,t4,t3,t6,t10,t5,t8,t11,t12,t2,t4,t6,t10,t3,t5,t8,t11,t13
t1,t2,t4,t6,t3,t10,t5,t8,t11,t12,t2,t4,t3,t7,t5,t8,t11,t12,t2,t4,t3,t5,t7,t9,t3,t5,t9,t3,t5,t9,t3,t5,t9,t3,t5,t9,t3,t5,t9,t3,t5,t8,t11,t13
t1,t2,t4,t7,t3,t5,t8,t11,t12,t2,t3,t5,t4,t8,t6,t10,t11,t12,t2,t3,t4,t5,t7,t8,t11,t12,t2,t3,t4,t6,t5,t10,t9,t3,t5,t9,t3,t5,t9,t3,t5,t8,t11,t13
t1,t2,t4,t3,t6,t10,t5,t9,t3,t5,t9,t3,t5,t9,t3,t5,t9,t3,t5,t8,t11,t13
t1,t2,t3,t4,t5,t7,t8,t11,t12,t2,t3,t4,t5,t7,t8,t11,t12,t2,t4,t3,t5,t7,t8,t11,t12,t2,t3,t5,t9,t4,t3,t7,t5,t8,t11,t12,t2,t4,t3,t6,t5,t10,t8,t11,t12,t2,t4,t3,t5,t6,t10,t9,t3,t5,t9,t3,t5,t9,t3,t5,t9,t3,t5,t8,t11,t12,t2,t4,t3,t6,t5,t10,t8,t11,t12,t2,t4,t3,t6,t10,t5,t8,t11,t13
t1,t2,t3,t4,t5,t9,t6,t3,t5,t9,t10,t3,t5,t8,t11,t12,t2,t3,t5,t4,t8,t7,t11,t13
t1,t2,t4,t6,t3,t5,t8,t10,t11,t12,t2,t3,t4,t5,t6,t8,t10,t11,t13
t1,t2,t3,t5,t4,t8,t6,t10,t11,t12,t2,t4,t3,t7,t5,t9,t3,t5,t9,t3,t5,t8,t11,t12,t2,t4,t3,t7,t5,t8,t11,t13
t1,t2,t4,t3,t6,t5,t8,t10,t11,t12,t2,t4,t3,t5,t8,t6,t10,t11,t13
t1,t2,t4,t3,t5,t7,t9,t3,t5,t8,t11,t13
t1,t2,t3,t4,t5,t6,t9,t10,t3,t5,t9,t3,t5,t9,t3,t5,t9,t3,t5,t8,t11,t12,t2,t3,t4,t5,t7,t8,t11,t13
t1,t2,t3,t4,t5,t6,t8,t10,t11,t13
t1,t2,t3,t5,t9,t4,t3,t5,t6,t8,t10,t11,t13
t1,t2,t3,t4,t5,t6,t8,t10,t11,t12,t2,t4,t3,t5,t8,t6,t10,t11,t13
t1,t2,t4,t3,t7,t5,t9,t3,t5,t9,t3,t5,t9,t3,t5,t8,t11,t12,t2,t3,t4,t5,t7,t8,t11,t12,t2,t4,t6,t3,t10,t5,t8,t11,t13
t1,t2,t4,t7,t3,t5,t8,t11,t13
t1,t2,t3,t4,t5,t6,t8,t10,t11,t12,t2,t3,t5,t8,t4,t6,t10,t11,t13
t1,t2,t4,t3,t8,t11,t13
t1,t2,t3,t4,t5,t9,t3,t6,t5,t10,t9,t3,t5,t9,t3,t5,t8,t11,t12,t2,t4,t3,t7,t5,t8,t11,t12,t2,t3,t4,t7,t5,t9,t3,t5,t9,t3,t5,t8,t11,t12,t2,t4,t3,t7,t5,t9,t3,t5,t9,t3,t5,t9,t3,t5,t9,t3,t5,t9,t3,t5,t8,t11,t13
t1,t2,t4,t6,t3,t10,t5,t9,t3,t5,t9,t3,t5,t9,t3,t5,t8,t11,t13
t1,t2,t4,t6,t10,t3,t5,t8,t11,t13
t1,t2,t4,t7,t3,t5,t8,t11,t12,t2,t4,t3,t7,t5,t8,t11,t13
t1,t2,t4,t6,t3,t10,t5,t9,t3,t5,t8,t11,t13
t1,t2,t4,t3,t7,t5,t9,t3,t5,t8,t11,t13
t1,t2,t4,t3,t5,t9,t6,t3,t5,t8,t10,t11,t12,t2,t3,t4,t5,t7,t8,t11,t13
t1,t2,t3,t4,t5,t7,t8,t11,t13
t1,t2,t4,t3,t7,t5,t9,t3,t5,t9,t3,t5,t8,t11,t12,t2,t4,t3,t6,t10,t5,t8,t11,t12,t2,t4,t3,t5,t6,t8,t10,t11,t12,t2,t3,t5,t8,t4,t6,t10,t11,t12,t2,t4,t3,t5,t8,t7,t11,t12,t2,t4,t6,t3,t10,t5,t9,t3,t5,t8,t11,t12,t2,t4,t6,t3,t10,t5,t8,t11,t12,t2,t3,t4,t5,t6,t8,t10,t11,t13
t1,t2,t3,t5,t4,t9,t6,t3,t10,t5,t9,t3,t5,t9,t3,t5,t9,t3,t5,t9,t3,t5,t9,t3,t5,t8,t11,t12,t2,t4,t3,t7,t5,t9,t3,t5,t9,t3,t5,t8,t11,t12,t2,t3,t4,t5,t9,t3,t7,t5,t9,t3,t5,t9,t3,t5,t9,t3,t5,t9,t3,t5,t9,t3,t5,t8,t11,t13
t1,t2,t3,t4,t5,t9,t6,t3,t10,t5,t9,t3,t5,t9,t3,t5,t9,t3,t5,t9,t3,t5,t9,t3,t5,t8,t11,t12,t2,t4,t3,t7,t5,t9,t3,t5,t9,t3,t5,t8,t11,t13
t1,t2,t4,t7,t3,t5,t9,t3,t5,t9,t3,t5,t9,t3,t5,t9,t3,t5,t8,t11,t13
t1,t2,t4,t7,t3,t5,t8,t11,t12,t2,t4,t3,t7,t5,t9,t3,t5,t8,t11,t12,t2,t4,t3,t7,t5,t8,t11,t13
t1,t2,t3,t4,t5,t6,t8,t10,t11,t12,t2,t4,t6,t10,t3,t5,t8,t11,t13
t1,t2,t3,t4,t7,t5,t8,t11,t13
t1,t2,t4,t6,t10,t3,t5,t9,t3,t5,t9,t3,t5,t9,t3,t5,t8,t11,t12,t2,t4,t3,t6,t10,t5,t8,t11,t12,t2,t4,t6,t10,t3,t5,t8,t11,t13
t1,t2,t4,t3,t7,t5,t8,t11,t12,t2,t3,t4,t5,t9,t6,t3,t10,t5,t9,t3,t5,t8,t11,t12,t2,t4,t3,t7,t5,t8,t11,t13
t1,t2,t4,t3,t6,t5,t10,t8,t11,t13
t1,t2,t4,t3,t7,t5,t8,t11,t12,t2,t4,t3,t6,t5,t10,t8,t11,t12,t2,t3,t4,t5,t6,t9,t10,t3,t5,t8,t11,t13
t1,t2,t4,t3,t7,t5,t3,t5,t8,t11,t13
t1,t2,t3,t4,t5,t6,t8,t10,t11,t13
t1,t2,t3,t4,t5,t7,t8,t11,t12,t2,t4,t3,t6,t10,t5,t8,t11,t12,t2,t4,t3,t5,t7,t8,t11,t13
t1,t2,t4,t3,t7,t5,t8,t11,t12,t2,t3,t4,t5,t7,t9,t3,t5,t9,t3,t5,t8,t11,t13
t1,t2,t4,t3,t6,t5,t10,t9,t3,t5,t9,t3,t5,t8,t11,t13
t1,t2,t4,t6,t3,t10,t5,t9,t3,t5,t9,t3,t5,t9,t3,t5,t9,t3,t5,t8,t11,t12,t2,t4,t7,t3,t5,t8,t11,t13
t1,t2,t3,t4,t7,t5,t9,t3,t5,t8,t11,t12,t2,t4,t6,t3,t5,t10,t8,t11,t12,t2,t3,t4,t5,t7,t9,t3,t5,t8,t11,t13
t1,t2,t3,t4,t5,t9,t7,t3,t5,t8,t11,t12,t2,t3,t4,t7,t5,t8,t11,t13
t1,t2,t4,t3,t6,t5,t10,t9,t3,t5,t8,t11,t13
t1,t2,t3,t4,t5,t6,t9,t10,t3,t5,t9,t3,t5,t8,t11,t13
t1,t2,t4,t3,t7,t5,t8,t11,t13
t1,t2,t3,t4,t5,t9,t3,t5,t6,t10,t9,t3,t5,t9,t3,t5,t8,t11,t13
t1,t2,t3,t4,t5,t7,t8,t11,t12,t2,t3,t4,t6,t5,t9,t10,t3,t5,t9,t3,t5,t8,t11,t13
t1,t2,t4,t3,t5,t6,t9,t10,t3,t5,t9,t3,t5,t9,t3,t5,t9,t3,t5,t9,t3,t5,t8,t11,t13
t1,t2,t4,t3,t5,t6,t8,t10,t11,t13
t1,t2,t3,t4,t5,t9,t3,t7,t5,t8,t11,t13
t1,t2,t3,t4,t6,t5,t10,t9,t3,t5,t9,t3,t5,t8,t11,t12,t2,t4,t7,t3,t5,t8,t11,t13
t1,t2,t4,t6,t3,t10,t5,t9,t3,t5,t8,t11,t13
t1,t2,t3,t4,t5,t6,t8,t10,t11,t12,t2,t4,t6,t3,t10,t5,t8,t11,t13
t1,t2,t3,t4,t5,t7,t8,t11,t13
t1,t2,t3,t4,t7,t8,t5,t11,t13
t1,t2,t3,t4,t5,t8,t7,t11,t12,t2,t3,t4,t5,t7,t8,t11,t12,t2,t4,t3,t6,t5,t10,t8,t11,t12,t2,t4,t6,t3,t10,t5,t9,t3,t5,t9,t3,t5,t8,t11,t13
t1,t2,t3,t4,t5,t7,t8,t11,t12,t2,t3,t4,t5,t9,t6,t10,t3,t5,t9,t3,t5,t9,t3,t5,t9,t3,t5,t9,t3,t5,t9,t3,t5,t8,t11,t12,t2,t3,t5,t4,t9,t3,t7,t5,t8,t11,t12,t2,t3,t4,t5,t7,t9,t3,t5,t9,t3,t5,t8,t11,t13
t1,t2,t4,t7,t3,t5,t8,t11,t13
t1,t2,t4,t3,t7,t5,t8,t11,t12,t2,t3,t5,t8,t4,t6,t10,t11,t12,t2,t4,t3,t7,t5,t9,t3,t5,t8,t11,t13
t1,t2,t4,t3,t6,t10,t5,t8,t11,t12,t2,t4,t6,t3,t10,t5,t8,t11,t12,t2,t4,t7,t3,t5,t8,t11,t12,t2,t3,t5,t4,t7,t8,t11,t13
t1,t2,t4,t3,t6,t5,t10,t9,t3,t5,t9,t3,t5,t8,t11,t13
t1,t2,t3,t4,t5,t8,t6,t10,t11,t13
t1,t2,t4,t7,t3,t5,t8,t11,t13
t1,t2,t3,t4,t5,t7,t8,t11,t12,t2,t3,t4,t7,t5,t8,t11,t13
t1,t2,t3,t4,t5,t6,t8,t10,t11,t12,t2,t4,t3,t6,t10,t5,t9,t3,t5,t8,t11,t13
t1,t2,t4,t3,t7,t5,t8,t11,t13
t1,t2,t4,t3,t7,t5,t9,t3,t5,t8,t11,t12,t2,t3,t4,t5,t7,t8,t11,t13
t1,t2,t3,t5,t4,t9,t3,t7,t5,t9,t3,t5,t8,t11,t13
t1,t2,t3,t4,t7,t5,t9,t3,t5,t8,t11,t13
t1,t2,t4,t3,t6,t5,t10,t8,t11,t13
t1,t2,t4,t3,t6,t5,t10,t8,t11,t12,t2,t3,t5,t8,t4,t7,t11,t12,t2,t3,t4,t7,t5,t8,t11,t13
t1,t2,t3,t4,t6,t10,t5,t9,t3,t5,t9,t3,t5,t9,t3,t5,t8,t11,t12,t2,t3,t5,t4,t8,t7,t11,t12,t2,t3,t4,t5,t7,t8,t11,t12,t2,t4,t3,t5,t7,t9,t3,t5,t8,t11,t12,t2,t3,t4,t5,t6,t9,t10,t3,t5,t8,t11,t13
t1,t2,t3,t5,t4,t8,t7,t11,t13
t1,t2,t3,t5,t4,t9,t6,t3,t10,t5,t8,t11,t13
t1,t2,t3,t5,t9,t4,t7,t3,t5,t8,t11,t13
t1,t2,t4,t6,t3,t5,t10,t9,t3,t5,t8,t11,t12,t2,t3,t4,t5,t7,t9,t3,t5,t8,t11,t12,t2,t3,t5,t9,t4,t3,t6,t10,t5,t9,t3,t5,t9,t3,t5,t8,t11,t13
t1,t2,t3,t4,t6,t10,t5,t9,t3,t5,t8,t11,t12,t2,t4,t3,t5,t7,t8,t11,t13
t1,t2,t4,t3,t5,t7,t8,t11,t13
t1,t2,t3,t4,t5,t7,t8,t11,t12,t2,t4,t3,t5,t7,t8,t11,t13
t1,t2,t4,t3,t5,t7,t8,t11,t13
t1,t2,t3,t5,t9,t4,t7,t3,t5,t9,t3,t5,t8,t11,t12,t2,t4,t7,t3,t5,t8,t11,t12,t2,t3,t5,t4,t7,t8,t11,t12,t2,t4,t3,t6,t5,t10,t9,t3,t5,t9,t3,t5,t9,t3,t5,t9,t3,t5,t8,t11,t12,t2,t3,t4,t5,t6,t10,t8,t11,t13
t1,t2,t4,t3,t7,t5,t9,t3,t5,t9,t3,t5,t8,t11,t13
t1,t2,t3,t4,t5,t7,t9,t3,t5,t8,t11,t13
t1,t2,t4,t3,t6,t10,t5,t9,t3,t5,t9,t3,t5,t9,t3,t5,t9,t3,t5,t8,t11,t13
t1,t2,t3,t4,t5,t6,t9,t10,t3,t5,t9,t3,t5,t8,t11,t13
t1,t2,t4,t3,t7,t5,t9,t3,t5,t8,t11,t12,t2,t3,t4,t6,t5,t10,t8,t11,t12,t2,t4,t3,t7,t5,t8,t11,t13
t1,t2,t4,t3,t6,t5,t10,t9,t3,t5,t9,t3,t5,t8,t11,t13
t1,t2,t3,t5,t8,t4,t7,t11,t12,t2,t4,t3,t5,t8,t6,t10,t11,t13
t1,t2,t4,t3,t7,t5,t9,t3,t5,t9,t3,t5,t9,t3,t5,t8,t11,t12,t2,t3,t4,t5,t7,t8,t11,t12,t2,t4,t3,t7,t5,t9,t3,t5,t8,t11,t13
t1,t2,t4,t7,t3,t5,t8,t11,t13
t1,t2,t3,t4,t5,t7,t8,t11,t13
t1,t2,t4,t3,t5,t9,t6,t3,t10,t5,t9,t3,t5,t8,t11,t12,t2,t3,t5,t8,t4,t6,t10,t11,t12,t2,t4,t3,t6,t5,t10,t8,t11,t12,t2,t4,t3,t6,t5,t10,t9,t3,t5,t9,t3,t5,t8,t11,t13
t1,t2,t4,t3,t5,t6,t10,t8,t11,t13
t1,t2,t4,t3,t6,t5,t9,t10,t3,t5,t8,t11,t12,t2,t3,t4,t5,t7,t9,t3,t5,t9,t3,t5,t9,t3,t5,t9,t3,t5,t8,t11,t12,t2,t4,t3,t6,t5,t10,t9,t3,t5,t9,t3,t5,t9,t3,t5,t8,t11,t12,t2,t3,t4,t5,t8,t7,t11,t12,t2,t3,t4,t5,t6,t10,t8,t11,t13
t6,t5,t10,t8,t11,t12,t2,t4,t7,t3,t5,t8,t11,t13
t1,t2,t4,t3,t6,t5,t9,t10,t3,t5,t8,t11,t12,t2,t4,t3,t7,t5,t9,t3,t5,t9,t3,t5,t9,t3,t5,t8,t11,t13
t1,t2,t4,t6,t3,t5,t8,t10,t11,t12,t2,t3,t4,t5,t9,t7,t3,t5,t9,t3,t5,t8,t11,t12,t2,t4,t6,t10,t3,t5,t8,t11,t12,t2,t4,t3,t5,t9,t7,t3,t5,t8,t11,t12,t2,t3,t4,t5,t6,t10,t8,t11,t12,t2,t4,t3,t6,t5,t10,t9,t3,t5,t9,t3,t5,t8,t11,t13
t1,t2,t4,t6,t10,t3,t5,t8,t11,t12,t2,t4,t3,t7,t5,t9,t3,t5,t9,t3,t5,t9,t3,t5,t9,t3,t5,t9,t3,t5,t9,t3,t5,t8,t11,t12,t2,t4,t3,t6,t5,t8,t10,t11,t13
t1,t2,t4,t3,t5,t6,t9,t3,t10,t5,t8,t11,t13
t1,t2,t3,t4,t5,t7,t8,t11,t12,t2,t3,t4,t6,t10,t5,t9,t3,t5,t8,t11,t13
t1,t2,t4,t7,t3,t5,t9,t3,t5,t8,t11,t12,t2,t3,t4,t6,t10,t5,t8,t11,t12,t2,t4,t3,t5,t7,t8,t11,t12,t2,t3,t4,t5,t7,t9,t3,t5,t9,t3,t5,t9,t3,t5,t8,t11,t12,t2,t4,t3,t6,t10,t5,t8,t11,t12,t2,t3,t5,t4,t8,t7,t11,t12,t2,t4,t3,t6,t5,t10,t9,t3,t5,t8,t11,t13
t1,t2,t3,t4,t5,t7,t8,t11,t13
t1,t2,t4,t3,t6,t5,t10,t9,t3,t5,t8,t11,t13
t1,t2,t4,t3,t6,t5,t8,t10,t11,t13
t1,t2,t4,t3,t6,t5,t10,t9,t3,t5,t8,t11,t12,t2,t3,t5,t4,t9,t6,t3,t10,t5,t9,t3,t5,t8,t11,t13
t1,t2,t4,t7,t3,t5,t8,t11,t12,t2,t4,t3,t5,t7,t9,t3,t5,t9,t3,t5,t8,t11,t12,t2,t4,t3,t7,t5,t9,t3,t5,t8,t11,t13
t1,t2,t3,t4,t5,t6,t8,t10,t11,t13
t1,t2,t4,t3,t6,t5,t9,t10,t3,t5,t9,t3,t5,t9,t3,t5,t9,t3,t5,t9,t3,t5,t8,t11,t13
t1,t2,t4,t3,t6,t5,t10,t9,t3,t5,t8,t11,t12,t2,t3,t4,t6,t5,t10,t8,t11,t13
t1,t2,t3,t5,t4,t6,t10,t9,t3,t5,t8,t11,t12,t2,t4,t3,t6,t5,t10,t8,t11,t12,t2,t4,t6,t3,t10,t5,t9,t3,t5,t8,t11,t12,t2,t4,t7,t3,t5,t8,t11,t13
t1,t2,t3,t4,t5,t6,t8,t10,t11,t12,t2,t4,t6,t3,t10,t5,t8,t11,t12,t2,t4,t3,t5,t7,t9,t3,t5,t9,t3,t5,t8,t11,t12,t2,t4,t3,t7,t5,t8,t11,t13
t1,t2,t3,t4,t5,t7,t9,t3,t5,t9,t3,t5,t8,t11,t13
t1,t2,t4,t3,t6,t5,t10,t9,t3,t5,t9,t3,t5,t8,t11,t12,t2,t3,t5,t4,t6,t9,t10,t3,t5,t9,t3,t5,t8,t11,t12,t2,t4,t3,t6,t5,t8,t10,t11,t13
t1,t2,t4,t3,t7,t5,t9,t3,t5,t8,t11,t13
t5,t9,t3,t5,t9,t3,t5,t8,t11,t12,t2,t3,t4,t5,t6,t9,t3,t10,t5,t8,t11,t12,t2,t3,t4,t5,t9,t6,t3,t10,t5,t9,t3,t5,t8,t11,t13
t1,t2,t3,t4,t5,t7,t9,t3,t5,t9,t3,t5,t8,t11,t12,t2,t4,t3,t7,t5,t9,t3,t5,t9,t3,t5,t8,t11,t13
t1,t2,t3,t5,t4,t8,t6,t10,t11,t13
t1,t2,t3,t4,t6,t10,t5,t8,t11,t13
t1,t2,t3,t4,t6,t10,t5,t9,t3,t5,t8,t11,t13
t1,t2,t4,t6,t10,t3,t5,t9,t3,t5,t9,t3,t5,t9,t3,t5,t9,t3,t5,t8,t11,t12,t2,t3,t4,t5,t6,t10,t9,t3,t5,t9,t3,t5,t8,t11,t12,t2,t3,t4,t5,t7,t9,t3,t5,t9,t3,t5,t8,t11,t12,t2,t4,t3,t5,t6,t9,t10,t3,t5,t9,t3,t5,t9,t3,t5,t8,t11,t12,t2,t3,t4,t5,t6,t8,t10,t11,t12,t2,t4,t3,t7,t5,t9,t3,t5,t8,t11,t13
t1,t2,t4,t3,t6,t5,t10,t8,t11,t12,t2,t4,t7,t3,t5,t9,t3,t5,t8,t11,t13
t1,t2,t4,t3,t7,t5,t9,t3,t5,t9,t3,t5,t8,t11,t12,t2,t3,t5,t4,t9,t7,t3,t5,t8,t11,t13
t1,t2,t4,t7,t3,t5,t8,t11,t12,t2,t3,t5,t4,t9,t6,t3,t10,t5,t8,t11,t12,t2,t4,t3,t7,t5,t9,t3,t5,t9,t3,t5,t8,t11,t12,t2,t4,t3,t6,t5,t8,t10,t11,t13
t1,t2,t4,t6,t3,t10,t5,t8,t11,t12,t2,t3,t4,t5,t7,t9,t3,t5,t8,t11,t13
t1,t2,t3,t4,t5,t6,t10,t9,t3,t5,t8,t11,t12,t2,t3,t4,t5,t7,t9,t3,t5,t8,t11,t13
t1,t2,t3,t4,t5,t6,t8,t10,t11,t13
t1,t2,t3,t4,t5,t8,t7,t11,t12,t2,t4,t3,t7,t5,t9,t3,t5,t8,t11,t12,t2,t3,t4,t5,t7,t9,t3,t5,t8,t11,t13
t1,t2,t4,t3,t7,t5,t9,t3,t5,t8,t11,t13
t1,t2,t3,t4,t5,t8,t6,t10,t11,t12,t2,t4,t3,t5,t7,t9,t3,t5,t8,t11,t13
t1,t2,t4,t3,t6,t10,t5,t8,t11,t12,t2,t4,t7,t3,t5,t8,t11,t12,t2,t3,t5,t9,t4,t3,t5,t8,t6,t10,t11,t13
t1,t2,t4,t3,t5,t6,t8,t10,t11,t12,t2,t4,t3,t5,t6,t10,t8,t11,t12,t2,t4,t3,t5,t7,t9,t3,t5,t8,t11,t13
t1,t2,t3,t4,t5,t6,t8,t10,t11,t12,t2,t3,t4,t5,t6,t10,t9,t3,t5,t9,t3,t5,t9,t3,t5,t9,t3,t5,t8,t11,t13
t1,t2,t4,t7,t3,t5,t9,t3,t5,t8,t11,t13
t1,t2,t4,t3,t6,t5,t10,t8,t11,t12,t2,t3,t4,t5,t7,t9,t3,t5,t8,t11,t13
t1,t2,t3,t4,t5,t10,t11,t13
t1,t2,t3,t4,t5,t6,t9,t10,t3,t5,t8,t11,t13
t1,t2,t3,t5,t9,t4,t3,t6,t10,t5,t9,t3,t5,t8,t11,t12,t2,t3,t4,t5,t6,t10,t9,t3,t5,t8,t11,t13
t1,t2,t3,t4,t5,t9,t3,t5,t6,t8,t10,t11,t12,t2,t3,t4,t6,t5,t10,t9,t3,t5,t8,t11,t13
t1,t2,t4,t6,t10,t3,t5,t8,t11,t13
t1,t2,t4,t3,t5,t8,t6,t10,t11,t13
t1,t2,t3,t5,t8,t4,t7,t11,t13
t1,t2,t3,t5,t4,t9,t7,t3,t5,t8,t11,t12,t2,t4,t6,t10,t3,t5,t9,t3,t5,t8,t11,t12,t2,t4,t3,t6,t5,t8,t10,t11,t12,t2,t4,t3,t6,t5,t8,t10,t11,t13
t1,t2,t4,t3,t6,t5,t10,t8,t11,t12,t2,t4,t3,t5,t7,t9,t3,t5,t9,t3,t5,t8,t11,t13
t1,t2,t4,t7,t3,t5,t9,t3,t5,t9,t3,t5,t8,t11,t12,t2,t4,t6,t3,t10,t5,t9,t3,t5,t8,t11,t12,t2,t3,t4,t5,t9,t6,t10,t3,t5,t8,t11,t13
t1,t2,t4,t3,t5,t7,t8,t11,t12,t2,t4,t3,t7,t5,t8,t11,t13
t1,t2,t4,t3,t6,t10,t5,t9,t3,t5,t9,t3,t5,t9,t3,t5,t9,t3,t5,t8,t11,t13
t1,t2,t3,t5,t8,t4,t7,t11,t12,t2,t3,t4,t5,t7,t8,t11,t12,t2,t3,t4,t5,t7,t9,t3,t5,t9,t3,t5,t9,t3,t5,t9,t3,t5,t9,t3,t5,t9,t3,t5,t8,t11,t13
t1,t2,t3,t5,t4,t7,t9,t3,t5,t9,t3,t5,t9,t3,t5,t8,t11,t13
t1,t2,t3,t4,t5,t6,t9,t10,t3,t5,t9,t3,t5,t8,t11,t12,t2,t3,t4,t6,t5,t10,t8,t11,t12,t2,t4,t3,t6,t5,t8,t10,t11,t12,t2,t4,t7,t3,t5,t9,t3,t5,t9,t3,t5,t9,t3,t5,t8,t11,t12,t2,t4,t7,t3,t5,t8,t11,t13
t1,t2,t4,t7,t3,t5,t8,t11,t13
t1,t2,t4,t7,t3,t5,t9,t3,t5,t8,t11,t12,t2,t4,t6,t3,t10,t5,t9,t3,t5,t8,t11,t12,t2,t4,t3,t6,t5,t10,t9,t3,t5,t8,t11,t13
t1,t2,t3,t4,t5,t9,t7,t3,t5,t9,t3,t5,t9,t3,t5,t9,t3,t5,t8,t11,t13
t1,t2,t4,t3,t6,t10,t5,t9,t3,t5,t9,t3,t5,t9,t3,t5,t8,t11,t12,t2,t4,t3,t7,t5,t9,t3,t5,t8,t11,t12,t2,t4,t6,t3,t10,t5,t8,t11,t12,t2,t3,t5,t4,t8,t7,t11,t12,t2,t3,t5,t4,t9,t7,t3,t5,t9,t3,t5,t9,t3,t5,t8,t11,t12,t2,t3,t4,t5,t6,t9,t10,t3,t5,t8,t11,t12,t2,t4,t7,t3,t5,t9,t3,t5,t8,t11,t13
t1,t2,t3,t4,t7,t5,t8,t11,t13
t1,t2,t4,t3,t5,t6,t10,t8,t11,t13
