	D/F-Table

A = t1
#A = 1000
_____________________________________________________________
B	B<A	A>B	B<<<A	A>>>B	A→B
_____________________________________________________________
t1	0	0	0	0	0.0
t3	0	354	0	1000	0.791828476927991
t2	0	299	0	1000	0.775632700927992
t4	0	347	0	1000	0.794871999999991
t5	0	0	0	1000	0.4658123849728
t6	0	0	0	1000	0.507603200000002
t8	0	0	0	1000	0.283531022887285
t9	0	0	0	500	0.113456778838017
t11	0	0	0	746	0.120027215646688
t13	0	0	0	482	0.0701734198024597
t14	0	0	0	1000	0.108524724937627
t10	0	0	0	500	0.113368039471816
t12	0	0	0	500	0.0906944315774522
t7	0	0	0	329	0.12731904
_____________________________________________________________

A = t3
#A = 1000
_____________________________________________________________
B	B<A	A>B	B<<<A	A>>>B	A→B
_____________________________________________________________
t1	354	0	1000	0	-0.791828476927991
t3	0	0	0	0	0.0
t2	244	257	479	521	0.0330460800000002
t4	239	259	488	512	0.0325080678400003
t5	0	279	0	1000	0.763474050559992
t6	137	168	175	927	0.490359999999993
t8	0	0	0	1000	0.471187487204311
t9	0	0	0	500	0.19019825086464
t11	0	0	0	746	0.201430083829761
t13	0	0	0	482	0.118925926858752
t14	0	0	0	1000	0.178989613335354
t10	0	0	0	500	0.186751738898809
t12	0	0	0	500	0.149401391119048
t7	26	37	34	306	0.162104
_____________________________________________________________

A = t2
#A = 1000
_____________________________________________________________
B	B<A	A>B	B<<<A	A>>>B	A→B
_____________________________________________________________
t1	299	0	1000	0	-0.775632700927992
t3	257	244	521	479	-0.0330460800000002
t2	0	0	0	0	0.0
t4	269	233	522	478	-0.0314151321599998
t5	0	288	0	1000	0.776784568319992
t6	145	185	183	942	0.501471999999992
t8	0	0	0	1000	0.476821932739789
t9	0	0	0	500	0.1893459509248
t11	0	0	0	746	0.199903312913368
t13	0	0	0	482	0.117238849653965
t14	0	0	0	1000	0.18302233027658
t10	0	0	0	500	0.192111595267031
t12	0	0	0	500	0.153689276213625
t7	30	50	39	305	0.1660992
_____________________________________________________________

A = t4
#A = 1000
_____________________________________________________________
B	B<A	A>B	B<<<A	A>>>B	A→B
_____________________________________________________________
t1	347	0	1000	0	-0.794871999999991
t3	259	239	512	488	-0.0325080678400003
t2	233	269	478	522	0.0314151321599998
t4	0	0	0	0	0.0
t5	161	161	161	839	0.396732153855997
t6	0	331	0	1000	0.816855999999992
t8	0	0	0	1000	0.48009664479232
t9	0	0	0	500	0.19239385858048
t11	0	0	0	746	0.202729001635021
t13	0	0	0	482	0.116779749107303
t14	0	0	0	1000	0.184837620250992
t10	0	0	0	500	0.191683457253376
t12	0	0	0	500	0.153346765802701
t7	0	0	0	329	0.1863296
_____________________________________________________________

A = t5
#A = 1000
_____________________________________________________________
B	B<A	A>B	B<<<A	A>>>B	A→B
_____________________________________________________________
t1	0	0	1000	0	-0.4658123849728
t3	279	0	1000	0	-0.763474050559992
t2	288	0	1000	0	-0.776784568319992
t4	161	161	839	161	-0.396732153855997
t5	0	0	0	0	0.0
t6	191	453	498	746	0.271119999999998
t8	0	254	0	1000	0.775538978676728
t9	0	0	0	500	0.3107254272
t11	0	0	0	746	0.328120729599999
t13	0	0	0	482	0.19332759552
t14	0	0	0	1000	0.296118115502642
t10	0	0	0	500	0.309705755741388
t12	0	0	0	500	0.247764604593111
t7	81	132	146	214	0.067448
_____________________________________________________________

A = t6
#A = 1405
_____________________________________________________________
B	B<A	A>B	B<<<A	A>>>B	A→B
_____________________________________________________________
t1	0	0	1000	0	-0.361283416370108
t3	168	137	927	175	-0.349010676156579
t2	185	145	942	183	-0.356919572953731
t4	331	0	1000	0	-0.5813921708185
t5	453	191	746	498	-0.192967971530247
t6	0	0	405	405	0.0
t8	0	746	0	1000	0.660851245551598
t9	0	0	0	500	0.2635615658363
t11	0	0	0	746	0.277581692811387
t13	0	0	0	482	0.162335703914591
t14	0	0	0	1000	0.253562871307354
t10	0	0	0	500	0.265119430604984
t12	0	0	0	500	0.212095544483984
t7	268	186	405	405	-0.0175487544483987
_____________________________________________________________

A = t8
#A = 1000
_____________________________________________________________
B	B<A	A>B	B<<<A	A>>>B	A→B
_____________________________________________________________
t1	0	0	1000	0	-0.283531022887285
t3	0	0	1000	0	-0.471187487204311
t2	0	0	1000	0	-0.476821932739789
t4	0	0	1000	0	-0.48009664479232
t5	254	0	1000	0	-0.775538978676728
t6	746	0	1000	0	-0.928495999999996
t8	0	0	0	0	0.0
t9	0	500	0	500	0.5
t11	0	0	0	746	0.525952000000003
t13	0	0	0	482	0.308479999999996
t14	0	0	0	1000	0.478748766900926
t10	0	500	0	500	0.5
t12	0	0	0	500	0.400000000000004
t7	0	0	329	0	-0.238784000000001
_____________________________________________________________

A = t9
#A = 500
_____________________________________________________________
B	B<A	A>B	B<<<A	A>>>B	A→B
_____________________________________________________________
t1	0	0	500	0	-0.226913557676033
t3	0	0	500	0	-0.38039650172928
t2	0	0	500	0	-0.3786919018496
t4	0	0	500	0	-0.38478771716096
t5	0	0	500	0	-0.621450854399999
t6	0	0	500	0	-0.740608000000004
t8	500	0	500	0	-1.0
t9	0	0	0	0	0.0
t11	0	500	0	500	1.0
t13	0	0	0	236	0.377600000000001
t14	0	0	0	500	0.596852831691987
t10	0	0	0	0	0.0
t12	0	0	0	0	0.0
t7	0	0	165	0	-0.192
_____________________________________________________________

A = t11
#A = 1437
_____________________________________________________________
B	B<A	A>B	B<<<A	A>>>B	A→B
_____________________________________________________________
t1	0	0	746	0	-0.0835262461006872
t3	0	0	746	0	-0.140174031892666
t2	0	0	746	0	-0.139111560830458
t4	0	0	746	0	-0.141077941290899
t5	0	0	746	0	-0.228337320528879
t6	0	0	746	0	-0.271400332915795
t8	0	0	746	0	-0.366006958942243
t9	500	0	500	0	-0.34794711203897
t11	0	0	691	691	0.0
t13	937	691	937	691	-0.171189979123173
t14	0	746	0	746	0.519137091162143
t10	0	0	246	0	-0.109561586638831
t12	0	0	246	0	-0.136951983298539
t7	0	0	234	0	-0.0676099384829506
_____________________________________________________________

A = t13
#A = 937
_____________________________________________________________
B	B<A	A>B	B<<<A	A>>>B	A→B
_____________________________________________________________
t1	0	0	482	0	-0.074891589970608
t3	0	0	482	0	-0.126922013723322
t2	0	0	482	0	-0.125121504433261
t4	0	0	482	0	-0.124631535866919
t5	0	0	482	0	-0.206326142497332
t6	0	0	482	0	-0.243416930629669
t8	0	0	482	0	-0.329220917822835
t9	0	0	236	0	-0.201494130202775
t11	691	937	691	937	0.262540021344717
t13	0	0	455	455	0.0
t14	0	0	0	482	0.411526147278552
t10	0	0	246	0	-0.210032017075774
t12	246	0	246	0	-0.262540021344717
t7	0	0	153	0	-0.0608323756670223
_____________________________________________________________

A = t14
#A = 1000
_____________________________________________________________
B	B<A	A>B	B<<<A	A>>>B	A→B
_____________________________________________________________
t1	0	0	1000	0	-0.108524724937627
t3	0	0	1000	0	-0.178989613335354
t2	0	0	1000	0	-0.18302233027658
t4	0	0	1000	0	-0.184837620250992
t5	0	0	1000	0	-0.296118115502642
t6	0	0	1000	0	-0.356255834186832
t8	0	0	1000	0	-0.478748766900926
t9	0	0	500	0	-0.298426415845994
t11	746	0	746	0	-0.746
t13	0	0	482	0	-0.385600000000003
t14	0	0	0	0	0.0
t10	0	0	500	0	-0.300009542780171
t12	254	0	500	0	-0.375011928475211
t7	0	0	329	0	-0.0922106769296712
_____________________________________________________________

A = t10
#A = 500
_____________________________________________________________
B	B<A	A>B	B<<<A	A>>>B	A→B
_____________________________________________________________
t1	0	0	500	0	-0.226736078943631
t3	0	0	500	0	-0.373503477797618
t2	0	0	500	0	-0.384223190534062
t4	0	0	500	0	-0.383366914506752
t5	0	0	500	0	-0.619411511482776
t6	0	0	500	0	-0.744985600000004
t8	500	0	500	0	-1.0
t9	0	0	0	0	0.0
t11	0	0	0	246	0.314879999999999
t13	0	0	0	246	0.393600000000001
t14	0	0	0	500	0.600019085560342
t10	0	0	0	0	0.0
t12	0	500	0	500	1.0
t7	0	0	164	0	-0.1900544
_____________________________________________________________

A = t12
#A = 500
_____________________________________________________________
B	B<A	A>B	B<<<A	A>>>B	A→B
_____________________________________________________________
t1	0	0	500	0	-0.181388863154904
t3	0	0	500	0	-0.298802782238095
t2	0	0	500	0	-0.30737855242725
t4	0	0	500	0	-0.306693531605402
t5	0	0	500	0	-0.495529209186222
t6	0	0	500	0	-0.595988479999995
t8	0	0	500	0	-0.800000000000007
t9	0	0	0	0	0.0
t11	0	0	0	246	0.393600000000001
t13	0	246	0	246	0.492
t14	0	254	0	500	0.750023856950423
t10	500	0	500	0	-1.0
t12	0	0	0	0	0.0
t7	0	0	164	0	-0.15204352
_____________________________________________________________

A = t7
#A = 405
_____________________________________________________________
B	B<A	A>B	B<<<A	A>>>B	A→B
_____________________________________________________________
t1	0	0	329	0	-0.314368
t3	37	26	306	34	-0.400256790123457
t2	50	30	305	39	-0.410121481481481
t4	0	0	329	0	-0.460073086419753
t5	132	81	214	146	-0.166538271604938
t6	186	268	405	405	0.0608790123456794
t8	0	0	0	329	0.589590123456792
t9	0	0	0	165	0.237037037037037
t11	0	0	0	234	0.239890078024692
t13	0	0	0	153	0.140740582716049
t14	0	0	0	329	0.227680683776966
t10	0	0	0	164	0.234635061728395
t12	0	0	0	164	0.187708049382716
t7	0	0	76	76	0.0
_____________________________________________________________


	D/F-Graph

[t1,t3]  	 → euristica 1
[t1,t2]  	 → euristica 1
[t1,t4]  	 → euristica 1
[t3,t5]  	 → euristica 1
[t2,t5]  	 → euristica 1
[t4,t6]  	 → euristica 1
[t5,t8]  	 → euristica 1
[t6,t8]  	 → euristica 1
[t8,t9]  	 → euristica 1
[t8,t10]  	 → euristica 1
[t9,t11]  	 → euristica 1
[t11,t14]  	 → euristica 1
[t10,t12]  	 → euristica 1
[t12,t13]  	 → euristica 1
[t12,t14]  	 → euristica 1


	WF-Net

Split:

t1	(t4) AND (t2) AND (t3)
t3	(t5)
t2	(t5)
t4	(t6)
t5	(t8)
t6	(t8)
t8	(t9 OR t10)
t9	(t11)
t11	(t14)
t13	()
t14	()
t10	(t12)
t12	(t13 OR t14)
t7	()


Join:

t1	()
t3	(t1)
t2	(t1)
t4	(t1)
t5	(t2) AND (t3)
t6	(t4)
t8	(t6) AND (t5)
t9	(t8)
t11	(t9)
t13	(t12)
t14	(t11 OR t12)
t10	(t8)
t12	(t10)
t7	()
