	D/F-Table

A = t1
#A = 987
_____________________________________________________________
B	B<A	A>B	B<<<A	A>>>B	A→B
_____________________________________________________________
t1	0	0	0	0	0.0
t4	0	490	1	493	0.497362998986829
t6	0	3	1	476	0.314707193515706
t8	1	0	1	472	0.247854103343465
t12	0	1	1	299	0.106476969838601
t14	0	3	0	970	0.23816410854319
t7	0	0	0	678	0.370189960071028
t9	0	1	0	678	0.267457050400924
t10	0	0	0	676	0.266742687808344
t13	0	0	0	672	0.187807262091655
t2	1	487	1	492	0.494564470273556
t3	0	1	1	607	0.445900709219863
t5	0	1	0	606	0.357109949341434
t11	0	0	0	236	0.0998270314083081
_____________________________________________________________

A = t4
#A = 499
_____________________________________________________________
B	B<A	A>B	B<<<A	A>>>B	A→B
_____________________________________________________________
t1	490	0	493	1	-0.983762084168337
t4	0	0	0	0	0.0
t6	1	232	2	232	0.461643286573146
t8	0	1	1	229	0.365931863727456
t12	2	0	2	147	0.152796632624141
t14	0	0	2	487	0.357527515581215
t7	0	263	1	343	0.569473807632199
t9	0	1	1	343	0.4095350568734
t10	0	0	1	342	0.408794360385506
t13	1	0	1	337	0.284397330990652
t2	0	0	0	0	0.0
t3	0	0	0	114	0.11696993987976
t5	0	0	0	114	0.0935759519038075
t11	0	0	0	114	0.1462124248497
_____________________________________________________________

A = t6
#A = 624
_____________________________________________________________
B	B<A	A>B	B<<<A	A>>>B	A→B
_____________________________________________________________
t1	3	0	476	1	-0.497782051282054
t4	232	1	232	2	-0.369166666666667
t6	0	0	141	141	0.0
t8	0	616	140	618	0.874205128205128
t12	0	1	2	303	0.384730358974361
t14	1	3	1	474	0.356491446153843
t7	0	0	0	171	0.112246153846154
t9	0	0	0	170	0.0801345641025641
t10	0	0	0	170	0.0805546666666667
t13	0	0	0	170	0.0571339487179488
t2	0	0	244	3	-0.247548717948717
t3	0	2	385	313	-0.170692307692311
t5	387	0	387	314	-0.361423076923077
t11	0	0	140	312	0.256153846153847
_____________________________________________________________

A = t8
#A = 619
_____________________________________________________________
B	B<A	A>B	B<<<A	A>>>B	A→B
_____________________________________________________________
t1	0	1	472	1	-0.395205169628432
t4	1	0	229	1	-0.294991922455574
t6	616	0	618	140	-0.881266558966074
t8	0	0	140	140	0.0
t12	0	302	2	302	0.486022617124394
t14	0	0	1	470	0.444025176090472
t7	0	0	0	171	0.141441033925687
t9	0	0	0	170	0.10097731825525
t10	0	0	0	170	0.101506688206785
t13	0	0	0	170	0.0719943134087236
t2	2	1	246	2	-0.202817447495961
t3	0	0	386	311	0.00342229402262081
t5	0	0	388	312	-0.178610662358647
t11	0	312	140	312	0.388032310177706
_____________________________________________________________

A = t12
#A = 305
_____________________________________________________________
B	B<A	A>B	B<<<A	A>>>B	A→B
_____________________________________________________________
t1	1	0	299	1	-0.344566456494094
t4	0	2	147	2	-0.249985310424415
t6	1	0	303	2	-0.787120472131152
t8	302	0	302	2	-0.986386885245902
t12	0	0	0	0	0.0
t14	0	299	1	301	0.980646819672131
t7	0	0	0	0	0.0
t9	0	0	0	0	0.0
t10	0	0	0	0	0.0
t13	0	0	0	0	0.0
t2	0	0	154	1	-0.180685325019433
t3	0	1	190	1	-0.314345295737705
t5	0	0	190	1	-0.396065573770492
t11	0	0	66	0	-0.0889704918032788
_____________________________________________________________

A = t14
#A = 983
_____________________________________________________________
B	B<A	A>B	B<<<A	A>>>B	A→B
_____________________________________________________________
t1	3	0	970	0	-0.239133240215797
t4	0	0	487	2	-0.181491587258419
t6	3	1	474	1	-0.226297723702948
t8	0	0	470	1	-0.279604866734488
t12	299	0	301	1	-0.30426986775178
t14	0	0	0	0	0.0
t7	0	1	675	1	-0.350715768056969
t9	0	0	676	1	-0.495273798575788
t10	0	0	675	1	-0.492370295015259
t13	677	0	677	1	-0.688187182095626
t2	1	0	489	0	-0.118711119100362
t3	0	0	606	0	-0.217934742787384
t5	0	0	605	0	-0.272120447609362
t11	0	0	236	0	-0.0674194099694812
_____________________________________________________________

A = t7
#A = 686
_____________________________________________________________
B	B<A	A>B	B<<<A	A>>>B	A→B
_____________________________________________________________
t1	0	0	678	0	-0.532620248673623
t4	263	0	343	1	-0.414238236163947
t6	0	0	171	0	-0.102101457725947
t8	0	0	171	0	-0.127626822157434
t12	0	0	0	0	0.0
t14	1	0	1	675	0.502556268221575
t7	0	0	0	0	0.0
t9	1	337	2	683	0.892128279883381
t10	0	347	0	683	0.897667638483964
t13	0	0	0	678	0.632816326530603
t2	0	0	337	1	-0.251843248439009
t3	1	0	419	0	-0.488921282798838
t5	418	1	418	1	-0.607871720116618
t11	0	0	171	0	-0.159533527696793
_____________________________________________________________

A = t9
#A = 686
_____________________________________________________________
B	B<A	A>B	B<<<A	A>>>B	A→B
_____________________________________________________________
t1	1	0	678	0	-0.384810654148268
t4	1	0	343	1	-0.297897949533275
t6	0	0	170	0	-0.0728920816326531
t8	0	0	170	0	-0.0911151020408163
t12	0	0	0	0	0.0
t14	0	0	1	676	0.709699918367346
t7	337	1	683	2	-0.892128279883381
t9	0	0	0	0	0.0
t10	346	335	346	337	-0.0141224489795918
t13	0	348	0	679	0.892372711370262
t2	0	0	337	1	-0.18201347679346
t3	0	1	418	1	-0.349002915451893
t5	1	0	418	1	-0.437142857142857
t11	0	0	170	0	-0.11389387755102
_____________________________________________________________

A = t10
#A = 684
_____________________________________________________________
B	B<A	A>B	B<<<A	A>>>B	A→B
_____________________________________________________________
t1	0	0	676	0	-0.384905018811163
t4	0	0	342	1	-0.298228634257847
t6	0	0	170	0	-0.0734884678362573
t8	0	0	170	0	-0.0918605847953216
t12	0	0	0	0	0.0
t14	0	0	1	675	0.707602339181285
t7	347	0	683	0	-0.900292397660818
t9	335	346	337	346	0.0141637426900585
t10	0	0	0	0	0.0
t13	0	331	0	678	0.889766081871345
t2	0	1	336	1	-0.181817300308739
t3	1	0	418	0	-0.353649122807016
t5	1	0	417	0	-0.440526315789473
t11	0	0	170	0	-0.114825730994152
_____________________________________________________________

A = t13
#A = 680
_____________________________________________________________
B	B<A	A>B	B<<<A	A>>>B	A→B
_____________________________________________________________
t1	0	0	672	0	-0.272596717183035
t4	0	1	337	1	-0.208697453182846
t6	0	0	170	0	-0.0524288000000001
t8	0	0	170	0	-0.0655359999999999
t12	0	0	0	0	0.0
t14	0	677	1	677	0.994835294117647
t7	0	0	678	0	-0.638399999999991
t9	348	0	679	0	-0.900246588235294
t10	331	0	678	0	-0.895
t13	0	0	0	0	0.0
t2	1	0	338	0	-0.133194446270061
t3	0	0	419	0	-0.253298823529413
t5	0	0	418	0	-0.315341176470588
t11	0	0	170	0	-0.0819200000000002
_____________________________________________________________

A = t2
#A = 496
_____________________________________________________________
B	B<A	A>B	B<<<A	A>>>B	A→B
_____________________________________________________________
t1	487	1	492	1	-0.984143411612903
t4	0	0	0	0	0.0
t6	0	0	3	244	0.311432258064515
t8	1	2	2	246	0.253112903225807
t12	0	0	1	154	0.111106903489772
t14	0	1	0	489	0.235268205797693
t7	0	0	1	337	0.348315460542662
t9	0	0	1	337	0.25173638121031
t10	1	0	1	336	0.250731922199955
t13	0	1	0	338	0.182605289241213
t2	0	0	0	0	0.0
t3	2	490	6	491	0.979241290322581
t5	2	1	4	491	0.785403225806458
t11	0	0	1	121	0.098632258064516
_____________________________________________________________

A = t3
#A = 808
_____________________________________________________________
B	B<A	A>B	B<<<A	A>>>B	A→B
_____________________________________________________________
t1	1	0	607	1	-0.544683168316837
t4	0	0	114	0	-0.0722376237623763
t6	2	0	313	385	0.131821782178221
t8	0	0	311	386	-0.00262178217822065
t12	1	0	1	190	0.118657568316832
t14	0	0	0	606	0.265135955643562
t7	0	1	0	419	0.415099009900993
t9	1	0	1	418	0.296306930693068
t10	0	1	0	418	0.299376237623761
t13	0	0	0	419	0.213172277227724
t2	490	2	491	6	-0.601118415841584
t3	0	0	195	195	0.0
t5	0	804	196	807	0.873623762376238
t11	311	0	311	196	-0.260931089108911
_____________________________________________________________

A = t5
#A = 809
_____________________________________________________________
B	B<A	A>B	B<<<A	A>>>B	A→B
_____________________________________________________________
t1	1	0	606	0	-0.435682966625457
t4	0	0	114	0	-0.0577186650185413
t6	0	387	314	387	0.278773794808405
t8	0	0	312	388	0.136662546353526
t12	0	0	1	190	0.149320148331273
t14	0	0	0	605	0.330648207663785
t7	1	418	1	418	0.515451174289246
t9	0	1	1	418	0.370679851668726
t10	0	1	0	417	0.372459826946847
t13	0	0	0	418	0.265058096415328
t2	1	2	491	4	-0.481532756489497
t3	804	0	807	196	-0.872543881334981
t5	0	0	197	197	0.0
t11	1	0	312	197	-0.152929542645242
_____________________________________________________________

A = t11
#A = 312
_____________________________________________________________
B	B<A	A>B	B<<<A	A>>>B	A→B
_____________________________________________________________
t1	0	0	236	0	-0.315798974358975
t4	0	0	114	0	-0.233846153846154
t6	0	0	312	140	-0.512307692307694
t8	312	0	312	140	-0.769846153846154
t12	0	0	0	66	0.086974358974359
t14	0	0	0	236	0.212414358974359
t7	0	0	0	171	0.350769230769231
t9	0	0	0	170	0.250420512820513
t10	0	0	0	170	0.251733333333333
t13	0	0	0	170	0.17854358974359
t2	0	0	121	1	-0.1568
t3	0	311	196	311	0.675744615384615
t5	0	1	197	312	0.396538461538464
t11	0	0	74	74	0.0
_____________________________________________________________


	D/F-Graph

[t1,t4]  	 → euristica 1
[t1,t2]  	 → euristica 1
[t4,t6]  	 → euristica 1
[t4,t7]  	 → euristica 1
[t6,t8]  	 → euristica 1
[t8,t12]  	 → euristica 1
[t8,t11]  	 → euristica 1
[t12,t14]  	 → euristica 1
[t7,t9]  	 → euristica 1
[t7,t10]  	 → euristica 1
[t9,t13]  	 → euristica 1
[t10,t13]  	 → euristica 1
[t13,t14]  	 → euristica 1
[t2,t3]  	 → euristica 1
[t3,t5]  	 → euristica 1
[t5,t6]  	 → euristica 1
[t5,t7]  	 → euristica 1
[t11,t3]  	 → euristica 1


	WF-Net

Split:

t1	(t4 OR t2)
t4	(t6 OR t7)
t6	(t8)
t8	(t12 OR t11)
t12	(t14)
t14	()
t7	(t10) AND (t9)
t9	(t13)
t10	(t13)
t13	(t14)
t2	(t3)
t3	(t5)
t5	(t6 OR t7)
t11	(t3)


Join:

t1	()
t4	(t1)
t6	(t4 OR t5)
t8	(t6)
t12	(t8)
t14	(t12 OR t13)
t7	(t4 OR t5)
t9	(t7)
t10	(t7)
t13	(t10) AND (t9)
t2	(t1)
t3	(t2 OR t11)
t5	(t3)
t11	(t8)
