	D/F-Table

A = t1
#A = 975
_____________________________________________________________
B	B<A	A>B	B<<<A	A>>>B	A→B
_____________________________________________________________
t1	0	0	0	0	0.0
t3	1	488	1	491	0.501464287179487
t6	0	3	0	492	0.357772275961744
t5	0	0	0	490	0.341838506666667
t9	0	1	0	490	0.219773046153846
t8	0	0	0	488	0.215857046630882
t10	0	0	0	490	0.217135261538461
t13	0	0	0	483	0.13094281846154
t16	0	0	1	948	0.152523573620194
t14	0	0	0	450	0.117090382744759
t15	0	0	0	451	0.0938032006907105
t4	1	2	2	706	0.424857395666319
t7	0	1	2	703	0.338220436100854
t12	1	0	1	701	0.199715637763423
t2	1	478	3	480	0.489551097435897
t11	0	1	1	457	0.148183402820971
_____________________________________________________________

A = t3
#A = 496
_____________________________________________________________
B	B<A	A>B	B<<<A	A>>>B	A→B
_____________________________________________________________
t1	488	1	491	1	-0.985741290322581
t3	0	0	0	0	0.0
t6	2	261	3	493	0.872671293000758
t5	0	231	1	493	0.844967096774195
t9	0	1	1	493	0.54146129032258
t8	0	0	1	491	0.531506966897962
t10	1	0	1	493	0.534512903225807
t13	0	1	0	487	0.325778193548385
t16	0	0	0	481	0.159814261269775
t14	0	0	0	226	0.119485700294193
t15	0	0	0	226	0.0959043253677418
t4	0	0	0	226	0.0776383250167738
t7	0	1	0	227	0.0642046030038708
t12	0	0	0	224	0.0375764651445009
t2	0	0	0	0	0.0
t11	0	0	0	139	0.0258763797928809
_____________________________________________________________

A = t6
#A = 500
_____________________________________________________________
B	B<A	A>B	B<<<A	A>>>B	A→B
_____________________________________________________________
t1	3	0	492	0	-0.697655938125401
t3	261	2	493	3	-0.865689922656752
t6	0	0	0	0	0.0
t5	177	168	234	264	0.034605285521787
t9	1	108	6	492	0.751767010947035
t8	52	115	57	439	0.510431644410831
t10	1	102	5	493	0.746845812204741
t13	1	0	4	487	0.457711985255928
t16	0	1	1	484	0.230417328688206
t14	0	0	2	224	0.167336083456
t15	0	0	2	224	0.133817696256
t4	0	1	2	224	0.1077824309248
t7	1	1	2	226	0.0862964244479998
t12	0	1	1	224	0.056283284635377
t2	0	0	0	0	0.0
t11	1	0	2	137	0.0306867686302876
_____________________________________________________________

A = t5
#A = 502
_____________________________________________________________
B	B<A	A>B	B<<<A	A>>>B	A→B
_____________________________________________________________
t1	0	0	490	0	-0.663929370517929
t3	231	0	493	1	-0.834867888446217
t6	168	177	264	234	-0.0344674158583536
t5	0	0	0	0	0.0
t9	53	101	72	430	0.490007968127489
t8	2	134	2	497	0.787196652344097
t10	42	87	70	429	0.482948207171314
t13	0	1	1	492	0.492471713147413
t16	0	1	0	487	0.244388251708983
t14	0	1	0	227	0.181773095980876
t15	0	0	0	227	0.146073171633466
t4	0	0	0	227	0.11801455987251
t7	1	0	1	228	0.0935114048254977
t12	0	0	0	225	0.0573445406992669
t2	0	0	0	0	0.0
t11	0	0	0	140	0.0397422234910097
_____________________________________________________________

A = t9
#A = 504
_____________________________________________________________
B	B<A	A>B	B<<<A	A>>>B	A→B
_____________________________________________________________
t1	1	0	490	0	-0.42515619047619
t3	1	0	493	1	-0.532866666666666
t6	108	1	492	6	-0.745800606098249
t5	101	53	430	72	-0.488063492063491
t9	0	0	0	0	0.0
t8	121	120	243	257	0.0166948764444445
t10	167	182	239	262	0.0418888888888892
t13	0	146	1	494	0.769507301587301
t16	0	0	1	488	0.372223137265311
t14	0	0	0	229	0.286704253968254
t15	0	0	0	229	0.230038857142857
t4	1	0	1	229	0.181935212698413
t7	0	0	1	230	0.147501003174603
t12	0	0	0	227	0.0898380620423718
t2	0	0	0	0	0.0
t11	1	0	1	141	0.0573790735874318
_____________________________________________________________

A = t8
#A = 501
_____________________________________________________________
B	B<A	A>B	B<<<A	A>>>B	A→B
_____________________________________________________________
t1	0	0	488	0	-0.420081078772675
t3	0	0	491	1	-0.526202506150477
t6	115	52	439	57	-0.509412818773285
t5	134	2	497	2	-0.788767903147179
t9	120	121	257	243	-0.0167948457644711
t8	0	0	0	0	0.0
t10	128	132	247	251	0.0130782990818364
t13	2	189	3	491	0.78219218522954
t16	1	0	1	487	0.384274080693192
t14	0	0	1	227	0.288296551217565
t15	1	1	1	227	0.231043423552894
t4	0	0	1	227	0.185582912894212
t7	0	2	2	229	0.151362662195609
t12	0	0	1	226	0.0910301687360811
t2	0	0	0	0	0.0
t11	0	1	0	140	0.0631680430972734
_____________________________________________________________

A = t10
#A = 503
_____________________________________________________________
B	B<A	A>B	B<<<A	A>>>B	A→B
_____________________________________________________________
t1	0	0	490	0	-0.420888429423459
t3	0	1	493	1	-0.52707435387674
t6	102	1	493	5	-0.742391463424196
t5	87	42	429	70	-0.481988071570576
t9	182	167	262	239	-0.0419721669980122
t8	132	128	251	247	-0.0130262978926442
t10	0	0	0	0	0.0
t13	0	160	1	495	0.784986083499006
t16	0	0	1	488	0.38214004629212
t14	0	1	0	228	0.289501620675944
t15	0	0	0	228	0.231868310139165
t4	0	0	1	228	0.183773900596421
t7	0	0	1	228	0.148129030616302
t12	0	0	0	225	0.0901191707603637
t2	0	0	0	0	0.0
t11	0	0	1	139	0.0563149214820198
_____________________________________________________________

A = t13
#A = 497
_____________________________________________________________
B	B<A	A>B	B<<<A	A>>>B	A→B
_____________________________________________________________
t1	0	0	483	0	-0.25687977464789
t3	1	0	487	0	-0.32512270422535
t6	0	1	487	4	-0.460474834261497
t5	1	0	492	1	-0.497426156941652
t9	146	0	494	1	-0.780345432595573
t8	189	2	491	3	-0.788487494567404
t10	160	0	495	1	-0.79446277665996
t13	0	0	0	0	0.0
t16	0	267	1	487	0.604181563281364
t14	0	226	0	228	0.456675412474849
t15	0	0	0	227	0.364027364185112
t4	0	0	1	227	0.289792515090543
t7	0	0	1	227	0.233122253521127
t12	0	0	0	224	0.141404052750809
t2	0	0	0	0	0.0
t11	0	0	1	139	0.0899247301350658
_____________________________________________________________

A = t16
#A = 974
_____________________________________________________________
B	B<A	A>B	B<<<A	A>>>B	A→B
_____________________________________________________________
t1	0	0	948	1	-0.152680168664979
t3	0	0	481	0	-0.0813838537883044
t6	1	0	484	1	-0.118284049634603
t5	1	0	487	0	-0.125957805295595
t9	0	0	488	1	-0.192608276367266
t8	0	1	487	1	-0.197660487091672
t10	0	0	488	1	-0.197347477705273
t13	267	0	487	1	-0.308293877772934
t16	0	0	0	0	0.0
t14	0	0	443	1	-0.136340440400465
t15	0	1	444	1	-0.170449350089904
t4	1	0	701	2	-0.339680621858095
t7	0	0	699	2	-0.572057494866532
t12	703	0	703	2	-0.720903819301848
t2	0	1	474	1	-0.111313313927227
t11	0	0	452	1	-0.249549271790628
_____________________________________________________________

A = t14
#A = 910
_____________________________________________________________
B	B<A	A>B	B<<<A	A>>>B	A→B
_____________________________________________________________
t1	0	0	450	0	-0.125453981512242
t3	0	0	226	0	-0.0651262718087031
t6	0	0	224	2	-0.0919429029978022
t5	1	0	227	0	-0.100274828771868
t9	0	0	229	0	-0.158790048351648
t8	0	0	227	1	-0.158721507868132
t10	1	0	228	0	-0.160021225494505
t13	226	0	228	0	-0.249415032967033
t16	0	0	1	443	0.145929218626432
t14	0	0	451	451	0.0
t15	1	905	450	906	0.806287032822041
t4	1	1	677	902	0.441144111972256
t7	1	1	678	900	0.0378289230769177
t12	677	2	678	896	-0.370150744703836
t2	0	0	225	0	-0.0921233105761041
t11	2	0	335	448	0.0156321758241769
_____________________________________________________________

A = t15
#A = 909
_____________________________________________________________
B	B<A	A>B	B<<<A	A>>>B	A→B
_____________________________________________________________
t1	0	0	451	0	-0.100613994140201
t3	0	0	226	0	-0.0523306329839383
t6	0	0	224	2	-0.073607093650165
t5	0	0	227	0	-0.0806696723432344
t9	0	0	229	0	-0.127546297029703
t8	1	1	227	1	-0.12734076479648
t10	0	0	228	0	-0.128305566556656
t13	0	0	227	0	-0.199033663366337
t16	1	0	1	444	0.182637697456069
t14	905	1	906	450	-0.807174037258588
t15	0	0	449	449	0.0
t4	0	904	677	904	0.713368182965679
t7	1	0	679	901	0.314640545654567
t12	0	0	677	896	-0.129194045435219
t2	0	0	226	0	-0.0737829243777816
t11	1	0	336	449	0.125877579757974
_____________________________________________________________

A = t4
#A = 1397
_____________________________________________________________
B	B<A	A>B	B<<<A	A>>>B	A→B
_____________________________________________________________
t1	2	1	706	2	-0.296518225321876
t3	0	0	226	0	-0.0275652177582819
t6	1	0	224	2	-0.038576389021045
t5	0	0	227	0	-0.0424075225884037
t9	0	1	229	1	-0.0656373279885469
t8	0	0	227	1	-0.0665547883750895
t10	0	0	228	1	-0.0661691281317108
t13	0	0	227	1	-0.103097265569076
t16	0	1	2	701	0.236828150100061
t14	1	1	902	677	-0.287359443017003
t15	904	0	904	677	-0.464174429717826
t4	1	1	676	676	0.0
t7	3	1381	680	1384	0.739520833786686
t12	0	5	674	1379	0.275694021618748
t2	482	2	484	2	-0.344738725841088
t11	0	0	334	696	0.299603378668577
_____________________________________________________________

A = t7
#A = 2760
_____________________________________________________________
B	B<A	A>B	B<<<A	A>>>B	A→B
_____________________________________________________________
t1	1	0	703	2	-0.119480045361715
t3	1	0	227	0	-0.0115382185108406
t6	1	1	226	2	-0.0156334102260869
t5	0	1	228	1	-0.0170082337762318
t9	0	0	230	1	-0.0269349657971015
t8	2	0	229	2	-0.0274756136811594
t10	0	0	228	1	-0.0269959791304348
t13	0	0	227	1	-0.0419788985507247
t16	0	0	2	699	0.201878260869566
t14	1	1	900	678	-0.0124725797101431
t15	0	1	901	679	-0.103626179710145
t4	1381	3	1384	680	-0.374315436521739
t7	1	1	2041	2041	0.0
t12	2	1377	671	1380	0.374874782608696
t2	2	1	480	2	-0.138356521739132
t11	1365	1368	1369	1369	0.000574585507246348
_____________________________________________________________

A = t12
#A = 1388
_____________________________________________________________
B	B<A	A>B	B<<<A	A>>>B	A→B
_____________________________________________________________
t1	0	1	701	1	-0.140290163414508
t3	0	0	224	0	-0.0134279010891012
t6	1	0	224	1	-0.0202749584421387
t5	0	0	225	0	-0.0207398843163055
t9	0	0	227	0	-0.0326213135946365
t8	0	0	226	1	-0.0328574312224616
t10	0	0	225	0	-0.0326584602971635
t13	0	0	224	0	-0.0506324309921844
t16	0	703	2	703	0.505879193083573
t14	2	677	896	678	0.242678081902371
t15	0	0	896	677	0.084609068660385
t4	5	0	1379	674	-0.277481662969302
t7	1377	2	1380	671	-0.745428242074928
t12	0	0	671	671	2.04767359008674e-17
t2	1	0	482	0	-0.164333593760897
t11	0	0	692	348	-0.295615380288186
_____________________________________________________________

A = t2
#A = 486
_____________________________________________________________
B	B<A	A>B	B<<<A	A>>>B	A→B
_____________________________________________________________
t1	478	1	480	3	-0.982124115226337
t3	0	0	0	0	0.0
t6	0	0	0	0	0.0
t5	0	0	0	0	0.0
t9	0	0	0	0	0.0
t8	0	0	0	0	0.0
t10	0	0	0	0	0.0
t13	0	0	0	0	0.0
t16	1	0	1	474	0.223084707335637
t14	0	0	0	225	0.17249426465896
t15	0	0	0	226	0.13800139559548
t4	2	482	2	484	0.990946502057613
t7	1	2	2	480	0.785728395061735
t12	0	1	0	482	0.469331333621658
t2	0	0	0	0	0.0
t11	0	0	0	321	0.348345402733494
_____________________________________________________________

A = t11
#A = 1372
_____________________________________________________________
B	B<A	A>B	B<<<A	A>>>B	A→B
_____________________________________________________________
t1	1	0	457	1	-0.105305260751055
t3	0	0	139	0	-0.0093547262224992
t6	0	1	137	2	-0.0111832247194926
t5	0	0	140	0	-0.0145412508691595
t9	0	1	141	1	-0.0210780270321178
t8	1	0	140	0	-0.0230664647170073
t10	0	0	139	1	-0.0206460681526647
t13	0	0	139	1	-0.032574774691784
t16	0	0	1	452	0.177158156504426
t14	0	2	448	335	-0.0103682798833826
t15	0	1	449	336	-0.0833984839650132
t4	0	0	696	334	-0.305062623906707
t7	1368	1365	1369	1369	-0.00115587172011656
t12	0	0	348	692	0.299062789970847
t2	0	0	321	0	-0.12339348814029
t11	1	1	904	904	0.0
_____________________________________________________________


	D/F-Graph

[t1,t3]  	 → euristica 1
[t1,t2]  	 → euristica 1
[t3,t6]  	 → euristica 1
[t3,t5]  	 → euristica 1
[t6,t9]  	 → euristica 1
[t6,t10]  	 → euristica 1
[t5,t8]  	 → euristica 1
[t9,t13]  	 → euristica 1
[t8,t13]  	 → euristica 1
[t10,t13]  	 → euristica 1
[t13,t16]  	 → euristica 1
[t13,t14]  	 → euristica 1
[t14,t15]  	 → euristica 1
[t15,t4]  	 → euristica 1
[t4,t7]  	 → euristica 1
[t4,t12]  	 → euristica 1
[t7,t12]  	 → euristica 1
[t12,t16]  	 → euristica 1
[t12,t14]  	 → euristica 1
[t2,t4]  	 → euristica 1


	WF-Net

Split:

t1	(t3 OR t2)
t3	(t5) AND (t6)
t6	(t10) AND (t9)
t5	(t8)
t9	(t13)
t8	(t13)
t10	(t13)
t13	(t16 OR t14)
t16	()
t14	(t15)
t15	(t4)
t4	(t12) AND (t7)
t7	(t12)
t12	(t16 OR t14)
t2	(t4)
t11	()


Join:

t1	()
t3	(t1)
t6	(t3)
t5	(t3)
t9	(t6)
t8	(t5)
t10	(t6)
t13	(t10) AND (t8) AND (t9)
t16	(t13 OR t12)
t14	(t13 OR t12)
t15	(t14)
t4	(t15 OR t2)
t7	(t4)
t12	(t7) AND (t4)
t2	(t1)
t11	()
