t1,t3,t6,t5,t9,t8,t10,t13,t16
t1,t3,t5,t6,t8,t10,t9,t13,t14,t15,t4,t7,t12,t16
t1,t2,t4,t7,t11,t7,t11,t7,t12,t14,t15,t4,t7,t12,t14,t15,t4,t7,t12,t14,t15,t4,t7,t11,t7,t11,t7,t12,t14,t15,t4,t7,t11,t7,t11,t7,t12,t14,t15,t4,t7,t12,t14,t15,t4,t7,t11,t7,t11,t7,t12,t16
t1,t3,t5,t8,t6,t9,t10,t13,t14,t15,t4,t7,t11,t7,t12,t16
t1,t2,t4,t7,t12,t16
t1,t2,t4,t7,t11,t7,t11,t7,t11,t7,t12,t16
t1,t2,t4,t7,t12,t16
t1,t2,t4,t7,t12,t14,t15,t4,t7,t11,t7,t12,t14,t15,t4,t7,t11,t7,t12,t16
t1,t2,t4,t7,t11,t7,t12,t16
t1,t3,t7,t5,t9,t8,t10,t13,t14,t15,t4,t7,t11,t7,t12,t14,t15,t4,t7,t11,t7,t12,t14,t15,t4,t7,t11,t7,t11,t6,t12,t16
t1,t3,t5,t6,t8,t9,t10,t13,t16
t1,t3,t6,t5,t10,t9,t8,t13,t16
t1,t3,t6,t5,t9,t10,t8,t13,t14,t15,t4,t7,t12,t16
t1,t3,t5,t6,t9,t10,t8,t13,t14,t15,t4,t7,t12,t14,t15,t4,t7,t12,t14,t15,t4,t7,t11,t7,t11,t7,t11,t7,t12,t14,t15,t4,t7,t11,t7,t12,t16
t1,t2,t4,t7,t12,t16
t1,t2,t4,t7,t12,t14,t15,t4,t7,t12,t16
t1,t3,t6,t9,t10,t5,t8,t13,t14,t15,t4,t7,t12,t16
t1,t3,t5,t6,t8,t9,t10,t13,t16
t1,t3,t5,t8,t6,t9,t10,t13,t16
t1,t3,t5,t6,t8,t10,t9,t13,t14,t15,t4,t7,t12,t14,t15,t4,t7,t11,t7,t12,t14,t15,t4
t1,t3,t6,t5,t9,t10,t8,t13,t16
t1,t3,t6,t9,t5,t10,t8,t13,t16
t1,t3,t6,t5,t9,t10,t8,t13,t14,t15,t4,t7,t11,t7,t11,t7,t12,t16
t1,t2,t4,t7,t12,t16
t1,t2,t4,t7,t11,t7,t12,t16
t1,t2,t4,t7,t12,t16
t1,t2,t4,t7,t12,t16
t1,t2,t4,t7,t11,t7,t11,t7,t12,t16
t1,t3,t6,t5,t10,t9,t8,t13,t14,t15,t4,t7,t12,t16
t1,t3,t5,t8,t10,t6,t9,t13,t16
t1,t3,t6,t10,t5,t9,t8,t13,t16
t1,t3,t5,t6,t8,t9,t10,t13,t16
t1,t2,t4,t7,t11,t7,t12,t14,t15,t4,t7,t12,t14,t15,t4,t7,t11,t7,t12,t16
t1,t2,t4,t7,t11,t7,t11,t7,t12,t14,t15,t4,t7,t11,t7,t12,t16
t1,t2,t4,t7,t11,t7,t11,t7,t12,t16
t1,t2,t4,t7,t11,t7,t11,t7,t11,t7,t12,t16
t1,t3,t6,t5,t9,t10,t8,t13,t16
t1,t3,t5,t6,t9,t8,t10,t13,t16
t1,t3,t5,t6,t9,t10,t8,t13,t16
t1,t2,t4,t7,t11,t7
t1,t3,t6,t5,t10,t8,t9,t13,t14,t15,t4,t7,t12,t14,t15,t4,t7,t11,t7,t12,t16
t1,t3,t6,t5,t9,t10,t8,t13,t16
t1,t2,t4,t7,t11,t7,t12,t14,t15,t4,t7,t12,t16
t1,t3,t5,t8,t6,t10,t9,t13,t16
t1,t3,t5,t8,t6,t9,t10,t13,t14,t15,t4,t7,t11,t7,t11,t7,t12,t14,t15,t4,t7,t11,t7,t11,t7,t12,t14,t15,t4,t7,t12,t16
t1,t2,t4,t7,t11,t7,t11,t7,t11,t7,t12,t16
t1,t3,t6,t5,t10,t8,t9,t13,t16
t1,t2,t4,t7,t12,t16
t1,t3,t6,t5,t9,t8,t10,t13,t14,t15,t4,t7,t11,t7,t12,t14,t15,t4,t7,t12,t14,t15,t4,t7,t11,t7,t12,t16
t1,t2,t4,t12,t16
t1,t2,t4,t7,t12,t14,t15,t4,t7,t12,t14,t15,t4,t7,t12,t14,t15,t4,t7,t11,t7,t11,t7,t11,t7,t11,t7,t12,t14,t15,t4,t7,t12,t16
t1,t3,t6,t10,t9,t5,t8,t13,t14,t15,t4,t7,t12,t14,t15,t4,t7,t11,t7,t12,t16
t1,t3,t6,t5,t10,t8,t9,t13,t16
t1,t2,t4,t7,t11,t7,t11,t7,t11,t7,t12,t16
t1,t2,t4,t7,t12,t14,t15,t4,t7,t12,t14,t15,t4,t7,t12,t16
t1,t3,t6,t10,t9,t5,t8,t13,t16
t1,t2,t4,t7,t11,t7,t12,t16
t1,t3,t6,t5,t9,t8,t10,t13,t14,t15,t4,t7,t12,t14,t15,t4,t7,t11,t7,t12,t16
t1,t3,t5,t6,t10,t9,t8,t13,t16
t1,t2,t4,t7,t11,t7,t11,t7,t12,t14,t15
t1,t3,t6,t10,t9,t5,t8,t13,t14,t15,t4,t7,t11,t7,t12,t14,t15,t4,t7,t11,t7,t11,t7,t11,t7,t11,t7,t12,t16
t1,t2,t4,t7,t12,t14,t15,t4,t7,t12,t16
t1,t2,t4,t7,t11,t7,t11,t7,t12,t14,t15,t4,t7,t11,t7,t11,t7,t12,t14,t15,t4,t7,t11,t7,t12,t16
t1,t2,t4,t7,t12,t16
t1,t3,t6,t10,t9,t5,t8,t13,t16
t1,t2,t4,t7,t12,t16
t1,t2,t4,t7,t12,t16
t1,t3,t5,t8,t6,t10,t9,t13,t14,t15,t4,t7,t12,t16
t1,t2,t4,t7,t11,t7,t11,t7,t11,t7,t11,t7,t12,t14,t15,t4,t7,t12,t14,t15,t4,t7,t12,t16
t1,t2,t4,t14,t12,t7,t15,t4,t7,t11,t7,t12,t16
t1,t3,t6,t5,t9,t10,t8,t13,t16
t1,t2,t4,t7,t12,t14,t15,t4,t7,t11,t7,t12,t16
t1,t2,t4,t7,t11,t7,t11,t7,t11,t7,t11,t7,t12,t16
t1,t3,t6,t5,t9,t10,t8,t13,t14,t15,t4,t7,t12,t16
t1,t3,t5,t6,t8,t10,t9,t13,t16
t1,t3,t5,t6,t8,t9,t10,t13,t14,t15,t4,t7,t11,t7,t11,t7,t12,t14,t15,t4,t7,t12,t16
t1,t2,t4,t7,t12,t14,t15,t4,t7,t12,t16
t1,t2,t4,t7,t11,t7,t11,t7,t12,t14,t15,t4,t7,t11,t7,t12,t14,t15,t4,t7,t11,t7,t12,t14,t15,t4,t7,t11,t7,t11,t7,t11,t7,t11,t7,t11,t7,t11,t7,t12,t14,t15,t4,t7,t12,t16
t1,t2,t4,t7,t12,t14,t15,t4,t7,t12,t14,t15,t4,t7,t11,t7,t11,t7,t11,t7,t12,t16
t9,t10,t13,t14,t15,t4,t7,t11,t7,t12,t14,t15,t4,t7,t11,t7,t11,t7,t12,t14,t15,t4,t7,t11,t7,t12,t14,t15,t4,t7,t11,t7,t11,t7,t12,t14,t15,t4,t7,t11,t7,t11,t7,t12,t16
t1,t2,t4,t7,t11,t7,t11,t7,t12,t16
t1,t3,t6,t5,t9,t8,t10,t13,t16
t1,t3,t5,t6,t10,t9,t8,t13,t16
t1,t2,t4,t7,t11,t7,t11,t7,t12,t16
t1,t3,t5,t8,t6,t9,t10,t13,t14,t15,t4,t7,t12,t14,t15,t4,t7,t11,t7,t11,t7,t12,t14,t15,t4,t7,t11,t7,t12,t14,t15,t4,t7,t12,t16
t1,t3,t5,t6,t10,t9,t8,t13,t16
t1,t2,t4,t7,t12,t16
t1,t3,t5,t6,t8,t10,t9,t13,t16
t1,t3,t6,t5,t10,t9,t8,t13,t16
t1,t2,t4,t12,t16
t1,t2,t4,t7,t11,t7,t11,t7,t12,t14,t15,t4,t7,t11,t7,t12,t14,t15,t4,t7,t12,t16
t1,t3,t6,t5,t9,t8,t10,t13,t14,t15,t4,t7,t12,t14,t15,t4,t7,t12,t14,t15,t4,t7,t12,t14,t15,t4,t7,t11,t7,t11,t7,t11,t7,t12,t14,t15,t4,t7,t12,t14,t15,t4,t7,t12,t14,t15,t4,t7,t12,t14,t15,t4,t7,t12,t14,t15,t4,t7,t11,t7,t11,t7,t11,t7,t11,t7,t11,t7,t11,t7,t12,t16
t1,t2,t4,t7,t12,t14,t15,t4,t7,t11,t7,t11,t7,t11,t7,t11,t7,t11,t7,t11,t7,t12,t16
t1,t2,t4,t7,t11,t7,t11,t7,t12,t16
t1,t2,t4,t7,t11,t7,t11,t7,t12,t16
t1,t3,t6,t5,t8,t10,t9,t13,t16
t1,t2,t4,t7,t11,t7,t11,t7,t12,t14,t15,t4,t7,t12,t14,t15,t4,t7,t12,t14,t15,t4,t7,t12,t16
t1,t3,t5,t6,t9,t10,t8,t13,t16
t1,t2,t4,t7,t11,t7,t12,t14,t15,t4,t7,t11,t7,t11,t7,t12,t16
t1,t3,t6,t5,t10,t8,t9
t1,t2,t4,t7,t12,t16
t1,t3,t5,t6,t8,t10,t9,t13,t14,t15,t4,t7,t12,t14,t15,t4,t7,t11,t7,t12,t16
t1,t3,t5,t6,t8,t10,t9,t13,t16
t1,t2,t4,t7,t12,t16
t1,t3,t5,t6,t9,t8,t10,t13,t16
t1,t3,t6,t5,t10,t8,t9,t13,t16
t1,t2,t4,t7,t12,t14,t15,t4,t7,t12,t16
t1,t3,t5,t8,t6,t9,t10,t13,t16
t1,t2,t4,t7,t12,t14,t15,t4,t7,t12,t14,t15,t4,t7,t11,t7,t11,t7,t12,t14,t15,t4,t7,t12,t16
t2,t4,t7,t12,t16
t1,t2,t4,t7,t12,t16
t1,t3,t6,t5,t9,t10,t8,t13,t14,t15,t4,t7,t11,t7,t11,t7,t11,t7,t12,t16
t1,t3,t5,t6,t8,t10,t9,t13,t16
t1,t3,t5,t6,t8,t9,t10,t13,t16
t1,t3,t6,t5,t9,t10,t8,t13,t14,t15,t4,t7,t12,t14,t15,t4,t7,t12,t16
t1,t3,t6,t10,t5,t9,t8,t13,t16
t1,t2,t4,t7,t12,t16
t1,t2,t4,t7,t12,t14,t15,t4,t7,t11,t7,t12,t14,t15,t4,t7,t11,t7,t11,t7,t12,t16
t1,t2,t4,t7,t11,t7,t11,t7,t12,t16
t1,t3,t6,t9,t5,t8,t7,t11,t7,t12,t16
t1,t3,t5,t6,t8,t10,t9,t13,t16
t1,t2,t4,t7,t11,t7,t12,t16
t1,t2,t4,t7,t12,t16
t1,t2,t4,t7,t12,t16
t1,t3,t5,t6,t8,t9,t10,t13,t16
t1,t2,t4,t7,t11,t7,t11,t7,t12,t14,t15,t4,t7,t11,t7,t12,t16
t1,t3,t6,t10,t5,t8,t9,t13,t16
t1,t3,t6,t10,t9,t5,t8,t13,t14,t15,t4,t7,t12,t16
t1,t3,t6,t5,t10,t9,t8,t13,t14,t15,t4,t7,t12,t16
t1,t2,t7,t4,t12,t16
t1,t2,t4,t7,t11,t7,t12,t16
t1,t2,t4,t7,t12,t14,t15,t4,t7,t11,t7,t12,t14,t15,t4,t7,t12,t16
t1,t2,t4,t7,t12,t14,t15,t4,t7,t11,t7,t11,t7,t12,t14,t15,t4,t7,t11,t7,t12,t16
t1,t3,t5,t6,t8,t10,t9,t13,t16
t1,t2,t4,t7,t11,t7,t11,t7,t11,t7,t12,t14,t15,t4,t7,t11,t7,t12,t14,t15,t4,t7,t11,t7,t11,t7,t11,t7,t11,t7,t11,t7,t12,t16
t1,t2,t4,t7,t11,t7,t11,t7,t11,t7,t11,t7,t11,t7,t11,t7,t12,t14,t15,t4,t7,t12,t16
t1,t3,t6,t5,t10,t9,t8,t13,t16
t1,t2,t4,t7,t12,t14,t15,t4,t7,t11,t7,t11,t7,t12,t14,t15,t4,t7,t12,t14,t15,t4,t7,t12,t16
t1,t3,t6,t5,t10,t8,t9,t13,t16
t1,t2,t4,t16
t1,t2,t4,t7,t12,t16
t1,t2,t4,t7,t11,t7,t11,t7,t12,t14,t15,t4,t7,t11,t7,t12,t14,t15,t4,t7,t12,t14,t15,t4,t7,t11,t7,t12,t14,t15,t4,t7,t12,t16
t1,t3,t5,t6,t8,t9,t10,t13,t16
t1,t2,t4,t7,t12,t16
t1,t3,t5,t6,t8,t10,t9,t13,t14,t15,t4,t7,t12,t16
t1,t3,t6,t5,t9,t10,t8,t13,t16
t1,t2,t4,t7,t12,t16
t1,t3,t6,t9,t5,t8,t10,t13,t14,t15,t4,t7,t12,t16
t1,t3,t5,t6,t8,t10,t9,t13,t16
t1,t3,t6,t5,t8,t9,t10,t13,t14,t7,t12,t14,t15,t4,t7,t12,t16
t1,t2,t4,t7,t11,t7,t11,t7,t12,t16
t1,t2,t4,t7,t11,t7,t11,t7,t11,t7,t11,t7,t11,t7,t12,t14,t15,t4,t7,t12,t16
t1,t3,t5,t6,t8,t9,t10,t13,t14,t15,t4,t7,t11,t7,t11,t7,t12,t16
t1,t2,t4,t7,t11,t7,t12,t14,t15,t4,t7,t12,t14,t15,t4,t7,t12,t14,t15,t4,t7,t11,t7,t11,t7,t11,t7,t12,t16
t1,t2,t4,t7,t12,t16
t1,t2,t4,t7,t11,t7,t11,t7,t11,t7,t11,t7,t12,t16
t1,t3,t6,t9,t10,t5,t8,t13,t16
t1,t2,t4,t7,t11,t7,t12,t16
t1,t3,t6,t5,t10,t9,t8,t13,t14,t15,t4,t7,t12,t16
t1,t3,t5,t8,t6,t9,t10,t13,t14,t15,t4,t7
t1,t3,t5,t6,t10,t9,t8,t13,t14,t15,t4,t7,t11,t7,t11,t7,t12,t14,t15,t4,t7,t12,t16
t1,t2,t4,t7,t11,t7,t11,t7,t12,t14,t15,t4,t7,t12,t16
t1,t3,t6,t10,t5,t9,t8,t13,t16
t1,t2,t4,t7,t11,t7,t12,t14,t15,t4,t7,t12,t14,t15,t4,t7,t12,t14,t15,t4,t7,t11,t7,t11,t7,t11,t7,t12,t14,t15,t4,t7,t12,t16
t1,t3,t5,t6,t10,t8,t9,t13,t14,t15,t4,t7,t12,t16
t1,t3,t6,t10,t9,t5,t8,t13,t16
t1,t2,t4,t7,t12,t14,t15,t4,t7,t11,t7,t11,t7,t11,t7,t11,t7,t11,t7,t11,t7,t12,t16
t1,t3,t5,t6,t9,t10,t8,t13,t14,t15,t4,t7,t11,t7,t11,t7,t12,t16
t1,t3,t5,t6,t8,t10,t9,t13,t16
t11,t7,t11,t7,t11,t7,t12,t16
t1,t3,t6,t10,t9,t5,t8,t13,t14,t15,t4,t7,t12,t16
t1,t2,t4,t7,t12,t16
t1,t2,t4,t7,t12,t16
t1,t2,t4,t7,t12,t16
t1,t2,t4,t7,t11,t7,t12,t14,t15,t4,t7,t12,t14,t15,t4,t7,t12,t16
t1,t3,t5,t6,t8,t10,t9,t13,t16
t1,t2,t4,t7,t12,t16
t1,t2,t4,t7,t11,t7,t12,t14,t15,t4,t7,t11,t7,t12,t16
t1,t2,t4,t7,t12,t16
t1,t2,t4,t7,t12,t14,t15,t4,t7,t11,t7,t11,t7,t12
t1,t3,t5,t6,t9,t8,t10,t13,t16
t1,t2,t4,t7,t12,t16
t1,t2,t4,t7,t11,t7,t12,t16
t1,t3,t6,t5,t9,t10,t8,t13,t14,t15,t4,t7,t12,t16
t1,t3,t6,t5,t9,t10,t8,t13,t16
t1,t3,t5,t8,t6,t10,t9,t13,t14,t15,t4,t7,t11,t7,t11,t7,t11,t7,t11,t7,t12,t16
t1,t2,t4,t7,t12,t16
t1,t3,t5,t8,t6,t10,t9,t13,t16
t1,t2,t4,t7,t12,t14,t15,t4,t7,t12,t16
t16,t2,t4,t7,t11,t7,t12,t1
t1,t3,t6,t5,t10,t9,t8,t13,t14,t15,t4,t7,t12,t14,t15,t4,t7,t11,t7,t12,t14,t15,t4,t7,t12,t14,t15,t4,t7,t12,t14,t15,t4,t7,t12,t16
t1,t2,t4,t7,t12,t14,t15,t4,t7,t12,t14,t15,t4,t7,t12,t16
t1,t2,t4,t7,t12,t16
t1,t2,t4,t7,t11,t7,t12,t14,t15,t4,t7,t12,t16
t1,t3,t5,t6,t9,t10,t8,t13,t16
t1,t3,t6,t10,t9,t5,t8,t13,t16
t1,t3,t5,t6,t9,t10,t8,t13,t14,t15,t4,t7,t12,t14,t15,t4,t7,t12,t16
t1,t3,t5,t6,t8,t10,t9,t13,t16
t1,t2,t4,t7,t11,t7,t12,t14,t15,t4,t7,t11,t7,t11,t7,t12,t16
t1,t3,t5,t6,t8,t9,t10
t1,t3,t6,t5,t10,t9,t8,t13,t14,t15,t4,t7,t12,t14,t15,t4,t7,t11,t7,t11,t7,t12,t16
t1,t3,t5,t6,t8,t9,t10,t13,t14,t15,t4,t7,t11,t7,t11,t7,t12,t16
t1,t3,t6,t5,t9,t10,t8,t13,t16
t1,t3,t6,t10,t9,t5,t8,t13,t16
t1,t2,t4,t7,t11,t7,t11,t7,t12,t16
t1,t2,t4,t7,t12,t16
t1,t2,t4,t7,t12,t16
t1,t3,t5,t6,t8,t10,t9,t13,t14,t15,t4,t7,t11,t7,t12,t16
t1,t2,t4,t7,t11,t7,t11,t7,t11,t7,t12,t16
t1,t3,t6,t10,t13,t16
t1,t3,t6,t10,t9,t5,t8,t13,t14,t15,t4,t7,t11,t7,t12,t16
t1,t2,t4,t7,t11,t7,t12,t16
t1,t3,t6,t5,t10,t9,t8,t13,t14,t15,t4,t7,t12,t16
t1,t3,t6,t5,t9,t8,t10,t13,t14,t15,t4,t7,t12,t14,t15,t4,t7,t11,t7,t11,t7,t11,t7,t12,t14,t15,t4,t7,t11,t7,t12,t14,t15,t4,t7,t12,t14,t15,t4,t7,t11,t7,t12,t14,t15,t4,t7,t12,t16
t1,t2,t4,t7,t12,t14,t15,t4,t7,t12,t16
t1,t2,t4,t7,t11,t7,t11,t7,t11,t7,t12,t14,t15,t4,t7,t12,t16
t1,t3,t5,t6,t8,t9,t10,t13,t16
t1,t2,t4,t7,t11,t7,t11,t7,t11,t7,t12,t16
t1,t2,t4,t7,t12,t16
t1,t2,t4,t7,t11,t7,t11,t7,t12,t14,t15,t4,t7,t11,t7,t11,t7,t11,t7,t12,t14,t15,t4,t7,t12,t14,t15,t4,t7,t12,t14,t15,t4,t7,t12,t14,t15,t4,t7,t12,t14,t15,t4,t7,t11,t7,t11,t7,t11,t7,t12,t14,t15,t4,t7,t11,t7,t12,t14,t15,t4,t7,t11,t7,t11
t1,t2,t4,t7,t11,t7,t11,t7,t11,t7,t11,t7,t11,t7,t11,t7,t11,t7,t12,t14,t15,t4,t7,t11,t7,t11,t7,t12,t14,t15,t4,t7,t11,t7,t11,t7,t12,t14,t15,t4,t7,t11,t7,t11,t7,t12,t16
t1,t3,t6,t9,t10,t5,t8,t13,t16
t1,t3,t6,t10,t9,t5,t8,t13,t16
t1,t3,t5,t6,t8,t9,t10,t13,t14,t15,t4,t7,t11,t7,t11,t7,t12,t16
t1,t3,t6,t9,t10,t5,t8,t13,t16
t1,t2,t4,t7,t11,t7,t12,t14,t15,t4,t7,t12,t14,t15,t4,t7,t11,t7,t11,t7,t12,t14,t15,t4,t7,t11,t7,t12,t14,t15,t4,t7,t12,t16
t1,t3,t6,t5,t9,t8,t10,t13,t16
t1,t2,t4,t7,t12,t14,t15,t4,t7,t12,t14,t15,t4,t7,t12,t14,t15,t4,t7,t12,t14,t15,t4,t7,t12,t16
t1,t3,t6,t5,t8,t10,t9,t13,t16
t1,t3,t6,t8,t5,t9,t10,t13,t14,t15,t4,t7,t12,t16
t1,t3,t6,t5,t9,t10,t8,t13,t14,t15,t4,t7,t12,t16
t1,t3,t6,t9,t5,t10,t8,t13,t16
t1,t2,t4,t7,t12,t16
t1,t3,t5,t6,t8,t9,t10,t13,t14,t15,t4,t7,t12,t16
t1,t3,t6,t5,t10,t9,t8,t13,t16
t1,t2,t4,t7,t11,t7,t12,t14,t15,t4,t7,t12,t16
t1,t3,t6,t9,t5,t8,t10,t13,t16
t1,t3,t5,t6,t9,t8,t10,t13,t14,t15,t4,t7,t12,t16
t1,t2,t4,t7,t11,t7,t12,t16
t1,t2,t4,t7,t11,t7,t12,t14,t12,t14,t15,t4,t7,t12,t16
t1,t2,t4,t7,t12,t14,t15,t4,t7,t12,t14,t15,t4,t7,t11,t7,t11,t7,t12,t14,t15,t4,t7,t12,t14,t15,t4,t7,t11,t7,t11,t7,t11,t7,t12,t14,t15,t4,t7,t12,t16
t1,t2,t4,t7,t11,t7,t12,t16
t1,t2,t4,t7,t11,t7,t11,t7,t12,t14,t15,t4,t7,t12,t14,t15,t4,t7,t12,t14,t15,t4,t7,t11,t7,t11,t7,t12,t16
t1,t3,t6,t5,t9,t10,t8,t13,t16
t1,t3,t5,t6,t9,t10,t8,t13,t16
t1,t3,t5,t8,t6,t10,t9,t13,t14,t15,t4,t7,t12,t14,t15,t4,t7,t12,t14,t15,t4,t7,t12,t14,t15,t4,t7,t12,t16
t1,t2,t4,t7,t12,t16
t1,t2,t4,t7,t11,t7,t12,t16
t1,t2,t4,t7,t12,t14,t15,t4,t7,t11,t7,t11,t7,t12,t14,t15,t4,t7,t11,t7,t12,t14,t15,t4,t7,t11,t7,t12,t16
t1,t3,t5,t16,t8,t9,t10,t13,t6
t1,t2,t4,t7,t12,t16
t1,t2,t4,t7,t11,t7,t11,t7,t11,t7,t11,t7,t12,t16
t1,t2,t4,t7,t12,t14,t15,t4,t7,t11,t7,t11,t7,t11,t7,t11,t7,t12,t14,t15,t4,t7,t11,t7,t11,t7,t12,t16
t1,t3,t5,t6,t8,t9,t10,t13,t16
t1,t3,t6,t5,t10,t8,t9,t13,t14,t15,t4,t7,t11,t7,t12,t14,t15,t4,t7,t12,t16
t1,t3,t6,t5,t9,t8,t10,t13,t16
t1,t3,t6,t5,t10,t9,t8,t13,t16
t1,t2,t4,t7,t11,t7,t11,t7,t11,t7,t11,t7,t11,t7,t12,t16
t1,t2,t4,t7,t12,t14,t15,t4,t7,t12,t14,t15,t4,t7,t12,t14,t15,t4,t7,t12,t14,t15,t4,t7,t11,t7,t12,t14,t15,t4,t7,t12,t14,t15,t4,t7,t11,t7,t12,t14,t15,t4,t7,t11,t7,t11,t7,t12,t16
t4,t7,t11,t7,t11,t7,t11,t7,t12,t14,t15,t4,t7,t11,t7,t11,t7,t11,t7,t12,t16
t1,t3,t5,t8,t6,t9,t10,t13,t14,t15,t4,t7,t11,t7,t12,t16
t1,t2,t4,t7,t12,t16
t1,t3,t5,t6,t10,t8,t9,t13,t14,t15,t4,t7,t12,t16
t1,t2,t4,t7,t11,t7,t12,t14,t15,t4,t7,t12,t16
t1,t2,t4,t7,t11,t7,t11,t7,t12,t16
t1,t3,t5,t6,t8,t10,t9,t13,t16
t1,t3,t5,t8,t6,t9,t10,t13,t14,t15,t4,t7,t11,t7,t11,t7,t11,t7,t12,t16
t1,t2,t4,t7,t11,t7,t12,t16
t1,t2,t4,t7,t11,t7,t12,t16
t3,t5,t6,t10,t9,t8,t13,t14,t15,t4,t7,t12,t14,t15,t4,t7,t11,t7,t12,t16
t1,t2,t4,t7,t11,t7,t12,t16
t1,t3,t5,t6,t8,t10,t9,t13,t16
t1,t3,t5,t6,t8,t10,t9,t13,t16
t1,t2,t4,t7,t11,t7,t12,t16
t1,t3,t5,t6,t8,t9,t10,t13,t16
t1,t3,t5,t6,t9,t8,t10,t13,t16
t1,t2,t4,t7,t12,t16
t1,t2,t4,t7,t11,t7,t12,t14,t15,t4,t7,t11,t7,t11,t7,t12,t14,t15,t4,t7,t11,t7,t11,t7,t11,t7,t11,t7,t11,t7,t12,t16
t1,t2,t4,t7,t11,t7,t12,t16
t1,t3,t6,t5,t9,t10,t8,t13,t14,t15,t4,t7,t11,t7
t1,t2,t4,t7,t12,t16
t1,t2,t4,t7,t12,t16
t1,t2,t4,t7,t12,t16
t1,t3,t6,t5,t9,t10,t8,t13,t16
t1,t2,t4,t7,t12,t14,t15,t4,t7,t11,t7,t12,t14,t15,t4,t7,t11,t7,t11,t7,t11,t7,t12,t14,t15,t4,t7,t12,t16
t1,t3,t5,t6,t10,t9,t8,t13,t14,t15,t4,t7,t12,t16
t1,t3,t6,t5,t9,t8,t10,t13,t16
t1,t2,t4,t7,t11,t7,t11,t7,t11,t7,t12,t16
t1,t3,t6,t5,t8,t10,t9,t13,t16
t1,t2,t4,t7,t12,t14,t15,t4,t7,t4,t7,t12,t14,t15,t4,t7,t12,t16
t1,t2,t4,t7,t11,t7,t12,t16
t1,t3,t6,t5,t8,t10,t9,t13,t14,t15,t4,t7,t11,t7,t11,t7,t11,t7,t12,t14,t15,t4,t7,t12,t14,t15,t4,t7,t11,t7,t12,t16
t1,t3,t6,t5,t9,t10,t8,t13,t14,t15,t4,t7,t11,t7,t11,t7,t12,t16
t1,t3,t5,t6,t9,t10,t8,t13,t14,t15,t4,t7,t12,t14,t15,t4,t7,t11,t7,t11,t7,t11,t7,t11,t7,t12,t16
t1,t2,t4,t7,t12,t14,t15,t4,t7,t12,t14,t15,t4,t7,t12,t14,t15,t4,t7,t12,t14,t15,t4,t7,t12,t14,t15,t4,t7,t11,t7,t12,t16
t1,t2,t4,t7,t11,t7,t12,t16
t1,t2,t4,t7,t11,t7,t12,t16
t1,t3,t5,t6,t10,t8,t9,t13,t16
t1,t2,t4,t7,t12,t16
t1,t2,t4,t7,t11,t7,t11,t7,t11,t7,t11,t11,t7,t12,t14,t15,t4,t7,t11,t7,t12,t16
t1,t3,t5,t6,t8,t9,t10,t13,t14,t15,t4,t7,t12,t16
t1,t2,t4,t7,t11,t7,t12,t14,t15,t4,t7,t12,t16
t1,t2,t4,t7,t11,t7,t11,t7,t12,t14,t15,t4,t7,t12,t14,t15,t4,t7,t11,t7,t11,t7,t11,t7,t11,t7,t11,t7,t11,t7,t11,t7,t11,t7,t12,t16
t1,t3,t6,t5,t10,t8,t9,t13,t16
t1,t2,t4,t7,t11,t7,t11,t7,t11,t7,t11,t7,t12,t16
t1,t3,t6,t5,t9,t8,t10,t13,t16
t1,t3,t5,t6,t10,t8,t9,t13,t16
t1,t3,t5,t6,t8,t9,t10,t13,t16
t1,t2,t4,t7,t11,t7,t12,t16
t6,t10,t5,t8,t9,t13,t16
t1,t3,t5,t6,t9,t8,t10,t13,t16
t1,t3,t6,t5,t9,t8,t10,t13,t16
t1,t2,t4,t7,t11,t7,t11,t7,t11,t7,t11,t7,t11,t7,t11,t7,t11,t7,t12,t14,t15,t4,t7,t11,t7,t12,t14,t15,t4,t7,t12,t14,t15,t4,t7,t11,t7,t12,t16
t1,t2,t4,t7,t12,t16
t1,t2,t4,t7,t11,t7,t12,t16
t1,t2,t4,t7,t11,t7,t11,t7,t11,t7,t11,t7,t12,t16
t1,t2,t4,t7,t12,t16
t1,t2,t4,t7,t11,t7,t11,t7,t12,t14,t15,t4,t7,t11,t7,t12,t16
t1,t3,t5,t8,t6,t9,t10,t13,t14,t15,t4,t7,t12,t16
t1,t9,t5,t8,t6,t10,t3,t13,t16
t1,t3,t6,t5,t10,t9,t8,t13,t16
t1,t3,t6,t10,t9,t5,t8,t13,t16
t1,t3,t5,t6,t8,t9,t10,t13,t16
t1,t3,t5,t6,t9,t8,t10,t13,t14,t15,t4,t7,t11,t7,t12,t14,t15,t4,t7,t11,t7,t11,t7,t12,t14,t15,t4,t7,t12,t16
t1,t2,t4,t7,t11,t7,t12,t16
t1,t2,t4,t7,t12,t16
t1,t2,t4,t7,t12,t14,t15,t4,t7,t11,t7,t12,t16
t1,t2,t4,t7,t12,t14,t15,t4,t7,t11,t7,t12,t16
t1,t3,t6,t5,t10,t9,t8,t13,t16
t1,t2,t4,t7,t11,t7,t12,t16
t1,t2,t4,t7,t11,t7,t12,t16
t1,t3,t5,t6,t8,t10,t9,t13,t16
t1,t3,t6,t5,t9,t8,t10,t13,t14,t15,t4,t7,t12,t16
t1,t3,t6,t5,t10,t9,t8,t13,t14,t15,t4,t7,t11,t7,t12,t16
t1,t3,t6,t5,t10,t9,t8,t13,t14,t15,t4,t7,t11,t7,t11,t7,t11,t7,t12,t14,t15,t4,t7,t11,t7,t11,t7,t12,t14,t15,t4,t7,t12,t16
t1,t2,t4,t7,t11,t7,t12,t16
t1,t3,t6,t5,t9,t8,t10,t13,t14,t15,t4,t7,t12,t16
t1,t3,t6,t5,t9,t10,t8,t13,t14,t15,t4,t7,t12,t16
t1,t3,t5,t6,t8,t9,t10,t13,t16
t1,t2,t4,t7,t12,t14,t15,t4,t7,t11,t7,t12
t1,t3,t5,t6,t8,t10,t9,t13,t14,t15,t4,t7,t12,t16
t1,t2,t4,t7,t11,t7,t11,t7,t12,t16
t1,t3,t6,t5,t9,t8,t10,t13,t14,t15,t4,t7,t12,t14,t15,t4,t7,t11,t7,t12,t16
t1,t3,t5,t6,t8,t10,t9,t13,t14,t15,t4,t7,t12,t14,t15,t4,t7,t11,t7,t11,t7,t11,t7,t12,t14,t15,t4,t7,t12,t14,t15,t4,t7,t12,t14,t15,t4,t7,t12,t14,t15,t4,t7,t12,t14,t15,t4,t7,t12,t16
t1,t3,t5,t6,t8,t9,t10,t13,t16
t1,t2,t4,t7,t11,t7,t11,t7,t12,t14,t15,t4,t7,t12,t14,t15,t4,t7,t12,t14,t15,t4,t7,t12,t16
t1,t2,t4,t7,t12,t14,t15,t4,t7,t12,t14,t15,t4,t7,t11,t7,t11,t7,t12,t14,t15,t4,t7,t12,t14,t15,t4,t7,t12,t14,t15,t4,t7,t11,t7,t11,t7,t11,t7,t12,t16
t1,t2,t4,t7,t12,t14,t15,t4,t7,t12,t14,t15,t4,t7,t12,t16
t1,t2,t4,t7,t12,t14,t15,t4,t7,t11,t7,t12,t14,t15,t4,t7,t11,t7,t12,t14,t15,t4,t7,t12,t14,t15,t4,t7,t12,t14,t15,t4,t7,t11,t7,t12,t16
t1,t3,t5,t13,t8,t10,t9,t6,t16
t1,t3,t5,t8,t6,t10,t9,t13,t16
t1,t3,t6,t5,t10,t8,t9,t13,t16
t1,t3,t5,t6,t10,t9,t8,t13,t16
t1,t2,t4,t7,t12,t14,t15,t4,t7,t12,t16
t1,t3,t6,t5,t9,t10,t8,t13,t16
t1,t2,t4,t7,t11,t7,t11,t7,t12,t14,t15,t4,t7,t11,t7,t12,t16
t1,t2,t4,t7,t12,t14,t15,t4,t7,t11,t7,t12,t14,t15,t4,t7,t12,t16
t1,t3,t6,t5,t10,t8,t9,t13,t16
t1,t2,t4,t7,t11,t7,t12,t14,t15,t4,t7,t11,t7,t12,t16
t1,t3,t5,t6,t8,t10,t9,t13,t16,t15,t4,t7,t12,t14
t1,t3,t5,t6,t9,t8,t10,t13,t16
t1,t2,t4,t7,t12,t14,t15,t4,t7,t12,t14,t15,t4,t7,t11,t7,t12,t16
t1,t3,t6,t9,t5,t8,t10,t13,t16
t1,t3,t5,t6,t8,t9,t10,t13,t16
t1,t2,t4,t7,t11,t7,t11,t7,t11,t7,t12,t16
t1,t2,t4,t7,t11,t7,t11,t7,t12,t14,t15,t4,t7,t12,t14,t15,t4,t7,t12,t14,t15,t4,t7,t12,t14,t15,t4,t7,t12,t16
t1,t2,t4,t7,t12,t14,t15,t4,t7,t11,t7,t11,t7,t12,t16
t1,t2,t4,t7,t11,t7,t12,t14,t15,t4,t7,t11,t7,t11,t7,t12,t16
t1,t2,t4,t7,t12,t16
t1,t3,t6,t10,t8,t13,t16
t1,t3,t6,t9,t5,t10,t8,t13,t14,t15,t4,t7,t12,t14,t15,t4,t7,t12,t16
t1,t2,t4,t7,t11,t7,t11,t7,t11,t7,t12,t16
t1,t3,t6,t5,t10,t9,t8,t13,t14,t15,t4,t7,t12,t14,t15,t4,t7,t11,t7,t11,t7,t12,t16
t1,t2,t4,t7,t11,t7,t11,t7,t11,t7,t12,t16
t1,t2,t4,t7,t11,t7,t11,t7,t11,t7,t11,t7,t12,t16
t1,t3,t6,t5,t9,t8,t10,t13,t14,t15,t4,t7,t12,t14,t15,t4,t7,t11,t7,t11,t7,t11,t7,t11,t7,t12,t14,t15,t4,t7,t11,t7,t12,t14,t15,t4,t7,t12,t16
t1,t2,t4,t7,t12,t14,t15,t4,t7,t11,t7,t11,t7,t11,t7,t11,t7,t11,t7,t11,t7,t11,t7,t12,t14,t15,t4,t7,t11,t7,t11,t7,t11,t7,t11,t7,t12,t14,t15,t4,t7,t12,t16
t1,t3,t6,t10,t5,t9,t8,t13,t14,t15,t4,t7,t11,t7,t11,t7,t12,t16
t1,t3,t6,t9,t10,t5,t8,t13,t14,t15,t4,t7,t12,t14,t15,t4,t7,t12,t14,t15,t4,t7,t12,t16
t1,t2,t4,t7,t11,t7,t11,t14,t15,t4,t7,t12,t16
t1,t2,t4,t7,t12,t16
t1,t3,t5,t6,t10,t9,t8,t13,t14,t15,t4,t7,t12,t16
t1,t3,t6,t5,t9,t8,t10,t13,t14,t15,t4,t7,t11,t7,t11,t7,t12,t16
t1,t3,t6,t5,t9,t10,t8,t13,t14,t15,t4,t7,t11,t7,t11,t7,t12,t16
t1,t3,t5,t6,t8,t10,t9,t13,t14,t15,t4,t7,t11,t7,t12,t16
t1,t2,t4,t7,t11,t7,t11,t7,t12,t16
t1,t3,t5,t6,t8,t10,t9,t13,t16
t1,t2,t4,t7,t12,t14,t15,t4,t7,t11,t7,t12,t16
t1,t2,t4,t7,t11,t7,t12,t16
t1,t2,t4,t12,t16
t1,t2,t4,t7,t11,t7,t11,t7,t12,t16
t1,t3,t5,t6,t8,t9,t10,t13,t16
t1,t3,t6,t5,t10,t9,t8,t13,t14,t15,t4,t7,t12,t14,t15,t4,t7,t11,t7,t11,t7,t11,t7,t11,t7,t12,t16
t1,t3,t6,t10,t5,t8,t9,t13,t14,t15,t4,t7,t11,t7,t11,t7,t12,t16
t1,t2,t4,t7,t12,t16
t1,t3,t6,t5,t9,t10,t8,t13,t14,t15,t4,t7,t11,t7,t12,t14,t15,t4,t7,t12,t14,t15,t4,t7,t11,t7,t11,t7,t12,t14,t15,t4,t7,t11,t7,t11,t7,t12,t14,t15,t4,t7,t11,t7,t11,t7,t12,t16
t1,t2,t4,t7,t11,t7,t11,t7,t12,t16
t1,t2,t4,t7,t11,t7,t12,t16
t1,t3,t6,t5,t9,t8,t10,t13,t14,t15,t4,t7,t11,t7,t11,t7,t11,t7,t11,t7,t11,t7,t11,t7,t12,t16
t1,t3,t5,t6,t8,t9,t10
t1,t3,t5,t6,t8,t10,t9,t13,t14,t15,t4,t7,t12,t14,t15,t4,t7,t12,t14,t15,t4,t7,t12,t16
t1,t3,t6,t9,t10,t5,t8,t13,t14,t15,t4,t7,t11,t7,t11,t7,t11,t7,t12,t14,t15,t4,t7,t12,t14,t15,t4,t7,t12,t14,t15,t4,t7,t11,t7,t11,t7,t11,t7,t11,t7,t11,t7,t12,t16
t1,t3,t6,t5,t9,t10,t8,t13,t14,t15,t4,t7,t12,t14,t15,t4,t7,t11,t7,t12,t14,t15,t4,t7,t12,t16
t1,t3,t5,t8,t6,t9,t10,t13,t16
t1,t2,t4,t7,t12,t14,t15,t4,t7,t12,t14,t15,t4,t7,t12,t14,t15,t4,t7,t11,t7,t12,t16
t1,t2,t4,t7,t11,t7,t12,t14,t15,t4,t7,t12,t16
t1,t2,t4,t7,t11,t7,t11,t7,t11,t7,t11,t7,t12,t16
t1,t2,t4,t7,t12,t16
t1,t3,t6,t10,t5,t9,t8,t13,t14,t15,t4,t7,t12,t16
t1,t2,t4,t7,t12,t14,t15,t4,t7,t14,t15,t4,t7,t11,t7,t12,t16
t1,t3,t6,t9,t5,t10,t8,t13,t16
t1,t2,t4,t7,t12,t16
t1,t3,t6,t5,t10,t8,t9,t13,t14,t15,t4,t7,t12,t14,t15,t4,t7,t11,t7,t12,t16
t1,t2,t4,t7,t11,t7,t11,t7,t12,t14,t15,t4,t7,t11,t7,t11,t7,t11,t7,t12,t16
t1,t3,t5,t6,t8,t10,t9,t13,t14,t15,t4,t7,t12,t14,t15,t4,t7,t11,t7,t11,t7,t11,t7,t12,t14,t15,t4,t7,t11,t7,t11,t7,t12,t16
t1,t2,t4,t7,t12,t16
t1,t3,t6,t5,t9,t8,t10,t13,t16
t1,t3,t5,t8,t6,t9,t10,t13,t16
t1,t3,t6,t10,t5,t8,t9,t13,t14,t15,t4,t7,t11,t7,t12,t16
t1,t3,t5,t6,t4,t9,t10,t13,t14,t15,t4,t7,t12,t14,t15,t8,t7,t11,t7,t11,t7,t12,t16
t1,t3,t5,t6,t8,t9,t10,t13,t16
t1,t2,t4,t7,t11,t7,t12,t14,t15,t4,t7,t11,t7,t11,t7,t12,t16
t1,t2,t4,t7,t12,t14,t15,t4,t7,t11,t7,t11,t7,t12,t16
t1,t2,t4,t7,t12,t14,t15,t4,t7,t11,t7,t12,t16
t1,t2,t4,t7,t11,t7,t11,t7,t12,t14,t15,t4,t7,t12,t16
t1,t3,t6,t5,t10,t9,t8,t13,t14,t15,t4,t7,t11,t7,t12,t16
t1,t3,t5,t6,t8,t10,t9,t13,t14,t15,t4,t7,t11,t7,t12,t14,t15,t4,t7,t11,t7,t12,t16
t1,t2,t4,t7,t12,t14,t15,t4,t7,t12,t16
t1,t2,t4,t7,t12,t16
t1,t2,t4,t7,t11,t7,t12,t16
t1,t2,t4,t7,t11,t7,t11,t7,t12,t14,t15,t4,t7,t11,t7,t12,t16
t1,t2,t4,t7,t12,t14,t15,t4,t7,t11,t7,t12,t16
t1,t3,t6,t10,t5,t9,t8,t13,t16
t1,t3,t6,t9,t10,t5,t8,t13,t16
t1,t3,t5,t6,t9,t10,t8,t13,t14,t15,t4,t7,t11,t7,t12,t16
t1,t3,t5,t6,t8,t9,t10,t13,t16
t1,t2,t4,t7,t12,t14,t15,t4,t7,t12,t16
t1,t2,t4,t7,t12,t14,t15,t4,t7,t11,t7,t12,t14,t15,t4,t7,t11,t7,t12,t16
t1,t2,t4,t7,t11,t7,t11,t7,t11,t7,t12,t16
t1,t3,t6,t10,t5,t9,t8,t15,t4,t7,t11,t7,t12,t16
t1,t2,t4,t7,t11,t7,t12,t14,t15,t4,t7,t11,t7,t12,t14,t15,t4,t7,t11,t7,t12,t16
t1,t2,t4,t7,t11,t7,t12,t14,t15,t4,t7,t11,t7,t11,t7,t11,t7,t11,t7,t11,t7,t12,t14,t15,t4,t7,t12,t14,t15,t4,t7,t12,t16
t1,t3,t6,t10,t5,t9,t8,t13,t14,t15,t4,t7,t11,t7,t11,t7,t12,t16
t1,t3,t6,t9,t5,t10,t8,t13,t14,t15,t4,t7,t12,t14,t15,t4,t7,t12,t16
t1,t3,t6,t5,t10,t8,t9,t13,t16
t1,t3,t6,t5,t10,t9,t8,t13,t16
t1,t2,t4,t7,t12,t14,t15,t4,t7,t12,t14,t15,t4,t7,t11,t7,t12,t16
t1,t3,t6,t5,t9,t10,t8,t13,t14,t15,t4,t7,t11,t7,t11,t7,t11,t7,t11,t7,t12,t14,t15,t4,t7,t11,t7,t11,t7,t12,t16
t1,t3,t5,t6,t9,t8,t10,t13,t14,t15,t4,t7,t11,t7,t11,t7,t12,t16
t9,t10,t8,t13,t14,t15,t4,t7,t12,t14,t15,t4,t7,t12,t16
t1,t2,t4,t7,t11,t7,t12,t16
t1,t3,t5,t6,t8,t9,t10,t13,t14,t15,t4,t7,t12,t16
t1,t2,t4,t7,t11,t7,t11,t7,t12,t16
t1,t3,t6,t5,t10,t9,t8,t13,t16
t1,t2,t4,t7,t11,t7,t12,t16
t1,t3,t5,t6,t10,t9,t8,t13,t16
t1,t3,t5,t8,t6,t9,t10,t13,t16
t1,t2,t4,t7,t12,t16
t1,t3,t5,t8,t6,t9,t10,t13,t14,t15,t4,t7,t11,t7,t11,t7,t12,t16
t1,t3,t5,t9,t8,t6,t10,t13,t16
t1,t2,t4,t7,t11,t7,t12,t14,t15,t4,t7,t12,t14,t15,t4,t7,t12,t16
t1,t2,t4,t7,t11,t7,t11,t7,t12,t16
t1,t3,t5,t6,t8,t9,t10,t13,t16
t1,t2,t4,t7,t12,t16
t1,t3,t6,t9,t10,t5,t8,t13,t14,t15,t4,t7,t11,t7,t12,t16
t1,t2,t4,t7,t11,t7,t11,t7,t12,t16
t1,t3,t5,t6,t8,t10,t9,t13,t14,t15,t4,t7,t12,t16
t1,t3,t6,t5,t9,t8,t10,t13,t16
t1,t3,t5,t8,t6,t9,t10,t13,t14,t15,t4,t7,t12,t14,t15,t4,t7,t12,t16
t5,t9,t10,t8,t13,t16
t1,t3,t5,t6,t9,t10,t8,t13,t16
t1,t2,t4,t7,t12,t16
t1,t2,t4,t7,t12,t16
t1,t3,t6,t5,t8,t10,t9,t13,t16
t1,t2,t4,t7,t11,t7,t12,t16
t1,t3,t6,t5,t9,t8,t10,t13,t16
t1,t3,t5,t8,t6,t10,t9,t13,t14,t15,t4,t7,t12,t14,t15,t4,t7,t12,t16
t1,t2,t4,t7,t11,t7,t12,t14,t15,t4,t7,t12,t16
t1,t2,t4,t7,t11,t7,t12,t16
t1,t2,t4,t7,t12,t7,t11,t7,t11,t7,t11,t14,t15,t4,t7,t11,t7,t12,t14,t15,t4,t7,t12,t16
t1,t3,t5,t6,t9,t10,t8,t13,t14,t15,t4,t7,t11,t7,t12,t14,t15,t4,t7,t11,t7,t12,t16
t1,t2,t4,t7,t11,t7,t12,t16
t1,t2,t4,t7,t11,t7,t11,t7,t12,t14,t15,t4,t7,t11,t7,t12,t16
t1,t2,t4,t7,t12,t14,t15,t4,t7,t11,t7,t12,t16
t1,t2,t4,t7,t11,t7,t12,t14,t15,t4,t7,t12,t14,t15,t4,t7,t11,t7,t11,t7,t12,t14,t15,t4,t7,t12,t14,t15,t4,t7,t11,t7,t12,t16
t1,t2,t4,t7,t12,t14,t15,t4,t7,t11,t7,t12,t14,t15,t4,t7,t12,t14,t15,t4,t7,t12,t14,t15,t4,t7,t12,t16
t1,t2,t4,t7,t12,t16
t1,t3,t5,t6,t8,t9,t10,t13,t14,t15,t4,t7,t12,t14,t15,t4,t7,t12,t14,t15,t4,t7,t12,t14,t15,t4,t7,t11,t7,t11,t7,t11,t7,t11,t7,t12,t16
t1,t3,t5,t6,t9,t10,t8,t13,t16
t1,t3,t6,t10,t9,t5,t8,t13,t14,t15,t4,t7,t11,t7
t1,t2,t4,t7,t11,t7,t12,t14,t15,t4,t7,t12,t14,t15,t4,t7,t12,t14,t15,t4,t7,t11,t7,t12,t16
t1,t3,t5,t6,t8,t10,t9,t13,t14,t15,t4,t7,t11,t7,t12,t14,t15,t4,t7,t11,t7,t11,t7,t11,t7,t12,t14,t15,t4,t7,t11,t7,t12,t16
t1,t2,t4,t7,t11,t7,t11,t7,t11,t7,t11,t7,t11,t7,t11,t7,t11,t7,t12,t14,t15,t4,t7,t11,t7,t12,t14,t15,t4,t7,t12,t16
t1,t3,t6,t5,t10,t8,t9,t13,t16
t1,t2,t4,t7,t12,t16
t1,t2,t4,t7,t12,t16
t1,t3,t5,t6,t8,t10,t9,t13,t14,t15,t4,t7,t12,t16
t1,t2,t4,t7,t12,t14,t15,t4,t7,t12,t16
t1,t2,t4,t7,t12,t14,t15,t4,t7,t12,t16
t1,t6,t3,t9,t5,t10,t8,t13,t14,t15,t4,t7,t12,t16
t1,t3,t5,t8,t6,t9,t10,t13,t16
t1,t3,t6,t5,t10,t8,t9,t13,t14,t15,t4,t7,t12,t14,t15,t4,t7,t11,t7,t12,t16
t1,t2,t4,t7,t11,t7,t12,t14,t15,t4,t7,t11,t7,t11,t7,t11,t7,t11,t7,t11,t7,t12,t16
t1,t3,t5,t6,t9,t10,t8,t13,t14,t15,t4,t7,t12,t14,t15,t4,t7,t11,t7,t11,t7,t11,t7,t12,t16
t1,t3,t6,t5,t10,t8,t9,t13,t16
t1,t2,t4,t7,t11,t7,t12,t16
t1,t2,t4,t7,t12,t16
t1,t3,t6,t10,t9,t5,t8,t13,t14,t15,t4,t7,t11,t7,t12,t14,t15,t4,t7,t11,t7,t11,t7,t12,t14,t15,t4,t7,t12,t16
t1,t2,t4,t7,t11,t7,t11,t7,t12,t16
t5,t10,t8,t9,t13,t16
t1,t3,t6,t5,t10,t8,t9,t13,t16
t1,t3,t5,t6,t8,t10,t9,t13,t16
t1,t2,t4,t7,t12,t14,t15,t4,t7,t12,t16
t1,t2,t4,t7,t11,t7,t11,t7,t11,t7,t11,t7,t11,t7,t12,t14,t15,t4,t7,t12,t16
t1,t2,t4,t7,t12,t14,t15,t4,t7,t11,t7,t12,t14,t15,t4,t7,t12,t16
t1,t2,t4,t7,t11,t7,t12,t16
t1,t3,t6,t5,t10,t8,t9,t13,t16
t1,t3,t6,t9,t10,t5,t8,t13,t16
t1,t2,t4,t7,t11,t7,t12,t16
t3,t1,t6,t5,t9,t10,t8,t13,t16
t1,t3,t6,t5,t10,t8,t9,t13,t16
t1,t3,t6,t5,t9,t8,t10,t13,t16
t1,t2,t4,t7,t11,t7,t11,t7,t11,t7,t11,t7,t11,t7,t12,t14,t15,t4,t7,t11,t7,t12,t16
t1,t2,t4,t7,t12,t14,t15,t4,t7,t12,t14,t15,t4,t7,t12,t14,t15,t4,t7,t11,t7,t11,t7,t12,t16
t1,t3,t6,t9,t5,t10,t8,t13,t14,t15,t4,t7,t12,t14,t15,t4,t7,t11,t7,t12,t14,t15,t4,t7,t11,t7,t11,t7,t12,t14,t15,t4,t7,t12,t16
t1,t2,t4,t7,t12,t14,t15,t4,t7,t11,t7,t12,t16
t1,t2,t4,t7,t12,t14,t15,t4,t7,t11,t7,t11,t7,t12,t14,t15,t4,t7,t12,t16
t1,t3,t5,t6,t10,t8,t9,t13,t16
t1,t2,t4,t7,t11,t7,t11,t7,t11,t7,t12,t14,t15,t4,t7,t12,t14,t15,t4,t7,t11,t7,t12,t14,t15,t4,t7,t12,t16
t1,t3,t5,t6,t9,t10
t1,t3,t5,t8,t6,t10,t9,t13,t16
t1,t3,t6,t10,t5,t9,t8,t13,t14,t15,t4,t7,t11,t7,t11,t7,t11,t7,t11,t7,t11,t7,t11,t7,t11,t7,t12,t16
t1,t3,t5,t6,t10,t9,t8,t13,t14,t15,t4,t7,t12,t14,t15,t4,t7,t12,t14,t15,t4,t7,t12,t14,t15,t4,t7,t12,t14,t15,t4,t7,t11,t7,t12,t14,t15,t4,t7,t12,t14,t15,t4,t7,t11,t7,t11,t7,t12,t16
t1,t2,t4,t7,t12,t16
t1,t2,t4,t7,t11,t7,t12,t14,t15,t4,t7,t11,t7,t12,t16
t1,t3,t5,t6,t10,t9,t8,t13,t16
t1,t2,t4,t7,t12,t14,t15,t4,t7,t11,t7,t12,t14,t15,t4,t7,t11,t7,t12,t14,t15,t4,t7,t12,t14,t15,t4,t7,t11,t7,t12,t14,t15,t4,t7,t11,t7,t12,t14,t15,t4,t7,t12,t14,t15,t4,t7,t11,t7,t11,t7,t12,t14,t15,t4,t7,t11,t7,t11,t7,t11,t7,t11,t7,t11,t7,t11,t7,t11,t7,t11,t7,t12,t14,t15,t4,t7,t12,t14,t15,t4,t7,t11,t7,t11,t7,t12,t14,t15,t4,t7,t11,t7,t11,t7,t11,t7,t12,t16
t1,t3,t5,t6,t8,t9,t10,t13,t14,t15,t4,t7,t12,t16
t1,t3,t5,t6,t10,t8,t9,t13,t16
t1,t2,t4,t7,t7,t12,t16
t1,t2,t4,t7,t12,t14,t15,t4,t7,t11,t7,t11,t7,t11,t7,t12,t14,t15,t4,t7,t11,t7,t11,t7,t11,t7,t11,t7,t11,t7,t11,t7,t11,t7,t11,t7,t12,t16
t1,t2,t4,t7,t12,t16
t1,t2,t4,t7,t12,t14,t15,t4,t7,t11,t7,t12,t16
t1,t2,t4,t7,t12,t16
t1,t2,t4,t7,t11,t7,t11,t7,t11,t7,t12,t14,t15,t4,t7,t11,t7,t12,t16
t1,t2,t4,t7,t11,t7,t12,t14,t15,t4,t7,t12,t14,t15,t4,t7,t11,t7,t11,t7,t12,t16
t1,t2,t4,t7,t12,t14,t15,t4,t7,t12,t16
t1,t3,t5,t6,t10,t8,t9,t13,t16
t1,t3,t5,t6,t9,t8,t10,t13,t16
t1,t2,t4,t7,t11,t7,t11,t7,t11,t7,t12,t16
t1,t3,t5,t6,t8,t9,t10,t13,t16
t1,t3,t5,t6,t8,t9,t10,t13,t14,t15,t4,t7,t11,t7,t12,t14,t15,t4,t7,t12,t14,t15,t4,t7,t11,t7,t12,t14,t15,t4,t7,t11,t7,t12,t14,t15,t4,t7,t11,t7,t12,t16
t1,t2,t4,t7,t11,t7,t11,t7,t11,t7,t12,t14,t15,t4,t7,t11,t7,t11,t7,t12,t14,t15,t4,t7,t12,t14,t15,t4,t7,t11,t7,t12,t14,t15,t4,t7,t11,t7,t12,t14,t15,t4,t7,t11,t7,t12,t14,t15,t4,t7,t12,t14,t15,t4,t7,t11,t7,t11,t7,t11,t7,t11,t7,t12,t14,t15,t4,t7,t12,t14,t15,t4,t7,t12,t16
t1,t2,t4,t7,t12,t16
t1,t3,t5,t8,t6,t9,t10,t13,t16
t1,t2,t4,t7,t11,t7,t12,t14,t15,t4,t7,t11,t7,t12,t16
t1,t2,t4,t7,t12,t14,t15,t4,t7,t12,t14,t15,t4,t7,t11,t7,t11,t7,t12,t16
t1,t2,t4,t7,t12,t14,t15,t4,t7,t11,t7,t12,t14,t15,t4,t7,t12,t16
t1,t2,t4,t7,t11,t7,t11,t7,t12,t14,t15,t4,t7,t11,t7,t11,t7,t12,t14,t15,t4,t7,t11,t7,t11,t7,t12,t14,t15,t4,t7,t11,t7,t11,t7,t11,t7,t12,t14,t15,t4,t7,t12,t16
t12,t14,t15,t4,t7,t11,t7,t11,t7,t12,t16
t1,t2,t4,t7,t12,t16
t1,t3,t6,t5,t10,t8,t9,t13,t14,t15,t4,t7,t12,t14,t15,t4,t7,t11,t7,t12,t16
t1,t2,t4,t7,t12,t16
t1,t3,t6,t5,t10,t9,t8,t13,t16
t1,t2,t4,t7,t11,t7,t12,t16
t1,t3,t5,t6,t8,t10,t9,t13,t16
t1,t2,t4,t7,t11,t7,t11,t7,t12,t14,t15,t4,t7,t12,t16
t1,t3,t6,t5,t10,t9,t8,t13,t16
t1,t2,t4,t7,t11,t7,t11,t7,t11,t7,t11,t7,t11,t7,t11,t7,t11,t7,t11,t7,t12,t14,t15,t4,t7,t11,t7,t11,t7,t11,t7,t12,t14,t15,t4,t7,t12,t14,t15,t4,t7,t12,t16
t1,t3,t6,t5,t10,t8,t9,t13,t14,t4,t7,t11,t7,t11,t7,t12,t16
t1,t2,t4,t7,t12,t14,t15,t4,t7,t12,t14,t15,t4,t7,t11,t7,t11,t7,t11,t7,t12,t14,t15,t4,t7,t12,t16
t1,t3,t5,t6,t8,t10,t9,t13,t14,t15,t4,t7,t11,t7,t12,t14,t15,t4,t7,t11,t7,t11,t7,t11,t7,t12,t16
t1,t2,t4,t7,t12,t14,t15,t4,t7,t11,t7,t12,t16
t1,t3,t6,t5,t9,t8,t10,t13,t16
t1,t3,t5,t6,t9,t8,t10,t13,t14,t15,t4,t7,t12,t16
t1,t3,t6,t5,t10,t9,t8,t13,t14,t15,t4,t7,t11,t7,t11,t7,t11,t7,t11,t7,t12,t14,t15,t4,t7,t11,t7,t12,t16
t1,t3,t6,t5,t10,t8,t9,t13,t14,t15,t4,t7,t11,t7,t11,t7,t12,t14,t15,t4,t7,t12,t14,t15,t4,t7,t12,t16
t1,t2,t4,t7,t11,t7,t11,t7,t12,t16
t1,t2,t4,t7,t12,t14,t15,t4,t7,t12,t14,t15,t4,t7,t12,t14,t15,t4,t7,t11,t7,t12,t16
t9,t10,t5,t8,t13,t16
t1,t3,t6,t5,t9,t10,t8,t13,t16
t1,t3,t6,t5,t9,t8,t10,t13,t14,t15,t4,t7,t11,t7,t12,t16
t1,t2,t4,t7,t12,t14,t15,t4,t7,t11,t7,t12,t16
t1,t3,t6,t9,t5,t10,t8,t13,t16
t1,t2,t4,t7,t11,t7,t12,t14,t15,t4,t7,t11,t7,t12,t16
t1,t2,t4,t7,t12,t16
t1,t3,t6,t9,t5,t10,t8,t13,t14,t15,t4,t7,t12,t14,t15,t4,t7,t12,t14,t15,t4,t7,t11,t7,t12,t16
t1,t3,t5,t8,t6,t9,t10,t13,t16
t1,t3,t6,t5,t10,t8,t9,t13,t14,t15,t4,t7,t12,t16
t5,t8,t6,t9,t10,t13,t16
t1,t3,t5,t8,t6,t10,t9,t13,t14,t15,t4,t7,t12,t14,t15,t4,t7,t12,t16
t1,t2,t4,t7,t11,t7,t12,t14,t15,t4,t7,t11,t7,t11,t7,t11,t7,t11,t7,t11,t7,t11,t7,t12,t16
t1,t3,t6,t9,t5,t10,t8,t13,t16
t1,t3,t6,t5,t9,t10,t8,t13,t16
t1,t2,t4,t7,t11,t7,t12,t16
t1,t2,t4,t7,t11,t7,t12,t14,t15,t4,t7,t11,t7,t11,t7,t11,t7,t11,t7,t11,t7,t11,t7,t11,t7,t12,t16
t1,t3,t5,t6,t9,t8,t10,t13,t16
t1,t2,t4,t7,t11,t7,t12,t14,t15,t4,t7,t12,t14,t15,t4,t7,t11,t7,t12,t14,t15,t4,t7,t12,t16
t1,t3,t5,t6,t8,t10,t9,t13,t16
t3,t5,t6,t9,t8,t10,t13,t16
t1,t3,t6,t5,t9,t10,t8,t13,t14,t15,t4,t7,t11,t7,t11,t7,t11,t7,t11,t7,t12,t16
t1,t3,t6,t9,t10,t5,t8,t13,t14,t15,t4,t7,t12,t14,t15,t4,t7,t12,t14,t15,t4,t7,t12,t16
t1,t2,t4,t7,t12,t16
t1,t3,t5,t6,t8,t9,t10,t13,t14,t15,t4,t7,t11,t7,t11,t7,t12,t14,t15,t4,t7,t11,t7,t12,t16
t1,t2,t4,t7,t11,t7,t12,t16
t1,t3,t5,t8,t6,t9,t10,t13,t14,t15,t4,t7,t12,t16
t1,t3,t5,t6,t8,t9,t10,t13,t16
t1,t2,t4,t7,t12,t16
t1,t2,t4,t7,t11,t7,t11,t7,t11,t7,t12,t14,t15,t4,t7,t11,t7,t11,t7,t11,t7,t11,t7,t11,t7,t12,t16
t1,t3,t6,t5,t8,t10,t9,t13,t16
t1,t2,t4,t7,t12,t16
t1,t2,t4,t7,t11,t7,t12,t14,t15,t4,t7,t11,t7,t12,t16
t1,t2,t4,t7,t11,t7,t11,t7,t11,t7,t11,t7,t12,t14,t15,t4,t7,t11,t7,t12,t14,t15,t4,t7,t11,t7,t12,t14,t15,t4,t7,t11,t7,t12,t14,t15,t4,t7,t12,t16
t1,t2,t4,t7,t12,t14,t15,t4,t7,t11,t7,t11,t7,t11,t7,t12,t14,t15,t4,t7,t11,t7,t12,t16
t1,t3,t6,t10,t9,t5,t8,t13,t16
t1,t3,t5,t6,t9,t8,t10,t13,t16
t1,t3,t5,t6,t8,t10,t9,t13,t14,t15,t4,t7,t11,t7,t12,t16
t1,t3,t5,t6,t8,t9,t10,t13,t14,t15,t4,t7,t12,t14,t15,t4,t7,t12,t16
t1,t2,t4,t7,t11,t7,t11,t7,t12,t14,t15,t4,t7,t11,t7,t12,t16
t1,t2,t4,t7,t12
t1,t2,t4,t7,t12,t14,t15,t4,t7,t11,t7,t12,t16
t1,t3,t5,t8,t6,t9,t10,t13,t16
t1,t2,t4,t7,t12,t16
t1,t2,t4,t7,t11,t7,t11,t7,t11,t7,t12,t14,t15,t4,t7,t12,t14,t15,t4,t7,t12,t16
t1,t3,t6,t5,t10,t8,t9,t13,t14,t15,t4,t7,t11,t7,t12,t16
t1,t2,t4,t7,t12,t16
t1,t2,t4,t7,t12,t14,t15,t4,t7,t11,t7,t11,t7,t11,t7,t11,t7,t12,t14,t15,t4,t7,t11,t7,t12,t16
t1,t3,t5,t6,t8,t9,t10,t13,t14,t15,t4,t7,t11,t7,t11,t7,t11,t7,t12,t16
t1,t3,t5,t6,t8,t10,t9,t13,t14,t15,t4,t7,t12,t16
t1,t2,t4,t7,t12,t14,t15,t4,t7,t12,t14,t15,t4,t7,t12,t14,t15,t4,t4,t7,t11,t7,t12,t14,t15,t4,t7,t12,t14,t15,t4,t7,t12,t16
t1,t3,t6,t5,t10,t9,t8,t13,t14,t15,t4,t7,t12,t14,t15,t4,t7,t11,t7,t11,t7,t12,t14,t15,t4,t7,t11,t7,t11,t7,t12,t16
t1,t2,t4,t7,t12,t16
t1,t3,t6,t5,t9,t10,t8,t13,t14,t15,t4,t7,t11,t7,t11,t7,t12,t16
t1,t3,t5,t6,t8,t10,t9,t13,t14,t15,t4,t7,t11,t7,t11,t7,t11,t7,t12,t16
t1,t2,t4,t7,t12,t14,t15,t4,t7,t12,t16
t1,t3,t6,t10,t9,t5,t8,t13,t16
t1,t2,t4,t7,t11,t7,t12,t16
t1,t3,t6,t10,t9,t5,t8,t13,t16
t1,t2,t4,t7,t11,t7,t11,t7,t11,t7,t11,t7,t11,t7,t11,t7,t12,t14,t15,t4,t7,t12,t14,t15,t4,t7,t12,t16
t1,t3,t5,t6,t8,t10,t9,t13
t1,t2,t4,t7,t11,t7,t11,t7,t11,t7,t12,t16
t1,t3,t6,t5,t10,t9,t8,t13,t14,t15,t4,t7,t12,t14,t15,t4,t7,t11,t7,t12,t14,t15,t4,t7,t12,t16
t1,t3,t5,t6,t8,t10,t9,t13,t16
t1,t3,t5,t8,t6,t10,t9,t13,t16
t1,t2,t4,t7,t12,t16
t1,t3,t6,t9,t10,t5,t8,t13,t16
t1,t2,t4,t7,t12,t14,t15,t4,t7,t11,t7,t12,t16
t1,t2,t4,t7,t12,t16
t1,t2,t4,t7,t12,t16
t5,t8,t9,t13,t14,t15,t4,t7,t12,t14,t15,t4,t7,t11,t7,t12,t16
t1,t3,t5,t6,t9,t10,t8,t13,t16
t1,t2,t4,t7,t12,t14,t15,t4,t7,t12,t14,t15,t4,t7,t11,t7,t12,t14,t15,t4,t7,t11,t7,t12,t14,t15,t4,t7,t12,t16
t1,t3,t6,t9,t5,t10,t8,t13,t16
t1,t2,t4,t7,t11,t7,t12,t14,t15,t4,t7,t12,t16
t1,t3,t6,t5,t10,t9,t8,t13,t16
t1,t2,t4,t7,t12,t16
t1,t3,t5,t6,t10,t8,t9,t13,t14,t15,t4,t7,t12,t14,t15,t4,t7,t12,t16
t1,t3,t6,t5,t10,t8,t9,t13,t16
t1,t2,t4,t7,t12,t16
t1,t3,t5,t6,t9,t10,t13,t16
t1,t2,t4,t7,t12,t14,t15,t4,t7,t11,t7,t12,t14,t15,t4,t7,t11,t7,t12,t16
t1,t2,t4,t7,t11,t7,t12,t14,t15,t4,t7,t11,t7,t12,t16
t1,t2,t4,t7,t12,t14,t15,t4,t7,t12,t14,t15,t4,t7,t12,t14,t15,t4,t7,t11,t7,t12,t14,t15,t4,t7,t12,t14,t15,t4,t7,t12,t16
t1,t3,t6,t5,t10,t9,t8,t13,t16
t1,t2,t4,t7,t12,t16
t1,t3,t5,t8,t6,t10,t9,t13,t16
t1,t2,t4,t7,t11,t7,t12,t16
t1,t2,t4,t7,t12,t14,t15,t4,t7,t12,t14,t15,t4,t7,t12,t16
t1,t3,t6,t9,t5,t8,t10,t13,t16
t12,t14,t15,t4,t7,t11,t7,t12,t16
t1,t3,t6,t5,t10,t9,t8,t13,t16
t1,t3,t6,t5,t8,t10,t9,t13,t14,t15,t4,t7,t11,t7,t11,t7,t11,t7,t11,t7,t11,t7,t12,t16
t1,t3,t5,t8,t6,t10,t9,t13,t14,t15,t4,t7,t11,t7,t11,t7,t11,t7,t12,t14,t15,t4,t7,t12,t14,t15,t4,t7,t11,t7,t11,t7,t12,t16
t1,t2,t4,t7,t11,t7,t12,t14,t15,t4,t7,t12,t14,t15,t4,t7,t11,t7,t11,t7,t11,t7,t11,t7,t11,t7,t12,t14,t15,t4,t7,t11,t7,t11,t7,t12,t16
t1,t2,t4,t7,t12,t16
t1,t3,t5,t6,t8,t9,t10,t13,t14,t15,t4,t7,t11,t7,t12,t14,t15,t4,t7,t11,t7,t11,t7,t11,t7,t11,t7,t12,t16
t1,t3,t6,t5,t9,t8,t10,t13,t16
t1,t2,t4,t7,t11,t7,t12,t16
t1,t3,t6,t10,t5,t9,t8,t13,t14,t15,t4,t7,t12,t14,t15,t4,t7,t11,t7,t11,t7,t11,t7,t11,t7,t12,t16
t1,t2,t4,t7,t11,t7,t11,t7,t12,t14,t15
t1,t2,t4,t7,t11,t7,t12,t14,t15,t4,t7,t12,t14,t15,t4,t7,t11,t7,t11,t7,t11,t7,t11,t7,t11,t7,t11,t7,t12,t14,t15,t4,t7,t11,t7,t11,t7,t11,t7,t12,t14,t15,t4,t7,t11,t7,t12,t16
t1,t2,t4,t7,t11,t7,t11,t7,t12,t16
t1,t2,t4,t7,t12,t14,t15,t4,t7,t12,t16
t1,t3,t5,t6,t9,t10,t8,t13,t16
t1,t3,t6,t5,t10,t8,t9,t13,t14,t15,t4,t7,t12,t16
t1,t3,t5,t6,t8,t9,t10,t13,t16
t1,t2,t4,t7,t12,t14,t15,t4,t7,t12,t16
t1,t3,t5,t8,t6,t10,t9,t13,t16
t1,t3,t6,t5,t9,t8,t10,t13,t14,t15,t4,t7,t11,t7,t11,t7,t11,t7,t12,t14,t15,t4,t7,t11,t7,t12,t14,t15,t4,t7,t12,t14,t15,t4,t7,t12,t16
t1,t3,t5,t6,t8,t9,t10,t13,t14,t15,t4,t7,t11,t7,t12,t14,t15,t4,t7,t11,t7,t11,t7,t11,t7,t11,t7,t12,t14,t15,t4,t7,t12
t1,t3,t6,t5,t10,t8,t9,t13,t14,t15,t4,t7,t11,t7,t12,t16
t1,t2,t4,t7,t12,t16
t1,t3,t6,t9,t5,t10,t8,t13,t14,t15,t4,t7,t12,t14,t15,t4,t7,t11,t7,t11,t7,t12,t16
t1,t2,t4,t7,t11,t7,t12,t16
t1,t3,t6,t9,t10,t5,t8,t13,t14,t15,t4,t7,t12,t16
t1,t3,t5,t6,t8,t9,t10,t13,t16
t1,t3,t5,t8,t6,t9,t10,t13,t16
t1,t3,t6,t10,t9,t5,t8,t13,t16
t1,t2,t4,t7,t11,t7,t11,t7,t11,t7,t12,t14,t15,t4,t7,t11,t7,t11,t7,t12,t14,t15,t4,t7,t11,t7,t11,t7,t11,t7,t11,t7,t12,t14,t15,t4,t7,t11,t7,t11,t7,t11,t7,t12,t14,t15,t4,t7,t12,t16
t2,t4,t7,t11,t7,t12,t16
t1,t2,t4,t7,t11,t7,t12,t16
t1,t2,t4,t7,t11,t7,t11,t7,t11,t7,t12,t16
t1,t3,t6,t9,t5,t10,t8,t13,t16
t1,t3,t5,t8,t6,t10,t9,t13,t14,t15,t4,t7,t12,t16
t1,t2,t4,t7,t12,t14,t15,t4,t7,t12,t14,t15,t4,t7,t12,t16
t1,t2,t4,t7,t12,t14,t15,t4,t7,t11,t7,t11,t7,t12,t14,t15,t4,t7,t11,t7,t11,t7,t12,t14,t15,t4,t7,t12,t14,t15,t4,t7,t12,t14,t15,t4,t7,t11,t7,t11,t7,t11,t7,t12,t14,t15,t4,t7,t11,t7,t12,t16
t1,t2,t4,t7,t11,t7,t11,t7,t12,t14,t15,t4,t7,t11,t7,t11,t7,t11,t7,t11,t7,t11,t7,t12,t14,t15,t4,t7,t12,t16
t1,t2,t4,t7,t11,t7,t11,t7,t11,t7,t11,t7,t12,t16
t1,t3,t6,t5,t8,t10,t9,t13,t16
t1,t3,t6,t5,t10,t8,t9,t13,t14,t15
t1,t2,t4,t7,t12,t16
t1,t2,t4,t7,t11,t7,t12,t14,t15,t4,t7,t11,t7,t12,t16
t1,t2,t4,t7,t12,t16
t1,t3,t5,t6,t8,t10,t9,t13,t16
t1,t2,t4,t7,t12,t16
t1,t3,t6,t10,t5,t8,t9,t13,t14,t15,t4,t7,t11,t7,t11,t7,t11,t7,t12,t14,t15,t4,t7,t12,t14,t15,t4,t7,t11,t7,t11,t7,t11,t7,t11,t7,t11,t7,t12,t16
t1,t2,t4,t7,t11,t7,t12,t16
t1,t2,t4,t7,t12,t14,t15,t4,t7,t11,t7,t12,t14,t15,t4,t7,t11,t7,t11,t7,t11,t7,t11,t7,t11,t7,t12,t14,t15,t4,t7,t12,t14,t15,t4,t7,t12,t16
t1,t2,t4,t7,t11,t7,t12,t16
t3,t5,t6,t9,t10,t8,t13,t16
t1,t2,t4,t7,t12,t14,t15,t4,t7,t11,t7,t12,t14,t15,t4,t7,t11,t7,t12,t14,t15,t4,t7,t11,t7,t11,t7,t12,t14,t15,t4,t7,t11,t7,t11,t7,t11,t7,t12,t16
t1,t3,t6,t10,t9,t5,t8,t13,t16
t1,t3,t6,t5,t8,t10,t9,t13,t16
t1,t3,t5,t6,t8,t9,t10,t13,t14,t15,t4,t7,t11,t7,t12,t14,t15,t4,t7,t11,t7,t11,t7,t12,t14,t15,t4,t7,t11,t7,t12,t14,t15,t4,t7,t12,t16
t1,t2,t4,t7,t11,t7,t11,t7,t12,t14,t15,t4,t7,t12,t16
t1,t3,t6,t9,t5,t10,t8,t13,t16
t1,t3,t6,t5,t10,t8,t9,t13,t16
t1,t3,t5,t6,t8,t10,t9,t13,t14,t15,t4,t7,t11,t7,t11,t7,t11,t7,t11,t7,t11,t7,t11,t7,t12,t16
t1,t3,t6,t9,t10,t5,t8,t13,t14,t15,t4,t7,t12,t16
t1,t2,t4,t7,t11,t7,t11,t7,t11,t7,t12,t14,t15,t4
t1,t3,t6,t5,t9,t10,t8,t13,t16
t1,t2,t4,t7,t11,t7,t12,t16
t1,t3,t5,t6,t8,t10,t9,t13,t16
t1,t3,t6,t9,t5,t10,t8,t13,t16
t1,t3,t6,t5,t9,t10,t8,t13,t14,t15,t4,t7,t12,t16
t1,t2,t4,t7,t11,t7,t12,t16
t1,t3,t6,t5,t9,t10,t8,t13,t16
t1,t2,t4,t7,t11,t7,t11,t7,t12,t14,t15,t4,t7,t11,t7,t12,t14,t15,t4,t7,t11,t7,t12,t14,t15,t4,t7,t11,t7,t11,t7,t11,t7,t11,t7,t11,t7,t12,t16
t1,t2,t4,t7,t11,t7,t12,t16
t3,t5,t6,t8,t9,t10,t13,t16
t1,t3,t5,t6,t8,t10,t9,t13,t16
t1,t2,t4,t7,t11,t7,t11,t7,t11,t7,t11,t7,t11,t7,t12,t14,t15,t4,t7,t12,t14,t15,t4,t7,t11,t7,t12,t14,t15,t4,t7,t12,t14,t15,t4,t7,t12,t16
t1,t2,t4,t7,t11,t7,t12,t16
t1,t3,t6,t5,t9,t10,t8,t13,t16
t1,t3,t6,t5,t9,t8,t10,t13,t14,t15,t4,t7,t12,t14,t15,t4,t7,t12,t16
t1,t3,t6,t5,t9,t10,t8,t13,t16
t1,t3,t6,t10,t5,t8,t9,t13,t16
t1,t2,t4,t7,t12,t16
t1,t3,t6,t5,t9,t8,t10,t13,t14,t15,t4,t7,t11,t7,t12,t16
t1,t2,t4,t12,t16
t1,t3,t5,t8,t6,t9,t10,t13,t14,t15,t4,t7,t12,t14,t15,t4,t7,t12,t16
t1,t3,t6,t10,t9,t5,t8,t13,t16
t1,t3,t6,t5,t9,t8,t10,t13,t14,t15,t4,t7,t12,t16
t1,t2,t4,t7,t12,t14,t15,t4,t7,t12,t16
t1,t2,t4,t7,t11,t7,t11,t7,t12,t16
t1,t3,t6,t5,t9,t8,t10,t13,t16
t1,t2,t4,t7,t12,t14,t15,t4,t7,t11,t7,t12,t16
t1,t3,t6,t5,t10,t9,t8,t13,t16
t1,t3,t5,t6,t8,t10,t9,t13,t14,t15,t4,t7,t12,t16
t1,t3,t6,t9,t5,t8
t1,t2,t4,t7,t11,t7,t12,t14,t15,t4,t7,t12,t14,t15,t4,t7,t11,t7,t11,t7,t12,t14,t15,t4,t7,t11,t7,t11,t7,t11,t7,t11,t7,t12,t16
t1,t3,t6,t10,t9,t5,t8,t13,t16
t1,t2,t4,t7,t12,t14,t15,t4,t7,t11,t7,t11,t7,t12,t16
t1,t2,t4,t7,t11,t7,t12,t16
t1,t3,t5,t6,t8,t9,t10,t13,t16
t1,t2,t4,t7,t12,t16
t1,t2,t4,t7,t11,t7,t11,t7,t11,t7,t11,t7,t11,t7,t11,t7,t11,t7,t11,t7,t12,t14,t15,t4,t7,t11,t7,t12,t16
t1,t2,t4,t7,t11,t7,t12,t16
t1,t3,t6,t5,t10,t9,t8,t13,t16
t1,t7,t4,t2,t12,t16
t1,t3,t5,t6,t8,t10,t9,t13,t16
t1,t3,t6,t10,t9,t5,t8,t13,t14,t15,t4,t7,t11,t7,t11,t7,t12,t14,t15,t4,t7,t12,t16
t1,t3,t5,t6,t8,t9,t10,t13,t14,t15,t4,t7,t11,t7,t11,t7,t12,t14,t15,t4,t7,t11,t7,t11,t7,t11,t7,t12,t16
t1,t3,t6,t5,t10,t8,t9,t13,t14,t15,t4,t7,t11,t7,t11,t7,t11,t7,t12,t14,t15,t4,t7,t12,t14,t15,t4,t7,t11,t7,t12,t14,t15,t4,t7,t11,t7,t12,t14,t15,t4,t7,t12,t14,t15,t4,t7,t12,t16
t1,t3,t5,t6,t8,t10,t9,t13,t14,t15,t4,t7,t11,t7,t12,t16
t1,t2,t4,t7,t12,t16
t1,t2,t4,t7,t12,t16
t1,t3,t5,t8,t6,t10,t9,t13,t14,t15,t4,t7,t12,t16
t1,t3,t5,t6,t9,t10,t8,t13,t14,t15,t4,t7,t12,t14,t15,t4,t7,t12,t14,t15,t4,t7,t12,t14,t15,t4,t7,t11,t7,t12,t14,t15,t4,t7,t11,t7,t12,t14,t15,t4,t7,t12,t14,t15,t4,t7,t11,t7,t12,t16
t7,t2,t4,t1,t11,t7,t12,t16
t1,t3,t5,t6,t8,t9,t10,t13,t14,t15,t4,t7,t11,t7,t12,t14,t15,t4,t7,t11,t7,t11,t7,t12,t16
t1,t3,t5,t6,t8,t9,t10,t13,t16
t1,t3,t5,t6,t10,t8,t9,t13,t16
t1,t3,t5,t8,t6,t10,t9,t13,t14,t15,t4,t7,t12,t14,t15,t4,t7,t11,t7,t12,t16
t1,t3,t6,t5,t10,t9,t8,t13,t16
t1,t3,t6,t10,t5,t9,t8,t13,t16
t1,t3,t6,t5,t10,t9,t8,t13,t14,t15,t4,t7,t12,t16
t1,t2,t4,t7,t11,t7,t11,t7,t12,t14,t15,t4,t7,t12,t14,t15,t4,t7,t12,t14,t15,t4,t7,t12,t16
t1,t2,t4,t7,t12,t16
t7,t12,t14,t15,t4,t7,t12,t16
t1,t2,t4,t7,t12,t16
t1,t3,t5,t6,t8,t10,t9,t13,t14,t15,t4,t7,t11,t7,t11,t7,t12,t16
t1,t3,t6,t10,t5,t8,t9,t13,t14,t15,t4,t7,t11,t7,t12,t14,t15,t4,t7,t12,t16
t1,t3,t6,t10,t5,t9,t8,t13,t16
t1,t2,t4,t7,t12,t16
t1,t2,t4,t7,t12,t14,t15,t4,t7,t12,t16
t1,t2,t4,t7,t11,t7,t11,t7,t11,t7,t11,t7,t11,t7,t12,t16
t1,t3,t5,t6,t8,t9,t10,t13,t16
t1,t3,t6,t10,t9,t5,t8,t13,t14,t15,t4,t7,t11,t7,t12,t16
t1,t2,t4,t7
t1,t3,t6,t5,t9,t10,t8,t13,t16
t1,t2,t4,t7,t12,t16
t1,t3,t6,t5,t9,t8,t10,t13,t16
t1,t3,t5,t8,t6,t9,t10,t13,t14,t15,t4,t7,t12,t16
t1,t2,t4,t7,t11,t7,t11,t7,t12,t16
t1,t3,t6,t10,t5,t9,t8,t13,t14,t15,t4,t7,t11,t7,t12,t16
t1,t3,t6,t10,t9,t5,t8,t13,t16
t1,t3,t6,t10,t5,t9,t8,t13,t16
t1,t2,t4,t7,t11,t7,t12,t14,t15,t4,t7,t12,t16
t1,t2,t4,t7,t12,t16
t1,t2,t4,t7,t12,t16
t1,t2,t4,t7,t11,t7,t12,t16
t1,t2,t4,t7,t12,t16
t1,t3,t5,t6,t9,t10,t8,t13,t14,t15,t4,t7,t12,t16
t1,t3,t6,t5,t8,t9,t10,t13,t16
t1,t3,t6,t5,t9,t8,t10,t13,t16
t1,t3,t6,t9,t10,t5,t8,t13,t16
t1,t2,t4,t7,t12,t14,t15,t4,t7,t11,t7,t12,t14,t15,t4,t7,t11,t7,t11,t7,t12,t16
t1,t2,t4,t7,t12,t16
t1,t3,t5,t6,t10,t9,t8,t13,t14,t15,t4,t7,t11,t7,t11,t7,t11,t7,t12,t14,t15,t4
t1,t2,t4,t7,t11,t7,t12,t14,t15,t4,t7,t12,t16
t1,t3,t5,t6,t9,t10,t8,t13,t16
t1,t3,t5,t6,t8,t10,t9,t13,t14,t15,t4,t7,t11,t7,t12,t16
t1,t2,t4,t7,t11,t7,t11,t7,t12,t16
t1,t2,t4,t7,t11,t7,t12,t14,t15,t4,t7,t11,t7,t11,t7,t11,t7,t12,t16
t1,t2,t4,t7,t11,t7,t11,t7,t11,t7,t12,t14,t15,t4,t7,t11,t7,t11,t7,t12,t14,t15,t4,t7,t11,t7,t12,t14,t15,t4,t7,t11,t7,t11,t7,t12,t14,t15,t4,t7,t11,t7,t11,t7,t11,t7,t12,t16
t1,t3,t6,t5,t9,t8,t10,t13,t14,t15,t4,t7,t12,t16
t1,t2,t4,t7,t12,t14,t15,t4,t7,t12,t16
t1,t2,t4,t7,t11,t7,t12,t16
t1,t2,t4,t7,t11,t7,t11,t7
t1,t3,t6,t5,t10,t9,t8,t13,t14,t15,t4,t7,t12,t16
t1,t3,t5,t6,t10,t8,t9,t13,t14,t15,t4,t7,t12,t14,t15,t4,t7,t12,t16
t1,t3,t6,t5,t9,t10,t8,t13,t16
t1,t3,t6,t5,t8,t9,t10,t13,t14,t15,t4,t7,t12,t16
t1,t2,t4,t7,t12,t16
t1,t3,t5,t6,t8,t10,t9,t13,t16
t1,t2,t4,t7,t12,t14,t15,t4,t7,t12,t16
t1,t3,t5,t6,t9,t8,t10,t13,t16
t1,t2,t4,t7,t11,t7,t12,t14,t15,t4,t7,t12,t14,t15,t4,t7,t11,t7,t12,t16
t1,t6,t3,t5,t9,t10,t8,t13,t14,t15,t4,t7,t11,t7,t11,t7,t11,t7,t11,t7,t12,t14,t15,t4,t7,t11,t7,t11,t7,t12,t16
t1,t3,t5,t8,t6,t9,t10,t13,t14,t15,t4,t7,t12,t16
t1,t2,t4,t7,t12,t14,t15,t4,t7,t12,t16
t1,t2,t4,t7,t12,t16
t1,t3,t6,t5,t9,t8,t10,t13,t14,t15,t4,t7,t11,t7,t12,t14,t15,t4,t7,t12,t16
t1,t2,t4,t7,t11,t7,t12,t14,t15,t4,t7,t11,t7,t11,t7,t12,t16
t1,t2,t4,t7,t12,t14,t15,t4,t7,t12,t14,t15,t4,t7,t11,t7,t11,t7,t11,t7,t11,t7,t11,t7,t11,t7,t12,t14,t15,t4,t7,t11,t7,t11,t7,t12,t16
t1,t3,t5,t6,t8,t10,t9,t13,t14,t15,t4,t7,t11,t7,t11,t7,t11,t7,t12,t14,t15,t4,t7,t12,t16
t1,t2,t4,t7,t11,t7,t12,t14,t15,t4,t7,t11,t7,t11,t7,t11,t7,t11,t7,t11,t7,t11,t7,t11,t7,t12,t14,t15,t4,t7,t12,t14,t15,t4,t7,t12,t14,t15,t4,t7,t12,t16
t1,t2,t4,t7,t11,t7,t12,t16
t1,t4,t2,t7,t12,t16
t1,t3,t5,t6,t8,t9,t10,t13,t14,t15,t4,t7,t12,t16
t1,t2,t4,t7,t12,t14,t15,t4,t7,t11,t7,t11,t7,t11,t7,t12,t14,t15,t4,t7,t11,t7,t12,t16
t1,t3,t5,t6,t8,t9,t10,t13,t16
t1,t3,t5,t6,t8,t9,t10,t13,t16
t1,t3,t6,t5,t10,t8,t9,t13,t16
t1,t2,t4,t7,t11,t7,t12,t14,t15,t4,t7,t11,t7,t11,t7,t11,t7,t11,t7,t12,t16
t1,t2,t4,t7,t12,t16
t1,t2,t4,t7,t11,t7,t11,t7,t11,t7,t12,t16
t1,t2,t4,t7,t11,t7,t11,t7,t12,t14,t15,t4,t7,t11,t7,t12,t16
t2,t1,t4,t7,t12,t16
t1,t2,t4,t7,t12,t14,t15,t4,t7,t12,t14,t15,t4,t7,t12,t16
t1,t2,t4,t7,t12,t16
t1,t3,t5,t8,t6,t10,t9,t13,t14,t15,t4,t7,t11,t7,t11,t7,t12,t14,t15,t4,t7,t11,t7,t12,t16
t1,t3,t6,t5,t10,t8,t9,t13,t16
t1,t3,t6,t5,t8,t10,t9,t13,t16
t1,t2,t4,t7,t12,t14,t15,t4,t7,t11,t7,t12,t14,t15,t4,t7,t12,t14,t15,t4,t7,t11,t7,t12,t14,t15,t4,t7,t12,t14,t15,t4,t7,t12,t14,t15,t4,t7,t11,t7,t12,t16
t1,t2,t4,t7,t12,t14,t15,t4,t7,t12,t14,t15,t4,t7,t12,t16
t1,t3,t6,t5,t10,t8,t9,t13,t16
t1,t3,t5,t6,t8,t9,t10,t13,t16
t1,t3,t5,t8,t11,t9,t10,t13,t14,t15,t4,t7,t11,t7,t6,t7,t12,t16
t1,t3,t6,t5,t9,t8,t10,t13,t16
t1,t3,t5,t6,t8,t9,t10,t13,t14,t15,t4,t7,t11,t7,t11,t7,t12,t16
t1,t3,t6,t5,t9,t10,t8,t13,t14,t15,t4,t7,t12,t14,t15,t4,t7,t12,t16
t1,t2,t4,t7,t11,t7,t11,t7,t11,t7,t12,t16
t1,t2,t4,t7,t11,t7,t11,t7,t12,t16
t1,t2,t4,t7,t11,t7,t11,t7,t11,t7,t12,t16
t1,t2,t4,t7,t11,t7,t12,t16
t1,t2,t4,t7,t11,t7,t12,t14,t15,t4,t7,t12,t14,t15,t4,t7,t11,t7,t11,t7,t11,t7,t12,t16
t1,t3,t5,t8,t6,t9,t10,t13,t14,t15,t4,t7,t11,t7,t11,t7,t12,t16
t4,t7,t12,t14,t15,t4,t7,t11,t7,t12,t14,t15,t4,t7,t11,t7,t12,t14,t15,t4,t7,t11,t7,t12,t16
t1,t2,t4,t7,t12,t14,t15,t4,t7,t11,t7,t11,t7,t11,t7,t12,t16
t1,t3,t6,t5,t10,t8,t9,t13,t14,t15,t4,t7,t12,t14,t15,t4,t7,t11,t7,t11,t7,t12,t14,t15,t4,t7,t12,t14,t15,t4,t7,t12,t14,t15,t4,t7,t12,t14,t15,t4,t7,t12,t14,t15,t4,t7,t11,t7,t12,t14,t15,t4,t7,t11,t7,t12,t16
t1,t3,t5,t6,t10,t8,t9,t13,t14,t15,t4,t7,t12,t16
t1,t3,t5,t6,t10,t8,t9,t13,t14,t15,t4,t7,t12,t16
t1,t3,t5,t8,t6,t10,t9,t13,t14,t15,t4,t7,t12,t16
t1,t3,t6,t5,t10,t9,t8,t13,t14,t15,t4,t7,t11,t7,t11,t7,t11,t7,t11,t7,t11,t7,t11,t7,t11,t7,t12,t16
t1,t2,t4,t7,t12,t16
t1,t3,t5,t8,t6,t9,t10,t13,t16
t1,t2,t4,t7,t12,t14,t15,t4,t7,t11,t7,t12,t14,t15,t4,t7,t11,t7,t11,t7,t12,t14,t15,t4,t7,t12,t16
t2,t4,t7,t12,t16
t1,t3,t5,t6,t8,t9,t10,t13,t16
t1,t2,t4,t7,t12,t16
t1,t3,t5,t8,t6,t10,t9,t13,t14,t15,t4,t7,t11,t7,t12,t14,t15,t4,t7,t11,t7,t11,t7,t12,t14,t15,t4,t7,t11,t7,t11,t7,t12,t14,t15,t4,t7,t12,t14,t15,t4,t7,t11,t7,t11,t7,t11,t7,t12,t14,t15,t4,t7,t12,t14,t15,t4,t7,t11,t7,t11,t7,t11,t7,t11,t7,t11,t7,t12,t16
t1,t2,t4,t7,t12,t14,t15,t4,t7,t12,t16
t1,t2,t4,t7,t12,t14,t15,t4,t7,t12,t16
t1,t2,t4,t7,t12,t14,t15,t4,t7,t12,t14,t15,t4,t7,t11,t7,t12,t14,t15,t4,t7,t11,t7,t11,t7,t12,t14,t15,t4,t7,t12,t16
t1,t3,t5,t6,t8,t10,t9,t13,t16
t1,t3,t5,t6,t10,t8,t9,t13,t14,t15,t4,t7,t11,t7,t12,t16
t1,t2,t4,t7,t11,t7,t11,t7,t12,t14,t15,t4,t7,t11,t7,t12,t16
t4,t7,t12,t16
t1,t3,t6,t9,t10,t5,t8,t13,t14,t15,t4,t7,t12,t14,t15,t4,t7,t12,t16
t1,t3,t6,t5,t10,t9,t8,t13,t16
t1,t2,t4,t7,t12,t14,t15,t4,t7,t11,t7,t12,t14,t15,t4,t7,t12,t14,t15,t4,t7,t12,t16
t1,t3,t5,t6,t8,t9,t10,t13,t16
t1,t2,t4,t7,t11,t7,t11,t7,t12,t14,t15,t4,t7,t11,t7,t11,t7,t12,t14,t15,t4,t7,t11,t7,t12,t16
t1,t3,t5,t6,t8,t10,t9,t13,t16
t1,t3,t5,t6,t8,t9,t10,t13,t16
t1,t2,t4,t7,t11,t7,t12,t16
t1,t2,t4,t7,t12,t14,t15,t4,t7,t12,t16
t1,t3,t6,t5,t8,t9,t10,t14,t15,t4,t7,t12,t16
t1,t2,t4,t7,t11,t7,t12,t16
t1,t3,t6,t9,t5,t8,t10,t13,t16
t1,t2,t4,t7,t11,t7,t12,t16
t1,t3,t6,t9,t5,t8,t10,t13,t14,t15,t4,t7,t11,t7,t12,t16
t1,t2,t4,t7,t11,t7,t11,t7,t12,t14,t15,t4,t7,t12,t14,t15,t4,t7,t12,t14,t15,t4,t7,t12,t14,t15,t4,t7,t11,t7,t12,t16
t1,t2,t4,t7,t12,t16
t1,t3,t6,t5,t9,t8,t10,t13,t16
t1,t3,t5,t6,t8,t10,t9,t13,t16
t1,t3,t6,t5,t9,t8,t10,t13,t16
t6,t5,t9,t10,t8,t13,t16
t1,t2,t4,t7,t12,t14,t15,t4,t7,t11,t7,t12,t14,t15,t4,t7,t11,t7,t12,t16
t1,t2,t4,t7,t11,t7,t12,t16
t1,t3,t6,t5,t9,t8,t10,t13,t14,t15,t4,t7,t12,t16
t1,t2,t4,t7,t12,t14,t15,t4,t7,t11,t7,t12,t16
t1,t3,t5,t6,t8,t9,t10,t13,t14,t15,t4,t7,t11,t7,t11,t7,t12,t14,t15,t4,t7,t11,t7,t12,t16
t1,t3,t5,t8,t6,t9,t10,t13,t16
t1,t2,t4,t7,t11,t7,t11,t7,t12,t16
t1,t2,t4,t7,t11,t7,t11,t7,t12,t16
t1,t2,t4,t7,t12,t16
t1,t2,t4,t7,t11,t7,t11,t15,t4,t7,t11,t7,t12,t16
t1,t3,t6,t5,t9,t8,t10,t13,t14,t15,t4,t7,t11,t7,t11,t7,t12,t16
t1,t2,t4,t7,t11,t7,t11,t7,t11,t7,t11,t7,t12,t14,t15,t4,t7,t12,t14,t15,t4,t7,t12,t16
t1,t3,t6,t5,t9,t8,t10,t13,t14,t15,t4,t7,t12,t14,t15,t4,t7,t12,t16
t1,t3,t6,t5,t9,t10,t8,t13,t14,t15,t4,t7,t12,t16
t1,t2,t4,t7,t12,t16
t1,t3,t6,t10,t9,t5,t8,t13,t16
t1,t3,t5,t6,t8,t9,t10,t13,t14,t15,t4,t7,t12,t16
t1,t2,t4,t7,t12,t16
t1,t3,t6,t9,t10,t5,t8,t13,t16
t1,t3,t6,t10,t9,t13,t8,t5,t14,t15,t4,t7,t11,t7,t11,t7,t12,t16
t1,t3,t5,t6,t8,t9,t10,t13,t14,t15,t4,t7,t12,t16
t1,t2,t4,t7,t12,t16
t1,t2,t4,t7,t11,t7,t12,t16
t1,t3,t6,t5,t9,t10,t8,t13,t14,t15,t4,t7,t12,t16
t1,t3,t5,t8,t6,t9,t10,t13,t16
t1,t2,t4,t7,t11,t7,t12,t14,t15,t4,t7,t12,t14,t15,t4,t7,t11,t7,t12,t14,t15,t4,t7,t11,t7,t12,t14,t15,t4,t7,t12,t14,t15,t4,t7,t11,t7,t11,t7,t11,t7,t12,t14,t15,t4,t7,t12,t16
t1,t2,t4,t7,t11,t7,t12,t14,t15,t4,t7,t12,t14,t15,t4,t7,t12,t16
t1,t2,t4,t7,t12,t16
t1,t2,t4,t7,t11,t7,t11,t7,t12,t16
t1,t3,t6,t10,t5,t9
t1,t2,t4,t7,t12,t14,t15,t4,t7,t11,t7,t12,t16
t1,t2,t4,t7,t11,t7,t11,t7,t11,t7,t11,t7,t11,t7,t12,t16
t1,t2,t4,t7,t11,t7,t11,t7,t12,t16
t1,t3,t6,t5,t8,t9,t10,t13,t16
t1,t3,t6,t9,t5,t10,t8,t13,t16
t1,t2,t4,t7,t12,t16
t1,t2,t4,t7,t11,t7,t12,t14,t15,t4,t7,t11,t7,t12,t14,t15,t4,t7,t11,t7,t11,t7,t11,t7,t11,t7,t12,t14,t15,t4,t7,t12,t16
t1,t3,t6,t10,t9,t5,t8,t13,t16
t1,t3,t6,t5,t8,t10,t9,t13,t16
t7,t11,t7,t11,t7,t12,t16
t1,t3,t5,t6,t9,t10,t8,t13,t14,t15,t4,t7,t11,t7,t12,t14,t15,t4,t7,t11,t7,t12,t16
t1,t2,t4,t7,t11,t7,t12,t16
t1,t2,t4,t7,t12,t16
t1,t3,t6,t5,t10,t9,t8,t13,t14,t15,t4,t7,t11,t7,t12,t16
t1,t3,t6,t5,t10,t9,t8,t13,t16
t1,t3,t6,t5,t8,t9,t10,t13,t14,t15,t4,t7,t12,t14,t15,t4,t7,t11,t7,t11,t7,t11,t7,t11,t7,t12,t16
t1,t3,t6,t5,t9,t10,t8,t13,t16
t1,t2,t4,t7,t11,t7,t12,t16
t1,t2,t4,t7,t11,t7,t11,t7,t12,t16
t5,t6,t8,t9,t10,t13,t16
t1,t2,t4,t7,t12,t16
t1,t3,t5,t8,t6,t10,t9,t13,t16
t1,t2,t4,t7,t11,t7,t12,t16
t1,t2,t4,t7,t12,t16
t1,t3,t5,t8,t6,t10,t9,t13,t16
t1,t2,t4,t7,t12,t16
t1,t3,t6,t10,t5,t9,t8,t13,t16
t1,t3,t5,t6,t8,t10,t9,t13,t14,t15,t4,t7,t12,t16
t1,t2,t4,t7,t12,t14,t15,t4,t7,t11,t7,t12,t14,t15,t4,t7,t12,t16
t1,t3,t5,t6,t8,t10,t9,t13,t14,t15,t14,t15,t4,t7,t11,t7,t12,t16
t1,t3,t5,t6,t8,t10,t9,t13,t16
t1,t2,t4,t7,t11,t7,t11,t7,t12,t14,t15,t4,t7,t11,t7,t11,t7,t11,t7,t12,t14,t15,t4,t7,t11,t7,t11,t7,t11,t7,t11,t7,t11,t7,t12,t16
t1,t2,t4,t7,t11,t7,t12,t16
t1,t2,t4,t7,t11,t7,t11,t7,t12,t14,t15,t4,t7,t11,t7,t12,t14,t15,t4,t7,t12,t14,t15,t4,t7,t11,t7,t11,t7,t12,t14,t15,t4,t7,t11,t7,t12,t16
t1,t2,t4,t7,t12,t16
t1,t3,t6,t9,t10,t5,t8,t13,t14,t15,t4,t7,t12,t14,t15,t4,t7,t11,t7,t12,t16
t1,t2,t4,t7,t12,t16
t1,t2,t4,t7,t11,t7,t11,t7,t12,t16
t1,t2,t4,t7,t12,t16
t1,t2,t4,t7,t11,t7,t12,t14,t15,t4,t7,t12
t1,t3,t6,t10,t5,t8,t9,t13,t14,t15,t4,t7,t12,t16
t1,t3,t6,t5,t8,t10,t9,t13,t14,t15,t4,t7,t12,t16
t1,t2,t4,t7,t12,t16
t1,t2,t4,t7,t11,t7,t12,t14,t15,t4,t7,t12,t16
t1,t2,t4,t7,t12,t14,t15,t4,t7,t12,t16
t1,t2,t4,t7,t12,t16
t1,t3,t5,t8,t6,t9,t10,t13,t16
t1,t3,t6,t10,t9,t5,t8,t13,t16
t1,t2,t4,t7,t11,t7,t11,t7,t12,t16
t1,t3,t6,t9,t5,t8,t10,t13,t14,t15,t4,t7,t11,t7,t11,t7,t11,t7,t12,t14,t15,t4,t7,t11,t7,t12,t14,t15,t4,t7,t11,t7,t12,t14,t15,t4
