	D/F-Table

A = t1
#A = 1000
_____________________________________________________________
B	B<A	A>B	B<<<A	A>>>B	A→B
_____________________________________________________________
t1	0	0	0	0	0.0
t3	0	503	0	1000	0.879243199999993
t2	0	497	0	1000	0.873495103999993
t6	0	0	0	772	0.295658461309845
t4	0	0	0	1000	0.566296053759995
t9	0	0	0	772	0.192412391661209
t11	0	0	0	1000	0.247488518868174
t7	0	0	0	1000	0.3674373308416
t14	0	0	0	671	0.105665971943253
t10	0	0	0	1000	0.241311622207899
t15	0	0	0	671	0.0698951967251157
t5	0	0	0	759	0.293714903479642
t12	0	0	0	667	0.100065695391285
t8	0	0	0	759	0.190904020409872
t13	0	0	0	667	0.066973137592582
t16	0	0	0	1000	0.0557164797551174
_____________________________________________________________

A = t3
#A = 3766
_____________________________________________________________
B	B<A	A>B	B<<<A	A>>>B	A→B
_____________________________________________________________
t1	503	0	1000	0	-0.233468720127454
t3	0	0	2766	2766	0.0
t2	664	665	2907	2930	0.00793167279787596
t6	0	589	1355	1863	0.357355732306071
t4	399	549	2580	3238	0.115076105299203
t9	0	0	1355	1863	0.19281826343272
t11	0	0	2766	3766	0.114944539326615
t7	350	375	2430	3303	0.0896723075874661
t14	0	0	2766	2766	-0.237825589259562
t10	404	337	2355	3306	0.0478093869136492
t15	838	0	2766	2766	-0.50094110103231
t5	0	570	1411	1903	0.363481319518217
t12	311	385	2271	2431	0.0597479258137019
t8	0	0	1411	1903	0.190756792333198
t13	297	296	2260	2503	0.038484297741052
t16	0	0	0	1000	0.0648480582377899
_____________________________________________________________

A = t2
#A = 3771
_____________________________________________________________
B	B<A	A>B	B<<<A	A>>>B	A→B
_____________________________________________________________
t1	497	0	1000	0	-0.231634872447625
t3	665	664	2930	2907	-0.00792115612749957
t2	0	0	2771	2771	0.0
t6	198	284	1377	1685	0.0552340122732711
t4	0	1115	2771	3771	0.719664175293416
t9	165	215	1286	1740	0.0539567032384689
t11	395	348	2327	3269	0.0618535612317175
t7	0	0	2771	3771	0.384052324840757
t14	302	341	2304	2441	0.05323353439109
t10	0	0	2771	3771	0.115522587417632
t15	288	303	2290	2507	0.0324676011141873
t5	197	298	1410	1719	0.0551569688132489
t12	0	0	2771	2771	-0.242510752938622
t8	183	203	1343	1763	0.0458550057189336
t13	881	0	2771	2771	-0.505109491086907
t16	0	0	0	1000	0.0667914054838125
_____________________________________________________________

A = t6
#A = 1863
_____________________________________________________________
B	B<A	A>B	B<<<A	A>>>B	A→B
_____________________________________________________________
t1	0	0	772	0	-0.158700193939799
t3	589	0	1863	1355	-0.722384158810877
t2	284	198	1685	1377	-0.11180217943237
t6	0	0	1091	1091	-7.62794133934622e-18
t4	265	294	1509	1526	0.0127623330699551
t9	0	564	1091	1863	0.772822199731763
t11	0	0	1363	1863	0.383816391545239
t7	215	246	1372	1662	0.0726745877251518
t14	0	0	1363	1355	-0.0227983654985874
t10	203	195	1295	1719	0.0756400509705697
t15	0	0	1363	1355	-0.245645078571345
t5	0	0	671	663	4.02797346375492e-05
t12	157	206	1232	1258	0.0575457520776059
t8	0	0	671	663	-0.0308188752113531
t13	150	160	1220	1306	0.0434707738464863
t16	0	0	0	772	0.104699597876245
_____________________________________________________________

A = t4
#A = 3771
_____________________________________________________________
B	B<A	A>B	B<<<A	A>>>B	A→B
_____________________________________________________________
t1	0	0	1000	0	-0.150171321601696
t3	549	399	3238	2580	-0.114923524942137
t2	1115	0	3771	2771	-0.719664175293417
t6	294	265	1526	1509	-0.00630501896296113
t4	0	0	2771	2771	0.0
t9	236	265	1386	1673	0.0365654871093788
t11	402	444	2417	3263	0.0876684225815948
t7	0	1124	2771	3771	0.716941296432298
t14	324	406	2319	2372	0.0570701218995492
t10	0	0	2771	3771	0.382488416087786
t15	322	315	2323	2438	0.0431149548312916
t5	308	280	1596	1560	-0.0103646794684824
t12	0	0	2771	2771	-0.0262349628464712
t8	221	273	1421	1697	0.0396806826385193
t13	0	0	2771	2771	-0.247363142633367
t16	0	0	0	1000	0.10195728643359
_____________________________________________________________

A = t9
#A = 1863
_____________________________________________________________
B	B<A	A>B	B<<<A	A>>>B	A→B
_____________________________________________________________
t1	0	0	772	0	-0.103280940236827
t3	0	0	1863	1355	-0.389776478844671
t2	215	165	1740	1286	-0.109216708487529
t6	564	0	1863	1091	-0.772822199731763
t4	265	236	1673	1386	-0.0740141985450711
t9	0	0	1091	1091	7.62794133934622e-18
t11	0	532	1363	1863	0.71627157301867
t7	248	269	1522	1520	0.00794443590350947
t14	0	0	1363	1355	0.189322225063595
t10	243	249	1369	1671	0.0702046797943426
t15	0	0	1363	1355	-0.0298830382977756
t5	0	0	671	663	0.0292472439689875
t12	186	233	1244	1198	0.0293707715301146
t8	0	0	671	663	-0.00138729428343863
t13	142	179	1230	1247	0.0422499931720378
t16	0	0	0	772	0.158273004306336
_____________________________________________________________

A = t11
#A = 3766
_____________________________________________________________
B	B<A	A>B	B<<<A	A>>>B	A→B
_____________________________________________________________
t1	0	0	1000	0	-0.0657165477610659
t3	0	0	3766	2766	-0.114944539326615
t2	348	395	3269	2327	-0.0619356822636237
t6	0	0	1863	1363	-0.189869871866378
t4	444	402	3263	2417	-0.0877848171946878
t9	532	0	1863	1363	-0.354331901363192
t11	0	0	2766	2766	0.0
t7	497	521	3155	2645	-0.0485547378336695
t14	0	626	2766	2766	0.447339666202369
t10	566	555	2928	2968	0.00903767741518867
t15	0	0	2766	2766	0.19422599184141
t5	0	0	1903	1403	-0.19140467703714
t12	420	362	2449	2283	-0.0397698878946362
t8	597	0	1903	1403	-0.363978598362762
t13	362	428	2357	2289	0.015214053244397
t16	0	477	0	1000	0.222475790546998
_____________________________________________________________

A = t7
#A = 3771
_____________________________________________________________
B	B<A	A>B	B<<<A	A>>>B	A→B
_____________________________________________________________
t1	0	0	1000	0	-0.0974376374546804
t3	375	350	3303	2430	-0.089553410335295
t2	0	0	3771	2771	-0.384052324840757
t6	246	215	1662	1372	-0.0359036746040726
t4	1124	0	3771	2771	-0.716941296432298
t9	269	248	1520	1522	-0.00392481678287938
t11	521	497	2645	3155	0.0484903587063376
t7	0	0	2771	2771	1.50738315727415e-17
t14	387	450	2346	2295	0.0211544903891807
t10	0	1152	2771	3771	0.718776646551847
t15	325	366	2333	2356	0.0443034607707235
t5	271	207	1714	1405	-0.0487143326203279
t12	0	0	2771	2771	0.190222269745561
t8	253	286	1577	1559	0.000282913054040567
t13	0	0	2771	2771	-0.0273183058595716
t16	0	0	0	1000	0.15350829174394
_____________________________________________________________

A = t14
#A = 2766
_____________________________________________________________
B	B<A	A>B	B<<<A	A>>>B	A→B
_____________________________________________________________
t1	0	0	671	0	-0.0382017252144806
t3	0	0	2766	2766	0.323807364118406
t2	341	302	2441	2304	-0.0725754368000001
t6	0	0	1355	1363	0.0153555151568577
t4	406	324	2372	2319	-0.0778060121775851
t9	0	0	1355	1363	-0.127515294755415
t11	626	0	2766	2766	-0.609067672783124
t7	450	387	2295	2346	-0.0288407748581346
t14	0	0	2095	2095	-1.02753830189458e-17
t10	366	435	2263	2467	0.0622110441972525
t15	0	799	2095	2766	0.71188668623918
t5	0	0	1411	1403	0.0140348753805383
t12	253	251	2194	2219	0.00977977508373089
t8	0	0	1411	1403	-0.138152847397968
t13	324	268	2055	2283	-0.0235320767953724
t16	0	0	0	671	0.0266340194113634
_____________________________________________________________

A = t10
#A = 3771
_____________________________________________________________
B	B<A	A>B	B<<<A	A>>>B	A→B
_____________________________________________________________
t1	0	0	1000	0	-0.0639914140036859
t3	337	404	3306	2355	-0.0477459960532492
t2	0	0	3771	2771	-0.115522587417632
t6	195	203	1719	1295	-0.0373687125319998
t4	0	0	3771	2771	-0.382488416087786
t9	249	243	1671	1369	-0.0346834575594962
t11	555	566	2968	2928	-0.0090256942841688
t7	1152	0	3771	2771	-0.718776646551847
t14	435	366	2467	2263	-0.0456313307477063
t10	0	0	2771	2771	0.0
t15	382	451	2363	2288	0.0199861605897642
t5	203	188	1760	1329	-0.0411022841107445
t12	0	589	2771	2771	0.441744184818646
t8	263	238	1708	1415	-0.0367290541901213
t13	0	0	2771	2771	0.190100485136086
t16	0	523	0	1000	0.226919765197559
_____________________________________________________________

A = t15
#A = 2766
_____________________________________________________________
B	B<A	A>B	B<<<A	A>>>B	A→B
_____________________________________________________________
t1	0	0	671	0	-0.0252694131327244
t3	0	838	2766	2766	0.682047789764165
t2	303	288	2507	2290	-0.0442643976144613
t6	0	0	1355	1363	0.165450752486774
t4	315	322	2438	2323	-0.0587803668361535
t9	0	0	1355	1363	0.0201272958599985
t11	0	0	2766	2766	-0.264445077828905
t7	366	325	2356	2333	-0.0604007051939256
t14	799	0	2766	2095	-0.71188668623918
t10	451	382	2288	2363	-0.0272479434504704
t15	0	0	2095	2095	0.0
t5	0	0	1411	1403	0.166755814082795
t12	255	345	2237	2073	0.0512358603615337
t8	0	0	1411	1403	0.012230486955977
t13	277	266	2185	2210	0.00569199148054943
t16	0	0	0	671	0.0402532677375957
_____________________________________________________________

A = t5
#A = 1903
_____________________________________________________________
B	B<A	A>B	B<<<A	A>>>B	A→B
_____________________________________________________________
t1	0	0	759	0	-0.154343091686622
t3	570	0	1903	1411	-0.719322464164796
t2	298	197	1719	1410	-0.109299489960463
t6	0	0	663	671	-3.94330770518939e-05
t4	280	308	1560	1596	0.0205387316214646
t9	0	0	663	671	-0.02863248319192
t11	0	0	1403	1903	0.378786134378281
t7	207	271	1405	1714	0.096532710620734
t14	0	0	1403	1411	-0.020399613926731
t10	188	203	1329	1760	0.0814486144937559
t15	0	0	1403	1411	-0.242378655676832
t5	0	0	1144	1144	0.0
t12	194	187	1261	1304	0.0252112986078299
t8	0	549	1144	1903	0.760862389368023
t13	166	188	1229	1339	0.0497120468096086
t16	0	0	0	759	0.0978323261132841
_____________________________________________________________

A = t12
#A = 2771
_____________________________________________________________
B	B<A	A>B	B<<<A	A>>>B	A→B
_____________________________________________________________
t1	0	0	667	0	-0.0361117630426868
t3	385	311	2431	2271	-0.0812019807341758
t2	0	0	2771	2771	0.330028166485581
t6	206	157	1258	1232	-0.0386891866187585
t4	0	0	2771	2771	0.0357026506293911
t9	233	186	1198	1244	-0.019746570682282
t11	362	420	2283	2449	0.0540503059585711
t7	0	0	2771	2771	-0.258869786795564
t14	251	253	2219	2194	-0.0097621284307469
t10	589	0	2771	2771	-0.601161068549662
t15	345	255	2073	2237	-0.0511434102345732
t5	187	194	1304	1261	-0.0173140026166367
t12	0	0	2104	2104	2.05136841792883e-17
t8	213	182	1273	1308	-0.00795751137324934
t13	0	813	2104	2771	0.712503421946016
t16	0	0	0	667	0.0275137656414106
_____________________________________________________________

A = t8
#A = 1903
_____________________________________________________________
B	B<A	A>B	B<<<A	A>>>B	A→B
_____________________________________________________________
t1	0	0	759	0	-0.100317404314173
t3	0	0	1903	1411	-0.377503983145993
t2	203	183	1763	1343	-0.0908666455943766
t6	0	0	663	671	0.0301710796209936
t4	273	221	1697	1421	-0.0786315576615115
t9	0	0	663	671	0.00135813413034481
t11	0	597	1403	1903	0.720306569329565
t7	286	253	1559	1577	-0.000560622767623216
t14	0	0	1403	1411	0.200804401420272
t10	238	263	1415	1708	0.0727825871523633
t15	0	0	1403	1411	-0.0177769453075314
t5	549	0	1903	1144	-0.760862389368023
t12	182	213	1308	1273	0.0115871066816994
t8	0	0	1144	1144	0.0
t13	172	173	1261	1295	0.0282776727174687
t16	0	0	0	759	0.148964291501929
_____________________________________________________________

A = t13
#A = 2771
_____________________________________________________________
B	B<A	A>B	B<<<A	A>>>B	A→B
_____________________________________________________________
t1	0	0	667	0	-0.024169302631751
t3	296	297	2503	2260	-0.0523030910475648
t2	0	881	2771	2771	0.687393681302319
t6	160	150	1306	1220	-0.0292262907527983
t4	0	0	2771	2771	0.336631689235088
t9	179	142	1247	1230	-0.0284055349258414
t11	428	362	2289	2357	-0.0206770568453262
t7	0	0	2771	2771	0.0371769510633145
t14	268	324	2283	2055	0.0234896154514616
t10	0	0	2771	2771	-0.258704052489419
t15	266	277	2210	2185	-0.00568172083551058
t5	188	166	1339	1229	-0.0341400307032426
t12	813	0	2771	2104	-0.712503421946016
t8	173	172	1295	1261	-0.0194198524652988
t13	0	0	2104	2104	0.0
t16	0	0	0	667	0.0415559877118192
_____________________________________________________________

A = t16
#A = 1000
_____________________________________________________________
B	B<A	A>B	B<<<A	A>>>B	A→B
_____________________________________________________________
t1	0	0	1000	0	-0.0557164797551174
t3	0	0	1000	0	-0.244217787323517
t2	0	0	1000	0	-0.251870390079457
t6	0	0	772	0	-0.195055350843444
t4	0	0	1000	0	-0.384480927141068
t9	0	0	772	0	-0.294862607022704
t11	477	0	1000	0	-0.837843827199993
t7	0	0	1000	0	-0.578879768166396
t14	0	0	671	0	-0.0736696976918311
t10	523	0	1000	0	-0.855714434559994
t15	0	0	671	0	-0.11134053856219
t5	0	0	759	0	-0.18617491659358
t12	0	0	667	0	-0.0762406445923489
t8	0	0	759	0	-0.283479046728171
t13	0	0	667	0	-0.115151641949451
t16	0	0	0	0	0.0
_____________________________________________________________


	D/F-Graph

[t1,t3]  	 → euristica 1
[t1,t2]  	 → euristica 1
[t3,t6]  	 → euristica 1
[t3,t5]  	 → euristica 1
[t2,t4]  	 → euristica 1
[t6,t9]  	 → euristica 1
[t4,t7]  	 → euristica 1
[t9,t11]  	 → euristica 1
[t11,t14]  	 → euristica 1
[t11,t16]  	 → euristica 1
[t7,t10]  	 → euristica 1
[t14,t15]  	 → euristica 1
[t10,t12]  	 → euristica 1
[t10,t16]  	 → euristica 1
[t15,t3]  	 → euristica 1
[t5,t8]  	 → euristica 1
[t12,t13]  	 → euristica 1
[t8,t11]  	 → euristica 1
[t13,t2]  	 → euristica 1


	WF-Net

Split:

t1	(t2) AND (t3)
t3	(t6 OR t5)
t2	(t4)
t6	(t9)
t4	(t7)
t9	(t11)
t11	(t14 OR t16)
t7	(t10)
t14	(t15)
t10	(t12 OR t16)
t15	(t3)
t5	(t8)
t12	(t13)
t8	(t11)
t13	(t2)
t16	()


Join:

t1	()
t3	(t1 OR t15)
t2	(t1 OR t13)
t6	(t3)
t4	(t2)
t9	(t6)
t11	(t9 OR t8)
t7	(t4)
t14	(t11)
t10	(t7)
t15	(t14)
t5	(t3)
t12	(t10)
t8	(t5)
t13	(t12)
t16	(t10) AND (t11)
