	D/F-Table

A = t1
#A = 978
_____________________________________________________________
B	B<A	A>B	B<<<A	A>>>B	A→B
_____________________________________________________________
t1	0	0	0	0	0.0
t2	1	499	9	972	0.863118169102652
t4	4	226	6	477	0.417038265848672
t5	0	5	5	969	0.57166266110429
t9	0	0	0	481	0.195413856850716
t7	1	2	2	478	0.278170492597136
t8	1	1	1	474	0.182789345740695
t14	0	0	0	480	0.110434286914784
t12	0	1	0	481	0.13001712383686
t10	2	0	3	960	0.221744478552194
t15	1	1	2	958	0.144036672857299
t16	0	3	1	956	0.117758890812235
t3	4	238	7	487	0.427474779699306
t6	0	1	5	486	0.280027000408998
t11	0	0	3	485	0.184197021243681
t13	0	0	0	338	0.0785914963303618
_____________________________________________________________

A = t2
#A = 1998
_____________________________________________________________
B	B<A	A>B	B<<<A	A>>>B	A→B
_____________________________________________________________
t1	499	1	972	9	-0.42248727196316
t2	0	0	1002	1002	0.0
t4	174	189	362	255	-0.0060424445406688
t5	1	1223	1006	1982	0.673379535396603
t9	0	1	1005	1005	0.037617241170535
t7	47	132	274	430	0.0967757699131449
t8	34	37	253	466	0.0590881809060517
t14	889	1	1007	1004	-0.277779125184177
t12	61	32	224	487	0.0294307121969971
t10	0	2	1	980	0.330166646646643
t15	1	1	3	976	0.239540327527524
t16	2	1	3	972	0.190588805765765
t3	170	184	374	248	-0.0179600706559796
t6	68	132	283	417	0.0732595354040757
t11	38	56	243	472	0.060647069033834
t13	2	2	531	531	-0.0701322122122131
_____________________________________________________________

A = t4
#A = 488
_____________________________________________________________
B	B<A	A>B	B<<<A	A>>>B	A→B
_____________________________________________________________
t1	226	4	477	6	-0.835785704918035
t2	189	174	255	362	0.0247393528529841
t4	0	0	0	0	0.0
t5	48	133	69	451	0.531155356327869
t9	8	16	11	234	0.243744713442623
t7	0	134	2	483	0.810576524590166
t8	2	0	2	477	0.528782489180327
t14	0	5	1	241	0.155693504759385
t12	0	2	0	485	0.381209009017704
t10	9	15	9	470	0.281251072969625
t15	0	1	0	478	0.189515192801929
t16	0	0	0	477	0.151289846044822
t3	0	0	0	0	0.0
t6	0	0	0	0	0.0
t11	0	0	0	0	0.0
t13	1	4	1	166	0.109416225428089
_____________________________________________________________

A = t5
#A = 1999
_____________________________________________________________
B	B<A	A>B	B<<<A	A>>>B	A→B
_____________________________________________________________
t1	5	0	969	5	-0.279682882721358
t2	1223	1	1982	1006	-0.673042677199806
t4	133	48	451	69	-0.129666740314157
t5	1	1	1004	1004	0.0
t9	4	669	1004	1007	0.223731738511113
t7	141	142	374	248	-0.0175562506424413
t8	53	111	295	396	0.0573702792516256
t14	1	3	1002	1006	-0.0974789344537433
t12	60	50	266	452	0.041017858776428
t10	0	658	3	978	0.451367123561779
t15	2	1	4	973	0.325169042121058
t16	1	1	4	970	0.259629380770382
t3	143	49	460	68	-0.136112183262191
t6	133	137	371	255	-0.0229385431102495
t11	93	122	293	402	0.0464940806121457
t13	1	1	531	533	0.0219399299649835
_____________________________________________________________

A = t9
#A = 1014
_____________________________________________________________
B	B<A	A>B	B<<<A	A>>>B	A→B
_____________________________________________________________
t1	0	0	481	0	-0.18847608678501
t2	1	0	1005	1005	-0.0741215462117642
t4	16	8	234	11	-0.117305148086785
t5	669	4	1007	1004	-0.441064837557904
t9	0	0	523	523	0.0
t7	62	35	213	53	-0.099625485495795
t8	53	61	178	135	-0.0135143860260355
t14	1	352	521	1007	0.451828537452256
t12	50	51	139	192	0.0254041115266272
t10	0	0	0	481	0.17828504118169
t15	0	0	1	480	0.141169176298409
t16	0	0	0	480	0.113473435871075
t3	20	8	238	10	-0.126002947534517
t6	61	30	211	58	-0.101057163865878
t11	78	59	181	131	-0.0411981621664063
t13	1	406	268	535	0.366763739644971
_____________________________________________________________

A = t7
#A = 492
_____________________________________________________________
B	B<A	A>B	B<<<A	A>>>B	A→B
_____________________________________________________________
t1	2	1	478	2	-0.55294866211382
t2	132	47	430	274	-0.39300404123265
t4	134	0	483	2	-0.803986471544718
t5	142	141	248	374	0.071331189093984
t9	35	62	53	213	0.205325695716943
t7	0	0	0	0	0.0
t8	0	145	0	486	0.820558699186994
t14	9	9	13	237	0.192944428040325
t12	0	1	0	489	0.57486574204878
t10	30	66	39	444	0.29299151926342
t15	0	0	1	481	0.281336955248134
t16	1	0	1	480	0.224013173954605
t3	0	0	0	0	0.0
t6	0	0	0	0	0.0
t11	0	0	0	0	0.0
t13	5	20	7	163	0.146778507224046
_____________________________________________________________

A = t8
#A = 488
_____________________________________________________________
B	B<A	A>B	B<<<A	A>>>B	A→B
_____________________________________________________________
t1	1	1	474	1	-0.366327828144262
t2	37	34	466	253	-0.24192251116863
t4	0	2	477	2	-0.528782489180327
t5	111	53	396	295	-0.235006533245901
t9	61	53	135	178	0.0280811217836065
t7	145	0	486	0	-0.827284590163937
t8	0	0	0	0	0.0
t14	22	44	38	224	0.216099574481836
t12	0	214	0	486	0.861580327868855
t10	85	58	124	358	0.0664392234000657
t15	0	0	1	477	0.415236624621692
t16	0	0	1	476	0.331255529205549
t3	0	0	0	0	0.0
t6	0	0	0	0	0.0
t11	0	0	0	0	0.0
t13	25	29	38	152	0.112705318332339
_____________________________________________________________

A = t14
#A = 1013
_____________________________________________________________
B	B<A	A>B	B<<<A	A>>>B	A→B
_____________________________________________________________
t1	0	0	480	0	-0.106618689637373
t2	1	889	1004	1007	0.547880248882513
t4	5	0	241	1	-0.0750033863006712
t5	3	1	1006	1002	0.192359713694998
t9	352	1	1007	521	-0.452274567597816
t7	9	9	237	13	-0.0937104230955972
t8	44	22	224	38	-0.104103250095889
t14	0	0	523	523	0.0
t12	42	53	191	101	-0.0493703520789733
t10	0	1	0	480	0.291487778874627
t15	0	0	1	479	0.231815202369201
t16	0	0	0	479	0.185694768015796
t3	4	0	242	2	-0.0833147252513612
t6	15	13	236	18	-0.10134572303921
t11	34	20	220	52	-0.106842863068114
t13	504	1	533	277	-0.383141212240869
_____________________________________________________________

A = t12
#A = 495
_____________________________________________________________
B	B<A	A>B	B<<<A	A>>>B	A→B
_____________________________________________________________
t1	1	0	481	0	-0.256882317398886
t2	32	61	487	224	-0.118793056504243
t4	2	0	485	0	-0.375818174546747
t5	50	60	452	266	-0.165645857967837
t9	51	50	192	139	-0.0520399375515152
t7	1	0	489	0	-0.571381707248484
t8	214	0	486	0	-0.849396363636366
t14	53	42	101	191	0.101034680113131
t12	0	0	0	0	0.0
t10	71	32	195	291	-0.0779710694381068
t15	0	194	1	484	0.590339104045474
t16	0	0	1	483	0.471030071115169
t3	0	0	0	0	0.0
t6	0	0	0	0	0.0
t11	0	0	0	0	0.0
t13	20	52	62	140	0.107344812538196
_____________________________________________________________

A = t10
#A = 985
_____________________________________________________________
B	B<A	A>B	B<<<A	A>>>B	A→B
_____________________________________________________________
t1	0	2	960	3	-0.220168629466036
t2	2	0	980	1	-0.669718741116744
t4	15	9	470	9	-0.139340633105763
t5	658	0	978	3	-0.916023228426391
t9	0	0	481	0	-0.183534042394146
t7	66	30	444	39	-0.146347032972185
t8	58	85	358	124	-0.0329160822530275
t14	1	0	480	0	-0.299773725888322
t12	32	71	291	195	0.0391834308343785
t10	0	0	0	0	0.0
t15	1	654	3	974	0.888234464812178
t16	0	0	4	970	0.70690306598984
t3	19	9	480	10	-0.15291032101701
t6	60	41	442	49	-0.145207220723988
t11	72	83	359	130	-0.0503699399180293
t13	1	0	336	0	-0.14554097907405
_____________________________________________________________

A = t15
#A = 982
_____________________________________________________________
B	B<A	A>B	B<<<A	A>>>B	A→B
_____________________________________________________________
t1	1	1	958	2	-0.143449965432218
t2	1	1	976	3	-0.487374312016287
t4	1	0	478	0	-0.0941786294168447
t5	1	2	973	4	-0.661927612219954
t9	0	0	480	1	-0.145769393855995
t7	0	0	481	1	-0.140954971468515
t8	0	0	477	1	-0.206349768651106
t14	0	0	479	1	-0.239133197556008
t12	194	0	484	1	-0.297574191957749
t10	654	1	974	3	-0.890948012057022
t15	0	0	0	0	0.0
t16	0	972	4	975	0.989121858841548
t3	0	2	485	3	-0.114231385125665
t6	0	0	486	2	-0.177765403187885
t11	129	0	487	2	-0.267709059730557
t13	0	0	335	1	-0.115803066711152
_____________________________________________________________

A = t16
#A = 979
_____________________________________________________________
B	B<A	A>B	B<<<A	A>>>B	A→B
_____________________________________________________________
t1	3	0	956	1	-0.117638605939087
t2	1	2	972	3	-0.388964692461695
t4	0	0	477	0	-0.075413120398236
t5	1	1	970	4	-0.530131902104182
t9	0	0	480	0	-0.117530198134086
t7	0	1	480	1	-0.112578632876063
t8	0	0	476	1	-0.16512022293392
t14	0	0	479	0	-0.19214382022472
t12	0	0	483	1	-0.238161271912164
t10	0	0	970	4	-0.711235464759951
t15	972	0	975	4	-0.992152875773647
t16	0	0	0	0	0.0
t3	1	0	483	3	-0.0915713714087059
t6	0	0	483	3	-0.140047579922781
t11	0	0	484	3	-0.211735057532509
t13	0	0	336	0	-0.0936124956162217
_____________________________________________________________

A = t3
#A = 496
_____________________________________________________________
B	B<A	A>B	B<<<A	A>>>B	A→B
_____________________________________________________________
t1	238	4	487	7	-0.842883739003873
t2	184	170	248	374	0.0723472201021113
t4	0	0	0	0	0.0
t5	49	143	68	460	0.548565028913547
t9	8	20	10	238	0.257594735483871
t7	0	0	0	0	0.0
t8	0	0	0	0	0.0
t14	0	4	2	242	0.170156888466994
t12	0	0	0	0	0.0
t10	9	19	10	480	0.303662633471279
t15	2	0	3	485	0.226159718131862
t16	0	1	3	483	0.180742686711942
t3	0	0	0	0	0.0
t6	2	131	5	488	0.794145161290325
t11	1	0	3	487	0.523409010580644
t13	0	3	1	174	0.122581289262461
_____________________________________________________________

A = t6
#A = 496
_____________________________________________________________
B	B<A	A>B	B<<<A	A>>>B	A→B
_____________________________________________________________
t1	1	0	486	5	-0.552150012903225
t2	132	68	417	283	-0.295105951083353
t4	0	0	0	0	0.0
t5	137	133	255	371	0.0924478783818322
t9	30	61	58	211	0.206596701935484
t7	0	0	0	0	0.0
t8	0	0	0	0	0.0
t14	13	15	18	236	0.206982293223226
t12	0	0	0	0	0.0
t10	41	60	49	442	0.288365145994211
t15	0	0	2	486	0.351946826472788
t16	0	0	3	483	0.276424557952424
t3	131	2	488	5	-0.794145161290325
t6	0	0	0	0	0.0
t11	0	140	1	491	0.812443870967745
t13	9	15	12	174	0.15521802881639
_____________________________________________________________

A = t11
#A = 495
_____________________________________________________________
B	B<A	A>B	B<<<A	A>>>B	A→B
_____________________________________________________________
t1	0	0	485	3	-0.363928660154182
t2	56	38	472	243	-0.244793624100203
t4	0	0	0	0	0.0
t5	122	93	402	293	-0.187760943724605
t9	59	78	131	181	0.084393810983305
t7	0	0	0	0	0.0
t8	0	0	0	0	0.0
t14	20	34	52	220	0.218650141995959
t12	0	0	0	0	0.0
t10	83	72	130	359	0.100231092564159
t15	0	129	2	487	0.531091508394762
t16	0	0	3	484	0.418764891564295
t3	0	1	487	3	-0.524466402521211
t6	140	0	491	1	-0.814085171717175
t11	0	0	0	0	0.0
t13	13	49	30	164	0.179727168376533
_____________________________________________________________

A = t13
#A = 1049
_____________________________________________________________
B	B<A	A>B	B<<<A	A>>>B	A→B
_____________________________________________________________
t1	0	0	338	0	-0.0732721481516624
t2	2	2	531	531	0.133578798856055
t4	4	1	166	1	-0.0509009704565372
t5	1	1	533	531	-0.0418092659675901
t9	406	1	535	268	-0.354526627264062
t7	20	5	163	7	-0.0688417784120408
t8	29	25	152	38	-0.0524310727799635
t14	1	504	277	533	0.369992419447093
t12	52	20	140	62	-0.0506536531996254
t10	0	1	0	336	0.13666145318202
t15	0	0	1	335	0.108406683994615
t16	0	0	0	336	0.0873657132586092
t3	3	0	174	1	-0.0579602664196195
t6	15	9	174	12	-0.0733919373621824
t11	49	13	164	30	-0.0848092929898797
t13	467	467	704	704	-1.08376394396202e-16
_____________________________________________________________


	D/F-Graph

[t1,t2]  	 → euristica 1
[t1,t4]  	 → euristica 1
[t1,t5]  	 → euristica 1
[t1,t3]  	 → euristica 1
[t2,t5]  	 → euristica 1
[t4,t7]  	 → euristica 1
[t4,t14]  	 → euristica 1
[t4,t13]  	 → euristica 1
[t5,t9]  	 → euristica 1
[t5,t10]  	 → euristica 1
[t9,t14]  	 → euristica 1
[t9,t13]  	 → euristica 1
[t7,t8]  	 → euristica 1
[t8,t12]  	 → euristica 1
[t14,t2]  	 → euristica 1
[t12,t15]  	 → euristica 1
[t10,t15]  	 → euristica 1
[t15,t16]  	 → euristica 1
[t3,t14]  	 → euristica 1
[t3,t6]  	 → euristica 1
[t6,t11]  	 → euristica 1
[t11,t15]  	 → euristica 1
[t13,t14]  	 → euristica 1


	WF-Net

Split:

t1	(t4 OR t3) AND (t5) AND (t2)
t2	(t5)
t4	(t13) AND (t14) AND (t7)
t5	(t9 OR t10)
t9	(t13) AND (t14)
t7	(t8)
t8	(t12)
t14	(t2)
t12	(t15)
t10	(t15)
t15	(t16)
t16	()
t3	(t6) AND (t14)
t6	(t11)
t11	(t15)
t13	(t14)


Join:

t1	()
t2	(t1 OR t14)
t4	(t1)
t5	(t2) AND (t1)
t9	(t5)
t7	(t4)
t8	(t7)
t14	(t3 OR t13) AND (t9) AND (t4)
t12	(t8)
t10	(t5)
t15	(t12 OR t11) AND (t10)
t16	(t15)
t3	(t1)
t6	(t3)
t11	(t6)
t13	(t9) AND (t4)
