	D/F-Table

A = t1
#A = 1000
_____________________________________________________________
B	B<A	A>B	B<<<A	A>>>B	A→B
_____________________________________________________________
t1	0	0	0	0	0.0
t4	0	500	0	500	0.5
t7	0	0	0	670	0.362549904246783
t9	0	0	0	670	0.261682124293499
t10	0	0	0	670	0.260389737821863
t13	0	0	0	670	0.185625550974353
t14	0	0	0	1000	0.237822452161011
t6	0	0	0	490	0.319712000000002
t8	0	0	0	490	0.2557696
t12	0	0	0	330	0.111652514226911
t11	0	0	0	251	0.10289152
t3	0	0	0	612	0.445875200000005
t5	0	0	0	612	0.356700159999995
t2	0	500	0	500	0.5
_____________________________________________________________

A = t4
#A = 500
_____________________________________________________________
B	B<A	A>B	B<<<A	A>>>B	A→B
_____________________________________________________________
t1	500	0	500	0	-1.0
t4	0	0	0	0	0.0
t7	0	261	0	329	0.558352184098488
t9	0	0	0	329	0.401573552712078
t10	0	0	0	329	0.402453592389745
t13	0	0	0	329	0.285876318258426
t14	0	0	0	500	0.370485974456227
t6	0	239	0	239	0.478
t8	0	0	0	239	0.382400000000001
t12	0	0	0	171	0.177231149811856
t11	0	0	0	112	0.14336
t3	0	0	0	112	0.114688
t5	0	0	0	112	0.0917503999999999
t2	0	0	0	0	0.0
_____________________________________________________________

A = t7
#A = 670
_____________________________________________________________
B	B<A	A>B	B<<<A	A>>>B	A→B
_____________________________________________________________
t1	0	0	670	0	-0.541119260069825
t4	261	0	329	0	-0.416680734401857
t7	0	0	0	0	0.0
t9	0	332	0	670	0.899104477611941
t10	0	338	0	670	0.900895522388059
t13	0	0	0	670	0.639999999999991
t14	0	0	0	670	0.512
t6	0	0	160	0	-0.0978149253731341
t8	0	0	160	0	-0.122268656716418
t12	0	0	0	0	0.0
t11	0	0	160	0	-0.152835820895523
t3	0	0	409	0	-0.488358208955228
t5	409	0	409	0	-0.61044776119403
t2	0	0	341	0	-0.259718340685419
_____________________________________________________________

A = t9
#A = 670
_____________________________________________________________
B	B<A	A>B	B<<<A	A>>>B	A→B
_____________________________________________________________
t1	0	0	670	0	-0.390570334766417
t4	0	0	329	0	-0.299681755755282
t7	332	0	670	0	-0.899104477611941
t9	0	0	0	0	0.0
t10	338	332	338	332	-0.00895522388059702
t13	0	338	0	670	0.900895522388059
t14	0	0	0	670	0.720716417910447
t6	0	0	160	0	-0.0687638925373134
t8	0	0	160	0	-0.0859548656716418
t12	0	0	0	0	0.0
t11	0	0	160	0	-0.107443582089552
t3	0	0	409	0	-0.350758208955222
t5	0	0	409	0	-0.438447761194029
t2	0	0	341	0	-0.18853116270274
_____________________________________________________________

A = t10
#A = 670
_____________________________________________________________
B	B<A	A>B	B<<<A	A>>>B	A→B
_____________________________________________________________
t1	0	0	670	0	-0.388641399734124
t4	0	0	329	0	-0.300338501783392
t7	338	0	670	0	-0.900895522388059
t9	332	338	332	338	0.00895522388059702
t10	0	0	0	0	0.0
t13	0	332	0	670	0.899104477611941
t14	0	0	0	670	0.719283582089551
t6	0	0	160	0	-0.0720896000000001
t8	0	0	160	0	-0.0901119999999999
t12	0	0	0	0	0.0
t11	0	0	160	0	-0.11264
t3	0	0	409	0	-0.352477611940297
t5	0	0	409	0	-0.440597014925373
t2	0	0	341	0	-0.185463247884264
_____________________________________________________________

A = t13
#A = 670
_____________________________________________________________
B	B<A	A>B	B<<<A	A>>>B	A→B
_____________________________________________________________
t1	0	0	670	0	-0.277053061155751
t4	0	0	329	0	-0.213340536013751
t7	0	0	670	0	-0.639999999999991
t9	338	0	670	0	-0.900895522388059
t10	332	0	670	0	-0.899104477611941
t13	0	0	0	0	0.0
t14	0	670	0	670	1.0
t6	0	0	160	0	-0.0500812417910449
t8	0	0	160	0	-0.0626015522388058
t12	0	0	0	0	0.0
t11	0	0	160	0	-0.0782519402985076
t3	0	0	409	0	-0.250039402985075
t5	0	0	409	0	-0.312549253731344
t2	0	0	341	0	-0.132975790430935
_____________________________________________________________

A = t14
#A = 1000
_____________________________________________________________
B	B<A	A>B	B<<<A	A>>>B	A→B
_____________________________________________________________
t1	0	0	1000	0	-0.237822452161011
t4	0	0	500	0	-0.185242987228114
t7	0	0	670	0	-0.34304
t9	0	0	670	0	-0.482879999999999
t10	0	0	670	0	-0.481919999999999
t13	670	0	670	0	-0.67
t14	0	0	0	0	0.0
t6	0	0	490	0	-0.238043545599998
t8	0	0	490	0	-0.297554432000002
t12	330	0	330	0	-0.33
t11	0	0	251	0	-0.0717619200000001
t3	0	0	612	0	-0.217169919999999
t5	0	0	612	0	-0.271462400000002
t2	0	0	500	0	-0.11203507797315
_____________________________________________________________

A = t6
#A = 683
_____________________________________________________________
B	B<A	A>B	B<<<A	A>>>B	A→B
_____________________________________________________________
t1	0	0	490	0	-0.468099560761349
t4	239	0	239	0	-0.349926793557833
t7	0	0	0	160	0.0959531478770129
t9	0	0	0	160	0.0674550629575402
t10	0	0	0	160	0.0707174699853588
t13	0	0	0	160	0.0491280117130309
t14	0	0	0	490	0.348526421083452
t6	0	0	193	193	0.0
t8	0	683	193	683	0.855320644216691
t12	0	0	0	330	0.386530014641291
t11	0	0	193	353	0.232620790629577
t3	0	0	444	353	-0.189282576866768
t5	444	0	444	353	-0.385452415812591
t2	0	0	251	0	-0.23519765739385
_____________________________________________________________

A = t8
#A = 683
_____________________________________________________________
B	B<A	A>B	B<<<A	A>>>B	A→B
_____________________________________________________________
t1	0	0	490	0	-0.374479648609077
t4	0	0	239	0	-0.279941434846267
t7	0	0	0	160	0.119941434846267
t9	0	0	0	160	0.0843188286969254
t10	0	0	0	160	0.0883968374816983
t13	0	0	0	160	0.0614100146412883
t14	0	0	0	490	0.435658026354323
t6	683	0	683	193	-0.855320644216691
t8	0	0	193	193	0.0
t12	0	330	0	330	0.483162518301611
t11	0	353	193	353	0.37215812591508
t3	0	0	444	353	-0.002576866764271
t5	0	0	444	353	-0.189282576866768
t2	0	0	251	0	-0.188158125915081
_____________________________________________________________

A = t12
#A = 330
_____________________________________________________________
B	B<A	A>B	B<<<A	A>>>B	A→B
_____________________________________________________________
t1	0	0	330	0	-0.338340952202761
t4	0	0	171	0	-0.268532045169479
t7	0	0	0	0	0.0
t9	0	0	0	0	0.0
t10	0	0	0	0	0.0
t13	0	0	0	0	0.0
t14	0	330	0	330	1.0
t6	0	0	330	0	-0.800000000000005
t8	330	0	330	0	-1.0
t12	0	0	0	0	0.0
t11	0	0	91	0	-0.112950303030303
t3	0	0	203	0	-0.314957575757576
t5	0	0	203	0	-0.39369696969697
t2	0	0	159	0	-0.154394145083972
_____________________________________________________________

A = t11
#A = 353
_____________________________________________________________
B	B<A	A>B	B<<<A	A>>>B	A→B
_____________________________________________________________
t1	0	0	251	0	-0.291477393767706
t4	0	0	112	0	-0.203059490084986
t7	0	0	0	160	0.290084985835694
t9	0	0	0	160	0.203929745042493
t10	0	0	0	160	0.213792634560906
t13	0	0	0	160	0.148523512747876
t14	0	0	0	251	0.203291558073655
t6	0	0	353	193	-0.450084985835697
t8	353	0	353	193	-0.720067988668555
t12	0	0	0	91	0.105590934844193
t11	0	0	102	102	0.0
t3	0	353	241	353	0.650447592067988
t5	0	0	241	353	0.363059490084989
t2	0	0	139	0	-0.161287252124646
_____________________________________________________________

A = t3
#A = 853
_____________________________________________________________
B	B<A	A>B	B<<<A	A>>>B	A→B
_____________________________________________________________
t1	0	0	612	0	-0.52271418522861
t4	0	0	112	0	-0.0672262602579133
t7	0	0	0	409	0.383587338804223
t9	0	0	0	409	0.275507620164125
t10	0	0	0	409	0.276858147713949
t13	0	0	0	409	0.196396717467762
t14	0	0	0	612	0.254595451348181
t6	0	0	353	444	0.151559202813602
t8	0	0	353	444	0.0020633059788946
t12	0	0	0	203	0.121847596717468
t11	353	0	353	241	-0.269177022274326
t3	0	0	241	241	0.0
t5	0	853	241	853	0.855343493552169
t2	500	0	500	0	-0.586166471277843
_____________________________________________________________

A = t5
#A = 853
_____________________________________________________________
B	B<A	A>B	B<<<A	A>>>B	A→B
_____________________________________________________________
t1	0	0	612	0	-0.418171348182878
t4	0	0	112	0	-0.0537810082063305
t7	0	409	0	409	0.479484173505276
t9	0	0	0	409	0.344384525205158
t10	0	0	0	409	0.346072684642438
t13	0	0	0	409	0.245495896834701
t14	0	0	0	612	0.318244314185231
t6	0	444	353	444	0.30863305978898
t8	0	0	353	444	0.151559202813602
t12	0	0	0	203	0.152309495896835
t11	0	0	353	241	-0.150246189917938
t3	853	0	853	241	-0.855343493552169
t5	0	0	241	241	0.0
t2	0	0	500	0	-0.468933177022278
_____________________________________________________________

A = t2
#A = 500
_____________________________________________________________
B	B<A	A>B	B<<<A	A>>>B	A→B
_____________________________________________________________
t1	500	0	500	0	-1.0
t4	0	0	0	0	0.0
t7	0	0	0	341	0.348022576518461
t9	0	0	0	341	0.252631758021672
t10	0	0	0	341	0.248520752164913
t13	0	0	0	341	0.178187559177453
t14	0	0	0	500	0.224070155946301
t6	0	0	0	251	0.321279999999999
t8	0	0	0	251	0.257024
t12	0	0	0	159	0.101900135755421
t11	0	0	0	139	0.1138688
t3	0	500	0	500	1.0
t5	0	0	0	500	0.800000000000007
t2	0	0	0	0	0.0
_____________________________________________________________


	D/F-Graph

[t1,t4]  	 → euristica 1
[t1,t2]  	 → euristica 1
[t4,t7]  	 → euristica 1
[t4,t6]  	 → euristica 1
[t7,t9]  	 → euristica 1
[t7,t10]  	 → euristica 1
[t9,t13]  	 → euristica 1
[t10,t13]  	 → euristica 1
[t13,t14]  	 → euristica 1
[t6,t8]  	 → euristica 1
[t8,t12]  	 → euristica 1
[t8,t11]  	 → euristica 1
[t12,t14]  	 → euristica 1
[t11,t3]  	 → euristica 1
[t3,t5]  	 → euristica 1
[t5,t7]  	 → euristica 1
[t5,t6]  	 → euristica 1
[t2,t3]  	 → euristica 1


	WF-Net

Split:

t1	(t4 OR t2)
t4	(t7 OR t6)
t7	(t10) AND (t9)
t9	(t13)
t10	(t13)
t13	(t14)
t14	()
t6	(t8)
t8	(t12 OR t11)
t12	(t14)
t11	(t3)
t3	(t5)
t5	(t7 OR t6)
t2	(t3)


Join:

t1	()
t4	(t1)
t7	(t4 OR t5)
t9	(t7)
t10	(t7)
t13	(t10) AND (t9)
t14	(t13 OR t12)
t6	(t4 OR t5)
t8	(t6)
t12	(t8)
t11	(t8)
t3	(t11 OR t2)
t5	(t3)
t2	(t1)
