t1,t4,t7,t9,t10,t13,t14
t1,t4,t7,t10,t9,t13,t14
t1,t4,t6,t8,t12,t14
t1,t4,t6,t8,t11,t3,t5,t7,t10,t9,t13,t14
t1,t2,t3,t5,t6,t8,t11,t3,t5,t7,t9,t10,t13,t14
t1,t2,t3,t5,t6,t8,t11,t3,t5,t6,t8,t11,t3,t5,t6,t8,t12,t14
t1,t2,t3,t5,t7,t10,t9,t13,t14
t1,t2,t3,t5,t7,t9,t10,t13,t14
t1,t4,t6,t8,t11,t3,t5,t6,t8,t11,t3,t5,t6,t8,t12,t14
t1,t4,t6,t8,t11,t3,t5,t6,t8,t12,t14
t1,t4,t7,t10,t9,t13,t14
t1,t4,t7,t9,t10,t13,t14
t1,t2,t3,t5,t6,t8,t12,t14
t1,t2,t3,t5,t6,t8,t12,t14
t1,t4,t7,t9,t10,t13,t14
t1,t2,t3,t5,t7,t10,t9,t13,t14
t1,t2,t3,t5,t6,t8,t12,t14
t1,t2,t3,t5,t7,t9,t10,t13,t14
t1,t4,t6,t8,t11,t3,t5,t6,t8,t12,t14
t1,t4,t7,t9,t10,t13,t14
t1,t2,t3,t5,t6,t8,t12,t14
t1,t2,t3,t5,t7,t9,t10,t13,t14
t1,t4,t6,t8,t12,t14
t1,t2,t3,t5,t6,t8,t11,t3,t5,t6,t8,t12,t14
t1,t2,t3,t5,t6,t8,t12,t14
t1,t2,t3,t5,t7,t9,t10,t13,t14
t1,t4,t6,t8,t11,t3,t5,t6,t8,t11,t3,t5,t7,t9,t10,t13,t14
t1,t4,t6,t8,t11,t3,t5,t7,t10,t9,t13,t14
t1,t4,t6,t8,t12,t14
t1,t4,t7,t9,t10,t13,t14
t1,t4,t7,t9,t10,t13,t14
t1,t2,t3,t5,t7,t10,t9,t13,t14
t1,t2,t3,t5,t7,t10,t9,t13,t14
t1,t4,t6,t8,t11,t3,t5,t7,t10,t9,t13,t14
t1,t2,t3,t5,t6,t8,t12,t14
t1,t4,t6,t8,t11,t3,t5,t6,t8,t12,t14
t1,t4,t7,t10,t9,t13,t14
t1,t2,t3,t5,t6,t8,t12,t14
t1,t2,t3,t5,t7,t9,t10,t13,t14
t1,t2,t3,t5,t6,t8,t12,t14
t1,t4,t7,t9,t10,t13,t14
t1,t2,t3,t5,t7,t10,t9,t13,t14
t1,t2,t3,t5,t7,t10,t9,t13,t14
t1,t2,t3,t5,t6,t8,t12,t14
t1,t4,t6,t8,t11,t3,t5,t7,t10,t9,t13,t14
t1,t4,t7,t10,t9,t13,t14
t1,t2,t3,t5,t6,t8,t12,t14
t1,t2,t3,t5,t6,t8,t11,t3,t5,t7,t10,t9,t13,t14
t1,t4,t6,t8,t12,t14
t1,t4,t7,t10,t9,t13,t14
t1,t2,t3,t5,t7,t9,t10,t13,t14
t1,t2,t3,t5,t7,t10,t9,t13,t14
t1,t2,t3,t5,t7,t9,t10,t13,t14
t1,t4,t7,t9,t10,t13,t14
t1,t2,t3,t5,t7,t10,t9,t13,t14
t1,t2,t3,t5,t6,t8,t11,t3,t5,t7,t10,t9,t13,t14
t1,t4,t7,t10,t9,t13,t14
t1,t4,t6,t8,t11,t3,t5,t6,t8,t11,t3,t5,t6,t8,t11,t3,t5,t7,t9,t10,t13,t14
t1,t2,t3,t5,t6,t8,t12,t14
t1,t4,t7,t10,t9,t13,t14
t1,t2,t3,t5,t7,t9,t10,t13,t14
t1,t2,t3,t5,t6,t8,t11,t3,t5,t7,t10,t9,t13,t14
t1,t2,t3,t5,t7,t9,t10,t13,t14
t1,t4,t6,t8,t12,t14
t1,t2,t3,t5,t6,t8,t11,t3,t5,t6,t8,t11,t3,t5,t7,t9,t10,t13,t14
t1,t4,t7,t10,t9,t13,t14
t1,t4,t7,t9,t10,t13,t14
t1,t2,t3,t5,t6,t8,t11,t3,t5,t7,t9,t10,t13,t14
t1,t2,t3,t5,t6,t8,t12,t14
t1,t2,t3,t5,t6,t8,t12,t14
t1,t2,t3,t5,t6,t8,t12,t14
t1,t2,t3,t5,t7,t9,t10,t13,t14
t1,t2,t3,t5,t7,t9,t10,t13,t14
t1,t4,t7,t9,t10,t13,t14
t1,t2,t3,t5,t7,t10,t9,t13,t14
t1,t4,t6,t8,t12,t14
t1,t2,t3,t5,t6,t8,t12,t14
t1,t4,t6,t8,t11,t3,t5,t6,t8,t11,t3,t5,t6,t8,t11,t3,t5,t7,t9,t10,t13,t14
t1,t4,t6,t8,t11,t3,t5,t7,t9,t10,t13,t14
t1,t4,t7,t10,t9,t13,t14
t1,t2,t3,t5,t6,t8,t12,t14
t1,t4,t7,t9,t10,t13,t14
t1,t4,t6,t8,t11,t3,t5,t7,t10,t9,t13,t14
t1,t4,t6,t8,t12,t14
t1,t4,t7,t9,t10,t13,t14
t1,t2,t3,t5,t6,t8,t11,t3,t5,t6,t8,t11,t3,t5,t7,t9,t10,t13,t14
t1,t4,t7,t10,t9,t13,t14
t1,t4,t7,t9,t10,t13,t14
t1,t2,t3,t5,t6,t8,t11,t3,t5,t7,t9,t10,t13,t14
t1,t2,t3,t5,t6,t8,t11,t3,t5,t6,t8,t12,t14
t1,t4,t6,t8,t11,t3,t5,t6,t8,t11,t3,t5,t7,t10,t9,t13,t14
t1,t4,t6,t8,t11,t3,t5,t6,t8,t12,t14
t1,t2,t3,t5,t6,t8,t11,t3,t5,t7,t10,t9,t13,t14
t1,t4,t7,t10,t9,t13,t14
t1,t4,t7,t9,t10,t13,t14
t1,t4,t6,t8,t12,t14
t1,t4,t7,t10,t9,t13,t14
t1,t4,t7,t9,t10,t13,t14
t1,t2,t3,t5,t7,t9,t10,t13,t14
t1,t4,t7,t9,t10,t13,t14
t1,t4,t6,t8,t11,t3,t5,t6,t8,t12,t14
t1,t4,t7,t9,t10,t13,t14
t1,t2,t3,t5,t6,t8,t11,t3,t5,t6,t8,t12,t14
t1,t4,t6,t8,t11,t3,t5,t7,t10,t9,t13,t14
t1,t2,t3,t5,t7,t9,t10,t13,t14
t1,t4,t7,t10,t9,t13,t14
t1,t2,t3,t5,t7,t9,t10,t13,t14
t1,t2,t3,t5,t6,t8,t11,t3,t5,t6,t8,t12,t14
t1,t2,t3,t5,t6,t8,t12,t14
t1,t4,t6,t8,t11,t3,t5,t6,t8,t11,t3,t5,t7,t9,t10,t13,t14
t1,t4,t7,t10,t9,t13,t14
t1,t2,t3,t5,t7,t9,t10,t13,t14
t1,t2,t3,t5,t6,t8,t11,t3,t5,t6,t8,t12,t14
t1,t2,t3,t5,t6,t8,t11,t3,t5,t7,t10,t9,t13,t14
t1,t4,t6,t8,t12,t14
t1,t2,t3,t5,t7,t9,t10,t13,t14
t1,t2,t3,t5,t6,t8,t12,t14
t1,t4,t7,t9,t10,t13,t14
t1,t2,t3,t5,t6,t8,t12,t14
t1,t2,t3,t5,t6,t8,t12,t14
t1,t2,t3,t5,t6,t8,t11,t3,t5,t7,t10,t9,t13,t14
t1,t2,t3,t5,t7,t10,t9,t13,t14
t1,t2,t3,t5,t6,t8,t12,t14
t1,t2,t3,t5,t6,t8,t11,t3,t5,t7,t10,t9,t13,t14
t1,t2,t3,t5,t6,t8,t11,t3,t5,t6,t8,t11,t3,t5,t6,t8,t12,t14
t1,t2,t3,t5,t6,t8,t11,t3,t5,t6,t8,t12,t14
t1,t4,t6,t8,t12,t14
t1,t4,t6,t8,t11,t3,t5,t7,t9,t10,t13,t14
t1,t4,t7,t9,t10,t13,t14
t1,t4,t6,t8,t11,t3,t5,t6,t8,t12,t14
t1,t2,t3,t5,t7,t10,t9,t13,t14
t1,t2,t3,t5,t7,t10,t9,t13,t14
t1,t4,t6,t8,t12,t14
t1,t4,t6,t8,t12,t14
t1,t4,t7,t9,t10,t13,t14
t1,t2,t3,t5,t6,t8,t12,t14
t1,t4,t6,t8,t12,t14
t1,t4,t7,t10,t9,t13,t14
t1,t2,t3,t5,t6,t8,t12,t14
t1,t2,t3,t5,t6,t8,t11,t3,t5,t7,t9,t10,t13,t14
t1,t2,t3,t5,t7,t9,t10,t13,t14
t1,t4,t7,t10,t9,t13,t14
t1,t4,t6,t8,t11,t3,t5,t6,t8,t11,t3,t5,t6,t8,t12,t14
t1,t2,t3,t5,t6,t8,t12,t14
t1,t4,t7,t9,t10,t13,t14
t1,t2,t3,t5,t6,t8,t11,t3,t5,t6,t8,t11,t3,t5,t7,t10,t9,t13,t14
t1,t4,t6,t8,t12,t14
t1,t2,t3,t5,t7,t10,t9,t13,t14
t1,t2,t3,t5,t7,t9,t10,t13,t14
t1,t2,t3,t5,t7,t9,t10,t13,t14
t1,t2,t3,t5,t7,t10,t9,t13,t14
t1,t2,t3,t5,t7,t9,t10,t13,t14
t1,t4,t7,t10,t9,t13,t14
t1,t2,t3,t5,t7,t10,t9,t13,t14
t1,t2,t3,t5,t7,t10,t9,t13,t14
t1,t4,t7,t9,t10,t13,t14
t1,t4,t7,t10,t9,t13,t14
t1,t2,t3,t5,t7,t10,t9,t13,t14
t1,t4,t6,t8,t12,t14
t1,t2,t3,t5,t6,t8,t11,t3,t5,t6,t8,t12,t14
t1,t4,t7,t10,t9,t13,t14
t1,t2,t3,t5,t6,t8,t11,t3,t5,t7,t10,t9,t13,t14
t1,t2,t3,t5,t7,t9,t10,t13,t14
t1,t4,t7,t10,t9,t13,t14
t1,t2,t3,t5,t6,t8,t11,t3,t5,t7,t10,t9,t13,t14
t1,t2,t3,t5,t6,t8,t11,t3,t5,t6,t8,t11,t3,t5,t7,t9,t10,t13,t14
t1,t4,t6,t8,t12,t14
t1,t4,t6,t8,t12,t14
t1,t4,t7,t10,t9,t13,t14
t1,t4,t7,t9,t10,t13,t14
t1,t4,t6,t8,t11,t3,t5,t6,t8,t12,t14
t1,t4,t7,t9,t10,t13,t14
t1,t4,t7,t10,t9,t13,t14
t1,t2,t3,t5,t7,t10,t9,t13,t14
t1,t4,t7,t10,t9,t13,t14
t1,t2,t3,t5,t7,t10,t9,t13,t14
t1,t4,t7,t9,t10,t13,t14
t1,t4,t7,t10,t9,t13,t14
t1,t4,t6,t8,t12,t14
t1,t4,t6,t8,t12,t14
t1,t2,t3,t5,t6,t8,t11,t3,t5,t7,t10,t9,t13,t14
t1,t4,t7,t10,t9,t13,t14
t1,t4,t6,t8,t12,t14
t1,t4,t7,t9,t10,t13,t14
t1,t4,t7,t9,t10,t13,t14
t1,t4,t7,t10,t9,t13,t14
t1,t4,t6,t8,t12,t14
t1,t2,t3,t5,t7,t9,t10,t13,t14
t1,t4,t7,t10,t9,t13,t14
t1,t2,t3,t5,t6,t8,t12,t14
t1,t2,t3,t5,t7,t10,t9,t13,t14
t1,t2,t3,t5,t7,t9,t10,t13,t14
t1,t2,t3,t5,t6,t8,t12,t14
t1,t4,t7,t10,t9,t13,t14
t1,t4,t6,t8,t11,t3,t5,t7,t10,t9,t13,t14
t1,t4,t7,t10,t9,t13,t14
t1,t4,t7,t10,t9,t13,t14
t1,t4,t6,t8,t12,t14
t1,t4,t7,t9,t10,t13,t14
t1,t2,t3,t5,t7,t9,t10,t13,t14
t1,t2,t3,t5,t6,t8,t11,t3,t5,t7,t10,t9,t13,t14
t1,t2,t3,t5,t6,t8,t11,t3,t5,t6,t8,t11,t3,t5,t7,t10,t9,t13,t14
t1,t2,t3,t5,t7,t9,t10,t13,t14
t1,t2,t3,t5,t6,t8,t11,t3,t5,t6,t8,t12,t14
t1,t4,t7,t10,t9,t13,t14
t1,t4,t7,t9,t10,t13,t14
t1,t4,t6,t8,t12,t14
t1,t2,t3,t5,t7,t9,t10,t13,t14
t1,t4,t7,t9,t10,t13,t14
t1,t4,t6,t8,t12,t14
t1,t4,t6,t8,t12,t14
t1,t4,t6,t8,t11,t3,t5,t6,t8,t12,t14
t1,t4,t7,t9,t10,t13,t14
t1,t2,t3,t5,t7,t9,t10,t13,t14
t1,t2,t3,t5,t6,t8,t11,t3,t5,t6,t8,t12,t14
t1,t4,t7,t10,t9,t13,t14
t1,t4,t6,t8,t12,t14
t1,t4,t7,t10,t9,t13,t14
t1,t4,t7,t9,t10,t13,t14
t1,t4,t6,t8,t12,t14
t1,t4,t6,t8,t12,t14
t1,t4,t6,t8,t11,t3,t5,t6,t8,t12,t14
t1,t4,t7,t10,t9,t13,t14
t1,t4,t6,t8,t11,t3,t5,t7,t9,t10,t13,t14
t1,t4,t7,t10,t9,t13,t14
t1,t4,t7,t10,t9,t13,t14
t1,t4,t7,t10,t9,t13,t14
t1,t2,t3,t5,t7,t9,t10,t13,t14
t1,t2,t3,t5,t7,t10,t9,t13,t14
t1,t2,t3,t5,t7,t9,t10,t13,t14
t1,t2,t3,t5,t6,t8,t12,t14
t1,t4,t6,t8,t12,t14
t1,t2,t3,t5,t7,t9,t10,t13,t14
t1,t4,t6,t8,t11,t3,t5,t7,t10,t9,t13,t14
t1,t2,t3,t5,t7,t9,t10,t13,t14
t1,t2,t3,t5,t6,t8,t11,t3,t5,t7,t10,t9,t13,t14
t1,t4,t6,t8,t11,t3,t5,t7,t10,t9,t13,t14
t1,t4,t6,t8,t11,t3,t5,t6,t8,t11,t3,t5,t7,t9,t10,t13,t14
t1,t2,t3,t5,t7,t10,t9,t13,t14
t1,t2,t3,t5,t6,t8,t12,t14
t1,t2,t3,t5,t7,t9,t10,t13,t14
t1,t4,t7,t9,t10,t13,t14
t1,t2,t3,t5,t6,t8,t11,t3,t5,t6,t8,t11,t3,t5,t6,t8,t11,t3,t5,t7,t9,t10,t13,t14
t1,t4,t6,t8,t11,t3,t5,t7,t10,t9,t13,t14
t1,t2,t3,t5,t6,t8,t12,t14
t1,t4,t7,t9,t10,t13,t14
t1,t4,t6,t8,t12,t14
t1,t4,t7,t10,t9,t13,t14
t1,t2,t3,t5,t7,t9,t10,t13,t14
t1,t4,t7,t9,t10,t13,t14
t1,t4,t7,t9,t10,t13,t14
t1,t2,t3,t5,t7,t9,t10,t13,t14
t1,t4,t7,t9,t10,t13,t14
t1,t4,t7,t9,t10,t13,t14
t1,t4,t7,t10,t9,t13,t14
t1,t4,t6,t8,t12,t14
t1,t2,t3,t5,t7,t10,t9,t13,t14
t1,t4,t7,t10,t9,t13,t14
t1,t4,t6,t8,t12,t14
t1,t4,t6,t8,t11,t3,t5,t6,t8,t12,t14
t1,t2,t3,t5,t7,t10,t9,t13,t14
t1,t4,t7,t10,t9,t13,t14
t1,t2,t3,t5,t6,t8,t11,t3,t5,t7,t10,t9,t13,t14
t1,t4,t6,t8,t12,t14
t1,t2,t3,t5,t6,t8,t12,t14
t1,t4,t6,t8,t12,t14
t1,t2,t3,t5,t7,t10,t9,t13,t14
t1,t4,t6,t8,t12,t14
t1,t2,t3,t5,t6,t8,t12,t14
t1,t4,t7,t9,t10,t13,t14
t1,t4,t6,t8,t12,t14
t1,t4,t6,t8,t12,t14
t1,t4,t7,t9,t10,t13,t14
t1,t2,t3,t5,t7,t10,t9,t13,t14
t1,t4,t6,t8,t11,t3,t5,t6,t8,t12,t14
t1,t2,t3,t5,t7,t10,t9,t13,t14
t1,t2,t3,t5,t6,t8,t11,t3,t5,t7,t10,t9,t13,t14
t1,t2,t3,t5,t6,t8,t11,t3,t5,t6,t8,t11,t3,t5,t6,t8,t11,t3,t5,t7,t9,t10,t13,t14
t1,t2,t3,t5,t7,t9,t10,t13,t14
t1,t4,t7,t9,t10,t13,t14
t1,t2,t3,t5,t6,t8,t11,t3,t5,t7,t9,t10,t13,t14
t1,t2,t3,t5,t7,t9,t10,t13,t14
t1,t4,t7,t10,t9,t13,t14
t1,t4,t6,t8,t11,t3,t5,t7,t10,t9,t13,t14
t1,t2,t3,t5,t7,t9,t10,t13,t14
t1,t2,t3,t5,t7,t9,t10,t13,t14
t1,t2,t3,t5,t6,t8,t11,t3,t5,t6,t8,t12,t14
t1,t2,t3,t5,t7,t10,t9,t13,t14
t1,t2,t3,t5,t7,t10,t9,t13,t14
t1,t4,t6,t8,t12,t14
t1,t4,t6,t8,t11,t3,t5,t6,t8,t11,t3,t5,t6,t8,t12,t14
t1,t4,t7,t9,t10,t13,t14
t1,t4,t6,t8,t12,t14
t1,t4,t6,t8,t11,t3,t5,t6,t8,t12,t14
t1,t2,t3,t5,t6,t8,t12,t14
t1,t2,t3,t5,t7,t10,t9,t13,t14
t1,t2,t3,t5,t6,t8,t11,t3,t5,t7,t10,t9,t13,t14
t1,t2,t3,t5,t6,t8,t12,t14
t1,t4,t7,t9,t10,t13,t14
t1,t4,t7,t10,t9,t13,t14
t1,t4,t6,t8,t11,t3,t5,t7,t10,t9,t13,t14
t1,t2,t3,t5,t7,t9,t10,t13,t14
t1,t2,t3,t5,t7,t9,t10,t13,t14
t1,t4,t6,t8,t11,t3,t5,t6,t8,t12,t14
t1,t2,t3,t5,t7,t10,t9,t13,t14
t1,t2,t3,t5,t6,t8,t12,t14
t1,t2,t3,t5,t6,t8,t12,t14
t1,t2,t3,t5,t7,t9,t10,t13,t14
t1,t4,t6,t8,t11,t3,t5,t7,t9,t10,t13,t14
t1,t4,t7,t10,t9,t13,t14
t1,t2,t3,t5,t7,t9,t10,t13,t14
t1,t4,t6,t8,t11,t3,t5,t6,t8,t11,t3,t5,t7,t10,t9,t13,t14
t1,t2,t3,t5,t6,t8,t11,t3,t5,t6,t8,t11,t3,t5,t7,t9,t10,t13,t14
t1,t4,t7,t10,t9,t13,t14
t1,t4,t7,t9,t10,t13,t14
t1,t4,t6,t8,t12,t14
t1,t4,t7,t9,t10,t13,t14
t1,t4,t6,t8,t11,t3,t5,t7,t10,t9,t13,t14
t1,t2,t3,t5,t7,t9,t10,t13,t14
t1,t4,t6,t8,t11,t3,t5,t7,t10,t9,t13,t14
t1,t2,t3,t5,t7,t9,t10,t13,t14
t1,t2,t3,t5,t7,t9,t10,t13,t14
t1,t2,t3,t5,t6,t8,t12,t14
t1,t2,t3,t5,t6,t8,t12,t14
t1,t4,t6,t8,t11,t3,t5,t7,t9,t10,t13,t14
t1,t4,t7,t9,t10,t13,t14
t1,t2,t3,t5,t6,t8,t11,t3,t5,t7,t9,t10,t13,t14
t1,t2,t3,t5,t6,t8,t11,t3,t5,t6,t8,t11,t3,t5,t6,t8,t11,t3,t5,t7,t10,t9,t13,t14
t1,t2,t3,t5,t7,t9,t10,t13,t14
t1,t4,t6,t8,t12,t14
t1,t2,t3,t5,t6,t8,t12,t14
t1,t2,t3,t5,t6,t8,t12,t14
t1,t4,t7,t10,t9,t13,t14
t1,t2,t3,t5,t7,t9,t10,t13,t14
t1,t2,t3,t5,t7,t9,t10,t13,t14
t1,t4,t7,t10,t9,t13,t14
t1,t2,t3,t5,t7,t9,t10,t13,t14
t1,t2,t3,t5,t6,t8,t11,t3,t5,t6,t8,t12,t14
t1,t4,t6,t8,t12,t14
t1,t4,t7,t9,t10,t13,t14
t1,t2,t3,t5,t6,t8,t12,t14
t1,t2,t3,t5,t6,t8,t12,t14
t1,t4,t7,t9,t10,t13,t14
t1,t4,t6,t8,t12,t14
t1,t4,t7,t10,t9,t13,t14
t1,t2,t3,t5,t6,t8,t12,t14
t1,t2,t3,t5,t7,t9,t10,t13,t14
t1,t2,t3,t5,t6,t8,t12,t14
t1,t4,t7,t10,t9,t13,t14
t1,t4,t6,t8,t12,t14
t1,t4,t6,t8,t11,t3,t5,t7,t10,t9,t13,t14
t1,t2,t3,t5,t7,t10,t9,t13,t14
t1,t2,t3,t5,t6,t8,t11,t3,t5,t6,t8,t12,t14
t1,t2,t3,t5,t7,t10,t9,t13,t14
t1,t2,t3,t5,t6,t8,t11,t3,t5,t6,t8,t11,t3,t5,t6,t8,t11,t3,t5,t7,t9,t10,t13,t14
t1,t2,t3,t5,t6,t8,t11,t3,t5,t6,t8,t11,t3,t5,t6,t8,t11,t3,t5,t6,t8,t11,t3,t5,t7,t10,t9,t13,t14
t1,t4,t7,t10,t9,t13,t14
t1,t2,t3,t5,t7,t9,t10,t13,t14
t1,t4,t6,t8,t11,t3,t5,t7,t10,t9,t13,t14
t1,t2,t3,t5,t7,t10,t9,t13,t14
t1,t4,t6,t8,t11,t3,t5,t7,t10,t9,t13,t14
t1,t2,t3,t5,t7,t9,t10,t13,t14
t1,t4,t6,t8,t12,t14
t1,t4,t6,t8,t11,t3,t5,t7,t10,t9,t13,t14
t1,t2,t3,t5,t6,t8,t11,t3,t5,t6,t8,t12,t14
t1,t4,t7,t10,t9,t13,t14
t1,t4,t7,t9,t10,t13,t14
t1,t2,t3,t5,t7,t9,t10,t13,t14
t1,t4,t7,t10,t9,t13,t14
t1,t4,t7,t10,t9,t13,t14
t1,t2,t3,t5,t6,t8,t11,t3,t5,t7,t9,t10,t13,t14
t1,t4,t6,t8,t11,t3,t5,t6,t8,t11,t3,t5,t7,t10,t9,t13,t14
t1,t2,t3,t5,t6,t8,t12,t14
t1,t2,t3,t5,t6,t8,t12,t14
t1,t2,t3,t5,t6,t8,t11,t3,t5,t7,t10,t9,t13,t14
t1,t4,t6,t8,t12,t14
t1,t2,t3,t5,t6,t8,t11,t3,t5,t7,t10,t9,t13,t14
t1,t2,t3,t5,t7,t9,t10,t13,t14
t1,t2,t3,t5,t6,t8,t12,t14
t1,t2,t3,t5,t7,t10,t9,t13,t14
t1,t4,t7,t10,t9,t13,t14
t1,t2,t3,t5,t6,t8,t12,t14
t1,t2,t3,t5,t6,t8,t12,t14
t1,t4,t7,t9,t10,t13,t14
t1,t4,t7,t10,t9,t13,t14
t1,t2,t3,t5,t7,t10,t9,t13,t14
t1,t4,t6,t8,t11,t3,t5,t7,t9,t10,t13,t14
t1,t2,t3,t5,t6,t8,t12,t14
t1,t2,t3,t5,t6,t8,t11,t3,t5,t7,t10,t9,t13,t14
t1,t4,t7,t10,t9,t13,t14
t1,t4,t6,t8,t11,t3,t5,t6,t8,t12,t14
t1,t2,t3,t5,t7,t10,t9,t13,t14
t1,t4,t7,t10,t9,t13,t14
t1,t4,t6,t8,t12,t14
t1,t4,t7,t10,t9,t13,t14
t1,t2,t3,t5,t6,t8,t11,t3,t5,t6,t8,t12,t14
t1,t2,t3,t5,t6,t8,t12,t14
t1,t2,t3,t5,t6,t8,t11,t3,t5,t7,t9,t10,t13,t14
t1,t2,t3,t5,t7,t9,t10,t13,t14
t1,t4,t7,t9,t10,t13,t14
t1,t4,t7,t10,t9,t13,t14
t1,t4,t7,t9,t10,t13,t14
t1,t2,t3,t5,t6,t8,t11,t3,t5,t6,t8,t12,t14
t1,t2,t3,t5,t7,t10,t9,t13,t14
t1,t4,t7,t9,t10,t13,t14
t1,t2,t3,t5,t6,t8,t12,t14
t1,t4,t7,t9,t10,t13,t14
t1,t2,t3,t5,t7,t9,t10,t13,t14
t1,t2,t3,t5,t6,t8,t11,t3,t5,t7,t10,t9,t13,t14
t1,t4,t6,t8,t12,t14
t1,t2,t3,t5,t6,t8,t11,t3,t5,t7,t9,t10,t13,t14
t1,t4,t7,t10,t9,t13,t14
t1,t4,t7,t9,t10,t13,t14
t1,t4,t6,t8,t12,t14
t1,t4,t6,t8,t12,t14
t1,t4,t7,t9,t10,t13,t14
t1,t4,t7,t9,t10,t13,t14
t1,t4,t7,t10,t9,t13,t14
t1,t4,t7,t9,t10,t13,t14
t1,t2,t3,t5,t7,t10,t9,t13,t14
t1,t4,t7,t9,t10,t13,t14
t1,t4,t7,t9,t10,t13,t14
t1,t2,t3,t5,t6,t8,t12,t14
t1,t4,t6,t8,t12,t14
t1,t4,t7,t9,t10,t13,t14
t1,t4,t6,t8,t11,t3,t5,t7,t10,t9,t13,t14
t1,t4,t6,t8,t12,t14
t1,t2,t3,t5,t6,t8,t11,t3,t5,t6,t8,t12,t14
t1,t4,t6,t8,t11,t3,t5,t6,t8,t12,t14
t1,t2,t3,t5,t7,t10,t9,t13,t14
t1,t2,t3,t5,t6,t8,t12,t14
t1,t4,t7,t9,t10,t13,t14
t1,t2,t3,t5,t6,t8,t11,t3,t5,t6,t8,t11,t3,t5,t7,t10,t9,t13,t14
t1,t2,t3,t5,t7,t10,t9,t13,t14
t1,t4,t6,t8,t12,t14
t1,t4,t6,t8,t11,t3,t5,t6,t8,t11,t3,t5,t6,t8,t11,t3,t5,t6,t8,t11,t3,t5,t6,t8,t12,t14
t1,t2,t3,t5,t7,t10,t9,t13,t14
t1,t4,t7,t9,t10,t13,t14
t1,t4,t7,t10,t9,t13,t14
t1,t4,t6,t8,t12,t14
t1,t2,t3,t5,t6,t8,t11,t3,t5,t6,t8,t11,t3,t5,t7,t10,t9,t13,t14
t1,t4,t6,t8,t12,t14
t1,t4,t6,t8,t12,t14
t1,t2,t3,t5,t6,t8,t11,t3,t5,t7,t9,t10,t13,t14
t1,t4,t7,t9,t10,t13,t14
t1,t4,t6,t8,t12,t14
t1,t2,t3,t5,t6,t8,t12,t14
t1,t2,t3,t5,t6,t8,t12,t14
t1,t4,t6,t8,t11,t3,t5,t7,t10,t9,t13,t14
t1,t2,t3,t5,t6,t8,t11,t3,t5,t7,t10,t9,t13,t14
t1,t2,t3,t5,t7,t10,t9,t13,t14
t1,t2,t3,t5,t7,t10,t9,t13,t14
t1,t4,t7,t10,t9,t13,t14
t1,t2,t3,t5,t6,t8,t11,t3,t5,t6,t8,t11,t3,t5,t7,t9,t10,t13,t14
t1,t2,t3,t5,t6,t8,t11,t3,t5,t7,t10,t9,t13,t14
t1,t2,t3,t5,t6,t8,t12,t14
t1,t4,t6,t8,t12,t14
t1,t4,t7,t9,t10,t13,t14
t1,t2,t3,t5,t7,t10,t9,t13,t14
t1,t4,t7,t10,t9,t13,t14
t1,t2,t3,t5,t7,t9,t10,t13,t14
t1,t4,t7,t9,t10,t13,t14
t1,t4,t7,t9,t10,t13,t14
t1,t4,t6,t8,t11,t3,t5,t6,t8,t11,t3,t5,t7,t10,t9,t13,t14
t1,t2,t3,t5,t6,t8,t11,t3,t5,t6,t8,t12,t14
t1,t2,t3,t5,t7,t10,t9,t13,t14
t1,t2,t3,t5,t6,t8,t12,t14
t1,t2,t3,t5,t6,t8,t12,t14
t1,t2,t3,t5,t6,t8,t12,t14
t1,t2,t3,t5,t7,t10,t9,t13,t14
t1,t2,t3,t5,t6,t8,t11,t3,t5,t6,t8,t12,t14
t1,t2,t3,t5,t6,t8,t12,t14
t1,t2,t3,t5,t6,t8,t11,t3,t5,t7,t9,t10,t13,t14
t1,t4,t6,t8,t11,t3,t5,t6,t8,t12,t14
t1,t2,t3,t5,t7,t10,t9,t13,t14
t1,t4,t6,t8,t11,t3,t5,t6,t8,t12,t14
t1,t4,t7,t9,t10,t13,t14
t1,t2,t3,t5,t6,t8,t11,t3,t5,t6,t8,t11,t3,t5,t6,t8,t11,t3,t5,t6,t8,t11,t3,t5,t7,t10,t9,t13,t14
t1,t2,t3,t5,t7,t10,t9,t13,t14
t1,t2,t3,t5,t6,t8,t11,t3,t5,t6,t8,t11,t3,t5,t7,t9,t10,t13,t14
t1,t2,t3,t5,t6,t8,t11,t3,t5,t7,t9,t10,t13,t14
t1,t4,t7,t9,t10,t13,t14
t1,t2,t3,t5,t6,t8,t11,t3,t5,t6,t8,t12,t14
t1,t4,t7,t9,t10,t13,t14
t1,t2,t3,t5,t6,t8,t12,t14
t1,t4,t6,t8,t11,t3,t5,t7,t10,t9,t13,t14
t1,t4,t7,t10,t9,t13,t14
t1,t4,t7,t10,t9,t13,t14
t1,t4,t6,t8,t11,t3,t5,t7,t10,t9,t13,t14
t1,t4,t6,t8,t12,t14
t1,t2,t3,t5,t7,t9,t10,t13,t14
t1,t4,t6,t8,t12,t14
t1,t2,t3,t5,t7,t9,t10,t13,t14
t1,t4,t7,t9,t10,t13,t14
t1,t2,t3,t5,t6,t8,t11,t3,t5,t6,t8,t11,t3,t5,t7,t10,t9,t13,t14
t1,t2,t3,t5,t7,t9,t10,t13,t14
t1,t2,t3,t5,t6,t8,t12,t14
t1,t4,t7,t10,t9,t13,t14
t1,t2,t3,t5,t6,t8,t11,t3,t5,t7,t9,t10,t13,t14
t1,t2,t3,t5,t7,t9,t10,t13,t14
t1,t2,t3,t5,t7,t9,t10,t13,t14
t1,t2,t3,t5,t7,t10,t9,t13,t14
t1,t4,t6,t8,t11,t3,t5,t6,t8,t11,t3,t5,t7,t9,t10,t13,t14
t1,t2,t3,t5,t6,t8,t11,t3,t5,t6,t8,t12,t14
t1,t4,t6,t8,t11,t3,t5,t6,t8,t12,t14
t1,t2,t3,t5,t7,t9,t10,t13,t14
t1,t4,t7,t9,t10,t13,t14
t1,t4,t6,t8,t12,t14
t1,t4,t7,t9,t10,t13,t14
t1,t4,t6,t8,t11,t3,t5,t6,t8,t12,t14
t1,t4,t6,t8,t11,t3,t5,t6,t8,t11,t3,t5,t7,t9,t10,t13,t14
t1,t4,t6,t8,t12,t14
t1,t2,t3,t5,t7,t10,t9,t13,t14
t1,t4,t6,t8,t11,t3,t5,t6,t8,t12,t14
t1,t2,t3,t5,t7,t10,t9,t13,t14
t1,t4,t7,t10,t9,t13,t14
t1,t2,t3,t5,t7,t9,t10,t13,t14
t1,t2,t3,t5,t6,t8,t12,t14
t1,t4,t6,t8,t11,t3,t5,t6,t8,t11,t3,t5,t6,t8,t12,t14
t1,t2,t3,t5,t6,t8,t12,t14
t1,t2,t3,t5,t6,t8,t11,t3,t5,t6,t8,t11,t3,t5,t7,t9,t10,t13,t14
t1,t4,t6,t8,t12,t14
t1,t4,t6,t8,t12,t14
t1,t4,t6,t8,t12,t14
t1,t2,t3,t5,t6,t8,t12,t14
t1,t2,t3,t5,t7,t9,t10,t13,t14
t1,t2,t3,t5,t6,t8,t12,t14
t1,t2,t3,t5,t7,t10,t9,t13,t14
t1,t2,t3,t5,t7,t9,t10,t13,t14
t1,t4,t7,t9,t10,t13,t14
t1,t2,t3,t5,t6,t8,t12,t14
t1,t4,t7,t10,t9,t13,t14
t1,t4,t7,t10,t9,t13,t14
t1,t2,t3,t5,t7,t9,t10,t13,t14
t1,t2,t3,t5,t6,t8,t11,t3,t5,t6,t8,t12,t14
t1,t4,t6,t8,t11,t3,t5,t6,t8,t12,t14
t1,t2,t3,t5,t7,t10,t9,t13,t14
t1,t4,t7,t10,t9,t13,t14
t1,t4,t6,t8,t11,t3,t5,t7,t10,t9,t13,t14
t1,t4,t7,t10,t9,t13,t14
t1,t4,t6,t8,t11,t3,t5,t7,t10,t9,t13,t14
t1,t4,t7,t10,t9,t13,t14
t1,t4,t7,t9,t10,t13,t14
t1,t2,t3,t5,t6,t8,t11,t3,t5,t6,t8,t12,t14
t1,t2,t3,t5,t7,t10,t9,t13,t14
t1,t4,t6,t8,t12,t14
t1,t2,t3,t5,t6,t8,t12,t14
t1,t2,t3,t5,t6,t8,t12,t14
t1,t2,t3,t5,t7,t9,t10,t13,t14
t1,t2,t3,t5,t7,t10,t9,t13,t14
t1,t2,t3,t5,t6,t8,t11,t3,t5,t6,t8,t11,t3,t5,t7,t9,t10,t13,t14
t1,t4,t7,t9,t10,t13,t14
t1,t2,t3,t5,t6,t8,t12,t14
t1,t2,t3,t5,t7,t9,t10,t13,t14
t1,t4,t7,t10,t9,t13,t14
t1,t4,t7,t9,t10,t13,t14
t1,t4,t7,t9,t10,t13,t14
t1,t2,t3,t5,t6,t8,t12,t14
t1,t2,t3,t5,t6,t8,t11,t3,t5,t6,t8,t11,t3,t5,t6,t8,t11,t3,t5,t6,t8,t11,t3,t5,t6,t8,t12,t14
t1,t4,t7,t9,t10,t13,t14
t1,t2,t3,t5,t7,t10,t9,t13,t14
t1,t4,t7,t10,t9,t13,t14
t1,t4,t6,t8,t11,t3,t5,t6,t8,t11,t3,t5,t6,t8,t12,t14
t1,t2,t3,t5,t6,t8,t12,t14
t1,t4,t7,t10,t9,t13,t14
t1,t2,t3,t5,t6,t8,t12,t14
t1,t4,t6,t8,t12,t14
t1,t2,t3,t5,t7,t10,t9,t13,t14
t1,t4,t7,t10,t9,t13,t14
t1,t4,t6,t8,t12,t14
t1,t4,t6,t8,t11,t3,t5,t6,t8,t12,t14
t1,t4,t6,t8,t12,t14
t1,t2,t3,t5,t6,t8,t12,t14
t1,t2,t3,t5,t7,t9,t10,t13,t14
t1,t2,t3,t5,t6,t8,t11,t3,t5,t6,t8,t11,t3,t5,t6,t8,t11,t3,t5,t6,t8,t11,t3,t5,t6,t8,t11,t3,t5,t6,t8,t12,t14
t1,t4,t7,t10,t9,t13,t14
t1,t2,t3,t5,t7,t10,t9,t13,t14
t1,t4,t6,t8,t12,t14
t1,t2,t3,t5,t6,t8,t11,t3,t5,t7,t10,t9,t13,t14
t1,t4,t6,t8,t11,t3,t5,t6,t8,t11,t3,t5,t6,t8,t12,t14
t1,t2,t3,t5,t7,t10,t9,t13,t14
t1,t4,t6,t8,t11,t3,t5,t6,t8,t12,t14
t1,t2,t3,t5,t6,t8,t11,t3,t5,t7,t9,t10,t13,t14
t1,t4,t6,t8,t12,t14
t1,t4,t7,t9,t10,t13,t14
t1,t2,t3,t5,t6,t8,t12,t14
t1,t4,t7,t10,t9,t13,t14
t1,t4,t7,t9,t10,t13,t14
t1,t4,t7,t9,t10,t13,t14
t1,t2,t3,t5,t7,t9,t10,t13,t14
t1,t2,t3,t5,t6,t8,t11,t3,t5,t7,t10,t9,t13,t14
t1,t4,t6,t8,t11,t3,t5,t7,t9,t10,t13,t14
t1,t4,t7,t10,t9,t13,t14
t1,t2,t3,t5,t7,t9,t10,t13,t14
t1,t2,t3,t5,t6,t8,t11,t3,t5,t6,t8,t11,t3,t5,t6,t8,t12,t14
t1,t2,t3,t5,t6,t8,t11,t3,t5,t6,t8,t12,t14
t1,t4,t7,t9,t10,t13,t14
t1,t2,t3,t5,t7,t9,t10,t13,t14
t1,t2,t3,t5,t7,t10,t9,t13,t14
t1,t2,t3,t5,t6,t8,t11,t3,t5,t6,t8,t11,t3,t5,t6,t8,t12,t14
t1,t2,t3,t5,t6,t8,t11,t3,t5,t7,t9,t10,t13,t14
t1,t2,t3,t5,t6,t8,t11,t3,t5,t7,t10,t9,t13,t14
t1,t4,t7,t9,t10,t13,t14
t1,t4,t7,t9,t10,t13,t14
t1,t2,t3,t5,t6,t8,t11,t3,t5,t6,t8,t11,t3,t5,t6,t8,t11,t3,t5,t6,t8,t12,t14
t1,t2,t3,t5,t6,t8,t12,t14
t1,t2,t3,t5,t6,t8,t11,t3,t5,t6,t8,t12,t14
t1,t2,t3,t5,t7,t9,t10,t13,t14
t1,t4,t6,t8,t12,t14
t1,t4,t6,t8,t12,t14
t1,t2,t3,t5,t7,t10,t9,t13,t14
t1,t4,t7,t9,t10,t13,t14
t1,t2,t3,t5,t7,t10,t9,t13,t14
t1,t2,t3,t5,t7,t9,t10,t13,t14
t1,t4,t6,t8,t12,t14
t1,t2,t3,t5,t6,t8,t11,t3,t5,t7,t10,t9,t13,t14
t1,t4,t6,t8,t12,t14
t1,t2,t3,t5,t7,t10,t9,t13,t14
t1,t2,t3,t5,t7,t10,t9,t13,t14
t1,t4,t7,t9,t10,t13,t14
t1,t4,t6,t8,t11,t3,t5,t6,t8,t12,t14
t1,t4,t6,t8,t11,t3,t5,t7,t10,t9,t13,t14
t1,t4,t7,t9,t10,t13,t14
t1,t4,t7,t9,t10,t13,t14
t1,t4,t6,t8,t12,t14
t1,t2,t3,t5,t6,t8,t11,t3,t5,t6,t8,t12,t14
t1,t2,t3,t5,t7,t9,t10,t13,t14
t1,t2,t3,t5,t6,t8,t12,t14
t1,t2,t3,t5,t6,t8,t12,t14
t1,t2,t3,t5,t6,t8,t12,t14
t1,t2,t3,t5,t7,t10,t9,t13,t14
t1,t2,t3,t5,t7,t9,t10,t13,t14
t1,t2,t3,t5,t6,t8,t12,t14
t1,t4,t6,t8,t11,t3,t5,t6,t8,t12,t14
t1,t4,t7,t9,t10,t13,t14
t1,t2,t3,t5,t6,t8,t11,t3,t5,t6,t8,t12,t14
t1,t2,t3,t5,t7,t9,t10,t13,t14
t1,t2,t3,t5,t7,t9,t10,t13,t14
t1,t4,t7,t10,t9,t13,t14
t1,t4,t7,t10,t9,t13,t14
t1,t4,t7,t9,t10,t13,t14
t1,t4,t6,t8,t11,t3,t5,t6,t8,t12,t14
t1,t2,t3,t5,t7,t10,t9,t13,t14
t1,t4,t7,t9,t10,t13,t14
t1,t4,t7,t9,t10,t13,t14
t1,t2,t3,t5,t7,t9,t10,t13,t14
t1,t4,t6,t8,t12,t14
t1,t2,t3,t5,t6,t8,t11,t3,t5,t6,t8,t11,t3,t5,t6,t8,t11,t3,t5,t7,t10,t9,t13,t14
t1,t4,t7,t9,t10,t13,t14
t1,t2,t3,t5,t6,t8,t11,t3,t5,t7,t9,t10,t13,t14
t1,t2,t3,t5,t7,t10,t9,t13,t14
t1,t2,t3,t5,t6,t8,t11,t3,t5,t6,t8,t12,t14
t1,t2,t3,t5,t6,t8,t12,t14
t1,t4,t7,t10,t9,t13,t14
t1,t2,t3,t5,t7,t10,t9,t13,t14
t1,t2,t3,t5,t6,t8,t12,t14
t1,t4,t7,t9,t10,t13,t14
t1,t4,t6,t8,t11,t3,t5,t7,t9,t10,t13,t14
t1,t4,t7,t10,t9,t13,t14
t1,t2,t3,t5,t6,t8,t12,t14
t1,t2,t3,t5,t7,t9,t10,t13,t14
t1,t2,t3,t5,t7,t9,t10,t13,t14
t1,t2,t3,t5,t6,t8,t11,t3,t5,t7,t9,t10,t13,t14
t1,t2,t3,t5,t6,t8,t12,t14
t1,t4,t7,t10,t9,t13,t14
t1,t4,t6,t8,t12,t14
t1,t2,t3,t5,t7,t9,t10,t13,t14
t1,t2,t3,t5,t7,t10,t9,t13,t14
t1,t2,t3,t5,t7,t10,t9,t13,t14
t1,t2,t3,t5,t7,t10,t9,t13,t14
t1,t4,t6,t8,t12,t14
t1,t4,t6,t8,t11,t3,t5,t7,t10,t9,t13,t14
t1,t2,t3,t5,t7,t9,t10,t13,t14
t1,t2,t3,t5,t7,t9,t10,t13,t14
t1,t4,t7,t10,t9,t13,t14
t1,t2,t3,t5,t7,t9,t10,t13,t14
t1,t2,t3,t5,t7,t10,t9,t13,t14
t1,t2,t3,t5,t6,t8,t12,t14
t1,t4,t6,t8,t12,t14
t1,t2,t3,t5,t7,t9,t10,t13,t14
t1,t2,t3,t5,t6,t8,t12,t14
t1,t2,t3,t5,t7,t9,t10,t13,t14
t1,t2,t3,t5,t6,t8,t12,t14
t1,t4,t7,t10,t9,t13,t14
t1,t2,t3,t5,t7,t10,t9,t13,t14
t1,t2,t3,t5,t6,t8,t11,t3,t5,t6,t8,t12,t14
t1,t4,t7,t9,t10,t13,t14
t1,t2,t3,t5,t6,t8,t11,t3,t5,t7,t9,t10,t13,t14
t1,t4,t7,t10,t9,t13,t14
t1,t2,t3,t5,t7,t9,t10,t13,t14
t1,t2,t3,t5,t6,t8,t11,t3,t5,t6,t8,t11,t3,t5,t6,t8,t12,t14
t1,t4,t6,t8,t12,t14
t1,t4,t7,t10,t9,t13,t14
t1,t4,t7,t9,t10,t13,t14
t1,t4,t7,t9,t10,t13,t14
t1,t4,t6,t8,t11,t3,t5,t7,t10,t9,t13,t14
t1,t4,t7,t10,t9,t13,t14
t1,t4,t6,t8,t12,t14
t1,t2,t3,t5,t6,t8,t11,t3,t5,t6,t8,t12,t14
t1,t2,t3,t5,t7,t9,t10,t13,t14
t1,t2,t3,t5,t7,t9,t10,t13,t14
t1,t4,t6,t8,t12,t14
t1,t4,t6,t8,t12,t14
t1,t2,t3,t5,t7,t10,t9,t13,t14
t1,t2,t3,t5,t7,t10,t9,t13,t14
t1,t4,t7,t10,t9,t13,t14
t1,t2,t3,t5,t7,t9,t10,t13,t14
t1,t2,t3,t5,t7,t9,t10,t13,t14
t1,t2,t3,t5,t7,t9,t10,t13,t14
t1,t2,t3,t5,t7,t10,t9,t13,t14
t1,t4,t7,t10,t9,t13,t14
t1,t2,t3,t5,t7,t9,t10,t13,t14
t1,t4,t6,t8,t12,t14
t1,t4,t6,t8,t12,t14
t1,t4,t7,t9,t10,t13,t14
t1,t2,t3,t5,t7,t9,t10,t13,t14
t1,t2,t3,t5,t7,t10,t9,t13,t14
t1,t4,t6,t8,t12,t14
t1,t2,t3,t5,t6,t8,t11,t3,t5,t7,t10,t9,t13,t14
t1,t4,t7,t10,t9,t13,t14
t1,t2,t3,t5,t7,t9,t10,t13,t14
t1,t2,t3,t5,t7,t9,t10,t13,t14
t1,t4,t7,t10,t9,t13,t14
t1,t4,t6,t8,t12,t14
t1,t4,t7,t10,t9,t13,t14
t1,t4,t7,t10,t9,t13,t14
t1,t2,t3,t5,t7,t10,t9,t13,t14
t1,t2,t3,t5,t6,t8,t12,t14
t1,t2,t3,t5,t6,t8,t11,t3,t5,t6,t8,t11,t3,t5,t7,t10,t9,t13,t14
t1,t2,t3,t5,t6,t8,t12,t14
t1,t2,t3,t5,t6,t8,t11,t3,t5,t6,t8,t11,t3,t5,t7,t10,t9,t13,t14
t1,t2,t3,t5,t7,t9,t10,t13,t14
t1,t4,t6,t8,t12,t14
t1,t2,t3,t5,t6,t8,t11,t3,t5,t6,t8,t11,t3,t5,t6,t8,t12,t14
t1,t2,t3,t5,t6,t8,t11,t3,t5,t7,t9,t10,t13,t14
t1,t2,t3,t5,t7,t9,t10,t13,t14
t1,t2,t3,t5,t6,t8,t11,t3,t5,t6,t8,t11,t3,t5,t6,t8,t11,t3,t5,t7,t10,t9,t13,t14
t1,t4,t7,t9,t10,t13,t14
t1,t4,t6,t8,t11,t3,t5,t7,t9,t10,t13,t14
t1,t4,t6,t8,t11,t3,t5,t6,t8,t11,t3,t5,t6,t8,t11,t3,t5,t7,t10,t9,t13,t14
t1,t4,t7,t10,t9,t13,t14
t1,t2,t3,t5,t6,t8,t12,t14
t1,t4,t7,t9,t10,t13,t14
t1,t4,t7,t9,t10,t13,t14
t1,t2,t3,t5,t7,t10,t9,t13,t14
t1,t2,t3,t5,t7,t10,t9,t13,t14
t1,t2,t3,t5,t7,t10,t9,t13,t14
t1,t4,t6,t8,t11,t3,t5,t7,t9,t10,t13,t14
t1,t4,t7,t9,t10,t13,t14
t1,t4,t6,t8,t12,t14
t1,t2,t3,t5,t6,t8,t11,t3,t5,t6,t8,t11,t3,t5,t6,t8,t11,t3,t5,t6,t8,t11,t3,t5,t6,t8,t12,t14
t1,t2,t3,t5,t6,t8,t12,t14
t1,t2,t3,t5,t7,t9,t10,t13,t14
t1,t2,t3,t5,t7,t9,t10,t13,t14
t1,t4,t6,t8,t12,t14
t1,t4,t7,t9,t10,t13,t14
t1,t2,t3,t5,t6,t8,t11,t3,t5,t6,t8,t11,t3,t5,t6,t8,t11,t3,t5,t6,t8,t11,t3,t5,t7,t9,t10,t13,t14
t1,t2,t3,t5,t7,t10,t9,t13,t14
t1,t2,t3,t5,t7,t10,t9,t13,t14
t1,t2,t3,t5,t7,t10,t9,t13,t14
t1,t4,t7,t10,t9,t13,t14
t1,t4,t6,t8,t12,t14
t1,t2,t3,t5,t6,t8,t12,t14
t1,t2,t3,t5,t7,t10,t9,t13,t14
t1,t4,t7,t9,t10,t13,t14
t1,t4,t7,t10,t9,t13,t14
t1,t2,t3,t5,t6,t8,t12,t14
t1,t4,t7,t10,t9,t13,t14
t1,t2,t3,t5,t7,t9,t10,t13,t14
t1,t2,t3,t5,t6,t8,t11,t3,t5,t7,t10,t9,t13,t14
t1,t4,t6,t8,t11,t3,t5,t7,t9,t10,t13,t14
t1,t2,t3,t5,t7,t10,t9,t13,t14
t1,t4,t6,t8,t11,t3,t5,t6,t8,t12,t14
t1,t2,t3,t5,t6,t8,t12,t14
t1,t2,t3,t5,t6,t8,t11,t3,t5,t6,t8,t12,t14
t1,t4,t7,t9,t10,t13,t14
t1,t4,t7,t10,t9,t13,t14
t1,t2,t3,t5,t7,t9,t10,t13,t14
t1,t4,t7,t9,t10,t13,t14
t1,t2,t3,t5,t7,t9,t10,t13,t14
t1,t2,t3,t5,t7,t10,t9,t13,t14
t1,t2,t3,t5,t7,t10,t9,t13,t14
t1,t2,t3,t5,t6,t8,t12,t14
t1,t2,t3,t5,t7,t9,t10,t13,t14
t1,t4,t7,t9,t10,t13,t14
t1,t2,t3,t5,t7,t9,t10,t13,t14
t1,t2,t3,t5,t7,t9,t10,t13,t14
t1,t2,t3,t5,t7,t10,t9,t13,t14
t1,t4,t7,t10,t9,t13,t14
t1,t2,t3,t5,t7,t10,t9,t13,t14
t1,t4,t6,t8,t11,t3,t5,t6,t8,t11,t3,t5,t6,t8,t11,t3,t5,t7,t10,t9,t13,t14
t1,t4,t6,t8,t12,t14
t1,t4,t6,t8,t11,t3,t5,t6,t8,t11,t3,t5,t7,t10,t9,t13,t14
t1,t4,t6,t8,t11,t3,t5,t7,t10,t9,t13,t14
t1,t4,t7,t9,t10,t13,t14
t1,t2,t3,t5,t6,t8,t12,t14
t1,t4,t7,t10,t9,t13,t14
t1,t2,t3,t5,t7,t9,t10,t13,t14
t1,t4,t7,t10,t9,t13,t14
t1,t4,t6,t8,t11,t3,t5,t6,t8,t12,t14
t1,t4,t6,t8,t12,t14
t1,t4,t6,t8,t11,t3,t5,t7,t9,t10,t13,t14
t1,t2,t3,t5,t6,t8,t11,t3,t5,t7,t10,t9,t13,t14
t1,t2,t3,t5,t6,t8,t11,t3,t5,t6,t8,t12,t14
t1,t2,t3,t5,t7,t10,t9,t13,t14
t1,t2,t3,t5,t6,t8,t11,t3,t5,t7,t10,t9,t13,t14
t1,t2,t3,t5,t6,t8,t11,t3,t5,t7,t10,t9,t13,t14
t1,t2,t3,t5,t7,t10,t9,t13,t14
t1,t2,t3,t5,t7,t9,t10,t13,t14
t1,t4,t7,t10,t9,t13,t14
t1,t4,t6,t8,t12,t14
t1,t2,t3,t5,t7,t9,t10,t13,t14
t1,t2,t3,t5,t6,t8,t12,t14
t1,t2,t3,t5,t6,t8,t11,t3,t5,t7,t10,t9,t13,t14
t1,t4,t6,t8,t12,t14
t1,t4,t7,t10,t9,t13,t14
t1,t2,t3,t5,t6,t8,t11,t3,t5,t7,t10,t9,t13,t14
t1,t2,t3,t5,t6,t8,t11,t3,t5,t6,t8,t12,t14
t1,t2,t3,t5,t7,t10,t9,t13,t14
t1,t4,t6,t8,t12,t14
t1,t2,t3,t5,t6,t8,t11,t3,t5,t6,t8,t11,t3,t5,t7,t10,t9,t13,t14
t1,t4,t7,t9,t10,t13,t14
t1,t4,t6,t8,t11,t3,t5,t7,t10,t9,t13,t14
t1,t4,t6,t8,t12,t14
t1,t4,t6,t8,t12,t14
t1,t2,t3,t5,t6,t8,t11,t3,t5,t6,t8,t11,t3,t5,t7,t9,t10,t13,t14
t1,t4,t7,t9,t10,t13,t14
t1,t4,t6,t8,t11,t3,t5,t6,t8,t12,t14
t1,t4,t6,t8,t12,t14
t1,t2,t3,t5,t7,t9,t10,t13,t14
t1,t4,t7,t9,t10,t13,t14
t1,t2,t3,t5,t7,t10,t9,t13,t14
t1,t2,t3,t5,t7,t9,t10,t13,t14
t1,t4,t7,t9,t10,t13,t14
t1,t4,t6,t8,t12,t14
t1,t4,t7,t9,t10,t13,t14
t1,t2,t3,t5,t7,t10,t9,t13,t14
t1,t4,t6,t8,t12,t14
t1,t4,t7,t10,t9,t13,t14
t1,t4,t6,t8,t12,t14
t1,t2,t3,t5,t6,t8,t12,t14
t1,t2,t3,t5,t6,t8,t12,t14
t1,t4,t7,t10,t9,t13,t14
t1,t2,t3,t5,t6,t8,t11,t3,t5,t7,t10,t9,t13,t14
t1,t2,t3,t5,t7,t10,t9,t13,t14
t1,t4,t6,t8,t12,t14
t1,t2,t3,t5,t6,t8,t11,t3,t5,t6,t8,t12,t14
t1,t2,t3,t5,t7,t10,t9,t13,t14
t1,t4,t7,t10,t9,t13,t14
t1,t2,t3,t5,t7,t9,t10,t13,t14
t1,t4,t6,t8,t12,t14
t1,t4,t6,t8,t12,t14
t1,t4,t7,t10,t9,t13,t14
t1,t4,t6,t8,t12,t14
t1,t2,t3,t5,t6,t8,t12,t14
t1,t4,t7,t10,t9,t13,t14
t1,t2,t3,t5,t6,t8,t11,t3,t5,t7,t9,t10,t13,t14
t1,t4,t7,t10,t9,t13,t14
t1,t4,t7,t9,t10,t13,t14
t1,t2,t3,t5,t7,t10,t9,t13,t14
t1,t2,t3,t5,t7,t9,t10,t13,t14
t1,t2,t3,t5,t7,t9,t10,t13,t14
t1,t2,t3,t5,t7,t9,t10,t13,t14
t1,t2,t3,t5,t7,t9,t10,t13,t14
t1,t2,t3,t5,t6,t8,t11,t3,t5,t7,t9,t10,t13,t14
t1,t2,t3,t5,t7,t9,t10,t13,t14
t1,t4,t6,t8,t12,t14
t1,t4,t6,t8,t11,t3,t5,t7,t9,t10,t13,t14
t1,t2,t3,t5,t7,t10,t9,t13,t14
t1,t4,t6,t8,t11,t3,t5,t6,t8,t11,t3,t5,t6,t8,t11,t3,t5,t6,t8,t12,t14
t1,t2,t3,t5,t7,t10,t9,t13,t14
t1,t4,t7,t9,t10,t13,t14
t1,t2,t3,t5,t6,t8,t11,t3,t5,t6,t8,t11,t3,t5,t6,t8,t11,t3,t5,t7,t10,t9,t13,t14
t1,t4,t7,t10,t9,t13,t14
t1,t2,t3,t5,t7,t10,t9,t13,t14
t1,t4,t7,t9,t10,t13,t14
t1,t2,t3,t5,t6,t8,t11,t3,t5,t7,t9,t10,t13,t14
t1,t4,t6,t8,t12,t14
t1,t4,t6,t8,t11,t3,t5,t6,t8,t11,t3,t5,t6,t8,t11,t3,t5,t6,t8,t12,t14
t1,t2,t3,t5,t7,t9,t10,t13,t14
t1,t2,t3,t5,t7,t10,t9,t13,t14
t1,t4,t7,t9,t10,t13,t14
t1,t2,t3,t5,t6,t8,t11,t3,t5,t6,t8,t12,t14
t1,t2,t3,t5,t7,t9,t10,t13,t14
t1,t2,t3,t5,t7,t10,t9,t13,t14
t1,t2,t3,t5,t7,t9,t10,t13,t14
t1,t2,t3,t5,t6,t8,t12,t14
t1,t4,t7,t10,t9,t13,t14
t1,t2,t3,t5,t6,t8,t11,t3,t5,t7,t10,t9,t13,t14
t1,t4,t6,t8,t11,t3,t5,t6,t8,t11,t3,t5,t7,t10,t9,t13,t14
t1,t4,t6,t8,t12,t14
t1,t2,t3,t5,t7,t9,t10,t13,t14
t1,t2,t3,t5,t7,t10,t9,t13,t14
t1,t4,t7,t10,t9,t13,t14
t1,t2,t3,t5,t6,t8,t11,t3,t5,t7,t10,t9,t13,t14
t1,t4,t7,t9,t10,t13,t14
t1,t2,t3,t5,t6,t8,t12,t14
t1,t4,t7,t10,t9,t13,t14
t1,t2,t3,t5,t7,t10,t9,t13,t14
t1,t2,t3,t5,t6,t8,t11,t3,t5,t7,t10,t9,t13,t14
t1,t4,t7,t9,t10,t13,t14
t1,t2,t3,t5,t6,t8,t12,t14
t1,t2,t3,t5,t6,t8,t11,t3,t5,t6,t8,t11,t3,t5,t6,t8,t12,t14
t1,t4,t6,t8,t11,t3,t5,t6,t8,t11,t3,t5,t6,t8,t11,t3,t5,t7,t9,t10,t13,t14
t1,t2,t3,t5,t7,t10,t9,t13,t14
t1,t4,t6,t8,t11,t3,t5,t6,t8,t11,t3,t5,t6,t8,t12,t14
t1,t4,t6,t8,t11,t3,t5,t7,t9,t10,t13,t14
t1,t2,t3,t5,t7,t9,t10,t13,t14
t1,t2,t3,t5,t6,t8,t12,t14
t1,t4,t6,t8,t12,t14
t1,t4,t7,t10,t9,t13,t14
t1,t2,t3,t5,t7,t9,t10,t13,t14
t1,t2,t3,t5,t7,t9,t10,t13,t14
t1,t2,t3,t5,t7,t9,t10,t13,t14
t1,t4,t7,t9,t10,t13,t14
t1,t2,t3,t5,t7,t9,t10,t13,t14
t1,t4,t7,t10,t9,t13,t14
t1,t2,t3,t5,t7,t9,t10,t13,t14
t1,t2,t3,t5,t7,t9,t10,t13,t14
t1,t4,t6,t8,t12,t14
t1,t2,t3,t5,t7,t10,t9,t13,t14
t1,t4,t6,t8,t11,t3,t5,t7,t10,t9,t13,t14
t1,t4,t6,t8,t12,t14
t1,t2,t3,t5,t7,t9,t10,t13,t14
t1,t4,t7,t10,t9,t13,t14
t1,t4,t7,t9,t10,t13,t14
t1,t4,t6,t8,t12,t14
t1,t4,t6,t8,t12,t14
t1,t4,t7,t9,t10,t13,t14
t1,t2,t3,t5,t7,t9,t10,t13,t14
t1,t2,t3,t5,t6,t8,t11,t3,t5,t7,t10,t9,t13,t14
t1,t2,t3,t5,t6,t8,t12,t14
t1,t2,t3,t5,t7,t10,t9,t13,t14
t1,t4,t7,t10,t9,t13,t14
t1,t4,t6,t8,t12,t14
t1,t4,t7,t10,t9,t13,t14
t1,t4,t6,t8,t12,t14
t1,t2,t3,t5,t7,t9,t10,t13,t14
t1,t4,t6,t8,t12,t14
t1,t4,t7,t10,t9,t13,t14
t1,t2,t3,t5,t7,t9,t10,t13,t14
t1,t2,t3,t5,t6,t8,t12,t14
t1,t4,t6,t8,t11,t3,t5,t6,t8,t11,t3,t5,t6,t8,t12,t14
t1,t4,t6,t8,t12,t14
t1,t2,t3,t5,t7,t10,t9,t13,t14
t1,t4,t6,t8,t11,t3,t5,t7,t9,t10,t13,t14
t1,t4,t6,t8,t11,t3,t5,t7,t10,t9,t13,t14
t1,t2,t3,t5,t6,t8,t11,t3,t5,t7,t10,t9,t13,t14
t1,t4,t7,t10,t9,t13,t14
t1,t4,t7,t10,t9,t13,t14
t1,t4,t6,t8,t11,t3,t5,t7,t9,t10,t13,t14
t1,t2,t3,t5,t6,t8,t11,t3,t5,t7,t10,t9,t13,t14
t1,t4,t6,t8,t11,t3,t5,t6,t8,t11,t3,t5,t6,t8,t11,t3,t5,t6,t8,t12,t14
t1,t2,t3,t5,t6,t8,t11,t3,t5,t6,t8,t11,t3,t5,t6,t8,t12,t14
t1,t4,t6,t8,t12,t14
t1,t4,t7,t10,t9,t13,t14
t1,t4,t7,t9,t10,t13,t14
t1,t4,t6,t8,t11,t3,t5,t7,t10,t9,t13,t14
t1,t2,t3,t5,t6,t8,t11,t3,t5,t7,t9,t10,t13,t14
t1,t2,t3,t5,t6,t8,t11,t3,t5,t6,t8,t11,t3,t5,t7,t10,t9,t13,t14
t1,t4,t7,t9,t10,t13,t14
t1,t4,t7,t10,t9,t13,t14
t1,t4,t7,t9,t10,t13,t14
t1,t2,t3,t5,t7,t9,t10,t13,t14
t1,t4,t6,t8,t12,t14
t1,t4,t7,t9,t10,t13,t14
t1,t4,t6,t8,t11,t3,t5,t6,t8,t12,t14
t1,t2,t3,t5,t6,t8,t11,t3,t5,t6,t8,t12,t14
t1,t4,t7,t9,t10,t13,t14
t1,t2,t3,t5,t6,t8,t12,t14
t1,t4,t6,t8,t11,t3,t5,t6,t8,t11,t3,t5,t7,t10,t9,t13,t14
t1,t2,t3,t5,t6,t8,t12,t14
t1,t4,t6,t8,t12,t14
t1,t4,t6,t8,t12,t14
t1,t2,t3,t5,t6,t8,t12,t14
t1,t2,t3,t5,t6,t8,t11,t3,t5,t7,t9,t10,t13,t14
t1,t2,t3,t5,t6,t8,t12,t14
t1,t2,t3,t5,t7,t9,t10,t13,t14
t1,t2,t3,t5,t7,t10,t9,t13,t14
t1,t4,t6,t8,t12,t14
t1,t4,t6,t8,t11,t3,t5,t7,t9,t10,t13,t14
t1,t4,t6,t8,t12,t14
t1,t4,t7,t10,t9,t13,t14
t1,t4,t6,t8,t12,t14
t1,t4,t7,t9,t10,t13,t14
t1,t4,t7,t10,t9,t13,t14
t1,t4,t6,t8,t11,t3,t5,t7,t10,t9,t13,t14
t1,t2,t3,t5,t7,t10,t9,t13,t14
t1,t4,t6,t8,t11,t3,t5,t6,t8,t12,t14
t1,t4,t6,t8,t11,t3,t5,t6,t8,t12,t14
t1,t4,t7,t10,t9,t13,t14
t1,t4,t7,t9,t10,t13,t14
t1,t4,t7,t9,t10,t13,t14
t1,t2,t3,t5,t7,t9,t10,t13,t14
t1,t4,t6,t8,t11,t3,t5,t7,t10,t9,t13,t14
t1,t2,t3,t5,t6,t8,t12,t14
t1,t2,t3,t5,t6,t8,t11,t3,t5,t6,t8,t11,t3,t5,t6,t8,t11,t3,t5,t7,t9,t10,t13,t14
t1,t4,t6,t8,t12,t14
t1,t4,t7,t9,t10,t13,t14
t1,t2,t3,t5,t6,t8,t12,t14
