	D/F-Table

A = t1
#A = 986
_____________________________________________________________
B	B<A	A>B	B<<<A	A>>>B	A→B
_____________________________________________________________
t1	0	0	0	0	0.0
t3	2	246	3	475	0.420084056795132
t6	1	1	1	477	0.280645397290061
t2	0	489	1	984	0.87103772819472
t11	0	0	1	475	0.185218293178418
t5	0	0	1	981	0.569993139148069
t10	0	1	1	972	0.220921496124011
t15	0	1	0	974	0.143426354771112
t16	0	0	0	972	0.113640594198975
t4	0	248	0	508	0.448425682906613
t9	0	0	0	491	0.189457655172414
t7	0	0	0	507	0.293437678864096
t8	0	0	0	505	0.194731442109533
t14	0	0	0	490	0.109120347660837
t12	0	0	0	506	0.135587442948882
t13	0	0	0	333	0.0740399407331041
_____________________________________________________________

A = t3
#A = 483
_____________________________________________________________
B	B<A	A>B	B<<<A	A>>>B	A→B
_____________________________________________________________
t1	246	2	475	3	-0.857562898550726
t3	0	0	0	0	0.0
t6	0	136	1	482	0.823652173913046
t2	164	178	231	365	0.108205686258219
t11	0	0	1	480	0.547507889026914
t5	57	123	67	445	0.527965840377638
t10	4	23	4	472	0.32119358091395
t15	0	0	0	476	0.23191524926118
t16	0	0	0	474	0.184311031707081
t4	0	0	0	0	0.0
t9	3	17	6	235	0.257577895126128
t7	0	0	0	0	0.0
t8	0	0	0	0	0.0
t14	1	2	1	236	0.162170066066286
t12	0	0	0	0	0.0
t13	2	2	2	168	0.112522701203703
_____________________________________________________________

A = t6
#A = 487
_____________________________________________________________
B	B<A	A>B	B<<<A	A>>>B	A→B
_____________________________________________________________
t1	1	1	477	1	-0.568206081577001
t3	136	0	482	1	-0.816887063655033
t6	0	0	0	0	0.0
t2	143	55	412	278	-0.326743330420698
t11	0	150	1	484	0.826473921971255
t5	126	145	229	373	0.148883626526489
t10	40	55	44	436	0.292781941043139
t15	0	0	0	480	0.352381906017263
t16	0	0	0	478	0.280013122349744
t4	0	0	0	0	0.0
t9	29	52	43	215	0.238417977823409
t7	0	0	0	0	0.0
t8	0	0	0	0	0.0
t14	7	16	9	235	0.221719062288296
t12	0	0	0	0	0.0
t13	4	12	7	167	0.157096786991108
_____________________________________________________________

A = t2
#A = 2003
_____________________________________________________________
B	B<A	A>B	B<<<A	A>>>B	A→B
_____________________________________________________________
t1	489	0	984	1	-0.42877843235147
t3	178	164	365	231	-0.0260925344297154
t6	55	143	278	412	0.0794428367023863
t2	0	0	1005	1005	0.0
t11	49	46	246	459	0.0527926375269097
t5	0	1242	1007	1995	0.673316856517995
t10	1	0	2	984	0.331313429855214
t15	0	1	1	986	0.242556900649023
t16	0	0	0	984	0.193638348876685
t4	190	190	378	260	-0.0124052037497036
t9	0	0	1008	1005	0.0262913935201515
t7	47	138	286	449	0.0998376881525711
t8	25	45	263	491	0.066246332900649
t14	904	0	1007	1002	-0.27691103979157
t12	60	30	243	499	0.0232867116421049
t13	1	0	488	488	-0.0635328926610093
_____________________________________________________________

A = t11
#A = 485
_____________________________________________________________
B	B<A	A>B	B<<<A	A>>>B	A→B
_____________________________________________________________
t1	0	0	475	1	-0.376546880564783
t3	0	0	480	1	-0.545250124536081
t6	150	0	484	1	-0.829882061855673
t2	46	49	459	246	-0.218028150446186
t11	0	0	0	0	0.0
t5	118	85	386	288	-0.183332832118762
t10	80	74	122	356	0.108500775681719
t15	0	122	0	479	0.525213288586613
t16	0	0	0	477	0.417201558704342
t4	0	0	0	0	0.0
t9	55	81	113	185	0.115764164882474
t7	0	0	0	0	0.0
t8	0	0	0	0	0.0
t14	22	35	39	219	0.22478918979035
t12	0	0	0	0	0.0
t13	13	38	25	160	0.17649539073431
_____________________________________________________________

A = t5
#A = 1999
_____________________________________________________________
B	B<A	A>B	B<<<A	A>>>B	A→B
_____________________________________________________________
t1	0	0	981	1	-0.281147191195596
t3	123	57	445	67	-0.127567534218309
t6	145	126	373	229	-0.0362712987085543
t2	1242	0	1995	1007	-0.674664163884714
t11	85	118	288	386	0.0444804520148073
t5	0	0	1003	1003	0.0
t10	0	644	2	983	0.452354177088542
t15	0	1	1	983	0.328310875437716
t16	0	0	0	982	0.262683917958976
t4	138	58	467	70	-0.134104793383059
t9	0	670	1004	1007	0.218954762669679
t7	136	152	373	259	-0.0131579992517861
t8	69	109	303	404	0.0530199681600799
t14	0	1	1002	1004	-0.0930674573439036
t12	57	60	263	468	0.0446938316287743
t13	2	1	485	487	0.0220915257628824
_____________________________________________________________

A = t10
#A = 987
_____________________________________________________________
B	B<A	A>B	B<<<A	A>>>B	A→B
_____________________________________________________________
t1	1	0	972	1	-0.220697664820947
t3	23	4	472	4	-0.157179837468528
t6	55	40	436	44	-0.144462821973666
t2	0	1	984	2	-0.672361499493408
t11	74	80	356	122	-0.0533159839976026
t5	644	0	983	2	-0.916166160081049
t10	0	0	0	0	0.0
t15	1	666	2	982	0.893245442593713
t16	0	0	0	982	0.715704983991887
t4	27	8	494	9	-0.14780961187036
t9	0	0	493	0	-0.196278684405366
t7	52	49	447	57	-0.115970269700566
t8	63	70	378	127	-0.0402464853057649
t14	0	0	491	1	-0.3070482674772
t12	47	69	309	195	0.0304572423500704
t13	0	0	332	1	-0.134709070186722
_____________________________________________________________

A = t15
#A = 988
_____________________________________________________________
B	B<A	A>B	B<<<A	A>>>B	A→B
_____________________________________________________________
t1	1	0	974	0	-0.143136018020564
t3	0	0	476	0	-0.113375572260273
t6	0	0	480	0	-0.173694320071262
t2	1	0	986	1	-0.491742380566795
t11	122	0	479	0	-0.257822312717113
t5	1	0	983	1	-0.664264615384609
t10	666	1	982	2	-0.892341348016189
t15	0	0	0	0	0.0
t16	0	984	0	986	0.996707868605668
t4	0	0	503	1	-0.0964456446996318
t9	0	0	492	1	-0.155122263893195
t7	0	1	503	1	-0.147246575056241
t8	0	0	502	1	-0.214266883398211
t14	0	0	491	1	-0.245089217813765
t12	196	0	504	2	-0.30152743465626
t13	1	0	333	0	-0.108948920060157
_____________________________________________________________

A = t16
#A = 986
_____________________________________________________________
B	B<A	A>B	B<<<A	A>>>B	A→B
_____________________________________________________________
t1	0	0	972	0	-0.113640594198975
t3	0	0	474	0	-0.0902862356131037
t6	0	0	478	0	-0.13830262736747
t2	0	0	984	0	-0.393364718864097
t11	0	0	477	0	-0.20521577684747
t5	0	0	982	0	-0.532561006085187
t10	0	0	982	0	-0.716430851115611
t15	984	0	986	0	-0.998729588420284
t16	0	0	0	0	0.0
t4	1	0	504	0	-0.0783164776399482
t9	0	0	493	0	-0.125030812759819
t7	0	0	504	0	-0.118796745083624
t8	0	0	503	0	-0.172259492736253
t14	0	0	492	0	-0.197150366896553
t12	1	0	506	0	-0.244039193055079
t13	0	0	333	0	-0.0873359294275343
_____________________________________________________________

A = t4
#A = 509
_____________________________________________________________
B	B<A	A>B	B<<<A	A>>>B	A→B
_____________________________________________________________
t1	248	0	508	0	-0.868659574353479
t3	0	0	0	0	0.0
t6	0	0	0	0	0.0
t2	190	190	260	378	0.0488165483509948
t11	0	0	0	0	0.0
t5	58	138	70	467	0.526670887962153
t10	8	27	9	494	0.286617066632701
t15	0	0	1	503	0.187206870261761
t16	0	1	0	504	0.151709326037306
t4	0	0	0	0	0.0
t9	4	19	6	256	0.261302186499018
t7	0	130	2	506	0.812061744282911
t8	0	0	2	504	0.540149236935166
t14	0	1	2	256	0.155719364109077
t12	0	1	1	506	0.381017242465069
t13	0	2	0	166	0.0987620452562773
_____________________________________________________________

A = t9
#A = 1010
_____________________________________________________________
B	B<A	A>B	B<<<A	A>>>B	A→B
_____________________________________________________________
t1	0	0	491	0	-0.184955691089109
t3	17	3	235	6	-0.123178339946455
t6	52	29	215	43	-0.114959955643564
t2	0	0	1005	1008	-0.0521402586345181
t11	81	55	185	113	-0.055589722740594
t5	670	0	1007	1004	-0.433357000570978
t10	0	0	0	493	0.191808971790194
t15	0	0	1	492	0.151743363095522
t16	0	0	0	493	0.122059783545725
t4	19	4	256	6	-0.131685953394059
t9	0	0	509	509	2.81403063667366e-17
t7	74	24	240	42	-0.129069851881188
t8	55	73	197	137	-0.0186911151904951
t14	0	396	508	1006	0.477439063273187
t12	41	48	159	197	0.0195010149386139
t13	0	377	249	489	0.338408744554456
_____________________________________________________________

A = t7
#A = 509
_____________________________________________________________
B	B<A	A>B	B<<<A	A>>>B	A→B
_____________________________________________________________
t1	0	0	507	0	-0.568427409351668
t3	0	0	0	0	0.0
t6	0	0	0	0	0.0
t2	138	47	449	286	-0.392877975185854
t11	0	0	0	0	0.0
t5	152	136	259	373	0.05167552161949
t10	49	52	57	447	0.224877517081451
t15	1	0	1	503	0.285814570050229
t16	0	0	0	504	0.230124932519554
t4	130	0	506	2	-0.812061744282911
t9	24	74	42	240	0.256111100982318
t7	0	0	0	0	0.0
t8	0	171	0	507	0.834682593320239
t14	6	16	8	255	0.222395460400786
t12	0	2	0	507	0.582725460998034
t13	9	11	9	162	0.122388242686912
_____________________________________________________________

A = t8
#A = 508
_____________________________________________________________
B	B<A	A>B	B<<<A	A>>>B	A→B
_____________________________________________________________
t1	0	0	505	0	-0.377962995905512
t3	0	0	0	0	0.0
t6	0	0	0	0	0.0
t2	45	25	491	263	-0.261203552755905
t11	0	0	0	0	0.0
t5	109	69	404	303	-0.208635662110236
t10	70	63	127	378	0.0781954350330511
t15	0	0	1	502	0.416723781097308
t16	0	0	0	503	0.334346180783357
t4	0	0	504	2	-0.541212522834645
t9	73	55	137	197	0.0371614691779528
t7	171	0	507	0	-0.836325669291341
t8	0	0	0	0	0.0
t14	27	31	46	238	0.202615549177953
t12	0	231	0	506	0.864981644094491
t13	13	33	27	152	0.130632684384712
_____________________________________________________________

A = t14
#A = 1008
_____________________________________________________________
B	B<A	A>B	B<<<A	A>>>B	A→B
_____________________________________________________________
t1	0	0	490	0	-0.106738752771414
t3	2	1	236	1	-0.0777064899900953
t6	16	7	235	9	-0.107120221561905
t2	0	904	1002	1007	0.550250806252494
t11	35	22	219	39	-0.108157497071746
t5	1	0	1004	1002	0.184565324633396
t10	0	0	1	491	0.300651428571425
t15	0	0	1	491	0.240226336507937
t16	0	0	0	492	0.192847481904763
t4	1	0	256	2	-0.0786320995352382
t9	396	0	1006	508	-0.478386363001903
t7	16	6	255	8	-0.112300882285714
t8	31	27	238	46	-0.102111804546032
t14	0	0	508	508	0.0
t12	61	40	213	95	-0.0795795834920636
t13	449	1	487	246	-0.353670095238095
_____________________________________________________________

A = t12
#A = 510
_____________________________________________________________
B	B<A	A>B	B<<<A	A>>>B	A→B
_____________________________________________________________
t1	0	0	506	0	-0.262135723034505
t3	0	0	0	0	0.0
t6	0	0	0	0	0.0
t2	30	60	499	243	-0.0914574184688943
t11	0	0	0	0	0.0
t5	60	57	468	263	-0.175182292991999
t10	69	47	195	309	-0.0589437219598421
t15	0	196	2	504	0.584135500863499
t16	0	1	0	506	0.471809106573153
t4	1	0	506	1	-0.380270149832784
t9	48	41	197	159	-0.0386196570352942
t7	2	0	507	0	-0.581582862054901
t8	231	0	506	0	-0.861589559215689
t14	40	61	95	213	0.157286706196079
t12	0	0	0	0	0.0
t13	28	45	63	132	0.075192562298413
_____________________________________________________________

A = t13
#A = 938
_____________________________________________________________
B	B<A	A>B	B<<<A	A>>>B	A→B
_____________________________________________________________
t1	0	0	333	0	-0.0778287649923674
t3	2	2	168	2	-0.0579407939033992
t6	12	4	167	7	-0.081563043992185
t2	0	1	488	488	0.135667786780386
t11	38	13	160	25	-0.0912582777250964
t5	1	2	487	485	-0.0470799147121556
t10	0	0	1	332	0.141746111166626
t15	0	1	0	333	0.114756431790443
t16	0	0	0	333	0.0918051454323549
t4	2	0	166	0	-0.0535926237051654
t9	377	0	489	249	-0.364384682302772
t7	11	9	162	9	-0.0664132361701898
t8	33	13	152	27	-0.0707477651038739
t14	1	449	246	487	0.380063385927505
t12	45	28	132	63	-0.0408829496505231
t13	416	416	600	600	0.0
_____________________________________________________________


	D/F-Graph

[t1,t3]  	 → euristica 1
[t1,t2]  	 → euristica 1
[t1,t4]  	 → euristica 1
[t3,t6]  	 → euristica 1
[t3,t10]  	 → euristica 1
[t3,t9]  	 → euristica 1
[t6,t11]  	 → euristica 1
[t6,t13]  	 → euristica 1
[t2,t5]  	 → euristica 1
[t11,t15]  	 → euristica 1
[t5,t10]  	 → euristica 1
[t5,t9]  	 → euristica 1
[t10,t15]  	 → euristica 1
[t15,t16]  	 → euristica 1
[t4,t9]  	 → euristica 1
[t4,t7]  	 → euristica 1
[t9,t14]  	 → euristica 1
[t9,t13]  	 → euristica 1
[t7,t8]  	 → euristica 1
[t8,t12]  	 → euristica 1
[t14,t2]  	 → euristica 1
[t12,t15]  	 → euristica 1
[t13,t14]  	 → euristica 1
[t13,t13]  	 → euristica 2


	WF-Net

Split:

t1	(t3 OR t4) AND (t2)
t3	(t10 OR t9) AND (t6)
t6	(t13) AND (t11)
t2	(t5)
t11	(t15)
t5	(t10 OR t9)
t10	(t15)
t15	(t16)
t16	()
t4	(t7) AND (t9)
t9	(t13) AND (t14)
t7	(t8)
t8	(t12)
t14	(t2)
t12	(t15)
t13	(t13) AND (t14)


Join:

t1	()
t3	(t1)
t6	(t3)
t2	(t1 OR t14)
t11	(t6)
t5	(t2)
t10	(t5) AND (t3)
t15	(t11 OR t12) AND (t10)
t16	(t15)
t4	(t1)
t9	(t3 OR t4) AND (t5)
t7	(t4)
t8	(t7)
t14	(t13) AND (t9)
t12	(t8)
t13	(t13) AND (t9) AND (t6)
