	D/F-Table

A = t1
#A = 979
_____________________________________________________________
B	B<A	A>B	B<<<A	A>>>B	A→B
_____________________________________________________________
t1	0	0	0	0	0.0
t2	1	466	3	471	0.476992159789441
t3	0	2	2	586	0.432053605720127
t5	1	1	2	584	0.344355301327881
t6	0	2	3	481	0.322114811031667
t8	1	2	2	478	0.256400408580183
t12	0	0	1	309	0.11074286887755
t14	0	3	0	945	0.238547236301789
t11	0	0	2	234	0.0993013278855977
t7	0	4	0	652	0.362539463818933
t9	0	0	0	651	0.260955173941377
t10	0	0	0	650	0.26034565422204
t13	0	1	0	645	0.185550810644823
t4	3	498	3	502	0.508179136039224
_____________________________________________________________

A = t2
#A = 479
_____________________________________________________________
B	B<A	A>B	B<<<A	A>>>B	A→B
_____________________________________________________________
t1	466	1	471	3	-0.974896293181343
t2	0	0	0	0	0.0
t3	2	471	5	475	0.981274321503132
t5	1	2	4	475	0.785359498956165
t6	1	0	3	236	0.311044676409185
t8	0	1	2	238	0.25294363256785
t12	2	0	2	159	0.103371783800927
t14	0	1	1	462	0.224891064094449
t11	0	0	1	121	0.102947807933194
t7	0	1	1	310	0.340509340885216
t9	0	1	1	312	0.250164157823734
t10	1	0	1	311	0.245583238771227
t13	0	0	1	308	0.175025178812145
t4	0	0	0	0	0.0
_____________________________________________________________

A = t3
#A = 818
_____________________________________________________________
B	B<A	A>B	B<<<A	A>>>B	A→B
_____________________________________________________________
t1	2	0	586	2	-0.517091051344748
t2	471	2	475	5	-0.574609290953545
t3	0	0	219	219	0.0
t5	3	808	222	812	0.850083129584352
t6	2	1	333	410	0.139413202933988
t8	0	0	336	413	-0.00488997555012468
t12	0	0	1	188	0.116897486552567
t14	1	0	2	578	0.249360473506111
t11	334	1	335	222	-0.269388753056235
t7	0	2	1	402	0.391187872860639
t9	0	1	1	403	0.285616962347187
t10	1	2	1	402	0.280404577017114
t13	1	1	1	398	0.199451027090465
t4	0	0	112	1	-0.0697021026894866
_____________________________________________________________

A = t5
#A = 820
_____________________________________________________________
B	B<A	A>B	B<<<A	A>>>B	A→B
_____________________________________________________________
t1	1	1	584	2	-0.411126634146336
t2	2	1	475	4	-0.458764878048784
t3	808	3	812	222	-0.848009756097561
t5	0	0	221	221	0.0
t6	0	410	334	411	0.290556097560975
t8	2	1	337	414	0.140009756097564
t12	0	1	1	188	0.146585365853659
t14	0	0	2	578	0.311866068292685
t11	1	0	335	222	-0.153414634146343
t7	1	397	3	401	0.48409756097561
t9	3	1	3	401	0.350427317073171
t10	0	3	2	402	0.348790243902438
t13	0	2	1	398	0.24899356097561
t4	0	0	111	1	-0.0552273170731707
_____________________________________________________________

A = t6
#A = 663
_____________________________________________________________
B	B<A	A>B	B<<<A	A>>>B	A→B
_____________________________________________________________
t1	2	0	481	3	-0.475641628959278
t2	0	1	236	3	-0.22472156862745
t3	1	2	410	333	-0.172006033182507
t5	410	0	411	334	-0.3593604826546
t6	0	0	173	173	0.0
t8	2	651	174	653	0.847794871794872
t12	0	1	1	312	0.37532428355958
t14	1	5	2	473	0.343287295509466
t11	0	1	172	333	0.235402714932128
t7	0	0	0	164	0.102476674895927
t9	0	0	0	164	0.0743113791324284
t10	0	0	0	164	0.0742018079816591
t13	0	0	0	162	0.0521369178785401
t4	242	2	244	3	-0.363909845912519
_____________________________________________________________

A = t8
#A = 661
_____________________________________________________________
B	B<A	A>B	B<<<A	A>>>B	A→B
_____________________________________________________________
t1	2	1	478	2	-0.37975189107413
t2	1	0	238	2	-0.183298033282905
t3	0	0	413	336	0.00605143721634189
t5	1	2	414	337	-0.173688350983362
t6	651	2	653	174	-0.850360060514372
t8	0	0	174	174	0.0
t12	0	312	1	312	0.47139243570348
t14	0	0	2	470	0.423183708562787
t11	1	336	174	338	0.374983358547655
t7	0	2	0	166	0.130289863842663
t9	0	0	0	166	0.0946712012102874
t10	0	0	0	166	0.0941332526475038
t13	0	0	0	164	0.0662932332829046
t4	2	0	240	1	-0.290756860514373
_____________________________________________________________

A = t12
#A = 315
_____________________________________________________________
B	B<A	A>B	B<<<A	A>>>B	A→B
_____________________________________________________________
t1	0	0	309	1	-0.344181805178164
t2	0	2	159	2	-0.157190744256013
t3	0	0	188	1	-0.303562361904762
t5	1	0	188	1	-0.381587301587302
t6	1	0	312	1	-0.789968253968258
t8	312	0	312	1	-0.989175873015873
t12	0	0	0	0	0.0
t14	0	309	1	310	0.979924759828317
t11	0	0	73	1	-0.0938829206349207
t7	0	0	0	0	0.0
t9	0	0	0	0	0.0
t10	0	0	0	0	0.0
t13	0	0	0	0	0.0
t4	0	0	150	0	-0.266478473257961
_____________________________________________________________

A = t14
#A = 966
_____________________________________________________________
B	B<A	A>B	B<<<A	A>>>B	A→B
_____________________________________________________________
t1	3	0	945	0	-0.241757499316202
t2	1	0	462	1	-0.111514306108945
t3	0	1	578	2	-0.211156177358177
t5	0	0	578	2	-0.264731031055903
t6	5	1	473	2	-0.235610224557739
t8	0	0	470	2	-0.289569804720499
t12	309	0	310	1	-0.319540682552712
t14	0	0	0	0	0.0
t11	0	0	232	1	-0.067629412173913
t7	0	0	644	1	-0.341570517598344
t9	1	0	645	1	-0.479115461697722
t10	0	0	645	1	-0.4811278310559
t13	647	0	649	1	-0.670532476024845
t4	0	0	487	1	-0.188739822105954
_____________________________________________________________

A = t11
#A = 339
_____________________________________________________________
B	B<A	A>B	B<<<A	A>>>B	A→B
_____________________________________________________________
t1	0	0	234	2	-0.286772861356933
t2	0	0	121	1	-0.145463126843658
t3	1	334	222	335	0.650029498525073
t5	0	1	222	335	0.371091445427731
t6	1	0	333	172	-0.460389380530975
t8	336	1	338	174	-0.731162241887905
t12	0	0	1	73	0.0872363421828909
t14	0	0	1	232	0.192713900176991
t11	0	0	99	99	0.0
t7	0	1	0	164	0.310942772861357
t9	0	0	0	164	0.226401415929203
t10	0	1	0	164	0.224249392330383
t13	0	0	0	162	0.158190782300885
t4	1	0	113	1	-0.212942348082596
_____________________________________________________________

A = t7
#A = 668
_____________________________________________________________
B	B<A	A>B	B<<<A	A>>>B	A→B
_____________________________________________________________
t1	4	0	652	0	-0.531326549519065
t2	1	0	310	1	-0.24416762617368
t3	2	0	402	1	-0.479029461077848
t5	397	1	401	3	-0.594251497005988
t6	0	0	164	0	-0.101709633916167
t8	2	0	166	0	-0.128924550898204
t12	0	0	0	0	0.0
t14	0	0	1	644	0.493947784431138
t11	1	0	164	0	-0.15779880239521
t7	0	0	0	0	0.0
t9	0	339	1	662	0.892155688622754
t10	2	322	2	660	0.883832335329342
t13	0	4	1	655	0.62816766467065
t4	255	2	343	3	-0.414165080516903
_____________________________________________________________

A = t9
#A = 667
_____________________________________________________________
B	B<A	A>B	B<<<A	A>>>B	A→B
_____________________________________________________________
t1	0	0	651	0	-0.383021162351736
t2	1	0	312	1	-0.179653120835935
t3	1	0	403	1	-0.350276874362817
t5	1	3	401	3	-0.430810194902549
t6	0	0	164	0	-0.0738657336803598
t8	0	0	166	0	-0.0938195862068965
t12	0	0	0	0	0.0
t14	0	1	1	645	0.693891358320838
t11	0	0	164	0	-0.115067586206896
t7	339	0	662	1	-0.893493253373313
t9	0	0	0	0	0.0
t10	325	335	327	336	0.0135532233883058
t13	0	321	2	655	0.879306746626687
t4	0	0	342	1	-0.299253082293714
_____________________________________________________________

A = t10
#A = 666
_____________________________________________________________
B	B<A	A>B	B<<<A	A>>>B	A→B
_____________________________________________________________
t1	0	0	650	0	-0.382700293518585
t2	0	1	311	1	-0.176628185242369
t3	2	1	402	1	-0.344400816816815
t5	3	0	402	2	-0.429441441441441
t6	0	0	164	0	-0.0738675656033634
t8	0	0	166	0	-0.0934265465465465
t12	0	0	0	0	0.0
t14	0	0	1	645	0.697852079279279
t11	1	0	164	0	-0.114144960960961
t7	322	2	660	2	-0.886486486486487
t9	335	325	336	327	-0.0135735735735735
t10	0	0	0	0	0.0
t13	1	332	2	655	0.883505105105105
t4	2	0	342	1	-0.301640110636902
_____________________________________________________________

A = t13
#A = 661
_____________________________________________________________
B	B<A	A>B	B<<<A	A>>>B	A→B
_____________________________________________________________
t1	1	0	645	0	-0.274817312588929
t2	0	0	308	1	-0.126833677233007
t3	1	1	398	1	-0.246824417791226
t5	2	0	398	1	-0.308887624810893
t6	0	0	162	0	-0.0522946695211378
t8	0	0	164	0	-0.0662932332829046
t12	0	0	0	0	0.0
t14	0	647	1	649	0.979930971013616
t11	0	0	162	0	-0.0811296145234495
t7	4	0	655	1	-0.634819969742805
t9	321	0	655	2	-0.887288350983359
t10	332	1	655	2	-0.890188199697428
t13	0	0	0	0	0.0
t4	0	1	340	1	-0.215035038482119
_____________________________________________________________

A = t4
#A = 506
_____________________________________________________________
B	B<A	A>B	B<<<A	A>>>B	A→B
_____________________________________________________________
t1	498	3	502	3	-0.983216154510672
t2	0	0	0	0	0.0
t3	0	0	1	112	0.1126804743083
t5	0	0	1	111	0.0894988142292489
t6	2	242	3	244	0.476822584664032
t8	0	2	1	240	0.379822697233203
t12	0	0	0	150	0.165890749162565
t14	0	0	1	487	0.360321478565912
t11	0	1	1	113	0.142662956521739
t7	2	255	3	343	0.546763386927453
t9	0	0	1	342	0.394469972114441
t10	0	2	1	342	0.397020382775052
t13	1	0	1	340	0.280905455408459
t4	0	0	0	0	0.0
_____________________________________________________________


	D/F-Graph

[t1,t2]  	 → euristica 1
[t1,t4]  	 → euristica 1
[t2,t3]  	 → euristica 1
[t3,t5]  	 → euristica 1
[t5,t6]  	 → euristica 1
[t5,t7]  	 → euristica 1
[t6,t8]  	 → euristica 1
[t6,t14]  	 → euristica 1
[t8,t12]  	 → euristica 1
[t8,t11]  	 → euristica 1
[t12,t14]  	 → euristica 1
[t11,t3]  	 → euristica 1
[t7,t9]  	 → euristica 1
[t7,t10]  	 → euristica 1
[t9,t13]  	 → euristica 1
[t10,t13]  	 → euristica 1
[t13,t14]  	 → euristica 1
[t4,t6]  	 → euristica 1
[t4,t7]  	 → euristica 1


	WF-Net

Split:

t1	(t2 OR t4)
t2	(t3)
t3	(t5)
t5	(t6 OR t7)
t6	(t8 OR t14)
t8	(t12 OR t11)
t12	(t14)
t14	()
t11	(t3)
t7	(t10) AND (t9)
t9	(t13)
t10	(t13)
t13	(t14)
t4	(t6 OR t7)


Join:

t1	()
t2	(t1)
t3	(t2 OR t11)
t5	(t3)
t6	(t5 OR t4)
t8	(t6)
t12	(t8)
t14	(t6 OR t12 OR t13)
t11	(t8)
t7	(t5 OR t4)
t9	(t7)
t10	(t7)
t13	(t10) AND (t9)
t4	(t1)
