t1,t2,t3,t5,t6,t8,t12,t14
t1,t2,t3,t5,t6,t8,t11,t3,t5,t6,t8,t11,t3,t5,t6,t8,t11,t3,t5,t7,t9,t10,t13,t14
t1,t4,t6,t8,t11,t3,t5,t6,t8,t12,t14
t1,t4,t7,t9,t10,t13,t14
t1,t4,t7,t10,t9,t13,t14
t1,t2,t3,t5,t6,t8,t12,t14
t1,t4,t6,t8,t12,t14
t1,t2,t3,t5,t7,t9,t10,t13,t14
t1,t2,t3,t5,t6,t8,t12,t14
t4,t1,t7,t9,t10,t13,t14
t1,t2,t3,t5,t7,t10,t9,t13,t14
t1,t2,t3,t5,t7,t10,t9,t13,t14
t1,t4,t6,t8,t11,t3,t5,t6,t8,t11,t3,t5,t7,t10,t9,t13,t14
t1,t4,t7,t10,t9,t13,t14
t1,t2,t3,t5,t7,t10,t9,t13,t14
t1,t4,t7,t9,t10,t13,t14
t1,t4,t7,t9,t10,t13,t14
t1,t4,t7,t10,t9,t13,t14
t1,t2,t3,t5,t6,t8,t11,t3,t5,t7,t10,t9,t13,t14
t7,t10,t9,t13,t14
t1,t4,t6,t8,t12,t14
t1,t2,t3,t5,t7,t9,t10,t13,t14
t1,t2,t3,t5,t6,t8,t12,t14
t1,t2,t3,t5,t6,t8,t11,t3,t5,t7,t10,t9,t13,t14
t1,t2,t3,t5,t6,t8,t11,t3,t5,t6,t8,t12,t14
t1,t2,t3,t5,t7,t9,t10,t13,t14
t1,t4,t6,t8,t11,t3,t5,t6,t8,t12,t14
t1,t4,t6,t8,t12,t14
t1,t4,t6,t8,t12,t14
t4,t7,t10,t9,t13,t14
t1,t2,t3,t5,t6,t8,t11,t3,t5,t6,t8,t12,t14
t1,t4,t7,t9,t10,t13,t14
t1,t2,t3,t5,t6,t8,t11,t3,t5,t6,t8,t11,t3,t5,t6,t8,t12,t14
t1,t4,t6,t8,t12,t14
t1,t4,t7,t9,t10,t13,t14
t1,t2,t3,t5,t6,t8,t11,t3,t5,t6,t8,t12,t14
t1,t2,t3,t5,t7,t10,t9,t13,t14
t1,t2,t3,t5,t6,t8,t12,t14
t1,t4,t7,t10,t9,t13,t14
t2,t3,t5,t7,t9,t10,t13,t14
t1,t2,t3,t5,t6,t8,t11,t3,t5,t6,t8,t11,t3,t5,t7,t9,t10,t13,t14
t1,t4,t6,t8,t11,t3,t5,t7,t9,t10,t13,t14
t1,t2,t3,t5,t6,t8,t11,t3,t5,t7,t10,t9,t13,t14
t1,t4,t7,t9,t10,t13,t14
t1,t2,t3,t5,t6,t8,t11,t3,t5,t7,t9,t10,t13,t14
t1,t4,t7,t9,t10,t13,t14
t1,t2,t3,t5,t7,t9,t10,t13,t14
t1,t2,t3,t5,t7,t9,t10,t13,t14
t1,t2,t3,t5,t7,t9,t10,t13,t14
t1,t4,t6,t8,t11,t3,t5,t7,t10,t9,t13
t1,t2,t3,t5,t6,t8,t11,t3,t5,t6,t8,t11,t3,t5,t7,t10,t9,t13,t14
t1,t2,t3,t5,t7,t10,t9,t13,t14
t1,t4,t7,t10,t9,t13,t14
t1,t4,t6,t8,t11,t3,t5,t7,t9,t10,t13,t14
t1,t2,t3,t5,t7,t9,t10,t13,t14
t1,t4,t7,t9,t10,t13,t14
t1,t4,t6,t8,t11,t3,t5,t6,t8,t12,t14
t1,t2,t3,t5,t7,t10,t9,t13,t14
t1,t2,t3,t5,t6,t8,t11,t3,t5,t6,t8,t12,t14
t1,t4,t6,t8,t11,t10,t9,t13,t14
t1,t4,t6,t8,t11,t3,t5,t6,t8,t12,t14
t1,t4,t6,t8,t11,t3,t5,t7,t9,t10,t13,t14
t1,t2,t3,t5,t7,t10,t9,t13,t14
t1,t2,t3,t5,t7,t9,t10,t13,t14
t1,t2,t3,t5,t6,t8,t12,t14
t1,t2,t3,t5,t7,t9,t10,t13,t14
t1,t4,t7,t10,t9,t13,t14
t1,t2,t3,t5,t7,t9,t10,t13,t14
t1,t4,t7,t9,t10,t13,t14
t12,t2,t3,t5,t6,t8,t11,t3,t5,t6,t8,t1,t14
t1,t2,t3,t5,t7,t9,t10,t13,t14
t1,t4,t7,t10,t9,t13,t14
t1,t4,t7,t9,t10,t13,t14
t1,t4,t6,t8,t12,t14
t1,t4,t6,t8,t11,t3,t5,t6,t8,t12,t14
t1,t4,t7,t9,t10,t13,t14
t1,t4,t6,t8,t11,t3,t5,t7,t10,t9,t13,t14
t1,t2,t3,t5,t6,t8,t11,t3,t5,t7,t9,t10,t13,t14
t1,t4,t7,t10,t9,t13,t14
t1,t4,t6,t8
t1,t4,t6,t8,t12,t14
t1,t2,t3,t5,t6,t8,t12,t14
t1,t2,t3,t5,t6,t8,t11,t3,t5,t7,t10,t9,t13,t14
t1,t4,t7,t9,t10,t13,t14
t1,t2,t3,t5,t7,t10,t9,t13,t14
t1,t4,t7,t9,t10,t13,t14
t1,t4,t6,t8,t12,t14
t1,t4,t7,t10,t9,t13,t14
t1,t2,t3,t5,t6,t8,t12,t14
t1,t2,t3,t5,t6,t8
t1,t2,t3,t5,t7,t10,t9,t13,t14
t1,t4,t7,t9,t10,t13,t14
t1,t2,t3,t5,t7,t10,t9,t13,t14
t1,t4,t7,t10,t9,t13,t14
t1,t2,t3,t5,t6,t8,t12,t14
t1,t2,t3,t5,t7,t9,t10,t13,t14
t1,t2,t3,t5,t6,t8,t11,t3,t5,t7,t10,t9,t13,t14
t1,t4,t6,t8,t12,t14
t1,t4,t7,t10,t9,t13,t14
t1,t4,t11,t8,t6,t3,t5,t7,t9,t10,t13,t14
t1,t4,t7,t10,t9,t13,t14
t1,t2,t3,t5,t7,t9,t10,t13,t14
t1,t2,t3,t5,t6,t8,t12,t14
t1,t2,t3,t5,t7,t10,t9,t13,t14
t1,t2,t3,t5,t6,t8,t11,t3,t5,t6,t8,t12,t14
t1,t4,t7,t10,t9,t13,t14
t1,t4,t7,t9,t10,t13,t14
t1,t2,t3,t5,t6,t8,t12,t14
t1,t4,t7,t10,t9,t13,t14
t1,t4,t7,t13,t14
t1,t2,t3,t5,t7,t9,t10,t13,t14
t1,t2,t3,t5,t7,t10,t9,t13,t14
t1,t4,t6,t8,t12,t14
t1,t4,t7,t10,t9,t13,t14
t1,t4,t7,t10,t9,t13,t14
t1,t4,t6,t8,t12,t14
t1,t2,t3,t5,t6,t8,t12,t14
t1,t2,t3,t5,t6,t8,t11,t3,t5,t6,t8,t11,t3,t5,t6,t8,t11,t3,t5,t7,t10,t9,t13,t14
t1,t2,t3,t5,t6,t8,t11,t3,t5,t7,t9,t10,t13,t14
t1,t2,t3,t10,t7,t9,t5,t13,t14
t1,t2,t3,t5,t6,t8,t11,t3,t5,t7,t9,t10,t13,t14
t1,t2,t3,t5,t7,t10,t9,t13,t14
t1,t4,t6,t8,t12,t14
t1,t2,t3,t5,t6,t8,t11,t3,t5,t7,t9,t10,t13,t14
t1,t2,t3,t5,t7,t10,t9,t13,t14
t1,t2,t3,t5,t7,t10,t9,t13,t14
t1,t4,t7,t9,t10,t13,t14
t1,t4,t7,t10,t9,t13,t14
t1,t4,t6,t8,t12,t14
t1,t2,t3,t7,t5,t10,t9,t13,t14
t1,t4,t7,t10,t9,t13,t14
t1,t4,t6,t8,t12,t14
t1,t4,t7,t9,t10,t13,t14
t1,t4,t7,t10,t9,t13,t14
t1,t4,t7,t10,t9,t13,t14
t1,t4,t6,t8,t11,t3,t5,t6,t8,t12,t14
t1,t4,t7,t9,t10,t13,t14
t1,t2,t3,t5,t6,t8,t12,t14
t1,t4,t6,t8,t12,t14
t1,t4,t7,t13,t14
t1,t4,t7,t9,t10,t13,t14
t1,t4,t6,t8,t12,t14
t1,t4,t6,t8,t12,t14
t1,t2,t3,t5,t7,t9,t10,t13,t14
t1,t2,t3,t5,t6,t8,t12,t14
t1,t4,t7,t9,t10,t13,t14
t1,t2,t3,t5,t7,t9,t10,t13,t14
t1,t4,t6,t8,t12,t14
t1,t4,t6,t8,t12,t14
t1,t6,t4,t8,t12,t14
t1,t2,t3,t5,t7,t9,t10,t13,t14
t1,t2,t3,t5,t6,t8,t11,t3,t5,t6,t8,t11,t3,t5,t6,t8,t11,t3,t5,t6,t8,t12,t14
t1,t4,t6,t8,t11,t3,t5,t7,t9,t10,t13,t14
t1,t4,t6,t8,t11,t3,t5,t6,t8,t11,t3,t5,t7,t10,t9,t13,t14
t1,t2,t3,t5,t7,t9,t10,t13,t14
t1,t4,t7,t10,t9,t13,t14
t1,t4,t6,t8,t11,t3,t5,t7,t9,t10,t13,t14
t1,t4,t7,t10,t9,t13,t14
t1,t4,t6,t8,t12,t14
t6,t8,t11,t3,t5,t6,t8,t11,t3,t5,t6,t8,t12,t14
t1,t2,t3,t5,t6,t8,t12,t14
t1,t4,t7,t10,t9,t13,t14
t1,t2,t3,t5,t7,t10,t9,t13,t14
t1,t4,t7,t9,t10,t13,t14
t1,t4,t6,t8,t12,t14
t1,t4,t7,t10,t9,t13,t14
t1,t4,t7,t9,t10,t13,t14
t1,t2,t3,t5,t7,t10,t9,t13,t14
t1,t2,t3,t5,t6,t8,t11,t3,t5,t6,t8,t11,t3,t5,t6,t8,t11,t3,t5,t6,t8,t12,t14
t5,t7,t10,t9,t13,t14
t1,t4,t7,t10,t9,t13,t14
t1,t2,t3,t5,t7,t10,t9,t13,t14
t1,t2,t3,t5,t7,t9,t10,t13,t14
t1,t4,t7,t9,t10,t13,t14
t1,t2,t3,t5,t6,t8,t11,t3,t5,t7,t9,t10,t13,t14
t1,t4,t7,t10,t9,t13,t14
t1,t2,t3,t5,t7,t10,t9,t13,t14
t1,t2,t3,t5,t7,t10,t9,t13,t14
t1,t2,t3,t5,t6,t8,t11,t3,t5,t7,t10,t9,t13,t14
t1,t7,t4,t10,t9,t13,t14
t1,t2,t3,t5,t6,t8,t11,t3,t5,t6,t8,t11,t3,t5,t6,t8,t11,t3,t5,t7,t9,t10,t13,t14
t1,t4,t7,t9,t10,t13,t14
t1,t2,t3,t5,t6,t8,t11,t3,t5,t6,t8,t12,t14
t1,t2,t3,t5,t6,t8,t11,t3,t5,t6,t8,t12,t14
t1,t4,t6,t8,t11,t3,t5,t7,t9,t10,t13,t14
t1,t4,t7,t10,t9,t13,t14
t1,t2,t3,t5,t6,t8,t11,t3,t5,t6,t8,t12,t14
t1,t2,t3,t5,t7,t10,t9,t13,t14
t1,t2,t3,t5,t7,t10,t9,t13,t14
t1,t3,t2,t5,t7,t9,t10,t13,t14
t1,t4,t7,t9,t10,t13,t14
t1,t4,t7,t10,t9,t13,t14
t1,t2,t3,t5,t6,t8,t12,t14
t1,t2,t3,t5,t7,t10,t9,t13,t14
t1,t4,t7,t10,t9,t13,t14
t1,t2,t3,t5,t7,t10,t9,t13,t14
t1,t4,t6,t8,t12,t14
t1,t4,t6,t8,t12,t14
t1,t2,t3,t5,t7,t9,t10,t13,t14
t1,t2,t3,t5,t6,t8
t1,t4,t7,t9,t10,t13,t14
t1,t2,t3,t5,t7,t9,t10,t13,t14
t1,t2,t3,t5,t7,t10,t9,t13,t14
t1,t4,t7,t9,t10,t13,t14
t1,t4,t6,t8,t12,t14
t1,t2,t3,t5,t6,t8,t12,t14
t1,t2,t3,t5,t6,t8,t12,t14
t1,t2,t3,t5,t6,t8,t12,t14
t1,t2,t3,t5,t6,t8,t11,t3,t5,t6,t8,t11,t3,t5,t7,t9,t10,t13,t14
t1,t4,t7,t10,t9,t13
t1,t2,t3,t5,t7,t10,t9,t13,t14
t1,t4,t6,t8,t12,t14
t1,t2,t3,t5,t7,t10,t9,t13,t14
t1,t2,t3,t5,t6,t8,t11,t3,t5,t7,t9,t10,t13,t14
t1,t4,t6,t8,t12,t14
t1,t4,t6,t8,t12,t14
t1,t2,t3,t5,t7,t10,t9,t13,t14
t1,t4,t6,t8,t12,t14
t1,t4,t6,t8,t12,t14
t6,t4,t1,t8,t12,t14
t1,t4,t6,t8,t11,t3,t5,t7,t9,t10,t13,t14
t1,t4,t7,t9,t10,t13,t14
t1,t4,t7,t9,t10,t13,t14
t1,t2,t3,t5,t6,t8,t12,t14
t1,t4,t6,t8,t12,t14
t1,t2,t3,t5,t6,t8,t11,t3,t5,t6,t8,t11,t3,t5,t6,t8,t12,t14
t1,t4,t7,t10,t9,t13,t14
t1,t2,t3,t5,t7,t9,t10,t13,t14
t1,t2,t3,t5,t6,t8,t11,t3,t5,t6,t8,t12,t14
t1,t4,t6,t8,t11,t3,t5,t6,t8,t11,t3,t5,t7,t10
t1,t2,t3,t5,t6,t8,t12,t14
t1,t2,t3,t5,t6,t8,t12,t14
t1,t2,t3,t5,t7,t10,t9,t13,t14
t1,t2,t3,t5,t7,t9,t10,t13,t14
t1,t4,t6,t8,t12,t14
t1,t2,t3,t5,t6,t8,t11,t3,t5,t7,t10,t9,t13,t14
t1,t4,t7,t10,t9,t13,t14
t1,t2,t3,t5,t7,t10,t9,t13,t14
t1,t2,t3,t5,t7,t9,t10,t13,t14
t1,t4,t7,t10,t9,t13
t1,t4,t6,t8,t12,t14
t1,t4,t7,t9,t10,t13,t14
t1,t4,t6,t8,t12,t14
t1,t4,t7,t9,t10,t13,t14
t1,t2,t3,t5,t7,t9,t10,t13,t14
t1,t2,t3,t5,t7,t10,t9,t13,t14
t1,t4,t6,t8,t11,t3,t5,t6,t8,t12,t14
t1,t2,t3,t5,t6,t8,t11,t3,t5,t7,t10,t9,t13,t14
t1,t2,t3,t5,t7,t9,t10,t13,t14
t1,t4,t6,t8,t11,t3,t7,t9,t10,t13,t14
t1,t2,t3,t5,t7,t9,t10,t13,t14
t1,t4,t6,t8,t12,t14
t1,t4,t6,t8,t11,t3,t5,t6,t8,t12,t14
t1,t2,t3,t5,t6,t8,t12,t14
t1,t4,t6,t8,t11,t3,t5,t7,t10,t9,t13,t14
t1,t2,t3,t5,t7,t10,t9,t13,t14
t1,t4,t7,t10,t9,t13,t14
t1,t4,t6,t8,t12,t14
t1,t2,t3,t5,t6,t8,t12,t14
t1,t2,t3,t5,t8,t12,t14
t1,t4,t6,t8,t11,t3,t5,t7,t9,t10,t13,t14
t1,t4,t6,t8,t11,t3,t5,t7,t10,t9,t13,t14
t1,t2,t3,t5,t6,t8,t12,t14
t1,t4,t7,t10,t9,t13,t14
t1,t2,t3,t5,t7,t9,t10,t13,t14
t1,t2,t3,t5,t6,t8,t11,t3,t5,t6,t8,t11,t3,t5,t6,t8,t12,t14
t1,t2,t3,t5,t7,t10,t9,t13,t14
t1,t4,t7,t9,t10,t13,t14
t1,t4,t7,t9,t10,t13,t14
t6,t8,t12,t14
t1,t4,t7,t9,t10,t13,t14
t1,t4,t7,t10,t9,t13,t14
t1,t2,t3,t5,t7,t10,t9,t13,t14
t1,t4,t7,t9,t10,t13,t14
t1,t2,t3,t5,t6,t8,t12,t14
t1,t4,t7,t10,t9,t13,t14
t1,t2,t3,t5,t6,t8,t11,t3,t5,t6,t8,t12,t14
t1,t2,t3,t5,t7,t9,t10,t13,t14
t1,t4,t7,t9,t10,t13,t14
t1,t4,t6,t14
t1,t2,t3,t5,t6,t8,t11,t3,t5,t7,t10,t9,t13,t14
t1,t2,t3,t5,t6,t8,t12,t14
t1,t2,t3,t5,t6,t8,t11,t3,t5,t7,t9,t10,t13,t14
t1,t2,t3,t5,t7,t9,t10,t13,t14
t1,t4,t7,t10,t9,t13,t14
t1,t2,t3,t5,t6,t8,t11,t3,t5,t6,t8,t12,t14
t1,t2,t3,t5,t7,t10,t9,t13,t14
t1,t2,t3,t5,t6,t8,t12,t14
t1,t4,t6,t8,t12,t14
t4,t1,t7,t10,t9,t13,t14
t1,t4,t7,t9,t10,t13,t14
t1,t4,t6,t8,t12,t14
t1,t4,t7,t10,t9,t13,t14
t1,t2,t3,t5,t7,t9,t10,t13,t14
t1,t4,t6,t8,t12,t14
t1,t4,t6,t8,t12,t14
t1,t4,t6,t8,t12,t14
t1,t4,t7,t10,t9,t13,t14
t1,t2,t3,t5,t7,t9,t10,t13,t14
t1,t4,t6,t14
t1,t2,t3,t5,t7,t10,t9,t13,t14
t1,t4,t7,t9,t10,t13,t14
t1,t2,t3,t5,t6,t8,t12,t14
t1,t2,t3,t5,t7,t9,t10,t13,t14
t1,t2,t3,t5,t6,t8,t11,t3,t5,t7,t9,t10,t13,t14
t1,t4,t6,t8,t11,t3,t5,t7,t9,t10,t13,t14
t1,t4,t7,t9,t10,t13,t14
t1,t2,t3,t5,t6,t8,t12,t14
t1,t4,t7,t9,t10,t13,t14
t1,t2,t3,t5,t10,t13,t14
t1,t2,t3,t5,t6,t8,t11,t3,t5,t6,t8,t11,t3,t5,t6,t8,t11,t3,t5,t7,t9,t10,t13,t14
t1,t2,t3,t5,t7,t10,t9,t13,t14
t1,t4,t6,t8,t11,t3,t5,t7,t10,t9,t13,t14
t1,t2,t3,t5,t6,t8,t12,t14
t1,t4,t6,t8,t12,t14
t1,t2,t3,t5,t6,t8,t11,t3,t5,t6,t8,t12,t14
t1,t4,t7,t9,t10,t13,t14
t1,t4,t6,t8,t12,t14
t1,t2,t3,t5,t6,t8,t12,t14
t1,t2,t3,t5,t6,t8,t11,t3,t5,t6,t8,t12
t1,t4,t7,t10,t9,t13,t14
t1,t4,t6,t8,t11,t3,t5,t6,t8,t11,t3,t5,t6,t8,t11,t3,t5,t7,t9,t10,t13,t14
t1,t2,t3,t5,t7,t9,t10,t13,t14
t1,t2,t3,t5,t6,t8,t12,t14
t1,t2,t3,t5,t6,t8,t12,t14
t1,t4,t6,t8,t11,t3,t5,t6,t8,t11,t3,t5,t6,t8,t11,t3,t5,t6,t8,t12,t14
t1,t2,t3,t5,t7,t10,t9,t13,t14
t1,t4,t6,t8,t12,t14
t1,t4,t7,t9,t10,t13,t14
t8,t11,t3,t5,t6,t8,t11,t3,t5,t6,t8,t11,t3,t5,t6,t8,t12,t14
t1,t4,t6,t8,t11,t3,t5,t7,t10,t9,t13,t14
t1,t4,t7,t10,t9,t13,t14
t1,t4,t7,t10,t9,t13,t14
t1,t2,t3,t5,t7,t10,t9,t13,t14
t1,t2,t3,t5,t7,t9,t10,t13,t14
t1,t4,t6,t8,t11,t3,t5,t7,t10,t9,t13,t14
t1,t2,t3,t5,t6,t8,t11,t3,t5,t6,t8,t12,t14
t1,t2,t3,t5,t6,t8,t12,t14
t1,t4,t7,t9,t10,t13,t14
t1,t4,t6,t8
t1,t4,t6,t8,t11,t3,t5,t7,t9,t10,t13,t14
t1,t4,t6,t8,t12,t14
t1,t4,t6,t8,t11,t3,t5,t7,t9,t10,t13,t14
t1,t4,t6,t8,t11,t3,t5,t6,t8,t12,t14
t1,t4,t7,t10,t9,t13,t14
t1,t2,t3,t5,t6,t8,t12,t14
t1,t2,t3,t5,t7,t9,t10,t13,t14
t1,t2,t3,t5,t6,t8,t12,t14
t1,t2,t3,t5,t6,t8,t11,t3,t5,t7,t10,t9,t13,t14
t1,t2,t3,t5,t9,t10,t13,t14
t1,t4,t7,t10,t9,t13,t14
t1,t4,t6,t8,t11,t3,t5,t6,t8,t11,t3,t5,t6,t8,t11,t3,t5,t6,t8,t12,t14
t1,t2,t3,t5,t7,t10,t9,t13,t14
t1,t4,t7,t10,t9,t13,t14
t1,t4,t7,t9,t10,t13,t14
t1,t2,t3,t5,t6,t8,t12,t14
t1,t2,t3,t5,t7,t10,t9,t13,t14
t1,t2,t3,t5,t7,t10,t9,t13,t14
t1,t2,t3,t5,t7,t9,t10,t13,t14
t1,t2,t3,t5,t7,t9
t1,t2,t3,t5,t7,t10,t9,t13,t14
t1,t4,t6,t8,t11,t3,t5,t6,t8,t11,t3,t5,t6,t8,t11,t3,t5,t6,t8,t11,t3,t5,t6,t8,t11,t3,t5,t6,t8,t12,t14
t1,t4,t7,t9,t10,t13,t14
t1,t4,t7,t9,t10,t13,t14
t1,t2,t3,t5,t7,t10,t9,t13,t14
t1,t4,t7,t9,t10,t13,t14
t1,t2,t3,t5,t7,t10,t9,t13,t14
t1,t2,t3,t5,t7,t9,t10,t13,t14
t1,t2,t3,t5,t7,t9,t10,t13,t14
t1,t4,t7,t9,t10
t1,t4,t6,t8,t12,t14
t1,t2,t3,t5,t6,t8,t11,t3,t5,t6,t8,t11,t3,t5,t6,t8,t12,t14
t1,t2,t3,t5,t7,t9,t10,t13,t14
t1,t2,t3,t5,t7,t9,t10,t13,t14
t1,t4,t7,t9,t10,t13,t14
t1,t4,t7,t10,t9,t13,t14
t1,t2,t3,t5,t6,t8,t12,t14
t1,t4,t7,t9,t10,t13,t14
t1,t4,t7,t9,t10,t13,t14
t1,t2,t3,t5,t7,t10
t1,t2,t3,t5,t7,t9,t10,t13,t14
t1,t4,t7,t10,t9,t13,t14
t1,t2,t3,t5,t6,t8,t12,t14
t1,t4,t7,t9,t10,t13,t14
t1,t2,t3,t5,t7,t10,t9,t13,t14
t1,t4,t7,t10,t9,t13,t14
t1,t2,t3,t5,t7,t10,t9,t13,t14
t1,t2,t3,t5,t7,t9,t10,t13,t14
t1,t4,t7,t9,t10,t13,t14
t7,t9,t10,t13,t14
t1,t4,t6,t8,t12,t14
t1,t2,t3,t5,t6,t8,t12,t14
t1,t4,t7,t10,t9,t13,t14
t1,t4,t7,t9,t10,t13,t14
t1,t2,t3,t5,t7,t10,t9,t13,t14
t1,t2,t3,t5,t6,t8,t12,t14
t1,t4,t7,t9,t10,t13,t14
t1,t2,t3,t5,t7,t10,t9,t13,t14
t1,t4,t7,t10,t9,t13,t14
t1,t4,t6,t8,t12
t1,t2,t3,t5,t7,t10,t9,t13,t14
t1,t4,t6,t8,t12,t14
t1,t2,t3,t5,t6,t8,t11,t3,t5,t7,t10,t9,t13,t14
t1,t2,t3,t5,t7,t10,t9,t13,t14
t1,t4,t7,t10,t9,t13,t14
t1,t2,t3,t5,t7,t9,t10,t13,t14
t1,t2,t3,t5,t6,t8,t11,t3,t5,t6,t8,t11,t3,t5,t7,t10,t9,t13,t14
t1,t2,t3,t5,t6,t8,t11,t3,t5,t6,t8,t12,t14
t1,t4,t7,t10,t9,t13,t14
t1,t7,t4,t10,t9,t13,t14
t1,t2,t3,t5,t7,t9,t10,t13,t14
t1,t2,t3,t5,t6,t8,t11,t3,t5,t6,t8,t11,t3,t5,t7,t10,t9,t13,t14
t1,t2,t3,t5,t6,t8,t11,t3,t5,t6,t8,t12,t14
t1,t2,t3,t5,t7,t9,t10,t13,t14
t1,t4,t7,t10,t9,t13,t14
t1,t2,t3,t5,t7,t10,t9,t13,t14
t1,t4,t6,t8,t12,t14
t1,t4,t7,t10,t9,t13,t14
t1,t4,t7,t9,t10,t13,t14
t2,t3,t5,t6,t8,t12,t14
t1,t4,t7,t10,t9,t13,t14
t1,t2,t3,t5,t6,t8,t11,t3,t5,t7,t9,t10,t13,t14
t1,t2,t3,t5,t6,t8,t12,t14
t1,t4,t7,t9,t10,t13,t14
t1,t2,t3,t5,t7,t9,t10,t13,t14
t1,t4,t7,t10,t9,t13,t14
t1,t4,t7,t9,t10,t13,t14
t1,t4,t6,t8,t12,t14
t1,t4,t6,t8,t11,t3,t5,t7,t9,t10,t13,t14
t1,t4,t6,t12,t14
t1,t2,t3,t5,t6,t8,t11,t3,t5,t6,t8,t12,t14
t1,t4,t7,t9,t10,t13,t14
t1,t4,t6,t8,t11,t3,t5,t6,t8,t11,t3,t5,t7,t10,t9,t13,t14
t1,t2,t3,t5,t6,t8,t11,t3,t5,t6,t8,t11,t3,t5,t7,t9,t10,t13,t14
t1,t4,t7,t9,t10,t13,t14
t1,t4,t7,t9,t10,t13,t14
t1,t4,t7,t9,t10,t13,t14
t1,t4,t7,t10,t9,t13,t14
t1,t4,t6,t8,t12,t14
t1,t4,t6,t8
t1,t4,t7,t10,t9,t13,t14
t1,t4,t7,t10,t9,t13,t14
t1,t2,t3,t5,t7,t9,t10,t13,t14
t1,t4,t6,t8,t12,t14
t1,t4,t6,t8,t12,t14
t1,t2,t3,t5,t6,t8,t11,t3,t5,t6,t8,t12,t14
t1,t2,t3,t5,t6,t8,t11,t3,t5,t6,t8,t11,t3,t5,t7,t10,t9,t13,t14
t1,t2,t3,t5,t7,t9,t10,t13,t14
t1,t4,t7,t10,t9,t13,t14
t1,t13,t3,t5,t7,t9,t10,t2,t14
t1,t4,t6,t8,t11,t3,t5,t6,t8,t12,t14
t1,t2,t3,t5,t7,t9,t10,t13,t14
t1,t2,t3,t5,t6,t8,t11,t3,t5,t6,t8,t11,t3,t5,t7,t10,t9,t13,t14
t1,t4,t6,t8,t11,t3,t5,t6,t8,t11,t3,t5,t6,t8,t12,t14
t1,t2,t3,t5,t7,t10,t9,t13,t14
t1,t4,t7,t10,t9,t13,t14
t1,t4,t6,t8,t11,t3,t5,t7,t10,t9,t13,t14
t1,t2,t3,t5,t6,t8,t12,t14
t1,t4,t7,t10,t9,t13,t14
t1,t4,t8,t6,t11,t3,t5,t7,t10,t9,t13,t14
t1,t4,t6,t8,t11,t3,t5,t6,t8,t11,t3,t5,t7,t10,t9,t13,t14
t1,t4,t6,t8,t12,t14
t1,t4,t6,t8,t11,t3,t5,t7,t9,t10,t13,t14
t1,t4,t7,t10,t9,t13,t14
t1,t2,t3,t5,t7,t10,t9,t13,t14
t1,t2,t3,t5,t6,t8,t12,t14
t1,t2,t3,t5,t6,t8,t12,t14
t1,t4,t6,t8,t11,t3,t5,t6,t8,t11,t3,t5,t6,t8,t11,t3,t5,t7,t10,t9,t13,t14
t1,t4,t6,t8,t12,t14
t1,t4,t7,t10,t9,t13
t1,t4,t6,t8,t12,t14
t1,t2,t3,t5,t6,t8,t11,t3,t5,t7,t9,t10,t13,t14
t1,t4,t7,t10,t9,t13,t14
t1,t2,t3,t5,t7,t9,t10,t13,t14
t1,t4,t7,t10,t9,t13,t14
t1,t2,t3,t5,t7,t10,t9,t13,t14
t1,t2,t3,t5,t6,t8,t12,t14
t1,t4,t6,t8,t12,t14
t1,t2,t3,t5,t6,t8,t12,t14
t1,t4,t7,t10,t9
t1,t2,t3,t5,t6,t8,t11,t3,t5,t6,t8,t11,t3,t5,t7,t9,t10,t13,t14
t1,t4,t6,t8,t11,t3,t5,t6,t8,t11,t3,t5,t7,t9,t10,t13,t14
t1,t4,t7,t9,t10,t13,t14
t1,t4,t6,t8,t12,t14
t1,t2,t3,t5,t7,t9,t10,t13,t14
t1,t2,t3,t5,t7,t9,t10,t13,t14
t1,t2,t3,t5,t6,t8,t12,t14
t1,t2,t3,t5,t6,t8,t12,t14
t1,t2,t3,t5,t7,t9,t10,t13,t14
t3,t5,t7,t9,t10,t13,t14
t1,t4,t7,t9,t10,t13,t14
t1,t2,t3,t5,t7,t10,t9,t13,t14
t1,t2,t3,t5,t7,t9,t10,t13,t14
t1,t4,t6,t8,t12,t14
t1,t4,t6,t8,t11,t3,t5,t7,t10,t9,t13,t14
t1,t4,t6,t8,t11,t3,t5,t6,t8,t12,t14
t1,t4,t7,t9,t10,t13,t14
t1,t4,t6,t8,t11,t3,t5,t6,t8,t11,t3,t5,t6,t8,t11,t3,t5,t7,t10,t9,t13,t14
t1,t4,t7,t9,t10,t13,t14
t1,t2,t3,t5,t7,t13,t10,t9,t14
t1,t4,t6,t8,t12,t14
t1,t2,t3,t5,t6,t8,t11,t3,t5,t7,t9,t10,t13,t14
t1,t2,t3,t5,t6,t8,t11,t3,t5,t6,t8,t11,t3,t5,t6,t8,t12,t14
t1,t2,t3,t5,t7,t9,t10,t13,t14
t1,t4,t6,t8,t11,t3,t5,t7,t9,t10,t13,t14
t1,t4,t7,t10,t9,t13,t14
t1,t2,t3,t5,t7,t9,t10,t13,t14
t1,t4,t7,t9,t10,t13,t14
t1,t2,t3,t5,t6,t8,t12,t14
t1,t4,t6,t14
t1,t2,t3,t5,t6,t8,t11,t3,t5,t6,t8,t12,t14
t1,t4,t7,t9,t10,t13,t14
t1,t4,t7,t9,t10,t13,t14
t1,t2,t3,t5,t7,t10,t9,t13,t14
t1,t4,t6,t8,t11,t3,t5,t7,t10,t9,t13,t14
t1,t2,t3,t5,t6,t8,t11,t3,t5,t7,t10,t9,t13,t14
t1,t4,t6,t8,t12,t14
t1,t2,t3,t5,t6,t8,t11,t3,t5,t7,t9,t10,t13,t14
t1,t2,t3,t5,t7,t9,t10,t13,t14
t1,t4,t6,t8
t1,t4,t7,t10,t9,t13,t14
t1,t4,t6,t8,t12,t14
t1,t4,t6,t8,t12,t14
t1,t4,t7,t9,t10,t13,t14
t1,t4,t6,t8,t12,t14
t1,t2,t3,t5,t6,t8,t12,t14
t1,t4,t6,t8,t12,t14
t1,t4,t6,t8,t11,t3,t5,t7,t9,t10,t13,t14
t1,t4,t6,t8,t12,t14
t1,t4,t6,t8,t12
t1,t4,t7,t10,t9,t13,t14
t1,t4,t7,t10,t9,t13,t14
t1,t4,t7,t9,t10,t13,t14
t1,t2,t3,t5,t6,t8,t11,t3,t5,t6,t8,t12,t14
t1,t4,t7,t10,t9,t13,t14
t1,t4,t6,t8,t11,t3,t5,t6,t8,t11,t3,t5,t6,t8,t12,t14
t1,t4,t6,t8,t12,t14
t1,t4,t7,t10,t9,t13,t14
t1,t4,t7,t9,t10,t13,t14
t3,t5,t6,t8,t11,t3,t5,t6,t8,t11,t3,t5,t7,t9,t10,t13,t14
t1,t4,t6,t8,t11,t3,t5,t6,t8,t11,t3,t5,t6,t8,t11,t3,t5,t7,t9,t10,t13,t14
t1,t2,t3,t5,t6,t8,t11,t3,t5,t6,t8,t11,t3,t5,t6,t8,t11,t3,t5,t7,t9,t10,t13,t14
t1,t2,t3,t5,t6,t8,t12,t14
t1,t4,t7,t10,t9,t13,t14
t1,t2,t3,t5,t7,t10,t9,t13,t14
t1,t4,t7,t9,t10,t13,t14
t1,t4,t7,t9,t10,t13,t14
t1,t2,t3,t5,t6,t8,t12,t14
t1,t2,t3,t5,t7,t10,t9,t13,t14
t3,t5,t7,t9,t10,t13,t14
t1,t4,t6,t8,t12,t14
t1,t2,t3,t5,t7,t10,t9,t13,t14
t1,t2,t3,t5,t6,t8,t11,t3,t5,t6,t8,t12,t14
t1,t4,t7,t9,t10,t13,t14
t1,t2,t3,t5,t7,t9,t10,t13,t14
t1,t2,t3,t5,t6,t8,t12,t14
t1,t2,t3,t5,t7,t10,t9,t13,t14
t1,t4,t6,t8,t12,t14
t1,t2,t3,t5,t6,t8,t12,t14
t1,t2,t3,t5,t7,t9,t10,t13
t1,t4,t6,t8,t11,t3,t5,t6,t8,t12,t14
t1,t4,t7,t9,t10,t13,t14
t1,t2,t3,t5,t7,t9,t10,t13,t14
t1,t2,t3,t5,t7,t9,t10,t13,t14
t1,t2,t3,t5,t7,t10,t9,t13,t14
t1,t4,t7,t10,t9,t13,t14
t1,t4,t7,t10,t9,t13,t14
t1,t2,t3,t5,t7,t10,t9,t13,t14
t1,t2,t3,t5,t6,t8,t12,t14
t1,t4,t6,t14
t1,t4,t7,t10,t9,t13,t14
t1,t2,t3,t5,t7,t10,t9,t13,t14
t1,t4,t6,t8,t11,t3,t5,t6,t8,t12,t14
t1,t4,t7,t10,t9,t13,t14
t1,t4,t6,t8,t11,t3,t5,t7,t9,t10,t13,t14
t1,t4,t7,t9,t10,t13,t14
t1,t2,t3,t5,t6,t8,t11,t3,t5,t6,t8,t11,t3,t5,t6,t8,t11,t3,t5,t7,t9,t10,t13,t14
t1,t2,t3,t5,t6,t8,t12,t14
t1,t2,t3,t5,t6,t8,t12,t14
t8,t11,t3,t5,t7,t9,t10,t13,t14
t1,t2,t3,t5,t7,t9,t10,t13,t14
t1,t4,t6,t8,t11,t3,t5,t6,t8,t12,t14
t1,t4,t7,t9,t10,t13,t14
t1,t4,t7,t9,t10,t13,t14
t1,t4,t6,t8,t11,t3,t5,t7,t9,t10,t13,t14
t1,t2,t3,t5,t6,t8,t12,t14
t1,t2,t3,t5,t6,t8,t12,t14
t1,t2,t3,t5,t6,t8,t11,t3,t5,t6,t8,t11,t3,t5,t6,t8,t12,t14
t1,t4,t7,t9,t10,t13,t14
t1,t2,t9,t5,t7,t10,t3,t13,t14
t1,t4,t6,t8,t11,t3,t5,t7,t10,t9,t13,t14
t1,t2,t3,t5,t6,t8,t12,t14
t1,t4,t6,t8,t11,t3,t5,t6,t8,t11,t3,t5,t7,t9,t10,t13,t14
t1,t2,t3,t5,t7,t9,t10,t13,t14
t1,t2,t3,t5,t6,t8,t12,t14
t1,t2,t3,t5,t7,t9,t10,t13,t14
t1,t2,t3,t5,t7,t9,t10,t13,t14
t1,t2,t3,t5,t6,t8,t12,t14
t1,t4,t7,t9,t10,t13,t14
t1,t4,t6,t8,t11,t3,t5,t7,t9
t1,t2,t3,t5,t7,t9,t10,t13,t14
t1,t2,t3,t5,t7,t9,t10,t13,t14
t1,t2,t3,t5,t7,t10,t9,t13,t14
t1,t2,t3,t5,t7,t9,t10,t13,t14
t1,t4,t7,t9,t10,t13,t14
t1,t4,t7,t9,t10,t13,t14
t1,t2,t3,t5,t6,t8,t12,t14
t1,t2,t3,t5,t7,t9,t10,t13,t14
t1,t2,t3,t5,t6,t8,t12,t14
t8,t11,t3,t5,t7,t9,t10,t13,t14
t1,t2,t3,t5,t6,t8,t11,t3,t5,t7,t10,t9,t13,t14
t1,t4,t7,t9,t10,t13,t14
t1,t2,t3,t5,t6,t8,t12,t14
t1,t4,t7,t9,t10,t13,t14
t1,t4,t7,t10,t9,t13,t14
t1,t2,t3,t5,t7,t9,t10,t13,t14
t1,t4,t7,t10,t9,t13,t14
t1,t2,t3,t5,t7,t9,t10,t13,t14
t1,t4,t7,t10,t9,t13,t14
t1,t2,t3,t5,t12,t14
t1,t4,t6,t8,t12,t14
t1,t2,t3,t5,t7,t9,t10,t13,t14
t1,t2,t3,t5,t6,t8,t11,t3,t5,t7,t10,t9,t13,t14
t1,t4,t6,t8,t11,t3,t5,t6,t8,t11,t3,t5,t6,t8,t11,t3,t5,t7,t9,t10,t13,t14
t1,t2,t3,t5,t6,t8,t12,t14
t1,t2,t3,t5,t7,t10,t9,t13,t14
t1,t4,t7,t10,t9,t13,t14
t1,t2,t3,t5,t6,t8,t12,t14
t1,t4,t6,t8,t12,t14
t6,t8,t12,t14
t1,t4,t7,t10,t9,t13,t14
t1,t2,t3,t5,t6,t8,t11,t3,t5,t7,t9,t10,t13,t14
t1,t2,t3,t5,t7,t9,t10,t13,t14
t1,t4,t7,t9,t10,t13,t14
t1,t4,t7,t10,t9,t13,t14
t1,t2,t3,t5,t7,t9,t10,t13,t14
t1,t4,t6,t8,t12,t14
t1,t4,t7,t10,t9,t13,t14
t1,t2,t3,t5,t7,t9,t10,t13,t14
t1,t2,t3,t5,t7,t9
t1,t4,t6,t8,t11,t3,t5,t7,t9,t10,t13,t14
t1,t4,t6,t8,t11,t3,t5,t7,t9,t10,t13,t14
t1,t2,t3,t5,t7,t10,t9,t13,t14
t1,t4,t6,t8,t12,t14
t1,t4,t6,t8,t11,t3,t5,t6,t8,t11,t3,t5,t7,t9,t10,t13,t14
t1,t4,t7,t9,t10,t13,t14
t1,t2,t3,t5,t6,t8,t12,t14
t1,t4,t7,t9,t10,t13,t14
t1,t2,t3,t5,t7,t10,t9,t13,t14
t1,t2,t3,t10,t7,t9,t5,t13,t14
t1,t4,t7,t10,t9,t13,t14
t1,t4,t7,t10,t9,t13,t14
t1,t4,t6,t8,t12,t14
t1,t4,t6,t8,t11,t3,t5,t7,t9,t10,t13,t14
t1,t2,t3,t5,t7,t10,t9,t13,t14
t1,t2,t3,t5,t6,t8,t11,t3,t5,t6,t8,t12,t14
t1,t2,t3,t5,t6,t8,t12,t14
t1,t4,t7,t9,t10,t13,t14
t1,t2,t3,t5,t7,t9,t10,t13,t14
t1,t6,t3,t5,t6,t8,t11,t3,t5,t2,t8,t11,t3,t5,t7,t9,t10,t13,t14
t1,t4,t7,t9,t10,t13,t14
t1,t2,t3,t5,t6,t8,t11,t3,t5,t6,t8,t12,t14
t1,t4,t7,t10,t9,t13,t14
t1,t4,t7,t9,t10,t13,t14
t1,t2,t3,t5,t7,t10,t9,t13,t14
t1,t2,t3,t5,t7,t10,t9,t13,t14
t1,t4,t7,t10,t9,t13,t14
t1,t2,t3,t5,t7,t9,t10,t13,t14
t1,t4,t7,t10,t9,t13,t14
t2,t1,t3,t5,t7,t10,t9,t13,t14
t1,t2,t3,t5,t6,t8,t12,t14
t1,t4,t7,t10,t9,t13,t14
t1,t2,t3,t5,t6,t8,t11,t3,t5,t7,t10,t9,t13,t14
t1,t2,t3,t5,t7,t9,t10,t13,t14
t1,t4,t6,t8,t12,t14
t1,t2,t3,t5,t7,t10,t9,t13,t14
t1,t4,t6,t8,t11,t3,t5,t6,t8,t11,t3,t5,t6,t8,t11,t3,t5,t7,t10,t9,t13,t14
t1,t2,t3,t5,t6,t8,t12,t14
t1,t2,t3,t5,t6,t8,t11,t3,t5,t6,t8,t11,t3,t5,t7,t9,t10,t13,t14
t1,t2,t3,t5,t10,t9,t13,t14
t1,t4,t6,t8,t12,t14
t1,t2,t3,t5,t7,t9,t10,t13,t14
t1,t2,t3,t5,t6,t8,t12,t14
t1,t2,t3,t5,t6,t8,t12,t14
t1,t2,t3,t5,t6,t8,t11,t3,t5,t7,t9,t10,t13,t14
t1,t4,t6,t8,t11,t3,t5,t6,t8,t12,t14
t1,t4,t7,t9,t10,t13,t14
t1,t2,t3,t5,t7,t10,t9,t13,t14
t1,t2,t3,t5,t7,t9,t10,t13,t14
t1,t2,t3,t5,t6,t8,t11,t3,t5,t6,t8,t11,t3,t5,t6,t8,t12
t1,t2,t3,t5,t7,t9,t10,t13,t14
t1,t4,t7,t9,t10,t13,t14
t1,t2,t3,t5,t7,t9,t10,t13,t14
t1,t2,t3,t5,t6,t8,t11,t3,t5,t7,t10,t9,t13,t14
t1,t4,t7,t9,t10,t13,t14
t1,t4,t7,t10,t9,t13,t14
t1,t2,t3,t5,t7,t10,t9,t13,t14
t1,t4,t7,t9,t10,t13,t14
t1,t2,t3,t5,t6,t8,t11,t3,t5,t7,t10,t9,t13,t14
t7,t10,t9,t13,t14
t1,t4,t6,t8,t11,t3,t5,t7,t10,t9,t13,t14
t1,t2,t3,t5,t7,t9,t10,t13,t14
t1,t2,t3,t5,t6,t8,t12,t14
t1,t2,t3,t5,t6,t8,t11,t3,t5,t7,t10,t9,t13,t14
t1,t2,t3,t5,t7,t10,t9,t13,t14
t1,t4,t6,t8,t11,t3,t5,t7,t10,t9,t13,t14
t1,t4,t6,t8,t12,t14
t1,t2,t3,t5,t7,t9,t10,t13,t14
t1,t2,t3,t5,t7,t9,t10,t13,t14
t2,t3,t5,t7,t10,t9,t13,t14
t1,t2,t3,t5,t7,t10,t9,t13,t14
t1,t4,t6,t8,t12,t14
t1,t2,t3,t5,t6,t8,t12,t14
t1,t4,t7,t10,t9,t13,t14
t1,t2,t3,t5,t7,t9,t10,t13,t14
t1,t2,t3,t5,t6,t8,t12,t14
t1,t4,t7,t10,t9,t13,t14
t1,t4,t6,t8,t11,t3,t5,t7,t10,t9,t13,t14
t1,t2,t3,t5,t7,t10,t9,t13,t14
t1,t5,t3,t2,t7,t10,t9,t13,t14
t1,t2,t3,t5,t6,t8,t11,t3,t5,t7,t9,t10,t13,t14
t1,t4,t7,t10,t9,t13,t14
t1,t2,t3,t5,t7,t9,t10,t13,t14
t1,t4,t7,t9,t10,t13,t14
t1,t4,t6,t8,t11,t3,t5,t7,t10,t9,t13,t14
t1,t2,t3,t5,t6,t8,t12,t14
t1,t4,t6,t8,t12,t14
t1,t2,t3,t5,t7,t10,t9,t13,t14
t1,t2,t3,t5,t6,t8,t12,t14
t1,t2,t3,t5,t7,t10,t9
t1,t2,t3,t5,t6,t8,t12,t14
t1,t2,t3,t5,t7,t10,t9,t13,t14
t1,t2,t3,t5,t6,t8,t12,t14
t1,t4,t6,t8,t12,t14
t1,t2,t3,t5,t6,t8,t12,t14
t1,t2,t3,t5,t6,t8,t11,t3,t5,t7,t10,t9,t13,t14
t1,t2,t3,t5,t6,t8,t12,t14
t1,t2,t3,t5,t6,t8,t11,t3,t5,t7,t10,t9,t13,t14
t1,t2,t3,t5,t7,t9,t10,t13,t14
t1,t2,t3,t5,t6,t8,t7,t10,t9,t13,t14
t1,t4,t6,t8,t12,t14
t1,t4,t6,t8,t11,t3,t5,t7,t9,t10,t13,t14
t1,t2,t3,t5,t7,t10,t9,t13,t14
t1,t4,t6,t8,t11,t3,t5,t7,t9,t10,t13,t14
t1,t4,t6,t8,t12,t14
t1,t2,t3,t5,t7,t9,t10,t13,t14
t1,t4,t6,t8,t11,t3,t5,t7,t9,t10,t13,t14
t1,t4,t6,t8,t11,t3,t5,t6,t8,t11,t3,t5,t6,t8,t11,t3,t5,t7,t10,t9,t13,t14
t1,t2,t3,t5,t6,t8,t11,t3,t5,t6,t8,t11,t3,t5,t7,t10,t9,t13,t14
t1,t2,t3,t5,t7,t9,t10,t13
t1,t4,t6,t8,t12,t14
t1,t4,t7,t10,t9,t13,t14
t1,t2,t3,t5,t7,t9,t10,t13,t14
t1,t4,t7,t9,t10,t13,t14
t1,t4,t7,t9,t10,t13,t14
t1,t2,t3,t5,t6,t8,t11,t3,t5,t6,t8,t12,t14
t1,t4,t6,t8,t11,t3,t5,t7,t10,t9,t13,t14
t1,t2,t3,t5,t7,t9,t10,t13,t14
t1,t4,t7,t9,t10,t13,t14
t7,t10,t9,t13,t14
t1,t4,t7,t10,t9,t13,t14
t1,t2,t3,t5,t7,t9,t10,t13,t14
t1,t2,t3,t5,t6,t8,t12,t14
t1,t2,t3,t5,t7,t10,t9,t13,t14
t1,t2,t3,t5,t6,t8,t11,t3,t5,t7,t9,t10,t13,t14
t1,t2,t3,t5,t7,t9,t10,t13,t14
t1,t2,t3,t5,t6,t8,t11,t3,t5,t7,t9,t10,t13,t14
t1,t4,t7,t9,t10,t13,t14
t1,t2,t3,t5,t6,t8,t12,t14
t1,t2,t3,t5,t7,t10,t9
t1,t2,t3,t5,t6,t8,t11,t3,t5,t7,t9,t10,t13,t14
t1,t2,t3,t5,t7,t10,t9,t13,t14
t1,t4,t6,t8,t11,t3,t5,t6,t8,t12,t14
t1,t2,t3,t5,t6,t8,t12,t14
t1,t4,t6,t8,t12,t14
t1,t4,t7,t10,t9,t13,t14
t1,t2,t3,t5,t7,t10,t9,t13,t14
t1,t2,t3,t5,t6,t8,t12,t14
t1,t4,t6,t8,t12,t14
t1,t2,t5,t3,t6,t8,t11,t3,t5,t6,t8,t12,t14
t1,t2,t3,t5,t7,t9,t10,t13,t14
t1,t4,t6,t8,t11,t3,t5,t6,t8,t11,t3,t5,t6,t8,t11,t3,t5,t7,t10,t9,t13,t14
t1,t2,t3,t5,t7,t9,t10,t13,t14
t1,t4,t6,t8,t11,t3,t5,t7,t9,t10,t13,t14
t1,t4,t6,t8,t12,t14
t1,t4,t6,t8,t12,t14
t1,t4,t6,t8,t11,t3,t5,t6,t8,t12,t14
t1,t2,t3,t5,t6,t8,t12,t14
t1,t2,t3,t5,t6,t8,t11,t3,t5,t6,t8,t11,t3,t5,t7,t10,t9,t13,t14
t6,t2,t3,t5,t6,t8,t11,t3,t5,t6,t8,t11,t3,t5,t6,t8,t11,t3,t5,t1,t8,t11,t3,t5,t7,t9,t10,t13,t14
t1,t4,t6,t8,t11,t3,t5,t6,t8,t11,t3,t5,t6,t8,t11,t3,t5,t6,t8,t11,t3,t5,t7,t10,t9,t13,t14
t1,t4,t6,t8,t11,t3,t5,t6,t8,t11,t3,t5,t7,t9,t10,t13,t14
t1,t4,t7,t9,t10,t13,t14
t1,t4,t6,t8,t12,t14
t1,t4,t6,t8,t11,t3,t5,t6,t8,t11,t3,t5,t6,t8,t12,t14
t1,t2,t3,t5,t6,t8,t12,t14
t1,t4,t6,t8,t11,t3,t5,t7,t9,t10,t13,t14
t1,t4,t6,t8,t12,t14
t1,t4,t6,t8,t12,t14
t1,t2,t3,t9,t13,t14
t1,t4,t6,t8,t12,t14
t1,t2,t3,t5,t6,t8,t11,t3,t5,t6,t8,t12,t14
t1,t2,t3,t5,t6,t8,t12,t14
t1,t4,t6,t8,t11,t3,t5,t7,t10,t9,t13,t14
t1,t4,t7,t10,t9,t13,t14
t1,t2,t3,t5,t7,t9,t10,t13,t14
t1,t2,t3,t5,t7,t10,t9,t13,t14
t1,t4,t6,t8,t11,t3,t5,t7,t9,t10,t13,t14
t1,t4,t6,t8,t11,t3,t5,t7,t9,t10,t13,t14
t1,t4,t7,t10,t9,t13
t1,t4,t6,t8,t12,t14
t1,t2,t3,t5,t7,t10,t9,t13,t14
t1,t4,t6,t8,t12,t14
t1,t2,t3,t5,t7,t9,t10,t13,t14
t1,t2,t3,t5,t6,t8,t11,t3,t5,t7,t10,t9,t13,t14
t1,t2,t3,t5,t7,t10,t9,t13,t14
t1,t4,t6,t8,t11,t3,t5,t6,t8,t12,t14
t1,t4,t7,t10,t9,t13,t14
t1,t2,t3,t5,t6,t8,t11,t3,t5,t6,t8,t11,t3,t5,t6,t8,t11,t3,t5,t6,t8,t12,t14
t1,t2,t3,t5,t6,t8,t7,t10,t9,t13,t14
t1,t2,t3,t5,t7,t9,t10,t13,t14
t1,t4,t7,t10,t9,t13,t14
t1,t4,t7,t9,t10,t13,t14
t1,t4,t7,t10,t9,t13,t14
t1,t4,t7,t10,t9,t13,t14
t1,t4,t6,t8,t11,t3,t5,t6,t8,t11,t3,t5,t7,t9,t10,t13,t14
t1,t4,t6,t8,t12,t14
t1,t2,t3,t5,t7,t9,t10,t13,t14
t1,t2,t3,t5,t6,t8,t11,t3,t5,t6,t8,t12,t14
t1,t4,t7,t13,t14
t1,t2,t3,t5,t7,t10,t9,t13,t14
t1,t2,t3,t5,t6,t8,t12,t14
t1,t2,t3,t5,t7,t10,t9,t13,t14
t1,t4,t7,t10,t9,t13,t14
t1,t4,t7,t9,t10,t13,t14
t1,t2,t3,t5,t6,t8,t11,t3,t5,t6,t8,t11,t3,t5,t6,t8,t12,t14
t1,t2,t3,t5,t7,t9,t10,t13,t14
t1,t2,t3,t5,t6,t8,t11,t3,t5,t7,t10,t9,t13,t14
t1,t4,t6,t8,t12,t14
t1,t2,t3,t5,t6,t8,t5,t6,t8,t12,t14
t1,t2,t3,t5,t6,t8,t11,t3,t5,t6,t8,t11,t3,t5,t6,t8,t12,t14
t1,t4,t6,t8,t12,t14
t1,t4,t6,t8,t12,t14
t1,t2,t3,t5,t7,t9,t10,t13,t14
t1,t2,t3,t5,t6,t8,t12,t14
t1,t4,t6,t8,t11,t3,t5,t7,t9,t10,t13,t14
t1,t4,t6,t8,t11,t3,t5,t7,t9,t10,t13,t14
t1,t4,t6,t8,t12,t14
t1,t2,t3,t5,t6,t8,t11,t3,t5,t6,t8,t11,t3,t5,t6,t8,t12,t14
t1,t2,t3,t5,t7,t9,t10,t13
t1,t4,t7,t9,t10,t13,t14
t1,t4,t7,t10,t9,t13,t14
t1,t2,t3,t5,t6,t8,t12,t14
t1,t4,t7,t10,t9,t13,t14
t1,t2,t3,t5,t7,t10,t9,t13,t14
t1,t4,t7,t10,t9,t13,t14
t1,t4,t7,t9,t10,t13,t14
t1,t2,t3,t5,t7,t10,t9,t13,t14
t1,t4,t6,t8,t11,t3,t5,t7,t9,t10,t13,t14
t1,t2,t3,t5,t6,t8,t11,t3,t5,t7,t9,t10
t1,t2,t3,t5,t7,t9,t10,t13,t14
t1,t2,t3,t5,t7,t9,t10,t13,t14
t1,t2,t3,t5,t6,t8,t11,t3,t5,t6,t8,t12,t14
t1,t2,t3,t5,t7,t10,t9,t13,t14
t1,t4,t7,t10,t9,t13,t14
t1,t2,t3,t5,t6,t8,t12,t14
t1,t4,t7,t10,t9,t13,t14
t1,t2,t3,t5,t7,t10,t9,t13,t14
t1,t4,t6,t8,t11,t3,t5,t7,t9,t10,t13,t14
t1,t2,t3,t5,t7,t9,t10,t13
t1,t2,t3,t5,t7,t9,t10,t13,t14
t1,t4,t6,t8,t12,t14
t1,t4,t7,t10,t9,t13,t14
t1,t4,t6,t8,t11,t3,t5,t7,t10,t9,t13,t14
t1,t4,t6,t8,t12,t14
t1,t4,t6,t8,t11,t3,t5,t7,t10,t9,t13,t14
t1,t4,t6,t8,t12,t14
t1,t2,t3,t5,t6,t8,t11,t3,t5,t7,t10,t9,t13,t14
t1,t4,t6,t8,t12,t14
t1,t2,t3,t5,t6,t8,t11,t5,t7,t10,t9,t13,t14
t1,t4,t7,t9,t10,t13,t14
t1,t4,t6,t8,t12,t14
t1,t2,t3,t5,t7,t9,t10,t13,t14
t1,t4,t6,t8,t12,t14
t1,t4,t6,t8,t11,t3,t5,t7,t10,t9,t13,t14
t1,t2,t3,t5,t7,t10,t9,t13,t14
t1,t4,t7,t10,t9,t13,t14
t1,t2,t3,t5,t6,t8,t11,t3,t5,t7,t9,t10,t13,t14
t1,t2,t3,t5,t6,t8,t12,t14
t1,t4,t7,t10,t9,t13
t1,t4,t6,t8,t12,t14
t1,t4,t6,t8,t12,t14
t1,t2,t3,t5,t6,t8,t12,t14
t1,t4,t6,t8,t12,t14
t1,t4,t6,t8,t11,t3,t5,t7,t10,t9,t13,t14
t1,t2,t3,t5,t6,t8,t11,t3,t5,t7,t9,t10,t13,t14
t1,t4,t7,t9,t10,t13,t14
t1,t4,t6,t8,t12,t14
t1,t2,t3,t5,t7,t9,t10,t13,t14
t1,t4,t7,t10,t9
t1,t4,t6,t8,t11,t3,t5,t6,t8,t11,t3,t5,t6,t8,t11,t3,t5,t7,t9,t10,t13,t14
t1,t4,t6,t8,t11,t3,t5,t7,t9,t10,t13,t14
t1,t2,t3,t5,t7,t10,t9,t13,t14
t1,t2,t3,t5,t7,t9,t10,t13,t14
t1,t2,t3,t5,t6,t8,t11,t3,t5,t6,t8,t11,t3,t5,t7,t9,t10,t13,t14
t1,t2,t3,t5,t6,t8,t12,t14
t1,t4,t7,t10,t9,t13,t14
t1,t4,t6,t8,t12,t14
t1,t4,t6,t8,t12,t14
t2,t3,t5,t7,t9,t10,t13,t14
t1,t2,t3,t5,t6,t8,t12,t14
t1,t4,t6,t8,t11,t3,t5,t7,t10,t9,t13,t14
t1,t4,t7,t10,t9,t13,t14
t1,t4,t6,t8,t12,t14
t1,t4,t7,t9,t10,t13,t14
t1,t4,t6,t8,t11,t3,t5,t7,t10,t9,t13,t14
t1,t2,t3,t5,t6,t8,t11,t3,t5,t6,t8,t11,t3,t5,t6,t8,t12,t14
t1,t4,t7,t10,t9,t13,t14
t1,t4,t7,t10,t9,t13,t14
t5,t7,t10,t9,t13,t14
t1,t4,t7,t10,t9,t13,t14
t1,t2,t3,t5,t6,t8,t12,t14
t1,t4,t6,t8,t12,t14
t1,t4,t7,t9,t10,t13,t14
t1,t2,t3,t5,t6,t8,t11,t3,t5,t7,t9,t10,t13,t14
t1,t4,t6,t8,t12,t14
t1,t2,t3,t5,t6,t8,t12,t14
t1,t4,t6,t8,t11,t3,t5,t6,t8,t11,t3,t5,t6,t8,t11,t3,t5,t6,t8,t11,t3,t5,t7,t10,t9,t13,t14
t1,t4,t6,t8,t11,t3,t5,t6,t8,t12,t14
t1,t4,t6,t14
t1,t2,t3,t5,t6,t8,t11,t3,t5,t7,t10,t9,t13,t14
t1,t4,t7,t9,t10,t13,t14
t1,t2,t3,t5,t7,t9,t10,t13,t14
t1,t2,t3,t5,t6,t8,t12,t14
t1,t4,t7,t10,t9,t13,t14
t1,t2,t3,t5,t7,t9,t10,t13,t14
t1,t2,t3,t5,t7,t10,t9,t13,t14
t1,t4,t6,t8,t11,t3,t5,t7,t9,t10,t13,t14
t1,t4,t7,t10,t9,t13,t14
t1,t4,t6,t8,t5,t3,t11,t7,t10,t9,t13,t14
t1,t4,t6,t8,t12,t14
t1,t4,t6,t8,t11,t3,t5,t7,t10,t9,t13,t14
t1,t4,t7,t9,t10,t13,t14
t1,t4,t6,t8,t12,t14
t1,t2,t3,t5,t7,t10,t9,t13,t14
t1,t4,t7,t9,t10,t13,t14
t1,t2,t3,t5,t7,t10,t9,t13,t14
t1,t2,t3,t5,t6,t8,t12,t14
t1,t4,t7,t10,t9,t13,t14
t1,t2,t3,t5,t7,t10,t9,t13
t1,t2,t3,t5,t6,t8,t12,t14
t1,t2,t3,t5,t6,t8,t11,t3,t5,t7,t10,t9,t13,t14
t1,t4,t6,t8,t12,t14
t1,t4,t7,t9,t10,t13,t14
t1,t2,t3,t5,t6,t8,t12,t14
t1,t2,t3,t5,t6,t8,t12,t14
t1,t2,t3,t5,t6,t8,t12,t14
t1,t4,t7,t10,t9,t13,t14
t1,t4,t7,t10,t9,t13,t14
t2,t3,t5,t7,t9,t10,t13,t14
t1,t4,t7,t9,t10,t13,t14
t1,t4,t6,t8,t11,t3,t5,t6,t8,t11,t3,t5,t7,t10,t9,t13,t14
t1,t4,t6,t8,t12,t14
t1,t4,t6,t8,t11,t3,t5,t7,t9,t10,t13,t14
t1,t4,t6,t8,t12,t14
t1,t4,t7,t9,t10,t13,t14
t1,t2,t3,t5,t6,t8,t11,t3,t5,t6,t8,t12,t14
t1,t4,t7,t10,t9,t13,t14
t1,t2,t3,t5,t6,t8,t12,t14
t1,t14,t3,t5,t6,t8,t12,t2
t1,t4,t7,t10,t9,t13,t14
t1,t4,t7,t9,t10,t13,t14
t1,t2,t3,t5,t6,t8,t11,t3,t5,t7,t9,t10,t13,t14
t1,t2,t3,t5,t7,t10,t9,t13,t14
t1,t4,t6,t8,t11,t3,t5,t6,t8,t11,t3,t5,t6,t8,t11,t3,t5,t6,t8,t12,t14
t1,t4,t7,t9,t10,t13,t14
t1,t2,t3,t5,t6,t8,t12,t14
t1,t2,t3,t5,t6,t8,t11,t3,t5,t7,t10,t9,t13,t14
t1,t4,t6,t8,t11,t3,t5,t7,t10,t9,t13,t14
t1,t14,t6,t8,t11,t3,t5,t7,t9,t10,t13,t4
t1,t2,t3,t5,t6,t8,t11,t3,t5,t6,t8,t12,t14
t1,t2,t3,t5,t6,t8,t11,t3,t5,t7,t10,t9,t13,t14
t1,t2,t3,t5,t7,t9,t10,t13,t14
t1,t4,t6,t8,t12,t14
t1,t4,t7,t10,t9,t13,t14
t1,t4,t6,t8,t12,t14
t1,t2,t3,t5,t6,t8,t11,t3,t5,t7,t10,t9,t13,t14
t1,t4,t7,t10,t9,t13,t14
t1,t4,t7,t9,t10,t13,t14
t1,t2,t3,t5,t6,t8,t11,t3,t5,t6,t8,t11
t1,t2,t3,t5,t7,t9,t10,t13,t14
t1,t2,t3,t5,t6,t8,t12,t14
t1,t4,t7,t9,t10,t13,t14
t1,t2,t3,t5,t6,t8,t11,t3,t5,t6,t8,t12,t14
t1,t4,t7,t9,t10,t13,t14
t1,t2,t3,t5,t7,t9,t10,t13,t14
t1,t2,t3,t5,t7,t9,t10,t13,t14
t1,t2,t3,t5,t7,t9,t10,t13,t14
t1,t4,t7,t10,t9,t13,t14
t1,t4,t7,t9,t10
