	D/F-Table

A = t1
#A = 1000
_____________________________________________________________
B	B<A	A>B	B<<<A	A>>>B	A→B
_____________________________________________________________
t1	0	0	0	0	0.0
t3	0	506	0	506	0.506
t6	0	0	0	506	0.360416
t5	0	0	0	506	0.3440832
t9	0	0	0	506	0.22040064
t8	0	0	0	506	0.217605119999999
t10	0	0	0	506	0.21827072
t13	0	0	0	506	0.132644864000002
t16	0	0	0	1000	0.153988719768396
t14	0	0	0	462	0.117071927718086
t15	0	0	0	462	0.0936575421744686
t4	0	0	0	725	0.426204295168005
t7	0	0	0	725	0.340963436134397
t12	0	0	0	725	0.200815755127774
t2	0	494	0	494	0.494
t11	0	0	0	470	0.148096995769846
_____________________________________________________________

A = t3
#A = 506
_____________________________________________________________
B	B<A	A>B	B<<<A	A>>>B	A→B
_____________________________________________________________
t1	506	0	506	0	-1.0
t3	0	0	0	0	0.0
t6	0	271	0	506	0.890355731225298
t5	0	235	0	506	0.850007905138342
t9	0	0	0	506	0.544467984189723
t8	0	0	0	506	0.537562055335969
t10	0	0	0	506	0.539206324110673
t13	0	0	0	506	0.327679999999998
t16	0	0	0	506	0.160744240422363
t14	0	0	0	231	0.119674434782608
t15	0	0	0	231	0.0957395478260869
t4	0	0	0	231	0.0765916382608692
t7	0	0	0	231	0.0612733106086955
t12	0	0	0	231	0.0376806246656132
t2	0	0	0	0	0.0
t11	0	0	0	141	0.0236775615726416
_____________________________________________________________

A = t6
#A = 506
_____________________________________________________________
B	B<A	A>B	B<<<A	A>>>B	A→B
_____________________________________________________________
t1	0	0	506	0	-0.712284584980237
t3	271	0	506	0	-0.890355731225298
t6	0	0	0	0	0.0
t5	182	173	235	271	0.0384980237154146
t9	0	110	0	506	0.77100395256917
t8	53	120	53	453	0.527415019762844
t10	0	103	0	506	0.7620395256917
t13	0	0	0	506	0.470564426877472
t16	0	0	0	506	0.230434179044644
t14	0	0	0	231	0.172420553359684
t15	0	0	0	231	0.137936442687747
t4	0	0	0	231	0.110349154150197
t7	0	0	0	231	0.0882793233201578
t12	0	0	0	231	0.0542942695423571
t2	0	0	0	0	0.0
t11	0	0	0	141	0.0339996546068683
_____________________________________________________________

A = t5
#A = 506
_____________________________________________________________
B	B<A	A>B	B<<<A	A>>>B	A→B
_____________________________________________________________
t1	0	0	506	0	-0.680006324110673
t3	235	0	506	0	-0.850007905138342
t6	173	182	271	235	-0.0384980237154146
t5	0	0	0	0	0.0
t9	54	102	72	434	0.490371541501975
t8	0	135	0	506	0.799794466403163
t10	44	87	73	433	0.47789723320158
t13	0	0	0	506	0.504094861660081
t16	0	0	0	506	0.247886175566178
t14	0	0	0	231	0.183338498023715
t15	0	0	0	231	0.146670798418972
t4	0	0	0	231	0.117336638735178
t7	0	0	0	231	0.093869310988142
t12	0	0	0	231	0.057722795089287
t2	0	0	0	0	0.0
t11	0	0	0	141	0.0364998013006136
_____________________________________________________________

A = t9
#A = 506
_____________________________________________________________
B	B<A	A>B	B<<<A	A>>>B	A→B
_____________________________________________________________
t1	0	0	506	0	-0.435574387351778
t3	0	0	506	0	-0.544467984189723
t6	110	0	506	0	-0.77100395256917
t5	102	54	434	72	-0.490371541501975
t9	0	0	0	0	0.0
t8	125	122	247	259	0.0139920948616601
t10	169	182	243	263	0.0367588932806327
t13	0	148	0	506	0.786592885375494
t16	0	0	0	506	0.385186482720215
t14	0	0	0	231	0.28839209486166
t15	0	0	0	231	0.230713675889328
t4	0	0	0	231	0.184570940711462
t7	0	0	0	231	0.14765675256917
t12	0	0	0	231	0.0906388394224415
t2	0	0	0	0	0.0
t11	0	0	0	141	0.0573017268104238
_____________________________________________________________

A = t8
#A = 506
_____________________________________________________________
B	B<A	A>B	B<<<A	A>>>B	A→B
_____________________________________________________________
t1	0	0	506	0	-0.430049644268773
t3	0	0	506	0	-0.537562055335969
t6	120	53	453	53	-0.527415019762844
t5	135	0	506	0	-0.799794466403163
t9	122	125	259	247	-0.0139920948616601
t8	0	0	0	0	0.0
t10	129	134	251	255	0.0130434782608696
t13	0	194	0	506	0.803193675889327
t16	0	0	0	506	0.394166726742939
t14	0	0	0	231	0.292894861660079
t15	0	0	0	231	0.234315889328063
t4	0	0	0	231	0.187452711462451
t7	0	0	0	231	0.14996216916996
t12	0	0	0	231	0.092543733572444
t2	0	0	0	0	0.0
t11	0	0	0	141	0.0575726004762981
_____________________________________________________________

A = t10
#A = 506
_____________________________________________________________
B	B<A	A>B	B<<<A	A>>>B	A→B
_____________________________________________________________
t1	0	0	506	0	-0.431365059288537
t3	0	0	506	0	-0.539206324110673
t6	103	0	506	0	-0.7620395256917
t5	87	44	433	73	-0.47789723320158
t9	182	169	263	243	-0.0367588932806327
t8	134	129	255	251	-0.0130434782608696
t10	0	0	0	0	0.0
t13	0	164	0	506	0.797154150197629
t16	0	0	0	506	0.391367691430826
t14	0	0	0	231	0.290668774703557
t15	0	0	0	231	0.232535019762846
t4	0	0	0	231	0.186028015810277
t7	0	0	0	231	0.148822412648221
t12	0	0	0	231	0.0913579425612311
t2	0	0	0	0	0.0
t11	0	0	0	141	0.0575293264938827
_____________________________________________________________

A = t13
#A = 506
_____________________________________________________________
B	B<A	A>B	B<<<A	A>>>B	A→B
_____________________________________________________________
t1	0	0	506	0	-0.262144000000003
t3	0	0	506	0	-0.327679999999998
t6	0	0	506	0	-0.470564426877472
t5	0	0	506	0	-0.504094861660081
t9	148	0	506	0	-0.786592885375494
t8	194	0	506	0	-0.803193675889327
t10	164	0	506	0	-0.797154150197629
t13	0	0	0	0	0.0
t16	0	275	0	506	0.613190614404153
t14	0	231	0	231	0.456521739130435
t15	0	0	0	231	0.365217391304349
t4	0	0	0	231	0.292173913043478
t7	0	0	0	231	0.233739130434783
t12	0	0	0	231	0.143740175878956
t2	0	0	0	0	0.0
t11	0	0	0	141	0.0903227293878236
_____________________________________________________________

A = t16
#A = 1000
_____________________________________________________________
B	B<A	A>B	B<<<A	A>>>B	A→B
_____________________________________________________________
t1	0	0	1000	0	-0.153988719768396
t3	0	0	506	0	-0.0813365856537157
t6	0	0	506	0	-0.11659969459659
t5	0	0	506	0	-0.125430404836486
t9	0	0	506	0	-0.194904360256429
t8	0	0	506	0	-0.199448363731927
t10	0	0	506	0	-0.198032051863998
t13	275	0	506	0	-0.310274450888502
t16	0	0	0	0	0.0
t14	0	0	462	0	-0.139524170070054
t15	0	0	462	0	-0.174405212587567
t4	0	0	725	0	-0.342729006503865
t7	0	0	725	0	-0.580000000000001
t12	725	0	725	0	-0.725
t2	0	0	494	0	-0.111149314056779
t11	0	0	470	0	-0.252127934072808
_____________________________________________________________

A = t14
#A = 921
_____________________________________________________________
B	B<A	A>B	B<<<A	A>>>B	A→B
_____________________________________________________________
t1	0	0	462	0	-0.127113928032667
t3	0	0	231	0	-0.0657494723127034
t6	0	0	231	0	-0.094728338762215
t5	0	0	231	0	-0.100726688382193
t9	0	0	231	0	-0.158443431053203
t8	0	0	231	0	-0.160917263843648
t10	0	0	231	0	-0.159694245385451
t13	231	0	231	0	-0.250814332247557
t16	0	0	0	462	0.151492041335563
t14	0	0	459	459	0.0
t15	0	921	459	921	0.808929059574438
t4	0	0	690	921	0.444732652307884
t7	0	0	690	921	0.04065146579804
t12	690	0	690	921	-0.368749675657428
t2	0	0	231	0	-0.0931429377281298
t11	0	0	336	453	0.0183452768729653
_____________________________________________________________

A = t15
#A = 921
_____________________________________________________________
B	B<A	A>B	B<<<A	A>>>B	A→B
_____________________________________________________________
t1	0	0	462	0	-0.101691142426133
t3	0	0	231	0	-0.0525995778501628
t6	0	0	231	0	-0.075782671009772
t5	0	0	231	0	-0.0805813507057547
t9	0	0	231	0	-0.126754744842562
t8	0	0	231	0	-0.128733811074919
t10	0	0	231	0	-0.12775539630836
t13	0	0	231	0	-0.200651465798046
t16	0	0	0	462	0.189365051669454
t14	921	0	921	459	-0.808929059574438
t15	0	0	459	459	0.0
t4	0	921	690	921	0.715786121846308
t7	0	0	690	921	0.320521172638438
t12	0	0	690	921	-0.123803544083186
t2	0	0	231	0	-0.0745143501825035
t11	0	0	336	453	0.127999999999998
_____________________________________________________________

A = t4
#A = 1415
_____________________________________________________________
B	B<A	A>B	B<<<A	A>>>B	A→B
_____________________________________________________________
t1	0	0	725	0	-0.301204448881982
t3	0	0	231	0	-0.0273889533286218
t6	0	0	231	0	-0.0394605455830388
t5	0	0	231	0	-0.0419592503180211
t9	0	0	231	0	-0.0660020466431095
t8	0	0	231	0	-0.0670325597173145
t10	0	0	231	0	-0.0665230925795053
t13	0	0	231	0	-0.104480565371025
t16	0	0	0	725	0.242211312016866
t14	0	0	921	690	-0.289469097367888
t15	921	0	921	690	-0.465893299095724
t4	0	0	690	690	0.0
t7	0	1415	690	1415	0.750332155477032
t12	0	0	690	1415	0.27972635488366
t2	494	0	494	0	-0.349116607773852
t11	0	0	336	703	0.300193922261486
_____________________________________________________________

A = t7
#A = 2794
_____________________________________________________________
B	B<A	A>B	B<<<A	A>>>B	A→B
_____________________________________________________________
t1	0	0	725	0	-0.122034157528417
t3	0	0	231	0	-0.0110967412913386
t6	0	0	231	0	-0.0159875939871152
t5	0	0	231	0	-0.0169999539584824
t9	0	0	231	0	-0.0267409866857552
t8	0	0	231	0	-0.0271585030780243
t10	0	0	231	0	-0.0269520904795991
t13	0	0	231	0	-0.0423307086614174
t16	0	0	0	725	0.207587687902649
t14	0	0	921	690	-0.0134001431639208
t15	0	0	921	690	-0.105654974946314
t4	1415	0	1415	690	-0.38
t7	0	0	2069	2069	0.0
t12	0	1415	690	1415	0.38
t2	0	0	494	0	-0.141445955619185
t11	1379	1379	1379	1379	0.0
_____________________________________________________________

A = t12
#A = 1415
_____________________________________________________________
B	B<A	A>B	B<<<A	A>>>B	A→B
_____________________________________________________________
t1	0	0	725	0	-0.141919261574399
t3	0	0	231	0	-0.0134744848627564
t6	0	0	231	0	-0.0194154773063129
t5	0	0	231	0	-0.02064150834995
t9	0	0	231	0	-0.0324121927545975
t8	0	0	231	0	-0.0330933775177785
t10	0	0	231	0	-0.0326693420042282
t13	0	0	231	0	-0.0514010805616621
t16	0	725	0	725	0.512367491166078
t14	0	690	921	690	0.240013039774199
t15	0	0	921	690	0.0805816707424837
t4	0	0	1415	690	-0.27972635488366
t7	1415	0	1415	690	-0.750332155477032
t12	0	0	690	690	0.0
t2	0	0	494	0	-0.163924592105241
t11	0	0	703	353	-0.295272932862192
_____________________________________________________________

A = t2
#A = 494
_____________________________________________________________
B	B<A	A>B	B<<<A	A>>>B	A→B
_____________________________________________________________
t1	494	0	494	0	-1.0
t3	0	0	0	0	0.0
t6	0	0	0	0	0.0
t5	0	0	0	0	0.0
t9	0	0	0	0	0.0
t8	0	0	0	0	0.0
t10	0	0	0	0	0.0
t13	0	0	0	0	0.0
t16	0	0	0	494	0.224998611450969
t14	0	0	0	231	0.173653128841311
t15	0	0	0	231	0.138922503073048
t4	0	494	0	494	1.0
t7	0	0	0	494	0.800000000000007
t12	0	0	0	494	0.469541088722503
t2	0	0	0	0	0.0
t11	0	0	0	329	0.350486636754151
_____________________________________________________________

A = t11
#A = 1379
_____________________________________________________________
B	B<A	A>B	B<<<A	A>>>B	A→B
_____________________________________________________________
t1	0	0	470	0	-0.107394485692419
t3	0	0	141	0	-0.00868806827828618
t6	0	0	141	0	-0.0124755802980967
t5	0	0	141	0	-0.0133929655243731
t9	0	0	141	0	-0.0210258693009967
t8	0	0	141	0	-0.0211252616686054
t10	0	0	141	0	-0.0211093830354638
t13	0	0	141	0	-0.0331423503047416
t16	0	0	0	470	0.182833889827997
t14	0	0	453	336	-0.0122523567802763
t15	0	0	453	336	-0.0854880348078304
t4	0	0	703	336	-0.308030746918058
t7	1379	1379	1379	1379	0.0
t12	0	0	353	703	0.302981290790429
t2	0	0	329	0	-0.125555038837238
t11	0	0	909	909	-8.24415066871762e-17
_____________________________________________________________


	D/F-Graph

[t1,t3]  	 → euristica 1
[t1,t2]  	 → euristica 1
[t3,t6]  	 → euristica 1
[t3,t5]  	 → euristica 1
[t6,t9]  	 → euristica 1
[t6,t10]  	 → euristica 1
[t5,t8]  	 → euristica 1
[t9,t13]  	 → euristica 1
[t8,t13]  	 → euristica 1
[t10,t13]  	 → euristica 1
[t13,t16]  	 → euristica 1
[t13,t14]  	 → euristica 1
[t14,t15]  	 → euristica 1
[t15,t4]  	 → euristica 1
[t4,t7]  	 → euristica 1
[t7,t12]  	 → euristica 1
[t7,t11]  	 → euristica 3
[t12,t16]  	 → euristica 1
[t12,t14]  	 → euristica 1
[t2,t4]  	 → euristica 1
[t11,t7]  	 → euristica 3


	WF-Net

Split:

t1	(t3 OR t2)
t3	(t5) AND (t6)
t6	(t10) AND (t9)
t5	(t8)
t9	(t13)
t8	(t13)
t10	(t13)
t13	(t16 OR t14)
t16	()
t14	(t15)
t15	(t4)
t4	(t7)
t7	(t12 OR t11)
t12	(t16 OR t14)
t2	(t4)
t11	(t7)


Join:

t1	()
t3	(t1)
t6	(t3)
t5	(t3)
t9	(t6)
t8	(t5)
t10	(t6)
t13	(t10) AND (t8) AND (t9)
t16	(t13 OR t12)
t14	(t13 OR t12)
t15	(t14)
t4	(t15 OR t2)
t7	(t4 OR t11)
t12	(t7)
t2	(t1)
t11	(t7)
