t1,t3,t6,t5,t9,t8,t10,t13,t16
t1,t3,t5,t6,t8,t10,t9,t13,t14,t15,t4,t7,t12,t16
t1,t2,t4,t7,t11,t7,t11,t7,t12,t14,t15,t4,t7,t12,t14,t15,t4,t7,t12,t14,t15,t4,t7,t11,t7,t11,t7,t12,t14,t15,t4,t7,t11,t7,t11,t7,t12,t14,t15,t4,t7,t12,t14,t15,t4,t7,t11,t7,t11,t7,t12,t16
t1,t3,t5,t8,t6,t9,t10,t13,t14,t15,t4,t7,t11,t7,t12,t16
t1,t2,t4,t7,t12,t16
t1,t2,t4,t7,t11,t7,t11,t7,t11,t7,t12,t16
t1,t2,t4,t7,t12,t16
t1,t2,t4,t7,t12,t14,t15,t4,t7,t11,t7,t12,t14,t15,t4,t7,t11,t7,t12,t16
t1,t2,t4,t7,t11,t7,t12,t16
t1,t3,t6,t5,t9,t8,t10,t13,t14,t15,t4,t7,t11,t7,t12,t14,t15,t4,t7,t11,t7,t12,t14,t15,t4,t7,t11,t7,t11,t7,t12,t16
t1,t3,t5,t6,t8,t9,t10,t13,t16
t1,t3,t6,t5,t10,t9,t8,t13,t16
t1,t3,t6,t5,t9,t10,t8,t13,t14,t15,t4,t7,t12,t16
t1,t3,t5,t6,t9,t10,t8,t13,t14,t15,t4,t7,t12,t14,t15,t4,t7,t12,t14,t15,t4,t7,t11,t7,t11,t7,t11,t7,t12,t14,t15,t4,t7,t11,t7,t12,t16
t1,t2,t4,t7,t12,t16
t1,t2,t4,t7,t12,t14,t15,t4,t7,t12,t16
t1,t3,t6,t9,t10,t5,t8,t13,t14,t15,t4,t7,t12,t16
t1,t3,t5,t6,t8,t9,t10,t13,t16
t1,t3,t5,t8,t6,t9,t10,t13,t16
t1,t3,t5,t6,t8,t10,t9,t13,t14,t15,t4,t7,t12,t14,t15,t4,t7,t11,t7,t12,t14,t15,t4,t7,t12,t16
t1,t3,t6,t5,t9,t10,t8,t13,t16
t1,t3,t6,t9,t5,t10,t8,t13,t16
t1,t3,t6,t5,t9,t10,t8,t13,t14,t15,t4,t7,t11,t7,t11,t7,t12,t16
t1,t2,t4,t7,t12,t16
t1,t2,t4,t7,t11,t7,t12,t16
t1,t2,t4,t7,t12,t16
t1,t2,t4,t7,t12,t16
t1,t2,t4,t7,t11,t7,t11,t7,t12,t16
t1,t3,t6,t5,t10,t9,t8,t13,t14,t15,t4,t7,t12,t16
t1,t3,t5,t6,t10,t8,t9,t13,t16
t1,t3,t6,t10,t5,t9,t8,t13,t16
t1,t3,t5,t6,t8,t9,t10,t13,t16
t1,t2,t4,t7,t11,t7,t12,t14,t15,t4,t7,t12,t14,t15,t4,t7,t11,t7,t12,t16
t1,t2,t4,t7,t11,t7,t11,t7,t12,t14,t15,t4,t7,t11,t7,t12,t16
t1,t2,t4,t7,t11,t7,t11,t7,t12,t16
t1,t2,t4,t7,t11,t7,t11,t7,t11,t7,t12,t16
t1,t3,t6,t5,t9,t10,t8,t13,t16
t1,t3,t5,t6,t9,t8,t10,t13,t16
t1,t3,t5,t6,t9,t10,t8,t13,t16
t1,t2,t4,t7,t11,t7,t12,t16
t1,t3,t6,t5,t10,t8,t9,t13,t14,t15,t4,t7,t12,t14,t15,t4,t7,t11,t7,t12,t16
t1,t3,t6,t5,t9,t10,t8,t13,t16
t1,t2,t4,t7,t11,t7,t12,t14,t15,t4,t7,t12,t16
t1,t3,t5,t8,t6,t10,t9,t13,t16
t1,t3,t5,t8,t6,t9,t10,t13,t14,t15,t4,t7,t11,t7,t11,t7,t12,t14,t15,t4,t7,t11,t7,t11,t7,t12,t14,t15,t4,t7,t12,t16
t1,t2,t4,t7,t11,t7,t11,t7,t11,t7,t12,t16
t1,t3,t6,t5,t10,t8,t9,t13,t16
t1,t2,t4,t7,t12,t16
t1,t3,t6,t5,t9,t8,t10,t13,t14,t15,t4,t7,t11,t7,t12,t14,t15,t4,t7,t12,t14,t15,t4,t7,t11,t7,t12,t16
t1,t2,t4,t7,t12,t16
t1,t2,t4,t7,t12,t14,t15,t4,t7,t12,t14,t15,t4,t7,t12,t14,t15,t4,t7,t11,t7,t11,t7,t11,t7,t11,t7,t12,t14,t15,t4,t7,t12,t16
t1,t3,t6,t10,t9,t5,t8,t13,t14,t15,t4,t7,t12,t14,t15,t4,t7,t11,t7,t12,t16
t1,t3,t6,t5,t10,t8,t9,t13,t16
t1,t2,t4,t7,t11,t7,t11,t7,t11,t7,t12,t16
t1,t2,t4,t7,t12,t14,t15,t4,t7,t12,t14,t15,t4,t7,t12,t16
t1,t3,t6,t10,t9,t5,t8,t13,t16
t1,t2,t4,t7,t11,t7,t12,t16
t1,t3,t6,t5,t9,t8,t10,t13,t14,t15,t4,t7,t12,t14,t15,t4,t7,t11,t7,t12,t16
t1,t3,t5,t6,t10,t9,t8,t13,t16
t1,t2,t4,t7,t11,t7,t11,t7,t12,t14,t15,t4,t7,t12,t16
t1,t3,t6,t10,t9,t5,t8,t13,t14,t15,t4,t7,t11,t7,t12,t14,t15,t4,t7,t11,t7,t11,t7,t11,t7,t11,t7,t12,t16
t1,t2,t4,t7,t12,t14,t15,t4,t7,t12,t16
t1,t2,t4,t7,t11,t7,t11,t7,t12,t14,t15,t4,t7,t11,t7,t11,t7,t12,t14,t15,t4,t7,t11,t7,t12,t16
t1,t2,t4,t7,t12,t16
t1,t3,t6,t10,t9,t5,t8,t13,t16
t1,t2,t4,t7,t12,t16
t1,t2,t4,t7,t12,t16
t1,t3,t5,t8,t6,t10,t9,t13,t14,t15,t4,t7,t12,t16
t1,t2,t4,t7,t11,t7,t11,t7,t11,t7,t11,t7,t12,t14,t15,t4,t7,t12,t14,t15,t4,t7,t12,t16
t1,t2,t4,t7,t12,t14,t15,t4,t7,t11,t7,t12,t16
t1,t3,t6,t5,t9,t10,t8,t13,t16
t1,t2,t4,t7,t12,t14,t15,t4,t7,t11,t7,t12,t16
t1,t2,t4,t7,t11,t7,t11,t7,t11,t7,t11,t7,t12,t16
t1,t3,t6,t5,t9,t10,t8,t13,t14,t15,t4,t7,t12,t16
t1,t3,t5,t6,t8,t10,t9,t13,t16
t1,t3,t5,t6,t8,t9,t10,t13,t14,t15,t4,t7,t11,t7,t11,t7,t12,t14,t15,t4,t7,t12,t16
t1,t2,t4,t7,t12,t14,t15,t4,t7,t12,t16
t1,t2,t4,t7,t11,t7,t11,t7,t12,t14,t15,t4,t7,t11,t7,t12,t14,t15,t4,t7,t11,t7,t12,t14,t15,t4,t7,t11,t7,t11,t7,t11,t7,t11,t7,t11,t7,t11,t7,t12,t14,t15,t4,t7,t12,t16
t1,t2,t4,t7,t12,t14,t15,t4,t7,t12,t14,t15,t4,t7,t11,t7,t11,t7,t11,t7,t12,t16
t1,t3,t5,t8,t6,t9,t10,t13,t14,t15,t4,t7,t11,t7,t12,t14,t15,t4,t7,t11,t7,t11,t7,t12,t14,t15,t4,t7,t11,t7,t12,t14,t15,t4,t7,t11,t7,t11,t7,t12,t14,t15,t4,t7,t11,t7,t11,t7,t12,t16
t1,t2,t4,t7,t11,t7,t11,t7,t12,t16
t1,t3,t6,t5,t9,t8,t10,t13,t16
t1,t3,t5,t6,t10,t9,t8,t13,t16
t1,t2,t4,t7,t11,t7,t11,t7,t12,t16
t1,t3,t5,t8,t6,t9,t10,t13,t14,t15,t4,t7,t12,t14,t15,t4,t7,t11,t7,t11,t7,t12,t14,t15,t4,t7,t11,t7,t12,t14,t15,t4,t7,t12,t16
t1,t3,t5,t6,t10,t9,t8,t13,t16
t1,t2,t4,t7,t12,t16
t1,t3,t5,t6,t8,t10,t9,t13,t16
t1,t3,t6,t5,t10,t9,t8,t13,t16
t1,t2,t4,t7,t12,t16
t1,t2,t4,t7,t11,t7,t11,t7,t12,t14,t15,t4,t7,t11,t7,t12,t14,t15,t4,t7,t12,t16
t1,t3,t6,t5,t9,t8,t10,t13,t14,t15,t4,t7,t12,t14,t15,t4,t7,t12,t14,t15,t4,t7,t12,t14,t15,t4,t7,t11,t7,t11,t7,t11,t7,t12,t14,t15,t4,t7,t12,t14,t15,t4,t7,t12,t14,t15,t4,t7,t12,t14,t15,t4,t7,t12,t14,t15,t4,t7,t11,t7,t11,t7,t11,t7,t11,t7,t11,t7,t11,t7,t12,t16
t1,t2,t4,t7,t12,t14,t15,t4,t7,t11,t7,t11,t7,t11,t7,t11,t7,t11,t7,t11,t7,t12,t16
t1,t2,t4,t7,t11,t7,t11,t7,t12,t16
t1,t2,t4,t7,t11,t7,t11,t7,t12,t16
t1,t3,t6,t5,t8,t10,t9,t13,t16
t1,t2,t4,t7,t11,t7,t11,t7,t12,t14,t15,t4,t7,t12,t14,t15,t4,t7,t12,t14,t15,t4,t7,t12,t16
t1,t3,t5,t6,t9,t10,t8,t13,t16
t1,t2,t4,t7,t11,t7,t12,t14,t15,t4,t7,t11,t7,t11,t7,t12,t16
t1,t3,t6,t5,t10,t8,t9,t13,t16
t1,t2,t4,t7,t12,t16
t1,t3,t5,t6,t8,t10,t9,t13,t14,t15,t4,t7,t12,t14,t15,t4,t7,t11,t7,t12,t16
t1,t3,t5,t6,t8,t10,t9,t13,t16
t1,t2,t4,t7,t12,t16
t1,t3,t5,t6,t9,t8,t10,t13,t16
t1,t3,t6,t5,t10,t8,t9,t13,t16
t1,t2,t4,t7,t12,t14,t15,t4,t7,t12,t16
t1,t3,t5,t8,t6,t9,t10,t13,t16
t1,t2,t4,t7,t12,t14,t15,t4,t7,t12,t14,t15,t4,t7,t11,t7,t11,t7,t12,t14,t15,t4,t7,t12,t16
t1,t2,t4,t7,t12,t16
t1,t2,t4,t7,t12,t16
t1,t3,t6,t5,t9,t10,t8,t13,t14,t15,t4,t7,t11,t7,t11,t7,t11,t7,t12,t16
t1,t3,t5,t6,t8,t10,t9,t13,t16
t1,t3,t5,t6,t8,t9,t10,t13,t16
t1,t3,t6,t5,t9,t10,t8,t13,t14,t15,t4,t7,t12,t14,t15,t4,t7,t12,t16
t1,t3,t6,t10,t5,t9,t8,t13,t16
t1,t2,t4,t7,t12,t16
t1,t2,t4,t7,t12,t14,t15,t4,t7,t11,t7,t12,t14,t15,t4,t7,t11,t7,t11,t7,t12,t16
t1,t2,t4,t7,t11,t7,t11,t7,t12,t16
t1,t3,t6,t9,t5,t8,t10,t13,t14,t15,t4,t7,t11,t7,t12,t16
t1,t3,t5,t6,t8,t10,t9,t13,t16
t1,t2,t4,t7,t11,t7,t12,t16
t1,t2,t4,t7,t12,t16
t1,t2,t4,t7,t12,t16
t1,t3,t5,t6,t8,t9,t10,t13,t16
t1,t2,t4,t7,t11,t7,t11,t7,t12,t14,t15,t4,t7,t11,t7,t12,t16
t1,t3,t6,t10,t5,t8,t9,t13,t16
t1,t3,t6,t10,t9,t5,t8,t13,t14,t15,t4,t7,t12,t16
t1,t3,t6,t5,t10,t9,t8,t13,t14,t15,t4,t7,t12,t16
t1,t2,t4,t7,t12,t16
t1,t2,t4,t7,t11,t7,t12,t16
t1,t2,t4,t7,t12,t14,t15,t4,t7,t11,t7,t12,t14,t15,t4,t7,t12,t16
t1,t2,t4,t7,t12,t14,t15,t4,t7,t11,t7,t11,t7,t12,t14,t15,t4,t7,t11,t7,t12,t16
t1,t3,t5,t6,t8,t10,t9,t13,t16
t1,t2,t4,t7,t11,t7,t11,t7,t11,t7,t12,t14,t15,t4,t7,t11,t7,t12,t14,t15,t4,t7,t11,t7,t11,t7,t11,t7,t11,t7,t11,t7,t12,t16
t1,t2,t4,t7,t11,t7,t11,t7,t11,t7,t11,t7,t11,t7,t11,t7,t12,t14,t15,t4,t7,t12,t16
t1,t3,t6,t5,t10,t9,t8,t13,t16
t1,t2,t4,t7,t12,t14,t15,t4,t7,t11,t7,t11,t7,t12,t14,t15,t4,t7,t12,t14,t15,t4,t7,t12,t16
t1,t3,t6,t5,t10,t8,t9,t13,t16
t1,t2,t4,t7,t12,t16
t1,t2,t4,t7,t12,t16
t1,t2,t4,t7,t11,t7,t11,t7,t12,t14,t15,t4,t7,t11,t7,t12,t14,t15,t4,t7,t12,t14,t15,t4,t7,t11,t7,t12,t14,t15,t4,t7,t12,t16
t1,t3,t5,t6,t8,t9,t10,t13,t16
t1,t2,t4,t7,t12,t16
t1,t3,t5,t6,t8,t10,t9,t13,t14,t15,t4,t7,t12,t16
t1,t3,t6,t5,t9,t10,t8,t13,t16
t1,t2,t4,t7,t12,t16
t1,t3,t6,t9,t5,t8,t10,t13,t14,t15,t4,t7,t12,t16
t1,t3,t5,t6,t8,t10,t9,t13,t16
t1,t3,t6,t5,t8,t9,t10,t13,t14,t15,t4,t7,t12,t14,t15,t4,t7,t12,t16
t1,t2,t4,t7,t11,t7,t11,t7,t12,t16
t1,t2,t4,t7,t11,t7,t11,t7,t11,t7,t11,t7,t11,t7,t12,t14,t15,t4,t7,t12,t16
t1,t3,t5,t6,t8,t9,t10,t13,t14,t15,t4,t7,t11,t7,t11,t7,t12,t16
t1,t2,t4,t7,t11,t7,t12,t14,t15,t4,t7,t12,t14,t15,t4,t7,t12,t14,t15,t4,t7,t11,t7,t11,t7,t11,t7,t12,t16
t1,t2,t4,t7,t12,t16
t1,t2,t4,t7,t11,t7,t11,t7,t11,t7,t11,t7,t12,t16
t1,t3,t6,t9,t10,t5,t8,t13,t16
t1,t2,t4,t7,t11,t7,t12,t16
t1,t3,t6,t5,t10,t9,t8,t13,t14,t15,t4,t7,t12,t16
t1,t3,t5,t8,t6,t9,t10,t13,t14,t15,t4,t7,t12,t16
t1,t3,t5,t6,t10,t9,t8,t13,t14,t15,t4,t7,t11,t7,t11,t7,t12,t14,t15,t4,t7,t12,t16
t1,t2,t4,t7,t11,t7,t11,t7,t12,t14,t15,t4,t7,t12,t16
t1,t3,t6,t10,t5,t9,t8,t13,t16
t1,t2,t4,t7,t11,t7,t12,t14,t15,t4,t7,t12,t14,t15,t4,t7,t12,t14,t15,t4,t7,t11,t7,t11,t7,t11,t7,t12,t14,t15,t4,t7,t12,t16
t1,t3,t5,t6,t10,t8,t9,t13,t14,t15,t4,t7,t12,t16
t1,t3,t6,t10,t9,t5,t8,t13,t16
t1,t2,t4,t7,t12,t14,t15,t4,t7,t11,t7,t11,t7,t11,t7,t11,t7,t11,t7,t11,t7,t12,t16
t1,t3,t5,t6,t9,t10,t8,t13,t14,t15,t4,t7,t11,t7,t11,t7,t12,t16
t1,t3,t5,t6,t8,t10,t9,t13,t16
t1,t2,t4,t7,t11,t7,t11,t7,t11,t7,t12,t16
t1,t3,t6,t10,t9,t5,t8,t13,t14,t15,t4,t7,t12,t16
t1,t2,t4,t7,t12,t16
t1,t2,t4,t7,t12,t16
t1,t2,t4,t7,t12,t16
t1,t2,t4,t7,t11,t7,t12,t14,t15,t4,t7,t12,t14,t15,t4,t7,t12,t16
t1,t3,t5,t6,t8,t10,t9,t13,t16
t1,t2,t4,t7,t12,t16
t1,t2,t4,t7,t11,t7,t12,t14,t15,t4,t7,t11,t7,t12,t16
t1,t2,t4,t7,t12,t16
t1,t2,t4,t7,t12,t14,t15,t4,t7,t11,t7,t11,t7,t12,t16
t1,t3,t5,t6,t9,t8,t10,t13,t16
t1,t2,t4,t7,t12,t16
t1,t2,t4,t7,t11,t7,t12,t16
t1,t3,t6,t5,t9,t10,t8,t13,t14,t15,t4,t7,t12,t16
t1,t3,t6,t5,t9,t10,t8,t13,t16
t1,t3,t5,t8,t6,t10,t9,t13,t14,t15,t4,t7,t11,t7,t11,t7,t11,t7,t11,t7,t12,t16
t1,t2,t4,t7,t12,t16
t1,t3,t5,t8,t6,t10,t9,t13,t16
t1,t2,t4,t7,t12,t14,t15,t4,t7,t12,t16
t1,t2,t4,t7,t11,t7,t12,t16
t1,t3,t6,t5,t10,t9,t8,t13,t14,t15,t4,t7,t12,t14,t15,t4,t7,t11,t7,t12,t14,t15,t4,t7,t12,t14,t15,t4,t7,t12,t14,t15,t4,t7,t12,t16
t1,t2,t4,t7,t12,t14,t15,t4,t7,t12,t14,t15,t4,t7,t12,t16
t1,t2,t4,t7,t12,t16
t1,t2,t4,t7,t11,t7,t12,t14,t15,t4,t7,t12,t16
t1,t3,t5,t6,t9,t10,t8,t13,t16
t1,t3,t6,t10,t9,t5,t8,t13,t16
t1,t3,t5,t6,t9,t10,t8,t13,t14,t15,t4,t7,t12,t14,t15,t4,t7,t12,t16
t1,t3,t5,t6,t8,t10,t9,t13,t16
t1,t2,t4,t7,t11,t7,t12,t14,t15,t4,t7,t11,t7,t11,t7,t12,t16
t1,t3,t5,t6,t8,t9,t10,t13,t16
t1,t3,t6,t5,t10,t9,t8,t13,t14,t15,t4,t7,t12,t14,t15,t4,t7,t11,t7,t11,t7,t12,t16
t1,t3,t5,t6,t8,t9,t10,t13,t14,t15,t4,t7,t11,t7,t11,t7,t12,t16
t1,t3,t6,t5,t9,t10,t8,t13,t16
t1,t3,t6,t10,t9,t5,t8,t13,t16
t1,t2,t4,t7,t11,t7,t11,t7,t12,t16
t1,t2,t4,t7,t12,t16
t1,t2,t4,t7,t12,t16
t1,t3,t5,t6,t8,t10,t9,t13,t14,t15,t4,t7,t11,t7,t12,t16
t1,t2,t4,t7,t11,t7,t11,t7,t11,t7,t12,t16
t1,t3,t6,t5,t9,t8,t10,t13,t16
t1,t3,t6,t10,t9,t5,t8,t13,t14,t15,t4,t7,t11,t7,t12,t16
t1,t2,t4,t7,t11,t7,t12,t16
t1,t3,t6,t5,t10,t9,t8,t13,t14,t15,t4,t7,t12,t16
t1,t3,t6,t5,t9,t8,t10,t13,t14,t15,t4,t7,t12,t14,t15,t4,t7,t11,t7,t11,t7,t11,t7,t12,t14,t15,t4,t7,t11,t7,t12,t14,t15,t4,t7,t12,t14,t15,t4,t7,t11,t7,t12,t14,t15,t4,t7,t12,t16
t1,t2,t4,t7,t12,t14,t15,t4,t7,t12,t16
t1,t2,t4,t7,t11,t7,t11,t7,t11,t7,t12,t14,t15,t4,t7,t12,t16
t1,t3,t5,t6,t8,t9,t10,t13,t16
t1,t2,t4,t7,t11,t7,t11,t7,t11,t7,t12,t16
t1,t2,t4,t7,t12,t16
t1,t2,t4,t7,t11,t7,t11,t7,t12,t14,t15,t4,t7,t11,t7,t11,t7,t11,t7,t12,t14,t15,t4,t7,t12,t14,t15,t4,t7,t12,t14,t15,t4,t7,t12,t14,t15,t4,t7,t12,t14,t15,t4,t7,t11,t7,t11,t7,t11,t7,t12,t14,t15,t4,t7,t11,t7,t12,t14,t15,t4,t7,t11,t7,t11,t7,t12,t16
t1,t2,t4,t7,t11,t7,t11,t7,t11,t7,t11,t7,t11,t7,t11,t7,t11,t7,t12,t14,t15,t4,t7,t11,t7,t11,t7,t12,t14,t15,t4,t7,t11,t7,t11,t7,t12,t14,t15,t4,t7,t11,t7,t11,t7,t12,t16
t1,t3,t6,t9,t10,t5,t8,t13,t16
t1,t3,t6,t10,t9,t5,t8,t13,t16
t1,t3,t5,t6,t8,t9,t10,t13,t14,t15,t4,t7,t11,t7,t11,t7,t12,t16
t1,t3,t6,t9,t10,t5,t8,t13,t16
t1,t2,t4,t7,t11,t7,t12,t14,t15,t4,t7,t12,t14,t15,t4,t7,t11,t7,t11,t7,t12,t14,t15,t4,t7,t11,t7,t12,t14,t15,t4,t7,t12,t16
t1,t3,t6,t5,t9,t8,t10,t13,t16
t1,t2,t4,t7,t12,t14,t15,t4,t7,t12,t14,t15,t4,t7,t12,t14,t15,t4,t7,t12,t14,t15,t4,t7,t12,t16
t1,t3,t6,t5,t8,t10,t9,t13,t16
t1,t3,t6,t10,t5,t9,t8,t13,t14,t15,t4,t7,t12,t16
t1,t3,t6,t5,t9,t10,t8,t13,t14,t15,t4,t7,t12,t16
t1,t3,t6,t9,t5,t10,t8,t13,t16
t1,t2,t4,t7,t12,t16
t1,t3,t5,t6,t8,t9,t10,t13,t14,t15,t4,t7,t12,t16
t1,t3,t6,t5,t10,t9,t8,t13,t16
t1,t2,t4,t7,t11,t7,t12,t14,t15,t4,t7,t12,t16
t1,t3,t6,t9,t5,t8,t10,t13,t16
t1,t3,t5,t6,t9,t8,t10,t13,t14,t15,t4,t7,t12,t16
t1,t2,t4,t7,t11,t7,t12,t16
t1,t2,t4,t7,t11,t7,t12,t14,t15,t4,t7,t12,t14,t15,t4,t7,t12,t16
t1,t2,t4,t7,t12,t14,t15,t4,t7,t12,t14,t15,t4,t7,t11,t7,t11,t7,t12,t14,t15,t4,t7,t12,t14,t15,t4,t7,t11,t7,t11,t7,t11,t7,t12,t14,t15,t4,t7,t12,t16
t1,t2,t4,t7,t11,t7,t12,t16
t1,t2,t4,t7,t11,t7,t11,t7,t12,t14,t15,t4,t7,t12,t14,t15,t4,t7,t12,t14,t15,t4,t7,t11,t7,t11,t7,t12,t16
t1,t3,t6,t5,t9,t10,t8,t13,t16
t1,t3,t5,t6,t9,t10,t8,t13,t16
t1,t3,t5,t8,t6,t10,t9,t13,t14,t15,t4,t7,t12,t14,t15,t4,t7,t12,t14,t15,t4,t7,t12,t14,t15,t4,t7,t12,t16
t1,t2,t4,t7,t12,t16
t1,t2,t4,t7,t11,t7,t12,t16
t1,t2,t4,t7,t12,t14,t15,t4,t7,t11,t7,t11,t7,t12,t14,t15,t4,t7,t11,t7,t12,t14,t15,t4,t7,t11,t7,t12,t16
t1,t3,t5,t6,t8,t9,t10,t13,t16
t1,t2,t4,t7,t12,t16
t1,t2,t4,t7,t11,t7,t11,t7,t11,t7,t11,t7,t12,t16
t1,t2,t4,t7,t12,t14,t15,t4,t7,t11,t7,t11,t7,t11,t7,t11,t7,t12,t14,t15,t4,t7,t11,t7,t11,t7,t12,t16
t1,t3,t5,t6,t8,t9,t10,t13,t16
t1,t3,t6,t5,t10,t8,t9,t13,t14,t15,t4,t7,t11,t7,t12,t14,t15,t4,t7,t12,t16
t1,t3,t6,t5,t9,t8,t10,t13,t16
t1,t3,t6,t5,t10,t9,t8,t13,t16
t1,t2,t4,t7,t11,t7,t11,t7,t11,t7,t11,t7,t11,t7,t12,t16
t1,t2,t4,t7,t12,t14,t15,t4,t7,t12,t14,t15,t4,t7,t12,t14,t15,t4,t7,t12,t14,t15,t4,t7,t11,t7,t12,t14,t15,t4,t7,t12,t14,t15,t4,t7,t11,t7,t12,t14,t15,t4,t7,t11,t7,t11,t7,t12,t16
t1,t2,t4,t7,t11,t7,t11,t7,t11,t7,t12,t14,t15,t4,t7,t11,t7,t11,t7,t11,t7,t12,t16
t1,t3,t5,t8,t6,t9,t10,t13,t14,t15,t4,t7,t11,t7,t12,t16
t1,t2,t4,t7,t12,t16
t1,t3,t5,t6,t10,t8,t9,t13,t14,t15,t4,t7,t12,t16
t1,t2,t4,t7,t11,t7,t12,t14,t15,t4,t7,t12,t16
t1,t2,t4,t7,t11,t7,t11,t7,t12,t16
t1,t3,t5,t6,t8,t10,t9,t13,t16
t1,t3,t5,t8,t6,t9,t10,t13,t14,t15,t4,t7,t11,t7,t11,t7,t11,t7,t12,t16
t1,t2,t4,t7,t11,t7,t12,t16
t1,t2,t4,t7,t11,t7,t12,t16
t1,t3,t5,t6,t10,t9,t8,t13,t14,t15,t4,t7,t12,t14,t15,t4,t7,t11,t7,t12,t16
t1,t2,t4,t7,t11,t7,t12,t16
t1,t3,t5,t6,t8,t10,t9,t13,t16
t1,t3,t5,t6,t8,t10,t9,t13,t16
t1,t2,t4,t7,t11,t7,t12,t16
t1,t3,t5,t6,t8,t9,t10,t13,t16
t1,t3,t5,t6,t9,t8,t10,t13,t16
t1,t2,t4,t7,t12,t16
t1,t2,t4,t7,t11,t7,t12,t14,t15,t4,t7,t11,t7,t11,t7,t12,t14,t15,t4,t7,t11,t7,t11,t7,t11,t7,t11,t7,t11,t7,t12,t16
t1,t2,t4,t7,t11,t7,t12,t16
t1,t3,t6,t5,t9,t10,t8,t13,t14,t15,t4,t7,t11,t7,t12,t16
t1,t2,t4,t7,t12,t16
t1,t2,t4,t7,t12,t16
t1,t2,t4,t7,t12,t16
t1,t3,t6,t5,t9,t10,t8,t13,t16
t1,t2,t4,t7,t12,t14,t15,t4,t7,t11,t7,t12,t14,t15,t4,t7,t11,t7,t11,t7,t11,t7,t12,t14,t15,t4,t7,t12,t16
t1,t3,t5,t6,t10,t9,t8,t13,t14,t15,t4,t7,t12,t16
t1,t3,t6,t5,t9,t8,t10,t13,t16
t1,t2,t4,t7,t11,t7,t11,t7,t11,t7,t12,t16
t1,t3,t6,t5,t8,t10,t9,t13,t16
t1,t2,t4,t7,t12,t14,t15,t4,t7,t12,t14,t15,t4,t7,t12,t14,t15,t4,t7,t12,t16
t1,t2,t4,t7,t11,t7,t12,t16
t1,t3,t6,t5,t8,t10,t9,t13,t14,t15,t4,t7,t11,t7,t11,t7,t11,t7,t12,t14,t15,t4,t7,t12,t14,t15,t4,t7,t11,t7,t12,t16
t1,t3,t6,t5,t9,t10,t8,t13,t14,t15,t4,t7,t11,t7,t11,t7,t12,t16
t1,t3,t5,t6,t9,t10,t8,t13,t14,t15,t4,t7,t12,t14,t15,t4,t7,t11,t7,t11,t7,t11,t7,t11,t7,t12,t16
t1,t2,t4,t7,t12,t14,t15,t4,t7,t12,t14,t15,t4,t7,t12,t14,t15,t4,t7,t12,t14,t15,t4,t7,t12,t14,t15,t4,t7,t11,t7,t12,t16
t1,t2,t4,t7,t11,t7,t12,t16
t1,t2,t4,t7,t11,t7,t12,t16
t1,t3,t5,t6,t10,t8,t9,t13,t16
t1,t2,t4,t7,t12,t16
t1,t2,t4,t7,t11,t7,t11,t7,t11,t7,t11,t7,t11,t7,t11,t7,t12,t14,t15,t4,t7,t11,t7,t12,t16
t1,t3,t5,t6,t8,t9,t10,t13,t14,t15,t4,t7,t12,t16
t1,t2,t4,t7,t11,t7,t12,t14,t15,t4,t7,t12,t16
t1,t2,t4,t7,t11,t7,t11,t7,t12,t14,t15,t4,t7,t12,t14,t15,t4,t7,t11,t7,t11,t7,t11,t7,t11,t7,t11,t7,t11,t7,t11,t7,t11,t7,t12,t16
t1,t3,t6,t5,t10,t8,t9,t13,t16
t1,t2,t4,t7,t11,t7,t11,t7,t11,t7,t11,t7,t12,t16
t1,t3,t6,t5,t9,t8,t10,t13,t16
t1,t3,t5,t6,t10,t8,t9,t13,t16
t1,t3,t5,t6,t8,t9,t10,t13,t16
t1,t2,t4,t7,t11,t7,t12,t16
t1,t3,t6,t10,t5,t8,t9,t13,t16
t1,t3,t5,t6,t9,t8,t10,t13,t16
t1,t3,t6,t5,t9,t8,t10,t13,t16
t1,t2,t4,t7,t11,t7,t11,t7,t11,t7,t11,t7,t11,t7,t11,t7,t11,t7,t12,t14,t15,t4,t7,t11,t7,t12,t14,t15,t4,t7,t12,t14,t15,t4,t7,t11,t7,t12,t16
t1,t2,t4,t7,t12,t16
t1,t2,t4,t7,t11,t7,t12,t16
t1,t2,t4,t7,t11,t7,t11,t7,t11,t7,t11,t7,t12,t16
t1,t2,t4,t7,t12,t16
t1,t2,t4,t7,t11,t7,t11,t7,t12,t14,t15,t4,t7,t11,t7,t12,t16
t1,t3,t5,t8,t6,t9,t10,t13,t14,t15,t4,t7,t12,t16
t1,t3,t5,t8,t6,t10,t9,t13,t16
t1,t3,t6,t5,t10,t9,t8,t13,t16
t1,t3,t6,t10,t9,t5,t8,t13,t16
t1,t3,t5,t6,t8,t9,t10,t13,t16
t1,t3,t5,t6,t9,t8,t10,t13,t14,t15,t4,t7,t11,t7,t12,t14,t15,t4,t7,t11,t7,t11,t7,t12,t14,t15,t4,t7,t12,t16
t1,t2,t4,t7,t11,t7,t12,t16
t1,t2,t4,t7,t12,t16
t1,t2,t4,t7,t12,t14,t15,t4,t7,t11,t7,t12,t16
t1,t2,t4,t7,t12,t14,t15,t4,t7,t11,t7,t12,t16
t1,t3,t6,t5,t10,t9,t8,t13,t16
t1,t2,t4,t7,t11,t7,t11,t7,t12,t16
t1,t2,t4,t7,t11,t7,t12,t16
t1,t3,t5,t6,t8,t10,t9,t13,t16
t1,t3,t6,t5,t9,t8,t10,t13,t14,t15,t4,t7,t12,t16
t1,t3,t6,t5,t10,t9,t8,t13,t14,t15,t4,t7,t11,t7,t12,t16
t1,t3,t6,t5,t10,t9,t8,t13,t14,t15,t4,t7,t11,t7,t11,t7,t11,t7,t12,t14,t15,t4,t7,t11,t7,t11,t7,t12,t14,t15,t4,t7,t12,t16
t1,t2,t4,t7,t11,t7,t12,t16
t1,t3,t6,t5,t9,t8,t10,t13,t14,t15,t4,t7,t12,t16
t1,t3,t6,t5,t9,t10,t8,t13,t14,t15,t4,t7,t12,t16
t1,t3,t5,t6,t8,t9,t10,t13,t16
t1,t2,t4,t7,t12,t14,t15,t4,t7,t11,t7,t12,t14,t15,t4,t7,t12,t16
t1,t3,t5,t6,t8,t10,t9,t13,t14,t15,t4,t7,t12,t16
t1,t2,t4,t7,t11,t7,t11,t7,t12,t16
t1,t3,t6,t5,t9,t8,t10,t13,t14,t15,t4,t7,t12,t14,t15,t4,t7,t11,t7,t12,t16
t1,t3,t5,t6,t8,t10,t9,t13,t14,t15,t4,t7,t12,t14,t15,t4,t7,t11,t7,t11,t7,t11,t7,t12,t14,t15,t4,t7,t12,t14,t15,t4,t7,t12,t14,t15,t4,t7,t12,t14,t15,t4,t7,t12,t14,t15,t4,t7,t12,t16
t1,t3,t5,t6,t8,t9,t10,t13,t16
t1,t2,t4,t7,t11,t7,t11,t7,t12,t14,t15,t4,t7,t12,t14,t15,t4,t7,t12,t14,t15,t4,t7,t12,t16
t1,t2,t4,t7,t12,t14,t15,t4,t7,t12,t14,t15,t4,t7,t11,t7,t11,t7,t12,t14,t15,t4,t7,t12,t14,t15,t4,t7,t12,t14,t15,t4,t7,t11,t7,t11,t7,t11,t7,t12,t16
t1,t2,t4,t7,t12,t14,t15,t4,t7,t12,t14,t15,t4,t7,t12,t16
t1,t2,t4,t7,t12,t14,t15,t4,t7,t11,t7,t12,t14,t15,t4,t7,t11,t7,t12,t14,t15,t4,t7,t12,t14,t15,t4,t7,t12,t14,t15,t4,t7,t11,t7,t12,t16
t1,t3,t5,t6,t8,t10,t9,t13,t16
t1,t3,t5,t8,t6,t10,t9,t13,t16
t1,t3,t6,t5,t10,t8,t9,t13,t16
t1,t3,t5,t6,t10,t9,t8,t13,t16
t1,t2,t4,t7,t12,t14,t15,t4,t7,t12,t16
t1,t3,t6,t5,t9,t10,t8,t13,t16
t1,t2,t4,t7,t11,t7,t11,t7,t12,t14,t15,t4,t7,t11,t7,t12,t16
t1,t2,t4,t7,t12,t14,t15,t4,t7,t11,t7,t12,t14,t15,t4,t7,t12,t16
t1,t3,t6,t5,t10,t8,t9,t13,t16
t1,t2,t4,t7,t11,t7,t12,t14,t15,t4,t7,t11,t7,t12,t16
t1,t3,t5,t6,t8,t10,t9,t13,t14,t15,t4,t7,t12,t16
t1,t3,t5,t6,t9,t8,t10,t13,t16
t1,t2,t4,t7,t12,t14,t15,t4,t7,t12,t14,t15,t4,t7,t11,t7,t12,t16
t1,t3,t6,t9,t5,t8,t10,t13,t16
t1,t3,t5,t6,t8,t9,t10,t13,t16
t1,t2,t4,t7,t11,t7,t11,t7,t11,t7,t12,t16
t1,t2,t4,t7,t11,t7,t11,t7,t12,t14,t15,t4,t7,t12,t14,t15,t4,t7,t12,t14,t15,t4,t7,t12,t14,t15,t4,t7,t12,t16
t1,t2,t4,t7,t12,t14,t15,t4,t7,t11,t7,t11,t7,t12,t16
t1,t2,t4,t7,t11,t7,t12,t14,t15,t4,t7,t11,t7,t11,t7,t12,t16
t1,t2,t4,t7,t12,t16
t1,t3,t6,t10,t9,t5,t8,t13,t16
t1,t3,t6,t9,t5,t10,t8,t13,t14,t15,t4,t7,t12,t14,t15,t4,t7,t12,t16
t1,t2,t4,t7,t11,t7,t11,t7,t11,t7,t12,t16
t1,t3,t6,t5,t10,t9,t8,t13,t14,t15,t4,t7,t12,t14,t15,t4,t7,t11,t7,t11,t7,t12,t16
t1,t2,t4,t7,t11,t7,t11,t7,t11,t7,t12,t16
t1,t2,t4,t7,t11,t7,t11,t7,t11,t7,t11,t7,t12,t16
t1,t3,t6,t5,t9,t8,t10,t13,t14,t15,t4,t7,t12,t14,t15,t4,t7,t11,t7,t11,t7,t11,t7,t11,t7,t12,t14,t15,t4,t7,t11,t7,t12,t14,t15,t4,t7,t12,t16
t1,t2,t4,t7,t12,t14,t15,t4,t7,t11,t7,t11,t7,t11,t7,t11,t7,t11,t7,t11,t7,t11,t7,t12,t14,t15,t4,t7,t11,t7,t11,t7,t11,t7,t11,t7,t12,t14,t15,t4,t7,t12,t16
t1,t3,t6,t10,t5,t9,t8,t13,t14,t15,t4,t7,t11,t7,t11,t7,t12,t16
t1,t3,t6,t9,t10,t5,t8,t13,t14,t15,t4,t7,t12,t14,t15,t4,t7,t12,t14,t15,t4,t7,t12,t16
t1,t2,t4,t7,t11,t7,t11,t7,t12,t14,t15,t4,t7,t12,t16
t1,t2,t4,t7,t12,t16
t1,t3,t5,t6,t10,t9,t8,t13,t14,t15,t4,t7,t12,t16
t1,t3,t6,t5,t9,t8,t10,t13,t14,t15,t4,t7,t11,t7,t11,t7,t12,t16
t1,t3,t6,t5,t9,t10,t8,t13,t14,t15,t4,t7,t11,t7,t11,t7,t12,t16
t1,t3,t5,t6,t8,t10,t9,t13,t14,t15,t4,t7,t11,t7,t12,t16
t1,t2,t4,t7,t11,t7,t11,t7,t12,t16
t1,t3,t5,t6,t8,t10,t9,t13,t16
t1,t2,t4,t7,t12,t14,t15,t4,t7,t11,t7,t12,t16
t1,t2,t4,t7,t11,t7,t12,t16
t1,t2,t4,t7,t12,t16
t1,t2,t4,t7,t11,t7,t11,t7,t12,t16
t1,t3,t5,t6,t8,t9,t10,t13,t16
t1,t3,t6,t5,t10,t9,t8,t13,t14,t15,t4,t7,t12,t14,t15,t4,t7,t11,t7,t11,t7,t11,t7,t11,t7,t12,t16
t1,t3,t6,t10,t5,t8,t9,t13,t14,t15,t4,t7,t11,t7,t11,t7,t12,t16
t1,t2,t4,t7,t12,t16
t1,t3,t6,t5,t9,t10,t8,t13,t14,t15,t4,t7,t11,t7,t12,t14,t15,t4,t7,t12,t14,t15,t4,t7,t11,t7,t11,t7,t12,t14,t15,t4,t7,t11,t7,t11,t7,t12,t14,t15,t4,t7,t11,t7,t11,t7,t12,t16
t1,t2,t4,t7,t11,t7,t11,t7,t12,t16
t1,t2,t4,t7,t11,t7,t12,t16
t1,t3,t6,t5,t9,t8,t10,t13,t14,t15,t4,t7,t11,t7,t11,t7,t11,t7,t11,t7,t11,t7,t11,t7,t12,t16
t1,t3,t5,t6,t8,t9,t10,t13,t16
t1,t3,t5,t6,t8,t10,t9,t13,t14,t15,t4,t7,t12,t14,t15,t4,t7,t12,t14,t15,t4,t7,t12,t16
t1,t3,t6,t9,t10,t5,t8,t13,t14,t15,t4,t7,t11,t7,t11,t7,t11,t7,t12,t14,t15,t4,t7,t12,t14,t15,t4,t7,t12,t14,t15,t4,t7,t11,t7,t11,t7,t11,t7,t11,t7,t11,t7,t12,t16
t1,t3,t6,t5,t9,t10,t8,t13,t14,t15,t4,t7,t12,t14,t15,t4,t7,t11,t7,t12,t14,t15,t4,t7,t12,t16
t1,t3,t5,t8,t6,t9,t10,t13,t16
t1,t2,t4,t7,t12,t14,t15,t4,t7,t12,t14,t15,t4,t7,t12,t14,t15,t4,t7,t11,t7,t12,t16
t1,t2,t4,t7,t11,t7,t12,t14,t15,t4,t7,t12,t16
t1,t2,t4,t7,t11,t7,t11,t7,t11,t7,t11,t7,t12,t16
t1,t2,t4,t7,t12,t16
t1,t3,t6,t10,t5,t9,t8,t13,t14,t15,t4,t7,t12,t16
t1,t2,t4,t7,t12,t14,t15,t4,t7,t12,t14,t15,t4,t7,t11,t7,t12,t16
t1,t3,t6,t9,t5,t10,t8,t13,t16
t1,t2,t4,t7,t12,t16
t1,t3,t6,t5,t10,t8,t9,t13,t14,t15,t4,t7,t12,t14,t15,t4,t7,t11,t7,t12,t16
t1,t2,t4,t7,t11,t7,t11,t7,t12,t14,t15,t4,t7,t11,t7,t11,t7,t11,t7,t12,t16
t1,t3,t5,t6,t8,t10,t9,t13,t14,t15,t4,t7,t12,t14,t15,t4,t7,t11,t7,t11,t7,t11,t7,t12,t14,t15,t4,t7,t11,t7,t11,t7,t12,t16
t1,t2,t4,t7,t12,t16
t1,t3,t6,t5,t9,t8,t10,t13,t16
t1,t3,t5,t8,t6,t9,t10,t13,t16
t1,t3,t6,t10,t5,t8,t9,t13,t14,t15,t4,t7,t11,t7,t12,t16
t1,t3,t5,t6,t8,t9,t10,t13,t14,t15,t4,t7,t12,t14,t15,t4,t7,t11,t7,t11,t7,t12,t16
t1,t3,t5,t6,t8,t9,t10,t13,t16
t1,t2,t4,t7,t11,t7,t12,t14,t15,t4,t7,t11,t7,t11,t7,t12,t16
t1,t2,t4,t7,t12,t14,t15,t4,t7,t11,t7,t11,t7,t12,t16
t1,t2,t4,t7,t12,t14,t15,t4,t7,t11,t7,t12,t16
t1,t2,t4,t7,t11,t7,t11,t7,t12,t14,t15,t4,t7,t12,t16
t1,t3,t6,t5,t10,t9,t8,t13,t14,t15,t4,t7,t11,t7,t12,t16
t1,t3,t5,t6,t8,t10,t9,t13,t14,t15,t4,t7,t11,t7,t12,t14,t15,t4,t7,t11,t7,t12,t16
t1,t2,t4,t7,t12,t14,t15,t4,t7,t12,t16
t1,t2,t4,t7,t12,t16
t1,t2,t4,t7,t11,t7,t11,t7,t12,t16
t1,t2,t4,t7,t11,t7,t11,t7,t12,t14,t15,t4,t7,t11,t7,t12,t16
t1,t2,t4,t7,t12,t14,t15,t4,t7,t11,t7,t12,t16
t1,t3,t6,t10,t5,t9,t8,t13,t16
t1,t3,t6,t9,t10,t5,t8,t13,t16
t1,t3,t5,t6,t9,t10,t8,t13,t14,t15,t4,t7,t11,t7,t12,t16
t1,t3,t5,t6,t8,t9,t10,t13,t16
t1,t2,t4,t7,t12,t14,t15,t4,t7,t12,t16
t1,t2,t4,t7,t12,t14,t15,t4,t7,t11,t7,t12,t14,t15,t4,t7,t11,t7,t12,t16
t1,t2,t4,t7,t11,t7,t11,t7,t11,t7,t12,t16
t1,t3,t6,t10,t5,t9,t8,t13,t14,t15,t4,t7,t12,t14,t15,t4,t7,t11,t7,t12,t16
t1,t2,t4,t7,t11,t7,t12,t14,t15,t4,t7,t11,t7,t12,t14,t15,t4,t7,t11,t7,t12,t16
t1,t2,t4,t7,t11,t7,t12,t14,t15,t4,t7,t11,t7,t11,t7,t11,t7,t11,t7,t11,t7,t12,t14,t15,t4,t7,t12,t14,t15,t4,t7,t12,t16
t1,t3,t6,t10,t5,t9,t8,t13,t14,t15,t4,t7,t11,t7,t11,t7,t12,t16
t1,t3,t6,t9,t5,t10,t8,t13,t14,t15,t4,t7,t12,t14,t15,t4,t7,t12,t16
t1,t3,t6,t5,t10,t8,t9,t13,t16
t1,t3,t6,t5,t10,t9,t8,t13,t16
t1,t2,t4,t7,t12,t14,t15,t4,t7,t12,t14,t15,t4,t7,t11,t7,t12,t16
t1,t3,t6,t5,t9,t10,t8,t13,t14,t15,t4,t7,t11,t7,t11,t7,t11,t7,t11,t7,t12,t14,t15,t4,t7,t11,t7,t11,t7,t12,t16
t1,t3,t5,t6,t9,t8,t10,t13,t14,t15,t4,t7,t11,t7,t11,t7,t12,t16
t1,t3,t6,t5,t9,t10,t8,t13,t14,t15,t4,t7,t12,t14,t15,t4,t7,t12,t16
t1,t2,t4,t7,t11,t7,t12,t16
t1,t3,t5,t6,t8,t9,t10,t13,t14,t15,t4,t7,t12,t16
t1,t2,t4,t7,t11,t7,t11,t7,t12,t16
t1,t3,t6,t5,t10,t9,t8,t13,t16
t1,t2,t4,t7,t11,t7,t12,t16
t1,t3,t5,t6,t10,t9,t8,t13,t16
t1,t3,t5,t8,t6,t9,t10,t13,t16
t1,t2,t4,t7,t12,t16
t1,t3,t5,t8,t6,t9,t10,t13,t14,t15,t4,t7,t11,t7,t11,t7,t12,t16
t1,t3,t5,t6,t8,t9,t10,t13,t16
t1,t2,t4,t7,t11,t7,t12,t14,t15,t4,t7,t12,t14,t15,t4,t7,t12,t16
t1,t2,t4,t7,t11,t7,t11,t7,t12,t16
t1,t3,t5,t6,t8,t9,t10,t13,t16
t1,t2,t4,t7,t12,t16
t1,t3,t6,t9,t10,t5,t8,t13,t14,t15,t4,t7,t11,t7,t12,t16
t1,t2,t4,t7,t11,t7,t11,t7,t12,t16
t1,t3,t5,t6,t8,t10,t9,t13,t14,t15,t4,t7,t12,t16
t1,t3,t6,t5,t9,t8,t10,t13,t16
t1,t3,t5,t8,t6,t9,t10,t13,t14,t15,t4,t7,t12,t14,t15,t4,t7,t12,t16
t1,t3,t6,t5,t9,t10,t8,t13,t16
t1,t3,t5,t6,t9,t10,t8,t13,t16
t1,t2,t4,t7,t12,t16
t1,t2,t4,t7,t12,t16
t1,t3,t6,t5,t8,t10,t9,t13,t16
t1,t2,t4,t7,t11,t7,t12,t16
t1,t3,t6,t5,t9,t8,t10,t13,t16
t1,t3,t5,t8,t6,t10,t9,t13,t14,t15,t4,t7,t12,t14,t15,t4,t7,t12,t16
t1,t2,t4,t7,t11,t7,t12,t14,t15,t4,t7,t12,t16
t1,t2,t4,t7,t11,t7,t12,t16
t1,t2,t4,t7,t11,t7,t11,t7,t11,t7,t12,t14,t15,t4,t7,t11,t7,t12,t14,t15,t4,t7,t12,t16
t1,t3,t5,t6,t9,t10,t8,t13,t14,t15,t4,t7,t11,t7,t12,t14,t15,t4,t7,t11,t7,t12,t16
t1,t2,t4,t7,t11,t7,t12,t16
t1,t2,t4,t7,t11,t7,t11,t7,t12,t14,t15,t4,t7,t11,t7,t12,t16
t1,t2,t4,t7,t12,t14,t15,t4,t7,t11,t7,t12,t16
t1,t2,t4,t7,t11,t7,t12,t14,t15,t4,t7,t12,t14,t15,t4,t7,t11,t7,t11,t7,t12,t14,t15,t4,t7,t12,t14,t15,t4,t7,t11,t7,t12,t16
t1,t2,t4,t7,t12,t14,t15,t4,t7,t11,t7,t12,t14,t15,t4,t7,t12,t14,t15,t4,t7,t12,t14,t15,t4,t7,t12,t16
t1,t2,t4,t7,t12,t16
t1,t3,t5,t6,t8,t9,t10,t13,t14,t15,t4,t7,t12,t14,t15,t4,t7,t12,t14,t15,t4,t7,t12,t14,t15,t4,t7,t11,t7,t11,t7,t11,t7,t11,t7,t12,t16
t1,t3,t5,t6,t9,t10,t8,t13,t16
t1,t3,t6,t10,t9,t5,t8,t13,t14,t15,t4,t7,t11,t7,t12,t16
t1,t2,t4,t7,t11,t7,t12,t14,t15,t4,t7,t12,t14,t15,t4,t7,t12,t14,t15,t4,t7,t11,t7,t12,t16
t1,t3,t5,t6,t8,t10,t9,t13,t14,t15,t4,t7,t11,t7,t12,t14,t15,t4,t7,t11,t7,t11,t7,t11,t7,t12,t14,t15,t4,t7,t11,t7,t12,t16
t1,t2,t4,t7,t11,t7,t11,t7,t11,t7,t11,t7,t11,t7,t11,t7,t11,t7,t12,t14,t15,t4,t7,t11,t7,t12,t14,t15,t4,t7,t12,t16
t1,t3,t6,t5,t10,t8,t9,t13,t16
t1,t2,t4,t7,t12,t16
t1,t2,t4,t7,t12,t16
t1,t3,t5,t6,t8,t10,t9,t13,t14,t15,t4,t7,t12,t16
t1,t2,t4,t7,t12,t14,t15,t4,t7,t12,t16
t1,t2,t4,t7,t12,t14,t15,t4,t7,t12,t16
t1,t3,t6,t9,t5,t10,t8,t13,t14,t15,t4,t7,t12,t16
t1,t3,t5,t8,t6,t9,t10,t13,t16
t1,t3,t6,t5,t10,t8,t9,t13,t14,t15,t4,t7,t12,t14,t15,t4,t7,t11,t7,t12,t16
t1,t2,t4,t7,t11,t7,t12,t14,t15,t4,t7,t11,t7,t11,t7,t11,t7,t11,t7,t11,t7,t12,t16
t1,t3,t5,t6,t9,t10,t8,t13,t14,t15,t4,t7,t12,t14,t15,t4,t7,t11,t7,t11,t7,t11,t7,t12,t16
t1,t3,t6,t5,t10,t8,t9,t13,t16
t1,t2,t4,t7,t11,t7,t12,t16
t1,t2,t4,t7,t12,t16
t1,t3,t6,t10,t9,t5,t8,t13,t14,t15,t4,t7,t11,t7,t12,t14,t15,t4,t7,t11,t7,t11,t7,t12,t14,t15,t4,t7,t12,t16
t1,t2,t4,t7,t11,t7,t11,t7,t12,t16
t1,t3,t6,t5,t10,t8,t9,t13,t16
t1,t3,t6,t5,t10,t8,t9,t13,t16
t1,t3,t5,t6,t8,t10,t9,t13,t16
t1,t2,t4,t7,t12,t14,t15,t4,t7,t12,t16
t1,t2,t4,t7,t11,t7,t11,t7,t11,t7,t11,t7,t11,t7,t12,t14,t15,t4,t7,t12,t16
t1,t2,t4,t7,t12,t14,t15,t4,t7,t11,t7,t12,t14,t15,t4,t7,t12,t16
t1,t2,t4,t7,t11,t7,t12,t16
t1,t3,t6,t5,t10,t8,t9,t13,t16
t1,t3,t6,t9,t10,t5,t8,t13,t16
t1,t2,t4,t7,t11,t7,t12,t16
t1,t3,t6,t5,t9,t10,t8,t13,t16
t1,t3,t6,t5,t10,t8,t9,t13,t16
t1,t3,t6,t5,t9,t8,t10,t13,t16
t1,t2,t4,t7,t11,t7,t11,t7,t11,t7,t11,t7,t11,t7,t12,t14,t15,t4,t7,t11,t7,t12,t16
t1,t2,t4,t7,t12,t14,t15,t4,t7,t12,t14,t15,t4,t7,t12,t14,t15,t4,t7,t11,t7,t11,t7,t12,t16
t1,t3,t6,t9,t5,t10,t8,t13,t14,t15,t4,t7,t12,t14,t15,t4,t7,t11,t7,t12,t14,t15,t4,t7,t11,t7,t11,t7,t12,t14,t15,t4,t7,t12,t16
t1,t2,t4,t7,t12,t14,t15,t4,t7,t11,t7,t12,t16
t1,t2,t4,t7,t12,t14,t15,t4,t7,t11,t7,t11,t7,t12,t14,t15,t4,t7,t12,t16
t1,t3,t5,t6,t10,t8,t9,t13,t16
t1,t2,t4,t7,t11,t7,t11,t7,t11,t7,t12,t14,t15,t4,t7,t12,t14,t15,t4,t7,t11,t7,t12,t14,t15,t4,t7,t12,t16
t1,t3,t5,t6,t9,t10,t8,t13,t16
t1,t3,t5,t8,t6,t10,t9,t13,t16
t1,t3,t6,t10,t5,t9,t8,t13,t14,t15,t4,t7,t11,t7,t11,t7,t11,t7,t11,t7,t11,t7,t11,t7,t11,t7,t12,t16
t1,t3,t5,t6,t10,t9,t8,t13,t14,t15,t4,t7,t12,t14,t15,t4,t7,t12,t14,t15,t4,t7,t12,t14,t15,t4,t7,t12,t14,t15,t4,t7,t11,t7,t12,t14,t15,t4,t7,t12,t14,t15,t4,t7,t11,t7,t11,t7,t12,t16
t1,t2,t4,t7,t12,t16
t1,t2,t4,t7,t11,t7,t12,t14,t15,t4,t7,t11,t7,t12,t16
t1,t3,t5,t6,t10,t9,t8,t13,t16
t1,t2,t4,t7,t12,t14,t15,t4,t7,t11,t7,t12,t14,t15,t4,t7,t11,t7,t12,t14,t15,t4,t7,t12,t14,t15,t4,t7,t11,t7,t12,t14,t15,t4,t7,t11,t7,t12,t14,t15,t4,t7,t12,t14,t15,t4,t7,t11,t7,t11,t7,t12,t14,t15,t4,t7,t11,t7,t11,t7,t11,t7,t11,t7,t11,t7,t11,t7,t11,t7,t11,t7,t12,t14,t15,t4,t7,t12,t14,t15,t4,t7,t11,t7,t11,t7,t12,t14,t15,t4,t7,t11,t7,t11,t7,t11,t7,t12,t16
t1,t3,t5,t6,t8,t9,t10,t13,t14,t15,t4,t7,t12,t16
t1,t3,t5,t6,t10,t8,t9,t13,t16
t1,t2,t4,t7,t11,t7,t12,t16
t1,t2,t4,t7,t12,t14,t15,t4,t7,t11,t7,t11,t7,t11,t7,t12,t14,t15,t4,t7,t11,t7,t11,t7,t11,t7,t11,t7,t11,t7,t11,t7,t11,t7,t11,t7,t12,t16
t1,t2,t4,t7,t12,t16
t1,t2,t4,t7,t12,t14,t15,t4,t7,t11,t7,t12,t16
t1,t2,t4,t7,t12,t16
t1,t2,t4,t7,t11,t7,t11,t7,t11,t7,t12,t14,t15,t4,t7,t11,t7,t12,t16
t1,t2,t4,t7,t11,t7,t12,t14,t15,t4,t7,t12,t14,t15,t4,t7,t11,t7,t11,t7,t12,t16
t1,t2,t4,t7,t12,t14,t15,t4,t7,t12,t16
t1,t3,t5,t6,t10,t8,t9,t13,t16
t1,t3,t5,t6,t9,t8,t10,t13,t16
t1,t2,t4,t7,t11,t7,t11,t7,t11,t7,t12,t16
t1,t3,t5,t6,t8,t9,t10,t13,t16
t1,t3,t5,t6,t8,t9,t10,t13,t14,t15,t4,t7,t11,t7,t12,t14,t15,t4,t7,t12,t14,t15,t4,t7,t11,t7,t12,t14,t15,t4,t7,t11,t7,t12,t14,t15,t4,t7,t11,t7,t12,t16
t1,t2,t4,t7,t11,t7,t11,t7,t11,t7,t12,t14,t15,t4,t7,t11,t7,t11,t7,t12,t14,t15,t4,t7,t12,t14,t15,t4,t7,t11,t7,t12,t14,t15,t4,t7,t11,t7,t12,t14,t15,t4,t7,t11,t7,t12,t14,t15,t4,t7,t12,t14,t15,t4,t7,t11,t7,t11,t7,t11,t7,t11,t7,t12,t14,t15,t4,t7,t12,t14,t15,t4,t7,t12,t16
t1,t2,t4,t7,t12,t16
t1,t3,t5,t8,t6,t9,t10,t13,t16
t1,t2,t4,t7,t11,t7,t12,t14,t15,t4,t7,t11,t7,t12,t16
t1,t2,t4,t7,t12,t14,t15,t4,t7,t12,t14,t15,t4,t7,t11,t7,t11,t7,t12,t16
t1,t2,t4,t7,t12,t14,t15,t4,t7,t11,t7,t12,t14,t15,t4,t7,t12,t16
t1,t2,t4,t7,t11,t7,t11,t7,t12,t14,t15,t4,t7,t11,t7,t11,t7,t12,t14,t15,t4,t7,t11,t7,t11,t7,t12,t14,t15,t4,t7,t11,t7,t11,t7,t11,t7,t12,t14,t15,t4,t7,t12,t16
t1,t2,t4,t7,t12,t14,t15,t4,t7,t11,t7,t11,t7,t12,t16
t1,t2,t4,t7,t12,t16
t1,t3,t6,t5,t10,t8,t9,t13,t14,t15,t4,t7,t12,t14,t15,t4,t7,t11,t7,t12,t16
t1,t2,t4,t7,t12,t16
t1,t3,t6,t5,t10,t9,t8,t13,t16
t1,t2,t4,t7,t11,t7,t12,t16
t1,t3,t5,t6,t8,t10,t9,t13,t16
t1,t2,t4,t7,t11,t7,t11,t7,t12,t14,t15,t4,t7,t12,t16
t1,t3,t6,t5,t10,t9,t8,t13,t16
t1,t2,t4,t7,t11,t7,t11,t7,t11,t7,t11,t7,t11,t7,t11,t7,t11,t7,t11,t7,t12,t14,t15,t4,t7,t11,t7,t11,t7,t11,t7,t12,t14,t15,t4,t7,t12,t14,t15,t4,t7,t12,t16
t1,t3,t6,t5,t10,t8,t9,t13,t14,t15,t4,t7,t11,t7,t11,t7,t12,t16
t1,t2,t4,t7,t12,t14,t15,t4,t7,t12,t14,t15,t4,t7,t11,t7,t11,t7,t11,t7,t12,t14,t15,t4,t7,t12,t16
t1,t3,t5,t6,t8,t10,t9,t13,t14,t15,t4,t7,t11,t7,t12,t14,t15,t4,t7,t11,t7,t11,t7,t11,t7,t12,t16
t1,t2,t4,t7,t12,t14,t15,t4,t7,t11,t7,t12,t16
t1,t3,t6,t5,t9,t8,t10,t13,t16
t1,t3,t5,t6,t9,t8,t10,t13,t14,t15,t4,t7,t12,t16
t1,t3,t6,t5,t10,t9,t8,t13,t14,t15,t4,t7,t11,t7,t11,t7,t11,t7,t11,t7,t12,t14,t15,t4,t7,t11,t7,t12,t16
t1,t3,t6,t5,t10,t8,t9,t13,t14,t15,t4,t7,t11,t7,t11,t7,t12,t14,t15,t4,t7,t12,t14,t15,t4,t7,t12,t16
t1,t2,t4,t7,t11,t7,t11,t7,t12,t16
t1,t2,t4,t7,t12,t14,t15,t4,t7,t12,t14,t15,t4,t7,t12,t14,t15,t4,t7,t11,t7,t12,t16
t1,t3,t6,t9,t10,t5,t8,t13,t16
t1,t3,t6,t5,t9,t10,t8,t13,t16
t1,t3,t6,t5,t9,t8,t10,t13,t14,t15,t4,t7,t11,t7,t12,t16
t1,t2,t4,t7,t12,t14,t15,t4,t7,t11,t7,t12,t16
t1,t3,t6,t9,t5,t10,t8,t13,t16
t1,t2,t4,t7,t11,t7,t12,t14,t15,t4,t7,t11,t7,t12,t16
t1,t2,t4,t7,t12,t16
t1,t3,t6,t9,t5,t10,t8,t13,t14,t15,t4,t7,t12,t14,t15,t4,t7,t12,t14,t15,t4,t7,t11,t7,t12,t16
t1,t3,t5,t8,t6,t9,t10,t13,t16
t1,t3,t6,t5,t10,t8,t9,t13,t14,t15,t4,t7,t12,t16
t1,t3,t5,t8,t6,t9,t10,t13,t16
t1,t3,t5,t8,t6,t10,t9,t13,t14,t15,t4,t7,t12,t14,t15,t4,t7,t12,t16
t1,t2,t4,t7,t11,t7,t12,t14,t15,t4,t7,t11,t7,t11,t7,t11,t7,t11,t7,t11,t7,t11,t7,t12,t16
t1,t3,t6,t9,t5,t10,t8,t13,t16
t1,t3,t6,t5,t9,t10,t8,t13,t16
t1,t2,t4,t7,t11,t7,t12,t16
t1,t2,t4,t7,t11,t7,t12,t14,t15,t4,t7,t11,t7,t11,t7,t11,t7,t11,t7,t11,t7,t11,t7,t11,t7,t12,t16
t1,t3,t5,t6,t9,t8,t10,t13,t16
t1,t2,t4,t7,t11,t7,t12,t14,t15,t4,t7,t12,t14,t15,t4,t7,t11,t7,t12,t14,t15,t4,t7,t12,t16
t1,t3,t5,t6,t8,t10,t9,t13,t16
t1,t3,t5,t6,t9,t8,t10,t13,t16
t1,t3,t6,t5,t9,t10,t8,t13,t14,t15,t4,t7,t11,t7,t11,t7,t11,t7,t11,t7,t12,t16
t1,t3,t6,t9,t10,t5,t8,t13,t14,t15,t4,t7,t12,t14,t15,t4,t7,t12,t14,t15,t4,t7,t12,t16
t1,t2,t4,t7,t12,t16
t1,t3,t5,t6,t8,t9,t10,t13,t14,t15,t4,t7,t11,t7,t11,t7,t12,t14,t15,t4,t7,t11,t7,t12,t16
t1,t2,t4,t7,t11,t7,t12,t16
t1,t3,t5,t8,t6,t9,t10,t13,t14,t15,t4,t7,t12,t16
t1,t3,t5,t6,t8,t9,t10,t13,t16
t1,t2,t4,t7,t12,t16
t1,t2,t4,t7,t11,t7,t11,t7,t11,t7,t12,t14,t15,t4,t7,t11,t7,t11,t7,t11,t7,t11,t7,t11,t7,t12,t16
t1,t3,t5,t6,t8,t10,t9,t13,t16
t1,t2,t4,t7,t12,t16
t1,t2,t4,t7,t11,t7,t12,t14,t15,t4,t7,t11,t7,t12,t16
t1,t2,t4,t7,t11,t7,t11,t7,t11,t7,t11,t7,t12,t14,t15,t4,t7,t11,t7,t12,t14,t15,t4,t7,t11,t7,t12,t14,t15,t4,t7,t11,t7,t12,t14,t15,t4,t7,t12,t16
t1,t2,t4,t7,t12,t14,t15,t4,t7,t11,t7,t11,t7,t11,t7,t12,t14,t15,t4,t7,t11,t7,t12,t16
t1,t3,t6,t10,t9,t5,t8,t13,t16
t1,t3,t5,t6,t9,t8,t10,t13,t16
t1,t3,t5,t6,t8,t10,t9,t13,t14,t15,t4,t7,t11,t7,t12,t16
t1,t3,t5,t6,t8,t9,t10,t13,t14,t15,t4,t7,t12,t14,t15,t4,t7,t12,t16
t1,t2,t4,t7,t11,t7,t11,t7,t12,t14,t15,t4,t7,t11,t7,t12,t16
t1,t2,t4,t7,t12,t16
t1,t2,t4,t7,t12,t14,t15,t4,t7,t11,t7,t12,t16
t1,t3,t5,t8,t6,t9,t10,t13,t16
t1,t2,t4,t7,t12,t16
t1,t2,t4,t7,t11,t7,t11,t7,t11,t7,t12,t14,t15,t4,t7,t12,t14,t15,t4,t7,t12,t16
t1,t3,t6,t5,t10,t8,t9,t13,t14,t15,t4,t7,t11,t7,t12,t16
t1,t2,t4,t7,t12,t16
t1,t2,t4,t7,t12,t14,t15,t4,t7,t11,t7,t11,t7,t11,t7,t11,t7,t12,t14,t15,t4,t7,t11,t7,t12,t16
t1,t3,t5,t6,t8,t9,t10,t13,t14,t15,t4,t7,t11,t7,t11,t7,t11,t7,t12,t16
t1,t3,t5,t6,t8,t10,t9,t13,t14,t15,t4,t7,t12,t16
t1,t2,t4,t7,t12,t14,t15,t4,t7,t12,t14,t15,t4,t7,t12,t14,t15,t4,t7,t12,t14,t15,t4,t7,t11,t7,t12,t14,t15,t4,t7,t12,t14,t15,t4,t7,t12,t16
t1,t3,t6,t5,t10,t9,t8,t13,t14,t15,t4,t7,t12,t14,t15,t4,t7,t11,t7,t11,t7,t12,t14,t15,t4,t7,t11,t7,t11,t7,t12,t16
t1,t2,t4,t7,t12,t16
t1,t3,t6,t5,t9,t10,t8,t13,t14,t15,t4,t7,t11,t7,t11,t7,t12,t16
t1,t3,t5,t6,t8,t10,t9,t13,t14,t15,t4,t7,t11,t7,t11,t7,t11,t7,t12,t16
t1,t2,t4,t7,t12,t14,t15,t4,t7,t12,t16
t1,t3,t6,t10,t9,t5,t8,t13,t16
t1,t2,t4,t7,t11,t7,t12,t16
t1,t3,t6,t10,t9,t5,t8,t13,t16
t1,t2,t4,t7,t11,t7,t11,t7,t11,t7,t11,t7,t11,t7,t11,t7,t12,t14,t15,t4,t7,t12,t14,t15,t4,t7,t12,t16
t1,t3,t5,t6,t8,t10,t9,t13,t16
t1,t2,t4,t7,t11,t7,t11,t7,t11,t7,t12,t16
t1,t3,t6,t5,t10,t9,t8,t13,t14,t15,t4,t7,t12,t14,t15,t4,t7,t11,t7,t12,t14,t15,t4,t7,t12,t16
t1,t3,t5,t6,t8,t10,t9,t13,t16
t1,t3,t5,t8,t6,t10,t9,t13,t16
t1,t2,t4,t7,t12,t16
t1,t3,t6,t9,t10,t5,t8,t13,t16
t1,t2,t4,t7,t12,t14,t15,t4,t7,t11,t7,t12,t16
t1,t2,t4,t7,t12,t16
t1,t2,t4,t7,t12,t16
t1,t3,t6,t10,t5,t8,t9,t13,t14,t15,t4,t7,t12,t14,t15,t4,t7,t11,t7,t12,t16
t1,t3,t5,t6,t9,t10,t8,t13,t16
t1,t2,t4,t7,t12,t14,t15,t4,t7,t12,t14,t15,t4,t7,t11,t7,t12,t14,t15,t4,t7,t11,t7,t12,t14,t15,t4,t7,t12,t16
t1,t3,t6,t9,t5,t10,t8,t13,t16
t1,t2,t4,t7,t11,t7,t12,t14,t15,t4,t7,t12,t16
t1,t3,t6,t5,t10,t9,t8,t13,t16
t1,t2,t4,t7,t12,t16
t1,t3,t5,t6,t10,t8,t9,t13,t14,t15,t4,t7,t12,t14,t15,t4,t7,t12,t16
t1,t3,t6,t5,t10,t8,t9,t13,t16
t1,t2,t4,t7,t12,t16
t1,t3,t5,t6,t8,t9,t10,t13,t16
t1,t2,t4,t7,t12,t14,t15,t4,t7,t11,t7,t12,t14,t15,t4,t7,t11,t7,t12,t16
t1,t2,t4,t7,t11,t7,t12,t14,t15,t4,t7,t11,t7,t12,t16
t1,t2,t4,t7,t12,t14,t15,t4,t7,t12,t14,t15,t4,t7,t12,t14,t15,t4,t7,t11,t7,t12,t14,t15,t4,t7,t12,t14,t15,t4,t7,t12,t16
t1,t3,t6,t5,t10,t9,t8,t13,t16
t1,t2,t4,t7,t12,t16
t1,t3,t5,t8,t6,t10,t9,t13,t16
t1,t2,t4,t7,t11,t7,t12,t16
t1,t2,t4,t7,t12,t14,t15,t4,t7,t12,t14,t15,t4,t7,t12,t16
t1,t3,t6,t9,t5,t8,t10,t13,t16
t1,t2,t4,t7,t12,t14,t15,t4,t7,t11,t7,t12,t16
t1,t3,t6,t5,t10,t9,t8,t13,t16
t1,t3,t6,t5,t8,t10,t9,t13,t14,t15,t4,t7,t11,t7,t11,t7,t11,t7,t11,t7,t11,t7,t12,t16
t1,t3,t5,t8,t6,t10,t9,t13,t14,t15,t4,t7,t11,t7,t11,t7,t11,t7,t12,t14,t15,t4,t7,t12,t14,t15,t4,t7,t11,t7,t11,t7,t12,t16
t1,t2,t4,t7,t11,t7,t12,t14,t15,t4,t7,t12,t14,t15,t4,t7,t11,t7,t11,t7,t11,t7,t11,t7,t11,t7,t12,t14,t15,t4,t7,t11,t7,t11,t7,t12,t16
t1,t2,t4,t7,t12,t16
t1,t3,t5,t6,t8,t9,t10,t13,t14,t15,t4,t7,t11,t7,t12,t14,t15,t4,t7,t11,t7,t11,t7,t11,t7,t11,t7,t12,t16
t1,t3,t6,t5,t9,t8,t10,t13,t16
t1,t2,t4,t7,t11,t7,t12,t16
t1,t3,t6,t10,t5,t9,t8,t13,t14,t15,t4,t7,t12,t14,t15,t4,t7,t11,t7,t11,t7,t11,t7,t11,t7,t12,t16
t1,t2,t4,t7,t11,t7,t11,t7,t12,t14,t15,t4,t7,t12,t16
t1,t2,t4,t7,t11,t7,t12,t14,t15,t4,t7,t12,t14,t15,t4,t7,t11,t7,t11,t7,t11,t7,t11,t7,t11,t7,t11,t7,t12,t14,t15,t4,t7,t11,t7,t11,t7,t11,t7,t12,t14,t15,t4,t7,t11,t7,t12,t16
t1,t2,t4,t7,t11,t7,t11,t7,t12,t16
t1,t2,t4,t7,t12,t14,t15,t4,t7,t12,t16
t1,t3,t5,t6,t9,t10,t8,t13,t16
t1,t3,t6,t5,t10,t8,t9,t13,t14,t15,t4,t7,t12,t16
t1,t3,t5,t6,t8,t9,t10,t13,t16
t1,t2,t4,t7,t12,t14,t15,t4,t7,t12,t16
t1,t3,t5,t8,t6,t10,t9,t13,t16
t1,t3,t6,t5,t9,t8,t10,t13,t14,t15,t4,t7,t11,t7,t11,t7,t11,t7,t12,t14,t15,t4,t7,t11,t7,t12,t14,t15,t4,t7,t12,t14,t15,t4,t7,t12,t16
t1,t3,t5,t6,t8,t9,t10,t13,t14,t15,t4,t7,t11,t7,t12,t14,t15,t4,t7,t11,t7,t11,t7,t11,t7,t11,t7,t12,t14,t15,t4,t7,t12,t14,t15,t4,t7,t11,t7,t12,t16
t1,t3,t6,t5,t10,t8,t9,t13,t14,t15,t4,t7,t11,t7,t12,t16
t1,t2,t4,t7,t12,t16
t1,t3,t6,t9,t5,t10,t8,t13,t14,t15,t4,t7,t12,t14,t15,t4,t7,t11,t7,t11,t7,t12,t16
t1,t2,t4,t7,t11,t7,t12,t16
t1,t3,t6,t9,t10,t5,t8,t13,t14,t15,t4,t7,t12,t16
t1,t3,t5,t6,t8,t9,t10,t13,t16
t1,t3,t5,t8,t6,t9,t10,t13,t16
t1,t3,t6,t10,t9,t5,t8,t13,t16
t1,t2,t4,t7,t11,t7,t11,t7,t11,t7,t12,t14,t15,t4,t7,t11,t7,t11,t7,t12,t14,t15,t4,t7,t11,t7,t11,t7,t11,t7,t11,t7,t12,t14,t15,t4,t7,t11,t7,t11,t7,t11,t7,t12,t14,t15,t4,t7,t12,t16
t1,t2,t4,t7,t11,t7,t12,t16
t1,t2,t4,t7,t11,t7,t12,t16
t1,t2,t4,t7,t11,t7,t11,t7,t11,t7,t12,t16
t1,t3,t6,t9,t5,t10,t8,t13,t16
t1,t3,t5,t8,t6,t10,t9,t13,t14,t15,t4,t7,t12,t16
t1,t2,t4,t7,t12,t14,t15,t4,t7,t12,t14,t15,t4,t7,t12,t16
t1,t2,t4,t7,t12,t14,t15,t4,t7,t11,t7,t11,t7,t12,t14,t15,t4,t7,t11,t7,t11,t7,t12,t14,t15,t4,t7,t12,t14,t15,t4,t7,t12,t14,t15,t4,t7,t11,t7,t11,t7,t11,t7,t12,t14,t15,t4,t7,t11,t7,t12,t16
t1,t2,t4,t7,t11,t7,t11,t7,t12,t14,t15,t4,t7,t11,t7,t11,t7,t11,t7,t11,t7,t11,t7,t12,t14,t15,t4,t7,t12,t16
t1,t2,t4,t7,t11,t7,t11,t7,t11,t7,t11,t7,t12,t16
t1,t3,t6,t5,t8,t10,t9,t13,t16
t1,t3,t6,t5,t10,t8,t9,t13,t14,t15,t4,t7,t12,t16
t1,t2,t4,t7,t12,t16
t1,t2,t4,t7,t11,t7,t12,t14,t15,t4,t7,t11,t7,t12,t16
t1,t2,t4,t7,t12,t16
t1,t3,t5,t6,t8,t10,t9,t13,t16
t1,t2,t4,t7,t12,t16
t1,t3,t6,t10,t5,t8,t9,t13,t14,t15,t4,t7,t11,t7,t11,t7,t11,t7,t12,t14,t15,t4,t7,t12,t14,t15,t4,t7,t11,t7,t11,t7,t11,t7,t11,t7,t11,t7,t12,t16
t1,t2,t4,t7,t11,t7,t12,t16
t1,t2,t4,t7,t12,t14,t15,t4,t7,t11,t7,t12,t14,t15,t4,t7,t11,t7,t11,t7,t11,t7,t11,t7,t11,t7,t12,t14,t15,t4,t7,t12,t14,t15,t4,t7,t12,t16
t1,t2,t4,t7,t11,t7,t12,t16
t1,t3,t5,t6,t9,t10,t8,t13,t16
t1,t2,t4,t7,t12,t14,t15,t4,t7,t11,t7,t12,t14,t15,t4,t7,t11,t7,t12,t14,t15,t4,t7,t11,t7,t11,t7,t12,t14,t15,t4,t7,t11,t7,t11,t7,t11,t7,t12,t16
t1,t3,t6,t10,t9,t5,t8,t13,t16
t1,t3,t6,t5,t8,t10,t9,t13,t16
t1,t3,t5,t6,t8,t9,t10,t13,t14,t15,t4,t7,t11,t7,t12,t14,t15,t4,t7,t11,t7,t11,t7,t12,t14,t15,t4,t7,t11,t7,t12,t14,t15,t4,t7,t12,t16
t1,t2,t4,t7,t11,t7,t11,t7,t12,t14,t15,t4,t7,t12,t16
t1,t3,t6,t9,t5,t10,t8,t13,t16
t1,t3,t6,t5,t10,t8,t9,t13,t16
t1,t3,t5,t6,t8,t10,t9,t13,t14,t15,t4,t7,t11,t7,t11,t7,t11,t7,t11,t7,t11,t7,t11,t7,t12,t16
t1,t3,t6,t9,t10,t5,t8,t13,t14,t15,t4,t7,t12,t16
t1,t2,t4,t7,t11,t7,t11,t7,t11,t7,t12,t14,t15,t4,t7,t12,t16
t1,t3,t6,t5,t9,t10,t8,t13,t16
t1,t2,t4,t7,t11,t7,t12,t16
t1,t3,t5,t6,t8,t10,t9,t13,t16
t1,t3,t6,t9,t5,t10,t8,t13,t16
t1,t3,t6,t5,t9,t10,t8,t13,t14,t15,t4,t7,t12,t16
t1,t2,t4,t7,t11,t7,t12,t16
t1,t3,t6,t5,t9,t10,t8,t13,t16
t1,t2,t4,t7,t11,t7,t11,t7,t12,t14,t15,t4,t7,t11,t7,t12,t14,t15,t4,t7,t11,t7,t12,t14,t15,t4,t7,t11,t7,t11,t7,t11,t7,t11,t7,t11,t7,t12,t16
t1,t2,t4,t7,t11,t7,t12,t16
t1,t3,t5,t6,t8,t9,t10,t13,t16
t1,t3,t5,t6,t8,t10,t9,t13,t16
t1,t2,t4,t7,t11,t7,t11,t7,t11,t7,t11,t7,t11,t7,t12,t14,t15,t4,t7,t12,t14,t15,t4,t7,t11,t7,t12,t14,t15,t4,t7,t12,t14,t15,t4,t7,t12,t16
t1,t2,t4,t7,t11,t7,t12,t16
t1,t3,t6,t5,t9,t10,t8,t13,t16
t1,t3,t6,t5,t9,t8,t10,t13,t14,t15,t4,t7,t12,t14,t15,t4,t7,t12,t16
t1,t3,t6,t5,t9,t10,t8,t13,t16
t1,t3,t6,t10,t5,t8,t9,t13,t16
t1,t2,t4,t7,t12,t16
t1,t3,t6,t5,t9,t8,t10,t13,t14,t15,t4,t7,t11,t7,t12,t16
t1,t2,t4,t7,t12,t16
t1,t3,t5,t8,t6,t9,t10,t13,t14,t15,t4,t7,t12,t14,t15,t4,t7,t12,t16
t1,t3,t6,t10,t9,t5,t8,t13,t16
t1,t3,t6,t5,t9,t8,t10,t13,t14,t15,t4,t7,t12,t16
t1,t2,t4,t7,t12,t14,t15,t4,t7,t12,t16
t1,t2,t4,t7,t11,t7,t11,t7,t12,t16
t1,t3,t6,t5,t9,t8,t10,t13,t16
t1,t2,t4,t7,t12,t14,t15,t4,t7,t11,t7,t12,t16
t1,t3,t6,t5,t10,t9,t8,t13,t16
t1,t3,t5,t6,t8,t10,t9,t13,t14,t15,t4,t7,t12,t16
t1,t3,t6,t9,t5,t8,t10,t13,t16
t1,t2,t4,t7,t11,t7,t12,t14,t15,t4,t7,t12,t14,t15,t4,t7,t11,t7,t11,t7,t12,t14,t15,t4,t7,t11,t7,t11,t7,t11,t7,t11,t7,t12,t16
t1,t3,t6,t10,t9,t5,t8,t13,t16
t1,t2,t4,t7,t12,t14,t15,t4,t7,t11,t7,t11,t7,t12,t16
t1,t2,t4,t7,t11,t7,t12,t16
t1,t3,t5,t6,t8,t9,t10,t13,t16
t1,t2,t4,t7,t12,t16
t1,t2,t4,t7,t11,t7,t11,t7,t11,t7,t11,t7,t11,t7,t11,t7,t11,t7,t11,t7,t12,t14,t15,t4,t7,t11,t7,t12,t16
t1,t2,t4,t7,t11,t7,t12,t16
t1,t3,t6,t5,t10,t9,t8,t13,t16
t1,t2,t4,t7,t12,t16
t1,t3,t5,t6,t8,t10,t9,t13,t16
t1,t3,t6,t10,t9,t5,t8,t13,t14,t15,t4,t7,t11,t7,t11,t7,t12,t14,t15,t4,t7,t12,t16
t1,t3,t5,t6,t8,t9,t10,t13,t14,t15,t4,t7,t11,t7,t11,t7,t12,t14,t15,t4,t7,t11,t7,t11,t7,t11,t7,t12,t16
t1,t3,t6,t5,t10,t8,t9,t13,t14,t15,t4,t7,t11,t7,t11,t7,t11,t7,t12,t14,t15,t4,t7,t12,t14,t15,t4,t7,t11,t7,t12,t14,t15,t4,t7,t11,t7,t12,t14,t15,t4,t7,t12,t14,t15,t4,t7,t12,t16
t1,t3,t5,t6,t8,t10,t9,t13,t14,t15,t4,t7,t11,t7,t12,t16
t1,t2,t4,t7,t12,t16
t1,t2,t4,t7,t12,t16
t1,t3,t5,t8,t6,t10,t9,t13,t14,t15,t4,t7,t12,t16
t1,t3,t5,t6,t9,t10,t8,t13,t14,t15,t4,t7,t12,t14,t15,t4,t7,t12,t14,t15,t4,t7,t12,t14,t15,t4,t7,t11,t7,t12,t14,t15,t4,t7,t11,t7,t12,t14,t15,t4,t7,t12,t14,t15,t4,t7,t11,t7,t12,t16
t1,t2,t4,t7,t11,t7,t12,t16
t1,t3,t5,t6,t8,t9,t10,t13,t14,t15,t4,t7,t11,t7,t12,t14,t15,t4,t7,t11,t7,t11,t7,t12,t16
t1,t3,t5,t6,t8,t9,t10,t13,t16
t1,t3,t5,t6,t10,t8,t9,t13,t16
t1,t3,t5,t8,t6,t10,t9,t13,t14,t15,t4,t7,t12,t14,t15,t4,t7,t11,t7,t12,t16
t1,t3,t6,t5,t10,t9,t8,t13,t16
t1,t3,t6,t10,t5,t9,t8,t13,t16
t1,t3,t6,t5,t10,t9,t8,t13,t14,t15,t4,t7,t12,t16
t1,t2,t4,t7,t11,t7,t11,t7,t12,t14,t15,t4,t7,t12,t14,t15,t4,t7,t12,t14,t15,t4,t7,t12,t16
t1,t2,t4,t7,t12,t16
t1,t2,t4,t7,t12,t14,t15,t4,t7,t12,t16
t1,t2,t4,t7,t12,t16
t1,t3,t5,t6,t8,t10,t9,t13,t14,t15,t4,t7,t11,t7,t11,t7,t12,t16
t1,t3,t6,t10,t5,t8,t9,t13,t14,t15,t4,t7,t11,t7,t12,t14,t15,t4,t7,t12,t16
t1,t3,t6,t10,t5,t9,t8,t13,t16
t1,t2,t4,t7,t12,t16
t1,t2,t4,t7,t12,t14,t15,t4,t7,t12,t16
t1,t2,t4,t7,t11,t7,t11,t7,t11,t7,t11,t7,t11,t7,t12,t16
t1,t3,t5,t6,t8,t9,t10,t13,t16
t1,t3,t6,t10,t9,t5,t8,t13,t14,t15,t4,t7,t11,t7,t12,t16
t1,t2,t4,t7,t12,t16
t1,t3,t6,t5,t9,t10,t8,t13,t16
t1,t2,t4,t7,t12,t16
t1,t3,t6,t5,t9,t8,t10,t13,t16
t1,t3,t5,t8,t6,t9,t10,t13,t14,t15,t4,t7,t12,t16
t1,t2,t4,t7,t11,t7,t11,t7,t12,t16
t1,t3,t6,t10,t5,t9,t8,t13,t14,t15,t4,t7,t11,t7,t12,t16
t1,t3,t6,t10,t9,t5,t8,t13,t16
t1,t3,t6,t10,t5,t9,t8,t13,t16
t1,t2,t4,t7,t11,t7,t12,t14,t15,t4,t7,t12,t16
t1,t2,t4,t7,t11,t7,t12,t16
t1,t2,t4,t7,t12,t16
t1,t2,t4,t7,t11,t7,t12,t16
t1,t2,t4,t7,t12,t16
t1,t3,t5,t6,t9,t10,t8,t13,t14,t15,t4,t7,t12,t16
t1,t3,t6,t5,t8,t9,t10,t13,t16
t1,t3,t6,t5,t9,t8,t10,t13,t16
t1,t3,t6,t9,t10,t5,t8,t13,t16
t1,t2,t4,t7,t12,t14,t15,t4,t7,t11,t7,t12,t14,t15,t4,t7,t11,t7,t11,t7,t12,t16
t1,t2,t4,t7,t12,t16
t1,t3,t5,t6,t10,t9,t8,t13,t14,t15,t4,t7,t11,t7,t11,t7,t11,t7,t12,t14,t15,t4,t7,t11,t7,t12,t16
t1,t2,t4,t7,t11,t7,t12,t14,t15,t4,t7,t12,t16
t1,t3,t5,t6,t9,t10,t8,t13,t16
t1,t3,t5,t6,t8,t10,t9,t13,t14,t15,t4,t7,t11,t7,t12,t16
t1,t2,t4,t7,t11,t7,t11,t7,t12,t16
t1,t2,t4,t7,t11,t7,t12,t14,t15,t4,t7,t11,t7,t11,t7,t11,t7,t12,t16
t1,t2,t4,t7,t11,t7,t11,t7,t11,t7,t12,t14,t15,t4,t7,t11,t7,t11,t7,t12,t14,t15,t4,t7,t11,t7,t12,t14,t15,t4,t7,t11,t7,t11,t7,t12,t14,t15,t4,t7,t11,t7,t11,t7,t11,t7,t12,t16
t1,t3,t6,t5,t9,t8,t10,t13,t14,t15,t4,t7,t12,t16
t1,t2,t4,t7,t12,t14,t15,t4,t7,t12,t16
t1,t2,t4,t7,t11,t7,t12,t16
t1,t2,t4,t7,t11,t7,t11,t7,t12,t16
t1,t3,t6,t5,t10,t9,t8,t13,t14,t15,t4,t7,t12,t16
t1,t3,t5,t6,t10,t8,t9,t13,t14,t15,t4,t7,t12,t14,t15,t4,t7,t12,t16
t1,t3,t6,t5,t9,t10,t8,t13,t16
t1,t3,t6,t5,t8,t9,t10,t13,t14,t15,t4,t7,t12,t16
t1,t2,t4,t7,t12,t16
t1,t3,t5,t6,t8,t10,t9,t13,t16
t1,t2,t4,t7,t12,t14,t15,t4,t7,t12,t16
t1,t3,t5,t6,t9,t8,t10,t13,t16
t1,t2,t4,t7,t11,t7,t12,t14,t15,t4,t7,t12,t14,t15,t4,t7,t11,t7,t12,t16
t1,t3,t6,t5,t9,t10,t8,t13,t14,t15,t4,t7,t11,t7,t11,t7,t11,t7,t11,t7,t12,t14,t15,t4,t7,t11,t7,t11,t7,t12,t16
t1,t3,t5,t8,t6,t9,t10,t13,t14,t15,t4,t7,t12,t16
t1,t2,t4,t7,t12,t14,t15,t4,t7,t12,t16
t1,t2,t4,t7,t12,t16
t1,t3,t6,t5,t9,t8,t10,t13,t14,t15,t4,t7,t11,t7,t12,t14,t15,t4,t7,t12,t16
t1,t2,t4,t7,t11,t7,t12,t14,t15,t4,t7,t11,t7,t11,t7,t12,t16
t1,t2,t4,t7,t12,t14,t15,t4,t7,t12,t14,t15,t4,t7,t11,t7,t11,t7,t11,t7,t11,t7,t11,t7,t11,t7,t12,t14,t15,t4,t7,t11,t7,t11,t7,t12,t16
t1,t3,t5,t6,t8,t10,t9,t13,t14,t15,t4,t7,t11,t7,t11,t7,t11,t7,t12,t14,t15,t4,t7,t12,t16
t1,t2,t4,t7,t11,t7,t12,t14,t15,t4,t7,t11,t7,t11,t7,t11,t7,t11,t7,t11,t7,t11,t7,t11,t7,t12,t14,t15,t4,t7,t12,t14,t15,t4,t7,t12,t14,t15,t4,t7,t12,t16
t1,t2,t4,t7,t11,t7,t12,t16
t1,t2,t4,t7,t12,t16
t1,t3,t5,t6,t8,t9,t10,t13,t14,t15,t4,t7,t12,t16
t1,t2,t4,t7,t12,t14,t15,t4,t7,t11,t7,t11,t7,t11,t7,t12,t14,t15,t4,t7,t11,t7,t12,t16
t1,t3,t5,t6,t8,t9,t10,t13,t16
t1,t3,t5,t6,t8,t9,t10,t13,t16
t1,t3,t6,t5,t10,t8,t9,t13,t16
t1,t2,t4,t7,t11,t7,t12,t14,t15,t4,t7,t11,t7,t11,t7,t11,t7,t11,t7,t12,t16
t1,t2,t4,t7,t12,t16
t1,t2,t4,t7,t11,t7,t11,t7,t11,t7,t12,t16
t1,t2,t4,t7,t11,t7,t11,t7,t12,t14,t15,t4,t7,t11,t7,t12,t16
t1,t2,t4,t7,t12,t16
t1,t2,t4,t7,t12,t14,t15,t4,t7,t12,t14,t15,t4,t7,t12,t16
t1,t2,t4,t7,t12,t16
t1,t3,t5,t8,t6,t10,t9,t13,t14,t15,t4,t7,t11,t7,t11,t7,t12,t14,t15,t4,t7,t11,t7,t12,t16
t1,t3,t6,t5,t10,t8,t9,t13,t16
t1,t3,t6,t5,t8,t10,t9,t13,t16
t1,t2,t4,t7,t12,t14,t15,t4,t7,t11,t7,t12,t14,t15,t4,t7,t12,t14,t15,t4,t7,t11,t7,t12,t14,t15,t4,t7,t12,t14,t15,t4,t7,t12,t14,t15,t4,t7,t11,t7,t12,t16
t1,t2,t4,t7,t12,t14,t15,t4,t7,t12,t14,t15,t4,t7,t12,t16
t1,t3,t6,t5,t10,t8,t9,t13,t16
t1,t3,t5,t6,t8,t9,t10,t13,t16
t1,t3,t5,t8,t6,t9,t10,t13,t14,t15,t4,t7,t11,t7,t11,t7,t12,t16
t1,t3,t6,t5,t9,t8,t10,t13,t16
t1,t3,t5,t6,t8,t9,t10,t13,t14,t15,t4,t7,t11,t7,t11,t7,t12,t16
t1,t3,t6,t5,t9,t10,t8,t13,t14,t15,t4,t7,t12,t14,t15,t4,t7,t12,t16
t1,t2,t4,t7,t11,t7,t11,t7,t11,t7,t12,t16
t1,t2,t4,t7,t11,t7,t11,t7,t12,t16
t1,t2,t4,t7,t11,t7,t11,t7,t11,t7,t12,t16
t1,t2,t4,t7,t11,t7,t12,t16
t1,t2,t4,t7,t11,t7,t12,t14,t15,t4,t7,t12,t14,t15,t4,t7,t11,t7,t11,t7,t11,t7,t12,t16
t1,t3,t5,t8,t6,t9,t10,t13,t14,t15,t4,t7,t11,t7,t11,t7,t12,t16
t1,t2,t4,t7,t12,t14,t15,t4,t7,t12,t14,t15,t4,t7,t12,t14,t15,t4,t7,t11,t7,t12,t14,t15,t4,t7,t11,t7,t12,t14,t15,t4,t7,t11,t7,t12,t16
t1,t2,t4,t7,t12,t14,t15,t4,t7,t11,t7,t11,t7,t11,t7,t12,t16
t1,t3,t6,t5,t10,t8,t9,t13,t14,t15,t4,t7,t12,t14,t15,t4,t7,t11,t7,t11,t7,t12,t14,t15,t4,t7,t12,t14,t15,t4,t7,t12,t14,t15,t4,t7,t12,t14,t15,t4,t7,t12,t14,t15,t4,t7,t11,t7,t12,t14,t15,t4,t7,t11,t7,t12,t16
t1,t3,t5,t6,t10,t8,t9,t13,t14,t15,t4,t7,t12,t16
t1,t3,t5,t6,t10,t8,t9,t13,t14,t15,t4,t7,t12,t16
t1,t3,t5,t8,t6,t10,t9,t13,t14,t15,t4,t7,t12,t16
t1,t3,t6,t5,t10,t9,t8,t13,t14,t15,t4,t7,t11,t7,t11,t7,t11,t7,t11,t7,t11,t7,t11,t7,t11,t7,t12,t16
t1,t2,t4,t7,t12,t16
t1,t3,t5,t8,t6,t9,t10,t13,t16
t1,t2,t4,t7,t12,t14,t15,t4,t7,t11,t7,t12,t14,t15,t4,t7,t11,t7,t11,t7,t12,t14,t15,t4,t7,t12,t16
t1,t2,t4,t7,t12,t16
t1,t3,t5,t6,t8,t9,t10,t13,t16
t1,t2,t4,t7,t12,t16
t1,t3,t5,t8,t6,t10,t9,t13,t14,t15,t4,t7,t11,t7,t12,t14,t15,t4,t7,t11,t7,t11,t7,t12,t14,t15,t4,t7,t11,t7,t11,t7,t12,t14,t15,t4,t7,t12,t14,t15,t4,t7,t11,t7,t11,t7,t11,t7,t12,t14,t15,t4,t7,t12,t14,t15,t4,t7,t11,t7,t11,t7,t11,t7,t11,t7,t11,t7,t12,t16
t1,t2,t4,t7,t12,t14,t15,t4,t7,t12,t16
t1,t2,t4,t7,t12,t14,t15,t4,t7,t12,t16
t1,t2,t4,t7,t12,t14,t15,t4,t7,t12,t14,t15,t4,t7,t11,t7,t12,t14,t15,t4,t7,t11,t7,t11,t7,t12,t14,t15,t4,t7,t12,t16
t1,t3,t5,t6,t8,t10,t9,t13,t16
t1,t3,t5,t6,t10,t8,t9,t13,t14,t15,t4,t7,t11,t7,t12,t16
t1,t2,t4,t7,t11,t7,t11,t7,t12,t14,t15,t4,t7,t11,t7,t12,t16
t1,t2,t4,t7,t12,t16
t1,t3,t6,t9,t10,t5,t8,t13,t14,t15,t4,t7,t12,t14,t15,t4,t7,t12,t16
t1,t3,t6,t5,t10,t9,t8,t13,t16
t1,t2,t4,t7,t12,t14,t15,t4,t7,t11,t7,t12,t14,t15,t4,t7,t12,t14,t15,t4,t7,t12,t16
t1,t3,t5,t6,t8,t9,t10,t13,t16
t1,t2,t4,t7,t11,t7,t11,t7,t12,t14,t15,t4,t7,t11,t7,t11,t7,t12,t14,t15,t4,t7,t11,t7,t12,t16
t1,t3,t5,t6,t8,t10,t9,t13,t16
t1,t3,t5,t6,t8,t9,t10,t13,t16
t1,t2,t4,t7,t11,t7,t12,t16
t1,t2,t4,t7,t12,t14,t15,t4,t7,t12,t16
t1,t3,t6,t5,t8,t9,t10,t13,t14,t15,t4,t7,t12,t16
t1,t2,t4,t7,t11,t7,t12,t16
t1,t3,t6,t9,t5,t8,t10,t13,t16
t1,t2,t4,t7,t11,t7,t12,t16
t1,t3,t6,t9,t5,t8,t10,t13,t14,t15,t4,t7,t11,t7,t12,t16
t1,t2,t4,t7,t11,t7,t11,t7,t12,t14,t15,t4,t7,t12,t14,t15,t4,t7,t12,t14,t15,t4,t7,t12,t14,t15,t4,t7,t11,t7,t12,t16
t1,t2,t4,t7,t12,t16
t1,t3,t6,t5,t9,t8,t10,t13,t16
t1,t3,t5,t6,t8,t10,t9,t13,t16
t1,t3,t6,t5,t9,t8,t10,t13,t16
t1,t3,t6,t5,t9,t10,t8,t13,t16
t1,t2,t4,t7,t12,t14,t15,t4,t7,t11,t7,t12,t14,t15,t4,t7,t11,t7,t12,t16
t1,t2,t4,t7,t11,t7,t12,t16
t1,t3,t6,t5,t9,t8,t10,t13,t14,t15,t4,t7,t12,t16
t1,t2,t4,t7,t12,t14,t15,t4,t7,t11,t7,t12,t16
t1,t3,t5,t6,t8,t9,t10,t13,t14,t15,t4,t7,t11,t7,t11,t7,t12,t14,t15,t4,t7,t11,t7,t12,t16
t1,t3,t5,t8,t6,t9,t10,t13,t16
t1,t2,t4,t7,t11,t7,t11,t7,t12,t16
t1,t2,t4,t7,t11,t7,t11,t7,t12,t16
t1,t2,t4,t7,t12,t16
t1,t2,t4,t7,t11,t7,t11,t7,t12,t14,t15,t4,t7,t11,t7,t12,t16
t1,t3,t6,t5,t9,t8,t10,t13,t14,t15,t4,t7,t11,t7,t11,t7,t12,t16
t1,t2,t4,t7,t11,t7,t11,t7,t11,t7,t11,t7,t12,t14,t15,t4,t7,t12,t14,t15,t4,t7,t12,t16
t1,t3,t6,t5,t9,t8,t10,t13,t14,t15,t4,t7,t12,t14,t15,t4,t7,t12,t16
t1,t3,t6,t5,t9,t10,t8,t13,t14,t15,t4,t7,t12,t16
t1,t2,t4,t7,t12,t16
t1,t3,t6,t10,t9,t5,t8,t13,t16
t1,t3,t5,t6,t8,t9,t10,t13,t14,t15,t4,t7,t12,t16
t1,t2,t4,t7,t12,t16
t1,t3,t6,t9,t10,t5,t8,t13,t16
t1,t3,t6,t10,t9,t5,t8,t13,t14,t15,t4,t7,t11,t7,t11,t7,t12,t16
t1,t3,t5,t6,t8,t9,t10,t13,t14,t15,t4,t7,t12,t16
t1,t2,t4,t7,t12,t16
t1,t2,t4,t7,t11,t7,t12,t16
t1,t3,t6,t5,t9,t10,t8,t13,t14,t15,t4,t7,t12,t16
t1,t3,t5,t8,t6,t9,t10,t13,t16
t1,t2,t4,t7,t11,t7,t12,t14,t15,t4,t7,t12,t14,t15,t4,t7,t11,t7,t12,t14,t15,t4,t7,t11,t7,t12,t14,t15,t4,t7,t12,t14,t15,t4,t7,t11,t7,t11,t7,t11,t7,t12,t14,t15,t4,t7,t12,t16
t1,t2,t4,t7,t11,t7,t12,t14,t15,t4,t7,t12,t14,t15,t4,t7,t12,t16
t1,t2,t4,t7,t12,t16
t1,t2,t4,t7,t11,t7,t11,t7,t12,t16
t1,t3,t6,t10,t5,t9,t8,t13,t16
t1,t2,t4,t7,t12,t14,t15,t4,t7,t11,t7,t12,t16
t1,t2,t4,t7,t11,t7,t11,t7,t11,t7,t11,t7,t11,t7,t12,t16
t1,t2,t4,t7,t11,t7,t11,t7,t12,t16
t1,t3,t6,t5,t8,t9,t10,t13,t16
t1,t3,t6,t9,t5,t10,t8,t13,t16
t1,t2,t4,t7,t12,t16
t1,t2,t4,t7,t11,t7,t12,t14,t15,t4,t7,t11,t7,t12,t14,t15,t4,t7,t11,t7,t11,t7,t11,t7,t11,t7,t12,t14,t15,t4,t7,t12,t16
t1,t3,t6,t10,t9,t5,t8,t13,t16
t1,t3,t6,t5,t8,t10,t9,t13,t16
t1,t2,t4,t7,t11,t7,t11,t7,t12,t16
t1,t3,t5,t6,t9,t10,t8,t13,t14,t15,t4,t7,t11,t7,t12,t14,t15,t4,t7,t11,t7,t12,t16
t1,t2,t4,t7,t11,t7,t12,t16
t1,t2,t4,t7,t12,t16
t1,t3,t6,t5,t10,t9,t8,t13,t14,t15,t4,t7,t11,t7,t12,t16
t1,t3,t6,t5,t10,t9,t8,t13,t16
t1,t3,t6,t5,t8,t9,t10,t13,t14,t15,t4,t7,t12,t14,t15,t4,t7,t11,t7,t11,t7,t11,t7,t11,t7,t12,t16
t1,t3,t6,t5,t9,t10,t8,t13,t16
t1,t2,t4,t7,t11,t7,t12,t16
t1,t2,t4,t7,t11,t7,t11,t7,t12,t16
t1,t3,t5,t6,t8,t9,t10,t13,t16
t1,t2,t4,t7,t12,t16
t1,t3,t5,t8,t6,t10,t9,t13,t16
t1,t2,t4,t7,t11,t7,t12,t16
t1,t2,t4,t7,t12,t16
t1,t3,t5,t8,t6,t10,t9,t13,t16
t1,t2,t4,t7,t12,t16
t1,t3,t6,t10,t5,t9,t8,t13,t16
t1,t3,t5,t6,t8,t10,t9,t13,t14,t15,t4,t7,t12,t16
t1,t2,t4,t7,t12,t14,t15,t4,t7,t11,t7,t12,t14,t15,t4,t7,t12,t16
t1,t3,t5,t6,t8,t10,t9,t13,t14,t15,t4,t7,t12,t14,t15,t4,t7,t12,t14,t15,t4,t7,t11,t7,t12,t16
t1,t3,t5,t6,t8,t10,t9,t13,t16
t1,t2,t4,t7,t11,t7,t11,t7,t12,t14,t15,t4,t7,t11,t7,t11,t7,t11,t7,t12,t14,t15,t4,t7,t11,t7,t11,t7,t11,t7,t11,t7,t11,t7,t12,t16
t1,t2,t4,t7,t11,t7,t12,t16
t1,t2,t4,t7,t11,t7,t11,t7,t12,t14,t15,t4,t7,t11,t7,t12,t14,t15,t4,t7,t12,t14,t15,t4,t7,t11,t7,t11,t7,t12,t14,t15,t4,t7,t11,t7,t12,t16
t1,t2,t4,t7,t12,t16
t1,t3,t6,t9,t10,t5,t8,t13,t14,t15,t4,t7,t12,t14,t15,t4,t7,t11,t7,t12,t16
t1,t2,t4,t7,t12,t16
t1,t2,t4,t7,t11,t7,t11,t7,t12,t16
t1,t2,t4,t7,t12,t16
t1,t2,t4,t7,t11,t7,t12,t14,t15,t4,t7,t12,t16
t1,t3,t6,t10,t5,t8,t9,t13,t14,t15,t4,t7,t12,t16
t1,t3,t6,t5,t8,t10,t9,t13,t14,t15,t4,t7,t12,t16
t1,t2,t4,t7,t12,t16
t1,t2,t4,t7,t11,t7,t12,t14,t15,t4,t7,t12,t16
t1,t2,t4,t7,t12,t14,t15,t4,t7,t12,t16
t1,t2,t4,t7,t12,t16
t1,t3,t5,t8,t6,t9,t10,t13,t16
t1,t3,t6,t10,t9,t5,t8,t13,t16
t1,t2,t4,t7,t11,t7,t11,t7,t12,t16
t1,t3,t6,t9,t5,t8,t10,t13,t14,t15,t4,t7,t11,t7,t11,t7,t11,t7,t12,t14,t15,t4,t7,t11,t7,t12,t14,t15,t4,t7,t11,t7,t12,t14,t15,t4,t7,t12,t16
