	D/F-Table

A = t1
#A = 980
_____________________________________________________________
B	B<A	A>B	B<<<A	A>>>B	A→B
_____________________________________________________________
t1	0	0	0	0	0.0
t2	0	515	1	978	0.863705829773055
t3	1	462	2	978	0.867196332930605
t4	0	1	1	977	0.53377208163265
t6	0	0	1	468	0.242058283885714
t5	0	1	1	974	0.499111189361893
t10	0	0	1	971	0.292313745249176
t8	0	0	1	461	0.158944391836736
t11	1	0	1	301	0.0614831954534908
t12	0	0	1	461	0.0903644805730221
t9	0	0	0	974	0.216157580844774
t13	0	1	0	973	0.153412718879123
t15	0	0	0	969	0.102451389190481
t7	0	0	0	508	0.259742669844898
t14	0	0	0	187	0.0262412625224035
_____________________________________________________________

A = t2
#A = 989
_____________________________________________________________
B	B<A	A>B	B<<<A	A>>>B	A→B
_____________________________________________________________
t1	515	0	978	1	-0.855846019390894
t2	0	0	0	0	0.0
t3	317	392	470	517	0.0670089836198185
t4	0	230	3	984	0.771445904954491
t6	22	86	53	418	0.240049300060667
t5	54	167	117	866	0.476965239328613
t10	42	28	44	937	0.358972021806592
t8	0	0	0	468	0.237145561172902
t11	0	0	0	306	0.0942448195745365
t12	2	0	2	468	0.133299872986468
t9	1	0	2	981	0.317155002446635
t13	1	0	2	980	0.226792668502918
t15	0	1	1	977	0.155405122336776
t7	31	84	59	455	0.251146356481294
t14	0	0	0	188	0.0373887970993878
_____________________________________________________________

A = t3
#A = 992
_____________________________________________________________
B	B<A	A>B	B<<<A	A>>>B	A→B
_____________________________________________________________
t1	462	1	978	2	-0.85670605470967
t2	392	317	517	470	-0.0668063354838714
t3	0	0	0	0	0.0
t4	103	255	127	920	0.510374897135479
t6	1	86	1	471	0.345226387096775
t5	0	161	2	985	0.712554277347089
t10	0	0	1	983	0.418635817372903
t8	8	32	12	461	0.217091148387096
t11	0	4	1	304	0.0923917923447816
t12	4	4	5	465	0.128004288644129
t9	11	35	12	974	0.297579514179275
t13	1	7	1	984	0.226806538337622
t15	0	1	0	981	0.149908205969378
t7	0	89	0	517	0.374277225806452
t14	0	0	0	191	0.0428670086368644
_____________________________________________________________

A = t4
#A = 1932
_____________________________________________________________
B	B<A	A>B	B<<<A	A>>>B	A→B
_____________________________________________________________
t1	1	0	977	1	-0.270753954451344
t2	230	0	984	3	-0.394906832298132
t3	255	103	920	127	-0.262055847804552
t4	0	0	936	936	0.0
t6	90	105	334	251	-0.0165070318509316
t5	181	228	691	544	-0.0218494739080745
t10	207	126	560	785	0.0326442027991714
t8	1	608	935	937	0.141336646757762
t11	0	0	459	461	-0.0235057556935822
t12	861	0	935	934	-0.201319563554451
t9	0	647	0	991	0.463946169772254
t13	0	0	1	988	0.348524389233951
t15	0	0	1	984	0.249650227602813
t7	102	114	377	283	-0.0193369944513457
t14	0	0	0	191	0.0493614906832298
_____________________________________________________________

A = t6
#A = 475
_____________________________________________________________
B	B<A	A>B	B<<<A	A>>>B	A→B
_____________________________________________________________
t1	0	0	468	1	-0.499404459385262
t2	86	22	418	53	-0.499807911073684
t3	86	1	471	1	-0.720978054736843
t4	105	90	251	334	0.0671401800757892
t6	0	0	0	0	0.0
t5	109	122	224	248	0.0437551157894743
t10	0	127	1	472	0.748823578947369
t8	17	33	43	194	0.20230144
t11	7	6	11	141	0.126257411954284
t12	8	5	15	212	0.179256900985263
t9	33	42	66	405	0.247302543726632
t13	20	20	26	461	0.317824761718148
t15	0	0	0	470	0.274169383881184
t7	0	0	0	0	0.0
t14	3	7	4	89	0.0701210094919518
_____________________________________________________________

A = t5
#A = 991
_____________________________________________________________
B	B<A	A>B	B<<<A	A>>>B	A→B
_____________________________________________________________
t1	1	0	974	1	-0.493571105524374
t2	167	54	866	117	-0.476002645505548
t3	161	0	985	2	-0.713273302853998
t4	228	181	544	691	0.0425965525634711
t6	122	109	248	224	-0.0209724318869831
t5	0	0	0	0	0.0
t10	0	267	2	985	0.754687418768912
t8	63	72	113	411	0.180312298042381
t11	12	22	24	293	0.125147989756518
t12	15	20	32	455	0.191751494832694
t9	71	89	130	856	0.259711320508423
t13	27	42	45	969	0.332532119699638
t15	0	0	1	980	0.271425654647824
t7	109	128	246	272	0.0267547614934411
t14	14	7	16	180	0.0523875318023094
_____________________________________________________________

A = t10
#A = 990
_____________________________________________________________
B	B<A	A>B	B<<<A	A>>>B	A→B
_____________________________________________________________
t1	0	0	971	1	-0.28936108115575
t2	28	42	937	44	-0.358609423804767
t3	0	0	983	1	-0.419481546296889
t4	126	207	785	560	-0.0637056563717162
t6	127	0	472	1	-0.359284040404041
t5	267	0	985	2	-0.755449729292921
t10	0	0	0	0	0.0
t8	78	150	245	342	0.104896284444445
t11	22	82	58	278	0.158624297299265
t12	35	79	92	428	0.224109154262626
t9	83	143	284	700	0.160778914979364
t13	55	181	133	914	0.394164024427936
t15	0	68	1	979	0.451583495096412
t7	153	0	516	0	-0.398091328646465
t14	15	35	38	159	0.0555412968480513
_____________________________________________________________

A = t8
#A = 937
_____________________________________________________________
B	B<A	A>B	B<<<A	A>>>B	A→B
_____________________________________________________________
t1	0	0	461	1	-0.166238531483459
t2	0	0	468	0	-0.250306254002134
t3	32	8	461	12	-0.229833958591248
t4	608	1	937	935	-0.291421986697968
t6	33	17	194	43	-0.102554091782284
t5	72	63	411	113	-0.190703828559232
t10	150	78	342	245	-0.110829585485593
t8	0	0	465	465	0.0
t11	0	356	234	460	0.309048281750267
t12	0	379	467	933	0.389778012892206
t9	0	0	0	469	0.243936807451867
t13	0	0	0	468	0.194018827562348
t15	0	0	0	468	0.146819094545923
t7	42	35	221	64	-0.101523599709712
t14	0	0	0	68	0.0216006320276628
_____________________________________________________________

A = t11
#A = 941
_____________________________________________________________
B	B<A	A>B	B<<<A	A>>>B	A→B
_____________________________________________________________
t1	0	1	301	1	-0.0640313831502879
t2	0	0	306	0	-0.0990522067579347
t3	4	0	304	1	-0.097399211483553
t4	0	0	461	459	0.0482604888416588
t6	6	7	141	11	-0.0637324874370719
t5	22	12	293	24	-0.131797723537417
t10	82	22	278	58	-0.166884223513573
t8	356	0	460	234	-0.307734580233794
t11	460	460	631	631	0.0
t12	1	434	224	459	0.333564803400638
t9	0	0	0	307	0.172818753450945
t13	0	0	0	306	0.137428838254912
t15	0	0	0	306	0.10276730583142
t7	10	4	156	9	-0.0748186788318809
t14	0	0	0	52	0.0184836169795347
_____________________________________________________________

A = t12
#A = 937
_____________________________________________________________
B	B<A	A>B	B<<<A	A>>>B	A→B
_____________________________________________________________
t1	0	0	461	1	-0.0945114097775472
t2	0	2	468	2	-0.140697518018801
t3	4	4	465	5	-0.135517880827083
t4	0	861	934	935	0.415100743636285
t6	5	8	212	15	-0.0908719615453575
t5	20	15	455	32	-0.202802274684312
t10	79	35	428	92	-0.236785552529349
t8	379	0	933	467	-0.389778012892206
t11	434	1	459	224	-0.334988772678762
t12	0	0	465	465	0.0
t9	0	0	0	469	0.390059850586983
t13	0	0	0	468	0.310181293489858
t15	0	0	0	468	0.23433930076619
t7	15	10	243	18	-0.107229947355389
t14	0	0	0	68	0.0355621976520811
_____________________________________________________________

A = t9
#A = 994
_____________________________________________________________
B	B<A	A>B	B<<<A	A>>>B	A→B
_____________________________________________________________
t1	0	0	974	0	-0.21311310787513
t2	0	1	981	2	-0.315559655351833
t3	35	11	974	12	-0.296980762641691
t4	647	0	991	0	-0.901754527162973
t6	42	33	405	66	-0.118177774919668
t5	89	71	856	130	-0.258927483524997
t10	143	83	700	284	-0.160131917333571
t8	0	0	469	0	-0.229948479459154
t11	0	0	307	0	-0.163604071425895
t12	0	0	469	0	-0.367692233400405
t9	0	0	0	0	0.0
t13	0	761	1	991	0.935134325955731
t15	0	0	1	987	0.668419181199189
t7	38	31	454	63	-0.141279983837995
t14	0	2	0	192	0.133163138832998
_____________________________________________________________

A = t13
#A = 1210
_____________________________________________________________
B	B<A	A>B	B<<<A	A>>>B	A→B
_____________________________________________________________
t1	1	0	973	0	-0.124251623554992
t2	0	1	980	2	-0.185370205908584
t3	7	1	984	1	-0.185943872752827
t4	0	0	988	1	-0.556486876033052
t6	20	20	461	26	-0.124765918856298
t5	42	27	969	45	-0.27234655423334
t10	181	55	914	133	-0.322497838168311
t8	0	0	468	0	-0.150244331756959
t11	0	0	306	0	-0.106876476692457
t12	0	0	468	0	-0.240198241322311
t9	761	0	991	1	-0.768201256198344
t13	1	1	217	217	0.0
t15	0	919	1	988	0.800081020826445
t7	15	19	506	25	-0.134930154292209
t14	182	163	218	216	-0.00549421487603313
_____________________________________________________________

A = t15
#A = 989
_____________________________________________________________
B	B<A	A>B	B<<<A	A>>>B	A→B
_____________________________________________________________
t1	0	0	969	0	-0.101519071189759
t2	1	0	977	1	-0.155405122336776
t3	1	0	981	0	-0.150362932580003
t4	0	0	984	1	-0.487688816712472
t6	0	0	470	0	-0.13167892552433
t5	0	0	980	1	-0.271974543737101
t10	68	0	979	1	-0.4520401012593
t8	0	0	468	0	-0.139099587047047
t11	0	0	306	0	-0.0977796105028983
t12	0	0	468	0	-0.222018124183943
t9	0	0	987	1	-0.671798449051561
t13	919	0	988	1	-0.978865556319514
t15	0	0	0	0	0.0
t7	0	1	512	1	-0.140362915472795
t14	0	0	190	0	-0.146313447927199
_____________________________________________________________

A = t7
#A = 519
_____________________________________________________________
B	B<A	A>B	B<<<A	A>>>B	A→B
_____________________________________________________________
t1	0	0	508	0	-0.490458220516377
t2	84	31	455	59	-0.478581399922929
t3	89	0	517	0	-0.715381518304432
t4	114	102	283	377	0.0719828001541424
t6	0	0	0	0	0.0
t5	128	109	272	246	-0.0510866447784203
t10	0	153	0	516	0.759364962157997
t8	35	42	64	221	0.183290198319846
t11	4	10	9	156	0.135653905165318
t12	10	15	18	243	0.19359240977264
t9	31	38	63	454	0.270582473863134
t13	19	15	25	506	0.314577045652357
t15	1	0	1	512	0.267473840852783
t7	0	0	0	0	0.0
t14	4	4	5	95	0.0596172452218356
_____________________________________________________________

A = t14
#A = 218
_____________________________________________________________
B	B<A	A>B	B<<<A	A>>>B	A→B
_____________________________________________________________
t1	0	0	187	0	-0.117965308586951
t2	0	0	188	0	-0.169621652895847
t3	0	0	191	0	-0.195064553063163
t4	0	0	191	0	-0.437460550458716
t6	7	3	89	4	-0.152786603250812
t5	7	14	180	16	-0.238146990899489
t10	35	15	159	38	-0.252228825135646
t8	0	0	68	0	-0.0928430835317431
t11	0	0	52	0	-0.079784787053863
t12	0	0	68	0	-0.152852198165138
t9	2	0	192	0	-0.607175045871559
t13	163	182	216	218	0.0304954128440371
t15	0	0	0	190	0.663779816513761
t7	4	4	95	5	-0.141932799404278
t14	0	0	26	26	0.0
_____________________________________________________________


	D/F-Graph

[t1,t2]  	 → euristica 1
[t1,t3]  	 → euristica 1
[t2,t4]  	 → euristica 1
[t3,t6]  	 → euristica 1
[t3,t5]  	 → euristica 1
[t3,t11]  	 → euristica 1
[t3,t12]  	 → euristica 1
[t3,t13]  	 → euristica 1
[t3,t7]  	 → euristica 1
[t4,t8]  	 → euristica 1
[t4,t9]  	 → euristica 1
[t6,t10]  	 → euristica 1
[t6,t14]  	 → euristica 1
[t5,t10]  	 → euristica 1
[t10,t15]  	 → euristica 1
[t8,t11]  	 → euristica 1
[t8,t12]  	 → euristica 1
[t11,t11]  	 → euristica 2
[t11,t12]  	 → euristica 1
[t12,t4]  	 → euristica 1
[t9,t13]  	 → euristica 1
[t13,t15]  	 → euristica 1
[t7,t10]  	 → euristica 1
[t7,t11]  	 → euristica 1
[t7,t14]  	 → euristica 1


	WF-Net

Split:

t1	(t3) AND (t2)
t2	(t4)
t3	(t6 OR t7) AND (t12 OR t13) AND (t11) AND (t5)
t4	(t8 OR t9)
t6	(t14) AND (t10)
t5	(t10)
t10	(t15)
t8	(t12) AND (t11)
t11	(t12) AND (t11)
t12	(t4)
t9	(t13)
t13	(t15)
t15	()
t7	(t11 OR t14) AND (t10)
t14	()


Join:

t1	()
t2	(t1)
t3	(t1)
t4	(t2 OR t12)
t6	(t3)
t5	(t3)
t10	(t6 OR t7) AND (t5)
t8	(t4)
t11	(t7) AND (t11) AND (t8) AND (t3)
t12	(t11) AND (t8) AND (t3)
t9	(t4)
t13	(t9) AND (t3)
t15	(t13) AND (t10)
t7	(t3)
t14	(t6 OR t7)
