	D/F-Table

A = t1
#A = 981
_____________________________________________________________
B	B<A	A>B	B<<<A	A>>>B	A→B
_____________________________________________________________
t1	0	0	0	0	0.0
t2	1	465	2	980	0.865856337763418
t4	0	2	1	976	0.563782338674817
t3	2	512	3	981	0.875665094945344
t7	1	0	1	970	0.366361587025883
t5	0	0	1	742	0.28925091337988
t10	0	1	0	978	0.247242119953348
t8	0	1	0	732	0.184401888976539
t11	0	0	0	976	0.246887568028927
t16	0	0	0	956	0.0596812749507035
t6	0	0	1	747	0.296554049920011
t9	0	0	0	744	0.191652685826174
t14	0	0	0	632	0.0987245112939461
t15	0	0	0	631	0.0658390866928901
t12	0	0	0	635	0.100406158665355
t13	0	0	0	635	0.0664129468074946
_____________________________________________________________

A = t2
#A = 3704
_____________________________________________________________
B	B<A	A>B	B<<<A	A>>>B	A→B
_____________________________________________________________
t1	465	1	980	2	-0.229321022501596
t2	1	1	2707	2707	1.53464953727883e-17
t4	1	1118	2705	3687	0.718309752591768
t3	649	604	2888	2848	-0.0212598164648092
t7	0	1	2703	3679	0.387045098704248
t5	213	268	1365	1682	0.0454376670425045
t10	0	0	2706	3685	0.123404238476617
t8	181	188	1275	1700	0.0361014738464653
t11	414	364	2301	3214	0.0601523706722983
t16	0	0	0	972	0.0667635856802363
t6	214	287	1380	1676	0.0468608035718926
t9	177	211	1303	1715	0.0475925073491702
t14	291	366	2253	2376	0.0626337655485099
t15	260	293	2212	2437	0.0414390619507561
t12	1	1	2709	2704	-0.234616801202092
t13	833	1	2713	2704	-0.499658905904348
_____________________________________________________________

A = t4
#A = 3702
_____________________________________________________________
B	B<A	A>B	B<<<A	A>>>B	A→B
_____________________________________________________________
t1	2	0	976	1	-0.149397751010264
t2	1118	1	3687	2705	-0.718697818368425
t4	1	1	2707	2707	1.53547862941135e-17
t3	530	374	3144	2513	-0.11461472645463
t7	0	1146	2706	3686	0.718507368199063
t5	274	287	1513	1528	-0.00148350051079271
t10	2	2	2707	3687	0.387665920509124
t8	206	238	1354	1648	0.0362620262853569
t11	438	405	2386	3198	0.069465909769257
t16	0	1	1	969	0.100361381755794
t6	294	260	1534	1504	-0.0131367221390271
t9	214	275	1394	1653	0.0367181688637109
t14	317	417	2264	2314	0.0612450291023801
t15	301	292	2259	2377	0.0466525783961108
t12	1	0	2707	2710	-0.0209050765650792
t13	0	0	2708	2707	-0.24433638298141
_____________________________________________________________

A = t3
#A = 3736
_____________________________________________________________
B	B<A	A>B	B<<<A	A>>>B	A→B
_____________________________________________________________
t1	512	2	981	3	-0.229932403142768
t2	604	649	2848	2888	0.0210777195357744
t4	374	530	2513	3144	0.113571658815589
t3	1	1	2740	2740	0.0
t7	316	362	2382	3220	0.0811349105492522
t5	1	587	1352	1857	0.360046546606218
t10	436	324	2310	3244	0.0275715032812072
t8	1	0	1350	1845	0.191033295603043
t11	2	2	2739	3713	0.114834362290992
t16	0	2	0	971	0.0647852896756345
t6	1	583	1387	1870	0.359995926289024
t9	0	0	1388	1866	0.187731073647257
t14	0	0	2740	2739	-0.238281845015756
t15	891	0	2741	2738	-0.502234060477154
t12	323	403	2235	2384	0.0640215989052842
t13	269	291	2230	2462	0.0490036761545188
_____________________________________________________________

A = t7
#A = 3694
_____________________________________________________________
B	B<A	A>B	B<<<A	A>>>B	A→B
_____________________________________________________________
t1	0	1	970	1	-0.0972931014814269
t2	1	0	3679	2703	-0.388092865620069
t4	1146	0	3686	2706	-0.72006342097264
t3	362	316	3220	2382	-0.0820573973502994
t7	1	1	2705	2705	0.0
t5	265	190	1648	1364	-0.0473424912199312
t10	0	1136	2705	3686	0.720307469212468
t8	244	279	1505	1534	0.00794073092256342
t11	472	467	2587	3106	0.0468036561529135
t16	0	0	1	964	0.149126959429994
t6	254	215	1643	1356	-0.039256162282382
t9	241	263	1524	1521	-0.000223729253014242
t14	400	443	2289	2245	0.0118745877206272
t15	308	382	2269	2297	0.0567393928440931
t12	0	0	2707	2711	0.19217232602154
t13	0	0	2707	2707	-0.0282565063223278
_____________________________________________________________

A = t5
#A = 1867
_____________________________________________________________
B	B<A	A>B	B<<<A	A>>>B	A→B
_____________________________________________________________
t1	0	0	742	1	-0.15198454527352
t2	268	213	1682	1365	-0.0901452162428692
t4	287	274	1528	1513	0.00294157412477476
t3	587	1	1857	1352	-0.720478788495356
t7	190	265	1364	1648	0.0936706816102979
t5	1	1	1110	1110	0.0
t10	195	182	1298	1703	0.0619133974637946
t8	1	553	1104	1849	0.757726919565481
t11	0	0	1371	1855	0.37937454739708
t16	0	0	0	741	0.105559370171891
t6	0	0	666	650	-0.0017707681564377
t9	0	0	666	648	-0.0312551847011589
t14	0	0	1372	1355	-0.0288238934941603
t15	0	0	1370	1354	-0.248861208016675
t12	167	210	1216	1239	0.0383041119343708
t13	169	165	1205	1276	0.0437641756325485
_____________________________________________________________

A = t10
#A = 3701
_____________________________________________________________
B	B<A	A>B	B<<<A	A>>>B	A→B
_____________________________________________________________
t1	1	0	978	0	-0.0655348607603984
t2	0	0	3685	2706	-0.123504268932016
t4	2	2	3687	2707	-0.387770666772433
t3	324	436	3244	2310	-0.0278322443281789
t7	1136	0	3686	2705	-0.718945093561431
t5	182	195	1703	1298	-0.0312327244163482
t10	0	0	2704	2704	0.0
t8	257	223	1654	1391	-0.0329656260983743
t11	528	568	2893	2900	0.00255847037523967
t16	0	485	1	974	0.222961003723692
t6	205	179	1712	1274	-0.0374178891878126
t9	248	241	1642	1376	-0.0297055605189516
t14	404	345	2404	2235	-0.0502084111411189
t15	412	436	2316	2249	0.00939627136795435
t12	1	582	2706	2713	0.439753770079715
t13	0	2	2705	2710	0.185908002819028
_____________________________________________________________

A = t8
#A = 1852
_____________________________________________________________
B	B<A	A>B	B<<<A	A>>>B	A→B
_____________________________________________________________
t1	1	0	732	0	-0.0976772424870326
t2	188	181	1700	1275	-0.0722029476929307
t4	238	206	1648	1354	-0.0724848927151141
t3	0	1	1845	1350	-0.385367382490803
t7	279	244	1534	1505	-0.0158385853282663
t5	553	1	1849	1104	-0.763864016646195
t10	223	257	1391	1654	0.0658778521544726
t8	0	0	1105	1105	0.0
t11	0	559	1367	1849	0.717738413483567
t16	0	0	0	734	0.156915033045016
t6	0	0	662	648	0.0285737388824746
t9	0	0	662	646	-0.0010857690788976
t14	0	0	1367	1353	0.187468191352814
t15	0	1	1365	1352	-0.0304434949656544
t12	195	209	1264	1209	-0.00293002692560553
t13	175	193	1223	1243	0.036391557152536
_____________________________________________________________

A = t11
#A = 3734
_____________________________________________________________
B	B<A	A>B	B<<<A	A>>>B	A→B
_____________________________________________________________
t1	0	0	976	0	-0.0648625346107062
t2	364	414	3214	2301	-0.0596690897081395
t4	405	438	3198	2386	-0.0688705939919095
t3	2	2	3713	2739	-0.114895869715894
t7	467	472	3106	2587	-0.0463022779402417
t5	0	0	1855	1371	-0.18968727369854
t10	568	528	2900	2893	-0.00253585936228234
t8	559	0	1849	1367	-0.355985951197527
t11	1	1	2739	2739	-1.52231973381918e-17
t16	1	484	2	971	0.218093115060721
t6	2	2	1868	1374	-0.188689931419897
t9	609	1	1865	1373	-0.360357098815067
t14	0	621	2734	2743	0.445272370325886
t15	0	0	2734	2741	0.191257822952067
t12	392	357	2422	2244	-0.0380049899577483
t13	364	407	2369	2306	0.00560583371871951
_____________________________________________________________

A = t16
#A = 975
_____________________________________________________________
B	B<A	A>B	B<<<A	A>>>B	A→B
_____________________________________________________________
t1	0	0	956	0	-0.0600485443350156
t2	0	0	972	0	-0.253633150112405
t4	1	0	969	1	-0.38106444642046
t3	2	0	971	0	-0.248243940746841
t7	0	0	964	1	-0.564999987830151
t5	0	0	741	0	-0.202132660626586
t10	485	0	974	1	-0.846337102339879
t8	0	0	734	0	-0.298058093537814
t11	484	1	971	2	-0.835240709371006
t16	0	0	0	0	0.0
t6	2	0	737	0	-0.186099197617547
t9	0	1	733	2	-0.278620335812046
t14	0	0	628	0	-0.0710014379142965
t15	0	0	627	0	-0.108711452081047
t12	1	0	630	0	-0.0736383437521215
t13	0	0	630	0	-0.111286483168536
_____________________________________________________________

A = t6
#A = 1875
_____________________________________________________________
B	B<A	A>B	B<<<A	A>>>B	A→B
_____________________________________________________________
t1	0	0	747	1	-0.15515707891815
t2	287	214	1676	1380	-0.0925719554294882
t4	260	294	1504	1534	0.0259371441912952
t3	583	1	1870	1387	-0.71730388299509
t7	215	254	1356	1643	0.0773398738512635
t5	0	0	650	666	0.00176321287897024
t10	179	205	1274	1712	0.0738579242048503
t8	0	0	648	662	-0.0282232343521829
t11	2	2	1374	1868	0.375769708758345
t16	0	2	0	737	0.0967715827611246
t6	0	0	1117	1117	0.0
t9	0	514	1117	1870	0.755536175925241
t14	0	0	1371	1389	-0.0193156564406767
t15	0	0	1373	1388	-0.245454320287364
t12	192	198	1231	1283	0.0320310729728064
t13	156	190	1196	1314	0.0622400484219182
_____________________________________________________________

A = t9
#A = 1872
_____________________________________________________________
B	B<A	A>B	B<<<A	A>>>B	A→B
_____________________________________________________________
t1	0	0	744	0	-0.100433378630063
t2	211	177	1715	1303	-0.094168080780623
t4	275	214	1653	1394	-0.0726125326567617
t3	0	0	1866	1388	-0.374659877749013
t7	263	241	1521	1524	0.000441482831535582
t5	0	0	648	666	0.0311717039727904
t10	241	248	1376	1642	0.0587287817738461
t8	0	0	646	662	0.00107416898190083
t11	1	609	1373	1865	0.718789213127917
t16	1	0	2	733	0.145114758235441
t6	514	0	1870	1117	-0.756746971078968
t9	0	0	1117	1117	0.0
t14	0	0	1369	1390	0.204828647283964
t15	0	0	1371	1389	-0.0179561243114121
t12	185	202	1266	1236	0.00623231617440443
t13	181	179	1232	1278	0.0299407138866763
_____________________________________________________________

A = t14
#A = 2751
_____________________________________________________________
B	B<A	A>B	B<<<A	A>>>B	A→B
_____________________________________________________________
t1	0	0	632	0	-0.0352049238747223
t2	366	291	2376	2253	-0.0843313222797822
t4	417	317	2314	2264	-0.082416974822614
t3	0	0	2739	2740	0.323599045066835
t7	443	400	2245	2289	-0.0159450116466728
t5	0	0	1355	1372	0.0195616899867674
t10	345	404	2235	2404	0.067546830110244
t8	0	0	1353	1367	-0.126205412717344
t11	621	0	2743	2734	-0.604379146054837
t16	0	0	0	628	0.0251640865017954
t6	0	0	1389	1371	0.0131649784901014
t9	0	0	1390	1369	-0.139381762164879
t14	0	0	2107	2107	0.0
t15	0	826	2106	2747	0.706728682560477
t12	246	241	2186	2169	0.00484720174714637
t13	313	271	2042	2221	-0.0325195618175214
_____________________________________________________________

A = t15
#A = 2751
_____________________________________________________________
B	B<A	A>B	B<<<A	A>>>B	A→B
_____________________________________________________________
t1	0	0	631	0	-0.0234780603583152
t2	293	260	2437	2212	-0.0557943604018904
t4	292	301	2377	2259	-0.0627800237086158
t3	0	891	2738	2741	0.682059778241602
t7	382	308	2297	2269	-0.0761887739607706
t5	0	0	1354	1370	0.168892720962244
t10	436	412	2249	2316	-0.0126410760933474
t8	1	0	1352	1365	0.0204948573887284
t11	0	0	2741	2734	-0.25959894980117
t16	0	0	0	627	0.0385291405957908
t6	0	0	1388	1373	0.167294384056273
t9	0	0	1389	1371	0.0122187803384091
t14	826	0	2747	2106	-0.706728682560477
t15	0	0	2108	2108	0.0
t12	263	313	2234	2043	0.0498978642541622
t13	257	266	2169	2162	0.00465591671578367
_____________________________________________________________

A = t12
#A = 2720
_____________________________________________________________
B	B<A	A>B	B<<<A	A>>>B	A→B
_____________________________________________________________
t1	0	0	635	0	-0.0362126623715858
t2	1	1	2704	2709	0.319492879284025
t4	0	1	2710	2707	0.0284524240602659
t3	403	323	2384	2235	-0.0879355490846109
t7	0	0	2711	2707	-0.260986975118959
t5	210	167	1239	1216	-0.0262918297725994
t10	582	1	2713	2706	-0.59835614083273
t8	209	195	1209	1264	0.00199500362728729
t11	357	392	2244	2422	0.0521730266552325
t16	0	1	0	630	0.0263960974846759
t6	198	192	1283	1231	-0.0220802433176515
t9	202	185	1236	1266	-0.0042892999553254
t14	241	246	2169	2186	-0.00490244559058811
t15	313	263	2043	2234	-0.0504665531482353
t12	0	0	2073	2073	0.0
t13	1	753	2072	2715	0.703832041446649
_____________________________________________________________

A = t13
#A = 2721
_____________________________________________________________
B	B<A	A>B	B<<<A	A>>>B	A→B
_____________________________________________________________
t1	0	0	635	0	-0.023943807724422
t2	1	833	2704	2713	0.68016780134866
t4	0	0	2707	2708	0.33242678787107
t3	291	269	2462	2230	-0.0672832539923859
t7	0	0	2707	2707	0.0383607255989264
t5	165	169	1276	1205	-0.0300285615236927
t10	2	0	2710	2705	-0.252864946134958
t8	193	175	1243	1223	-0.0247692627146258
t11	407	364	2306	2369	-0.00769282730823168
t16	0	0	0	630	0.0398766339909307
t6	190	156	1314	1196	-0.0428886772477386
t9	179	181	1278	1232	-0.0205986829826747
t14	271	313	2221	2042	0.0328781016391038
t15	266	257	2162	2169	-0.00470724986590256
t12	753	1	2715	2072	-0.70357337476475
t13	1	1	2074	2074	0.0
_____________________________________________________________


	D/F-Graph

[t1,t2]  	 → euristica 1
[t1,t3]  	 → euristica 1
[t2,t4]  	 → euristica 1
[t4,t7]  	 → euristica 1
[t3,t5]  	 → euristica 1
[t3,t6]  	 → euristica 1
[t7,t10]  	 → euristica 1
[t5,t8]  	 → euristica 1
[t10,t16]  	 → euristica 1
[t10,t12]  	 → euristica 1
[t8,t11]  	 → euristica 1
[t11,t16]  	 → euristica 1
[t11,t14]  	 → euristica 1
[t6,t9]  	 → euristica 1
[t9,t11]  	 → euristica 1
[t14,t15]  	 → euristica 1
[t15,t3]  	 → euristica 1
[t12,t13]  	 → euristica 1
[t13,t2]  	 → euristica 1


	WF-Net

Split:

t1	(t3) AND (t2)
t2	(t4)
t4	(t7)
t3	(t5 OR t6)
t7	(t10)
t5	(t8)
t10	(t16 OR t12)
t8	(t11)
t11	(t16 OR t14)
t16	()
t6	(t9)
t9	(t11)
t14	(t15)
t15	(t3)
t12	(t13)
t13	(t2)


Join:

t1	()
t2	(t1 OR t13)
t4	(t2)
t3	(t1 OR t15)
t7	(t4)
t5	(t3)
t10	(t7)
t8	(t5)
t11	(t8 OR t9)
t16	(t11) AND (t10)
t6	(t3)
t9	(t6)
t14	(t11)
t15	(t14)
t12	(t10)
t13	(t12)
