	D/F-Table

A = t1
#A = 983
_____________________________________________________________
B	B<A	A>B	B<<<A	A>>>B	A→B
_____________________________________________________________
t1	0	0	0	0	0.0
t2	1	487	1	487	0.49440488301119
t4	0	0	1	737	0.429828128918011
t7	0	1	0	737	0.344560194194357
t12	0	0	0	734	0.203019343363272
t14	0	0	0	486	0.122295679044085
t15	0	0	0	485	0.097842059406388
t11	0	0	0	466	0.141141046730284
t16	0	0	0	970	0.150420023325719
t3	1	491	4	491	0.496488301119023
t5	0	0	2	492	0.349610579857579
t6	2	1	3	491	0.347206510681587
t9	0	0	3	491	0.211222136317395
t10	0	2	0	495	0.215195605289929
t8	1	1	1	493	0.220535015259409
t13	0	0	0	492	0.132657741607326
_____________________________________________________________

A = t2
#A = 491
_____________________________________________________________
B	B<A	A>B	B<<<A	A>>>B	A→B
_____________________________________________________________
t1	487	1	487	1	-0.989816700610998
t2	0	0	0	0	0.0
t4	1	490	1	490	0.995926680244399
t7	0	0	0	489	0.796741344195526
t12	0	0	0	486	0.469339591662306
t14	0	0	0	236	0.172165385497962
t15	0	0	0	235	0.137458952536862
t11	0	0	0	303	0.3247884494385
t16	0	0	0	483	0.227762461282045
t3	0	0	0	0	0.0
t5	0	0	0	0	0.0
t6	0	0	0	0	0.0
t9	0	0	0	0	0.0
t10	0	0	0	0	0.0
t8	0	0	0	0	0.0
t13	0	0	0	0	0.0
_____________________________________________________________

A = t4
#A = 1458
_____________________________________________________________
B	B<A	A>B	B<<<A	A>>>B	A→B
_____________________________________________________________
t1	0	0	737	1	-0.289794959345957
t2	490	1	490	1	-0.335390946502058
t4	0	0	706	706	0.0
t7	0	1453	709	1455	0.748186556927298
t12	0	1	709	1452	0.281874145575171
t14	1	0	961	707	-0.298624150472841
t15	962	0	962	705	-0.477675945892677
t11	0	0	348	689	0.279966137064474
t16	0	2	0	742	0.245253938702525
t3	0	0	251	0	-0.0288595732016459
t5	0	0	254	0	-0.043528849382716
t6	0	0	251	0	-0.042223523292181
t9	0	0	254	0	-0.0708309312263374
t10	0	0	254	0	-0.0723317640603566
t8	0	0	254	0	-0.0703989465020576
t13	0	0	255	0	-0.111846364883401
_____________________________________________________________

A = t7
#A = 2906
_____________________________________________________________
B	B<A	A>B	B<<<A	A>>>B	A→B
_____________________________________________________________
t1	1	0	737	0	-0.116552880555077
t2	0	0	489	0	-0.134618031658638
t4	1453	0	1455	709	-0.375380591878871
t7	3	3	2154	2154	0.0
t12	0	1456	710	1456	0.375752236751548
t14	1	1	963	711	-0.0164933241569147
t15	1	1	962	709	-0.108531314521679
t11	1442	1442	1443	1443	5.50584996559125e-05
t16	0	1	0	742	0.204335856847901
t3	0	0	252	0	-0.011723707526607
t5	0	0	255	0	-0.0176466482389538
t6	0	0	252	0	-0.0171665192346868
t9	0	0	255	0	-0.0287618933869236
t10	1	0	255	0	-0.0294782511218169
t8	0	0	255	0	-0.0285220999311769
t13	1	0	255	0	-0.0449969993117688
_____________________________________________________________

A = t12
#A = 1458
_____________________________________________________________
B	B<A	A>B	B<<<A	A>>>B	A→B
_____________________________________________________________
t1	0	0	734	0	-0.136877924915018
t2	0	0	486	0	-0.158056062761449
t4	1	0	1452	709	-0.281874145575171
t7	1456	0	1456	710	-0.748927297668038
t12	0	0	709	709	0.0
t14	0	710	961	710	0.234469121695316
t15	0	0	962	709	0.0734311934892418
t11	0	2	690	334	-0.283691632373116
t16	0	741	0	742	0.508581618655693
t3	0	0	252	0	-0.0138196344418565
t5	0	0	255	0	-0.0209378961596854
t6	0	0	252	0	-0.0201424394077957
t9	0	0	255	0	-0.0335810625821306
t10	0	0	255	0	-0.0343998197842184
t8	0	0	255	0	-0.0342539937349355
t13	1	0	255	0	-0.0531354968613199
_____________________________________________________________

A = t14
#A = 966
_____________________________________________________________
B	B<A	A>B	B<<<A	A>>>B	A→B
_____________________________________________________________
t1	0	0	486	0	-0.12444788043513
t2	0	0	236	0	-0.0875084930429601
t4	0	1	707	961	0.450718438291307
t7	1	1	711	963	0.049616563146992
t12	710	0	710	961	-0.353888177465601
t14	0	0	470	470	0.0
t15	0	962	471	962	0.807000368976213
t11	1	1	349	460	0.0130915113871647
t16	0	0	0	490	0.153715808920292
t3	0	0	252	0	-0.0681486693021945
t5	0	0	255	0	-0.102850366648447
t6	0	0	252	0	-0.0996301881242236
t9	0	0	255	0	-0.167125704347826
t10	0	0	255	0	-0.170851908902691
t8	0	0	255	0	-0.166328542608696
t13	254	0	256	0	-0.264107329192547
_____________________________________________________________

A = t15
#A = 964
_____________________________________________________________
B	B<A	A>B	B<<<A	A>>>B	A→B
_____________________________________________________________
t1	0	0	485	0	-0.0997704817390865
t2	0	0	235	0	-0.0700128067381735
t4	0	962	705	962	0.722460092439339
t7	1	1	709	962	0.327170124481328
t12	0	0	709	962	-0.111060871480617
t14	962	0	962	471	-0.808674643600645
t15	0	0	469	469	0.0
t11	1	0	348	458	0.118730290456429
t16	0	0	0	489	0.191935679063456
t3	0	0	252	0	-0.0547783063900414
t5	0	0	255	0	-0.0826338257261412
t6	0	0	252	0	-0.0800980448132781
t9	0	0	255	0	-0.134335033360996
t10	0	0	255	0	-0.137411452282158
t8	0	0	255	0	-0.133624564315353
t13	0	0	256	0	-0.212282157676349
_____________________________________________________________

A = t11
#A = 1446
_____________________________________________________________
B	B<A	A>B	B<<<A	A>>>B	A→B
_____________________________________________________________
t1	0	0	466	0	-0.0959485815600757
t2	0	0	303	0	-0.110284321351524
t4	0	0	689	348	-0.282289507496544
t7	1442	1442	1443	1443	-0.00011065006915635
t12	2	0	334	690	0.286045919778702
t14	1	1	460	349	-0.0087457814661142
t15	0	1	458	348	-0.0791535269709529
t11	1	1	971	971	0.0
t16	0	0	0	472	0.166748106781173
t3	0	0	164	0	-0.0100940058751955
t5	0	0	166	0	-0.0150456579599375
t6	0	0	164	0	-0.0148867975230761
t9	0	0	167	0	-0.0251639306715871
t10	0	0	166	0	-0.0258388507694253
t8	0	0	166	0	-0.023875081891476
t13	0	0	166	0	-0.038473362038697
_____________________________________________________________

A = t16
#A = 987
_____________________________________________________________
B	B<A	A>B	B<<<A	A>>>B	A→B
_____________________________________________________________
t1	0	0	970	0	-0.149810418367965
t2	0	0	483	0	-0.113304324710724
t4	2	0	742	0	-0.362290012794612
t7	1	0	742	0	-0.6016210739615
t12	741	0	742	0	-0.751278622087133
t14	0	0	490	0	-0.150445259794328
t15	0	0	489	0	-0.187463013796527
t11	0	0	472	0	-0.244293578931688
t16	0	0	0	0	0.0
t3	0	0	492	0	-0.0740140363934203
t5	0	0	494	0	-0.1086992864604
t6	0	0	492	0	-0.108249790990447
t9	0	0	496	0	-0.183404624910838
t10	0	0	496	0	-0.180768599945574
t8	0	0	495	0	-0.178608123303575
t13	243	0	496	0	-0.282959587242403
_____________________________________________________________

A = t3
#A = 497
_____________________________________________________________
B	B<A	A>B	B<<<A	A>>>B	A→B
_____________________________________________________________
t1	491	1	491	4	-0.981987927565392
t2	0	0	0	0	0.0
t4	0	0	0	251	0.0846624903983899
t7	0	0	0	252	0.0685494850549697
t12	0	0	0	252	0.0405413018435146
t14	0	0	0	252	0.132457976953561
t15	0	0	0	252	0.106250075171026
t11	0	0	0	164	0.0293680734316554
t16	0	0	0	492	0.146985621570032
t3	0	0	0	0	0.0
t5	0	256	0	496	0.873915492957748
t6	0	240	0	496	0.873400402414489
t9	3	0	3	493	0.522050060362173
t10	0	0	0	497	0.529461569416499
t8	0	0	0	496	0.548159356136822
t13	0	0	0	494	0.326064676056336
_____________________________________________________________

A = t5
#A = 499
_____________________________________________________________
B	B<A	A>B	B<<<A	A>>>B	A→B
_____________________________________________________________
t1	0	0	492	2	-0.688711823647295
t2	0	0	0	0	0.0
t4	0	0	0	254	0.127184493787575
t7	0	0	0	255	0.10276785527535
t12	0	0	0	255	0.0611772597210848
t14	0	0	0	255	0.199105118602004
t15	0	0	0	255	0.159637290581163
t11	0	0	0	166	0.0435992413027448
t16	0	0	0	494	0.215002396265361
t3	256	0	496	0	-0.870412825651304
t5	0	0	0	0	0.0
t6	174	188	240	255	0.0370340681362727
t9	36	93	51	446	0.542938677354708
t10	31	98	42	456	0.579639278557113
t8	0	120	0	498	0.787815631262526
t13	0	0	0	496	0.482603607214431
_____________________________________________________________

A = t6
#A = 497
_____________________________________________________________
B	B<A	A>B	B<<<A	A>>>B	A→B
_____________________________________________________________
t1	1	2	491	3	-0.686728370221328
t2	0	0	0	0	0.0
t4	0	0	0	251	0.123866995895372
t7	0	0	0	252	0.1003740541167
t12	0	0	0	252	0.0590898926691471
t14	0	0	0	252	0.19364740790342
t15	0	0	0	252	0.155361197585513
t11	0	0	0	164	0.0433124933971187
t16	0	0	0	492	0.214974937037367
t3	240	0	496	0	-0.873400402414489
t5	188	174	255	240	-0.0371830985915494
t6	0	0	0	0	0.0
t9	0	107	3	493	0.756780684104628
t10	0	103	0	497	0.765408450704225
t8	67	111	67	429	0.482317907444667
t13	0	0	0	494	0.476922334004026
_____________________________________________________________

A = t9
#A = 500
_____________________________________________________________
B	B<A	A>B	B<<<A	A>>>B	A→B
_____________________________________________________________
t1	0	0	491	3	-0.415262719999999
t2	0	0	0	0	0.0
t4	0	0	0	254	0.206542995456
t7	0	0	0	255	0.1671641243648
t12	0	0	0	255	0.0979223784894928
t14	0	0	0	255	0.3228868608
t15	0	0	0	255	0.25899794432
t11	0	0	0	167	0.0727740875022298
t16	0	0	0	496	0.362040729573994
t3	0	3	493	3	-0.51891776
t5	93	36	446	51	-0.541852799999999
t6	107	0	493	3	-0.75224
t9	0	0	0	0	0.0
t10	164	172	245	254	0.0154547200000001
t8	132	119	264	234	-0.0548614399999999
t13	0	170	0	498	0.799300864
_____________________________________________________________

A = t10
#A = 501
_____________________________________________________________
B	B<A	A>B	B<<<A	A>>>B	A→B
_____________________________________________________________
t1	2	0	495	0	-0.422230099800399
t2	0	0	0	0	0.0
t4	0	0	0	254	0.210498427145708
t7	0	1	0	255	0.170985624271457
t12	0	0	0	255	0.10010965518042
t14	0	0	0	255	0.329427033932135
t15	0	0	0	255	0.264400479041916
t11	0	0	0	166	0.074576802819539
t16	0	0	0	496	0.356124966359844
t3	0	0	497	0	-0.525234331337325
t5	98	31	456	42	-0.577325349301396
t6	103	0	497	0	-0.759297405189621
t9	172	164	254	245	-0.0154238722554891
t10	0	0	0	0	0.0
t8	125	149	257	242	-0.0121357285429146
t13	0	154	0	498	0.799457085828344
_____________________________________________________________

A = t8
#A = 500
_____________________________________________________________
B	B<A	A>B	B<<<A	A>>>B	A→B
_____________________________________________________________
t1	1	1	493	1	-0.433571839999999
t2	0	0	0	0	0.0
t4	0	0	0	254	0.205283328
t7	0	0	0	255	0.1657704448
t12	0	0	0	255	0.0998846457310719
t14	0	0	0	255	0.32134674432
t15	0	0	0	255	0.25762816
t11	0	0	0	166	0.0690467368301485
t16	0	0	0	495	0.352572435401257
t3	0	0	496	0	-0.544870400000001
t5	120	0	498	0	-0.786240000000001
t6	111	67	429	67	-0.479423999999999
t9	119	132	234	264	0.0548614399999999
t10	149	125	242	257	0.0121600000000004
t8	0	0	0	0	0.0
t13	0	175	0	497	0.785584
_____________________________________________________________

A = t13
#A = 499
_____________________________________________________________
B	B<A	A>B	B<<<A	A>>>B	A→B
_____________________________________________________________
t1	0	0	492	0	-0.261327775551105
t2	0	0	0	0	0.0
t4	0	0	0	255	0.326797595190379
t7	0	1	0	255	0.262046653306613
t12	0	1	0	255	0.155253616079768
t14	0	254	0	256	0.511277915831663
t15	0	0	0	256	0.410100200400803
t11	0	0	0	166	0.111487938893699
t16	0	243	0	496	0.559681588393291
t3	0	0	494	0	-0.324757803607212
t5	0	0	496	0	-0.482603607214431
t6	0	0	494	0	-0.475010821643288
t9	170	0	498	0	-0.800902669338677
t10	154	0	498	0	-0.802661322645291
t8	175	0	497	0	-0.787158316633266
t13	0	0	0	0	0.0
_____________________________________________________________


	D/F-Graph

[t1,t2]  	 → euristica 1
[t1,t3]  	 → euristica 1
[t2,t4]  	 → euristica 1
[t4,t7]  	 → euristica 1
[t7,t12]  	 → euristica 1
[t12,t14]  	 → euristica 1
[t12,t16]  	 → euristica 1
[t14,t15]  	 → euristica 1
[t15,t4]  	 → euristica 1
[t3,t5]  	 → euristica 1
[t3,t6]  	 → euristica 1
[t5,t8]  	 → euristica 1
[t6,t9]  	 → euristica 1
[t6,t10]  	 → euristica 1
[t9,t13]  	 → euristica 1
[t10,t13]  	 → euristica 1
[t8,t13]  	 → euristica 1
[t13,t14]  	 → euristica 1
[t13,t16]  	 → euristica 1


	WF-Net

Split:

t1	(t2 OR t3)
t2	(t4)
t4	(t7)
t7	(t12)
t12	(t14 OR t16)
t14	(t15)
t15	(t4)
t11	()
t16	()
t3	(t6) AND (t5)
t5	(t8)
t6	(t10) AND (t9)
t9	(t13)
t10	(t13)
t8	(t13)
t13	(t14 OR t16)


Join:

t1	()
t2	(t1)
t4	(t2 OR t15)
t7	(t4)
t12	(t7)
t14	(t12 OR t13)
t15	(t14)
t11	()
t16	(t12 OR t13)
t3	(t1)
t5	(t3)
t6	(t3)
t9	(t6)
t10	(t6)
t8	(t5)
t13	(t8) AND (t10) AND (t9)
