t1,t2,t4,t7,t12,t14,t15,t4,t7,t11,t7,t12,t14,t15,t4,t7,t11,t7,t12,t16
t1,t3,t5,t6,t9,t10,t8,t13,t16
t1,t2,t4,t7,t11,t7,t11,t7,t11,t7,t12,t16
t1,t3,t6,t5,t10,t8,t9,t13,t16
t1,t3,t6,t5,t9,t10,t8,t13,t14,t15,t4,t7,t11,t7,t12,t16
t1,t2,t4,t7,t12,t16
t1,t3,t6,t5,t10,t8,t9,t13,t16
t1,t3,t5,t6,t8,t10,t9,t13,t16
t1,t3,t5,t6,t8,t9,t10,t13,t16
t1,t3,t6,t5,t10,t9,t8,t13,t16
t1,t3,t6,t10,t5,t9,t8,t13,t16
t1,t2,t4,t7,t12,t16
t1,t2,t4,t7,t12,t16
t1,t2,t4,t7,t12,t16
t1,t3,t5,t6,t8,t10,t9,t13,t16
t1,t3,t6,t9,t5,t10,t8,t13,t14,t15,t4,t7,t11,t7,t11,t7,t12,t16
t1,t3,t6,t5,t8,t10,t9,t13,t16
t1,t2,t4,t7,t12,t14,t15,t4,t7,t12,t16
t1,t3,t6,t5,t9,t8,t10,t13,t14,t15,t4,t7,t11,t7,t11,t7,t12,t16
t1,t3,t6,t5,t10,t9,t8,t13,t14,t15,t4,t7,t12
t1,t3,t5,t6,t10,t9,t8,t13,t16
t1,t3,t6,t9,t5,t10,t8,t13,t14,t15,t4,t7,t11,t7,t11,t7,t12,t14,t15,t4,t7,t11,t7,t11,t7,t11,t7,t11,t7,t11,t7,t11,t7,t12,t16
t1,t3,t5,t6,t8,t10,t9,t13,t14,t15,t4,t7,t11,t7,t11,t7,t12,t16
t1,t2,t4,t7,t11,t7,t11,t7,t12,t14,t15,t4,t7,t11,t7,t12,t14,t15,t4,t7,t12,t16
t1,t3,t5,t6,t8,t10,t9,t13,t14,t15,t4,t7,t11,t7,t11,t7,t11,t7,t12,t14,t15,t4,t7,t11,t7,t11,t7,t12,t14,t15,t4,t7,t11,t7,t11,t7,t12,t14,t15,t4,t7,t12,t16
t1,t3,t5,t6,t10,t9,t8,t13,t16
t1,t2,t4,t7,t11,t7,t12,t14,t15,t4,t7,t11,t7,t12,t16
t1,t2,t4,t7,t12,t16
t1,t2,t4,t7,t12,t16
t1,t2,t4,t7,t11,t7,t11,t7,t11,t7,t12,t14,t15,t4,t7,t12,t14,t15,t4,t7,t11,t7,t11,t7,t12,t14,t15,t4,t7,t11,t7,t12,t14,t15,t4,t7,t12,t14,t15,t4,t7,t11,t7,t11,t7,t11,t7,t12,t16
t1,t3,t5,t8,t6,t10,t9,t13,t16
t1,t3,t5,t6,t8,t10,t9,t13,t14,t15,t4,t7,t11,t7,t12,t16
t1,t3,t5,t6,t9,t8,t10,t13,t16
t1,t3,t5,t6,t8,t10,t9,t13,t16
t1,t3,t6,t5,t9,t8,t10,t13,t16
t1,t2,t4,t7,t12,t16
t1,t3,t6,t5,t10,t8,t9,t13,t14,t15,t4,t7,t12,t14,t15,t4,t7,t11,t7,t12,t16
t1,t3,t6,t10,t5,t8,t9,t13,t16
t1,t2,t4,t7,t12,t16
t1,t2,t4,t7,t12
t1,t3,t6,t5,t9,t8,t10,t13,t16
t1,t2,t4,t7,t11,t7,t11,t7,t11,t7,t11,t7,t11,t7,t11,t7,t12,t16
t1,t3,t6,t9,t10,t5,t8,t13,t16
t1,t3,t6,t5,t10,t8,t9,t13,t14,t15,t4,t7,t11,t7,t12,t14,t15,t4,t7,t11,t7,t11,t7,t11,t7,t11,t7,t11,t7,t12,t14,t15,t4,t7,t11,t7,t11,t7,t12,t14,t15,t4,t7,t12,t14,t15,t4,t7,t12,t14,t15,t4,t7,t12,t16
t1,t3,t5,t6,t8,t10,t9,t13,t16
t1,t2,t4,t7,t11,t7,t11,t7,t11,t7,t11,t7,t11,t7,t12,t14,t15,t4,t7,t12,t14,t15,t4,t7,t11,t7,t11,t7,t12,t16
t1,t3,t5,t6,t9,t8,t10,t13,t16
t1,t3,t6,t5,t9,t8,t10,t13,t14,t15,t4,t7,t12,t14,t15,t4,t7,t12,t14,t15,t4,t7,t12,t16
t1,t2,t4,t7,t12,t14,t15,t4,t7,t11,t7,t12,t16
t1,t3,t5,t6,t8,t9,t10,t13,t14,t15,t4,t7,t12,t16
t1,t3,t5,t6,t9,t10,t8,t13,t14,t15,t4,t7,t12,t14,t15,t4,t7,t11,t7,t12,t14,t15,t4,t7,t12,t14,t15,t4,t7,t11,t7,t11,t7,t12,t16
t1,t2,t4,t7,t11,t7,t12,t14,t15,t4,t7,t12,t14,t15,t4,t7,t12,t16
t1,t3,t5,t6,t9,t8,t10,t13,t14,t15,t4,t7,t11,t7,t12,t14,t15,t4,t7,t11,t7,t11,t7,t12,t16
t1,t2,t4,t7,t12,t14,t15,t4,t7,t12,t14,t15,t4,t7,t12,t16
t1,t2,t4,t7,t11,t7,t12,t14,t15,t4,t7,t12,t14,t15,t4,t7,t12,t16
t1,t2,t4,t7,t12,t16
t1,t3,t6,t5,t10,t8,t9,t13,t16
t1,t2,t4,t7,t11,t7,t12,t14,t15,t4,t7,t12,t14,t15,t4,t7,t12,t14,t15,t4,t7,t12,t14,t15,t4,t7,t12,t14,t15,t4,t7,t12,t14,t15,t4,t7,t12,t16
t1,t3,t5,t8,t6,t10,t9,t13,t14,t15,t4,t7,t12,t16
t1,t2,t4,t16
t1,t2,t4,t7,t12,t14,t15,t4,t7,t11,t7,t12,t14,t15,t4,t7,t12,t16
t1,t3,t5,t6,t8,t9,t10,t13,t16
t1,t2,t4,t7,t11,t7,t11,t7,t12,t14,t15,t4,t7,t12,t16
t1,t3,t5,t6,t10,t8,t9,t13,t16
t1,t3,t6,t5,t10,t8,t9,t13,t14,t15,t4,t7,t11,t7,t11,t7,t12,t16
t1,t2,t4,t7,t11,t7,t12,t14,t15,t4,t7,t11,t7,t11,t7,t11,t7,t12,t16
t1,t2,t4,t7,t11,t7,t12,t16
t1,t2,t4,t7,t11,t7,t12,t16
t1,t3,t5,t6,t8,t10,t9,t13,t14,t15,t4,t7,t11,t7,t12,t14,t15,t4,t7,t12,t14,t15,t4,t7,t11,t7,t11,t7,t12,t16
t1,t3,t5,t8,t6,t10,t9,t13,t16
t1,t3,t5,t6,t10,t8,t9,t13,t14,t15,t4,t7,t12,t14,t15,t4,t7,t11,t7,t12,t14,t15,t4,t7,t11,t7,t11,t7,t11,t7,t11,t7,t11,t7,t11,t7,t11,t7,t11,t7,t12,t16
t1,t3,t6,t5,t10,t8,t9,t13,t14,t15,t4,t7,t11,t7,t11,t7,t11,t7,t12,t16
t1,t2,t4,t7,t12,t16
t1,t3,t5,t6,t10,t8,t9,t13,t16
t1,t3,t5,t6,t8,t9,t10,t13,t14,t15,t4,t7,t11,t7,t11,t7,t11,t7,t12,t16
t1,t3,t5,t8,t6,t9,t10,t13,t14,t15,t4,t7,t11,t7,t11,t7,t11,t7,t11,t7,t11,t7,t11,t7,t12,t16
t1,t2,t4,t7,t12,t16
t1,t2,t4,t7,t11,t7,t11,t7,t12,t16
t1,t3,t5,t6,t8,t9,t10,t13,t14,t15,t4,t7,t11,t7,t11,t7,t12,t16
t1,t3,t6,t5,t9,t8,t10
t1,t2,t4,t7,t12,t14,t15,t4,t7,t12,t16
t1,t2,t4,t7,t12,t16
t1,t2,t4,t7,t12,t16
t1,t3,t6,t5,t9,t8,t10,t13,t14,t15,t4,t7,t12,t14,t15,t4,t7,t11,t7,t12,t16
t1,t2,t4,t7,t11,t7,t11,t7,t12,t14,t15,t4,t7,t11,t7,t11,t7,t12,t16
t1,t3,t5,t8,t6,t9,t10,t13,t16
t1,t2,t4,t7,t12,t16
t1,t3,t5,t8,t6,t10,t9,t13,t14,t15,t4,t7,t12,t14,t15,t4,t7,t12,t16
t1,t2,t4,t7,t12,t14,t15,t4,t7,t11,t7,t11,t7,t12,t14,t15,t4,t7,t12,t16
t1,t3,t5,t6,t9,t8,t10,t13,t14,t15,t4,t7,t12,t14,t15,t4,t7,t12,t14,t15,t4,t7,t12,t16
t1,t3,t6,t5,t9,t8,t10,t13,t14,t15,t4,t7,t11,t7,t11,t7,t12,t16
t1,t3,t5,t6,t8,t9,t10,t13,t16
t1,t2,t4,t7,t11,t7,t11,t7,t11,t7,t11,t7,t12,t14,t15,t4,t7,t11,t7,t11,t7,t11,t7,t11,t7,t11,t7,t11,t7,t11,t7,t12,t16
t1,t2,t4,t7,t12,t14,t15,t4,t7,t11,t7,t12,t16
t1,t2,t4,t7,t12,t14,t15,t4,t7,t12,t14,t15,t4,t7,t11,t7,t11,t7,t12,t14,t15,t4,t7,t12,t14,t15,t4,t7,t12,t16
t1,t2,t4,t7,t12,t14,t15,t4,t7,t12,t16
t1,t2,t4,t7,t11,t7,t12,t16
t1,t2,t4,t7,t11,t7,t11,t7,t12,t16
t1,t3,t6,t5,t9,t8,t10,t13,t16
t4,t2,t1,t7,t12,t16
t1,t3,t6,t10,t5,t9,t8,t13,t14,t15,t4,t7,t12,t16
t1,t3,t6,t10,t9,t5,t8,t13,t14,t15,t4,t7,t11,t7,t12,t16
t1,t3,t5,t6,t10,t9,t8,t13,t16
t1,t3,t5,t6,t9,t10,t8,t13,t14,t15,t4,t7,t12,t16
t1,t3,t6,t5,t9,t10,t8,t13,t14,t15,t4,t7,t12,t16
t1,t3,t6,t5,t9,t8,t10,t13,t14,t15,t4,t7,t11,t7,t12,t14,t15,t4,t7,t11,t7,t12,t14,t15,t4,t7,t12,t16
t1,t3,t6,t5,t8,t10,t9,t13,t14,t15,t4,t7,t11,t7,t12,t16
t1,t3,t5,t8,t6,t9,t10,t13,t14,t15,t4,t7,t11,t7,t12,t16
t1,t2,t4,t7,t12,t14,t15,t4,t7,t12,t14,t15,t4,t7,t12,t14,t15,t4,t7,t12,t16
t1,t3,t5,t8,t6,t10,t9,t13,t16
t1,t2,t4,t7,t12,t16
t1,t2,t4,t7,t12,t16
t1,t2,t4,t7,t12,t16
t1,t3,t5,t8,t6,t10,t9,t13,t16
t1,t2,t4,t7,t12,t14,t15,t4,t7,t11,t7,t12,t14,t15,t4,t7,t11,t7,t11,t7,t12,t16
t1,t2,t4,t7,t12,t16
t1,t3,t6,t5,t9,t10,t8,t13,t16
t1,t3,t6,t10,t5,t9,t8,t13,t16
t1,t2,t4,t7,t11,t7,t12,t16
t2,t4,t7,t12,t16
t1,t2,t4,t7,t11,t7,t11,t7,t12,t14,t15,t4,t7,t12,t14,t15,t4,t7,t11,t7,t11,t7,t12,t14,t15,t4,t7,t12,t16
t1,t3,t5,t6,t8,t9,t10,t13,t16
t1,t2,t4,t7,t12,t14,t15,t4,t7,t11,t7,t12,t14,t15,t4,t7,t12,t14,t15,t4,t7,t12,t14,t15,t4,t7,t12,t14,t15,t4,t7,t12,t16
t1,t2,t4,t7,t12,t16
t1,t3,t6,t5,t9,t10,t8,t13,t16
t1,t2,t4,t7,t11,t7,t11,t7,t11,t7,t12,t14,t15,t4,t7,t12,t16
t1,t2,t4,t7,t12,t14,t15,t4,t7,t11,t7,t11,t7,t11,t7,t11,t7,t12,t16
t1,t3,t6,t9,t5,t10,t8,t13,t14,t15,t4,t7,t12,t14,t15,t4,t7,t11,t7,t12,t14,t15,t4,t7,t11,t7,t11,t7,t11,t7,t12,t14,t15,t4,t7,t12,t16
t1,t3,t6,t5,t10,t9,t8,t13,t14,t15,t4,t7,t11,t7,t11,t7,t12,t16
t1,t3,t5,t6,t9,t10,t8,t13,t14,t15,t4,t7,t11,t7,t12,t14,t15,t4,t7,t12,t14,t15,t4,t7,t11,t7,t11,t7,t12,t16
t1,t2,t4,t7,t12,t14,t15,t4,t7,t11,t7,t12,t14,t15,t4,t7,t11,t7,t12,t14,t15,t4,t7,t12,t16
t1,t3,t6,t5,t9,t10,t8,t13,t16
t1,t3,t5,t6,t10,t9,t8,t13,t14,t15,t4,t7,t12,t14,t15,t4,t7,t11,t7,t12,t14,t15,t4,t7,t12,t16
t1,t3,t6,t10,t5,t9,t8,t13,t14,t15,t4,t7,t12,t14,t15,t4,t7,t11,t7,t11,t7,t11,t7,t12,t16
t1,t2,t4,t7,t12,t14,t15,t4,t7,t11,t7,t11,t7,t12,t16
t1,t3,t5,t8,t6,t10,t9,t13,t14,t15,t4,t7,t11,t7,t11,t7,t11,t7,t12,t14,t15,t4,t7,t11,t7,t12,t14,t15,t4,t7,t12,t16
t1,t3,t5,t6,t9,t8,t10,t13,t14,t15,t4,t7,t12,t16
t1,t3,t5,t6,t8,t9,t10,t13,t16
t1,t2,t4,t7,t11,t7,t12,t14,t15,t4,t7,t12,t16
t9,t10,t13,t14,t15,t4,t7,t11,t7,t12,t16
t1,t3,t5,t6,t9,t8,t10,t13,t16
t1,t3,t6,t5,t9,t10,t8,t13,t14,t15,t4,t7,t11,t7,t12,t14,t15,t4,t7,t11,t7,t11,t7,t12,t16
t1,t2,t4,t7,t12,t16
t1,t3,t6,t9,t5,t10,t8,t13,t14,t15,t4,t7,t11,t7,t12,t16
t1,t2,t4,t7,t12,t16
t1,t3,t5,t6,t10,t8,t9,t13,t14,t15,t4,t7,t11,t7,t11,t7,t12,t16
t1,t2,t4,t7,t12,t14,t15,t4,t7,t12,t14,t15,t4,t7,t11,t7,t11,t7,t11,t7,t11,t7,t12,t16
t1,t3,t5,t6,t8,t9,t10,t13,t14,t15,t4,t7,t12,t16
t1,t2,t4,t7,t12,t16
t1,t2,t4,t7,t12,t16
t1,t2,t4,t7,t12,t16
t1,t2,t4,t7,t12,t14,t15,t4,t7,t12,t14,t15,t4,t7,t11,t7,t12,t14,t15,t4,t7,t11,t7,t11,t7,t11,t7,t12,t16
t1,t3,t5,t6,t8,t9,t10,t13,t14,t15,t4,t7,t12,t14,t15,t4,t7,t12,t14,t15,t4,t7,t11,t7,t11,t7,t12,t16
t1,t2,t4,t7,t11,t7,t12,t16
t1,t3,t6,t9,t5,t10,t8,t13,t14,t15,t4,t7,t11,t7,t12,t16
t1,t3,t6,t5,t9,t8,t10,t13,t14,t15,t4,t7,t12,t16
t1,t3,t6,t5,t10,t8,t9,t13,t14,t15,t4,t7,t11,t7,t11,t7,t11,t7,t12,t14,t15,t4,t7,t12,t14,t15,t4,t7,t12,t16
t1,t2,t4,t7,t12,t16
t1,t3,t5,t6,t8,t9,t10,t13,t16
t1,t2,t4,t7,t12,t14,t4,t7,t11,t7,t12,t16
t1,t3,t6,t5,t10,t9,t8,t13,t16
t1,t3,t6,t5,t10,t9,t8,t13,t16
t1,t2,t4,t7,t11,t7,t11,t7,t11,t7,t12,t16
t1,t3,t5,t6,t9,t8,t10,t13,t16
t1,t3,t6,t5,t9,t10,t8,t13,t14,t15,t4,t7,t12,t16
t1,t2,t4,t7,t12,t16
t1,t3,t6,t5,t10,t8,t9,t13,t14,t15,t4,t7,t12,t14,t15,t4,t7,t12,t14,t15,t4,t7,t12,t16
t1,t2,t4,t7,t11,t7,t12,t14,t15,t4,t7,t12,t14,t15,t4,t7,t11,t7,t11,t7,t12,t16
t1,t3,t5,t6,t8,t9,t10,t13,t14,t15,t4,t7,t12,t16
t1,t3,t5,t8,t6,t10,t9,t13,t16
t1,t3,t6,t5,t9,t8,t10,t13,t14,t15,t4,t7,t12,t16
t1,t3,t6,t5,t10,t9,t8,t13,t16
t1,t2,t4,t7,t11,t7,t11,t7,t12,t14,t15,t4,t7,t11,t7,t12,t16
t1,t3,t5,t8,t6,t10,t9,t13,t14,t15,t4,t7,t11,t7,t12,t16
t1,t3,t6,t5,t9,t8,t10,t13,t14,t15,t4,t7,t12,t16
t1,t3,t5,t6,t8,t10,t9,t13,t14,t15,t4,t7,t11,t7,t12,t16
t1,t2,t4,t7,t11,t7,t11,t7,t12,t16
t1,t2,t4,t7,t11,t7,t12,t14,t15,t4,t7,t11,t7,t11,t7,t11,t7,t12,t14,t15,t4,t7,t12,t14,t15,t4,t7,t11,t7,t11,t7,t11,t7,t12,t16
t1,t2,t4,t7,t12,t16
t1,t3,t5,t8,t6,t10,t9,t13,t14,t15,t4,t7,t11,t7,t12,t14,t15,t7,t12,t14,t15,t4,t7,t11,t7,t11,t7,t12,t14,t15,t4,t7,t12,t16
t1,t2,t4,t7,t11,t7,t12,t14,t15,t4,t7,t12,t14,t15,t4,t7,t11,t7,t11,t7,t12,t14,t15,t4,t7,t12,t16
t1,t2,t4,t7,t12,t14,t15,t4,t7,t11,t7,t12,t14,t15,t4,t7,t11,t7,t11,t7,t11,t7,t11,t7,t11,t7,t12,t16
t1,t2,t4,t7,t12,t14,t15,t4,t7,t12,t16
t1,t3,t6,t10,t5,t8,t9,t13,t16
t1,t2,t4,t7,t11,t7,t11,t7,t11,t7,t11,t7,t12,t14,t15,t4,t7,t12,t14,t15,t4,t7,t12,t14,t15,t4,t7,t12,t14,t15,t4,t7,t11,t7,t11,t7,t12,t14,t15,t4,t7,t11,t7,t11,t7,t12,t14,t15,t4,t7,t12,t16
t1,t2,t4,t7,t11,t7,t12,t14,t15,t4,t7,t11,t7,t11,t7,t11,t7,t12,t14,t15,t4,t7,t12,t16
t1,t2,t4,t7,t12,t14,t15,t4,t7,t12,t16
t1,t2,t4,t7,t12,t14,t15,t4,t7,t12,t14,t15,t4,t7,t11,t7,t11,t7,t12,t14,t15,t4,t7,t11,t7,t11,t7,t11,t7,t12,t16
t1,t3,t5,t6,t10,t8,t9,t13,t16
t1,t2,t4,t7,t11,t7,t11,t7,t12,t16
t1,t3,t6,t10,t5,t8,t9,t13,t14,t15,t4,t7,t12,t16
t1,t3,t6,t10,t5,t9,t8,t13,t14,t15,t4,t7,t12,t14,t15,t4,t7,t11,t7,t12,t16
t1,t3,t5,t6,t9,t10,t8,t13,t14,t15,t4,t7,t12,t14,t15,t4,t7,t12,t14,t15,t4,t7,t12,t16
t1,t2,t4,t7,t12,t14,t15,t4,t7,t11,t7,t11,t7,t11,t7,t11,t7,t11,t7,t12,t14,t15,t4,t7,t12,t14,t15,t4,t7,t11,t7,t12,t16
t1,t3,t5,t6,t10,t8,t9,t13,t14,t15,t4,t7,t12,t16
t1,t2,t4,t7,t11,t7,t12,t16
t1,t3,t6,t5,t9,t10,t8,t13,t16
t1,t3,t6,t5,t10,t9,t8,t13,t16
t1,t2,t4,t7,t12,t14,t15,t4,t7,t11,t7,t12,t14,t15,t4,t7,t12,t16
t1,t3,t5,t6,t10,t8,t9,t13,t14,t15,t4,t12,t11,t7,t7,t16
t1,t3,t5,t6,t9,t10,t8,t13,t16
t1,t2,t4,t7,t11,t7,t11,t7,t11,t7,t11,t7,t11,t7,t12,t14,t15,t4,t7,t11,t7,t11,t7,t11,t7,t12,t14,t15,t4,t7,t12,t16
t1,t3,t5,t6,t8,t10,t9,t13,t14,t15,t4,t7,t11,t7,t12,t16
t1,t2,t4,t7,t11,t7,t11,t7,t11,t7,t12,t14,t15,t4,t7,t12,t16
t1,t3,t6,t9,t5,t10,t8,t13,t16
t1,t2,t4,t7,t12,t16
t1,t2,t4,t7,t12,t14,t15,t4,t7,t11,t7,t12,t14,t15,t4,t7,t11,t7,t11,t7,t11,t7,t12,t14,t15,t4,t7,t11,t7,t12,t16
t1,t2,t4,t7,t11,t7,t12,t16
t1,t2,t4,t7,t12,t14,t15,t4,t7,t12,t16
t1,t2,t4,t7,t11,t7,t11,t7,t11,t7,t12,t16
t1,t3,t6,t5,t9,t10,t8,t13,t16
t1,t3,t6,t5,t9,t8,t10,t13,t14,t15,t4,t7,t11,t7,t12,t14,t15,t4,t7,t12,t14,t15,t4,t7,t12,t14,t15,t4,t7,t12,t16
t1,t3,t6,t5,t8,t10,t9,t13,t14,t15,t4,t7,t11,t7,t11,t7,t11,t7,t11,t7,t11,t7,t12,t16
t1,t2,t4,t7,t11,t7,t12,t14,t15,t4,t7,t11,t7,t12,t14,t15,t4,t7,t12,t14,t15,t4,t7,t11,t7,t11,t7,t11,t7,t11,t7,t11,t7,t11,t7,t12,t16
t1,t2,t4,t7,t11,t7,t12,t14,t15,t4,t7,t11,t7,t11,t7,t11,t7,t12,t14,t15,t4,t7,t12,t14,t15,t4,t7,t12,t14,t15,t4,t7,t11,t7,t11,t7,t12,t14,t15,t4,t7,t11,t7,t12,t14,t15,t4,t7,t11,t7,t12,t14,t15,t4,t7,t12,t14,t15,t4,t7,t12,t14,t15,t4,t7,t11,t7,t11,t7,t11,t7,t12,t16
t1,t2,t4,t7,t12,t16
t1,t2,t4,t7,t12,t14,t15,t4,t7,t11,t7,t11,t7,t11,t7,t11,t7,t12,t16
t1,t2,t4,t7,t11,t7,t11,t7,t12,t14,t15,t4,t7,t12,t16
t1,t2,t4,t7,t11,t7,t11,t7,t11,t7,t12,t14,t15,t4,t7,t12,t16
t1,t2,t4,t7
t1,t3,t6,t5,t9,t10,t8,t13,t14,t15,t4,t7,t11,t7,t12,t14,t15,t4,t7,t12,t14,t15,t4,t7,t11,t7,t12,t14,t15,t4,t7,t11,t7,t12,t14,t15,t4,t7,t12,t16
t1,t2,t4,t7,t12,t14,t15,t4,t7,t12,t16
t1,t3,t6,t9,t10,t5,t8,t13,t16
t1,t3,t5,t6,t8,t10,t9,t13,t16
t1,t2,t4,t7,t12,t16
t1,t2,t4,t7,t11,t7,t12,t14,t15,t4,t7,t12,t16
t1,t2,t4,t7,t11,t7,t11,t7,t12,t16
t1,t2,t4,t7,t12,t16
t1,t2,t4,t7,t12,t16
t1,t3,t6,t9,t5,t10,t8,t13,t14,t15,t4,t7,t11,t7,t11,t7,t11,t7,t12,t16
t1,t3,t6,t5,t10,t9,t8,t13,t14,t15,t4,t7,t11,t7,t11,t7,t11,t7,t11,t7,t12,t14,t15,t4,t7,t12,t14,t15,t4,t7,t12,t16
t1,t2,t4,t7,t11,t7,t12,t14,t15,t4,t7,t12,t14,t15,t4,t7,t12,t16
t1,t2,t4,t7,t12,t16
t1,t3,t6,t5,t9,t8,t10,t13,t16
t1,t3,t5,t6,t8,t10,t9,t13,t14,t15,t4,t7,t11,t7,t11,t7,t11,t7,t12,t16
t1,t2,t4,t7,t12,t14,t15,t4,t7,t11,t7,t12,t14,t15,t4,t7,t11,t7,t11,t7,t12,t14,t15,t4,t7,t11,t7,t11,t7,t11,t7,t11,t7,t11,t7,t11,t7,t11,t7,t11,t7,t11,t7,t11,t7,t11,t7,t11,t7,t11,t7,t11,t7,t11,t7,t12,t14,t15,t4,t7,t11,t7,t11,t7,t12,t16
t1,t3,t5,t6,t8,t9,t10,t13,t14,t15,t4,t7,t11,t7,t11,t7,t11,t7,t11,t7,t11,t7,t11,t7,t11,t7,t11,t7,t11,t7,t12,t16
t1,t3,t5,t8,t6,t10,t9,t13,t16
t1,t2,t4,t7,t12,t16
t3,t5,t6,t9,t8,t10,t13,t14,t15,t4,t7,t12,t16
t1,t2,t4,t7,t12,t16
t1,t2,t4,t7,t11,t7,t12,t16
t1,t3,t6,t5,t10,t9,t8,t13,t14,t15,t4,t7,t11,t7,t11,t7,t11,t7,t11,t7,t12,t14,t15,t4,t7,t11,t7,t11,t7,t12,t16
t1,t3,t6,t5,t8,t9,t10,t13,t14,t15,t4,t7,t11,t7,t11,t7,t11,t7,t11,t7,t12,t14,t15,t4,t7,t11,t7,t12,t14,t15,t4,t7,t12,t16
t1,t2,t4,t7,t11,t7,t12,t16
t1,t3,t5,t6,t10,t9,t8,t13,t16
t1,t2,t4,t7,t12,t16
t1,t2,t4,t7,t11,t7,t11,t7,t11,t7,t11,t7,t11,t7,t12,t14,t15,t4,t7,t11,t7,t11,t7,t11,t7,t11,t7,t12,t14,t15,t4,t7,t12,t16
t1,t2,t4,t7,t12,t16
t1,t3,t5,t6,t8,t9,t10,t13,t16
t1,t3,t6,t5,t9,t10,t8,t13,t16
t1,t2,t4,t7,t11,t7,t12,t16
t1,t2,t4,t7,t12,t16
t1,t2,t4,t7,t11,t7,t12,t16
t1,t3,t5,t6,t9,t8,t10,t13,t14,t15,t4,t7,t12,t16
t1,t2,t4,t7,t12,t16
t1,t3,t6,t5,t9,t10,t8,t13,t16
t1,t2,t4,t7,t12,t16
t1,t2,t4,t7,t11,t7,t11,t7,t11,t7,t11,t7,t11,t7,t11,t7,t11,t7,t12,t16
t1,t3,t5,t8,t9,t10,t13,t16
t1,t2,t4,t7,t11,t7,t12,t14,t15,t4,t7,t11,t7,t11,t7,t11,t7,t11,t7,t11,t7,t12,t14,t15,t4,t7,t11,t7,t11,t7,t12,t14,t15,t4,t7,t12,t14,t15,t4,t7,t11,t7,t11,t7,t11,t7,t12,t14,t15,t4,t7,t12,t16
t1,t2,t4,t7,t11,t7,t11,t7,t11,t7,t12,t16
t1,t3,t6,t5,t10,t8,t9,t13,t16
t1,t2,t4,t7,t12,t16
t1,t3,t5,t6,t8,t9,t10,t13,t14,t15,t4,t7,t12,t16
t1,t2,t4,t7,t12,t16
t1,t3,t5,t6,t10,t9,t8,t13,t14,t15,t4,t7,t12,t16
t1,t2,t4,t7,t11,t7,t12,t16
t1,t3,t5,t6,t9,t10,t8,t13,t16
t1,t3,t6,t5,t9,t10,t8,t13,t16
t1,t3,t6,t5,t10,t8,t9,t13,t14,t15,t4,t7,t11,t7,t12,t14,t15,t4,t7,t12,t16
t1,t2,t4,t7,t12,t14,t15,t4,t7,t12,t16
t1,t2,t4,t7,t12,t16
t1,t2,t4,t7,t12,t16
t1,t3,t6,t5,t8,t9,t10,t13,t14,t15,t4,t7,t11,t7,t11,t7,t12,t14,t15,t4,t7,t12,t16
t1,t3,t6,t5,t9,t10,t8,t13,t14,t15,t4,t7,t12,t14,t15,t4,t7,t11,t7,t12,t16
t1,t3,t6,t9,t5,t10,t8,t13,t14,t15,t4,t7,t12,t14,t15,t4,t7,t11,t7,t11,t7,t12,t16
t1,t2,t4,t7,t11,t7,t11,t7,t12,t14,t15,t4,t7,t11,t7,t12,t16
t1,t3,t5,t8,t6,t10,t9,t13,t14,t15,t4,t7,t11,t7,t11,t7,t12,t16
t7,t12,t14,t15,t4,t7,t12,t14,t15,t4,t7,t11,t7,t12,t16
t1,t3,t6,t5,t9,t8,t10,t13,t14,t15,t4,t7,t12,t14,t15,t4,t7,t11,t7,t12,t14,t15,t4,t7,t12,t14,t15,t4,t7,t12,t14,t15,t4,t7,t11,t7,t11,t7,t11,t7,t11,t7,t11,t7,t11,t7,t11,t7,t11,t7,t11,t7,t11,t7,t12,t16
t1,t3,t5,t6,t10,t9,t8,t13,t14,t15,t4,t7,t12,t16
t1,t3,t5,t6,t8,t9,t10,t13,t16
t1,t2,t4,t7,t11,t7,t11,t7,t11,t7,t11,t7,t11,t7,t12,t16
t1,t2,t4,t7,t11,t7,t11,t7,t12,t14,t15,t4,t7,t11,t7,t12,t14,t15,t4,t7,t11,t7,t11,t7,t11,t7,t11,t7,t12,t16
t1,t3,t6,t5,t9,t8,t10,t13,t14,t15,t4,t7,t12,t16
t1,t2,t4,t7,t12,t16
t1,t3,t5,t8,t6,t10,t9,t13,t14,t15,t4,t7,t11,t7,t12,t16
t1,t3,t6,t5,t10,t9,t8,t13,t16
t1,t2,t4,t7,t11,t7,t12,t14,t15,t4,t7,t12,t16
t1,t2,t4,t7,t11,t7,t12,t16
t1,t2,t4,t7,t12,t16
t1,t2,t4,t7,t12,t16
t1,t3,t5,t6,t9,t10,t8,t13,t16
t1,t3,t6,t9,t5,t10,t8,t13,t14,t15,t4,t7,t11,t7,t11,t7,t12,t16
t1,t2,t4,t7,t11,t7,t11,t7,t11,t7,t12,t14,t15,t4,t7,t12,t14,t15,t4,t7,t12,t14,t15,t4,t7,t11,t7,t11,t7,t11,t7,t12,t14,t15,t4,t7,t11,t7,t12,t16
t1,t3,t5,t6,t10,t8,t9,t13,t16
t1,t3,t5,t6,t10,t8,t9,t13,t14,t15,t4,t7,t11,t7,t12,t14,t15,t4,t7,t12,t16
t1,t3,t5,t6,t10,t9,t8,t13,t14,t15,t4,t7,t12,t16
t1,t2,t4,t7,t12
t1,t3,t6,t5,t10,t8,t9,t13,t14,t15,t4,t7,t12,t14,t15,t4,t7,t12,t14,t15,t4,t7,t12,t16
t1,t3,t6,t10,t5,t9,t8,t13,t14,t15,t4,t7,t11,t7,t12,t16
t1,t2,t4,t7,t11,t7,t12,t14,t15,t4,t7,t12,t16
t1,t3,t5,t6,t8,t10,t9,t13,t14,t15,t4,t7,t12,t14,t15,t4,t7,t11,t7,t12,t16
t1,t3,t6,t5,t8,t10,t9,t13,t14,t15,t4,t7,t12,t16
t1,t2,t4,t7,t12,t16
t1,t2,t4,t7,t12,t14,t15,t4,t7,t11,t7,t12,t16
t1,t3,t5,t6,t8,t9,t10,t13,t14,t15,t4,t7,t11,t7,t12,t16
t1,t2,t4,t7,t11,t7,t11,t7,t11,t7,t11,t7,t11,t7,t12,t16
t1,t3,t6,t5,t9,t10,t8,t13,t14,t15,t4,t7,t12,t14,t15,t4,t7,t12,t14,t15,t4,t7,t11,t7,t11,t7,t11,t7,t11,t7,t12,t14,t15,t4,t7,t12,t14,t15,t4,t7,t12,t14,t15,t4,t7,t12,t14,t15,t4,t7,t12,t14,t15,t4,t7,t11,t7,t11,t7,t11,t7,t11,t7,t11,t7,t11,t7,t12,t16
t1,t3,t6,t5,t9,t10,t8,t13,t14,t15,t4,t7,t12,t16
t1,t3,t5,t6,t10,t9,t8,t13,t14,t15,t4,t7,t12,t16
t1,t2,t4,t7,t12,t14,t15,t4,t7,t11,t7,t11,t7,t12,t14,t15,t4,t7,t12,t16
t1,t2,t4,t7,t11,t7,t11,t7,t11,t7,t12,t14,t15,t4,t7,t12,t14,t15,t4,t7,t12,t16
t1,t3,t5,t8,t6,t10,t9,t13,t16
t1,t2,t4,t7,t12,t16
t1,t2,t4,t7,t11,t7,t12,t14,t15,t4,t7,t12,t14,t15,t4,t7,t11,t7,t12,t16
t1,t3,t5,t6,t8,t9,t10,t13,t16
t1,t3,t5,t6,t9,t10,t8,t13,t16
t1,t2,t4,t7,t12,t11,t15,t4,t7,t12,t14,t15,t4,t7,t14,t7,t12,t14,t15,t4,t7,t12,t16
t1,t2,t4,t7,t12,t16
t1,t3,t6,t5,t10,t8,t9,t13,t16
t1,t2,t4,t7,t12,t16
t1,t3,t6,t9,t10,t5,t8,t13,t16
t1,t3,t6,t5,t10,t9,t8,t13,t14,t15,t4,t7,t12,t14,t15,t4,t7,t12,t16
t1,t3,t5,t6,t9,t10,t8,t13,t14,t15,t4,t7,t11,t7,t12,t14,t15,t4,t7,t12,t16
t1,t3,t5,t8,t6,t9,t10,t13,t14,t15,t4,t7,t12,t14,t15,t4,t7,t12,t14,t15,t4,t7,t12,t14,t15,t4,t7,t12,t16
t1,t3,t6,t5,t9,t8,t10,t13,t14,t15,t4,t7,t12,t14,t15,t4,t7,t11,t7,t12,t16
t1,t2,t4,t7,t12,t14,t15,t4,t7,t12,t14,t15,t4,t7,t11,t7,t12,t16
t1,t2,t4,t7,t11,t7,t11,t7,t12,t16
t1,t2,t4,t7,t11,t7,t11,t7,t11,t7,t12,t16
t1,t2,t4,t7,t11,t7,t12,t14,t15,t4,t7,t11,t7,t11,t7,t12,t16
t1,t2,t4,t7,t11,t7,t12,t16
t1,t3,t5,t6,t9,t10,t8,t13,t16
t1,t3,t5,t8,t6,t9,t10,t13,t16
t1,t2,t4,t7,t12,t14,t15,t4,t7,t12,t16
t1,t3,t6,t10,t9,t5,t8,t13,t16
t1,t2,t4,t7,t11,t7,t11,t7,t11,t7,t12,t14,t15,t4,t7,t12,t16
t1,t2,t4,t7,t11,t7,t11,t7,t11,t7,t11,t7,t12,t16
t7,t11,t7,t11,t7,t11,t7,t11,t7,t11,t7,t12,t16
t1,t3,t5,t6,t8,t10,t9,t13,t14,t15,t4,t7,t11,t7,t12,t14,t15,t4,t7,t12,t16
t1,t2,t4,t7,t11,t7,t12,t14,t15,t4,t7,t11,t7,t11,t7,t11,t7,t12,t16
t1,t3,t6,t5,t10,t8,t9,t13,t16
t1,t2,t4,t7,t12,t16
t1,t3,t5,t8,t6,t10,t9,t13,t14,t15,t4,t7,t11,t7,t11,t7,t11,t7,t12,t16
t1,t2,t4,t7,t12,t14,t15,t4,t7,t12,t16
t1,t3,t6,t5,t10,t8,t9,t13,t16
t1,t2,t4,t7,t11,t7,t12,t16
t1,t3,t6,t10,t5,t9,t8,t13,t14,t15,t4,t7,t12,t14,t15,t4,t7,t12,t14,t15,t4,t7,t12,t14,t15,t4,t7,t11,t7,t11,t7,t12,t16
t1,t3,t5,t8,t6,t9,t10,t13,t16
t1,t3,t5,t6,t9,t10,t8,t13,t14,t15,t4,t7,t12,t14,t15,t4,t7,t11,t7,t11,t7,t11,t7,t12,t16
t1,t3,t5,t6,t9,t10,t8,t13,t16
t1,t2,t4,t7,t11,t7,t11,t7,t11,t7,t11,t7,t11,t7,t11,t7,t12,t14,t15,t4,t7,t11,t7,t11,t7,t11,t7,t11,t7,t12,t16
t1,t3,t6,t5,t10,t9,t8,t13,t14,t15,t4,t7,t11,t7,t11,t7,t12,t16
t1,t3,t6,t5,t9,t8,t10,t13,t16
t1,t2,t4,t7,t12,t16
t1,t2,t4,t7,t11,t7,t12,t14,t15,t4,t7,t12,t14,t15,t4,t7,t12,t16
t1,t3,t6,t5,t10,t8,t9,t13,t14,t15,t4,t7,t11,t7,t11,t7,t11,t7,t12,t16
t1,t3,t5,t6,t9,t8,t10,t13,t14,t15,t4,t7,t12,t16
t1,t2,t4,t7
t1,t2,t4,t7,t11,t7,t11,t7,t12,t14,t15,t4,t7,t11,t7,t11,t7,t12,t14,t15,t4,t7,t12,t16
t1,t2,t4,t7,t11,t7,t12,t16
t1,t2,t4,t7,t12,t16
t1,t3,t6,t9,t5,t10,t8,t13,t16
t1,t2,t4,t7,t11,t7,t11,t7,t12,t16
t1,t3,t5,t8,t6,t9,t10,t13,t16
t1,t3,t6,t5,t9,t8,t10,t13,t16
t1,t2,t4,t7,t11,t7,t11,t7,t12,t16
t1,t3,t5,t6,t8,t10,t9,t13,t16
t1,t3,t5,t6,t8,t10,t9,t13,t16
t1,t2,t4,t7,t12,t14,t15,t4,t7,t11,t7,t12,t16
t1,t2,t4,t7,t12,t16
t1,t2,t4,t7,t11,t7,t11,t7,t11,t7,t11,t7,t12,t14,t15,t4,t7,t11,t7,t11,t7,t11,t7,t12,t16
t1,t3,t5,t6,t8,t9,t10,t13,t16
t1,t2,t4,t7,t11,t7,t11,t7,t12,t14,t15,t4,t7,t11,t7,t12,t14,t15,t4,t7,t12,t16
t1,t3,t5,t8,t6,t10,t9,t13,t14,t15,t4,t7,t12,t16
t1,t2,t4,t7,t11,t7,t11,t7,t12,t16
t1,t2,t4,t7,t11,t7,t11,t7,t11,t7,t11,t7,t11,t7,t11,t7,t12,t14,t15,t4,t7,t12,t14,t15,t4,t7,t11,t7,t11,t7,t12,t16
t1,t2,t4,t7,t12,t14,t15,t4,t7,t12,t14,t15,t4,t7,t11,t7,t11,t7,t11,t7,t11,t7,t12,t14,t15,t4,t7,t11,t7,t12,t16
t1,t2,t4,t7,t12,t14,t15,t4
t1,t3,t6,t5,t10,t8,t9,t13,t16
t1,t2,t4,t7,t11,t7,t11,t7,t11,t7,t11,t7,t11,t7,t12,t14,t15,t4,t7,t12,t14,t15,t4,t7,t11,t7,t11,t7,t12,t14,t15,t4,t7,t11,t7,t11,t7,t11,t7,t11,t7,t11,t7,t12,t16
t1,t2,t4,t7,t11,t7,t12,t14,t15,t4,t7,t12,t16
t1,t2,t4,t7,t12,t14,t15,t4,t7,t11,t7,t12,t14,t15,t4,t7,t12,t14,t15,t4,t7,t11,t7,t12,t16
t1,t3,t6,t5,t10,t8,t9,t13,t16
t1,t2,t4,t7,t11,t7,t12,t16
t1,t2,t4,t7,t12,t14,t15,t4,t7,t11,t7,t12,t16
t1,t3,t6,t10,t9,t5,t8,t13,t14,t15,t4,t7,t12,t14,t15,t4,t7,t11,t7,t11,t7,t12,t14,t15,t4,t7,t11,t7,t11,t7,t12,t16
t1,t2,t4,t7,t12,t16
t1,t3,t6,t9,t5,t10,t8,t13,t14,t15,t4,t7,t12,t16
t1,t3,t5,t6,t8,t10,t9,t13,t16
t1,t2,t4,t7,t12,t14,t15,t4,t7,t11,t7,t12,t14,t15,t4,t7,t12,t14,t15,t4,t7,t11,t7,t12,t16
t1,t3,t5,t6,t9,t10,t8,t13,t16
t1,t2,t4,t7,t12,t14,t15,t4,t7,t11,t7,t11,t7,t12,t16
t1,t3,t5,t6,t9,t10,t8,t13,t16
t1,t2,t4,t7,t11,t7,t12,t14,t15,t4,t7,t11,t7,t12,t14,t15,t4,t7,t12,t16
t1,t3,t6,t5,t9,t10,t8,t13,t16
t1,t2,t4,t7,t11,t7,t11,t7,t11,t7,t12,t16
t1,t3,t6,t5,t10,t8,t9,t13,t16
t1,t2,t4,t7,t11,t7,t11,t7,t11,t7,t11,t7,t12,t14,t15,t4,t7,t12,t14,t15,t4,t7,t11,t7,t11,t7,t11,t7,t12,t16
t1,t3,t5,t6,t8,t10,t9,t13,t16
t1,t2,t4,t7,t12,t14,t15,t4,t7,t11,t7,t11,t7,t12,t14,t15,t4,t7,t11,t7,t11,t7,t12,t16
t1,t2,t4,t7,t11,t7,t11,t7,t11,t7,t12,t16
t1,t3,t5,t6,t8,t9,t10,t13,t14,t15,t4,t7,t11,t7,t12,t16
t1,t3,t6,t5,t9,t10,t8,t13,t14,t15,t4,t7,t12,t16
t1,t2,t4,t7,t12,t14,t15,t4,t7,t11,t7,t12,t16
t1,t2,t4,t7,t12,t16
t1,t2,t4,t7,t12,t16
t1,t3,t6,t5,t10,t9,t8,t13,t14,t15,t4,t7,t12,t14,t15,t4,t7,t12,t14,t15,t4,t7,t11,t7,t11,t7,t12,t14,t15,t4,t7,t12,t16
t1,t3,t6,t5,t10,t9,t8,t13,t14,t15,t4,t7,t12,t14,t15,t4,t7,t11,t7,t11,t7,t11,t7,t12,t16
t1,t2,t4,t7,t12,t14,t15,t4,t7,t11,t7,t12,t14,t15,t4,t7,t11,t7,t12,t14,t15,t4,t7,t12,t16
t1,t3,t6,t5,t8,t10,t9,t13,t14,t15,t4,t7,t12,t14,t15,t4,t7,t12,t14,t15,t4,t7,t11,t7,t12,t16
t1,t3,t5,t6,t8,t10,t9,t13,t16
t1,t3,t6,t5,t9,t10,t8,t13,t14,t15,t4,t7,t11,t7,t12,t16
t1,t3,t6,t5,t10,t8,t9,t13,t16
t1,t3,t6,t5,t10,t8,t9,t13,t16
t1,t2,t4,t7,t12,t16
t1,t3,t5,t6,t10,t9,t8,t13,t14,t15,t4,t7,t12,t16
t1,t2,t4,t7,t12,t16
t3,t6,t5,t10,t9,t8,t13,t16
t1,t3,t6,t5,t8,t9,t10,t13,t14,t15,t4,t7,t11,t7,t12,t16
t1,t2,t4,t7,t12,t14,t15,t4,t7,t11,t7,t11,t7,t12,t16
t1,t3,t6,t5,t10,t8,t9,t13,t14,t15,t4,t7,t12,t16
t1,t2,t4,t7,t11,t7,t11,t7,t12,t16
t1,t2,t4,t7,t11,t7,t12,t14,t15,t4,t7,t12,t16
t1,t2,t4,t7,t11,t7,t11,t7,t11,t7,t11,t7,t11,t7,t11,t7,t11,t7,t11,t7,t11,t7,t11,t7,t12,t14,t15,t4,t7,t11,t7,t12,t16
t1,t2,t4,t7,t12,t14,t15,t4,t7,t12,t16
t1,t2,t4,t7,t12,t14,t15,t4,t7,t12,t16
t1,t2,t4,t7,t12,t14,t15,t4,t7,t11,t7,t12,t14,t15,t4,t7,t12,t16
t1,t2,t4,t7,t12,t16
t1,t2,t4,t7,t11,t7,t11,t7,t11,t7,t11,t7,t11,t7,t11,t7,t12,t14,t15,t4,t7,t12,t16
t1,t3,t5,t6,t8,t9,t10,t13,t16
t1,t3,t5,t6,t8,t9,t10,t13,t14,t15,t4,t7,t11,t7,t11,t7,t11,t7,t12,t14,t15,t4,t7,t11,t7,t12,t16
t1,t3,t5,t6,t8,t9,t10,t13,t14,t15,t4,t7,t11,t7,t11,t7,t11,t7,t11,t7,t12,t14,t15,t4,t7,t11,t7,t12,t16
t1,t2,t4,t7,t12,t14,t15,t4,t7,t11,t7,t11,t7,t11,t7,t11,t7,t12,t14,t15,t4,t7,t11,t7,t11,t7,t11,t7,t12,t14,t15,t4,t7,t12,t16
t1,t2,t4,t7,t11,t7,t11,t7,t11,t7,t11,t7,t12,t14,t15,t4,t7,t12,t14,t15,t4,t7,t11,t7,t11,t7,t12,t14,t15,t4,t7,t11,t7,t12,t16
t1,t3,t5,t6,t10,t9,t8,t13,t16
t1,t3,t6,t5,t10,t9,t8,t13,t14,t15,t4,t7,t12,t14,t15,t4,t7,t12,t14,t15,t4,t7,t11,t7,t12,t16
t1,t2,t4,t7,t11,t7,t12,t16
t1,t2,t4,t7,t12,t14,t15,t4,t7,t12,t14,t15,t4,t7,t11,t7,t11,t7,t11,t7,t12
t1,t2,t4,t7,t12,t16
t1,t3,t6,t9,t5,t8,t10,t13,t14,t15,t4,t7,t11,t7,t11,t7,t12,t16
t1,t2,t4,t7,t11,t7,t11,t7,t12,t16
t1,t2,t4,t7,t12,t16
t1,t2,t4,t7,t12,t14,t15,t4,t7,t12,t16
t1,t2,t4,t7,t11,t7,t11,t7,t11,t7,t12,t14,t15,t4,t7,t11,t7,t11,t7,t12,t16
t1,t3,t5,t6,t8,t9,t10,t13,t14,t15,t4,t7,t11,t7,t11,t7,t12,t14,t15,t4,t7,t11,t7,t11,t7,t12,t14,t15,t4,t7,t11,t7,t11,t7,t11,t7,t12,t16
t1,t3,t5,t6,t10,t9,t8,t13,t14,t15,t4,t7,t12,t14,t15,t4,t7,t12,t14,t15,t4,t7,t11,t7,t11,t7,t12,t14,t15,t4,t7,t12,t16
t1,t3,t6,t5,t10,t8,t9,t13,t16
t1,t3,t5,t6,t9,t8,t10,t13,t16
t1,t2,t4,t7,t12,t16
t1,t3,t6,t5,t9,t10,t8,t13,t14,t15,t4,t7,t11,t7,t11,t7,t11,t7,t11,t7,t12,t16
t1,t3,t5,t8,t6,t10,t9,t13,t14,t15,t4,t7,t11,t7,t11,t7,t11,t7,t12,t14,t15,t4,t7,t11,t7,t11,t7,t11,t7,t11,t7,t12,t14,t15,t4,t7,t11,t7,t11,t7,t11,t7,t11,t7,t12,t16
t1,t2,t4,t7,t12,t16
t1,t2,t4,t7,t12,t16
t1,t2,t4,t7,t11,t7,t12,t16
t1,t2,t4,t7,t12,t14,t15,t4,t7,t11,t7,t12,t16
t1,t3,t5,t6,t8,t10,t9,t13,t16
t1,t2,t4,t7,t11,t7,t12,t14,t15,t4,t7,t12,t14,t15,t4,t7,t12,t14,t15,t4,t7,t12,t16
t1,t3,t5,t6,t8,t9,t10,t7,t11,t7,t12,t16
t1,t3,t6,t5,t9,t10,t8,t13,t14,t15,t4,t7,t12,t16
t1,t3,t5,t8,t6,t9,t10,t13,t16
t1,t3,t5,t6,t8,t10,t9,t13,t16
t1,t3,t5,t8,t6,t10,t9,t13,t16
t1,t3,t6,t9,t10,t5,t8,t13,t16
t1,t3,t6,t5,t9,t8,t10,t13,t16
t1,t2,t4,t7,t11,t7,t11,t7,t11,t7,t11,t7,t12,t16
t1,t2,t4,t7,t12,t16
t1,t3,t6,t5,t10,t8,t9,t13,t16
t1,t2,t4,t7,t12,t16
t1,t3,t6,t5,t10,t9,t8,t13,t14,t15,t4,t7,t12,t16
t1,t2,t4,t7,t11,t7,t11,t7,t11,t7,t11,t7,t12,t16
t1,t2,t4,t7,t12,t16
t1,t3,t5,t6,t8,t9,t10,t13,t14,t15,t4,t7,t12,t16
t1,t2,t4,t7,t12,t14,t15,t4,t7,t11,t7,t12,t16
t1,t2,t4,t7,t11,t7,t12,t16
t1,t3,t6,t5,t9,t10,t8,t13,t14,t15,t4,t7,t11,t7,t11,t7,t11,t7,t12,t16
t1,t3,t5,t6,t8,t10,t9,t13,t16
t1,t3,t6,t5,t9,t8,t10,t13,t14,t15,t4,t7,t11,t7,t11,t7,t12,t14,t15,t4,t7,t12,t14,t15,t4,t7,t12,t14,t15,t4,t7,t12,t14,t15,t4,t7,t11,t7,t12,t16
t1,t2,t4,t7,t11,t7,t11,t7,t12,t14,t15,t4,t7,t12,t14
t1,t3,t6,t9,t5,t10,t8,t13,t16
t1,t2,t4,t7,t12,t16
t1,t3,t6,t5,t10,t8,t9,t13,t16
t1,t3,t6,t10,t5,t9,t8,t13,t14,t15,t4,t7,t11,t7,t11,t7,t12,t16
t1,t3,t5,t6,t8,t10,t9,t13,t14,t15,t4,t7,t12,t16
t1,t3,t5,t6,t10,t8,t9,t13,t16
t1,t2,t4,t7,t12,t14,t15,t4,t7,t12,t16
t1,t2,t4,t7,t12,t14,t15,t4,t7,t12,t14,t15,t4,t7,t12,t14,t15,t4,t7,t12,t16
t1,t3,t6,t5,t9,t10,t8,t13,t16
t1,t3,t5,t6,t9,t10,t8,t13,t16
t1,t3,t6,t5,t8,t10,t9,t13,t14,t15,t4,t7,t12,t16
t1,t2,t4,t7,t11,t7,t12,t16
t1,t2,t4,t7,t11,t7,t11,t7,t12,t16
t1,t3,t5,t6,t8,t9,t10,t13,t16
t1,t3,t6,t5,t9,t10,t8,t13,t16
t1,t2,t4,t7,t12,t14,t15,t4,t7,t11,t7,t11,t7,t12,t16
t1,t2,t4,t7,t11,t7,t11,t7,t12,t16
t1,t3,t5,t6,t8,t9,t10,t13,t16
t1,t2,t4,t7,t11,t7,t12,t16
t1,t3,t6,t9,t10,t8,t13,t16
t1,t2,t4,t7,t11,t7,t12,t14,t15,t4,t7,t11,t7,t11,t7,t11,t7,t12,t14,t15,t4,t7,t12,t16
t1,t3,t6,t10,t5,t8,t9,t13,t14,t15,t4,t7,t12,t16
t1,t3,t5,t8,t6,t10,t9,t13,t14,t15,t4,t7,t12,t14,t15,t4,t7,t12,t14,t15,t4,t7,t11,t7,t11,t7,t11,t7,t12,t14,t15,t4,t7,t11,t7,t12,t16
t1,t2,t4,t7,t11,t7,t12,t14,t15,t4,t7,t12,t16
t1,t2,t4,t7,t12,t16
t1,t2,t4,t7,t12,t16
t1,t2,t4,t7,t12,t14,t15,t4,t7,t11,t7,t11,t7,t11,t7,t12,t16
t1,t3,t5,t6,t9,t8,t10,t13,t16
t1,t3,t5,t8,t6,t10,t9,t13,t14,t15,t4,t7,t11,t7,t11,t7,t12,t14,t15,t4,t7,t12,t14,t15,t4,t7,t12,t16
t1,t3,t5,t6,t10,t8,t9,t13,t16
t1,t2,t4,t7,t12,t16
t1,t3,t5,t8,t6,t9,t10,t13,t14,t15,t4,t7,t11,t7,t11,t7,t12,t16
t1,t3,t6,t9,t5,t10,t8,t13,t14,t15,t4,t7,t12,t16
t1,t3,t6,t10,t9,t5,t8,t13,t14,t15,t4,t7,t11,t7,t12,t14,t15,t4,t7,t12,t14,t15,t4,t7,t12,t14,t15,t4,t7,t11,t7,t12,t16
t1,t2,t4,t7,t12,t16
t1,t2,t4,t7,t12,t16
t1,t3,t5,t6,t8,t10,t9,t13,t14,t15,t4,t7,t11,t7,t11,t7,t11,t7,t12,t16
t1,t3,t5,t6,t8,t10,t9,t13,t16
t1,t3,t5,t6,t10,t8,t9,t13,t16
t10,t9,t5,t8,t13,t14,t15,t4,t7,t11,t7,t11,t7,t12,t16
t1,t3,t6,t9,t5,t8,t10,t13,t14,t15,t4,t7,t11,t7,t11,t7,t12,t14,t15,t4,t7,t12,t14,t15,t4,t7,t11,t7,t11,t7,t11,t7,t12,t16
t1,t3,t5,t6,t8,t10,t9,t13,t14,t15,t4,t7,t11,t7,t11,t7,t11,t7,t12,t14,t15,t4,t7,t11,t7,t11,t7,t12,t16
t1,t2,t4,t7,t12,t14,t15,t4,t7,t11,t7,t11,t7,t11,t7,t11,t7,t11,t7,t12,t16
t1,t2,t4,t7,t11,t7,t11,t7,t12,t14,t15,t4,t7,t12,t16
t1,t2,t4,t7,t11,t7,t11,t7,t12,t16
t1,t3,t6,t5,t10,t9,t8,t13,t14,t15,t4,t7,t11,t7,t12,t16
t1,t3,t6,t5,t9,t10,t8,t13,t16
t1,t2,t4,t7,t11,t7,t12,t16
t1,t2,t4,t7,t12,t16
t1,t3,t6,t5,t9,t8,t10,t13,t16
t1,t3,t5,t8,t6,t9,t10,t13,t16
t1,t3,t6,t5,t9,t8,t10,t13,t16
t1,t3,t5,t6,t8,t9,t10,t13,t14,t15,t4,t7,t12,t14,t15,t4,t7,t12,t14,t15,t4,t7,t12,t14,t15,t4,t7,t11,t7,t12,t14,t15,t4,t7,t11,t7,t12,t16
t1,t3,t5,t6,t8,t10,t9,t13,t16
t1,t2,t4,t7,t11,t7,t12,t16
t1,t2,t4,t7,t12,t14,t15,t4,t7,t11,t7,t11,t7,t12,t16
t1,t2,t4,t7,t11,t7,t12,t16
t1,t3,t5,t6,t8,t10,t9,t13,t16
t1,t3,t6,t5,t8,t9,t10,t13,t16
t9,t3,t5,t6,t8,t1,t10,t13,t16
t1,t2,t4,t7,t11,t7,t12,t16
t1,t3,t5,t6,t8,t10,t9,t13,t14,t15,t4,t7,t12,t16
t1,t2,t4,t7,t11,t7,t12,t16
t1,t3,t6,t5,t9,t10,t8,t13,t16
t1,t2,t4,t7,t12,t14,t15,t4,t7,t11,t7,t11,t7,t11,t7,t11,t7,t12,t16
t1,t2,t4,t7,t12,t16
t1,t2,t4,t7,t11,t7,t11,t7,t12,t16
t1,t3,t5,t8,t6,t10,t9,t13,t14,t15,t4,t7,t11,t7,t12,t16
t1,t2,t4,t7,t11,t7,t11,t7,t12,t16
t1,t2,t4,t7,t12,t14,t15,t4,t7,t12,t14,t15,t4,t7,t12,t16
t1,t3,t5,t6,t8,t10,t9,t13,t16
t1,t3,t6,t5,t10,t9,t8,t13,t14,t15,t4,t7,t11,t7,t11,t7,t11,t7,t12,t16
t1,t3,t6,t10,t5,t9,t8,t13,t16
t1,t3,t6,t5,t8,t10,t9,t13,t16
t1,t2,t4,t7,t11,t7,t12,t14,t15,t4,t7,t11,t7,t12,t16
t1,t2,t4,t7,t12,t16
t1,t3,t6,t5,t10,t9,t8,t13,t16
t1,t3,t6,t5,t10,t8,t9,t13,t14,t15,t4,t7,t11,t7,t11,t7,t12,t16
t1,t2,t4,t7,t12,t16
t9,t3,t5,t6,t1,t8,t10,t13,t14,t15,t4,t7,t12,t16
t1,t3,t6,t5,t10,t9,t8,t13,t14,t15,t4,t7,t11,t7,t12,t14,t15,t4,t7,t11,t7,t12,t14,t15,t4,t7,t12,t14,t15,t4,t7,t11,t7,t12,t14,t15,t4,t7,t12,t16
t1,t3,t6,t9,t5,t10,t8,t13,t14,t15,t4,t7,t11,t7,t12,t16
t1,t3,t5,t6,t8,t10,t9,t13,t14,t15,t4,t7,t12,t16
t1,t3,t6,t10,t9,t5,t8,t13,t16
t1,t2,t4,t7,t12,t16
t1,t2,t4,t7,t11,t7,t12,t16
t1,t3,t5,t8,t6,t10,t9,t13,t14,t15,t4,t7,t12,t14,t15,t4,t7,t12,t16
t1,t3,t6,t9,t5,t8,t10,t13,t14,t15,t4,t7,t12,t14,t15,t4,t7,t12,t14,t15,t4,t7,t11,t7,t12,t16
t1,t3,t5,t6,t8,t9,t10,t13,t16
t1,t2,t4,t7,t12,t14,t15,t4,t7,t11,t7,t11,t7,t11,t7,t11,t7,t12,t14,t15,t4,t7,t11,t7,t11,t7,t11,t7,t11,t7,t11,t7,t12,t16
t1,t2,t4,t7,t11,t7,t12,t14,t15,t4,t7,t12,t16
t1,t2,t4,t7,t12,t14,t15,t4,t7,t11,t7,t11,t7,t12,t16
t1,t2,t4,t7,t12,t16
t1,t2,t4,t7,t12,t14,t15,t4,t7,t12,t16
t1,t3,t5,t8,t6,t9,t10,t13,t16
t1,t2,t4,t7,t11,t7,t11,t7,t11,t7,t12,t16
t1,t3,t6,t9,t10,t5,t8,t13,t14,t15,t4,t7,t12,t14,t15,t4,t7,t12,t14,t15,t4,t7,t12,t14,t15,t4,t7,t11,t7,t12,t16
t1,t2,t4,t7,t12,t14,t15,t4,t7,t11,t7,t12,t16
t1,t3,t5,t8,t6,t9,t10,t13,t14,t15,t4,t7,t11,t7,t12,t16
t1,t3,t6,t5,t9,t10,t8,t13,t12,t14,t15,t4,t7,t12,t16
t1,t2,t4,t7,t11,t7,t12,t14,t15,t4,t7,t12,t14,t15,t4,t7,t11,t7,t11,t7,t12,t16
t1,t2,t4,t7,t12,t16
t1,t3,t5,t8,t6,t10,t9,t13,t14,t15,t4,t7,t11,t7,t11,t7,t12,t14,t15,t4,t7,t11,t7,t11,t7,t12,t14,t15,t4,t7,t12,t16
t1,t2,t4,t7,t12,t14,t15,t4,t7,t12,t16
t1,t3,t6,t5,t8,t10,t9,t13,t14,t15,t4,t7,t11,t7,t12,t16
t1,t2,t4,t7,t12,t16
t1,t3,t5,t8,t6,t9,t10,t13,t16
t1,t2,t4,t7,t12,t16
t1,t2,t4,t7,t12,t16
t1,t3,t5,t8,t6,t9,t10,t13,t14,t15,t4,t7,t12,t16
t1,t3,t6,t10,t5,t9,t8,t13,t14,t15,t4,t7,t12,t16
t1,t2,t4,t7,t11,t7,t12,t14,t15,t4,t7,t12,t14,t15,t4,t7,t12,t14,t15,t4,t7,t11,t7,t11,t7,t12,t14,t15,t4,t7,t12,t14,t15,t4,t7,t11,t7,t11,t7,t11,t7,t12,t14,t15,t4,t7,t11,t7,t12,t14,t15,t4,t7,t11,t7,t12,t16
t1,t2,t4,t7,t11,t7,t12,t16
t1,t3,t5,t6,t10,t9,t8,t13,t14,t15,t4,t7,t11,t7,t12,t16
t1,t2,t4,t7,t11,t7,t11,t7,t12,t14,t15,t4,t7,t11,t7,t12,t16
t1,t2,t4,t7,t11,t7,t12,t14,t15,t4,t7,t12,t16
t1,t3,t6,t5,t9,t8,t10,t13,t16
t1,t2,t4,t7,t11,t7,t12,t16
t1,t3,t6,t5,t10,t9,t8,t13,t16
t1,t3,t5,t6,t8,t9,t10,t13,t7,t15,t4,t7,t12,t14,t15,t4,t7,t12,t14,t15,t4,t7,t11,t7,t11,t7,t12,t14,t15,t4,t7,t12,t14,t15,t4,t7,t11,t14,t11,t7,t11,t7,t11,t7,t12,t16
t1,t3,t5,t6,t8,t9,t10,t13,t14,t15,t4,t7,t12,t16
t1,t2,t4,t7,t11,t7,t12,t14,t15,t4,t7,t12,t14,t15,t4,t7,t12,t14,t15,t4,t7,t12,t14,t15,t4,t7,t12,t14,t15,t4,t7,t12,t16
t1,t2,t4,t7,t11,t7,t12,t16
t1,t3,t5,t6,t8,t10,t9,t13,t16
t1,t3,t6,t5,t10,t8,t9,t13,t14,t15,t4,t7,t12,t14,t15,t4,t7,t12,t14,t15,t4,t7,t12,t16
t1,t3,t6,t9,t10,t5,t8,t13,t14,t15,t4,t7,t12,t16
t1,t2,t4,t7,t11,t7,t12,t16
t1,t2,t4,t7,t11,t7,t12,t14,t15,t4,t7,t12,t14,t15,t4,t7,t12,t16
t1,t2,t4,t7,t12,t14,t15,t4,t7,t12,t14,t15,t4,t7,t11,t7,t12,t16
t1,t2,t4,t7,t12,t16
t1,t2,t4,t7,t12,t14,t15,t4,t7,t12,t16
t1,t2,t4,t7,t12,t16
t1,t2,t4,t7,t11,t7,t11,t7,t11,t7,t11,t7,t11,t7,t12,t16
t1,t3,t5,t6,t8,t9,t10,t13,t14,t15,t4,t7,t12,t14,t15,t4,t7,t12,t14,t15,t4,t7,t12,t16
t1,t3,t5,t8,t6,t9,t10,t13,t16
t1,t3,t6,t5,t8,t10,t9,t13,t16
t1,t2,t4,t7,t12,t14,t15,t4,t7,t11,t7,t11,t7,t12,t16
t1,t3,t6,t10,t9,t5,t8,t13,t14,t15,t4,t7,t12,t16
t1,t2,t4,t7,t12,t14,t15,t4,t7,t11,t7,t12,t16
t4,t7,t12,t14,t15,t4,t7,t12,t16
t1,t3,t5,t8,t6,t10,t9,t13,t14,t15,t4,t7,t11,t7,t11,t7,t12,t14,t15,t4,t7,t12,t16
t1,t2,t4,t7,t12,t16
t1,t2,t4,t7,t12,t16
t1,t2,t4,t7,t12,t16
t1,t2,t4,t7,t11,t7,t11,t7,t12,t16
t1,t3,t5,t6,t8,t10,t9,t13,t14,t15,t4,t7,t12,t14,t15,t4,t7,t11,t7,t12,t14,t15,t4,t7,t11,t7,t12,t16
t1,t2,t4,t7,t11,t7,t11,t7,t12,t16
t1,t3,t6,t5,t9,t10,t8,t13,t16
t1,t2,t4,t7,t12,t16
t1,t2,t4,t7,t11,t7,t11,t7,t11,t7,t12,t14,t15,t4,t7,t12,t16
t1,t2,t4,t7,t11,t7,t11,t7,t12,t16
t1,t3,t5,t6,t8,t9,t10,t13,t14,t15,t4,t7,t11,t7,t12,t16
t1,t2,t4,t7,t12,t14,t15,t4,t7,t12,t16
t1,t2,t4,t7,t11,t7,t11,t7,t11,t7,t11,t7,t11,t7,t11,t7,t11,t7,t11,t7,t12,t14,t15,t4,t7,t12,t16
t1,t3,t5,t6,t8,t10,t9,t13,t14,t15,t4,t7,t11,t7,t12,t16
t1,t2,t4,t7,t12,t16
t1,t2,t4,t7,t12,t14,t15,t4,t7,t11,t7,t11,t7,t12,t14,t15,t4,t7,t11,t7,t12,t14,t15,t4,t7,t12,t14,t15,t4,t7,t12,t16
t1,t2,t4,t7,t12,t14,t15,t4,t7,t12,t16
t1,t3,t6,t10,t5,t9,t8,t13,t16
t2,t4,t7,t11,t7,t11,t7,t12,t14,t15,t4,t7,t11,t7,t11,t7,t11,t7,t11,t7,t12,t14,t15,t4,t7,t11,t7,t11,t7,t11,t7,t12,t14,t15,t4,t7,t12,t14,t15,t4,t7,t11,t7,t12,t16
t1,t3,t6,t5,t10,t9,t8,t13,t14,t15,t4,t7,t12,t14,t15,t4,t7,t12,t14,t15,t4,t7,t12,t16
t1,t3,t5,t6,t9,t10,t8,t13,t14,t15,t4,t7,t12,t14,t15,t4,t7,t12,t16
t1,t2,t4,t7,t11,t7,t11,t7,t11,t7,t12,t14,t15,t4,t7,t11,t7,t12,t14,t15,t4,t7,t12,t14,t15,t4,t7,t11,t7,t11,t7,t11,t7,t12,t16
t1,t3,t6,t5,t10,t8,t9,t13,t14,t15,t4,t7,t12,t16
t1,t3,t6,t5,t9,t10,t8,t13,t16
t1,t2,t4,t7,t11,t7,t11,t7,t12,t14,t15,t4,t7,t12,t14,t15,t4,t7,t11,t7,t12,t14,t15,t4,t7,t12,t14,t15,t4,t7,t12,t14,t15,t4,t7,t11,t7,t12,t16
t1,t2,t4,t7,t12,t16
t1,t3,t5,t6,t9,t8,t10,t13,t16
t1,t3,t5,t8,t6,t9,t10,t13,t16
t1,t3,t6,t5,t10,t8,t9,t13,t16
t1,t2,t4,t7,t12,t14,t15,t4,t7,t11,t7,t11,t7,t11,t7,t11,t7,t12,t14,t15,t4,t7,t11,t7,t11,t7,t11,t7,t12,t14,t15,t4,t7,t11,t7,t11,t7,t11,t7,t11,t7,t12,t16
t1,t2,t4,t7,t12,t16
t1,t3,t6,t9,t5,t10,t8,t13,t16
t1,t2,t4,t7,t11,t7,t11,t7,t11,t7,t12,t14,t15,t4,t7,t11,t7,t11,t7,t11,t7,t12,t14,t15,t4,t7,t11,t7,t11,t7,t11,t7,t11,t7,t12,t14,t15,t4,t7,t11,t7,t11,t7,t12,t14,t15,t4,t7,t12,t14,t15,t4,t7,t11,t7,t12,t14,t15,t4,t7,t12,t14,t15,t4,t7,t11,t7,t12,t16
t1,t3,t6,t5,t10,t9,t8,t13,t14,t15,t4,t7,t12,t16
t1,t2,t4,t7,t11,t7,t12,t16
t1,t2,t4,t7,t12,t14,t15,t4,t7,t12,t14,t15,t4,t7,t11,t7,t11,t7,t11,t7,t12,t14,t15,t4,t7,t11,t7,t12,t16
t1,t2,t4,t7,t12,t14,t15,t4,t7,t12,t14,t15,t4,t7,t12,t14,t15,t4,t7,t12,t16
t1,t3,t5,t6,t8,t9,t10,t13,t16
t7,t11,t7,t12,t14,t15,t4,t7,t12,t14,t15,t4,t7,t12,t14,t15,t4,t7,t12,t16
t1,t2,t4,t7,t12,t16
t1,t2,t4,t7,t12,t14,t15,t4,t7,t11,t7,t12,t14,t15,t4,t7,t12,t16
t1,t3,t5,t6,t8,t10,t9,t13,t16
t1,t3,t6,t10,t9,t5,t8,t13,t16
t1,t2,t4,t7,t11,t7,t11,t7,t11,t7,t12,t14,t15,t4,t7,t11,t7,t11,t7,t11,t7,t11,t7,t12,t16
t1,t3,t5,t6,t8,t10,t9,t13,t16
t1,t3,t5,t8,t6,t9,t10,t13,t16
t1,t3,t6,t5,t10,t8,t9,t13,t16
t1,t2,t4,t7,t11,t7,t11,t7,t11,t7,t11,t7,t11,t7,t11,t7,t12,t14,t15,t4,t7,t11,t7,t12,t14,t15,t4,t7,t11,t7,t12,t14,t15,t4,t7,t11,t7,t12,t16
t1,t2,t4,t7,t11,t7,t11,t7,t12,t14,t15,t4,t7,t11,t7,t11,t7,t12,t14,t15,t4,t7,t11,t7,t12,t16
t1,t3,t5,t6,t8,t10,t9,t13,t16
t1,t3,t5,t6,t8,t9,t10,t13,t14,t15,t4,t7,t11,t7,t12,t14,t15,t4,t7,t11,t7,t12,t14,t15,t4,t7,t12,t16
t1,t3,t6,t10,t9,t5,t8,t13,t14,t15,t4,t7,t12,t16
t1,t2,t4,t7,t12,t14,t15,t4,t7,t12,t14,t15,t4,t7,t12,t16
t1,t3,t6,t5,t9,t10,t8,t13,t16
t1,t3,t6,t5,t8,t9,t10,t13,t16
t1,t3,t6,t5,t10,t9,t8,t13,t16
t1,t2,t4,t7,t11,t7,t11,t7,t11,t7,t11,t7,t11,t7,t12,t16
t1,t3,t5,t6,t8,t9,t10,t13,t14,t15,t4,t7,t12,t16
t4,t7,t11,t7,t12,t16
t1,t2,t4,t7,t11,t7,t12,t16
t1,t2,t4,t7,t11,t7,t11,t7,t11,t7,t12,t14,t15,t4,t7,t12,t16
t1,t3,t6,t5,t9,t8,t10,t13,t14,t15,t4,t7,t11,t7,t12,t16
t1,t2,t4,t7,t11,t7,t11,t7,t11,t7,t11,t7,t12,t16
t1,t2,t4,t7,t11,t7,t11,t7,t12,t14,t15,t4,t7,t12,t16
t1,t2,t4,t7,t11,t7,t11,t7,t11,t7,t11,t7,t12,t14,t15,t4,t7,t12,t16
t1,t2,t4,t7,t11,t7,t12,t16
t1,t2,t4,t7,t11,t7,t11,t7,t12,t16
t1,t2,t4,t7,t12,t14,t15,t4,t7,t11,t7,t11,t7,t12,t14,t15,t4,t7,t11,t7,t12,t16
t1,t3,t5,t8,t6,t9,t10,t13,t16
t1,t2,t4,t7,t11,t7,t12,t14,t15,t4,t7,t12,t16
t1,t3,t5,t6,t9,t8,t10,t13,t14,t15,t4,t7,t11,t7,t12,t14,t15,t4,t7,t11,t7,t12,t16
t1,t2,t4,t7,t12,t16
t1,t3,t6,t5,t10,t9,t8,t13,t14,t15,t4,t7,t12,t14,t15,t4,t7,t12,t14,t15,t4,t7,t12,t14,t15,t4,t7,t11,t7,t12,t16
t1,t3,t5,t6,t10,t9,t8,t13,t16
t1,t3,t6,t5,t9,t8,t10,t13,t14,t15,t4,t7,t11,t7,t12,t14,t15,t4,t7,t12,t14,t15,t4,t7,t12,t16
t1,t3,t5,t6,t8,t10,t9,t13,t16
t1,t3,t5,t8,t6,t10,t9,t13,t14,t15,t4,t7,t12,t14,t15,t4,t7,t12,t14,t15,t4,t7,t12,t16
t1,t2,t4,t7,t11,t7,t12,t16
t6,t8,t10,t9,t13,t16
t1,t3,t6,t5,t10,t8,t9,t13,t16
t1,t3,t5,t8,t6,t10,t9,t13,t16
t1,t2,t4,t7,t11,t7,t11,t7,t11,t7,t11,t7,t11,t7,t11,t7,t12,t16
t1,t3,t6,t5,t9,t8,t10,t13,t14,t15,t4,t7,t11,t7,t12,t16
t1,t2,t4,t7,t12,t14,t15,t4,t7,t12,t14,t15,t4,t7,t11,t7,t11,t7,t12,t16
t1,t3,t5,t6,t8,t9,t10,t13,t14,t15,t4,t7,t11,t7,t12,t16
t1,t2,t4,t7,t12,t16
t1,t3,t6,t9,t10,t5,t8,t13,t16
t1,t3,t5,t8,t6,t9,t10,t13,t14,t15,t4,t7,t11,t7,t12,t14,t15,t4,t7,t11,t7,t11,t7,t12,t14,t15,t4,t7,t12,t14,t15,t4,t7,t11,t7,t12,t16
t1,t2,t4,t7,t11,t7,t11,t7,t11,t7,t11,t7,t12,t16
t1,t2,t4,t7,t12,t16
t1,t2,t4,t7,t11,t7,t12,t16
t1,t3,t6,t5,t10,t9,t8,t13,t14,t15,t4,t7,t12,t16
t1,t3,t6,t5,t8,t10,t9,t13,t16
t1,t3,t6,t5,t9,t10,t8,t13,t14,t15,t4,t7,t11,t7,t12,t14,t15,t4,t7,t11,t7,t12,t16
t1,t3,t6,t9,t10,t5,t8,t13,t16
t1,t2,t4,t7,t12,t16
t1,t3,t5,t8,t6,t10,t9,t13,t16
t1,t3,t5,t6,t8,t9,t10,t13,t16
t1,t3,t5,t8,t6,t10
t1,t3,t5,t8,t6,t9,t10,t13,t14,t15,t4,t7,t12,t14,t15,t4,t7,t12,t14,t15,t4,t7,t12,t16
t1,t2,t4,t7,t12,t16
t1,t3,t5,t6,t8,t9,t10,t13,t14,t15,t4,t7,t12,t16
t1,t3,t5,t8,t6,t10,t9,t13,t14,t15,t4,t7,t11,t7,t11,t7,t11,t7,t11,t7,t11,t7,t12,t16
t1,t3,t5,t6,t10,t8,t9,t13,t16
t1,t3,t6,t5,t9,t10,t8,t13,t14,t15,t4,t7,t11,t7,t12,t14,t15,t4,t7,t11,t7,t12,t14,t15,t4,t7,t11,t7,t11,t7,t12,t14,t15,t4,t7,t12,t16
t1,t2,t4,t7,t12,t16
t1,t3,t6,t5,t10,t8,t9,t13,t14,t15,t4,t7,t11,t7,t11,t7,t11,t7,t11,t7,t12,t14,t15,t4,t7,t11,t7,t11,t7,t11,t7,t11,t7,t12,t14,t15,t4,t7,t11,t7,t12,t14,t15,t4,t7,t11,t7,t11,t7,t11,t7,t11,t7,t11,t7,t11,t7,t11,t7,t12,t14,t15,t4,t7,t12,t14,t15,t4,t7,t12,t16
t1,t3,t5,t6,t8,t9,t10,t13,t14,t15,t4,t7,t12,t14,t15,t4,t7,t11,t7,t12,t14,t15,t4,t7,t12,t14,t15,t4,t7,t11,t7,t12,t14,t15,t4,t7,t12,t16
t1,t2,t4,t7,t12,t16
t1,t3,t5,t6,t8,t10,t9,t13,t14,t15,t4,t7,t11,t7,t12,t14,t15,t4,t7,t12,t14,t15,t4,t7,t11,t7,t12,t16
t1,t2,t4,t7,t12,t14,t15,t4,t7,t11,t7,t12,t16
t1,t3,t6,t5,t9,t10,t8,t13,t14,t15,t4,t7,t12,t16
t1,t2,t4,t7,t11,t7,t12,t14,t15,t4,t7,t11,t7,t11,t7,t12,t16
t1,t2,t4,t7,t12,t14,t15,t4,t7,t12,t16
t1,t2,t4,t7,t11,t7,t12,t14,t15,t4,t7,t11,t7,t12,t14,t15,t4,t7,t11,t7,t12,t14,t15,t4,t7,t12,t14,t15,t4,t7,t12,t14,t15,t4,t7,t11,t7,t12,t14,t15,t4,t7,t12,t14,t15,t4,t7,t11,t7,t12,t14,t15,t4,t7,t11,t7,t12,t14,t15,t4,t7,t11,t7,t12,t14,t15,t4,t7,t11,t7,t12,t16
t1,t2,t4,t7,t11,t7,t12,t16
t1,t2,t4,t7,t12,t14,t15,t4,t7,t11,t7,t11,t7,t12,t14,t15,t4,t7,t12,t14,t15,t4,t7,t11,t7,t12,t16
t1,t2,t4,t7,t12,t16
t1,t3,t6,t5,t9,t8,t10,t13,t14,t15,t4,t7,t12
t1,t2,t4,t7,t12,t16
t1,t2,t4,t7,t12,t14,t15,t4,t7,t11,t7,t12,t14,t15,t4,t7,t12,t16
t1,t2,t4,t7,t12,t16
t1,t2,t4,t7,t12,t16
t1,t2,t4,t7,t11,t7,t11,t7,t11,t7,t12,t14,t15,t4,t7,t12,t14,t15,t4,t7,t11,t7,t12,t14,t15,t4,t7,t12,t16
t1,t2,t4,t7,t11,t7,t11,t7,t12,t14,t15,t4,t7,t11,t7,t12,t14,t15,t4,t7,t12,t16
t1,t2,t4,t7,t11,t7,t11,t7,t11,t7,t12,t14,t15,t4,t7,t12,t14,t15,t4,t7,t12,t16
t1,t2,t4,t7,t11,t7,t11,t7,t11,t7,t11,t7,t11,t7,t11,t7,t11,t7,t12,t16
t1,t3,t5,t8,t6,t9,t10,t13,t14,t15,t4,t7,t12,t14,t15,t4,t7,t12,t14,t15,t4,t7,t12,t14,t15,t4,t7,t11,t7,t12,t16
t1,t3,t5,t6,t8,t9,t10,t13,t14,t15,t4,t7,t11,t7,t12,t14,t15,t4,t7,t11,t7,t11,t7,t11,t7,t11,t7,t11,t7,t11,t7,t11,t7,t11,t7,t11,t7,t12,t14,t15,t4,t7,t12,t16
t1,t3,t6,t5,t9,t10,t8,t13,t14,t15,t4,t7,t11,t7,t11,t7,t12,t16
t1,t3,t6,t5,t9,t8,t10,t13,t14,t15,t4,t7,t11,t7,t11,t7,t11,t7,t12,t14,t15,t4,t7,t11,t7,t11,t7,t11,t7,t11,t7,t11,t7,t12,t14,t15,t4,t7,t12,t14,t15,t4,t7,t11,t7,t12,t14,t15,t4,t7,t11,t7,t12,t14,t15,t4,t7,t11,t7,t12,t14,t15,t4,t7,t11,t7,t12,t16
t1,t2,t4,t7,t12,t16
t1,t2,t4,t7,t12,t16
t1,t3,t6,t9,t10,t5,t8,t13,t14,t15,t4,t7,t12,t14,t15,t4,t7,t12,t14,t15,t4,t7,t11,t7,t12,t16
t1,t3,t6,t5,t9,t10,t8,t13,t16
t1,t3,t5,t6,t8,t9,t10,t13,t14,t15,t4,t7,t11,t7,t11,t7,t11,t7,t11,t7,t12,t14,t15,t4,t7,t11,t7,t11,t7,t11,t7,t11,t7,t12,t16
t1,t3,t5,t6,t8,t9,t10,t13,t14,t15,t4,t7,t11,t7,t11,t7,t11,t7,t12,t16
t1,t2,t4,t7,t12,t16
t4,t7,t11,t7,t11,t7,t12,t14,t15,t4,t7,t11,t7,t12,t16
t1,t2,t4,t7,t12,t14,t15,t4,t7,t11,t7,t12,t16
t1,t2,t4,t7,t11,t7,t12,t16
t1,t2,t4,t7,t11,t7,t11,t7,t11,t7,t12,t14,t15,t4,t7,t12,t14,t15,t4,t7,t12,t14,t15,t4,t7,t11,t7,t11,t7,t12,t14,t15,t4,t7,t11,t7,t11,t7,t11,t7,t12,t16
t1,t2,t4,t7,t12,t16
t1,t3,t5,t6,t10,t8,t9,t13,t16
t1,t2,t4,t7,t12,t16
t1,t3,t5,t6,t8,t10,t9,t13,t16
t1,t3,t5,t6,t10,t9,t8,t13,t14,t15,t4,t7,t11,t7,t12,t14,t15,t4,t7,t12,t16
t1,t2,t4,t7,t11,t7,t12,t14,t15,t4,t7,t11,t7,t11,t7,t11,t7,t11,t7,t11,t7,t11,t7,t12,t16
t1,t3,t5,t8,t6,t10,t9,t13,t14,t15,t4,t7,t11,t7,t11,t7,t12,t16
t1,t3,t5,t8,t6,t9,t10,t13,t14,t15,t4,t7,t12,t14,t15,t4,t7,t11,t7,t12,t14,t15,t4,t7,t11,t7,t11,t7,t12,t14,t15,t4,t7,t12,t14,t15,t4,t7,t12,t14,t15,t4,t7,t12,t16
t1,t3,t5,t6,t8,t10,t9,t13,t16
t1,t3,t5,t6,t10,t8,t9,t13,t14,t15,t4,t7,t12,t16
t1,t2,t4,t7,t11,t7,t11,t7,t12,t16
t1,t3,t5,t6,t8,t10,t9,t13,t16
t1,t3,t5,t6,t10,t8,t9,t13,t14,t15,t4,t7,t11,t7,t11,t7,t11,t7,t12,t14,t15,t4,t7,t11,t7,t12,t16
t1,t3,t6,t5,t9,t8,t10,t13,t16
t1,t3,t5,t6,t10,t8,t9,t13,t14,t15,t4,t7,t12,t16
t1,t3,t5,t6,t8,t9,t10,t13,t16
t5,t10,t8,t13,t14,t15,t4,t7,t12,t16
t1,t3,t5,t8,t6,t9,t10,t13,t16
t1,t2,t4,t7,t11,t7,t11,t7,t12,t16
t1,t3,t5,t6,t8,t10,t9,t13,t16
t1,t3,t5,t6,t8,t9,t10,t13,t16
t1,t3,t5,t6,t8,t10,t9,t13,t14,t15,t4,t7,t11,t7,t11,t7,t12,t16
t1,t3,t5,t8,t6,t9,t10,t13,t14,t15,t4,t7,t12,t14,t15,t4,t7,t11,t7,t12,t16
t1,t3,t5,t8,t6,t10,t9,t13,t14,t15,t4,t7,t11,t7,t12,t16
t1,t3,t5,t6,t8,t10,t9,t13,t16
t1,t3,t6,t10,t5,t9,t8,t13,t16
t1,t2,t4,t7,t12,t16
t1,t2,t4,t7,t11,t7,t12,t14,t15,t4,t7,t12,t16
t1,t3,t6,t5,t9,t8,t10,t13,t16
t1,t3,t6,t5,t10,t8,t9,t13,t16
t1,t3,t5,t6,t8,t10,t9,t13,t16
t1,t2,t4,t7,t12,t16
t1,t3,t6,t5,t8,t9,t10,t13,t14,t15,t4,t7,t11,t7,t12,t14,t15,t4,t7,t12,t14,t15,t4,t7,t12,t14,t15,t4,t7,t11,t7,t12,t16
t1,t3,t5,t6,t8,t10,t9,t13,t16
t1,t3,t6,t5,t9,t8,t10,t13,t16
t1,t2,t4,t7,t12,t16
t1,t2,t4,t7,t11,t7,t11
t1,t2,t4,t7,t12,t16
t1,t3,t6,t10,t5,t8,t9,t13,t16
t1,t2,t4,t7,t11,t7,t11,t7,t12,t16
t1,t3,t5,t8,t6,t10,t9,t13,t16
t1,t3,t5,t8,t6,t9,t10,t13,t16
t1,t3,t6,t5,t8,t10,t9,t13,t14,t15,t4,t7,t12,t16
t1,t3,t5,t8,t6,t10,t9,t13,t14,t15,t4,t7,t12,t14,t15,t4,t7,t12,t14,t15,t4,t7,t12,t16
t1,t2,t4,t7,t11,t7,t12,t14,t15,t4,t7,t12,t16
t1,t2,t4,t7,t12,t16
t1,t2,t4,t7,t12,t14,t15,t4,t7,t12,t14,t15,t4,t7,t12,t16
t1,t3,t5,t6,t9,t10,t8,t13,t16
t1,t3,t6,t5,t10,t8,t9,t13,t16
t1,t2,t4,t7,t12,t16
t1,t3,t6,t5,t9,t8,t10,t13,t14,t15,t4,t7,t12,t16
t1,t2,t4,t7,t11,t7,t12,t14,t15,t4,t7,t12,t16
t1,t2,t4,t7,t12,t14,t15,t4,t7,t11,t7,t12,t16
t1,t3,t6,t5,t10,t8,t9,t13,t16
t1,t3,t6,t5,t10,t9,t8,t13,t16
t1,t3,t6,t5,t9,t10,t8,t13,t14,t15,t4,t7,t12,t14,t15,t4,t7,t12,t14,t15,t4,t7,t12,t14,t15,t4,t7,t11,t7,t11,t7,t12,t16
t4,t7,t12,t16
t1,t2,t4,t7,t11,t7,t12,t16
t1,t2,t4,t7,t11,t7,t12,t14,t15,t4,t7,t11,t7,t11,t7,t12,t16
t1,t2,t4,t7,t12,t16
t1,t2,t4,t7,t11,t7,t11,t7,t11,t7,t12,t14,t15,t4,t7,t11,t7,t12,t14,t15,t4,t7,t12,t16
t1,t2,t4,t7,t12,t14,t15,t4,t7,t11,t7,t11,t7,t11,t7,t11,t7,t11,t7,t12,t16
t1,t3,t6,t9,t5,t10,t8,t13,t16
t1,t2,t4,t7,t12,t16
t1,t3,t6,t5,t9,t8,t10,t13,t14,t15,t4,t7,t12,t14,t15,t4,t7,t12,t16
t1,t2,t4,t7,t11,t7,t11,t7,t11,t7,t11,t7,t12,t14,t15,t4,t7,t12,t16
t1,t2,t4,t7,t12,t16
t1,t3,t5,t6,t9,t10,t8,t13,t16
t1,t2,t4,t7,t12,t16
t1,t2,t4,t7,t11,t7,t12,t14,t15,t4,t7,t12,t14,t15,t4,t7,t11,t7,t11,t7,t11,t7,t11,t7,t12,t14,t15,t4,t7,t11,t7,t11,t7,t12,t16
t1,t3,t5,t6,t10,t9,t8,t13,t16
t1,t3,t6,t9,t5,t10,t8,t13,t16
t1,t3,t5,t8,t6,t9,t10,t13,t14,t15,t4,t7,t11,t7,t11,t7,t11,t7,t12,t14,t15,t4,t7,t11,t7,t11,t7,t12,t14,t15,t4,t7,t12,t14,t15,t4,t7,t11,t7,t12,t14,t15,t4,t7,t12,t16
t1,t2,t4,t7,t12,t14,t15,t4,t7,t11,t7,t12,t14,t15,t4,t7,t12,t14,t15,t4,t7,t11,t7,t11,t7,t12,t16
t1,t3,t6,t5,t9,t10,t8,t13,t14,t15,t4,t7,t11,t7,t11,t7,t11,t7,t12,t16
t1,t2,t4,t7,t11,t7,t11,t7,t11,t7,t12,t14,t15,t4,t7,t12,t16
t5,t9,t8,t13,t14,t15,t4,t7,t12,t14,t15,t4,t7,t11,t7,t11,t7,t11,t7,t12,t14,t15,t4,t7,t11,t7,t11,t7,t12,t14,t15,t4,t7,t11,t7,t12,t16
t1,t2,t4,t7,t12,t14,t15,t4,t7,t11,t7,t12,t14,t15,t4,t7,t12,t14,t15,t4,t7,t12,t16
t1,t3,t6,t9,t10,t5,t8,t13,t14,t15,t4,t7,t11,t7,t12,t14,t15,t4,t7,t11,t7,t11,t7,t12,t16
t1,t3,t6,t5,t9,t10,t8,t13,t16
t1,t3,t6,t5,t10,t8,t9,t13,t16
t1,t3,t6,t5,t9,t10,t8,t13,t16
t1,t2,t4,t7,t11,t7,t11,t7,t11,t7,t11,t7,t12,t14,t15,t4,t7,t12,t16
t1,t2,t4,t7,t12,t16
t1,t2,t4,t7,t11,t7,t11,t7,t11,t7,t12,t14,t15,t4,t7,t11,t7,t12,t16
t1,t2,t4,t7,t12,t16
t1,t2,t4,t7,t12,t16
t1,t3,t6,t9,t5,t10,t8,t13,t14,t15,t4,t7,t11,t7,t12,t14,t15,t4,t7,t12,t14,t15,t4,t7,t11,t7,t12,t14,t15,t4,t7,t12,t16
t1,t2,t4,t7,t12,t16
t1,t3,t6,t5,t8,t9,t10,t13,t14,t15,t4,t7,t11,t7,t11,t7,t11,t7,t12,t14,t15,t4,t7,t11,t7,t12,t16
t1,t2,t4,t7,t11,t7,t11,t7,t12,t16
t1,t3,t6,t5,t10,t9,t8,t13,t14,t15,t4,t7,t12,t16
t1,t2,t4,t7,t12,t14,t15,t4,t7,t11,t7,t12,t16
t1,t3,t6,t5,t9,t8,t10,t13,t16
t1,t3,t5,t6,t9,t10,t8,t13,t14,t15,t4,t7,t12,t14,t15,t4,t7,t11,t7,t11,t7,t11,t7,t11,t7,t11,t7,t12,t16
t1,t3,t6,t5,t10,t9,t8,t13,t16
t9,t3,t6,t1,t10,t5,t8,t13,t16
t1,t2,t4,t7,t12,t14,t15,t4,t7,t12,t16
t1,t2,t4,t7,t11,t7,t11,t7,t12,t16
t1,t2,t4,t7,t11,t7,t12,t16
t1,t3,t5,t8,t6,t9,t10,t13,t16
t1,t3,t5,t8,t6,t9,t10,t13,t16
t1,t3,t5,t8,t6,t9,t10,t13,t14,t15,t4,t7,t12,t16
t1,t3,t5,t6,t8,t9,t10,t13,t14,t15,t4,t7,t12,t16
t1,t2,t4,t7,t11,t7,t11,t7,t12,t16
t1,t3,t5,t6,t8,t9,t10,t13,t16
t1,t2,t4,t7,t12,t14,t15,t4,t7,t12,t16
t1,t3,t6,t10,t9,t5,t8,t13,t14,t15,t4,t7,t12,t16
t1,t2,t4,t7,t12,t14,t15,t4,t7,t11,t7,t12,t16
t1,t2,t4,t7,t11,t7,t11,t7,t11,t7,t11,t7,t12,t16
t1,t2,t4,t7,t11,t7,t11,t7,t12,t16
t1,t3,t5,t6,t8,t10,t9,t13,t16
t1,t3,t5,t6,t10,t9,t8,t13,t14,t15,t4,t7,t11,t7,t12,t14,t15,t4,t7,t11,t7,t11,t7,t12,t16
t1,t2,t4,t7,t12,t14,t15,t4,t7,t11,t7,t11,t7,t11,t7,t11,t7,t11,t7,t12,t16
t1,t3,t5,t6,t8,t9,t10,t13,t14,t15,t4,t7,t12,t16
t1,t2,t4,t7,t12,t16
t1,t2,t4,t7,t7,t12,t16
t1,t2,t4,t7,t11,t7,t11,t7,t11,t7,t12,t14,t15,t4,t7,t12,t14,t15,t4,t7,t11,t7,t12,t16
t1,t3,t5,t6,t8,t9,t10,t13,t14,t15,t4,t7,t11,t7,t11,t7,t11,t7,t11,t7,t12,t14,t15,t4,t7,t12,t16
t1,t3,t5,t6,t10,t8,t9,t13,t16
t1,t2,t4,t7,t11,t7,t12,t14,t15,t4,t7,t12,t14,t15,t4,t7,t12,t16
t1,t3,t5,t6,t8,t10,t9,t13,t16
t1,t2,t4,t7,t11,t7,t11,t7,t11,t7,t12,t14,t15,t4,t7,t12,t14,t15,t4,t7,t12,t14,t15,t4,t7,t11,t7,t12,t14,t15,t4,t7,t11,t7,t11,t7,t12,t14,t15,t4,t7,t12,t14,t15,t4,t7,t12,t16
t1,t2,t4,t7,t11,t7,t11,t7,t11,t7,t12,t14,t15,t4,t7,t11,t7,t11,t7,t12,t16
t1,t2,t4,t7,t12,t16
t1,t3,t6,t5,t10,t8,t9,t13,t16
t1,t2,t4,t7,t12,t16
t1,t2,t4,t7,t11,t7,t12,t14,t15,t4,t7,t12,t14,t15,t4,t7,t12,t16
t1,t3,t6,t5,t10,t8,t9,t13,t14,t15,t4,t7,t12,t16
t1,t2,t4,t7,t11,t7,t11,t7,t11,t7,t11,t7,t11,t7,t11,t7,t12,t14,t15,t4,t7,t12,t16
t1,t3,t6,t5,t9,t8,t10,t13,t14,t15,t4,t7,t11,t7,t11,t7,t11,t7,t12,t14,t15,t4,t7,t11,t7,t12,t14,t15,t4,t7,t11,t7,t12,t14,t15,t4,t7,t12,t14,t15,t4,t7,t12,t16
t1,t3,t5,t8,t6,t10,t9,t13,t14,t15,t4,t7,t11,t7,t12,t16
t1,t3,t6,t9,t5,t8,t10,t13,t16
t1,t2,t4,t7,t12,t14,t15,t4,t7,t12,t16
t1,t3,t5,t6,t8,t10,t9,t13,t14,t15,t4,t7,t12,t16
t1,t2,t4,t7,t11,t7,t12,t14,t15,t4,t7,t12,t14,t15,t4,t7,t11,t7,t12,t14,t15,t4,t7,t11,t7,t12,t14,t15,t4,t7,t11,t7,t11,t7,t12,t16
t1,t3,t6,t5,t9,t8,t10,t13,t14,t15
t1,t3,t5,t6,t8,t10,t9,t13,t14,t15,t4,t7,t11,t7,t11,t7,t12,t14,t15,t4,t7,t12,t16
t1,t2,t4,t7,t11,t7,t12,t14,t15,t4,t7,t11,t7,t12,t14,t15,t4,t7,t12,t16
t1,t2,t4,t7,t12,t16
t1,t2,t4,t7,t12,t14,t15,t4,t7,t12,t14,t15,t4,t7,t11,t7,t12,t14,t15,t4,t7,t12,t16
t1,t3,t5,t6,t9,t8,t10,t13,t14,t15,t4,t7,t11,t7,t11,t7,t11,t7,t11,t7,t11,t7,t11,t7,t11,t7,t11,t7,t11,t7,t11,t7,t12,t16
t1,t2,t4,t7,t11,t7,t12,t14,t15,t4,t7,t12,t16
t1,t2,t4,t7,t11,t7,t12,t14,t15,t4,t7,t12,t16
t1,t3,t6,t5,t10,t8,t9,t13,t16
t1,t2,t4,t7,t11,t7,t12,t14,t15,t4,t7,t11,t7,t11,t7,t12,t16
t1,t3,t6,t5,t10,t8,t9,t13,t16
t1,t2,t4,t7,t12,t16
t1,t3,t6,t5,t10,t8,t9,t13,t16
t1,t2,t4,t7,t11,t7,t11,t7,t11,t7,t11,t7,t12,t16
t1,t2,t4,t7,t11,t7,t12,t14,t15,t4,t7,t12,t14,t15,t4,t7,t11,t7,t12,t14,t15,t4,t7,t12,t14,t15,t4,t7,t12,t16
t1,t2,t4,t7,t12,t16
t1,t2,t4,t7,t12,t14,t15,t4,t7,t12,t14,t15,t4,t7,t11,t7,t11,t7,t12,t16
t1,t3,t5,t6,t8,t9,t10,t13,t14,t15,t4,t7,t12,t14,t15,t4,t7,t11,t7,t12,t14,t15,t4,t7,t11,t7,t12,t14,t15,t4,t7,t12,t14,t15,t4,t7,t12,t16
t1,t2,t4,t7,t11,t7,t11,t7,t11,t7,t12,t16
t1,t2,t4,t7,t11,t7,t12,t14,t15,t4,t7,t11,t7,t11,t7,t11,t7,t12,t16
t1,t3,t5,t6,t10,t9,t13,t16
t1,t2,t4,t7,t12,t16
t1,t3,t5,t6,t9,t8,t10,t13,t16
t1,t3,t5,t6,t9,t10,t8,t13,t16
t1,t2,t4,t7,t12,t14,t15,t4,t7,t11,t7,t11,t7,t12,t14,t15,t4,t7,t11,t7,t12,t16
t1,t2,t4,t7,t11,t7,t11,t7,t12,t14,t15,t4,t7,t11,t7,t11,t7,t12,t14,t15,t4,t7,t11,t7,t11,t7,t11,t7,t12,t16
t1,t2,t4,t7,t12,t16
t1,t3,t6,t10,t9,t5,t8,t13,t14,t15,t4,t7,t11,t7,t11,t7,t12,t14,t15,t4,t7,t12,t16
t1,t2,t4,t7,t11,t7,t12,t16
t1,t3,t5,t6,t8,t9,t10,t13,t14,t15,t4,t7,t12,t16
t1,t2,t4,t7,t11,t7,t11,t7,t11,t7,t12,t16
t1,t2,t4,t7,t12,t14,t15,t4,t7,t12,t14,t15,t4,t7,t12,t14,t15,t4,t7,t12,t16
t1,t3,t5,t6,t8,t10,t9,t13,t16
t1,t3,t6,t9,t10,t5,t8,t13,t16
t1,t2,t4,t7,t11,t7,t11,t7,t11,t7,t11,t7,t11,t7,t12,t14,t15,t4,t7,t12,t16
t1,t2,t4,t7,t11,t7,t12,t14,t15,t4,t7,t11,t7,t11,t7,t11,t7,t12,t14,t15,t4,t7,t12,t14,t15,t4,t7,t11,t7,t12,t14,t15,t4,t7,t11,t7,t11,t7,t12,t16
t1,t3,t6,t9,t5,t10,t8,t13,t16
t1,t2,t4,t7,t12,t14,t15,t4,t7,t12,t14,t15,t4,t7,t12,t16
t1,t3,t6,t9,t5,t10,t8,t13,t16
t1,t3,t6,t5,t9,t10,t8,t13,t16
t2,t4,t7,t12,t16
t1,t2,t4,t7,t11,t7,t12,t14,t15,t4,t7,t11,t7,t11,t7,t11,t7,t12,t16
t1,t3,t6,t9,t5,t10,t8,t13,t16
t1,t3,t6,t5,t9,t10,t8,t13,t14,t15,t4,t7,t11,t7,t12,t14,t15,t4,t7,t12,t16
t1,t2,t4,t7,t12,t14,t15,t4,t7,t11,t7,t12,t16
t1,t3,t5,t8,t6,t10,t9,t13,t16
t1,t2,t4,t7,t12,t16
t1,t3,t6,t5,t10,t9,t8,t13,t16
t1,t2,t4,t7,t11,t7,t11,t7,t12,t14,t15,t4,t7,t12,t16
t1,t3,t5,t8,t6,t9,t10,t13,t14,t15,t4,t7,t12,t16
t1,t3,t5,t6,t8,t9,t10,t13,t14,t15,t4,t7,t11,t7,t12,t16
t1,t2,t4,t7,t11,t7,t12,t14,t15,t4,t7,t12,t16
t1,t2,t4,t7,t12,t16
t1,t3,t6,t10,t5,t9,t8,t13,t14,t15,t4,t7,t12,t16
t1,t2,t4,t7,t12,t14,t15,t4,t7,t12,t14,t15,t4,t7,t11,t7,t12,t16
t1,t2,t4,t7,t11,t7,t11,t7,t12,t16
t1,t2,t4,t7,t12,t16
t1,t2,t4,t7,t11,t7,t12,t14,t15,t4,t7,t12,t14,t15,t4,t7,t12,t14,t15,t4,t7,t12,t16
t1,t3,t5,t6,t10,t8,t9,t13,t14,t15,t4,t7,t12,t16
t1,t3,t6,t5,t8,t9,t10,t13,t16
t1,t2,t4,t7,t7,t11,t11,t7,t11,t7,t11,t7,t12,t16
t1,t2,t4,t7,t11,t7,t12,t14,t15,t4,t7,t12,t16
t1,t3,t5,t6,t8,t10,t9,t13,t16
t1,t3,t5,t6,t9,t8,t10,t13,t16
t1,t2,t4,t7,t11,t7,t12,t14,t15,t4,t7,t11,t7,t12,t14,t15,t4,t7,t12,t14,t15,t4,t7,t12,t16
t1,t3,t5,t6,t8,t10,t9,t13,t16
t1,t2,t4,t7,t12,t16
t1,t3,t5,t6,t10,t9,t8,t13,t16
t1,t3,t6,t5,t10,t8,t9,t13,t14,t15,t4,t7,t12,t16
t1,t3,t5,t6,t8,t9,t10,t13,t14,t15,t4,t7,t11,t7,t12,t16
t1,t3,t6,t5,t10,t8,t9,t13,t16
t1,t2,t4,t7,t12,t16
t1,t2,t4,t7,t12,t14,t15,t4,t7,t11,t7,t12,t16
t1,t2,t4,t7,t12,t16
t1,t2,t4,t7,t11,t7,t11,t7,t11,t7,t11,t7,t12,t14,t15,t4,t7,t12,t14,t15,t4,t7,t12,t14,t15,t4,t7,t12,t14,t15,t4,t7,t12,t14,t15,t4,t7,t11,t7,t11,t7,t11,t7,t12,t14,t15,t4,t7,t12,t16
t1,t2,t4,t7,t12,t14,t15,t4,t7,t11,t7,t12,t16
t1,t2,t4,t7,t12,t16
t1,t2,t4,t7,t12,t14,t15,t4,t7,t12,t16
t1,t3,t6,t5,t9,t10,t8,t13,t16
t1,t2,t4,t7,t11,t7,t12,t14,t15,t4,t7,t12,t16
t3,t1,t6,t5,t10,t8,t9,t13,t16
t1,t2,t4,t7,t11,t7,t12,t14,t15,t4,t7,t12,t16
t1,t2,t4,t7,t12,t16
t1,t2,t4,t7,t11,t7,t11,t7,t11,t7,t11,t7,t11,t7,t11,t7,t12,t16
t1,t3,t5,t8,t6,t10,t9,t13,t16
t1,t3,t6,t9,t10,t5,t8,t13,t16
t1,t2,t4,t7,t11,t7,t11,t7,t12,t16
t1,t2,t4,t7,t11,t7,t11,t7,t12,t16
t1,t2,t4,t7,t11,t7,t11,t7,t11,t7,t11,t7,t12,t14,t15,t4,t7,t12,t16
t1,t2,t4,t7,t11,t7,t11,t7,t12,t14,t15,t4,t7,t11,t7,t12,t16
t1,t2,t4,t7,t11,t7,t11,t7,t12,t14,t15,t4,t7,t11,t7,t12,t14,t15,t4,t7,t11,t7,t12,t16
t1,t3,t5,t8,t6,t9,t10,t13,t16
t1,t2,t4,t7,t12,t16
t1,t2,t4,t7,t12,t16
t1,t2,t4,t7,t11,t7,t12,t16
t1,t2,t4,t7,t12,t16
t1,t3,t5,t6,t10,t9,t8,t13,t16
t1,t3,t5,t6,t8,t9,t10,t13,t16
t1,t3,t6,t5,t10,t9,t8,t13,t14,t15,t4,t7,t11,t7,t11,t7,t11,t7,t11,t7,t11,t7,t12,t14,t15,t4,t7,t12,t16
t1,t2,t4,t7,t12,t14,t15,t4,t7,t12,t14,t15,t4,t7,t11,t7,t11,t7,t12,t14,t15,t4,t7,t12,t16
t1,t2,t4,t16
