	D/F-Table

A = t1
#A = 970
_____________________________________________________________
B	B<A	A>B	B<<<A	A>>>B	A→B
_____________________________________________________________
t1	0	0	0	0	0.0
t3	1	331	3	965	0.771885269878756
t2	2	311	3	967	0.780819912577311
t5	0	3	0	963	0.46711567254433
t4	1	322	3	966	0.788232342432981
t6	0	0	1	962	0.503105979381445
t8	0	0	0	957	0.282819767426478
t10	0	0	0	485	0.11582450594037
t12	0	1	0	482	0.0932979824871575
t14	0	1	0	938	0.107361924043052
t7	0	0	0	307	0.123904
t13	0	1	0	467	0.0731509729750132
t11	0	0	0	708	0.118422539422025
t9	0	0	0	470	0.110577309709682
_____________________________________________________________

A = t3
#A = 985
_____________________________________________________________
B	B<A	A>B	B<<<A	A>>>B	A→B
_____________________________________________________________
t1	331	1	965	3	-0.760130671860297
t3	0	0	0	0	0.0
t2	231	242	498	480	-0.00809729559390895
t5	2	320	3	977	0.773372751269027
t4	240	237	501	478	-0.00741774944162414
t6	144	148	187	886	0.461118375634512
t8	0	2	2	971	0.477063850314591
t10	0	1	1	493	0.198570342329723
t12	1	0	2	489	0.156880608288145
t14	0	0	1	952	0.180851798624422
t7	28	33	44	280	0.138506720812183
t13	0	0	1	474	0.121227991659981
t11	0	1	0	719	0.199714939606359
t9	0	0	0	476	0.184288499140223
_____________________________________________________________

A = t2
#A = 987
_____________________________________________________________
B	B<A	A>B	B<<<A	A>>>B	A→B
_____________________________________________________________
t1	311	2	967	3	-0.767371140020255
t3	242	231	480	498	0.00808088770010163
t2	0	0	0	0	0.0
t5	1	281	3	977	0.758260732887531
t4	267	243	502	478	-0.0204854468085107
t6	130	177	164	915	0.509859858156022
t8	1	0	2	972	0.464786532598922
t10	1	0	1	495	0.189856708012482
t12	0	1	1	492	0.15236781098952
t14	1	1	1	954	0.176649444779842
t7	23	51	29	293	0.167988652482269
t13	1	0	1	472	0.117648684945197
t11	0	0	0	717	0.19561914061103
t9	0	0	0	476	0.183868386629979
_____________________________________________________________

A = t5
#A = 993
_____________________________________________________________
B	B<A	A>B	B<<<A	A>>>B	A→B
_____________________________________________________________
t1	3	0	963	0	-0.456296276302115
t3	320	2	977	3	-0.767142155085591
t2	281	1	977	3	-0.753679097039268
t5	0	0	0	0	0.0
t4	119	170	804	173	-0.359206425780462
t6	192	435	480	724	0.263442497482375
t8	0	260	1	982	0.76619035585095
t10	0	2	0	499	0.316132739738167
t12	0	1	1	494	0.250219210118831
t14	0	0	1	960	0.287333638693269
t7	73	119	144	204	0.0603101711983888
t13	0	0	1	477	0.193062324205438
t11	0	2	0	724	0.317961809156898
t9	0	1	0	480	0.296585909494461
_____________________________________________________________

A = t4
#A = 984
_____________________________________________________________
B	B<A	A>B	B<<<A	A>>>B	A→B
_____________________________________________________________
t1	322	1	966	3	-0.777017654634138
t3	237	240	478	501	0.00742528780487782
t2	243	267	478	502	0.0205479024390244
t5	170	119	173	804	0.362491850406503
t4	0	0	0	0	0.0
t6	1	352	4	975	0.804824390243894
t8	0	3	1	971	0.475880179657887
t10	0	0	1	490	0.192299721186862
t12	2	0	2	486	0.151669957455506
t14	0	0	1	951	0.177566241636447
t7	0	1	0	311	0.184710569105691
t13	0	0	1	473	0.121392941008713
t11	0	0	0	720	0.199808381528214
t9	0	0	0	478	0.187071255710179
_____________________________________________________________

A = t6
#A = 1388
_____________________________________________________________
B	B<A	A>B	B<<<A	A>>>B	A→B
_____________________________________________________________
t1	0	0	962	1	-0.35159423631124
t3	148	144	886	187	-0.327234582132561
t2	177	130	915	164	-0.362558847262243
t5	435	192	724	480	-0.188471469740633
t4	352	1	975	4	-0.570567146974058
t6	1	1	396	396	0.0
t8	0	721	1	983	0.653008645533139
t10	0	2	0	499	0.263158501440924
t12	0	0	1	494	0.207885714812679
t14	0	0	1	959	0.242988682235849
t7	272	193	396	396	-0.0153431700288184
t13	0	2	1	477	0.16320507204611
t11	0	1	0	724	0.273527266858788
t9	0	0	0	480	0.257807492795391
_____________________________________________________________

A = t8
#A = 987
_____________________________________________________________
B	B<A	A>B	B<<<A	A>>>B	A→B
_____________________________________________________________
t1	0	0	957	0	-0.277948504968271
t3	2	0	971	2	-0.476097155582444
t2	0	1	972	2	-0.464786532598922
t5	260	0	982	1	-0.770848047983782
t4	3	0	971	1	-0.474433735342817
t6	721	0	983	1	-0.918314083080037
t8	0	0	0	0	0.0
t10	0	499	0	500	0.505987436676798
t12	0	0	1	494	0.398966792299902
t14	0	0	1	955	0.46113618292518
t7	1	0	318	0	-0.233144478216819
t13	0	0	1	471	0.305177159067879
t11	0	0	0	718	0.511481256332324
t9	0	480	0	480	0.486322188449848
_____________________________________________________________

A = t10
#A = 504
_____________________________________________________________
B	B<A	A>B	B<<<A	A>>>B	A→B
_____________________________________________________________
t1	0	0	485	0	-0.22291621182968
t3	1	0	493	1	-0.388078942846781
t2	0	1	495	1	-0.371802719857778
t5	2	0	499	0	-0.622856766984126
t4	0	0	490	1	-0.375442312793397
t6	2	0	499	0	-0.724730158730162
t8	499	0	500	0	-0.990892063492063
t10	0	0	0	0	0.0
t12	0	497	1	498	0.986111111111111
t14	0	0	1	489	0.572941813894715
t7	0	0	162	0	-0.186516825396825
t13	0	1	1	245	0.388552152380954
t11	0	0	0	243	0.308888888888888
t9	0	0	0	0	0.0
_____________________________________________________________

A = t12
#A = 501
_____________________________________________________________
B	B<A	A>B	B<<<A	A>>>B	A→B
_____________________________________________________________
t1	1	0	482	0	-0.180636812400285
t3	0	1	489	2	-0.308437922482679
t2	1	0	492	1	-0.300173711470372
t5	1	0	494	1	-0.495943464367265
t4	0	2	486	2	-0.29789069488267
t6	0	0	494	1	-0.575938866586822
t8	0	0	494	1	-0.785988471057891
t10	497	0	498	1	-0.992015968063872
t12	0	0	0	0	0.0
t14	0	248	1	491	0.7224246343187
t7	0	0	160	0	-0.148063041916168
t13	0	245	2	247	0.490283887904192
t11	1	2	1	245	0.390019960079842
t9	0	0	0	0	0.0
_____________________________________________________________

A = t14
#A = 968
_____________________________________________________________
B	B<A	A>B	B<<<A	A>>>B	A→B
_____________________________________________________________
t1	1	0	938	0	-0.107583746200165
t3	0	0	952	1	-0.184027914922578
t2	1	1	954	1	-0.180116737600934
t5	0	0	960	1	-0.294754445477702
t4	0	0	951	1	-0.18050122083705
t6	0	0	959	1	-0.348417655933222
t8	0	0	955	1	-0.47018740965615
t10	0	0	489	1	-0.298308547730306
t12	248	0	491	1	-0.373899526646352
t14	0	0	0	0	0.0
t7	0	0	309	0	-0.0905407458264808
t13	1	0	471	0	-0.388725102630086
t11	717	0	718	0	-0.741528925619835
t9	0	0	471	0	-0.293938772191127
_____________________________________________________________

A = t7
#A = 397
_____________________________________________________________
B	B<A	A>B	B<<<A	A>>>B	A→B
_____________________________________________________________
t1	0	0	307	0	-0.302737732997481
t3	33	28	280	44	-0.343650176322418
t2	51	23	293	29	-0.417644332493702
t5	119	73	204	144	-0.150851385390428
t4	1	0	311	0	-0.457821662468514
t6	193	272	396	396	0.0536431234256925
t8	0	1	0	318	0.579631234256928
t10	0	0	0	162	0.236787103274559
t12	0	0	0	160	0.186850337531486
t14	0	0	0	309	0.220764337430815
t7	0	0	77	77	0.0
t13	0	0	1	145	0.134313720906801
t11	0	0	0	233	0.238343867002519
t9	0	0	0	155	0.225628211586902
_____________________________________________________________

A = t13
#A = 911
_____________________________________________________________
B	B<A	A>B	B<<<A	A>>>B	A→B
_____________________________________________________________
t1	1	0	467	0	-0.0778885222675772
t3	0	0	474	1	-0.131075270894711
t2	0	1	472	1	-0.127463503886838
t5	0	0	477	1	-0.2104400526191
t4	0	0	473	1	-0.131120366578017
t6	2	0	477	1	-0.248659319429199
t8	0	0	471	1	-0.330636504939623
t10	1	0	245	1	-0.214961893304062
t12	245	0	247	2	-0.269629229242591
t14	0	1	0	471	0.413047090390695
t7	0	0	145	1	-0.0585318849615806
t13	1	1	431	431	0.0
t11	661	902	661	903	0.264662320727113
t9	0	0	227	0	-0.1993413830955
_____________________________________________________________

A = t11
#A = 1385
_____________________________________________________________
B	B<A	A>B	B<<<A	A>>>B	A→B
_____________________________________________________________
t1	0	0	708	0	-0.0829385294147035
t3	1	0	719	0	-0.142035534665894
t2	0	0	717	0	-0.139405120421001
t5	2	0	724	0	-0.22796828627639
t4	0	0	720	0	-0.14195772377167
t6	1	0	724	0	-0.274119744693139
t8	0	0	718	0	-0.364499638989172
t10	0	0	243	0	-0.112404332129964
t12	2	1	245	1	-0.141083032490975
t14	0	717	0	718	0.51826714801444
t7	0	0	233	0	-0.0683195055595669
t13	902	661	903	661	-0.174084746702094
t11	0	0	658	658	0.0
t9	477	0	477	0	-0.344404332129964
_____________________________________________________________

A = t9
#A = 481
_____________________________________________________________
B	B<A	A>B	B<<<A	A>>>B	A→B
_____________________________________________________________
t1	0	0	470	0	-0.222993743073579
t3	0	0	476	0	-0.377389130255966
t2	0	0	476	0	-0.377293342211619
t5	1	0	480	0	-0.612286503384614
t4	0	0	478	0	-0.382698785070303
t6	0	0	480	0	-0.743943451143456
t8	480	0	480	0	-0.997920997920998
t10	0	0	0	0	0.0
t12	0	0	0	0	0.0
t14	0	0	0	471	0.591544140293162
t7	0	0	155	0	-0.186225363825364
t13	0	0	0	227	0.377546777546778
t11	0	477	0	477	0.991683991683992
t9	0	0	0	0	0.0
_____________________________________________________________


	D/F-Graph

[t1,t3]  	 → euristica 1
[t1,t2]  	 → euristica 1
[t1,t4]  	 → euristica 1
[t3,t5]  	 → euristica 1
[t2,t5]  	 → euristica 1
[t5,t8]  	 → euristica 1
[t4,t6]  	 → euristica 1
[t6,t8]  	 → euristica 1
[t8,t10]  	 → euristica 1
[t8,t9]  	 → euristica 1
[t10,t12]  	 → euristica 1
[t12,t14]  	 → euristica 1
[t12,t13]  	 → euristica 1
[t11,t14]  	 → euristica 1
[t9,t11]  	 → euristica 1


	WF-Net

Split:

t1	(t4) AND (t2) AND (t3)
t3	(t5)
t2	(t5)
t5	(t8)
t4	(t6)
t6	(t8)
t8	(t10 OR t9)
t10	(t12)
t12	(t14 OR t13)
t14	()
t7	()
t13	()
t11	(t14)
t9	(t11)


Join:

t1	()
t3	(t1)
t2	(t1)
t5	(t2) AND (t3)
t4	(t1)
t6	(t4)
t8	(t6) AND (t5)
t10	(t8)
t12	(t10)
t14	(t12 OR t11)
t7	()
t13	(t12)
t11	(t9)
t9	(t8)
