t1,t3,t2,t5,t4,t6,t8,t10,t12,t14
t1,t4,t2,t3,t6,t5,t7,t6,t8,t10,t12,t13,t11,t14
t1,t4,t3,t2,t5,t6,t8,t10,t12,t13,t11,t14
t1,t3,t4,t6,t2,t5,t8,t10,t12,t14
t1,t2,t4,t6,t7,t3,t5,t6,t8,t9,t11,t14
t1,t3,t4,t2,t5,t6,t8,t10,t12,t14
t1,t2,t3,t4,t5,t6,t8,t9,t11,t13,t11,t13,t11,t13,t11,t13,t11,t13,t11,t13,t11,t14
t1,t2,t4,t3,t5,t6,t8,t9,t11,t13,t11,t13,t11,t14
t1,t2,t3,t5,t4,t6,t8,t9,t11,t13,t11,t14
t1,t13,t2,t4,t6,t7,t5,t6,t8,t10,t12,t3,t11,t14
t1,t3,t4,t2,t6,t5,t7,t6,t8,t9,t11,t13,t11,t14
t1,t3,t4,t2,t5,t6,t8,t10,t12,t13,t11,t13,t11,t14
t1,t4,t6,t2,t7,t3,t5,t6,t8,t9,t11,t14
t1,t3,t2,t4,t5,t6,t8,t10,t12,t14
t1,t3,t4,t6,t2,t5,t7,t6,t8,t10,t12,t14
t1,t3,t2,t4,t5,t6,t8,t9,t11,t14
t1,t3,t4,t6,t2,t5,t8,t9,t11,t14
t1,t3,t2,t4,t5,t6,t8,t10,t12,t14
t1,t4,t3,t6,t2,t5,t8,t9,t11,t13,t11,t13,t11,t13,t11,t13,t11,t13,t11,t14
t1,t3,t4,t6,t2,t7,t6,t5,t8,t10,t12,t13
t1,t4,t2,t3,t5,t6,t8,t9,t11,t14
t1,t3,t4,t6,t2,t5,t8,t9,t11,t14
t1,t4,t2,t6,t7,t6,t3,t5,t7,t6,t8,t10,t12,t13,t11,t14
t1,t3,t2,t4,t5,t6,t8,t10,t12,t13,t11,t13,t11,t13,t11,t13,t11,t13,t11,t14
t1,t4,t2,t3,t6,t5,t7,t6,t8,t10,t12,t13,t11,t14
t1,t2,t3,t5,t4,t6,t8,t10,t12,t14
t1,t4,t2,t3,t5,t6,t8,t10,t12,t13,t11,t14
t1,t3,t4,t6,t7,t2,t5,t6,t7,t6,t8,t10,t12,t14
t1,t3,t2,t4,t5,t6,t8,t9,t11,t13,t11,t13,t11,t14
t1,t4,t3,t6,t7,t2,t6,t10,t12,t13,t11,t14
t1,t3,t4,t2,t5,t6,t8,t9,t11,t13,t11,t14
t1,t2,t4,t3,t5,t6,t8,t10,t12,t13,t11,t14
t1,t3,t4,t6,t7,t6,t2,t5,t8,t10,t12,t14
t1,t4,t2,t6,t3,t5,t8,t10,t12,t13,t11,t13,t11,t14
t1,t2,t4,t3,t5,t6,t8,t9,t11,t13,t11,t14
t1,t4,t2,t3,t5,t6,t8,t9,t11,t14
t1,t2,t3,t4,t5,t6,t8,t10,t12,t13,t11,t14
t1,t2,t3,t5,t4,t6,t8,t9,t11,t13,t11,t14
t1,t2,t4,t6,t7,t6,t7,t6,t3,t7,t5,t6,t8,t10,t12,t13,t11,t13,t11,t13,t11,t13,t11,t13,t11,t13,t11,t14
t1,t2,t4,t6,t7,t3,t5,t6,t8,t10,t12,t11,t13,t14
t1,t4,t2,t6,t3,t7,t5,t6,t8,t10,t12,t13,t11,t13,t11,t13,t11,t13,t11,t13,t11,t14
t1,t4,t3,t6,t7,t2,t5,t6,t8,t10,t12,t13,t11,t14
t1,t4,t2,t6,t7,t3,t6,t5,t8,t10,t12,t14
t1,t2,t4,t6,t3,t5,t8,t10,t12,t14
t1,t3,t2,t4,t5,t6,t7,t6,t8,t10,t12,t14
t1,t4,t2,t6,t3,t5,t8,t9,t11,t14
t1,t3,t4,t2,t6,t5,t8,t9,t11,t13,t11,t13,t11,t14
t1,t4,t3,t2,t5,t6,t8,t9,t11,t14
t1,t2,t3,t4,t5,t6,t8,t9,t11,t14
t4,t2,t6,t3,t5,t8,t10,t12,t14
t1,t4,t3,t2,t5,t6,t8,t9,t11,t14
t1,t3,t4,t2,t5,t6,t8,t9,t11,t13,t11,t13,t11,t14
t1,t3,t2,t4,t5,t6,t8,t9,t11,t14
t1,t4,t6,t3,t2,t5,t7,t6,t8,t10,t12,t13,t11,t14
t1,t3,t2,t4,t5,t6,t8,t9,t11,t13,t11,t13,t11,t13,t11,t14
t1,t3,t2,t4,t5,t6,t8,t9,t11,t13,t11,t14
t1,t2,t4,t3,t6,t5,t8,t10,t12,t13,t11,t13,t11,t13,t11,t13,t11,t14
t1,t3,t2,t5,t4,t6,t7,t6,t8,t10,t12,t14
t1,t2,t3,t5,t4,t6,t8,t9,t11,t14
t2,t5,t4,t6,t8,t10,t12,t13,t11,t14
t1,t2,t3,t5,t4,t6,t7,t6,t8,t9,t11,t13,t11,t13,t11,t13,t11,t14
t1,t3,t2,t4,t5,t6,t8,t10,t12,t13,t11,t14
t1,t2,t3,t5,t4,t6,t8,t10,t12,t14
t1,t3,t4,t6,t2,t7,t5,t6,t8,t9,t11,t13,t11,t14
t1,t2,t4,t3,t5,t6,t8,t10,t12,t14
t1,t4,t2,t6,t3,t5,t7,t6,t8,t9,t11,t13,t11,t13,t11,t14
t1,t2,t3,t4,t5,t6,t8,t10,t12,t13,t11,t14
t1,t2,t3,t5,t4,t6,t8,t9,t11,t13,t11,t14
t1,t3,t4,t6,t2,t7,t5,t6,t8,t10,t12,t14
t5,t4,t6,t8,t9,t11,t14
t1,t4,t2,t3,t5,t6,t8,t10,t12,t14
t1,t4,t3,t6,t2,t5,t7,t6,t8,t9,t11,t13,t11,t13,t11,t14
t1,t3,t4,t6,t2,t5,t8,t9,t11,t13,t11,t13,t11,t13,t11,t14
t1,t3,t2,t5,t4,t6,t8,t9,t11,t13,t11,t13,t11,t13,t11,t14
t1,t4,t3,t6,t2,t7,t5,t6,t8,t9,t11,t14
t1,t3,t4,t6,t7,t6,t2,t5,t7,t6,t8,t9,t11,t13,t11,t14
t1,t2,t4,t3,t5,t6,t8,t10,t12,t13,t11,t13,t11,t14
t1,t3,t2,t4,t6,t5,t7,t6,t8,t9,t11,t14
t1,t2,t4,t3,t6,t5,t8,t10,t12,t13,t11,t13,t11,t14
t1,t4,t2,t3,t5,t6,t8,t9
t1,t4,t2,t3,t6,t5,t8,t9,t11,t13,t11,t13,t11,t13,t11,t14
t1,t4,t2,t6,t3,t5,t7,t6,t8,t10,t12,t13,t11,t13,t11,t14
t1,t4,t3,t6,t2,t5,t8,t10,t12,t13,t11,t14
t1,t3,t2,t5,t4,t6,t8,t9,t11,t14
t1,t2,t4,t3,t5,t6,t8,t9,t11,t14
t1,t2,t3,t4,t5,t6,t8,t9,t11,t13,t11,t13,t11,t13,t11,t14
t1,t2,t4,t3,t5,t6,t8,t10,t12,t13,t11,t14
t1,t3,t4,t2,t5,t6,t8,t9,t11,t14
t1,t4,t3,t6,t7,t2,t5,t6,t8,t9,t11,t14
t1,t3,t4,t2,t5,t6,t8,t9
t1,t4,t6,t3,t7,t2,t6,t5,t7,t6,t8,t9,t11,t13,t11,t14
t1,t2,t3,t5,t4,t6,t8,t9,t11,t14
t1,t4,t3,t6,t2,t7,t6,t5,t8,t9,t11,t14
t1,t2,t4,t3,t5,t6,t8,t9,t11,t14
t1,t4,t2,t6,t3,t5,t8,t10,t12,t14
t1,t4,t2,t6,t3,t7,t5,t6,t8,t10,t12,t13,t11,t13,t11,t14
t1,t2,t3,t4,t5,t6,t8,t10,t12,t14
t1,t2,t4,t3,t5,t6,t8,t10,t12,t14
t1,t2,t4,t6,t3,t7,t5,t6,t8,t10,t12,t13,t11,t14
t1,t3,t4,t6,t2,t5,t8,t9,t11,t13
t1,t3,t2,t4,t5,t6,t8,t10,t12,t13,t11,t13,t11,t13,t11,t14
t1,t3,t2,t4,t5,t6,t8,t10,t12,t13,t11,t13,t11,t13,t11,t14
t1,t2,t3,t4,t5,t6,t8,t10,t12,t14
t1,t3,t4,t2,t5,t6,t8,t9,t11,t13,t11,t13,t11,t13,t11,t14
t1,t4,t2,t6,t7,t6,t3,t5,t8,t10,t12,t14
t1,t4,t3,t2,t6,t5,t8,t9,t11,t14
t1,t2,t3,t5,t4,t6,t8,t10,t12,t14
t1,t4,t2,t6,t3,t5,t8,t9,t11,t14
t1,t3,t4,t2,t5,t6,t8,t10,t12,t13,t11,t14
t1,t3,t2,t5,t4,t6,t7,t6,t8,t10
t1,t4,t2,t6,t3,t5,t8,t9,t11,t14
t1,t4,t3,t2,t5,t6,t8,t10,t12,t13,t11,t13,t11,t13,t11,t13,t11,t14
t1,t4,t3,t2,t6,t5,t7,t6,t8,t9,t11,t13,t11,t14
t1,t3,t2,t5,t4,t6,t8,t9,t11,t13,t11,t14
t1,t3,t2,t5,t4,t6,t8,t10,t12,t14
t1,t3,t2,t5,t4,t6,t8,t9,t11,t13,t11,t13,t11,t14
t1,t4,t2,t6,t3,t5,t8,t9,t11,t14
t1,t2,t4,t3,t5,t6,t8,t9,t11,t14
t1,t4,t2,t6,t3,t5,t8,t9,t11,t14
t1,t4,t2,t6,t3,t5,t7,t6,t8,t9
t1,t4,t3,t2,t5,t6,t8,t9,t11,t13,t11,t14
t1,t2,t4,t6,t3,t5,t8,t10,t12,t14
t1,t3,t2,t5,t4,t6,t8,t10,t12,t13,t11,t14
t1,t4,t3,t6,t7,t2,t6,t5,t8,t10,t12,t14
t1,t4,t6,t2,t3,t5,t8,t10,t12,t13,t11,t14
t1,t3,t2,t5,t4,t6,t8,t9,t11,t13,t11,t13,t11,t14
t1,t3,t4,t2,t6,t5,t8,t9,t11,t13,t11,t13,t11,t13,t11,t14
t1,t4,t2,t3,t6,t5,t8,t10,t12,t14
t1,t2,t3,t5,t4,t6,t8,t9,t11,t13,t11,t13,t11,t14
t1,t3,t4,t6,t2,t7,t5,t6,t8
t1,t4,t3,t6,t2,t7,t5,t6,t8,t10,t12,t14
t1,t3,t4,t2,t6,t7,t5,t6,t8,t9,t11,t14
t1,t2,t4,t6,t3,t5,t8,t10,t12,t14
t1,t3,t2,t4,t5,t6,t8,t9,t11,t14
t1,t4,t3,t2,t6,t5,t8,t10,t12,t13,t11,t14
t1,t4,t2,t6,t3,t5,t8,t10,t12,t14
t1,t2,t4,t3,t6,t5,t8,t10,t12,t13,t11,t13,t11,t13,t11,t14
t1,t3,t4,t6,t7,t2,t6,t5,t7,t6,t8,t9,t11,t14
t1,t3,t2,t5,t4,t6,t8,t10,t12,t14
t2,t3,t4,t6,t5,t8,t9,t11,t13,t11,t13,t11,t14
t1,t3,t4,t2,t5,t6,t8,t9,t11,t14
t1,t3,t4,t2,t5,t6,t8,t10,t12,t13,t11,t13,t11,t14
t1,t3,t2,t5,t4,t6,t8,t9,t11,t13,t11,t13,t11,t13,t11,t14
t1,t2,t4,t3,t5,t6,t8,t9,t11,t13,t11,t13,t11,t13,t11,t14
t1,t2,t4,t3,t6,t5,t7,t6,t8,t10,t12,t13,t11,t13,t11,t14
t1,t2,t4,t6,t3,t7,t5,t6,t8,t9,t11,t13,t11,t14
t1,t3,t2,t4,t6,t5,t7,t6,t8,t9,t11,t13,t11,t13,t11,t14
t1,t2,t4,t3,t6,t5,t7,t6,t8,t10,t12,t14
t1,t4,t2,t6,t3,t5,t8,t9,t11,t14
t4,t2,t3,t5,t6,t8,t10,t12,t13,t11,t13,t11,t13,t11,t14
t1,t3,t4,t6,t2,t5,t7,t6,t8,t10,t12,t13,t11,t14
t1,t3,t4,t6,t2,t5,t8,t9,t11,t14
t1,t3,t2,t4,t5,t6,t8,t10,t12,t13,t11,t13,t11,t14
t1,t2,t3,t5,t4,t6,t8,t9,t11,t14
t1,t4,t3,t6,t2,t7,t5,t6,t7,t6,t8,t9,t11,t14
t1,t4,t2,t6,t3,t7,t5,t6,t8,t9,t11,t13,t11,t13,t11,t14
t1,t4,t3,t6,t2,t7,t5,t6,t8,t10,t12,t14
t1,t3,t2,t5,t4,t6,t7,t6,t8,t10,t12,t14
t1,t3,t4,t2,t5,t6,t8,t9,t11,t14
t1,t4,t3,t6,t2,t7,t8,t10,t12,t14
t1,t2,t3,t5,t4,t6,t8,t10,t12,t13,t11,t14
t1,t4,t2,t6,t3,t5,t8,t10,t12,t14
t1,t3,t2,t5,t4,t6,t8,t9,t11,t14
t1,t2,t3,t5,t4,t6,t8,t9,t11,t13,t11,t14
t1,t2,t4,t6,t3,t5,t7,t6,t7,t6,t7,t6,t7,t6,t8,t9,t11,t14
t1,t3,t2,t5,t4,t6,t8,t9,t11,t13,t11,t14
t1,t4,t3,t2,t6,t5,t8,t10,t12,t14
t1,t4,t3,t2,t5,t6,t8,t9,t11,t13,t11,t13,t11,t14
t1,t4,t2,t6,t3,t5,t7,t6,t8,t10,t12,t14
t1,t2,t3,t5,t4,t6,t8
t1,t4,t2,t3,t6,t5,t8,t9,t11,t14
t1,t4,t3,t2,t6,t5,t7,t6,t7,t6,t7,t6,t8,t9,t11,t13,t11,t13,t11,t14
t1,t2,t4,t6,t3,t5,t8,t9,t11,t14
t1,t3,t2,t4,t5,t6,t8,t9,t11,t14
t1,t2,t4,t3,t5,t6,t8,t10,t12,t13,t11,t13,t11,t13,t11,t14
t1,t4,t2,t6,t7,t3,t6,t5,t7,t6,t8,t9,t11,t14
t1,t4,t2,t6,t7,t6,t3,t5,t8,t10,t12,t14
t1,t3,t4,t6,t7,t2,t5,t6,t8,t10,t12,t13,t11,t14
t1,t4,t3,t6,t2,t5,t7,t6,t8,t9,t11,t14
t1,t2,t3,t5,t4,t6,t13,t11,t13,t11,t14
t1,t2,t4,t3,t6,t5,t8,t10,t12,t13,t11,t13,t11,t14
t1,t3,t4,t2,t5,t6,t8,t9,t11,t13,t11,t13,t11,t13,t11,t13,t11,t13,t11,t14
t1,t2,t3,t4,t5,t6,t8,t10,t12,t14
t1,t2,t4,t6,t3,t7,t5,t6,t8,t10,t12,t14
t1,t2,t3,t4,t5,t6,t8,t10,t12,t13,t11,t14
t1,t3,t2,t5,t4,t6,t8,t10,t12,t13,t11,t14
t1,t4,t2,t3,t6,t7,t5,t6,t8,t10,t12,t13,t11,t14
t1,t4,t3,t6,t7,t2,t6,t5,t8,t9,t11,t13,t11,t13,t11,t14
t1,t2,t3,t4,t5,t6,t8,t9,t11,t14
t6,t7,t6,t2,t7,t5,t6,t8,t10,t12,t14
t1,t4,t3,t2,t5,t6,t7,t6,t7,t6,t8,t9,t11,t14
t1,t4,t3,t6,t2,t7,t5,t6,t7,t6,t8,t9,t11,t14
t1,t3,t2,t5,t4,t6,t8,t9,t11,t14
t1,t2,t4,t6,t3,t5,t8,t10,t12,t14
t1,t2,t3,t5,t4,t6,t8,t9,t11,t14
t1,t4,t2,t3,t6,t5,t7,t6,t8,t9,t11,t13,t11,t13,t11,t14
t1,t2,t3,t4,t5,t6,t8,t10,t12,t13,t11,t13,t11,t14
t1,t3,t4,t6,t2,t5,t8,t10,t12,t14
t1,t2,t4,t6,t3,t7,t5,t6,t8,t9,t11,t13,t11,t13,t11,t13,t11,t13,t11,t14
t1,t3,t2,t5,t10,t12,t14
t1,t4,t2,t6,t3,t5,t8,t10,t12,t14
t1,t2,t3,t5,t4,t6,t8,t10,t12,t14
t1,t3,t4,t2,t6,t5,t7,t6,t8,t10,t12,t14
t1,t3,t2,t4,t5,t6,t7,t6,t8,t9,t11,t14
t1,t2,t4,t3,t5,t6,t8,t9,t11,t14
t1,t2,t3,t5,t4,t6,t8,t10,t12,t13,t11,t14
t1,t3,t4,t6,t2,t5,t8,t10,t12,t13,t11,t13,t11,t14
t1,t3,t2,t5,t4,t6,t8,t10,t12,t13,t11,t14
t1,t2,t3,t5,t4,t6,t8,t9,t11,t14
t1,t3,t5,t2,t4,t6,t8,t10,t12,t13,t11,t13,t11,t14
t1,t4,t2,t3,t5,t6,t8,t9,t11,t13,t11,t13,t11,t14
t1,t3,t4,t6,t7,t2,t5,t6,t8,t9,t11,t13,t11,t13,t11,t14
t1,t2,t3,t4,t5,t6,t7,t6,t8,t10,t12,t13,t11,t14
t1,t2,t3,t5,t4,t6,t8,t10,t12,t13,t11,t13,t11,t13,t11,t13,t11,t14
t1,t4,t3,t6,t2,t5,t8,t10,t12,t13,t11,t14
t1,t3,t2,t5,t4,t6,t8,t10,t12,t13,t11,t13,t11,t13,t11,t14
t1,t4,t2,t3,t5,t6,t7,t6,t8,t10,t12,t14
t1,t2,t4,t3,t6,t5,t8,t10,t12,t13,t11,t14
t1,t3,t4,t2,t6,t5,t8,t10,t12,t14
t1,t3,t4,t2,t6,t5,t8
t1,t4,t2,t3,t5,t6,t7,t6,t8,t9,t11,t14
t1,t2,t4,t3,t5,t6,t8,t10,t12,t13,t11,t14
t1,t4,t3,t6,t7,t6,t2,t7,t5,t6,t8,t9,t11,t13,t11,t14
t1,t4,t2,t3,t6,t5,t8,t9,t11,t13,t11,t14
t1,t4,t3,t6,t2,t5,t8,t10,t12,t14
t1,t4,t6,t3,t2,t5,t8,t10,t12,t13,t11,t13,t11,t13,t11,t13,t11,t13,t11,t13,t11,t13,t11,t14
t1,t4,t2,t3,t5,t6,t8,t10,t12,t14
t1,t3,t2,t4,t5,t6,t8,t9,t11,t14
t1,t3,t4,t2,t6,t5,t8,t10,t12,t13,t11,t13,t11,t13,t11,t14
t3,t6,t5,t8,t10,t12,t14
t1,t4,t3,t2,t5,t6,t7,t6,t8,t9,t11,t14
t1,t3,t4,t2,t5,t6,t8,t10,t12,t13,t11,t13,t11,t13,t11,t13,t11,t13,t11,t14
t1,t4,t2,t6,t3,t7,t5,t6,t8,t9,t11,t14
t1,t2,t4,t3,t5,t6,t8,t9,t11,t14
t1,t2,t3,t5,t4,t6,t8,t9,t11,t13,t11,t14
t1,t2,t3,t4,t5,t6,t7,t6,t8,t9,t11,t14
t1,t3,t2,t4,t5,t6,t8,t9,t11,t13,t11,t14
t1,t4,t3,t2,t6,t5,t8,t10,t12,t13,t11,t14
t1,t4,t3,t2,t6,t5,t8,t9,t11,t13,t11,t14
t4,t3,t6,t2,t5,t7,t6,t8,t9,t11,t14
t1,t3,t4,t2,t6,t5,t8,t9,t11,t14
t1,t3,t2,t5,t4,t6,t7,t6,t7,t6,t8,t10,t12,t14
t1,t3,t2,t5,t4,t6,t8,t10,t12,t14
t1,t3,t2,t5,t4,t6,t8,t9,t11,t14
t1,t4,t2,t3,t6,t5,t7,t6,t8,t10,t12,t14
t1,t4,t3,t6,t2,t5,t8,t10,t12,t13,t11,t13,t11,t14
t1,t3,t2,t4,t5,t6,t7,t6,t8,t10,t12,t14
t1,t4,t3,t6,t7,t2,t5,t6,t8,t10,t12,t13,t11,t14
t1,t4,t2,t3,t5,t6,t8,t10,t12,t13,t11,t13,t11,t13,t11,t14
t1,t5,t3,t4,t2,t6,t8,t9,t11,t13,t11,t13,t11,t14
t1,t2,t3,t4,t5,t6,t8,t10,t12,t14
t1,t3,t4,t6,t2,t5,t8,t9,t11,t13,t11,t14
t1,t4,t3,t2,t5,t6,t8,t9,t11,t14
t1,t2,t4,t6,t7,t6,t3,t5,t8,t9,t11,t14
t1,t4,t3,t6,t2,t5,t8,t9,t11,t13,t11,t13,t11,t14
t1,t4,t3,t2,t5,t6,t8,t10,t12,t13,t11,t13,t11,t13,t11,t13,t11,t14
t1,t4,t6,t2,t3,t5,t8,t10,t12,t13,t11,t13,t11,t14
t1,t4,t2,t6,t3,t5,t7,t6,t8,t9,t11,t14
t1,t4,t3,t2,t6,t5,t8,t10,t12,t13,t11,t14
t1,t2,t3,t4,t5,t6,t8
t1,t2,t4,t3,t5,t6,t8,t10,t12,t13,t11,t14
t1,t4,t2,t6,t3,t7,t5,t6,t8,t9,t11,t13,t11,t13,t11,t14
t1,t2,t4,t6,t7,t3,t6,t5,t8,t10,t12,t13,t11,t14
t1,t3,t2,t5,t4,t6,t8,t9,t11,t13,t11,t14
t1,t4,t3,t6,t2,t5,t7,t6,t8,t9,t11,t14
t1,t2,t3,t4,t6,t5,t7,t6,t7,t6,t8,t9,t11,t14
t1,t3,t4,t6,t7,t2,t5,t6,t8,t9,t11,t14
t1,t3,t4,t2,t6,t5,t7,t6,t8,t9,t11,t14
t1,t4,t6,t3,t2,t7,t5,t6,t8,t10,t12,t13,t11,t14
t1,t2,t3,t5,t4,t6,t8,t10,t12,t13,t11,t13,t11,t13,t11,t13,t11,t13,t11,t14
t1,t4,t6,t2,t3,t5,t8,t9,t11,t13,t11,t13,t11,t13,t11,t14
t1,t3,t4,t2,t6,t5,t8,t9,t11,t13,t11,t14
t1,t3,t4,t2,t6,t5,t8,t9,t11,t13,t11,t14
t1,t2,t4,t6,t3,t7,t6,t5,t7,t6,t8,t10,t12,t13,t11,t14
t1,t2,t3,t5,t4,t6,t8,t9,t11,t13,t11,t13,t11,t14
t1,t4,t3,t6,t2,t5,t8,t9,t11,t13,t11,t14
t1,t3,t4,t2,t6,t5,t7,t6,t7,t6,t8,t10,t12,t14
t1,t3,t2,t5,t4,t6,t8,t9,t11,t14
t1,t3,t2,t5,t4,t6,t8,t10,t12,t13,t11,t13,t11,t14
t1,t2,t3,t4,t5,t6,t8,t9,t11
t1,t2,t4,t6,t3,t5,t8,t9,t11,t13,t11,t14
t1,t3,t2,t5,t4,t6,t8,t9,t11,t13,t11,t13,t11,t14
t1,t2,t4,t6,t7,t6,t7,t3,t5,t6,t8,t10,t12,t13,t11,t13,t11,t13,t11,t14
t1,t4,t3,t6,t2,t7,t5,t6,t7,t6,t8,t9,t11,t14
t1,t4,t2,t6,t3,t5,t8,t10,t12,t13,t11,t13,t11,t14
t1,t3,t2,t5,t4,t6,t8,t10,t12,t14
t1,t2,t4,t3,t6,t5,t8,t10,t12,t14
t1,t3,t2,t4,t5,t6,t7,t6,t7,t6,t8,t9,t11,t14
t1,t3,t2,t5,t4,t6,t8,t9,t11,t13,t11,t14
t1,t4,t6,t2,t7,t6,t6,t8,t9,t11,t14
t1,t4,t6,t3,t2,t5,t8,t10,t12,t14
t1,t3,t4,t6,t2,t7,t5,t6,t8,t9,t11,t14
t1,t4,t2,t6,t3,t5,t8,t9,t11,t13,t11,t14
t1,t3,t4,t2,t5,t6,t8,t9,t11,t13,t11,t13,t11,t13,t11,t14
t1,t2,t3,t5,t4,t6,t8,t10,t12,t13,t11,t13,t11,t13,t11,t14
t1,t2,t3,t4,t5,t6,t8,t10,t12,t13,t11,t14
t1,t3,t4,t2,t6,t5,t8,t9,t11,t13,t11,t13,t11,t14
t1,t2,t3,t5,t4,t6,t8,t10,t12,t14
t1,t4,t3,t6,t2,t5,t8,t10,t12,t13,t11,t13,t11,t14
t3,t6,t5,t7,t6,t8,t9,t11,t14
t1,t3,t4,t2,t6,t5,t8,t9,t11,t13,t11,t14
t1,t2,t3,t4,t5,t6,t8,t9,t11,t13,t11,t14
t1,t3,t4,t6,t2,t5,t8,t9,t11,t14
t1,t3,t2,t4,t5,t6,t8,t10,t12,t13,t11,t14
t1,t3,t2,t5,t4,t6,t8,t9,t11,t14
t1,t4,t2,t3,t5,t6,t8,t9,t11,t13,t11,t14
t1,t2,t4,t3,t5,t6,t8,t9,t11,t14
t1,t4,t3,t6,t7,t2,t5,t6,t8,t9,t11,t14
t1,t2,t4,t3,t5,t6,t8,t10,t12,t13,t11,t13,t11,t13,t11,t13,t11,t14
t1,t3,t4,t2,t5,t6,t8,t9,t11
t1,t4,t3,t6,t2,t7,t5,t6,t8,t9,t11,t14
t1,t3,t2,t4,t5,t6,t8,t9,t11,t13,t11,t14
t1,t4,t2,t6,t7,t6,t7,t6,t3,t5,t7,t6,t8,t9,t11,t14
t1,t3,t2,t5,t4,t6,t8,t10,t12,t13,t11,t13,t11,t13,t11,t13,t11,t14
t1,t3,t4,t2,t6,t5,t7,t6,t8,t10,t12,t14
t1,t4,t2,t6,t3,t5,t7,t6,t8,t10,t12,t13,t11,t14
t1,t2,t4,t3,t6,t5,t7,t6,t7,t6,t8,t9,t11,t14
t1,t3,t4,t2,t6,t5,t7,t6,t8,t10,t12,t14
t1,t3,t4,t2,t5,t6,t8,t9,t11,t14
t1,t2,t4,t3,t5,t6,t11,t13,t11,t14
t1,t3,t4,t6,t2,t7,t5,t6,t7,t6,t8,t10,t12,t14
t1,t3,t2,t5,t4,t6,t7,t6,t8,t9,t11,t14
t1,t2,t3,t4,t5,t6,t8,t9,t11,t13,t11,t13,t11,t14
t1,t2,t3,t5,t4,t6,t8,t9,t11,t14
t1,t2,t3,t4,t6,t5,t8,t9,t11,t14
t1,t2,t4,t3,t6,t5,t8,t10,t12,t13,t11,t13,t11,t14
t1,t3,t2,t5,t4,t6,t8,t10,t12,t13,t11,t14
t1,t3,t2,t4,t5,t6,t8,t10,t12,t14
t1,t3,t2,t4,t5,t6,t8,t10,t12,t14
t2,t6,t5,t8,t10,t12,t14
t1,t4,t3,t6,t2,t7,t5,t6,t7,t6,t7,t6,t8,t9,t11,t13,t11,t14
t1,t2,t4,t3,t5,t6,t8,t9,t11,t13,t11,t14
t1,t4,t3,t2,t5,t6,t8,t9,t11,t14
t1,t3,t4,t2,t5,t6,t8,t10,t12,t13,t11,t14
t1,t2,t4,t3,t6,t5,t7,t6,t8,t9,t11,t14
t1,t4,t2,t6,t3,t7,t6,t7,t5,t6,t8,t10,t12,t13,t11,t13,t11,t14
t1,t2,t3,t4,t5,t6,t7,t6,t7,t6,t8,t10,t12,t13,t11,t13,t11,t14
t1,t3,t4,t2,t6,t7,t5,t6,t7,t6,t7,t6,t8,t9,t11,t14
t1,t2,t3,t4,t5,t6,t8,t10,t12,t14
t1,t2,t4,t6,t3,t5,t11,t13,t11,t14
t1,t3,t2,t4,t5,t6,t7,t6,t8,t10,t12,t14
t1,t4,t2,t6,t7,t6,t7,t6,t3,t5,t8,t10,t12,t13,t11,t13,t11,t13,t11,t14
t1,t4,t3,t2,t6,t5,t8,t10,t12,t14
t1,t4,t3,t2,t5,t6,t8,t10,t12,t13,t11,t13,t11,t13,t11,t14
t1,t4,t6,t2,t7,t3,t5,t6,t8,t9,t11,t14
t1,t3,t4,t6,t2,t5,t8,t9,t11,t13,t11,t14
t1,t3,t4,t2,t5,t6,t8,t10,t12,t13,t11,t13,t11,t14
t1,t2,t3,t4,t5,t6,t8,t9,t11,t14
t1,t4,t2,t6,t3,t5,t7,t6,t8,t10,t12,t13,t11,t14
t5,t6,t7,t6,t8,t9,t11,t13,t11,t13,t11,t13,t11,t13,t11,t14
t1,t2,t4,t3,t5,t6,t8,t9,t11,t14
t1,t2,t4,t3,t5,t6,t8,t9,t11,t13,t11,t13,t11,t13,t11,t14
t1,t4,t2,t3,t6,t5,t8,t9,t11,t14
t1,t3,t4,t6,t2,t5,t8,t10,t12,t13,t11,t13,t11,t13,t11,t14
t1,t2,t3,t4,t6,t5,t8,t10,t12,t13,t11,t14
t1,t3,t4,t2,t5,t6,t8,t9,t11,t14
t1,t3,t4,t6,t2,t5,t7,t6,t8,t9,t11,t13,t11,t14
t1,t3,t2,t5,t4,t6,t8,t10,t12,t14
t1,t2,t4,t3,t5,t6,t8,t9,t11,t13,t11,t13,t11,t14
t6,t5,t7,t6,t8,t10,t12,t14
t1,t4,t2,t6,t3,t5,t8,t9,t11,t14
t1,t4,t6,t3,t2,t7,t5,t6,t7,t6,t8,t9,t11,t14
t1,t4,t3,t2,t6,t5,t7,t6,t8,t10,t12,t14
t1,t4,t3,t6,t2,t7,t5,t6,t8,t9,t11,t14
t1,t2,t4,t3,t5,t6,t8,t9,t11,t14
t1,t2,t4,t3,t5,t6,t8,t10,t12,t14
t1,t4,t2,t6,t3,t5,t8,t10,t12,t14
t1,t2,t4,t6,t3,t7,t5,t6,t8,t10,t12,t13,t11,t14
t1,t3,t2,t4,t5,t6,t8,t10,t12,t14
t2,t5,t6,t8,t10,t12,t14
t1,t3,t2,t4,t6,t5,t7,t6,t8,t9,t11,t14
t1,t3,t2,t5,t4,t6,t7,t6,t7,t6,t8,t9,t11,t14
t1,t2,t4,t6,t3,t5,t8,t9,t11,t13,t11,t14
t1,t4,t6,t2,t3,t5,t7,t6,t7,t6,t8,t10,t12,t13,t11,t13,t11,t14
t1,t4,t6,t2,t3,t5,t8,t10,t12,t14
t1,t3,t2,t4,t5,t6,t7,t6,t8,t10,t12,t13,t11,t13,t11,t13,t11,t14
t1,t2,t4,t3,t5,t6,t8,t9,t11,t14
t1,t3,t2,t5,t4,t6,t8,t10,t12,t14
t1,t3,t2,t5,t4,t6,t8,t9,t11,t14
t1,t4,t6,t3,t7,t2,t6,t5,t8,t10,t12,t13,t11,t13,t11,t13
t1,t3,t2,t5,t4,t6,t8,t10,t12,t13,t11,t14
t1,t4,t3,t2,t5,t6,t8,t10,t12,t13,t11,t13,t11,t14
t1,t4,t2,t3,t5,t6,t8,t10,t12,t14
t1,t3,t4,t2,t5,t6,t8,t10,t12,t14
t1,t4,t2,t6,t7,t3,t5,t6,t8,t9,t11,t13,t11,t13,t11,t14
t1,t4,t3,t6,t2,t5,t8,t9,t11,t14
t1,t4,t6,t2,t3,t7,t5,t6,t8,t9,t11,t14
t1,t4,t3,t2,t6,t5,t8,t9,t11,t13,t11,t13,t11,t14
t1,t3,t2,t4,t5,t6,t8,t9,t11,t14
t1,t2,t3,t5,t4,t6,t8,t10,t12
t1,t4,t3,t2,t5,t6,t7,t6,t8,t9,t11,t13,t11,t13,t11,t14
t1,t4,t2,t6,t3,t5,t8,t10,t12,t14
t1,t2,t3,t5,t4,t6,t8,t10,t12,t13,t11,t13,t11,t14
t1,t3,t4,t2,t5,t6,t8,t10,t12,t13,t11,t13,t11,t13,t11,t14
t1,t2,t4,t3,t5,t6,t8,t9,t11,t14
t1,t4,t2,t6,t7,t3,t5,t6,t8,t9,t11,t14
t1,t3,t2,t5,t4,t6,t7,t6,t8,t10,t12,t14
t1,t2,t3,t5,t4,t6,t8,t9,t11,t13,t11,t14
t1,t2,t4,t3,t5,t6,t7,t6,t8,t9,t11,t13,t11,t13,t11,t14
t3,t5,t4,t6,t7,t6,t8,t10,t12,t13,t11,t13,t11,t14
t1,t3,t4,t2,t6,t5,t8,t10,t12,t14
t1,t3,t4,t2,t5,t6,t8,t10,t12,t13,t11,t13,t11,t13,t11,t13,t11,t14
t1,t2,t4,t3,t5,t6,t8,t9,t11,t13,t11,t14
t1,t4,t3,t2,t5,t6,t8,t9,t11,t13,t11,t14
t1,t2,t4,t6,t3,t5,t7,t6,t7,t6,t8,t10,t12,t13,t11,t14
t1,t4,t3,t2,t5,t6,t8,t9,t11,t13,t11,t13,t11,t13,t11,t14
t1,t2,t4,t6,t7,t3,t5,t6,t8,t9,t11,t14
t1,t2,t4,t3,t5,t6,t8,t9,t11,t13,t11,t13,t11,t14
t1,t4,t2,t6,t7,t3,t5,t6,t7,t6,t8,t9,t11,t13,t11,t14
t3,t2,t1,t5,t4,t6,t8,t9,t11,t14
t1,t4,t3,t2,t6,t5,t8,t10,t12,t14
t1,t3,t2,t4,t5,t6,t8,t10,t12,t14
t1,t3,t4,t2,t5,t6,t8,t9,t11,t13,t11,t13,t11,t14
t1,t3,t4,t6,t2,t5,t8,t10,t12,t13,t11,t13,t11,t14
t1,t4,t2,t3,t5,t6,t7,t6,t8,t9,t11,t14
t1,t3,t4,t6,t2,t7,t5,t6,t8,t10,t12,t13,t11,t14
t1,t3,t4,t6,t2,t7,t5,t6,t8,t10,t12,t13,t11,t14
t1,t3,t4,t2,t5,t6,t8,t9,t11,t14
t1,t4,t3,t6,t2,t5,t8,t9,t11,t14
t1,t3,t4,t2,t5,t11,t13,t11,t14
t1,t2,t3,t4,t6,t5,t7,t6,t8,t10,t12,t13,t11,t14
t1,t2,t3,t5,t4,t6,t8,t9,t11,t14
t1,t3,t2,t5,t4,t6,t8,t10,t12,t13,t11,t14
t1,t2,t3,t5,t4,t6,t8,t9,t11,t14
t1,t4,t2,t3,t6,t5,t8,t10,t12,t13,t11,t14
t1,t2,t4,t6,t3,t5,t7,t6,t8,t9,t11,t13,t11,t14
t1,t4,t2,t6,t3,t5,t7,t6,t8,t9,t11,t14
t1,t2,t3,t5,t4,t6,t8,t9,t11,t14
t1,t4,t6,t2,t7,t6,t3,t7,t5,t6,t8,t9,t11,t13,t11,t14
t1,t2,t3,t4,t5,t6,t8,t10,t12
t1,t3,t2,t5,t4,t6,t7,t6,t8,t9,t11,t14
t1,t3,t2,t5,t4,t6,t8,t10,t12,t14
t1,t3,t2,t4,t5,t6,t8,t10,t12,t14
t1,t2,t4,t6,t3,t5,t7,t6,t8,t9,t11,t14
t1,t2,t4,t6,t3,t5,t8,t10,t12,t14
t1,t4,t2,t6,t3,t7,t6,t5,t8,t10,t12,t13,t11,t14
t1,t4,t3,t2,t6,t5,t8,t10,t12,t14
t1,t2,t4,t6,t3,t5,t8,t10,t12,t14
t1,t4,t2,t6,t3,t5,t8,t10,t12,t14
t5,t6,t7,t6,t8,t10,t12,t13,t11,t14
t1,t4,t3,t6,t7,t2,t5,t6,t7,t6,t8,t9,t11,t13,t11,t13,t11,t14
t1,t4,t3,t2,t6,t5,t8,t9,t11,t14
t1,t4,t2,t3,t5,t6,t8,t10,t12,t14
t1,t3,t2,t4,t5,t6,t7,t6,t7,t6,t8,t10,t12,t14
t1,t4,t2,t6,t3,t5,t8,t10,t12,t14
t1,t4,t2,t3,t5,t6,t8,t10,t12,t14
t1,t2,t4,t6,t3,t5,t8,t10,t12,t13,t11,t14
t1,t3,t2,t5,t4,t6,t8,t9,t11,t14
t1,t3,t2,t4,t5,t6,t8,t10,t12,t14
t3,t5,t4,t6,t8,t9,t11,t13,t11,t13,t11,t14
t1,t4,t2,t6,t3,t5,t7,t6,t7,t6,t8,t9,t11,t13,t11,t13,t11,t13,t11,t13,t11,t13,t11,t13,t11,t13,t11,t13,t11,t14
t1,t3,t2,t5,t4,t6,t8,t10,t12,t14
t1,t2,t4,t3,t5,t6,t8,t10,t12,t13,t11,t14
t1,t3,t4,t6,t2,t7,t5,t6,t8,t10,t12,t14
t1,t4,t2,t3,t5,t6,t8,t9,t11,t14
t1,t4,t3,t2,t5,t6,t8,t9,t11,t13,t11,t14
t1,t2,t3,t5,t4,t6,t8,t9,t11,t14
t1,t3,t4,t2,t5,t6,t8,t10,t12,t13,t11,t13,t11,t14
t1,t3,t2,t5,t4,t6,t8,t9,t11,t14
t1,t2,t4,t3,t5,t6,t7,t6,t8,t9,t11,t13,t11
t1,t2,t4,t3,t6,t5,t8,t9,t11,t13,t11,t13,t11,t14
t1,t3,t4,t6,t7,t6,t2,t5,t7,t6,t7,t6,t7,t6,t8,t10,t12,t13,t11,t13,t11,t13,t11,t13,t11,t13,t11,t14
t1,t3,t2,t4,t5,t6,t8,t9,t11,t13,t11,t13,t11,t13,t11,t14
t1,t4,t3,t6,t2,t5,t7,t6,t8,t10,t12,t14
t1,t2,t4,t6,t3,t7,t5,t6,t8,t9,t11,t13,t11,t14
t1,t2,t4,t3,t5,t6,t8,t10,t12,t14
t1,t2,t4,t3,t5,t6,t8,t9,t11,t14
t1,t4,t3,t6,t7,t2,t5,t6,t8,t10,t12,t14
t1,t4,t2,t3,t5,t6,t8,t9,t11,t13,t11,t13,t11,t14
t1,t2,t4,t3,t6,t5,t8,t10,t12,t13,t11,t14
t1,t2,t4,t3,t5,t6,t8,t10,t12,t14
t1,t4,t2,t6,t3,t5,t8,t9,t11,t14
t1,t2,t3,t4,t5,t6,t8,t10,t12,t14
t1,t3,t2,t5,t4,t6,t8,t10,t12,t14
t1,t3,t2,t4,t5,t6,t8,t10,t12,t14
t1,t4,t2,t6,t3,t5,t8,t10,t12,t13,t11,t14
t1,t4,t2,t3,t6,t5,t8,t10,t12,t14
t1,t4,t2,t6,t3,t7,t6,t5,t8,t10,t12,t13,t11,t13,t11,t13,t11,t13,t11,t14
t1,t2,t4,t6,t7,t3,t5,t6,t8,t10,t12,t13,t11,t13,t11,t14
t1,t2,t3,t4,t5,t6,t8,t10
t1,t2,t4,t3,t6,t5,t8,t10,t12,t14
t1,t3,t4,t6,t2,t5,t8,t9,t11,t13,t11,t14
t1,t4,t3,t2,t6,t5,t7,t6,t8,t10,t12,t14
t1,t2,t4,t6,t3,t5,t7,t6,t8,t10,t12,t14
t1,t2,t3,t4,t6,t5,t8,t10,t12,t14
t1,t3,t4,t2,t6,t5,t7,t6,t8,t10,t12,t14
t1,t2,t4,t3,t6,t5,t7,t6,t8,t10,t12,t14
t1,t4,t2,t6,t7,t3,t6,t5,t8,t10,t12,t14
t1,t3,t2,t4,t5,t6,t8,t10,t12,t14
t1,t3,t2,t5,t4,t6,t8,t9,t11,t13,t11,t13,t11,t13,t11,t13,t11,t13,t11,t13,t11,t14
t1,t2,t3,t5,t4,t6,t8,t9,t11,t14
t1,t2,t4,t3,t5,t6,t8,t9,t11,t13,t11,t14
t1,t4,t2,t6,t7,t6,t3,t5,t7,t6,t8,t10,t12,t14
t1,t2,t3,t4,t5,t6,t8,t10,t12,t14
t1,t3,t4,t2,t5,t6,t7,t6,t8,t10,t12,t14
t1,t3,t2,t4,t6,t5,t8,t10,t12,t13,t11,t13,t11,t13,t11,t14
t1,t3,t2,t4,t6,t5,t7,t6,t8,t9,t11,t14
t1,t3,t2,t4,t5,t6,t8,t10,t12,t13,t11,t14
t1,t2,t3,t4,t5,t6,t7,t6,t8,t10,t12,t13,t11,t13,t11,t13,t11,t13,t11,t14
t4,t3,t6,t5,t7,t6,t7,t6,t8,t9,t11,t14
t1,t3,t2,t5,t4,t6,t8,t10,t12,t13,t11,t14
t1,t3,t4,t2,t5,t6,t8,t10,t12,t13,t11,t13,t11,t13,t11,t14
t1,t2,t4,t3,t5,t6,t8,t9,t11,t14
t1,t4,t3,t2,t6,t5,t8,t9,t11,t13,t11,t13,t11,t13,t11,t14
t1,t2,t4,t6,t3,t7,t5,t6,t8,t10,t12,t13,t11,t14
t1,t2,t3,t4,t5,t6,t7,t6,t8,t10,t12,t14
t1,t4,t2,t6,t3,t5,t7,t6,t8,t9,t11,t13,t11,t14
t1,t2,t4,t3,t6,t5,t8,t9,t11,t14
t1,t3,t2,t4,t5,t6,t8,t9,t11,t13,t11,t13,t11,t13,t11,t14
t3,t2,t6,t5,t8,t10,t12,t14
t1,t4,t3,t6,t2,t5,t8,t9,t11,t13,t11,t13,t11,t14
t1,t3,t4,t6,t2,t5,t8,t10,t12,t13,t11,t13,t11,t14
t1,t3,t2,t5,t4,t6,t8,t10,t12,t13,t11,t13,t11,t13,t11,t13,t11,t14
t1,t3,t2,t5,t4,t6,t8,t9,t11,t14
t1,t2,t4,t6,t3,t7,t5,t6,t8,t9,t11,t13,t11,t13,t11,t13,t11,t14
t1,t4,t3,t6,t2,t7,t5,t6,t8,t9,t11,t14
t1,t4,t3,t6,t2,t5,t8,t9,t11,t14
t1,t4,t3,t2,t5,t6,t8,t10,t12,t14
t1,t4,t2,t3,t5,t6,t8,t9,t11,t13,t11,t13,t11,t14
t1,t2,t3,t4,t5,t12,t13,t11,t14
t1,t4,t6,t2,t7,t3,t6,t5,t8,t10,t12,t13,t11,t13,t11,t13,t11,t14
t1,t4,t3,t6,t2,t7,t5,t6,t8,t9,t11,t14
t1,t4,t3,t2,t5,t6,t8,t9,t11,t14
t1,t3,t2,t5,t4,t6,t8,t10,t12,t14
t1,t4,t2,t3,t6,t5,t7,t6,t8,t9,t11,t13,t11,t13,t11,t14
t1,t2,t4,t6,t3,t5,t8,t9,t11,t13,t11,t14
t1,t2,t4,t6,t3,t7,t5,t6,t8,t9,t11,t13,t11,t14
t1,t2,t4,t3,t5,t6,t8,t9,t11,t13,t11,t13,t11,t14
t1,t3,t2,t5,t4,t6,t8,t10,t12,t13,t11,t14
t4,t2,t6,t3,t7,t5,t6,t8,t9,t11,t13,t11,t14
t1,t3,t4,t2,t6,t5,t8,t10,t12,t14
t1,t4,t2,t6,t3,t5,t8,t9,t11,t13,t11,t14
t1,t4,t2,t3,t6,t5,t7,t6,t7,t6,t8,t9,t11,t14
t1,t4,t3,t2,t6,t5,t8,t9,t11,t13,t11,t13,t11,t14
t1,t4,t2,t6,t3,t5,t8,t9,t11,t13,t11,t13,t11,t14
t1,t4,t6,t2,t7,t3,t6,t5,t8,t9,t11,t14
t1,t4,t2,t3,t6,t5,t7,t6,t8,t10,t12,t13,t11,t13,t11,t14
t1,t3,t2,t5,t4,t6,t8,t9,t11,t13,t11,t13,t11,t13,t11,t14
t1,t4,t2,t6,t3,t7,t5,t6,t7,t6,t8,t10,t12,t13,t11,t13,t11,t13,t11,t14
t2,t3,t5,t4,t6,t8,t10,t12,t13,t11,t13,t11,t14
t1,t2,t3,t4,t5,t6,t8,t10,t12,t14
t1,t4,t2,t6,t3,t5,t8,t10,t12,t13,t11,t13,t11,t14
t1,t4,t3,t6,t2,t5,t8,t10,t12,t13,t11,t13,t11,t14
t1,t3,t4,t6,t2,t5,t8,t9,t11,t14
t1,t4,t6,t2,t7,t3,t5,t6,t8,t10,t12,t13,t11,t14
t1,t4,t2,t6,t3,t5,t8,t9,t11,t13,t11,t13,t11,t13,t11,t14
t1,t3,t2,t4,t6,t5,t8,t9,t11,t14
t1,t3,t2,t4,t5,t6,t7,t6,t8,t9,t11,t14
t1,t3,t2,t5,t4,t6,t7,t6,t8,t9,t11,t13,t11,t13,t11,t14
t1,t4,t2,t3,t6,t5,t8,t10,t13,t13,t11,t13,t11,t12,t11,t13,t11,t14
t1,t3,t4,t2,t6,t5,t7,t6,t8,t10,t12,t14
t1,t4,t2,t6,t3,t5,t8,t9,t11,t13,t11,t14
t1,t4,t3,t2,t6,t7,t5,t6,t8,t9,t11,t14
t1,t3,t4,t2,t6,t5,t8,t10,t12,t13,t11,t13,t11,t13,t11,t14
t1,t2,t4,t3,t5,t6,t8,t9,t11,t14
t1,t4,t2,t3,t6,t5,t8,t9,t11,t13,t11,t13,t11,t14
t1,t3,t4,t2,t5,t6,t8,t10,t12,t14
t1,t4,t6,t7,t2,t3,t6,t5,t8,t10,t12,t14
t1,t2,t4,t6,t3,t5,t8,t10,t12,t14
t2,t5,t6,t7,t6,t8,t9,t11,t13,t11,t14
t1,t2,t3,t5,t4,t6,t8,t9,t11,t13,t11,t13,t11,t13,t11,t14
t1,t3,t4,t2,t6,t5,t7,t6,t8,t9,t11,t14
t1,t3,t4,t2,t5,t6,t8,t9,t11,t14
t1,t2,t4,t3,t5,t6,t8,t9,t11,t14
t1,t3,t2,t5,t4,t6,t8,t10,t12,t13,t11,t13,t11,t13,t11,t14
t1,t2,t4,t6,t3,t5,t8,t9,t11,t13,t11,t14
t1,t2,t3,t5,t4,t6,t7,t6,t8,t9,t11,t13,t11,t14
t1,t2,t3,t5,t4,t6,t8,t9,t11,t13,t11,t13,t11,t14
t1,t2,t4,t3,t5,t6,t8,t9,t11,t14
t1,t2,t3,t4,t5,t8,t10,t12,t14
t1,t2,t4,t3,t5,t6,t8,t10,t12,t13,t11,t14
t1,t3,t2,t5,t4,t6,t7,t6,t8,t10,t12,t14
t1,t3,t2,t5,t4,t6,t8,t9,t11,t13,t11,t13,t11,t14
t1,t3,t4,t6,t2,t5,t8,t9,t11,t13,t11,t14
t1,t4,t6,t2,t7,t6,t3,t7,t5,t6,t8,t9,t11,t14
t1,t3,t2,t5,t4,t6,t8,t10,t12,t13,t11,t13,t11,t13,t11,t14
t1,t4,t2,t6,t3,t5,t8,t10,t12,t14
t1,t2,t3,t4,t5,t6,t8,t9,t11,t13,t11,t14
t1,t2,t4,t6,t3,t5,t8,t10,t12,t14
t1,t4,t2,t3,t5,t10,t12,t14
t1,t3,t4,t6,t2,t7,t5,t6,t7,t6,t7,t6,t7,t6,t8,t10,t12,t14
t1,t4,t2,t3,t5,t6,t8,t9,t11,t14
t1,t3,t2,t4,t5,t6,t8,t9,t11,t14
t1,t2,t4,t3,t6,t5,t8,t9,t11,t14
t1,t3,t4,t6,t2,t7,t5,t6,t8,t10,t12,t14
t1,t4,t2,t3,t6,t5,t8,t9,t11,t14
t1,t4,t3,t2,t6,t5,t7,t6,t7,t6,t8,t10,t12,t13,t11,t13,t11,t14
t1,t4,t2,t3,t5,t6,t8,t10,t12,t13,t11,t14
t1,t3,t2,t4,t5,t6,t8,t9,t11,t14
t2,t3,t4,t6,t5,t8,t10,t12,t14
t1,t4,t3,t2,t5,t6,t8,t9,t11,t14
t1,t4,t6,t2,t3,t5,t8,t9,t11,t13,t11,t14
t1,t3,t4,t6,t7,t6,t2,t5,t7,t6,t8,t9,t11,t14
t1,t2,t4,t3,t5,t6,t8,t10,t12,t14
t1,t2,t3,t4,t5,t6,t8,t9,t11,t13,t11,t13,t11,t14
t1,t3,t2,t4,t5,t6,t7,t6,t8,t10,t12,t13,t11,t14
t1,t3,t4,t2,t5,t6,t8,t9,t11,t14
t1,t4,t3,t2,t5,t6,t8,t9,t11,t13,t11,t14
t1,t2,t4,t3,t5,t6,t8,t10,t12,t13,t11,t14
t1,t4,t2,t6,t10,t12,t14
t1,t3,t4,t6,t2,t5,t7,t6,t7,t6,t8,t10,t12,t14
t1,t4,t2,t3,t5,t6,t8,t10,t12,t13,t11,t14
t1,t2,t4,t6,t3,t5,t7,t6,t8,t10,t12,t14
t1,t3,t4,t6,t7,t2,t6,t5,t7,t6,t8,t9,t11,t13,t11,t13,t11,t14
t1,t2,t3,t5,t4,t6,t8,t10,t12,t13,t11,t13,t11,t14
t1,t2,t4,t6,t7,t3,t5,t6,t8,t9,t11,t13,t11,t13,t11,t14
t1,t2,t3,t5,t4,t6,t8,t9,t11,t14
t1,t3,t4,t6,t2,t7,t5,t6,t8,t9,t11,t13,t11,t14
t1,t2,t4,t3,t6,t5,t7,t6,t8,t9,t11,t13,t11,t14
t1,t4,t3,t2,t6,t5,t8
t1,t2,t4,t6,t7,t3,t5,t6,t8,t10,t12,t14
t1,t2,t4,t6,t3,t5,t8,t9,t11,t14
t1,t2,t4,t3,t6,t5,t7,t6,t8,t9,t11,t14
t1,t3,t2,t4,t5,t6,t8,t10,t12,t14
t1,t2,t3,t5,t4,t6,t7,t6,t8,t9,t11,t13,t11,t13,t11,t13,t11,t13,t11,t13,t11,t13,t11,t14
t1,t2,t4,t6,t3,t5,t7,t6,t8,t10,t12,t13,t11,t13,t11,t13,t11,t14
t1,t3,t4,t2,t6,t5,t7,t6,t7,t6,t8,t9,t11,t14
t1,t3,t2,t4,t5,t6,t8,t10,t12,t13,t11,t13,t11,t14
t1,t2,t3,t5,t4,t6,t8,t9,t11,t13,t11,t14
t3,t5,t7,t6,t8,t10,t12,t13,t11,t14
t1,t4,t3,t2,t6,t5,t8,t10,t12,t14
t1,t3,t2,t4,t6,t5,t8,t9,t11,t13,t11,t13,t11,t13,t11,t14
t1,t2,t3,t4,t5,t6,t8,t10,t12,t14
t1,t2,t4,t3,t6,t5,t8,t10,t12,t13,t11,t13,t11,t14
t1,t4,t3,t2,t5,t6,t8,t9,t11,t13,t11,t14
t1,t2,t4,t3,t5,t6,t7,t6,t8,t10,t12,t14
t1,t2,t4,t6,t3,t7,t5,t6,t8,t10,t12,t14
t1,t2,t4,t3,t6,t5,t8,t9,t11,t13,t11,t13,t11,t14
t1,t2,t3,t4,t5,t6,t8,t10,t12,t14
t1,t2,t4,t3,t6,t5,t7,t6,t7,t6,t8,t10
t1,t3,t4,t6,t2,t5,t8,t10,t12,t14
t1,t2,t3,t4,t5,t6,t8,t10,t12,t14
t1,t2,t4,t3,t5,t6,t8,t10,t12,t13,t11,t13,t11,t14
t1,t3,t4,t2,t5,t6,t8,t9,t11,t14
t1,t4,t3,t2,t5,t6,t8,t9,t11,t13,t11,t14
t1,t2,t4,t6,t3,t7,t5,t6,t8,t10,t12,t13,t11,t14
t1,t3,t2,t4,t5,t6,t8,t10,t12,t13,t11,t13,t11,t13,t11,t14
t1,t3,t2,t5,t4,t6,t8,t10,t12,t13,t11,t13,t11,t14
t1,t3,t2,t4,t5,t6,t8,t9,t11,t13,t11,t13,t11,t13,t11,t14
t2,t5,t6,t8,t10,t12,t14
t1,t2,t4,t3,t5,t6,t8,t10,t12,t14
t1,t2,t3,t5,t4,t6,t8,t10,t12,t13,t11,t14
t1,t3,t2,t4,t5,t6,t8,t10,t12,t14
t1,t2,t3,t5,t4,t6,t8,t9,t11,t13,t11,t14
t1,t4,t2,t3,t5,t6,t8,t10,t12,t13,t11,t13,t11,t13,t11,t13,t11,t14
t1,t4,t2,t3,t6,t5,t7,t6,t8,t9,t11,t13,t11,t13,t11,t13,t11,t14
t1,t3,t2,t4,t5,t6,t8,t10,t12,t14
t1,t4,t3,t6,t2,t5,t7,t6,t8,t10,t12,t14
t1,t2,t4,t3,t6,t5,t8,t10,t12,t13,t11,t14
t1,t2,t3,t5,t4,t6,t8,t10
t1,t3,t2,t5,t4,t6,t8,t10,t12,t13,t11,t14
t1,t4,t2,t3,t6,t5,t8,t10,t12,t14
t1,t4,t3,t6,t2,t5,t8,t9,t11,t14
t1,t3,t2,t4,t5,t6,t8,t10,t12,t13,t11,t13,t11,t13,t11,t14
t1,t3,t4,t2,t6,t5,t8,t9,t11,t14
t1,t4,t2,t6,t3,t5,t8,t9,t11,t14
t1,t4,t3,t6,t2,t7,t5,t6,t8,t9,t11,t13,t11,t14
t1,t4,t3,t2,t5,t6,t8,t9,t11,t14
t1,t3,t4,t6,t2,t7,t5,t6,t8,t9,t11,t14
t1,t3,t2,t4,t6,t5,t8,t9,t11,t14
t1,t4,t3,t2,t5,t6,t7,t6,t8,t9,t11,t14
t1,t4,t3,t2,t5,t6,t7,t6,t8,t10,t12,t13,t11,t13,t11,t13,t11,t14
t1,t3,t4,t2,t5,t6,t7,t6,t8,t9,t11,t13,t11,t14
t1,t4,t3,t2,t5,t6,t8,t10,t12,t13,t11,t14
t1,t2,t4,t3,t5,t6,t8,t10,t12,t13,t11,t13,t11,t13,t11,t13,t11,t13,t11,t14
t1,t3,t2,t4,t5,t6,t8,t10,t12,t14
t1,t4,t2,t3,t5,t6,t8,t10,t12,t14
t1,t3,t4,t2,t5,t6,t8,t10,t12,t14
t1,t2,t3,t5,t4,t6,t8,t9,t11,t13,t11,t13,t11,t13,t11,t14
t1,t3,t2,t6,t5,t4,t7,t6,t8,t10,t12,t14
t1,t3,t4,t2,t6,t5,t8,t9,t11,t14
t1,t2,t4,t6,t3,t5,t8,t9,t11,t14
t1,t4,t2,t6,t3,t5,t8,t9,t11,t13,t11,t13,t11,t13,t11,t13,t11,t13,t11,t13,t11,t13,t11,t14
t1,t3,t2,t5,t4,t6,t8,t10,t12,t14
t1,t4,t2,t3,t5,t6,t8,t10,t12,t14
t1,t4,t2,t6,t3,t5,t8,t9,t11,t14
t1,t3,t2,t5,t4,t6,t8,t9,t11,t13,t11,t13,t11,t14
t1,t4,t2,t6,t3,t7,t5,t6,t8,t10,t12,t14
t1,t3,t4,t2,t5,t6,t7,t6,t8,t10,t12,t14
t5,t6,t8,t10,t12,t13,t11,t14
t1,t4,t3,t2,t5,t6,t8,t10,t12,t13,t11,t13,t11,t13,t11,t14
t1,t4,t2,t3,t5,t6,t8,t9,t11,t14
t1,t2,t4,t3,t6,t5,t7,t6,t8,t9,t11,t13,t11,t14
t1,t4,t3,t2,t5,t6,t8,t9,t11,t13,t11,t14
t1,t2,t3,t4,t5,t6,t8,t10,t12,t13,t11,t14
t1,t2,t4,t6,t3,t5,t8,t10,t12,t13,t11,t14
t1,t3,t4,t2,t6,t5,t8,t10,t12,t13,t11,t13,t11,t14
t1,t2,t3,t5,t4,t6,t8,t9,t11,t13,t11,t14
t1,t4,t2,t6,t3,t5,t8,t9,t11,t13,t11,t14
t1,t4,t2,t6,t7,t3,t6,t5,t7,t6
t1,t2,t3,t4,t5,t6,t8,t10,t12,t14
t1,t2,t3,t5,t4,t6,t8,t10,t12,t14
t1,t4,t6,t3,t2,t5,t7,t6,t8,t9,t11,t14
t1,t3,t2,t4,t5,t6,t8,t10,t12,t13,t11,t14
t1,t4,t3,t6,t2,t7,t5,t6,t8,t10,t12,t14
t1,t4,t2,t6,t3,t5,t8,t9,t11,t14
t1,t4,t2,t3,t6,t5,t8,t9,t11,t14
t1,t4,t3,t6,t2,t5,t7,t6,t7,t6,t8,t10,t12,t13,t11,t14
t1,t3,t4,t2,t6,t7,t5,t6,t7,t6,t8,t9,t11,t13,t11,t14
t1,t3,t4,t2,t6,t5,t8,t10,t12,t13,t11
t1,t4,t2,t6,t7,t3,t6,t5,t8,t9,t11,t13,t11,t14
t1,t3,t2,t5,t4,t6,t8,t9,t11,t14
t1,t2,t3,t5,t4,t6,t8,t10,t12,t14
t1,t3,t2,t5,t4,t6,t8,t10,t12,t13,t11,t14
t1,t3,t2,t4,t5,t6,t8,t10,t12,t14
t1,t2,t4,t3,t6,t5,t8,t10,t12,t13,t11,t13,t11,t13,t11,t14
t1,t2,t4,t6,t3,t5,t7,t6,t8,t10,t12,t13,t11,t13,t11,t14
t1,t4,t3,t2,t6,t7,t5,t6,t8,t10,t12,t13,t11,t14
t1,t3,t4,t2,t5,t6,t8,t9,t11,t13,t11,t14
t1,t4,t2,t6,t3,t8,t10,t12,t14
t1,t2,t3,t5,t4,t6,t8,t10,t12,t14
t1,t3,t4,t2,t5,t6,t8,t9,t11,t13,t11,t14
t1,t3,t4,t6,t7,t2,t6,t5,t7,t6,t8,t10,t12,t14
t1,t4,t2,t3,t5,t6,t8,t10,t12,t13,t11,t13,t11,t13,t11,t14
t1,t4,t2,t6,t3,t5,t8,t9,t11,t14
t1,t3,t4,t2,t5,t6,t8,t9,t11,t14
t1,t2,t3,t4,t5,t6,t7,t6,t8,t10,t12,t13,t11,t13,t11,t13,t11,t14
t1,t2,t3,t5,t4,t6,t8,t9,t11,t14
t1,t2,t3,t5,t4,t6,t7,t6,t8,t9,t11,t14
t1,t4,t2,t3,t6,t5,t8,t10,t12,t13
t1,t3,t2,t4,t5,t6,t8,t9,t11,t13,t11,t13,t11,t13,t11,t13,t11,t14
t1,t2,t3,t5,t4,t6,t8,t9,t11,t13,t11,t14
t1,t2,t4,t3,t6,t5,t7,t6,t8,t10,t12,t14
t1,t3,t4,t2,t5,t6,t8,t9,t11,t13,t11,t13,t11,t13,t11,t14
t1,t3,t4,t6,t2,t7,t6,t5,t7,t6,t8,t10,t12,t13,t11,t13,t11,t14
t1,t4,t2,t3,t5,t6,t8,t9,t11,t14
t1,t4,t2,t3,t6,t5,t8,t9,t11,t14
t1,t4,t6,t2,t3,t5,t8,t10,t12,t14
t1,t4,t2,t3,t6,t5,t8,t10,t12,t13,t11,t13,t11,t14
t1,t2,t3,t5,t4,t8,t10,t12,t14
t1,t2,t4,t3,t5,t6,t8,t10,t12,t13,t11,t13,t11,t13,t11,t14
t1,t3,t2,t4,t5,t6,t8,t10,t12,t13,t11,t14
t1,t2,t3,t4,t5,t6,t8,t10,t12,t14
t1,t2,t3,t5,t4,t6,t8,t10,t12,t13,t11,t14
t1,t3,t2,t4,t5,t6,t8,t9,t11,t13,t11,t14
t1,t2,t3,t4,t5,t6,t8,t9,t11,t14
t1,t4,t2,t6,t3,t5,t8,t10,t12,t14
t1,t2,t4,t6,t3,t5,t8,t10,t12,t13,t11,t14
t1,t3,t2,t4,t5,t6,t8,t9,t11,t14
t5,t6,t7,t6,t8,t10,t12,t14
t1,t2,t3,t4,t6,t5,t8,t9,t11,t13,t11,t13,t11,t13,t11,t14
t1,t4,t3,t2,t5,t6,t8,t10,t12,t14
t1,t2,t4,t3,t5,t6,t7,t6,t8,t10,t12,t14
t1,t4,t2,t3,t5,t6,t8,t10,t12,t14
t1,t3,t4,t6,t2,t7,t5,t6,t8,t10,t12,t14
t1,t2,t4,t6,t3,t5,t8,t9,t11,t14
t1,t2,t4,t6,t3,t7,t5,t6,t8,t10,t12,t14
t1,t4,t6,t2,t7,t6,t3,t5,t8,t10,t12,t13,t11,t14
t1,t4,t2,t6,t7,t6,t3,t5,t8,t9,t11,t14
t1,t3,t4,t2,t5,t6,t13,t11,t13,t11,t14
t1,t4,t2,t6,t3,t5,t8,t9,t11,t13,t11,t13,t11,t14
t1,t4,t3,t2,t6,t5,t8,t9,t11,t13,t11,t14
t1,t4,t3,t2,t6,t5,t8,t10,t12,t14
t1,t2,t3,t5,t4,t6,t7,t6,t8,t9,t11,t14
t1,t2,t4,t3,t5,t6,t8,t10,t12,t14
t1,t4,t2,t6,t3,t5,t8,t10,t12,t13,t11,t13,t11,t14
t1,t3,t2,t5,t4,t6,t8,t10,t12,t14
t1,t4,t2,t6,t3,t5,t7,t6,t8,t9,t11,t14
t1,t4,t2,t3,t6,t5,t7,t6,t8,t10,t12,t14
t1,t2,t3,t4,t5,t9,t11,t14
t1,t4,t3,t6,t2,t5,t8,t10,t12,t14
t1,t4,t3,t2,t6,t5,t8,t10,t12,t14
t1,t4,t2,t6,t7,t6,t3,t5,t7,t6,t8,t9,t11,t14
t1,t3,t4,t6,t2,t5,t8,t10,t12,t14
t1,t4,t3,t6,t2,t5,t7,t6,t8,t9,t11,t14
t1,t2,t4,t6,t7,t6,t7,t3,t6,t5,t8,t9,t11,t13,t11,t13,t11,t13,t11,t14
t1,t4,t3,t6,t2,t7,t5,t6,t8,t9,t11,t13,t11,t13,t11,t14
t1,t3,t4,t2,t6,t5,t7,t6,t8,t9,t11,t13,t11,t14
t1,t3,t4,t2,t6,t5,t7,t6,t8,t9,t11,t14
t4,t3,t2,t1,t5,t6,t8,t10,t12,t13,t11,t14
t1,t4,t3,t6,t2,t7,t5,t6,t8,t9,t11,t13,t11,t13,t11,t14
t1,t2,t4,t3,t5,t6,t8,t9,t11,t13,t11,t13,t11,t14
t1,t4,t3,t2,t6,t5,t8,t9,t11,t13,t11,t13,t11,t14
t1,t3,t4,t2,t5,t6,t7,t6,t8,t10,t12,t13,t11,t13,t11,t14
t1,t2,t4,t3,t6,t5,t8,t10,t12,t14
t1,t2,t4,t6,t3,t5,t8,t10,t12,t13,t11,t14
t1,t2,t3,t5,t4,t6,t7,t6,t8,t10,t12,t14
t1,t2,t3,t4,t6,t5,t8,t10,t12,t13,t11,t13,t11,t13,t11,t13,t11,t13,t11,t14
t1,t4,t3,t6,t2,t5,t8,t10,t12,t14
t1,t4,t3,t2,t5,t6,t7,t6,t8,t10,t12,t13,t11,t13,t11,t13,t11
t1,t4,t3,t2,t5,t6,t8,t9,t11,t13,t11,t14
t1,t2,t3,t5,t4,t6,t8,t10,t12,t14
t1,t2,t4,t3,t5,t6,t8,t9,t11,t14
t1,t4,t6,t2,t7,t3,t6,t5,t8,t9,t11,t14
t1,t3,t2,t5,t4,t6,t8,t9,t11,t13,t11,t14
t1,t4,t3,t2,t6,t5,t8,t10,t12,t13,t11,t14
t1,t4,t3,t6,t2,t5,t8,t9,t11,t13,t11,t13,t11,t14
t1,t3,t4,t6,t2,t5,t8,t9,t11,t13,t11,t13,t11,t13,t11,t13,t11,t13,t11,t13,t11,t14
t1,t2,t4,t3,t6,t5,t8,t9,t11,t14
t1,t3,t4,t6,t2,t12,t13,t11,t14
t1,t2,t4,t3,t5,t6,t8,t10,t12,t14
t1,t4,t6,t3,t2,t5,t8,t10,t12,t13,t11,t14
t1,t4,t2,t3,t5,t6,t8,t9,t11,t14
t1,t3,t4,t2,t5,t6,t8,t9,t11,t14
t1,t3,t4,t2,t5,t6,t8,t9,t11,t14
t1,t2,t3,t5,t4,t6,t8,t9,t11,t13,t11,t14
t1,t3,t4,t2,t5,t6,t8,t9,t11,t14
t1,t4,t3,t6,t7,t2,t5,t6,t8,t9,t11,t14
t1,t3,t2,t4,t5,t6,t8,t10,t12,t14
t4,t3,t1,t2,t6,t5,t8,t9,t11,t14
t1,t3,t4,t6,t2,t5,t8,t10,t12,t14
t1,t3,t4,t6,t2,t5,t8,t10,t12,t14
t1,t2,t4,t3,t6,t5,t7,t6,t8,t9,t11,t13,t11,t13,t11,t13,t11,t14
t1,t2,t4,t3,t6,t5,t8,t10,t12,t14
t1,t3,t4,t6,t2,t5,t8,t10,t12,t14
t1,t4,t2,t6,t3,t5,t8,t10,t12,t14
t1,t3,t4,t6,t2,t5,t7,t6,t8,t9,t11,t13,t11,t14
t1,t3,t4,t2,t5,t6,t8,t10,t12,t13,t11,t13,t11,t13,t11,t13,t11,t14
t1,t3,t4,t2,t5,t6,t8,t10,t12,t14
t1,t4,t8,t2,t6,t5,t3,t10,t12,t14
t1,t4,t2,t6,t3,t5,t7,t6,t8,t10,t12,t14
t1,t4,t2,t3,t5,t6,t8,t10,t12,t13,t11,t13,t11,t14
t1,t3,t4,t2,t5,t6,t8,t9,t11,t14
t1,t2,t4,t6,t3,t5,t8,t10,t12,t14
t1,t4,t6,t3,t2,t5,t8,t10,t12,t13,t11,t14
t1,t4,t2,t3,t5,t6,t7,t6,t8,t9,t11,t14
t1,t3,t2,t4,t5,t6,t8,t10,t12,t13,t11,t13,t11,t13,t11,t14
t1,t3,t4,t2,t5,t6,t8,t9,t11,t13,t11,t14
t1,t3,t4,t2,t5,t6,t8,t9,t11,t13,t11,t13,t11,t13,t11,t14
t1,t2,t3,t4,t5,t6,t7,t6,t8,t10,t12,t13
t1,t4,t3,t6,t7,t2,t5,t6,t8,t9,t11,t14
t1,t4,t3,t2,t6,t5,t7,t6,t8,t10,t12,t14
t1,t4,t3,t6,t2,t7,t5,t6,t8,t10,t12,t14
t1,t2,t3,t4,t5,t6,t8,t9,t11,t14
t1,t2,t3,t4,t5,t6,t8,t9,t11,t14
t1,t2,t4,t3,t5,t6,t8,t10,t12,t13,t11,t13,t11,t13,t11,t14
t1,t3,t4,t2,t5,t6,t8,t10,t12,t13,t11,t13,t11,t13,t11,t14
t1,t4,t6,t2,t3,t5,t8,t10,t12,t13,t11,t13,t11,t14
t1,t2,t4,t3,t5,t6,t7,t6,t8,t9,t11,t14
t1,t2,t3,t4,t5,t6,t8,t10,t12,t14
t1,t3,t2,t5,t4,t6,t7,t6,t8,t10,t12,t13,t11,t14
t1,t4,t3,t2,t5,t6,t8,t9,t11,t14
t1,t4,t2,t3,t6,t5,t8,t10,t12,t13,t11,t13,t11,t13,t11,t14
t1,t3,t4,t2,t5,t6,t7,t6,t8,t9,t11,t13,t11,t14
t1,t3,t4,t2,t5,t6,t8,t10,t12,t14
t1,t3,t4,t2,t6,t5,t7,t6,t8,t9,t11,t14
t1,t2,t3,t5,t4,t6,t8,t10,t12,t13,t11,t14
t1,t3,t2,t5,t4,t6,t8,t10,t12,t14
t1,t4,t2,t6,t3,t5,t8,t10,t12,t14
t1,t4,t6,t2,t3,t8,t10,t12,t14
t1,t3,t4,t6,t2,t5,t7,t6,t8,t10,t12,t13,t11,t14
t1,t2,t4,t3,t5,t6,t8,t10,t12,t14
t1,t2,t4,t3,t5,t6,t8,t9,t11,t13,t11,t14
t1,t2,t3,t4,t5,t6,t8,t9,t11,t13,t11,t14
t1,t2,t3,t4,t5,t6,t8,t9,t11,t13,t11,t14
t1,t2,t3,t4,t6,t5,t8,t9,t11,t13,t11,t14
t1,t4,t2,t6,t3,t5,t8,t9,t11,t13,t11,t13,t11,t14
t1,t3,t4,t2,t5,t6,t7,t6,t8,t9,t11,t13,t11,t13,t11,t14
t1,t3,t4,t2,t5,t6,t7,t6,t8,t9,t11,t14
t1,t12,t4,t3,t6,t5,t8,t10,t2,t14
t1,t2,t4,t3,t5,t6,t8,t9,t11,t14
t1,t2,t4,t6,t3,t7,t5,t6,t8,t9,t11,t13,t11,t14
t1,t2,t4,t6,t7,t3,t6,t5,t8,t10,t12,t14
t1,t3,t2,t4,t5,t6,t8,t9,t11,t14
t1,t2,t3,t5,t4,t6,t8,t9,t11,t13,t11,t14
t1,t3,t2,t4,t5,t6,t8,t9,t11,t14
t1,t4,t2,t3,t6,t5,t8,t9,t11,t13,t11,t13,t11,t14
t1,t2,t3,t5,t4,t6,t8,t10,t12,t14
t1,t3,t2,t4,t5,t6,t8,t9,t11,t13,t11,t14
t1,t3,t2,t5,t4,t6,t8,t9,t11,t13
t1,t3,t4,t2,t6,t5,t8,t10,t12,t13,t11,t14
t1,t2,t4,t6,t3,t5,t7,t6,t8,t10,t12,t13,t11,t14
t1,t2,t3,t5,t4,t6,t8,t9,t11,t14
t1,t4,t2,t3,t5,t6,t8,t9,t11,t14
t1,t2,t3,t5,t4,t6,t8,t10,t12,t13,t11,t13,t11,t13,t11,t14
t1,t2,t4,t6,t3,t7,t5,t6,t8,t10,t12,t14
t1,t2,t3,t5,t4,t6,t8,t10,t12,t13,t11,t13,t11,t13,t11,t14
t1,t2,t4,t6,t3,t5,t8,t10,t12,t14
t1,t2,t3,t4,t6,t5,t7,t6,t8,t9,t11,t14
t1,t3,t2,t6,t4,t5,t8,t9,t11,t13,t11,t14
t1,t4,t3,t2,t5,t6,t8,t9,t11,t13,t11,t13,t11,t13,t11,t13,t11,t13,t11,t13,t11,t14
t1,t2,t4,t3,t6,t5,t8,t10,t12,t13,t11,t14
t1,t3,t2,t5,t4,t6,t7,t6,t8,t10,t12,t13,t11,t14
t1,t2,t3,t5,t4,t6,t8,t9,t11,t13,t11,t14
t1,t2,t3,t4,t5,t6,t8,t9,t11,t14
t1,t3,t4,t2,t5,t6,t8,t9,t11,t14
t1,t2,t3,t4,t5,t6,t7,t6,t8,t10,t12,t13,t11,t13,t11,t14
t1,t4,t3,t6,t2,t7,t5,t6,t8,t9,t11,t14
t1,t4,t3,t6,t2,t5,t7,t6,t7,t6,t8,t9,t11,t14
t1,t3,t2,t4,t5,t6,t8
t1,t3,t4,t2,t5,t6,t8,t9,t11,t14
t1,t2,t4,t6,t3,t5,t8,t9,t11,t14
t1,t3,t4,t6,t7,t2,t6,t5,t8,t10,t12,t14
t1,t3,t4,t2,t6,t5,t7,t6,t8,t10,t12,t13,t11,t13,t11,t13,t11,t13,t11,t13,t11,t13,t11,t13,t11,t14
t1,t4,t3,t6,t2,t5,t8,t10,t12,t14
t1,t2,t4,t6,t3,t5,t8,t10,t12,t14
t1,t3,t4,t2,t5,t6,t8,t9,t11,t13,t11,t13,t11,t14
t1,t2,t3,t5,t4,t6,t8,t9,t11,t14
t1,t3,t2,t5,t4,t6,t8,t9,t11,t14
t3,t6,t5,t7,t6,t8,t10,t12,t13,t11,t14
t1,t4,t2,t3,t5,t6,t8,t9,t11,t13,t11,t13,t11,t14
t1,t4,t3,t6,t2,t5,t7,t6,t8,t10,t12,t13,t11,t13,t11,t13,t11,t13,t11,t13,t11,t14
t1,t2,t4,t3,t6,t5,t8,t9,t11,t13,t11,t13,t11,t13,t11,t14
t1,t4,t2,t3,t5,t6,t8,t10,t12,t14
t1,t4,t2,t3,t5,t6,t7,t6,t8,t9,t11,t14
t1,t3,t4,t2,t5,t6,t8,t10,t12,t14
t1,t3,t2,t4,t5,t6,t8,t9,t11,t14
t1,t3,t4,t2,t5,t6,t8,t10,t12,t13,t11,t14
t1,t4,t2,t6,t7,t6,t3,t5,t8,t9,t11,t13,t11,t13,t11,t14
t1,t3,t2,t5,t4,t6,t8,t9
t1,t4,t2,t3,t5,t6,t7,t6,t8,t10,t12,t13,t11,t13,t11,t13,t11,t14
t1,t4,t3,t6,t2,t5,t8,t9,t11,t14
t1,t4,t2,t3,t5,t6,t8,t9,t11,t14
t1,t4,t3,t6,t2,t5,t7,t6,t8,t9,t11,t13,t11,t14
t1,t3,t2,t5,t4,t6,t8,t10,t12,t14
t1,t2,t4,t3,t5,t6,t8,t9,t11,t14
t1,t4,t2,t6,t3,t5,t7,t6,t7,t6,t8,t9,t11,t14
t1,t3,t4,t2,t5,t6,t8,t10,t12,t14
t1,t4,t2,t3,t6,t5,t8,t10,t12,t13,t11,t14
t4,t3,t2,t6,t5,t8,t10,t12,t14
t1,t4,t3,t2,t6,t5,t7,t6,t8,t9,t11,t14
t1,t2,t4,t3,t5,t6,t8,t9,t11,t14
t1,t2,t3,t4,t5,t6,t8,t9,t11,t14
t1,t4,t2,t3,t5,t6,t8,t10,t12,t13,t11,t14
t1,t3,t2,t5,t4,t6,t8,t9,t11,t14
t1,t2,t3,t4,t5,t6,t8,t10,t12,t14
t1,t4,t2,t6,t7,t6,t7,t3,t6,t5,t8,t10,t12,t14
t1,t4,t2,t3,t6,t5,t8,t10,t12,t13,t11,t14
t1,t3,t4,t6,t2,t7,t5,t6,t7,t6,t8,t9,t11,t13,t11,t13,t11,t14
t6,t2,t4,t1,t3,t5,t7,t6,t8,t10,t12,t13,t11,t13,t11,t14
t1,t3,t4,t2,t5,t6,t8,t9,t11,t14
t1,t3,t4,t2,t6,t7,t5,t6,t8,t9,t11,t13,t11,t14
t1,t3,t2,t4,t5,t6,t8,t9,t11,t14
t1,t2,t4,t3,t5,t6,t8,t10,t12,t13,t11,t13,t11,t13,t11,t14
t1,t3,t2,t5,t4,t6,t8,t9,t11,t13,t11,t14
t1,t3,t4,t2,t5,t6,t8,t9,t11,t13,t11,t14
t1,t4,t3,t2,t6,t5,t8,t9,t11,t14
t1,t4,t3,t2,t6,t5,t8,t9,t11,t14
t1,t2,t4,t6,t3,t5,t7,t6,t8,t10,t12,t14
t1,t14,t2,t3,t5,t6,t8,t10,t12,t4
t1,t4,t3,t2,t5,t6,t8,t9,t11,t13,t11,t14
t1,t2,t4,t3,t6,t5,t7,t6,t8,t10,t12,t13,t11,t14
t1,t4,t2,t3,t5,t6,t8,t10,t12,t13,t11,t13,t11,t14
t1,t4,t6,t3,t2,t5,t8,t9,t11,t13,t11,t14
t1,t2,t4,t3,t6,t5,t8,t10,t12,t13,t11,t14
t1,t2,t3,t5,t4,t6,t8,t9,t11,t13,t11,t13,t11,t13,t11,t14
t1,t2,t3,t5,t4,t6,t8,t9,t11,t14
t1,t3,t2,t5,t4,t6,t8,t9,t11,t14
t1,t4,t3,t2,t5,t6,t8,t10,t12,t13,t11,t14
t1,t3,t2,t5,t4,t8,t10,t12,t14
t1,t4,t3,t2,t5,t6,t8,t9,t11,t14
t1,t4,t2,t6,t7,t3,t5,t6,t8,t9,t11,t14
t1,t3,t4,t6,t2,t5,t8,t9,t11,t13,t11,t14
t1,t2,t4,t6,t3,t5,t8,t9,t11,t13,t11,t13,t11,t13,t11,t14
t1,t4,t2,t3,t5,t6,t8,t10,t12,t14
t1,t3,t2,t5,t4,t6,t8,t10,t12,t13,t11,t13,t11,t13,t11,t13,t11,t13,t11,t14
t1,t4,t6,t3,t2,t7,t5,t6,t7,t6,t7,t6,t8,t9,t11,t13,t11,t13,t11,t14
t1,t3,t4,t2,t6,t5,t7,t6,t8,t10,t12,t13,t11,t14
t1,t2,t3,t5,t4,t6,t7,t6,t8,t10,t12,t13,t11,t14
t2,t5,t4,t6,t8,t9,t11,t14
t1,t4,t2,t3,t5,t6,t7,t6,t8,t10,t12,t14
t1,t2,t4,t3,t5,t6,t8,t9,t11,t14
t1,t2,t3,t4,t5,t6,t8,t9,t11,t13,t11,t14
t1,t2,t3,t4,t5,t6,t8,t9,t11,t13,t11,t13,t11,t14
t1,t2,t3,t5,t4,t6,t7,t6,t8,t10,t12,t14
t1,t4,t2,t6,t3,t5,t8,t10,t12,t14
t1,t3,t4,t6,t2,t5,t7,t6,t7,t6,t8,t10,t12,t14
t1,t3,t4,t2,t6,t5,t7,t6,t8,t10,t12,t13,t11,t14
t1,t3,t4,t6,t2,t7,t5,t6,t8,t10,t12,t14
t1,t2,t4,t6,t7,t3,t6,t5,t7,t6,t8
t1,t2,t4,t3,t5,t6,t7,t6,t8,t10,t12,t13,t11,t13,t11,t13,t11,t13,t11,t13,t11,t13,t11,t13,t11,t14
t1,t4,t2,t3,t6,t5,t7,t6,t8,t10,t12,t13,t11,t13,t11,t14
t1,t3,t4,t6,t7,t2,t6,t5,t8,t9,t11,t14
t1,t2,t3,t5,t4,t6,t8,t9,t11,t13,t11,t14
t1,t3,t4,t2,t5,t6,t8,t10,t12,t14
t1,t3,t2,t5,t4,t6,t8,t9,t11,t13,t11,t14
t1,t3,t2,t5,t4,t6,t8,t10,t12,t14
t1,t2,t3,t5,t4,t6,t8,t9,t11,t13,t11,t14
t1,t4,t2,t6,t3,t5,t8,t10,t12,t14
t4,t2,t3,t6,t5,t8,t9,t11,t14
t1,t4,t6,t2,t3,t5,t8,t10,t12,t13,t11,t14
t1,t3,t2,t5,t4,t6,t8,t9,t11,t14
t1,t3,t2,t5,t4,t6,t8,t10,t12,t13,t11,t14
t1,t4,t3,t2,t6,t5,t8,t10,t12,t14
t1,t2,t4,t3,t5,t6,t8,t10,t12,t14
t1,t2,t4,t3,t5,t6,t8,t10,t12,t13,t11,t14
t1,t3,t2,t5,t4,t6,t8,t9,t11,t13,t11,t14
t1,t2,t4,t3,t6,t5,t8,t10,t12,t13,t11,t13,t11,t13,t11,t14
t1,t3,t4,t6,t2,t5,t8,t9,t11,t13,t11,t14
t1,t3,t4,t6,t2,t5,t8,t10
t1,t2,t3,t5,t4,t6,t8,t10,t12,t13,t11,t14
t1,t2,t3,t4,t5,t6,t8,t10,t12,t13,t11,t14
t1,t3,t2,t5,t4,t6,t8,t9,t11,t13,t11,t14
t1,t3,t4,t2,t6,t5,t8,t10,t12,t13,t11,t14
t1,t2,t4,t6,t7,t3,t5,t6,t8,t9,t11,t14
t1,t2,t3,t5,t4,t6,t8,t10,t12,t14
t1,t4,t2,t6,t3,t7,t5,t6,t8,t10,t12,t14
t1,t3,t4,t6,t2,t5,t7,t6,t8,t10,t12,t13,t11,t13,t11,t13,t11,t13,t11,t14
t1,t2,t4,t3,t5,t6,t8,t10,t12,t14
t1,t2,t3,t5,t4,t6,t8,t10,t12
t1,t2,t4,t3,t5,t6,t8,t9,t11,t13,t11,t13,t11,t13,t11,t13,t11,t14
t1,t4,t3,t6,t2,t5,t8,t10,t12,t14
t1,t3,t2,t5,t4,t6,t7,t6,t8,t9,t11,t13,t11,t14
t1,t3,t4,t2,t5,t6,t8,t9,t11,t13,t11,t14
t1,t2,t3,t5,t4,t6,t8,t10,t12,t13,t11,t13,t11,t13,t11,t14
t1,t3,t2,t5,t4,t6,t8,t10,t12,t14
t1,t3,t4,t2,t6,t5,t8,t10,t12,t13,t11,t14
t1,t2,t4,t3,t6,t5,t8,t10,t12,t13,t11,t14
t1,t3,t4,t2,t5,t6,t8,t10,t12,t14
t1,t2,t3,t5,t4,t6,t8,t9,t11
