	D/F-Table

A = t1
#A = 990
_____________________________________________________________
B	B<A	A>B	B<<<A	A>>>B	A→B
_____________________________________________________________
t1	0	0	0	0	0.0
t3	1	484	2	989	0.868344742482947
t2	2	502	2	989	0.870928069642337
t6	0	1	0	753	0.288095627556802
t4	0	2	0	987	0.566139230642419
t7	0	0	0	988	0.372214785136089
t9	0	0	0	752	0.18808493483567
t10	0	0	0	987	0.244629322868009
t12	0	0	0	674	0.10384950904909
t11	0	1	0	987	0.247196908685086
t13	0	0	0	673	0.0685099207853209
t14	0	0	0	677	0.105414187956515
t15	0	0	0	677	0.0713630238045076
t5	0	0	0	766	0.299539288690176
t8	0	0	0	764	0.193365660372446
t16	0	0	0	976	0.0542675573749074
_____________________________________________________________

A = t3
#A = 3662
_____________________________________________________________
B	B<A	A>B	B<<<A	A>>>B	A→B
_____________________________________________________________
t1	484	1	989	2	-0.234751855559289
t3	0	0	2663	2663	0.0
t2	648	614	2855	2820	-0.00944449522577851
t6	1	562	1367	1869	0.367701589696552
t4	391	568	2503	3117	0.117646013718914
t7	316	378	2362	3199	0.093688098332801
t9	0	1	1365	1870	0.197574228504635
t10	407	342	2277	3217	0.0502071198588583
t12	321	369	2202	2342	0.0527868198169309
t11	1	0	2671	3652	0.117550021274187
t13	255	308	2187	2413	0.0433710867154561
t14	0	0	2671	2662	-0.239134658541369
t15	836	0	2671	2662	-0.499526279620905
t5	0	517	1303	1786	0.351015545722058
t8	0	0	1304	1784	0.18885292981803
t16	0	0	0	985	0.0673098494191367
_____________________________________________________________

A = t2
#A = 3676
_____________________________________________________________
B	B<A	A>B	B<<<A	A>>>B	A→B
_____________________________________________________________
t1	502	2	989	2	-0.23455353344557
t3	614	648	2820	2855	0.00940852598389579
t2	1	1	2676	2676	0.0
t6	229	272	1376	1691	0.0475794143935885
t4	0	1118	2676	3667	0.716939699574798
t7	0	1	2676	3663	0.385409111585467
t9	173	214	1283	1729	0.0560331515532433
t10	2	0	2677	3662	0.117668769391136
t12	1	1	2677	2675	-0.239254597231332
t11	378	334	2272	3208	0.0584873758920568
t13	834	0	2679	2675	-0.499379637484828
t14	322	309	2226	2349	0.0393310858446144
t15	272	323	2194	2420	0.039994798765267
t5	198	260	1323	1621	0.0575941283761181
t8	147	190	1259	1680	0.0496158929405097
t16	0	1	0	986	0.0670761847250677
_____________________________________________________________

A = t6
#A = 1873
_____________________________________________________________
B	B<A	A>B	B<<<A	A>>>B	A→B
_____________________________________________________________
t1	1	0	753	0	-0.152276920064727
t3	562	1	1869	1367	-0.718912558178737
t2	272	229	1691	1376	-0.0933806339086125
t6	0	0	1112	1112	0.0
t4	287	281	1540	1534	0.0188171913347093
t7	194	255	1389	1663	0.0959183238612026
t9	0	581	1113	1871	0.76594625320154
t10	214	184	1310	1711	0.0604616819709221
t12	167	177	1241	1249	0.0316234548307888
t11	0	2	1388	1869	0.380312468806334
t13	175	161	1211	1282	0.0276658804163925
t14	0	0	1387	1364	-0.0298386432978839
t15	0	0	1386	1364	-0.252121505054448
t5	0	0	658	636	-0.0016499073776886
t8	0	1	658	637	-0.0301139014589396
t16	0	0	1	748	0.102011491770696
_____________________________________________________________

A = t4
#A = 3672
_____________________________________________________________
B	B<A	A>B	B<<<A	A>>>B	A→B
_____________________________________________________________
t1	2	0	987	0	-0.152635576888887
t3	568	391	3117	2503	-0.117325626971314
t2	1118	0	3667	2676	-0.717720679639694
t6	281	287	1534	1540	-0.00959820244278611
t4	0	0	2675	2675	0.0
t7	1	1111	2676	3665	0.719564255856766
t9	236	260	1381	1670	0.0359824716457841
t10	1	1	2676	3663	0.385210154314124
t12	0	0	2676	2677	-0.023216707078916
t11	419	395	2354	3168	0.0739523815838941
t13	0	0	2677	2676	-0.243006211063458
t14	286	421	2241	2308	0.0648329157493684
t15	302	280	2246	2358	0.0371390318431375
t5	246	292	1464	1457	0.0108322603934734
t8	209	233	1340	1587	0.0340102370683582
t16	1	0	1	982	0.101618823831339
_____________________________________________________________

A = t7
#A = 3674
_____________________________________________________________
B	B<A	A>B	B<<<A	A>>>B	A→B
_____________________________________________________________
t1	0	0	988	0	-0.100297397192359
t3	378	316	3199	2362	-0.093382094745432
t2	1	0	3663	2676	-0.385618915130152
t6	255	194	1663	1389	-0.0488990257463344
t4	1111	1	3665	2676	-0.719172549675025
t7	1	1	2676	2676	0.0
t9	269	271	1539	1528	-0.00525020446645029
t10	0	1101	2674	3666	0.717494721871934
t12	0	1	2673	2678	0.188622839432916
t11	456	531	2553	3081	0.0728472988955734
t13	0	0	2674	2677	-0.0272705179701066
t14	377	404	2290	2242	0.0186562199621116
t15	304	383	2255	2285	0.0467122338794259
t5	261	221	1594	1307	-0.0399937256551232
t8	259	248	1472	1457	-0.000505979723676765
t16	0	0	1	983	0.154530748477976
_____________________________________________________________

A = t9
#A = 1873
_____________________________________________________________
B	B<A	A>B	B<<<A	A>>>B	A→B
_____________________________________________________________
t1	0	0	752	0	-0.099414888140584
t3	1	0	1870	1365	-0.386287680076867
t2	214	173	1729	1283	-0.109972165034555
t6	581	0	1871	1113	-0.76594625320154
t4	260	236	1670	1381	-0.070543318677693
t7	271	269	1528	1539	0.010298585803384
t9	0	0	1112	1112	0.0
t10	220	246	1397	1667	0.069796642333687
t12	167	227	1281	1225	0.0295495032251449
t11	1	563	1388	1869	0.715100434017149
t13	156	157	1233	1239	0.0299266555277809
t14	1	0	1388	1363	0.186960655308717
t15	0	1	1386	1364	-0.0305431619381712
t5	0	0	658	636	0.0263346037334315
t8	1	0	658	636	-0.00226291994442535
t16	0	0	1	748	0.153180420905395
_____________________________________________________________

A = t10
#A = 3672
_____________________________________________________________
B	B<A	A>B	B<<<A	A>>>B	A→B
_____________________________________________________________
t1	0	0	987	0	-0.065953984106571
t3	342	407	3217	2277	-0.050070390229613
t2	0	2	3662	2677	-0.11779694887849
t6	184	214	1711	1310	-0.0308400681730765
t4	1	1	3663	2676	-0.385210154314124
t7	1101	0	3666	2674	-0.717885514204108
t9	246	220	1667	1397	-0.0356016097742363
t10	0	0	2675	2675	0.0
t12	0	554	2672	2678	0.437996929807464
t11	578	534	2850	2822	-0.0139810348395646
t13	0	0	2674	2678	0.188245631580494
t14	406	379	2379	2187	-0.0340277668475816
t15	372	415	2311	2227	0.00900088387682141
t5	206	191	1646	1213	-0.0441245136850038
t8	236	237	1587	1316	-0.0264290274384487
t16	0	515	1	985	0.228991560670311
_____________________________________________________________

A = t12
#A = 2682
_____________________________________________________________
B	B<A	A>B	B<<<A	A>>>B	A→B
_____________________________________________________________
t1	0	0	674	0	-0.0383337113939593
t3	369	321	2342	2202	-0.0720750686687551
t2	1	1	2675	2677	0.327926882707821
t6	177	167	1249	1241	-0.0220845379933137
t4	0	0	2677	2676	0.0317866325107306
t7	1	0	2678	2673	-0.258389378104598
t9	227	167	1225	1281	-0.0206361743253901
t10	554	0	2678	2672	-0.599673648863911
t12	0	0	1999	1999	0.0
t11	367	404	2192	2383	0.0511214249521256
t13	1	774	2000	2679	0.712734826275239
t14	258	253	2110	2118	-0.00122775172486249
t15	330	254	1988	2176	-0.0421199230289671
t5	185	153	1221	1154	-0.0402815851091613
t8	212	188	1173	1191	-0.0157209975830594
t16	0	0	0	675	0.0284724502574286
_____________________________________________________________

A = t11
#A = 3664
_____________________________________________________________
B	B<A	A>B	B<<<A	A>>>B	A→B
_____________________________________________________________
t1	1	0	987	0	-0.0667917411567236
t3	0	1	3652	2671	-0.117485856415413
t2	334	378	3208	2272	-0.058678928433188
t6	2	0	1869	1388	-0.194411914321579
t4	395	419	3168	2354	-0.0741138496659551
t7	531	456	3081	2553	-0.0730461179427775
t9	563	1	1869	1388	-0.365552159638133
t10	534	578	2822	2850	0.0140115611165069
t12	404	367	2383	2192	-0.0374202133519654
t11	0	0	2667	2667	0.0
t13	364	414	2284	2223	0.0156972921516157
t14	0	576	2667	2672	0.441158519226178
t15	0	1	2667	2672	0.191354678104054
t5	0	0	1787	1281	-0.190229160754912
t8	535	0	1788	1283	-0.351434713159006
t16	0	470	1	984	0.225452706375544
_____________________________________________________________

A = t13
#A = 2683
_____________________________________________________________
B	B<A	A>B	B<<<A	A>>>B	A→B
_____________________________________________________________
t1	0	0	673	0	-0.0252794713296562
t3	308	255	2413	2187	-0.0591967646485278
t2	0	834	2675	2679	0.684204080281114
t6	161	175	1282	1211	-0.0193135274021256
t4	0	0	2676	2677	0.332582484914282
t7	0	0	2677	2674	0.037343228856568
t9	157	156	1239	1233	-0.0208917725693379
t10	0	0	2678	2674	-0.257636212882435
t12	774	1	2679	2000	-0.712469177812222
t11	414	364	2223	2284	-0.0214367791440626
t13	0	0	2001	2001	1.05932573352233e-17
t14	275	331	2186	1979	0.0282380539133811
t15	257	268	2110	2112	0.00408626238210959
t5	145	155	1263	1144	-0.0328551337686412
t8	192	144	1225	1170	-0.040427706519541
t16	0	0	0	674	0.0423889210392093
_____________________________________________________________

A = t14
#A = 2673
_____________________________________________________________
B	B<A	A>B	B<<<A	A>>>B	A→B
_____________________________________________________________
t1	0	0	677	0	-0.0390422918357463
t3	0	0	2662	2671	0.327613587571453
t2	309	322	2349	2226	-0.0540894394181828
t6	0	0	1364	1387	0.020908259968925
t4	421	286	2308	2241	-0.0890633994132737
t7	404	377	2242	2290	-0.0256427056269353
t9	0	1	1363	1388	-0.13100535256013
t10	379	406	2187	2379	0.0467452150633444
t12	253	258	2118	2110	0.00123188556905398
t11	576	0	2672	2667	-0.604715605852868
t13	331	275	1979	2186	-0.0283436957162743
t14	0	0	1987	1987	0.0
t15	0	748	1987	2672	0.714594487795809
t5	0	0	1304	1281	0.0105015254902088
t8	0	0	1306	1283	-0.129872072961865
t16	0	0	0	678	0.0279710153917438
_____________________________________________________________

A = t15
#A = 2673
_____________________________________________________________
B	B<A	A>B	B<<<A	A>>>B	A→B
_____________________________________________________________
t1	0	0	677	0	-0.026430749557225
t3	0	836	2662	2671	0.684349134295456
t2	323	272	2420	2194	-0.0550021998732217
t6	0	0	1364	1386	0.176664264484467
t4	280	302	2358	2246	-0.0510192760673405
t7	383	304	2285	2255	-0.064205292657318
t9	1	0	1364	1386	0.0214019237973044
t10	415	372	2227	2311	-0.0123648505782597
t12	254	330	2176	1988	0.0422617409516236
t11	1	0	2672	2667	-0.262298369088386
t13	268	257	2112	2110	-0.00410154955899735
t14	748	0	2672	1987	-0.714594487795809
t15	0	0	1987	1987	-1.06328879275735e-17
t5	0	0	1304	1282	0.155281250194803
t8	0	0	1306	1284	0.0134970261644978
t16	0	0	0	678	0.0422782198307457
_____________________________________________________________

A = t5
#A = 1791
_____________________________________________________________
B	B<A	A>B	B<<<A	A>>>B	A→B
_____________________________________________________________
t1	0	0	766	0	-0.165574481185525
t3	517	0	1786	1303	-0.717710177796859
t2	260	198	1621	1323	-0.118211064160028
t6	0	0	636	658	0.00172544752563414
t4	292	246	1457	1464	-0.0222088554800862
t7	221	261	1307	1594	0.0820418470446246
t9	0	0	636	658	-0.0275403198172626
t10	191	206	1213	1646	0.0904663396154851
t12	153	185	1154	1221	0.0603211676509049
t11	0	0	1281	1787	0.389167864324957
t13	155	145	1144	1263	0.0492184946405719
t14	0	0	1281	1304	-0.0156731310080001
t15	0	0	1282	1304	-0.231751413607319
t5	0	0	1019	1019	0.0
t8	0	550	1020	1789	0.773391747104635
t16	0	0	0	765	0.105765125694757
_____________________________________________________________

A = t8
#A = 1791
_____________________________________________________________
B	B<A	A>B	B<<<A	A>>>B	A→B
_____________________________________________________________
t1	0	0	764	0	-0.106885540909392
t3	0	0	1784	1304	-0.386141501392309
t2	190	147	1680	1259	-0.101835858430661
t6	1	0	637	658	0.0314926507161328
t4	233	209	1587	1340	-0.06972953127583
t7	248	259	1457	1472	0.00103795058893827
t9	0	1	636	658	0.00236652655271283
t10	237	236	1316	1587	0.0541861467079751
t12	188	212	1191	1173	0.0235419963806618
t11	0	535	1283	1788	0.718959681191848
t13	144	192	1170	1225	0.0605625553277099
t14	0	0	1283	1306	0.193829174219466
t15	0	0	1284	1306	-0.0201438028686223
t5	550	0	1789	1020	-0.773391747104635
t8	0	0	1021	1021	0.0
t16	0	0	0	763	0.156213055617303
_____________________________________________________________

A = t16
#A = 986
_____________________________________________________________
B	B<A	A>B	B<<<A	A>>>B	A→B
_____________________________________________________________
t1	0	0	976	0	-0.0544877097374831
t3	0	0	985	0	-0.249988507680404
t2	1	0	986	0	-0.250073078143356
t6	0	0	748	1	-0.193780450392001
t4	0	1	982	1	-0.378442516337401
t7	0	0	983	1	-0.575807271712053
t9	0	0	748	1	-0.290980657561667
t10	515	0	985	1	-0.85279615697909
t12	0	0	675	0	-0.0774473748381578
t11	470	0	984	1	-0.837787744584172
t13	0	0	674	0	-0.115344295282149
t14	0	0	678	0	-0.0758281177912081
t15	0	0	678	0	-0.114614281549273
t5	0	0	765	0	-0.192114949411065
t8	0	0	763	0	-0.283750083783559
t16	0	0	0	0	0.0
_____________________________________________________________


	D/F-Graph

[t1,t3]  	 → euristica 1
[t1,t2]  	 → euristica 1
[t3,t6]  	 → euristica 1
[t3,t5]  	 → euristica 1
[t2,t4]  	 → euristica 1
[t6,t9]  	 → euristica 1
[t4,t7]  	 → euristica 1
[t7,t10]  	 → euristica 1
[t9,t11]  	 → euristica 1
[t10,t12]  	 → euristica 1
[t10,t16]  	 → euristica 1
[t12,t13]  	 → euristica 1
[t11,t14]  	 → euristica 1
[t11,t16]  	 → euristica 1
[t13,t2]  	 → euristica 1
[t14,t15]  	 → euristica 1
[t15,t3]  	 → euristica 1
[t5,t8]  	 → euristica 1
[t8,t11]  	 → euristica 1


	WF-Net

Split:

t1	(t2) AND (t3)
t3	(t6 OR t5)
t2	(t4)
t6	(t9)
t4	(t7)
t7	(t10)
t9	(t11)
t10	(t12 OR t16)
t12	(t13)
t11	(t14 OR t16)
t13	(t2)
t14	(t15)
t15	(t3)
t5	(t8)
t8	(t11)
t16	()


Join:

t1	()
t3	(t1 OR t15)
t2	(t1 OR t13)
t6	(t3)
t4	(t2)
t7	(t4)
t9	(t6)
t10	(t7)
t12	(t10)
t11	(t9 OR t8)
t13	(t12)
t14	(t11)
t15	(t14)
t5	(t3)
t8	(t5)
t16	(t11) AND (t10)
