	D/F-Table

A = t1
#A = 1000
_____________________________________________________________
B	B<A	A>B	B<<<A	A>>>B	A→B
_____________________________________________________________
t1	0	0	0	0	0.0
t4	0	232	0	495	0.428321024000001
t2	0	536	0	1000	0.885849599999993
t7	0	0	0	495	0.276641863679999
t5	0	0	0	1000	0.581955839999994
t8	0	0	0	495	0.18481200300032
t12	0	0	0	495	0.126903173303502
t10	0	0	0	1000	0.226074991827607
t15	0	0	0	1000	0.142689562137927
t16	0	0	0	1000	0.114151649710341
t3	0	232	0	505	0.436922880000001
t6	0	0	0	505	0.2853270016
t11	0	0	0	505	0.18945586757632
t9	0	0	0	499	0.19557888
t14	0	0	0	499	0.111511317996635
t13	0	0	0	332	0.0753382291970125
_____________________________________________________________

A = t4
#A = 495
_____________________________________________________________
B	B<A	A>B	B<<<A	A>>>B	A→B
_____________________________________________________________
t1	232	0	495	0	-0.8652949979798
t4	0	0	0	0	0.0
t2	191	183	263	367	0.0251369549948127
t7	0	107	0	495	0.808377535353539
t5	58	153	72	457	0.533779817588259
t8	0	0	0	495	0.542081685979797
t12	0	0	0	495	0.374473746618182
t10	7	25	7	488	0.301251524836267
t15	0	0	0	495	0.188791219086792
t16	0	0	0	495	0.151032975269433
t3	0	0	0	0	0.0
t6	0	0	0	0	0.0
t11	0	0	0	0	0.0
t9	4	24	8	242	0.259591094768485
t14	3	1	4	244	0.147207464923095
t13	0	2	1	156	0.0984323260076213
_____________________________________________________________

A = t2
#A = 1983
_____________________________________________________________
B	B<A	A>B	B<<<A	A>>>B	A→B
_____________________________________________________________
t1	536	0	1000	0	-0.446721936459906
t4	183	191	367	263	-0.0062747315796431
t2	0	0	983	983	0.0
t7	48	137	271	444	0.0988168705683426
t5	0	1192	983	1983	0.683227536823853
t8	29	51	241	485	0.073797333184097
t12	54	32	220	494	0.0343296175985476
t10	0	0	0	1000	0.337559172970243
t15	0	0	0	1000	0.244122013111444
t16	0	0	0	1000	0.195297610489158
t3	172	205	362	273	-0.000768855791346333
t6	55	128	277	444	0.0873394302515379
t11	48	47	248	489	0.0575627310991428
t9	0	0	983	983	0.0340698155066869
t14	858	0	983	983	-0.275432693849231
t13	0	0	508	508	-0.06711098739284
_____________________________________________________________

A = t7
#A = 495
_____________________________________________________________
B	B<A	A>B	B<<<A	A>>>B	A→B
_____________________________________________________________
t1	0	0	495	0	-0.558872451878787
t4	107	0	495	0	-0.808377535353539
t2	137	48	444	271	-0.395866372398027
t7	0	0	0	0	0.0
t5	149	127	270	356	0.0106287796596364
t8	0	162	0	495	0.838458181818184
t12	0	0	0	495	0.581507568484847
t10	46	65	53	442	0.255964330159264
t15	0	0	0	495	0.295984605460744
t16	0	0	0	495	0.236787684368595
t3	0	0	0	0	0.0
t6	0	0	0	0	0.0
t11	0	0	0	0	0.0
t9	43	54	61	214	0.176711989268687
t14	7	22	11	239	0.2133990717982
t13	6	17	8	152	0.130164835298698
_____________________________________________________________

A = t5
#A = 1983
_____________________________________________________________
B	B<A	A>B	B<<<A	A>>>B	A→B
_____________________________________________________________
t1	0	0	1000	0	-0.293472435703477
t4	153	58	457	72	-0.133243070956222
t2	1192	0	1983	983	-0.683227536823853
t7	127	149	356	270	-0.0026531749528593
t5	0	0	983	983	0.0
t8	74	102	286	401	0.0546367339899544
t12	57	57	252	467	0.0515699472498638
t10	0	654	0	1000	0.464048411497728
t15	0	0	0	1000	0.334025133635902
t16	0	0	0	1000	0.267220106908721
t3	156	53	476	69	-0.143760154981341
t6	135	145	370	267	-0.0162592685377711
t11	89	113	290	413	0.0490500275703478
t9	0	652	983	983	0.220947665649927
t14	0	0	983	983	-0.0979163105305822
t13	0	0	508	508	0.0209055047907222
_____________________________________________________________

A = t8
#A = 495
_____________________________________________________________
B	B<A	A>B	B<<<A	A>>>B	A→B
_____________________________________________________________
t1	0	0	495	0	-0.373357581818828
t4	0	0	495	0	-0.542081685979797
t2	51	29	485	241	-0.29563658930114
t7	162	0	495	0	-0.838458181818184
t5	102	74	401	286	-0.218878067680969
t8	0	0	0	0	0.0
t12	0	227	0	495	0.866274391919194
t10	83	57	136	359	0.0454536446366428
t15	0	0	0	495	0.435642857527496
t16	0	0	0	495	0.348514286021996
t3	0	0	0	0	0.0
t6	0	0	0	0	0.0
t11	0	0	0	0	0.0
t9	55	48	131	182	0.0498653752888889
t14	24	31	47	223	0.188307801843071
t13	18	29	30	143	0.119794739296309
_____________________________________________________________

A = t12
#A = 495
_____________________________________________________________
B	B<A	A>B	B<<<A	A>>>B	A→B
_____________________________________________________________
t1	0	0	495	0	-0.256370047077781
t4	0	0	495	0	-0.374473746618182
t2	32	54	494	220	-0.137526528682666
t7	0	0	495	0	-0.581507568484847
t5	57	57	467	252	-0.206592334134303
t8	227	0	495	0	-0.866274391919194
t12	0	0	0	0	0.0
t10	69	38	205	290	-0.096780884919828
t15	0	205	0	495	0.608917110245956
t16	0	0	0	495	0.487133688196766
t3	0	0	0	0	0.0
t6	0	0	0	0	0.0
t11	0	0	0	0	0.0
t9	41	55	187	155	-0.0109134870755555
t14	48	36	104	196	0.107113052056566
t13	21	50	57	130	0.100142545120179
_____________________________________________________________

A = t10
#A = 1000
_____________________________________________________________
B	B<A	A>B	B<<<A	A>>>B	A→B
_____________________________________________________________
t1	0	0	1000	0	-0.226074991827607
t4	25	7	488	7	-0.149119504793952
t2	0	0	1000	0	-0.669379839999992
t7	65	46	442	53	-0.126702343428835
t5	654	0	1000	0	-0.920207999999995
t8	57	83	359	136	-0.0224995540951382
t12	38	69	290	205	0.0479065380353149
t10	0	0	0	0	0.0
t15	0	663	0	1000	0.893867199999995
t16	0	0	0	1000	0.715093759999991
t3	12	9	496	9	-0.155797581067494
t6	66	43	453	52	-0.144544875989592
t11	83	80	373	132	-0.0565212132707472
t9	0	0	499	0	-0.190471531239834
t14	0	0	499	0	-0.306371583999997
t13	0	0	332	0	-0.140537467797118
_____________________________________________________________

A = t15
#A = 1000
_____________________________________________________________
B	B<A	A>B	B<<<A	A>>>B	A→B
_____________________________________________________________
t1	0	0	1000	0	-0.142689562137927
t4	0	0	495	0	-0.0934516534479619
t2	0	0	1000	0	-0.484093951999993
t7	0	0	495	0	-0.146512379703068
t5	0	0	1000	0	-0.662371839999994
t8	0	0	495	0	-0.215643214476111
t12	205	0	495	0	-0.301413969571748
t10	663	0	1000	0	-0.893867199999995
t15	0	0	0	0	0.0
t16	0	1000	0	1000	1.0
t3	0	0	505	0	-0.119309424853995
t6	0	0	505	0	-0.185069500791674
t11	132	0	505	0	-0.273344970616598
t9	0	0	499	0	-0.151778881311867
t14	0	0	499	0	-0.2443165696
t13	0	0	332	0	-0.112429974237694
_____________________________________________________________

A = t16
#A = 1000
_____________________________________________________________
B	B<A	A>B	B<<<A	A>>>B	A→B
_____________________________________________________________
t1	0	0	1000	0	-0.114151649710341
t4	0	0	495	0	-0.0747613227583695
t2	0	0	1000	0	-0.387275161599999
t7	0	0	495	0	-0.117209903762455
t5	0	0	1000	0	-0.529897471999994
t8	0	0	495	0	-0.172514571580888
t12	0	0	495	0	-0.241131175657399
t10	0	0	1000	0	-0.715093759999991
t15	1000	0	1000	0	-1.0
t16	0	0	0	0	0.0
t3	0	0	505	0	-0.0954475398831963
t6	0	0	505	0	-0.148055600633339
t11	0	0	505	0	-0.218675976493278
t9	0	0	499	0	-0.121423105049494
t14	0	0	499	0	-0.195453255680001
t13	0	0	332	0	-0.0899439793901554
_____________________________________________________________

A = t3
#A = 505
_____________________________________________________________
B	B<A	A>B	B<<<A	A>>>B	A→B
_____________________________________________________________
t1	232	0	505	0	-0.86519382178218
t4	0	0	0	0	0.0
t2	205	172	273	362	0.00301909115691045
t7	0	0	0	0	0.0
t5	53	156	69	476	0.564507697679207
t8	0	0	0	0	0.0
t12	0	0	0	0	0.0
t10	9	12	9	496	0.30851006151979
t15	0	0	0	505	0.236256286839594
t16	0	0	0	505	0.189005029471676
t3	0	0	0	0	0.0
t6	0	132	0	505	0.817070891089111
t11	0	0	0	505	0.544011257916831
t9	4	28	7	247	0.272553821782178
t14	1	3	2	251	0.169324035495794
t13	1	2	1	174	0.120808732909153
_____________________________________________________________

A = t6
#A = 505
_____________________________________________________________
B	B<A	A>B	B<<<A	A>>>B	A→B
_____________________________________________________________
t1	0	0	505	0	-0.565003963564356
t4	0	0	0	0	0.0
t2	128	55	444	277	-0.342958594433267
t7	0	0	0	0	0.0
t5	145	135	267	370	0.0638458010106931
t8	0	0	0	0	0.0
t12	0	0	0	0	0.0
t10	43	66	52	453	0.286227477207112
t15	0	0	0	505	0.366474258993413
t16	0	0	0	505	0.293179407194731
t3	132	0	505	0	-0.817070891089111
t6	0	0	0	0	0.0
t11	0	160	0	505	0.833865504950498
t9	41	54	59	228	0.208880087445544
t14	11	19	13	245	0.226571290522614
t13	5	16	9	170	0.158690728942497
_____________________________________________________________

A = t11
#A = 505
_____________________________________________________________
B	B<A	A>B	B<<<A	A>>>B	A→B
_____________________________________________________________
t1	0	0	505	0	-0.375160133814495
t4	0	0	0	0	0.0
t2	47	48	489	248	-0.226033456969505
t7	0	0	0	0	0.0
t5	113	89	413	290	-0.192606345885148
t8	0	0	0	0	0.0
t12	0	0	0	0	0.0
t10	80	83	132	373	0.111923194595539
t15	0	132	0	505	0.541277169537817
t16	0	0	0	505	0.433021735630254
t3	0	0	505	0	-0.544011257916831
t6	160	0	505	0	-0.833865504950498
t11	0	0	0	0	0.0
t9	59	68	135	191	0.0747655989227721
t14	31	43	51	226	0.208581200095049
t13	15	42	31	159	0.168817693992453
_____________________________________________________________

A = t9
#A = 983
_____________________________________________________________
B	B<A	A>B	B<<<A	A>>>B	A→B
_____________________________________________________________
t1	0	0	499	0	-0.198961220752797
t4	24	4	242	8	-0.130719829003459
t2	0	0	983	983	-0.0687288343334284
t7	54	43	214	61	-0.0889851827955239
t5	652	0	983	983	-0.445716399780066
t8	48	55	182	131	-0.0251102347589013
t12	55	41	155	187	0.00549560132492367
t10	0	0	0	499	0.193765545513564
t15	0	0	0	499	0.154403744976467
t16	0	0	0	499	0.123522995981174
t3	28	4	247	7	-0.14002002034588
t6	54	41	228	59	-0.107308691922686
t11	68	59	191	135	-0.0384095904944048
t9	0	0	484	484	0.0
t14	0	356	484	983	0.472173345282604
t13	0	380	247	508	0.364835938962361
_____________________________________________________________

A = t14
#A = 983
_____________________________________________________________
B	B<A	A>B	B<<<A	A>>>B	A→B
_____________________________________________________________
t1	0	0	499	0	-0.113439794503189
t4	1	3	244	4	-0.0741278689083742
t2	0	858	983	983	0.555628720145499
t7	22	7	239	11	-0.107459349481291
t5	0	0	983	983	0.197525985536261
t8	31	24	223	47	-0.0948243763095828
t12	36	48	196	104	-0.0539379051556459
t10	0	0	0	499	0.311669973550353
t15	0	0	0	499	0.248541779857579
t16	0	0	0	499	0.198833423886064
t3	3	1	251	2	-0.0869874241356827
t6	19	11	245	13	-0.116397255049766
t11	43	31	226	51	-0.107155143487284
t9	356	0	983	484	-0.472173345282604
t14	0	0	484	484	0.0
t13	472	0	508	257	-0.381057380264497
_____________________________________________________________

A = t13
#A = 1010
_____________________________________________________________
B	B<A	A>B	B<<<A	A>>>B	A→B
_____________________________________________________________
t1	0	0	332	0	-0.0745923061356559
t4	2	0	156	1	-0.0482415855185867
t2	0	0	508	508	0.131763453465348
t7	17	6	152	8	-0.0637936569038174
t5	0	0	508	508	-0.0410451643564378
t8	29	18	143	30	-0.0587112831204682
t12	50	21	130	57	-0.0490797622123652
t10	0	0	0	332	0.139146007719918
t15	0	0	0	332	0.111316806175934
t16	0	0	0	332	0.0890534449407479
t3	2	1	174	1	-0.0604043664545767
t6	16	5	170	9	-0.0793453644712483
t11	42	15	159	31	-0.0844088469962265
t9	380	0	508	247	-0.355082899009902
t14	0	472	257	508	0.370870697821782
t13	472	472	678	678	0.0
_____________________________________________________________


	D/F-Graph

[t1,t4]  	 → euristica 1
[t1,t2]  	 → euristica 1
[t1,t3]  	 → euristica 1
[t4,t7]  	 → euristica 1
[t4,t9]  	 → euristica 1
[t2,t5]  	 → euristica 1
[t7,t8]  	 → euristica 1
[t5,t10]  	 → euristica 1
[t5,t9]  	 → euristica 1
[t8,t12]  	 → euristica 1
[t12,t15]  	 → euristica 1
[t10,t15]  	 → euristica 1
[t15,t16]  	 → euristica 1
[t3,t6]  	 → euristica 1
[t3,t9]  	 → euristica 1
[t6,t11]  	 → euristica 1
[t11,t15]  	 → euristica 1
[t9,t14]  	 → euristica 1
[t9,t13]  	 → euristica 1
[t14,t2]  	 → euristica 1
[t13,t14]  	 → euristica 1
[t13,t13]  	 → euristica 2


	WF-Net

Split:

t1	(t4 OR t3) AND (t2)
t4	(t9) AND (t7)
t2	(t5)
t7	(t8)
t5	(t10 OR t9)
t8	(t12)
t12	(t15)
t10	(t15)
t15	(t16)
t16	()
t3	(t9) AND (t6)
t6	(t11)
t11	(t15)
t9	(t13) AND (t14)
t14	(t2)
t13	(t13) AND (t14)


Join:

t1	()
t4	(t1)
t2	(t1 OR t14)
t7	(t4)
t5	(t2)
t8	(t7)
t12	(t8)
t10	(t5)
t15	(t12 OR t11) AND (t10)
t16	(t15)
t3	(t1)
t6	(t3)
t11	(t6)
t9	(t4 OR t3) AND (t5)
t14	(t13) AND (t9)
t13	(t13) AND (t9)
