t1,t4,t2,t7,t5,t8,t12,t10,t15,t16
t1,t2,t4,t5,t7,t10,t8,t12,t15,t16
t1,t2,t3,t6,t5,t11,t10,t15,t16
t1,t3,t2,t6,t5,t11,t10,t15,t16
t1,t2,t4,t5,t9,t7,t14,t2,t8,t12,t5,t10,t15,t16
t1,t2,t3,t5,t6,t10,t11,t15,t16
t1,t2,t5,t3,t9,t6,t13,t11,t13,t14,t2,t5,t9,t14,t2,t5,t9,t14,t2,t5,t10,t15,t16
t1,t3,t2,t5,t10,t6,t11,t15,t16
t1,t4,t7,t2,t8,t5,t9,t14,t2,t12,t5,t10,t15,t16
t1,t4,t2,t5,t7,t9,t8,t14,t12,t2,t5,t9,t13,t14,t2,t5,t9,t13,t14,t2,t5,t9,t13,t13,t14,t2,t5,t9,t14,t2,t5,t9,t13,t14,t2,t5,t10,t15,t16
t1,t3,t2,t6,t5,t11,t9,t13,t14,t2,t5,t10,t15,t16
t1,t3,t2,t6,t5,t11,t9,t13,t13,t13,t13,t13,t14,t2,t5,t9,t14,t2,t5,t10,t15,t16
t1,t4,t2,t5,t7,t10,t8,t12,t15,t16
t1,t2,t4,t5,t7,t10,t8,t12,t15,t16
t1,t3,t2,t6,t11,t5,t10,t15,t16
t1,t2,t5,t4,t10,t7,t8,t12,t15,t16
t1,t3,t6,t2,t11,t5,t10,t15,t16
t1,t2,t4,t5,t7,t9,t13,t8,t14,t12,t2,t5,t10,t15,t16
t1,t2,t3,t5,t6,t11,t9,t14,t2,t5,t10,t15,t16
t1,t2,t3,t5,t6,t10,t11,t15,t16
t1,t3,t2,t6,t5,t11,t9,t13,t13,t14,t2,t5,t10,t15,t16
t1,t3,t2,t6,t5,t11,t9,t14,t2,t5,t9,t13,t13,t14,t2,t5,t10,t15,t16
t1,t2,t5,t3,t9,t6,t14,t11,t2,t5,t9,t13,t14,t2,t5,t9,t14,t2,t5,t9,t14,t2,t5,t9,t14,t2,t5,t9,t14,t2,t5,t9,t14,t2,t5,t10,t15,t16
t1,t3,t2,t6,t11,t5,t10,t15,t16
t1,t4,t2,t7,t5,t8,t9,t12,t14,t2,t5,t9,t13,t14,t2,t5,t10,t15,t16
t1,t2,t5,t3,t9,t6,t13,t11,t13,t13,t14,t2,t5,t9,t13,t14,t2,t5,t10,t15,t16
t1,t2,t4,t5,t7,t9,t8,t12,t13,t13,t14,t2,t5,t10,t15,t16
t1,t2,t4,t5,t7,t8,t9,t12,t13,t14,t2,t5,t10,t15,t16
t1,t3,t2,t5,t6,t10,t11,t15,t16
t1,t3,t2,t5,t6,t11,t10,t15,t16
t1,t2,t4,t7,t5,t9,t14,t8,t2,t12,t5,t9,t13,t13,t14,t2,t5,t9,t13,t14,t2,t5,t10,t15,t16
t1,t4,t2,t7,t8,t5,t10,t12,t15,t16
t1,t2,t5,t3,t9,t6,t13,t14,t11,t2,t5,t10,t15,t16
t1,t2,t3,t6,t11,t5,t10,t15,t16
t1,t2,t4,t5,t10,t7,t8,t12,t15,t16
t1,t2,t4,t5,t7,t9,t8,t13,t13,t12,t13,t13,t13,t14,t2,t5,t10,t15,t16
t1,t2,t4,t5,t7,t9,t8,t13,t13,t12,t13,t13,t13,t14,t2,t5,t9,t14,t2,t5,t9,t13,t14,t2,t5,t9,t14,t2,t5,t9,t13,t14,t2,t5,t10,t15,t16
t1,t4,t2,t7,t8,t5,t10,t12,t15,t16
t1,t2,t4,t7,t5,t8,t10,t12,t15,t16
t1,t4,t2,t7,t5,t8,t12,t9,t13,t13,t13,t13,t13,t13,t13,t14,t2,t5,t9,t14,t2,t5,t9,t14,t2,t5,t9,t14,t2,t5,t10,t15,t16
t1,t2,t4,t7,t8,t5,t12,t9,t14,t2,t5,t10,t15,t16
t1,t2,t5,t9,t14,t4,t2,t5,t7,t10,t8,t12,t15,t16
t1,t2,t4,t5,t7,t10,t8,t12,t15,t16
t1,t2,t3,t6,t5,t11,t10,t15,t16
t1,t2,t4,t5,t7,t10,t8,t12,t15,t16
t1,t2,t3,t5,t6,t10,t11,t15,t16
t1,t4,t2,t5,t10,t7,t8,t12,t15,t16
t1,t4,t7,t2,t8,t5,t12,t10,t15,t16
t1,t3,t2,t5,t9,t6,t11,t14,t2,t5,t9,t13,t13,t14,t2,t5,t10,t15,t16
t1,t3,t2,t6,t5,t9,t11,t13,t14,t2,t5,t10,t15,t16
t1,t2,t3,t5,t6,t10,t11,t15,t16
t1,t3,t2,t5,t6,t9,t11,t14,t2,t5,t10,t15,t16
t1,t2,t3,t6,t11,t5,t9,t13,t14,t2,t5,t9,t13,t14,t2,t5,t10,t15,t16
t1,t2,t3,t6,t5,t11,t10,t15,t16
t1,t2,t5,t4,t7,t9,t8,t14,t12,t2,t5,t9,t14,t2,t5,t9,t13,t14,t2,t5,t9,t13,t14,t2,t5,t10,t15,t16
t1,t2,t3,t5,t6,t10,t11,t15,t16
t1,t3,t6,t2,t11,t5,t9,t13,t13,t14,t2,t5,t10,t15,t16
t1,t2,t5,t3,t9,t13,t6,t13,t11,t14,t2,t5,t10,t15,t16
t1,t4,t2,t7,t5,t8,t12,t10,t15,t16
t1,t3,t2,t6,t5,t11,t10,t15,t16
t1,t2,t4,t5,t7,t10,t8,t12,t15,t16
t1,t4,t7,t8,t2,t12,t5,t9,t14,t2,t5,t10,t15,t16
t1,t4,t2,t7,t5,t8,t10,t12,t15,t16
t1,t2,t3,t5,t6,t10,t11,t15,t16
t1,t2,t5,t3,t6,t10,t11,t15,t16
t1,t2,t3,t6,t5,t11,t10,t15,t16
t1,t2,t3,t5,t6,t11,t9,t13,t14,t2,t5,t9,t13,t13,t13,t13,t14,t2,t5,t10,t15,t16
t1,t3,t6,t2,t5,t9,t11,t13,t13,t13,t13,t13,t14,t2,t5,t10,t15,t16
t1,t3,t2,t5,t6,t11,t10,t15,t16
t1,t2,t3,t6,t11,t5,t9,t13,t13,t13,t13,t13,t13,t14,t2,t5,t9,t14,t2,t5,t10,t15,t16
t1,t3,t2,t6,t11,t5,t10,t15,t16
t1,t2,t3,t5,t10,t6,t11,t15,t16
t1,t2,t3,t5,t10,t6,t11,t15,t16
t1,t2,t5,t4,t7,t10,t8,t12,t15,t16
t1,t2,t3,t6,t5,t9,t11,t14,t2,t5,t10,t15,t16
t1,t3,t2,t6,t5,t10,t11,t15,t16
t1,t2,t3,t5,t6,t11,t9,t13,t14,t2,t5,t10,t15,t16
t1,t4,t2,t7,t8,t5,t12,t9,t13,t14,t2,t5,t9,t13,t14,t2,t5,t10,t15,t16
t1,t2,t4,t7,t5,t8,t9,t12,t13,t13,t14,t2,t5,t9,t13,t13,t13,t13,t14,t2,t5,t10,t15,t16
t1,t2,t4,t5,t9,t7,t14,t8,t2,t12,t5,t9,t13,t13,t13,t13,t13,t13,t14,t2,t5,t10,t15,t16
t1,t2,t5,t3,t9,t14,t6,t2,t11,t5,t10,t15,t16
t1,t4,t2,t7,t5,t8,t10,t12,t15,t16
t1,t3,t6,t2,t11,t5,t10,t15,t16
t1,t2,t5,t4,t10,t7,t8,t12,t15,t16
t1,t4,t7,t2,t8,t12,t5,t10,t15,t16
t1,t3,t6,t2,t11,t5,t10,t15,t16
t1,t2,t5,t4,t10,t7,t8,t12,t15,t16
t1,t2,t5,t3,t9,t6,t14,t11,t2,t5,t9,t14,t2,t5,t10,t15,t16
t1,t4,t2,t7,t5,t8,t9,t12,t13,t14,t2,t5,t10,t15,t16
t1,t4,t2,t7,t5,t8,t9,t12,t13,t14,t2,t5,t9,t13,t14,t2,t5,t10,t15,t16
t1,t2,t5,t3,t10,t6,t11,t15,t16
t1,t2,t4,t5,t7,t9,t8,t14,t12,t2,t5,t9,t14,t2,t5,t10,t15,t16
t1,t2,t3,t5,t6,t9,t14,t11,t2,t5,t9,t13,t13,t13,t13,t13,t14,t2,t5,t10,t15,t16
t1,t2,t4,t5,t7,t10,t8,t12,t15,t16
t1,t3,t2,t6,t5,t11,t9,t13,t13,t14,t2,t5,t9,t13,t13,t14,t2,t5,t10,t15,t16
t1,t3,t2,t6,t5,t11,t9,t13,t13,t14,t2,t5,t10,t15,t16
t1,t3,t2,t6,t5,t10,t11,t15,t16
t1,t2,t4,t5,t7,t10,t8,t12,t15,t16
t1,t4,t2,t7,t5,t8,t9,t14,t2,t12,t5,t9,t14,t2,t5,t10,t15,t16
t1,t2,t3,t6,t5,t10,t11,t15,t16
t1,t2,t3,t5,t9,t6,t11,t14,t2,t5,t10,t15,t16
t1,t3,t2,t6,t5,t11,t10,t15,t16
t1,t3,t2,t5,t6,t9,t14,t11,t2,t5,t9,t13,t13,t14,t2,t5,t9,t13,t14,t2,t5,t9,t14,t2,t5,t9,t13,t13,t13,t13,t14,t2,t5,t9,t13,t14,t2,t5,t9,t13,t14,t2,t5,t9,t14,t2,t5,t9,t13,t13,t14,t2,t5,t10,t15,t16
t1,t4,t2,t7,t5,t10,t8,t12,t15,t16
t1,t2,t5,t9,t4,t14,t7,t8,t12,t2,t5,t10,t15,t16
t1,t2,t5,t3,t10,t6,t11,t15,t16
t1,t2,t4,t5,t7,t8,t9,t13,t14,t2,t5,t12,t9,t14,t2,t5,t9,t13,t13,t14,t2,t5,t10,t15,t16
t1,t2,t3,t5,t6,t10,t11,t15,t16
t1,t2,t4,t5,t7,t9,t8,t14,t12,t2,t5,t9,t13,t13,t13,t14,t2,t5,t10,t15,t16
t1,t4,t2,t7,t8,t5,t12,t9,t14,t2,t5,t9,t13,t14,t2,t5,t9,t13,t14,t2,t5,t9,t14,t2,t5,t9,t14,t2,t5,t9,t14,t2,t5,t9,t13,t14,t2,t5,t10,t15,t16
t1,t3,t2,t6,t5,t9,t11,t14,t2,t5,t9,t13,t13,t14,t2,t5,t9,t14,t2,t5,t9,t14,t2,t5,t9,t14,t2,t5,t10,t15,t16
t1,t2,t4,t5,t7,t9,t8,t14,t12,t2,t5,t9,t14,t2,t5,t9,t14,t2,t5,t9,t14,t2,t5,t9,t13,t13,t14,t2,t5,t10,t15,t16
t1,t4,t2,t7,t8,t5,t12,t9,t14,t2,t5,t10,t15,t16
t1,t2,t5,t9,t14,t3,t2,t5,t6,t10,t11,t15,t16
t1,t3,t2,t6,t5,t9,t11,t13,t13,t14,t2,t5,t9,t13,t13,t14,t2,t5,t10,t15,t16
t1,t2,t3,t6,t5,t10,t11,t15,t16
t1,t2,t4,t5,t7,t8,t12,t9,t13,t14,t2,t5,t9,t13,t14,t2,t5,t10,t15,t16
t1,t2,t4,t5,t7,t9,t8,t12,t14,t2,t5,t10,t15,t16
t1,t4,t2,t7,t5,t8,t10,t12,t15,t16
t1,t3,t6,t2,t5,t9,t11,t13,t13,t13,t14,t2,t5,t9,t14,t2,t5,t10,t15,t16
t1,t3,t2,t6,t5,t11,t10,t15,t16
t1,t2,t4,t7,t5,t8,t9,t12,t14,t2,t5,t10,t15,t16
t1,t3,t2,t6,t5,t11,t10,t15,t16
t1,t3,t6,t2,t11,t5,t9,t13,t13,t13,t13,t14,t2,t5,t10,t15,t16
t1,t2,t3,t6,t5,t11,t9,t14,t2,t5,t9,t13,t13,t13,t13,t14,t2,t5,t10,t15,t16
t1,t2,t3,t5,t10,t6,t11,t15,t16
t1,t3,t2,t6,t5,t11,t10,t15,t16
t1,t2,t5,t4,t9,t7,t8,t12,t13,t13,t14,t2,t5,t9,t14,t2,t5,t9,t14,t2,t5,t9,t13,t13,t14,t2,t5,t9,t14,t2,t5,t9,t13,t13,t13,t13,t13,t14,t2,t5,t9,t13,t14,t2,t5,t9,t13,t13,t13,t13,t14,t2,t5,t10,t15,t16
t1,t2,t4,t5,t7,t9,t8,t13,t14,t12,t2,t5,t9,t13,t14,t2,t5,t9,t14,t2,t5,t10,t15,t16
t1,t4,t7,t2,t8,t5,t12,t9,t14,t2,t5,t9,t13,t14,t2,t5,t10,t15,t16
t1,t4,t2,t7,t5,t8,t10,t12,t15,t16
t1,t2,t4,t5,t9,t7,t14,t8,t2,t12,t5,t9,t13,t14,t2,t5,t9,t14,t2,t5,t10,t15,t16
t1,t4,t2,t7,t8,t12,t5,t9,t13,t13,t14,t2,t5,t9,t14,t2,t5,t9,t13,t13,t14,t2,t5,t10,t15,t16
t1,t4,t2,t5,t7,t8,t10,t12,t15,t16
t1,t2,t3,t5,t6,t9,t11,t13,t14,t2,t5,t10,t15,t16
t1,t2,t4,t5,t7,t10,t8,t12,t15,t16
t1,t3,t2,t6,t5,t11,t9,t13,t14,t2,t5,t10,t15,t16
t1,t2,t4,t5,t7,t8,t9,t14,t12,t2,t5,t10,t15,t16
t1,t4,t7,t8,t2,t12,t5,t9,t14,t2,t5,t9,t14,t2,t5,t10,t15,t16
t1,t4,t2,t7,t5,t8,t10,t12,t15,t16
t1,t3,t2,t6,t5,t11,t10,t15,t16
t1,t4,t2,t7,t8,t5,t12,t9,t14,t2,t5,t10,t15,t16
t1,t3,t6,t2,t11,t5,t9,t14,t2,t5,t10,t15,t16
t1,t2,t3,t5,t6,t9,t14,t11,t2,t5,t10,t15,t16
t1,t3,t2,t6,t11,t5,t9,t14,t2,t5,t9,t13,t13,t14,t2,t5,t9,t13,t14,t2,t5,t9,t14,t2,t5,t10,t15,t16
t1,t3,t2,t6,t5,t11,t10,t15,t16
t1,t4,t2,t7,t5,t10,t8,t12,t15,t16
t1,t3,t6,t11,t2,t5,t9,t14,t2,t5,t9,t14,t2,t5,t10,t15,t16
t1,t2,t5,t4,t10,t7,t8,t12,t15,t16
t1,t2,t4,t7,t5,t10,t8,t12,t15,t16
t1,t2,t4,t7,t8,t5,t9,t14,t12,t2,t5,t10,t15,t16
t1,t2,t3,t5,t6,t9,t11,t13,t13,t14,t2,t5,t9,t13,t13,t13,t14,t2,t5,t10,t15,t16
t1,t3,t2,t6,t5,t11,t9,t14,t2,t5,t9,t13,t13,t13,t14,t2,t5,t10,t15,t16
t1,t3,t2,t6,t5,t11,t9,t14,t2,t5,t10,t15,t16
t1,t2,t3,t6,t5,t11,t9,t13,t14,t2,t5,t9,t14,t2,t5,t10,t15,t16
t1,t2,t4,t5,t7,t8,t10,t12,t15,t16
t1,t2,t4,t5,t7,t8,t12,t10,t15,t16
t1,t2,t4,t5,t7,t10,t8,t12,t15,t16
t1,t2,t4,t7,t8,t5,t12,t10,t15,t16
t1,t3,t6,t2,t11,t5,t9,t14,t2,t5,t9,t14,t2,t5,t10,t15,t16
t1,t2,t3,t6,t5,t11,t9,t13,t14,t2,t5,t10,t15,t16
t1,t4,t2,t5,t9,t14,t7,t2,t8,t5,t10,t12,t15,t16
t1,t2,t3,t5,t10,t6,t11,t15,t16
t1,t4,t2,t5,t10,t7,t8,t12,t15,t16
t1,t2,t4,t5,t7,t10,t8,t12,t15,t16
t1,t4,t7,t2,t8,t5,t12,t9,t14,t2,t5,t10,t15,t16
t1,t4,t2,t5,t10,t7,t8,t12,t15,t16
t1,t2,t3,t5,t6,t10,t11,t15,t16
t1,t2,t5,t4,t10,t7,t8,t12,t15,t16
t1,t2,t5,t4,t10,t7,t8,t12,t15,t16
t1,t4,t7,t8,t12,t2,t5,t9,t13,t13,t14,t2,t5,t9,t14,t2,t5,t9,t13,t14,t2,t5,t9,t14,t2,t5,t10,t15,t16
t1,t2,t4,t5,t9,t14,t7,t2,t8,t12,t5,t10,t15,t16
t1,t2,t5,t3,t9,t6,t13,t13,t11,t14,t2,t5,t9,t13,t14,t2,t5,t10,t15,t16
t1,t2,t4,t5,t10,t7,t8,t12,t15,t16
t1,t4,t7,t2,t8,t5,t12,t10,t15,t16
t1,t4,t2,t7,t5,t8,t10,t12,t15,t16
t1,t4,t7,t2,t8,t5,t12,t10,t15,t16
t1,t2,t4,t5,t7,t10,t8,t12,t15,t16
t1,t3,t2,t6,t5,t9,t13,t11,t14,t2,t5,t10,t15,t16
t1,t3,t2,t5,t6,t11,t10,t15,t16
t1,t2,t4,t5,t10,t7,t8,t12,t15,t16
t1,t2,t3,t5,t9,t6,t14,t2,t11,t5,t9,t13,t14,t2,t5,t9,t13,t14,t2,t5,t10,t15,t16
t1,t4,t7,t2,t8,t12,t5,t10,t15,t16
t1,t2,t3,t5,t6,t9,t11,t14,t2,t5,t10,t15,t16
t1,t2,t5,t3,t9,t14,t6,t2,t11,t5,t9,t13,t13,t14,t2,t5,t9,t13,t13,t14,t2,t5,t9,t13,t14,t2,t5,t10,t15,t16
t1,t2,t4,t7,t8,t5,t12,t9,t14,t2,t5,t10,t15,t16
t1,t4,t2,t7,t5,t8,t9,t12,t13,t13,t13,t14,t2,t5,t9,t14,t2,t5,t9,t14,t2,t5,t10,t15,t16
t1,t4,t2,t7,t8,t5,t12,t9,t14,t2,t5,t9,t13,t14,t2,t5,t9,t14,t2,t5,t9,t13,t14,t2,t5,t10,t15,t16
t1,t2,t4,t5,t7,t10,t8,t12,t15,t16
t1,t3,t2,t5,t6,t9,t11,t13,t14,t2,t5,t9,t13,t13,t13,t14,t2,t5,t9,t14,t2,t5,t9,t14,t2,t5,t10,t15,t16
t1,t2,t3,t5,t6,t11,t9,t13,t13,t14,t2,t5,t9,t13,t13,t14,t2,t5,t9,t14,t2,t5,t9,t14,t2,t5,t9,t14,t2,t5,t9,t13,t14,t2,t5,t10,t15,t16
t1,t3,t6,t2,t5,t11,t10,t15,t16
t1,t2,t4,t5,t7,t9,t13,t8,t13,t13,t14,t12,t2,t5,t10,t15,t16
t1,t3,t6,t11,t2,t5,t9,t13,t13,t14,t2,t5,t9,t13,t13,t13,t14,t2,t5,t9,t14,t2,t5,t10,t15,t16
t1,t3,t2,t6,t5,t10,t11,t15,t16
t1,t2,t3,t5,t6,t11,t9,t13,t13,t14,t2,t5,t10,t15,t16
t1,t3,t2,t6,t11,t5,t9,t14,t2,t5,t9,t14,t2,t5,t10,t15,t16
t1,t2,t3,t5,t6,t10,t11,t15,t16
t1,t3,t6,t2,t11,t5,t9,t13,t13,t13,t13,t14,t2,t5,t10,t15,t16
t1,t4,t2,t7,t8,t5,t9,t14,t12,t2,t5,t9,t14,t2,t5,t10,t15,t16
t1,t2,t3,t5,t6,t10,t11,t15,t16
t1,t4,t2,t7,t5,t10,t8,t12,t15,t16
t1,t3,t2,t6,t11,t5,t10,t15,t16
t1,t2,t4,t5,t10,t7,t8,t12,t15,t16
t1,t2,t4,t5,t7,t10,t8,t12,t15,t16
t1,t2,t3,t5,t9,t6,t13,t11,t14,t2,t5,t10,t15,t16
t1,t2,t3,t5,t6,t10,t11,t15,t16
t1,t3,t6,t2,t11,t5,t9,t13,t13,t13,t14,t2,t5,t9,t13,t14,t2,t5,t10,t15,t16
t1,t2,t4,t5,t7,t9,t8,t14,t12,t2,t5,t9,t13,t14,t2,t5,t9,t13,t13,t13,t13,t14,t2,t5,t10,t15,t16
t1,t3,t2,t6,t5,t11,t10,t15,t16
t1,t2,t4,t5,t7,t10,t8,t12,t15,t16
t1,t3,t6,t2,t5,t9,t11,t13,t14,t2,t5,t9,t13,t13,t14,t2,t5,t10,t15,t16
t1,t3,t2,t5,t6,t11,t9,t13,t13,t14,t2,t5,t10,t15,t16
t1,t3,t6,t2,t11,t5,t10,t15,t16
t1,t2,t4,t7,t5,t8,t10,t12,t15,t16
t1,t2,t4,t7,t5,t8,t10,t12,t15,t16
t1,t2,t3,t6,t5,t11,t10,t15,t16
t1,t4,t2,t7,t5,t9,t13,t8,t13,t14,t12,t2,t5,t10,t15,t16
t1,t3,t6,t11,t2,t5,t10,t15,t16
t1,t3,t2,t6,t11,t5,t9,t13,t13,t14,t2,t5,t9,t14,t2,t5,t9,t13,t14,t2,t5,t9,t14,t2,t5,t9,t14,t2,t5,t10,t15,t16
t1,t4,t2,t7,t5,t8,t12,t9,t13,t13,t14,t2,t5,t10,t15,t16
t1,t4,t2,t7,t5,t8,t10,t12,t15,t16
t1,t2,t5,t3,t10,t6,t11,t15,t16
t1,t3,t2,t6,t5,t10,t11,t15,t16
t1,t3,t6,t2,t11,t5,t10,t15,t16
t1,t3,t2,t6,t5,t11,t10,t15,t16
t1,t3,t6,t2,t11,t5,t9,t13,t14,t2,t5,t10,t15,t16
t1,t4,t2,t5,t7,t9,t8,t13,t12,t13,t14,t2,t5,t10,t15,t16
t1,t2,t3,t6,t5,t9,t11,t14,t2,t5,t10,t15,t16
t1,t3,t6,t2,t11,t5,t9,t13,t13,t13,t13,t13,t13,t13,t14,t2,t5,t9,t14,t2,t5,t10,t15,t16
t1,t2,t3,t5,t9,t6,t11,t14,t2,t5,t9,t13,t14,t2,t5,t10,t15,t16
t1,t4,t2,t7,t5,t9,t8,t12,t13,t14,t2,t5,t9,t13,t14,t2,t5,t10,t15,t16
t1,t2,t4,t5,t9,t7,t13,t13,t13,t8,t12,t14,t2,t5,t9,t14,t2,t5,t9,t13,t13,t13,t13,t13,t13,t14,t2,t5,t9,t14,t2,t5,t9,t13,t13,t14,t2,t5,t9,t13,t14,t2,t5,t9,t13,t13,t14,t2,t5,t10,t15,t16
t1,t2,t3,t5,t10,t6,t11,t15,t16
t1,t3,t2,t6,t11,t5,t9,t14,t2,t5,t10,t15,t16
t1,t2,t3,t5,t6,t10,t11,t15,t16
t1,t2,t5,t9,t3,t14,t6,t2,t5,t11,t10,t15,t16
t1,t2,t5,t3,t10,t6,t11,t15,t16
t1,t2,t5,t3,t9,t14,t6,t2,t11,t5,t10,t15,t16
t1,t2,t5,t3,t9,t6,t14,t11,t2,t5,t10,t15,t16
t1,t2,t5,t10,t3,t6,t11,t15,t16
t1,t3,t2,t6,t11,t5,t10,t15,t16
t1,t3,t6,t11,t2,t5,t9,t13,t14,t2,t5,t10,t15,t16
t1,t2,t5,t3,t9,t6,t14,t11,t2,t5,t9,t13,t14,t2,t5,t10,t15,t16
t1,t4,t2,t7,t5,t8,t9,t12,t13,t14,t2,t5,t10,t15,t16
t1,t3,t6,t11,t2,t5,t10,t15,t16
t1,t2,t4,t5,t10,t7,t8,t12,t15,t16
t1,t2,t5,t3,t6,t10,t11,t15,t16
t1,t3,t6,t2,t11,t5,t10,t15,t16
t1,t2,t4,t5,t7,t9,t14,t8,t2,t5,t12,t9,t13,t14,t2,t5,t9,t14,t2,t5,t9,t13,t14,t2,t5,t10,t15,t16
t1,t2,t3,t5,t10,t6,t11,t15,t16
t1,t3,t2,t5,t6,t10,t11,t15,t16
t1,t3,t2,t5,t6,t9,t11,t13,t14,t2,t5,t10,t15,t16
t1,t2,t4,t5,t7,t9,t8,t14,t12,t2,t5,t10,t15,t16
t1,t2,t3,t5,t6,t10,t11,t15,t16
t1,t2,t4,t7,t8,t12,t5,t9,t14,t2,t5,t9,t13,t14,t2,t5,t10,t15,t16
t1,t2,t4,t5,t7,t8,t10,t12,t15,t16
t1,t2,t4,t5,t7,t8,t12,t10,t15,t16
t1,t2,t4,t5,t7,t8,t9,t12,t13,t14,t2,t5,t10,t15,t16
t1,t4,t7,t8,t2,t12,t5,t10,t15,t16
t1,t2,t4,t5,t7,t10,t8,t12,t15,t16
t1,t2,t4,t5,t7,t8,t12,t9,t13,t14,t2,t5,t9,t14,t2,t5,t10,t15,t16
t1,t4,t2,t7,t5,t8,t10,t12,t15,t16
t1,t4,t2,t7,t5,t8,t12,t9,t14,t2,t5,t9,t13,t13,t14,t2,t5,t10,t15,t16
t1,t2,t4,t5,t7,t10,t8,t12,t15,t16
t1,t3,t2,t5,t10,t6,t11,t15,t16
t1,t3,t2,t6,t5,t11,t9,t14,t2,t5,t10,t15,t16
t1,t2,t5,t10,t4,t7,t8,t12,t15,t16
t1,t2,t3,t5,t6,t9,t11,t14,t2,t5,t10,t15,t16
t1,t4,t2,t7,t5,t9,t8,t12,t14,t2,t5,t9,t14,t2,t5,t10,t15,t16
t1,t2,t4,t5,t7,t9,t13,t8,t14,t12,t2,t5,t9,t14,t2,t5,t10,t15,t16
t1,t2,t5,t3,t9,t6,t13,t13,t13,t11,t13,t14,t2,t5,t9,t14,t2,t5,t9,t13,t14,t2,t5,t10,t15,t16
t1,t2,t5,t3,t9,t14,t6,t2,t11,t5,t9,t14,t2,t5,t9,t14,t2,t5,t9,t14,t2,t5,t9,t14,t2,t5,t9,t14,t2,t5,t10,t15,t16
t1,t4,t2,t7,t8,t5,t12,t9,t14,t2,t5,t10,t15,t16
t1,t3,t2,t6,t11,t5,t9,t13,t14,t2,t5,t10,t15,t16
t1,t4,t2,t7,t5,t8,t12,t9,t14,t2,t5,t10,t15,t16
t1,t3,t2,t6,t5,t11,t10,t15,t16
t1,t2,t4,t7,t5,t9,t8,t14,t12,t2,t5,t10,t15,t16
t1,t2,t3,t5,t10,t6,t11,t15,t16
t1,t2,t4,t5,t10,t7,t8,t12,t15,t16
t1,t3,t2,t6,t11,t5,t9,t14,t2,t5,t10,t15,t16
t1,t2,t4,t5,t7,t8,t10,t12,t15,t16
t1,t2,t5,t4,t7,t8,t10,t12,t15,t16
t1,t4,t2,t5,t7,t10,t8,t12,t15,t16
t1,t3,t2,t6,t5,t11,t10,t15,t16
t1,t2,t3,t5,t6,t10,t11,t15,t16
t1,t2,t5,t3,t6,t10,t11,t15,t16
t1,t2,t4,t5,t10,t7,t8,t12,t15,t16
t1,t3,t6,t2,t11,t5,t10,t15,t16
t1,t3,t2,t5,t6,t10,t11,t15,t16
t1,t2,t4,t5,t9,t7,t13,t13,t8,t13,t12,t13,t13,t13,t14,t2,t5,t10,t15,t16
t1,t2,t5,t4,t7,t10,t8,t12,t15,t16
t1,t2,t3,t5,t10,t6,t11,t15,t16
t1,t2,t3,t6,t5,t9,t11,t13,t13,t13,t14,t2,t5,t9,t13,t13,t14,t2,t5,t10,t15,t16
t1,t3,t2,t6,t5,t9,t11,t13,t14,t2,t5,t10,t15,t16
t1,t4,t7,t2,t5,t8,t10,t12,t15,t16
t1,t2,t4,t5,t9,t7,t14,t2,t8,t12,t5,t9,t14,t2,t5,t10,t15,t16
t1,t2,t3,t5,t6,t10,t11,t15,t16
t1,t4,t2,t7,t5,t9,t8,t13,t12,t14,t2,t5,t9,t13,t14,t2,t5,t10,t15,t16
t1,t3,t6,t11,t2,t5,t9,t14,t2,t5,t10,t15,t16
t1,t4,t2,t7,t5,t8,t10,t12,t15,t16
t1,t2,t4,t5,t7,t8,t10,t12,t15,t16
t1,t4,t2,t7,t5,t8,t9,t14,t12,t2,t5,t9,t13,t13,t13,t14,t2,t5,t10,t15,t16
t1,t2,t5,t10,t4,t7,t8,t12,t15,t16
t1,t2,t5,t4,t9,t7,t8,t12,t13,t13,t14,t2,t5,t9,t14,t2,t5,t10,t15,t16
t1,t2,t3,t5,t6,t11,t9,t14,t2,t5,t9,t13,t13,t13,t13,t14,t2,t5,t9,t13,t13,t14,t2,t5,t10,t15,t16
t1,t3,t2,t5,t6,t10,t11,t15,t16
t1,t3,t2,t6,t5,t11,t10,t15,t16
t1,t2,t3,t5,t9,t6,t13,t14,t11,t2,t5,t10,t15,t16
t1,t2,t4,t5,t7,t9,t8,t14,t12,t2,t5,t9,t13,t14,t2,t5,t9,t14,t2,t5,t9,t13,t13,t14,t2,t5,t10,t15,t16
t1,t3,t2,t6,t5,t11,t10,t15,t16
t1,t2,t3,t5,t6,t9,t13,t14,t2,t11,t5,t10,t15,t16
t1,t4,t2,t5,t7,t10,t8,t12,t15,t16
t1,t2,t3,t5,t10,t6,t11,t15,t16
t1,t2,t4,t5,t7,t8,t9,t12,t14,t2,t5,t10,t15,t16
t1,t4,t7,t2,t8,t5,t12,t10,t15,t16
t1,t2,t4,t5,t7,t10,t8,t12,t15,t16
t1,t2,t4,t5,t7,t9,t13,t14,t2,t8,t5,t12,t9,t13,t14,t2,t5,t9,t14,t2,t5,t9,t13,t13,t13,t14,t2,t5,t10,t15,t16
t1,t2,t4,t5,t7,t9,t13,t8,t12,t14,t2,t5,t10,t15,t16
t1,t4,t2,t7,t5,t8,t12,t9,t14,t2,t5,t10,t15,t16
t1,t2,t3,t6,t5,t11,t10,t15,t16
t1,t4,t2,t5,t7,t10,t8,t12,t15,t16
t1,t4,t7,t8,t2,t12,t5,t10,t15,t16
t1,t4,t2,t7,t5,t8,t12,t10,t15,t16
t1,t4,t2,t7,t5,t8,t10,t12,t15,t16
t1,t3,t2,t6,t5,t9,t11,t13,t14,t2,t5,t9,t13,t14,t2,t5,t9,t13,t13,t13,t13,t13,t14,t2,t5,t10,t15,t16
t1,t3,t2,t6,t11,t5,t9,t14,t2,t5,t10,t15,t16
t1,t2,t4,t7,t8,t5,t9,t12,t13,t14,t2,t5,t9,t13,t13,t13,t14,t2,t5,t10,t15,t16
t1,t2,t5,t3,t6,t9,t11,t14,t2,t5,t9,t14,t2,t5,t10,t15,t16
t1,t2,t5,t10,t3,t6,t11,t15,t16
t1,t2,t3,t5,t9,t13,t14,t6,t2,t5,t11,t10,t15,t16
t1,t3,t2,t6,t11,t5,t9,t13,t14,t2,t5,t9,t14,t2,t5,t10,t15,t16
t1,t2,t5,t10,t4,t7,t8,t12,t15,t16
t1,t2,t5,t3,t10,t6,t11,t15,t16
t1,t4,t7,t2,t8,t5,t10,t12,t15,t16
t1,t3,t2,t6,t11,t5,t10,t15,t16
t1,t2,t3,t5,t6,t9,t13,t14,t11,t2,t5,t10,t15,t16
t1,t3,t2,t6,t5,t9,t11,t14,t2,t5,t9,t13,t13,t13,t13,t13,t14,t2,t5,t10,t15,t16
t1,t4,t7,t2,t8,t5,t12,t9,t13,t14,t2,t5,t10,t15,t16
t1,t2,t4,t5,t7,t10,t8,t12,t15,t16
t1,t2,t5,t3,t10,t6,t11,t15,t16
t1,t2,t3,t5,t6,t11,t9,t13,t13,t13,t13,t13,t14,t2,t5,t10,t15,t16
t1,t2,t3,t5,t6,t10,t11,t15,t16
t1,t2,t4,t5,t9,t7,t13,t8,t12,t14,t2,t5,t10,t15,t16
t1,t4,t2,t7,t5,t8,t9,t12,t14,t2,t5,t9,t14,t2,t5,t10,t15,t16
t1,t4,t2,t7,t5,t10,t8,t12,t15,t16
t1,t4,t2,t7,t5,t8,t10,t12,t15,t16
t1,t2,t4,t5,t7,t9,t8,t13,t12,t13,t14,t2,t5,t10,t15,t16
t1,t4,t2,t5,t10,t7,t8,t12,t15,t16
t1,t3,t6,t11,t2,t5,t9,t13,t13,t14,t2,t5,t9,t14,t2,t5,t10,t15,t16
t1,t3,t2,t6,t5,t11,t10,t15,t16
t1,t3,t2,t6,t5,t9,t11,t13,t13,t14,t2,t5,t9,t14,t2,t5,t10,t15,t16
t1,t2,t3,t5,t9,t6,t14,t11,t2,t5,t10,t15,t16
t1,t3,t2,t5,t6,t11,t10,t15,t16
t1,t2,t3,t5,t6,t10,t11,t15,t16
t1,t4,t7,t8,t2,t12,t5,t10,t15,t16
t1,t4,t2,t7,t8,t5,t12,t10,t15,t16
t1,t4,t2,t7,t5,t9,t8,t14,t2,t12,t5,t9,t13,t14,t2,t5,t10,t15,t16
t1,t2,t4,t5,t7,t10,t8,t12,t15,t16
t1,t2,t5,t3,t6,t10,t11,t15,t16
t1,t2,t3,t6,t11,t5,t9,t14,t2,t5,t10,t15,t16
t1,t2,t3,t6,t5,t9,t11,t14,t2,t5,t10,t15,t16
t1,t2,t4,t5,t10,t7,t8,t12,t15,t16
t1,t4,t2,t5,t7,t10,t8,t12,t15,t16
t1,t2,t3,t5,t6,t11,t9,t14,t2,t5,t9,t14,t2,t5,t10,t15,t16
t1,t4,t2,t7,t8,t5,t12,t10,t15,t16
t1,t4,t2,t7,t5,t9,t8,t14,t12,t2,t5,t9,t14,t2,t5,t9,t13,t13,t13,t13,t14,t2,t5,t10,t15,t16
t1,t4,t2,t7,t5,t8,t12,t10,t15,t16
t1,t2,t4,t5,t7,t9,t14,t8,t2,t12,t5,t9,t13,t14,t2,t5,t10,t15,t16
t1,t2,t3,t5,t10,t6,t11,t15,t16
t1,t2,t3,t5,t6,t11,t9,t13,t14,t2,t5,t9,t13,t13,t13,t13,t14,t2,t5,t9,t13,t13,t14,t2,t5,t10,t15,t16
t1,t2,t3,t5,t6,t9,t11,t14,t2,t5,t9,t13,t14,t2,t5,t9,t13,t13,t13,t13,t13,t13,t14,t2,t5,t9,t14,t2,t5,t9,t13,t14,t2,t5,t10,t15,t16
t1,t2,t5,t4,t10,t7,t8,t12,t15,t16
t1,t3,t2,t5,t6,t10,t11,t15,t16
t1,t2,t5,t4,t7,t9,t8,t13,t13,t14,t12,t2,t5,t9,t14,t2,t5,t9,t13,t13,t14,t2,t5,t10,t15,t16
t1,t2,t3,t5,t9,t6,t14,t11,t2,t5,t9,t14,t2,t5,t10,t15,t16
t1,t2,t5,t9,t13,t3,t14,t6,t2,t11,t5,t9,t14,t2,t5,t10,t15,t16
t1,t2,t4,t5,t7,t10,t8,t12,t15,t16
t1,t4,t7,t2,t8,t12,t5,t10,t15,t16
t1,t3,t2,t6,t5,t11,t9,t13,t14,t2,t5,t10,t15,t16
t1,t2,t3,t5,t6,t10,t11,t15,t16
t1,t3,t2,t5,t6,t9,t11,t14,t2,t5,t10,t15,t16
t1,t2,t4,t5,t7,t9,t8,t13,t12,t13,t14,t2,t5,t10,t15,t16
t1,t3,t2,t5,t6,t9,t14,t11,t2,t5,t9,t14,t2,t5,t10,t15,t16
t1,t3,t2,t6,t5,t10,t11,t15,t16
t1,t3,t2,t6,t11,t5,t10,t15,t16
t1,t4,t2,t7,t5,t8,t12,t10,t15,t16
t1,t3,t6,t2,t11,t5,t9,t13,t13,t14,t2,t5,t9,t13,t14,t2,t5,t10,t15,t16
t1,t3,t6,t2,t11,t5,t9,t14,t2,t5,t9,t14,t2,t5,t9,t13,t14,t2,t5,t9,t14,t2,t5,t9,t14,t2,t5,t9,t14,t2,t5,t9,t13,t13,t13,t13,t13,t14,t2,t5,t9,t14,t2,t5,t9,t14,t2,t5,t9,t13,t14,t2,t5,t10,t15,t16
t1,t2,t5,t9,t14,t2,t3,t5,t6,t9,t13,t11,t14,t2,t5,t9,t14,t2,t5,t9,t13,t13,t14,t2,t5,t10,t15,t16
t1,t4,t2,t7,t5,t8,t9,t12,t14,t2,t5,t10,t15,t16
t1,t2,t4,t5,t9,t13,t7,t14,t8,t2,t12,t5,t10,t15,t16
t1,t4,t2,t7,t5,t8,t10,t12,t15,t16
t1,t3,t2,t6,t5,t11,t10,t15,t16
t1,t4,t2,t7,t8,t5,t9,t12,t13,t13,t13,t13,t13,t13,t14,t2,t5,t10,t15,t16
t1,t2,t4,t7,t5,t9,t8,t12,t14,t2,t5,t9,t14,t2,t5,t9,t13,t14,t2,t5,t10,t15,t16
t1,t2,t3,t5,t6,t10,t11,t15,t16
t1,t4,t2,t5,t9,t7,t13,t13,t13,t13,t8,t12,t13,t14,t2,t5,t10,t15,t16
t1,t3,t2,t6,t11,t5,t10,t15,t16
t1,t2,t3,t5,t6,t10,t11,t15,t16
t1,t3,t2,t6,t5,t11,t9,t14,t2,t5,t9,t14,t2,t5,t10,t15,t16
t1,t4,t2,t7,t8,t5,t12,t9,t13,t13,t13,t14,t2,t5,t9,t14,t2,t5,t10,t15,t16
t1,t2,t5,t4,t7,t8,t10,t12,t15,t16
t1,t3,t2,t5,t6,t9,t14,t2,t11,t5,t10,t15,t16
t1,t2,t4,t5,t7,t8,t9,t14,t12,t2,t5,t10,t15,t16
t1,t3,t2,t6,t5,t11,t10,t15,t16
t1,t3,t6,t2,t11,t5,t10,t15,t16
t1,t3,t2,t6,t11,t5,t10,t15,t16
t1,t3,t2,t6,t11,t5,t10,t15,t16
t1,t3,t2,t6,t5,t11,t9,t13,t13,t14,t2,t5,t9,t14,t2,t5,t10,t15,t16
t1,t3,t2,t6,t5,t11,t9,t13,t14,t2,t5,t10,t15,t16
t1,t2,t4,t7,t5,t9,t14,t8,t2,t12,t5,t10,t15,t16
t1,t4,t2,t7,t5,t8,t9,t12,t13,t13,t13,t14,t2,t5,t9,t13,t13,t14,t2,t5,t10,t15,t16
t1,t2,t3,t6,t5,t11,t10,t15,t16
t1,t3,t6,t2,t11,t5,t9,t13,t13,t14,t2,t5,t9,t13,t13,t14,t2,t5,t9,t13,t13,t14,t2,t5,t9,t13,t13,t13,t14,t2,t5,t9,t14,t2,t5,t9,t14,t2,t5,t10,t15,t16
t1,t4,t2,t7,t5,t8,t10,t12,t15,t16
t1,t4,t7,t2,t5,t8,t12,t9,t14,t2,t5,t9,t13,t14,t2,t5,t9,t14,t2,t5,t10,t15,t16
t1,t2,t4,t7,t5,t8,t9,t12,t13,t13,t14,t2,t5,t9,t13,t13,t13,t13,t14,t2,t5,t10,t15,t16
t1,t2,t5,t10,t3,t6,t11,t15,t16
t1,t2,t3,t6,t5,t11,t9,t14,t2,t5,t9,t13,t14,t2,t5,t9,t14,t2,t5,t10,t15,t16
t1,t4,t7,t2,t5,t8,t10,t12,t15,t16
t1,t2,t4,t5,t9,t7,t14,t2,t5,t8,t9,t12,t13,t14,t2,t5,t10,t15,t16
t1,t2,t3,t6,t11,t5,t10,t15,t16
t1,t2,t4,t5,t9,t14,t7,t2,t8,t5,t12,t10,t15,t16
t1,t4,t2,t5,t7,t10,t8,t12,t15,t16
t1,t2,t3,t5,t6,t11,t10,t15,t16
t1,t4,t2,t7,t8,t5,t12,t9,t14,t2,t5,t10,t15,t16
t1,t2,t5,t4,t9,t7,t13,t13,t13,t13,t8,t13,t13,t12,t13,t14,t2,t5,t10,t15,t16
t1,t2,t3,t6,t5,t11,t10,t15,t16
t1,t2,t3,t5,t10,t6,t11,t15,t16
t1,t2,t3,t5,t6,t9,t11,t14,t2,t5,t9,t13,t14,t2,t5,t10,t15,t16
t1,t4,t2,t7,t5,t8,t9,t12,t14,t2,t5,t10,t15,t16
t1,t4,t2,t5,t7,t9,t8,t13,t12,t14,t2,t5,t10,t15,t16
t1,t4,t2,t5,t7,t9,t14,t8,t12,t2,t5,t9,t14,t2,t5,t9,t14,t2,t5,t10,t15,t16
t1,t4,t2,t7,t5,t8,t10,t12,t15,t16
t1,t2,t3,t5,t6,t10,t11,t15,t16
t1,t2,t4,t5,t9,t7,t14,t8,t2,t12,t5,t10,t15,t16
t1,t3,t2,t6,t5,t11,t9,t14,t2,t5,t10,t15,t16
t1,t2,t5,t4,t9,t7,t8,t13,t14,t12,t2,t5,t10,t15,t16
t1,t2,t4,t5,t7,t8,t10,t12,t15,t16
t1,t2,t4,t5,t7,t8,t10,t12,t15,t16
t1,t2,t4,t5,t7,t10,t8,t12,t15,t16
t1,t2,t5,t4,t7,t9,t8,t14,t2,t12,t5,t10,t15,t16
t1,t2,t5,t3,t10,t6,t11,t15,t16
t1,t3,t6,t11,t2,t5,t9,t14,t2,t5,t10,t15,t16
t1,t2,t5,t9,t4,t13,t13,t13,t13,t7,t14,t2,t8,t5,t12,t9,t13,t13,t13,t13,t14,t2,t5,t9,t14,t2,t5,t10,t15,t16
t1,t4,t2,t7,t8,t5,t12,t10,t15,t16
t1,t2,t4,t5,t7,t9,t8,t12,t14,t2,t5,t10,t15,t16
t1,t2,t4,t5,t9,t7,t13,t14,t8,t2,t5,t12,t9,t13,t14,t2,t5,t9,t14,t2,t5,t9,t14,t2,t5,t9,t13,t13,t13,t14,t2,t5,t9,t13,t14,t2,t5,t9,t13,t13,t13,t13,t14,t2,t5,t9,t13,t14,t2,t5,t10,t15,t16
t1,t2,t3,t5,t6,t9,t11,t14,t2,t5,t10,t15,t16
t1,t2,t4,t5,t7,t10,t8,t12,t15,t16
t1,t4,t2,t7,t5,t8,t12,t9,t14,t2,t5,t9,t14,t2,t5,t10,t15,t16
t1,t4,t2,t7,t5,t8,t9,t13,t13,t14,t12,t2,t5,t9,t13,t14,t2,t5,t9,t13,t13,t14,t2,t5,t10,t15,t16
t1,t4,t2,t7,t5,t8,t9,t14,t12,t2,t5,t9,t13,t14,t2,t5,t9,t13,t14,t2,t5,t10,t15,t16
t1,t2,t4,t5,t10,t7,t8,t12,t15,t16
t1,t2,t4,t7,t8,t5,t12,t10,t15,t16
t1,t2,t4,t7,t5,t10,t8,t12,t15,t16
t1,t2,t3,t5,t6,t10,t11,t15,t16
t1,t2,t3,t5,t6,t9,t11,t13,t14,t2,t5,t9,t13,t14,t2,t5,t10,t15,t16
t1,t4,t2,t7,t8,t5,t12,t9,t13,t13,t14,t2,t5,t9,t14,t2,t5,t10,t15,t16
t1,t4,t7,t2,t8,t5,t10,t12,t15,t16
t1,t2,t3,t5,t6,t9,t11,t14,t2,t5,t10,t15,t16
t1,t3,t2,t6,t11,t5,t9,t14,t2,t5,t10,t15,t16
t1,t3,t6,t2,t11,t5,t9,t14,t2,t5,t9,t13,t13,t14,t2,t5,t10,t15,t16
t1,t3,t6,t2,t5,t11,t9,t13,t13,t13,t14,t2,t5,t10,t15,t16
t1,t2,t5,t3,t6,t11,t10,t15,t16
t1,t3,t2,t6,t11,t5,t10,t15,t16
t1,t2,t3,t6,t5,t11,t10,t15,t16
t1,t2,t3,t5,t6,t10,t11,t15,t16
t1,t3,t2,t6,t5,t11,t9,t13,t14,t2,t5,t9,t13,t13,t14,t2,t5,t9,t13,t13,t13,t13,t14,t2,t5,t10,t15,t16
t1,t3,t6,t11,t2,t5,t10,t15,t16
t1,t3,t2,t6,t5,t11,t9,t13,t13,t13,t13,t13,t14,t2,t5,t10,t15,t16
t1,t4,t2,t7,t5,t8,t10,t12,t15,t16
t1,t4,t2,t7,t5,t8,t9,t14,t12,t2,t5,t10,t15,t16
t1,t2,t3,t5,t6,t10,t11,t15,t16
t1,t3,t2,t6,t5,t11,t10,t15,t16
t1,t2,t5,t4,t10,t7,t8,t12,t15,t16
t1,t3,t2,t6,t5,t10,t11,t15,t16
t1,t4,t2,t5,t7,t9,t8,t14,t12,t2,t5,t9,t14,t2,t5,t9,t14,t2,t5,t10,t15,t16
t1,t4,t2,t5,t9,t7,t8,t13,t12,t13,t14,t2,t5,t9,t13,t13,t13,t14,t2,t5,t10,t15,t16
t1,t3,t2,t5,t6,t9,t11,t14,t2,t5,t9,t14,t2,t5,t9,t14,t2,t5,t10,t15,t16
t1,t4,t2,t7,t5,t8,t12,t10,t15,t16
t1,t4,t2,t7,t8,t5,t12,t9,t14,t2,t5,t10,t15,t16
t1,t2,t4,t5,t7,t9,t8,t12,t14,t2,t5,t9,t13,t14,t2,t5,t10,t15,t16
t1,t3,t6,t11,t2,t5,t10,t15,t16
t1,t4,t2,t5,t10,t7,t8,t12,t15,t16
t1,t2,t3,t5,t6,t10,t11,t15,t16
t1,t2,t4,t5,t7,t10,t8,t12,t15,t16
t1,t3,t2,t6,t5,t9,t11,t13,t13,t14,t2,t5,t10,t15,t16
t1,t2,t3,t5,t6,t10,t11,t15,t16
t1,t3,t6,t2,t5,t11,t10,t15,t16
t1,t3,t2,t6,t11,t5,t9,t14,t2,t5,t9,t14,t2,t5,t10,t15,t16
t1,t2,t3,t5,t10,t6,t11,t15,t16
t1,t2,t3,t5,t6,t9,t14,t11,t2,t5,t9,t14,t2,t5,t10,t15,t16
t1,t4,t2,t7,t5,t8,t12,t9,t14,t2,t5,t10,t15,t16
t1,t2,t4,t5,t7,t8,t9,t14,t12,t2,t5,t9,t14,t2,t5,t9,t13,t14,t2,t5,t9,t13,t13,t14,t2,t5,t10,t15,t16
t1,t3,t6,t2,t11,t5,t10,t15,t16
t1,t2,t5,t3,t9,t6,t13,t11,t14,t2,t5,t9,t13,t14,t2,t5,t9,t13,t13,t14,t2,t5,t9,t13,t13,t13,t13,t14,t2,t5,t9,t14,t2,t5,t9,t13,t14,t2,t5,t9,t13,t13,t13,t14,t2,t5,t10,t15,t16
t1,t2,t4,t5,t9,t14,t7,t2,t5,t8,t10,t12,t15,t16
t1,t2,t5,t4,t9,t7,t14,t8,t2,t12,t5,t9,t13,t14,t2,t5,t9,t14,t2,t5,t9,t13,t13,t13,t13,t14,t2,t5,t10,t15,t16
t1,t3,t2,t6,t11,t5,t10,t15,t16
t1,t4,t7,t8,t2,t12,t5,t10,t15,t16
t1,t2,t5,t3,t9,t13,t6,t11,t14,t2,t5,t9,t13,t13,t14,t2,t5,t10,t15,t16
t1,t2,t3,t5,t6,t9,t11,t13,t13,t14,t2,t5,t10,t15,t16
t1,t3,t6,t2,t11,t5,t9,t13,t13,t13,t13,t13,t14,t2,t5,t10,t15,t16
t1,t3,t6,t2,t5,t10,t11,t15,t16
t1,t4,t7,t2,t8,t5,t12,t10,t15,t16
t1,t2,t5,t3,t9,t6,t14,t11,t2,t5,t10,t15,t16
t1,t2,t4,t5,t7,t8,t10,t12,t15,t16
t1,t4,t2,t7,t8,t5,t10,t12,t15,t16
t1,t2,t5,t4,t10,t7,t8,t12,t15,t16
t1,t2,t3,t5,t6,t9,t11,t14,t2,t5,t9,t13,t14,t2,t5,t10,t15,t16
t1,t2,t3,t5,t6,t10,t11,t15,t16
t1,t4,t2,t7,t5,t8,t12,t10,t15,t16
t1,t2,t3,t6,t5,t11,t9,t14,t2,t5,t10,t15,t16
t1,t2,t4,t5,t7,t8,t9,t12,t13,t14,t2,t5,t9,t13,t13,t13,t13,t14,t2,t5,t9,t14,t2,t5,t10,t15,t16
t1,t3,t2,t6,t5,t11,t9,t14,t2,t5,t9,t13,t13,t13,t13,t14,t2,t5,t9,t14,t2,t5,t9,t13,t13,t13,t14,t2,t5,t10,t15,t16
t1,t2,t3,t5,t10,t6,t11,t15,t16
t1,t4,t2,t5,t7,t9,t8,t13,t12,t14,t2,t5,t9,t14,t2,t5,t10,t15,t16
t1,t2,t3,t5,t6,t10,t11,t15,t16
t1,t2,t5,t4,t10,t7,t8,t12,t15,t16
t1,t4,t2,t7,t8,t12,t5,t9,t13,t13,t13,t13,t13,t13,t14,t2,t5,t10,t15,t16
t1,t3,t6,t2,t11,t5,t9,t13,t13,t14,t2,t5,t9,t14,t2,t5,t9,t14,t2,t5,t10,t15,t16
t1,t2,t5,t3,t9,t13,t6,t14,t11,t2,t5,t10,t15,t16
t1,t2,t3,t6,t5,t11,t10,t15,t16
t1,t4,t2,t5,t7,t8,t10,t12,t15,t16
t1,t2,t5,t4,t9,t7,t13,t14,t2,t8,t5,t12,t9,t14,t2,t5,t9,t14,t2,t5,t10,t15,t16
t1,t2,t3,t5,t6,t11,t10,t15,t16
t1,t2,t5,t4,t10,t7,t8,t12,t15,t16
t1,t3,t6,t2,t11,t5,t10,t15,t16
t1,t2,t4,t7,t5,t8,t9,t12,t14,t2,t5,t10,t15,t16
t1,t4,t2,t7,t8,t5,t12,t10,t15,t16
t1,t3,t2,t6,t5,t10,t11,t15,t16
t1,t2,t3,t5,t6,t9,t14,t11,t2,t5,t9,t13,t13,t14,t2,t5,t9,t13,t14,t2,t5,t10,t15,t16
t1,t2,t3,t5,t6,t10,t11,t15,t16
t1,t2,t5,t3,t9,t6,t11,t13,t14,t2,t5,t10,t15,t16
t1,t4,t2,t5,t7,t10,t8,t12,t15,t16
t1,t2,t4,t5,t7,t9,t8,t14,t12,t2,t5,t9,t14,t2,t5,t10,t15,t16
t1,t3,t6,t11,t2,t5,t9,t13,t14,t2,t5,t10,t15,t16
t1,t2,t3,t5,t6,t9,t11,t13,t14,t2,t5,t10,t15,t16
t1,t2,t5,t4,t10,t7,t8,t12,t15,t16
t1,t3,t2,t6,t5,t11,t9,t13,t14,t2,t5,t10,t15,t16
t1,t2,t5,t3,t10,t6,t11,t15,t16
t1,t2,t5,t3,t9,t6,t13,t13,t11,t13,t14,t2,t5,t9,t14,t2,t5,t9,t14,t2,t5,t10,t15,t16
t1,t4,t2,t7,t8,t5,t12,t10,t15,t16
t1,t2,t3,t5,t10,t6,t11,t15,t16
t1,t3,t2,t5,t6,t9,t13,t11,t14,t2,t5,t9,t13,t13,t14,t2,t5,t10,t15,t16
t1,t3,t2,t6,t5,t11,t10,t15,t16
t1,t4,t2,t7,t5,t8,t10,t12,t15,t16
t1,t4,t7,t2,t8,t5,t12,t10,t15,t16
t1,t2,t5,t4,t7,t10,t8,t12,t15,t16
t1,t2,t3,t5,t6,t9,t11,t14,t2,t5,t9,t13,t13,t14,t2,t5,t10,t15,t16
t1,t2,t3,t6,t5,t11,t10,t15,t16
t1,t4,t2,t7,t8,t12,t5,t10,t15,t16
t1,t4,t2,t7,t5,t8,t10,t12,t15,t16
t1,t2,t4,t5,t7,t9,t14,t8,t12,t2,t5,t9,t13,t14,t2,t5,t10,t15,t16
t1,t3,t2,t6,t5,t9,t11,t13,t13,t13,t13,t14,t2,t5,t10,t15,t16
t1,t2,t3,t6,t5,t11,t10,t15,t16
t1,t2,t4,t7,t8,t5,t12,t9,t13,t14,t2,t5,t9,t13,t13,t13,t13,t13,t13,t14,t2,t5,t9,t14,t2,t5,t10,t15,t16
t1,t2,t4,t7,t5,t8,t10,t12,t15,t16
t1,t3,t6,t2,t11,t5,t9,t14,t2,t5,t9,t14,t2,t5,t10,t15,t16
t1,t4,t2,t5,t7,t8,t9,t13,t13,t14,t12,t2,t5,t10,t15,t16
t1,t2,t3,t5,t6,t11,t10,t15,t16
t1,t2,t4,t5,t7,t10,t8,t12,t15,t16
t1,t4,t2,t7,t5,t10,t8,t12,t15,t16
t1,t4,t7,t2,t8,t5,t10,t12,t15,t16
t1,t2,t3,t6,t5,t11,t9,t14,t2,t5,t9,t14,t2,t5,t10,t15,t16
t1,t2,t3,t5,t10,t6,t11,t15,t16
t1,t2,t3,t6,t5,t11,t9,t13,t14,t2,t5,t9,t14,t2,t5,t10,t15,t16
t1,t3,t2,t5,t6,t10,t11,t15,t16
t1,t4,t2,t7,t8,t5,t12,t9,t14,t2,t5,t9,t14,t2,t5,t10,t15,t16
t1,t2,t3,t5,t10,t6,t11,t15,t16
t1,t3,t2,t6,t5,t11,t9,t13,t14,t2,t5,t10,t15,t16
t1,t3,t2,t6,t11,t5,t9,t14,t2,t5,t9,t14,t2,t5,t9,t14,t2,t5,t9,t14,t2,t5,t10,t15,t16
t1,t3,t2,t6,t5,t9,t11,t13,t13,t14,t2,t5,t9,t14,t2,t5,t10,t15,t16
t1,t2,t3,t5,t6,t11,t10,t15,t16
t1,t2,t3,t6,t5,t11,t10,t15,t16
t1,t4,t2,t5,t7,t9,t8,t13,t12,t13,t13,t14,t2,t5,t10,t15,t16
t1,t2,t4,t5,t9,t7,t14,t8,t12,t2,t5,t10,t15,t16
t1,t2,t4,t5,t10,t7,t8,t12,t15,t16
t1,t4,t7,t2,t8,t5,t12,t10,t15,t16
t1,t4,t2,t5,t10,t7,t8,t12,t15,t16
t1,t4,t2,t7,t5,t8,t10,t12,t15,t16
t1,t3,t2,t6,t5,t11,t9,t13,t14,t2,t5,t9,t13,t14,t2,t5,t10,t15,t16
t1,t3,t2,t5,t6,t11,t9,t14,t2,t5,t10,t15,t16
t1,t2,t5,t3,t9,t6,t14,t11,t2,t5,t10,t15,t16
t1,t2,t3,t5,t6,t9,t13,t11,t14,t2,t5,t9,t13,t13,t14,t2,t5,t9,t14,t2,t5,t9,t14,t2,t5,t10,t15,t16
t1,t4,t2,t7,t8,t5,t12,t10,t15,t16
t1,t4,t2,t7,t5,t9,t8,t12,t13,t13,t14,t2,t5,t10,t15,t16
t1,t2,t3,t5,t6,t9,t11,t14,t2,t5,t10,t15,t16
t1,t2,t4,t7,t5,t8,t12,t10,t15,t16
t1,t2,t3,t6,t5,t11,t10,t15,t16
t1,t2,t3,t5,t10,t6,t11,t15,t16
t1,t2,t3,t5,t6,t9,t11,t13,t14,t2,t5,t9,t13,t14,t2,t5,t10,t15,t16
t1,t2,t3,t5,t10,t6,t11,t15,t16
t1,t3,t2,t6,t11,t5,t9,t14,t2,t5,t10,t15,t16
t1,t3,t2,t6,t5,t11,t10,t15,t16
t1,t2,t3,t5,t10,t6,t11,t15,t16
t1,t2,t5,t3,t10,t6,t11,t15,t16
t1,t2,t4,t5,t9,t7,t14,t2,t8,t5,t10,t12,t15,t16
t1,t3,t2,t5,t6,t10,t11,t15,t16
t1,t2,t4,t5,t7,t10,t8,t12,t15,t16
t1,t2,t3,t5,t6,t11,t10,t15,t16
t1,t2,t5,t4,t9,t7,t8,t14,t2,t12,t5,t9,t14,t2,t5,t10,t15,t16
t1,t2,t3,t5,t9,t6,t11,t13,t13,t14,t2,t5,t9,t13,t13,t13,t13,t13,t13,t13,t13,t13,t13,t14,t2,t5,t10,t15,t16
t1,t3,t2,t6,t5,t11,t10,t15,t16
t1,t2,t5,t9,t4,t13,t7,t13,t8,t13,t14,t12,t2,t5,t9,t14,t2,t5,t10,t15,t16
t1,t4,t2,t7,t5,t10,t8,t12,t15,t16
t1,t4,t7,t2,t8,t5,t12,t9,t13,t13,t13,t14,t2,t5,t9,t14,t2,t5,t10,t15,t16
t1,t2,t3,t5,t6,t11,t9,t14,t2,t5,t10,t15,t16
t1,t2,t3,t5,t6,t11,t10,t15,t16
t1,t2,t5,t4,t9,t7,t8,t12,t14,t2,t5,t10,t15,t16
t1,t3,t2,t6,t5,t11,t10,t15,t16
t1,t2,t5,t10,t3,t6,t11,t15,t16
t1,t3,t6,t11,t2,t5,t9,t13,t14,t2,t5,t10,t15,t16
t1,t3,t2,t6,t11,t5,t9,t14,t2,t5,t9,t13,t14,t2,t5,t10,t15,t16
t1,t4,t2,t7,t5,t8,t9,t12,t14,t2,t5,t10,t15,t16
t1,t2,t4,t5,t7,t10,t8,t12,t15,t16
t1,t2,t3,t5,t6,t9,t11,t14,t2,t5,t10,t15,t16
t1,t2,t5,t10,t4,t7,t8,t12,t15,t16
t1,t2,t4,t7,t8,t5,t9,t12,t14,t2,t5,t9,t13,t13,t13,t13,t13,t14,t2,t5,t10,t15,t16
t1,t4,t2,t7,t5,t8,t12,t9,t13,t14,t2,t5,t9,t14,t2,t5,t9,t13,t14,t2,t5,t9,t13,t14,t2,t5,t10,t15,t16
t1,t2,t3,t5,t6,t10,t11,t15,t16
t1,t3,t2,t5,t10,t6,t11,t15,t16
t1,t3,t2,t5,t9,t6,t14,t2,t11,t5,t10,t15,t16
t1,t2,t4,t5,t7,t10,t8,t12,t15,t16
t1,t2,t5,t10,t4,t7,t8,t12,t15,t16
t1,t2,t5,t4,t9,t7,t8,t12,t14,t2,t5,t10,t15,t16
t1,t4,t2,t7,t5,t10,t8,t12,t15,t16
t1,t2,t4,t7,t5,t10,t8,t12,t15,t16
t1,t2,t4,t5,t7,t8,t10,t12,t15,t16
t1,t2,t3,t6,t5,t11,t10,t15,t16
t1,t2,t5,t4,t9,t7,t13,t14,t8,t2,t12,t5,t10,t15,t16
t1,t4,t7,t2,t8,t5,t12,t9,t13,t14,t2,t5,t10,t15,t16
t1,t3,t2,t6,t5,t11,t9,t13,t13,t14,t2,t5,t10,t15,t16
t1,t2,t4,t5,t7,t9,t8,t14,t2,t12,t5,t10,t15,t16
t1,t2,t4,t5,t9,t7,t14,t8,t2,t12,t5,t10,t15,t16
t1,t4,t2,t7,t5,t10,t8,t12,t15,t16
t1,t3,t2,t5,t6,t9,t14,t11,t2,t5,t10,t15,t16
t1,t2,t3,t5,t6,t10,t11,t15,t16
t1,t4,t2,t7,t8,t12,t5,t10,t15,t16
t1,t3,t2,t5,t6,t10,t11,t15,t16
t1,t2,t3,t5,t6,t10,t11,t15,t16
t1,t2,t3,t5,t6,t10,t11,t15,t16
t1,t4,t7,t2,t8,t12,t5,t9,t13,t13,t14,t2,t5,t10,t15,t16
t1,t4,t2,t5,t7,t10,t8,t12,t15,t16
t1,t2,t5,t4,t9,t7,t8,t14,t12,t2,t5,t10,t15,t16
t1,t4,t2,t7,t5,t8,t12,t10,t15,t16
t1,t2,t3,t5,t10,t6,t11,t15,t16
t1,t2,t4,t5,t7,t10,t8,t12,t15,t16
t1,t3,t2,t6,t5,t11,t10,t15,t16
t1,t2,t3,t5,t6,t11,t10,t15,t16
t1,t4,t2,t7,t8,t5,t9,t14,t2,t5,t10,t12,t15,t16
t1,t4,t2,t7,t5,t10,t8,t12,t15,t16
t1,t3,t6,t2,t5,t11,t9,t14,t2,t5,t9,t13,t14,t2,t5,t9,t14,t2,t5,t10,t15,t16
t1,t4,t2,t7,t5,t8,t9,t12,t13,t13,t14,t2,t5,t9,t14,t2,t5,t10,t15,t16
t1,t4,t2,t7,t8,t12,t5,t10,t15,t16
t1,t2,t4,t5,t7,t10,t8,t12,t15,t16
t1,t4,t7,t2,t8,t5,t12,t9,t13,t14,t2,t5,t9,t13,t14,t2,t5,t10,t15,t16
t1,t2,t3,t5,t6,t10,t11,t15,t16
t1,t3,t2,t6,t5,t10,t11,t15,t16
t1,t4,t2,t7,t5,t10,t8,t12,t15,t16
t1,t2,t4,t5,t9,t7,t14,t2,t8,t5,t12,t9,t13,t14,t2,t5,t10,t15,t16
t1,t2,t3,t5,t6,t9,t11,t13,t13,t13,t13,t13,t13,t14,t2,t5,t9,t13,t13,t14,t2,t5,t9,t13,t13,t14,t2,t5,t9,t14,t2,t5,t10,t15,t16
t1,t4,t2,t7,t5,t8,t10,t12,t15,t16
t1,t3,t6,t2,t11,t5,t10,t15,t16
t1,t3,t2,t6,t11,t5,t9,t13,t14,t2,t5,t10,t15,t16
t1,t3,t6,t11,t2,t5,t10,t15,t16
t1,t2,t3,t6,t5,t11,t9,t13,t14,t2,t5,t9,t13,t13,t14,t2,t5,t9,t13,t14,t2,t5,t10,t15,t16
t1,t2,t5,t4,t9,t7,t14,t8,t2,t12,t5,t10,t15,t16
t1,t2,t4,t5,t7,t10,t8,t12,t15,t16
t1,t2,t4,t5,t7,t10,t8,t12,t15,t16
t1,t4,t2,t5,t10,t7,t8,t12,t15,t16
t1,t2,t4,t5,t7,t8,t12,t9,t13,t14,t2,t5,t9,t13,t14,t2,t5,t9,t13,t14,t2,t5,t9,t14,t2,t5,t9,t14,t2,t5,t10,t15,t16
t1,t4,t2,t7,t5,t8,t10,t12,t15,t16
t1,t4,t7,t2,t8,t5,t12,t9,t13,t14,t2,t5,t10,t15,t16
t1,t2,t3,t5,t6,t9,t11,t13,t13,t14,t2,t5,t10,t15,t16
t1,t4,t7,t2,t8,t12,t5,t10,t15,t16
t1,t2,t3,t5,t6,t9,t11,t13,t14,t2,t5,t10,t15,t16
t1,t2,t5,t9,t3,t13,t14,t6,t2,t11,t5,t10,t15,t16
t1,t2,t3,t5,t6,t10,t11,t15,t16
t1,t4,t7,t8,t2,t12,t5,t10,t15,t16
t1,t4,t2,t5,t7,t10,t8,t12,t15,t16
t1,t2,t3,t5,t9,t6,t11,t14,t2,t5,t9,t13,t14,t2,t5,t9,t13,t13,t14,t2,t5,t9,t14,t2,t5,t10,t15,t16
t1,t2,t4,t5,t7,t9,t8,t13,t13,t14,t12,t2,t5,t9,t13,t13,t13,t13,t14,t2,t5,t10,t15,t16
t1,t3,t2,t6,t5,t11,t10,t15,t16
t1,t3,t2,t6,t5,t11,t10,t15,t16
t1,t2,t3,t5,t10,t6,t11,t15,t16
t1,t4,t2,t5,t7,t8,t12,t10,t15,t16
t1,t4,t2,t5,t7,t9,t14,t8,t2,t12,t5,t9,t14,t2,t5,t10,t15,t16
t1,t3,t2,t5,t6,t11,t9,t13,t14,t2,t5,t9,t13,t13,t14,t2,t5,t9,t13,t14,t2,t5,t10,t15,t16
t1,t3,t2,t5,t6,t10,t11,t15,t16
t1,t2,t4,t7,t5,t10,t8,t12,t15,t16
t1,t2,t5,t3,t6,t9,t11,t14,t2,t5,t10,t15,t16
t1,t2,t4,t7,t5,t8,t12,t10,t15,t16
t1,t2,t5,t4,t9,t7,t13,t14,t8,t2,t12,t5,t9,t14,t2,t5,t9,t14,t2,t5,t9,t13,t13,t14,t2,t5,t9,t14,t2,t5,t10,t15,t16
t1,t2,t4,t5,t7,t10,t8,t12,t15,t16
t1,t3,t2,t5,t9,t6,t13,t14,t2,t5,t11,t9,t13,t14,t2,t5,t9,t14,t2,t5,t9,t14,t2,t5,t9,t13,t14,t2,t5,t10,t15,t16
t1,t4,t2,t7,t8,t12,t5,t10,t15,t16
t1,t3,t6,t2,t11,t5,t10,t15,t16
t1,t3,t2,t6,t5,t11,t9,t13,t13,t14,t2,t5,t9,t14,t2,t5,t10,t15,t16
t1,t3,t2,t6,t5,t9,t11,t13,t13,t13,t13,t13,t13,t14,t2,t5,t9,t14,t2,t5,t9,t13,t13,t13,t14,t2,t5,t9,t13,t14,t2,t5,t10,t15,t16
t1,t3,t2,t6,t5,t11,t9,t14,t2,t5,t9,t14,t2,t5,t9,t14,t2,t5,t9,t13,t13,t14,t2,t5,t9,t14,t2,t5,t10,t15,t16
t1,t3,t6,t2,t5,t11,t9,t13,t14,t2,t5,t10,t15,t16
t1,t2,t4,t5,t7,t10,t8,t12,t15,t16
t1,t2,t4,t7,t5,t9,t8,t12,t14,t2,t5,t10,t15,t16
t1,t2,t3,t6,t11,t5,t9,t14,t2,t5,t10,t15,t16
t1,t3,t6,t2,t5,t9,t11,t14,t2,t5,t10,t15,t16
t1,t3,t2,t6,t5,t10,t11,t15,t16
t1,t3,t2,t5,t9,t6,t11,t14,t2,t5,t9,t14,t2,t5,t10,t15,t16
t1,t4,t2,t5,t7,t8,t10,t12,t15,t16
t1,t2,t3,t5,t6,t9,t11,t13,t13,t13,t14,t2,t5,t10,t15,t16
t1,t4,t7,t2,t8,t5,t10,t12,t15,t16
t1,t4,t2,t7,t5,t8,t10,t12,t15,t16
t1,t4,t7,t2,t8,t5,t9,t12,t13,t13,t13,t14,t2,t5,t9,t13,t13,t13,t14,t2,t5,t9,t13,t14,t2,t5,t9,t14,t2,t5,t9,t13,t14,t2,t5,t9,t13,t14,t2,t5,t10,t15,t16
t1,t3,t6,t11,t2,t5,t10,t15,t16
t1,t2,t4,t7,t5,t8,t9,t12,t13,t14,t2,t5,t9,t13,t14,t2,t5,t9,t14,t2,t5,t9,t14,t2,t5,t10,t15,t16
t1,t2,t3,t6,t5,t11,t9,t14,t2,t5,t10,t15,t16
t1,t2,t4,t5,t7,t8,t10,t12,t15,t16
t1,t3,t2,t6,t5,t11,t9,t13,t13,t13,t13,t13,t13,t14,t2,t5,t10,t15,t16
t1,t2,t5,t4,t9,t13,t13,t13,t13,t7,t14,t8,t2,t12,t5,t10,t15,t16
t1,t2,t5,t4,t10,t7,t8,t12,t15,t16
t1,t2,t5,t3,t6,t10,t11,t15,t16
t1,t2,t3,t5,t6,t10,t11,t15,t16
t1,t4,t2,t7,t5,t8,t10,t12,t15,t16
t1,t2,t4,t5,t7,t9,t8,t12,t14,t2,t5,t10,t15,t16
t1,t2,t5,t4,t9,t7,t13,t8,t13,t12,t13,t13,t14,t2,t5,t10,t15,t16
t1,t2,t4,t5,t7,t9,t8,t12,t14,t2,t5,t9,t14,t2,t5,t10,t15,t16
t1,t2,t3,t6,t5,t11,t10,t15,t16
t1,t2,t4,t7,t5,t8,t9,t12,t14,t2,t5,t9,t14,t2,t5,t10,t15,t16
t1,t2,t4,t5,t7,t9,t8,t13,t13,t13,t12,t13,t13,t14,t2,t5,t10,t15,t16
t1,t3,t6,t2,t11,t5,t10,t15,t16
t1,t4,t2,t7,t5,t8,t10,t12,t15,t16
t1,t2,t3,t5,t6,t11,t10,t15,t16
t1,t2,t3,t5,t6,t9,t11,t13,t13,t13,t14,t2,t5,t10,t15,t16
t1,t3,t2,t6,t5,t11,t10,t15,t16
t1,t4,t2,t5,t7,t10,t8,t12,t15,t16
t1,t2,t3,t6,t5,t11,t10,t15,t16
t1,t3,t2,t6,t11,t5,t9,t14,t2,t5,t10,t15,t16
t1,t2,t3,t6,t5,t11,t9,t13,t14,t2,t5,t10,t15,t16
t1,t4,t2,t7,t8,t12,t5,t10,t15,t16
t1,t2,t3,t5,t9,t14,t6,t2,t5,t9,t14,t2,t11,t5,t9,t13,t13,t13,t13,t13,t14,t2,t5,t10,t15,t16
t1,t2,t3,t5,t10,t6,t11,t15,t16
t1,t3,t2,t6,t5,t11,t10,t15,t16
t1,t2,t5,t4,t9,t13,t14,t7,t2,t8,t12,t5,t9,t14,t2,t5,t9,t14,t2,t5,t10,t15,t16
t1,t2,t4,t5,t7,t10,t8,t12,t15,t16
t1,t2,t4,t5,t7,t8,t9,t12,t13,t13,t13,t13,t14,t2,t5,t9,t14,t2,t5,t10,t15,t16
t1,t3,t6,t2,t11,t5,t10,t15,t16
t1,t4,t2,t7,t5,t8,t9,t12,t13,t13,t14,t2,t5,t10,t15,t16
t1,t2,t3,t5,t6,t10,t11,t15,t16
t1,t4,t2,t5,t7,t10,t8,t12,t15,t16
t1,t2,t4,t5,t7,t10,t8,t12,t15,t16
t1,t3,t2,t6,t5,t11,t10,t15,t16
t1,t2,t5,t3,t6,t10,t11,t15,t16
t1,t2,t4,t7,t8,t5,t12,t10,t15,t16
t1,t4,t7,t2,t8,t5,t12,t9,t14,t2,t5,t10,t15,t16
t1,t3,t6,t11,t2,t5,t9,t13,t14,t2,t5,t9,t13,t14,t2,t5,t10,t15,t16
t1,t4,t2,t5,t7,t9,t8,t14,t12,t2,t5,t9,t13,t14,t2,t5,t9,t13,t14,t2,t5,t10,t15,t16
t1,t2,t5,t4,t10,t7,t8,t12,t15,t16
t1,t2,t5,t4,t7,t8,t10,t12,t15,t16
t1,t4,t2,t5,t7,t9,t8,t14,t12,t2,t5,t10,t15,t16
t1,t4,t2,t7,t5,t8,t10,t12,t15,t16
t1,t4,t2,t7,t8,t5,t12,t9,t14,t2,t5,t9,t13,t14,t2,t5,t10,t15,t16
t1,t2,t5,t4,t10,t7,t8,t12,t15,t16
t1,t2,t4,t5,t7,t8,t9,t13,t12,t14,t2,t5,t9,t13,t13,t13,t14,t2,t5,t9,t13,t14,t2,t5,t9,t13,t13,t13,t13,t13,t13,t14,t2,t5,t10,t15,t16
t1,t2,t3,t6,t5,t11,t10,t15,t16
t1,t2,t4,t7,t5,t9,t8,t13,t14,t12,t2,t5,t10,t15,t16
t1,t4,t2,t7,t5,t9,t8,t14,t12,t2,t5,t9,t13,t13,t13,t13,t13,t14,t2,t5,t10,t15,t16
t1,t2,t4,t5,t7,t10,t8,t12,t15,t16
t1,t2,t3,t5,t6,t11,t10,t15,t16
t1,t4,t2,t5,t7,t9,t8,t13,t12,t13,t14,t2,t5,t9,t14,t2,t5,t10,t15,t16
t1,t2,t4,t5,t7,t10,t8,t12,t15,t16
t1,t2,t4,t5,t7,t9,t13,t8,t14,t12,t2,t5,t9,t13,t13,t14,t2,t5,t9,t14,t2,t5,t9,t13,t13,t13,t14,t2,t5,t10,t15,t16
t1,t3,t2,t6,t11,t5,t10,t15,t16
t1,t2,t5,t4,t9,t7,t14,t2,t8,t5,t9,t12,t13,t14,t2,t5,t10,t15,t16
t1,t2,t4,t5,t7,t8,t9,t12,t13,t14,t2,t5,t9,t13,t13,t13,t14,t2,t5,t9,t14,t2,t5,t9,t14,t2,t5,t10,t15,t16
t1,t3,t2,t6,t5,t11,t10,t15,t16
t1,t4,t2,t7,t5,t8,t9,t13,t14,t12,t2,t5,t10,t15,t16
t1,t4,t2,t5,t7,t10,t8,t12,t15,t16
t1,t2,t4,t5,t7,t10,t8,t12,t15,t16
t1,t2,t4,t5,t10,t7,t8,t12,t15,t16
t1,t4,t7,t2,t8,t12,t5,t9,t14,t2,t5,t10,t15,t16
t1,t2,t4,t5,t10,t7,t8,t12,t15,t16
t1,t3,t6,t2,t11,t5,t9,t14,t2,t5,t9,t14,t2,t5,t9,t13,t13,t14,t2,t5,t10,t15,t16
t1,t3,t2,t6,t11,t5,t9,t14,t2,t5,t10,t15,t16
t1,t2,t4,t7,t5,t8,t9,t13,t13,t14,t12,t2,t5,t10,t15,t16
t1,t2,t3,t6,t5,t11,t9,t14,t2,t5,t10,t15,t16
t1,t2,t3,t5,t6,t10,t11,t15,t16
t1,t3,t2,t5,t6,t10,t11,t15,t16
t1,t4,t2,t7,t8,t12,t5,t9,t14,t2,t5,t10,t15,t16
t1,t2,t5,t10,t3,t6,t11,t15,t16
t1,t2,t3,t5,t6,t9,t11,t13,t13,t14,t2,t5,t9,t13,t14,t2,t5,t10,t15,t16
t1,t2,t5,t4,t9,t7,t14,t8,t2,t5,t12,t9,t14,t2,t5,t10,t15,t16
t1,t4,t2,t7,t8,t5,t12,t9,t14,t2,t5,t9,t14,t2,t5,t10,t15,t16
t1,t4,t2,t7,t5,t8,t9,t12,t13,t14,t2,t5,t9,t14,t2,t5,t9,t14,t2,t5,t9,t13,t13,t13,t13,t14,t2,t5,t9,t13,t14,t2,t5,t10,t15,t16
t1,t4,t2,t7,t5,t9,t8,t13,t12,t13,t14,t2,t5,t10,t15,t16
t1,t3,t2,t6,t5,t11,t10,t15,t16
t1,t2,t4,t5,t7,t10,t8,t12,t15,t16
t1,t2,t3,t5,t9,t13,t14,t6,t2,t11,t5,t9,t13,t13,t14,t2,t5,t10,t15,t16
t1,t2,t3,t5,t10,t6,t11,t15,t16
t1,t3,t2,t5,t6,t11,t9,t13,t13,t14,t2,t5,t10,t15,t16
t1,t3,t6,t2,t5,t11,t9,t13,t14,t2,t5,t9,t13,t14,t2,t5,t10,t15,t16
t1,t2,t3,t5,t6,t11,t9,t13,t14,t2,t5,t10,t15,t16
t1,t2,t5,t3,t6,t9,t11,t13,t14,t2,t5,t10,t15,t16
t1,t2,t5,t10,t3,t6,t11,t15,t16
t1,t4,t2,t5,t7,t9,t8,t13,t12,t14,t2,t5,t10,t15,t16
t1,t2,t3,t5,t6,t11,t10,t15,t16
t1,t3,t6,t2,t11,t5,t10,t15,t16
t1,t2,t3,t5,t9,t6,t13,t14,t11,t2,t5,t9,t13,t14,t2,t5,t9,t14,t2,t5,t10,t15,t16
t1,t2,t4,t5,t9,t7,t8,t12,t14,t2,t5,t9,t13,t14,t2,t5,t9,t14,t2,t5,t10,t15,t16
t1,t4,t7,t2,t8,t5,t12,t9,t13,t14,t2,t5,t9,t13,t13,t13,t13,t14,t2,t5,t9,t14,t2,t5,t9,t13,t13,t13,t13,t13,t14,t2,t5,t9,t14,t2,t5,t9,t14,t2,t5,t9,t14,t2,t5,t9,t14,t2,t5,t10,t15,t16
t1,t3,t6,t2,t11,t5,t9,t14,t2,t5,t10,t15,t16
t1,t4,t2,t7,t5,t10,t8,t12,t15,t16
t1,t4,t2,t5,t7,t9,t8,t12,t13,t13,t14,t2,t5,t10,t15,t16
t1,t4,t2,t7,t5,t8,t10,t12,t15,t16
t1,t2,t4,t7,t8,t12,t5,t9,t13,t14,t2,t5,t9,t13,t14,t2,t5,t10,t15,t16
t1,t4,t2,t7,t5,t8,t12,t9,t13,t14,t2,t5,t9,t14,t2,t5,t10,t15,t16
t1,t4,t2,t7,t8,t12,t5,t9,t13,t14,t2,t5,t9,t13,t14,t2,t5,t10,t15,t16
t1,t2,t3,t5,t6,t11,t9,t13,t13,t14,t2,t5,t10,t15,t16
t1,t4,t2,t7,t5,t10,t8,t12,t15,t16
t1,t3,t2,t6,t5,t11,t9,t13,t14,t2,t5,t9,t14,t2,t5,t10,t15,t16
t1,t2,t3,t5,t6,t10,t11,t15,t16
t1,t4,t2,t7,t5,t8,t9,t12,t13,t14,t2,t5,t9,t13,t13,t13,t13,t13,t14,t2,t5,t10,t15,t16
t1,t2,t3,t5,t10,t6,t11,t15,t16
t1,t2,t5,t3,t9,t6,t14,t2,t11,t5,t10,t15,t16
t1,t2,t5,t9,t3,t13,t6,t14,t11,t2,t5,t10,t15,t16
t1,t2,t4,t5,t7,t10,t8,t12,t15,t16
t1,t2,t5,t3,t10,t6,t11,t15,t16
t1,t4,t7,t2,t5,t8,t9,t12,t14,t2,t5,t9,t13,t14,t2,t5,t10,t15,t16
t1,t2,t5,t3,t6,t11,t10,t15,t16
t1,t2,t5,t3,t9,t13,t13,t13,t6,t14,t11,t2,t5,t9,t13,t14,t2,t5,t10,t15,t16
t1,t2,t3,t6,t5,t11,t10,t15,t16
t1,t4,t2,t7,t5,t8,t10,t12,t15,t16
t1,t2,t4,t5,t7,t10,t8,t12,t15,t16
t1,t4,t7,t2,t8,t5,t9,t12,t13,t14,t2,t5,t9,t14,t2,t5,t9,t14,t2,t5,t9,t13,t13,t14,t2,t5,t9,t14,t2,t5,t9,t13,t13,t14,t2,t5,t10,t15,t16
t1,t2,t3,t5,t6,t9,t11,t14,t2,t5,t9,t13,t13,t14,t2,t5,t10,t15,t16
t1,t4,t2,t5,t7,t9,t8,t12,t13,t13,t14,t2,t5,t9,t13,t14,t2,t5,t10,t15,t16
t1,t2,t3,t5,t9,t6,t14,t2,t5,t11,t10,t15,t16
t1,t4,t2,t7,t8,t5,t10,t12,t15,t16
t1,t3,t2,t6,t5,t10,t11,t15,t16
t1,t2,t4,t7,t5,t8,t10,t12,t15,t16
t1,t2,t5,t4,t9,t7,t14,t2,t5,t8,t12,t10,t15,t16
t1,t2,t5,t4,t10,t7,t8,t12,t15,t16
t1,t4,t2,t7,t5,t8,t9,t12,t13,t14,t2,t5,t9,t14,t2,t5,t10,t15,t16
t1,t2,t5,t4,t10,t7,t8,t12,t15,t16
t1,t2,t3,t5,t6,t11,t9,t14,t2,t5,t10,t15,t16
t1,t2,t3,t5,t6,t10,t11,t15,t16
t1,t3,t2,t6,t5,t11,t10,t15,t16
t1,t2,t4,t5,t7,t10,t8,t12,t15,t16
t1,t2,t5,t10,t3,t6,t11,t15,t16
t1,t2,t5,t9,t13,t14,t4,t7,t2,t8,t12,t5,t10,t15,t16
t1,t2,t4,t5,t9,t7,t8,t14,t12,t2,t5,t9,t13,t14,t2,t5,t10,t15,t16
t1,t2,t4,t5,t7,t8,t12,t9,t13,t13,t14,t2,t5,t10,t15,t16
t1,t2,t3,t6,t5,t11,t10,t15,t16
t1,t2,t4,t5,t7,t10,t8,t12,t15,t16
t1,t3,t2,t5,t9,t6,t14,t11,t2,t5,t9,t13,t13,t14,t2,t5,t10,t15,t16
t1,t2,t3,t5,t9,t6,t14,t11,t2,t5,t10,t15,t16
t1,t2,t3,t6,t5,t11,t10,t15,t16
t1,t2,t4,t5,t7,t9,t8,t14,t12,t2,t5,t9,t14,t2,t5,t10,t15,t16
t1,t4,t7,t2,t8,t5,t10,t12,t15,t16
t1,t3,t2,t5,t6,t9,t13,t11,t14,t2,t5,t10,t15,t16
t1,t2,t3,t5,t6,t9,t11,t13,t13,t14,t2,t5,t10,t15,t16
t1,t4,t7,t8,t2,t5,t12,t10,t15,t16
t1,t3,t6,t2,t11,t5,t9,t13,t13,t13,t13,t13,t14,t2,t5,t10,t15,t16
t1,t2,t4,t5,t7,t10,t8,t12,t15,t16
t1,t3,t2,t6,t5,t11,t10,t15,t16
t1,t3,t2,t6,t5,t11,t9,t14,t2,t5,t9,t13,t14,t2,t5,t10,t15,t16
t1,t2,t3,t6,t5,t11,t10,t15,t16
t1,t3,t2,t6,t5,t11,t10,t15,t16
t1,t2,t4,t5,t10,t7,t8,t12,t15,t16
t1,t2,t5,t9,t4,t7,t13,t14,t8,t12,t2,t5,t10,t15,t16
t1,t3,t2,t6,t5,t11,t10,t15,t16
t1,t3,t2,t6,t5,t11,t9,t13,t14,t2,t5,t10,t15,t16
t1,t2,t3,t5,t6,t10,t11,t15,t16
t1,t2,t3,t6,t5,t11,t10,t15,t16
t1,t2,t3,t6,t5,t11,t9,t13,t13,t13,t14,t2,t5,t9,t14,t2,t5,t10,t15,t16
t1,t2,t3,t5,t10,t6,t11,t15,t16
t1,t3,t2,t6,t11,t5,t9,t13,t14,t2,t5,t10,t15,t16
t1,t2,t5,t10,t4,t7,t8,t12,t15,t16
t1,t2,t3,t5,t6,t10,t11,t15,t16
t1,t2,t4,t5,t9,t7,t14,t2,t5,t8,t10,t12,t15,t16
t1,t2,t5,t10,t3,t6,t11,t15,t16
t1,t2,t5,t3,t6,t9,t14,t11,t2,t5,t9,t13,t13,t13,t13,t14,t2,t5,t10,t15,t16
t1,t3,t2,t6,t5,t9,t14,t11,t2,t5,t10,t15,t16
t1,t2,t3,t5,t6,t11,t9,t13,t14,t2,t5,t10,t15,t16
t1,t3,t2,t5,t9,t6,t13,t13,t13,t14,t11,t2,t5,t9,t13,t13,t14,t2,t5,t9,t13,t13,t14,t2,t5,t10,t15,t16
t1,t2,t4,t5,t9,t7,t13,t8,t12,t14,t2,t5,t9,t14,t2,t5,t10,t15,t16
t1,t3,t2,t6,t5,t11,t10,t15,t16
t1,t4,t7,t2,t8,t5,t9,t12,t13,t13,t13,t14,t2,t5,t9,t13,t14,t2,t5,t9,t13,t14,t2,t5,t9,t13,t14,t2,t5,t10,t15,t16
t1,t2,t3,t5,t9,t6,t14,t11,t2,t5,t9,t14,t2,t5,t10,t15,t16
t1,t2,t5,t4,t10,t7,t8,t12,t15,t16
t1,t2,t5,t3,t10,t6,t11,t15,t16
t1,t4,t2,t7,t8,t5,t12,t10,t15,t16
t1,t3,t2,t5,t6,t11,t10,t15,t16
t1,t2,t5,t4,t10,t7,t8,t12,t15,t16
t1,t2,t3,t5,t6,t9,t11,t14,t2,t5,t9,t14,t2,t5,t9,t13,t13,t13,t13,t14,t2,t5,t9,t14,t2,t5,t9,t14,t2,t5,t9,t13,t13,t14,t2,t5,t10,t15,t16
t1,t4,t2,t7,t5,t8,t12,t9,t13,t13,t14,t2,t5,t10,t15,t16
t1,t4,t2,t5,t7,t8,t10,t12,t15,t16
t1,t3,t2,t6,t11,t5,t9,t13,t13,t13,t13,t14,t2,t5,t10,t15,t16
t1,t2,t3,t6,t5,t10,t11,t15,t16
t1,t4,t7,t2,t8,t5,t12,t10,t15,t16
t1,t3,t6,t2,t11,t5,t10,t15,t16
t1,t2,t4,t5,t9,t7,t13,t13,t13,t8,t13,t14,t12,t2,t5,t10,t15,t16
t1,t4,t2,t7,t5,t8,t12,t10,t15,t16
t1,t3,t2,t6,t11,t5,t10,t15,t16
t1,t2,t5,t4,t10,t7,t8,t12,t15,t16
t1,t2,t3,t5,t6,t10,t11,t15,t16
t1,t4,t2,t7,t5,t8,t10,t12,t15,t16
t1,t2,t3,t5,t6,t10,t11,t15,t16
t1,t2,t4,t5,t7,t9,t8,t13,t12,t14,t2,t5,t10,t15,t16
t1,t2,t3,t5,t6,t10,t11,t15,t16
t1,t2,t5,t10,t4,t7,t8,t12,t15,t16
t1,t3,t2,t6,t11,t5,t10,t15,t16
t1,t2,t3,t5,t9,t6,t11,t13,t13,t13,t14,t2,t5,t9,t14,t2,t5,t9,t13,t14,t2,t5,t9,t13,t13,t13,t14,t2,t5,t10,t15,t16
t1,t2,t3,t5,t10,t6,t11,t15,t16
t1,t2,t3,t6,t5,t11,t10,t15,t16
t1,t2,t3,t5,t6,t10,t11,t15,t16
t1,t2,t4,t5,t7,t10,t8,t12,t15,t16
t1,t2,t4,t5,t9,t7,t13,t8,t12,t14,t2,t5,t9,t14,t2,t5,t10,t15,t16
t1,t2,t4,t5,t7,t9,t14,t8,t2,t12,t5,t10,t15,t16
t1,t2,t5,t4,t9,t14,t7,t2,t8,t5,t9,t14,t12,t2,t5,t10,t15,t16
t1,t2,t3,t5,t6,t10,t11,t15,t16
t1,t4,t2,t7,t5,t8,t12,t9,t14,t2,t5,t9,t14,t2,t5,t10,t15,t16
t1,t4,t7,t2,t8,t5,t12,t9,t14,t2,t5,t10,t15,t16
t1,t3,t2,t5,t10,t6,t11,t15,t16
t1,t2,t4,t5,t9,t7,t13,t8,t13,t12,t13,t13,t14,t2,t5,t9,t14,t2,t5,t10,t15,t16
t1,t2,t4,t7,t8,t12,t5,t10,t15,t16
t1,t2,t5,t4,t9,t7,t14,t2,t8,t12,t5,t10,t15,t16
t1,t2,t4,t5,t9,t13,t7,t14,t8,t2,t12,t5,t10,t15,t16
t1,t3,t2,t6,t5,t11,t9,t14,t2,t5,t9,t13,t13,t14,t2,t5,t10,t15,t16
t1,t2,t5,t3,t9,t6,t13,t13,t13,t14,t11,t2,t5,t10,t15,t16
t1,t3,t2,t6,t5,t11,t10,t15,t16
t1,t2,t4,t5,t10,t7,t8,t12,t15,t16
t1,t3,t2,t6,t11,t5,t9,t13,t14,t2,t5,t10,t15,t16
t1,t4,t7,t2,t8,t5,t12,t10,t15,t16
t1,t4,t2,t7,t5,t8,t9,t12,t13,t14,t2,t5,t10,t15,t16
t1,t2,t4,t5,t7,t8,t9,t12,t14,t2,t5,t10,t15,t16
t1,t3,t2,t6,t11,t5,t10,t15,t16
t1,t2,t4,t5,t7,t9,t8,t14,t12,t2,t5,t9,t13,t13,t13,t13,t14,t2,t5,t10,t15,t16
t1,t4,t2,t7,t5,t8,t10,t12,t15,t16
t1,t2,t4,t5,t7,t10,t8,t12,t15,t16
t1,t2,t3,t5,t6,t9,t11,t13,t13,t14,t2,t5,t9,t13,t13,t14,t2,t5,t10,t15,t16
t1,t2,t3,t5,t6,t9,t11,t13,t13,t14,t2,t5,t9,t14,t2,t5,t9,t13,t13,t14,t2,t5,t9,t14,t2,t5,t9,t13,t14,t2,t5,t9,t13,t14,t2,t5,t10,t15,t16
t1,t2,t5,t4,t10,t7,t8,t12,t15,t16
t1,t2,t5,t4,t9,t7,t14,t8,t2,t12,t5,t9,t14,t2,t5,t10,t15,t16
t1,t2,t4,t5,t7,t10,t8,t12,t15,t16
t1,t4,t2,t7,t5,t8,t9,t14,t2,t5,t12,t10,t15,t16
t1,t2,t3,t5,t6,t9,t11,t13,t14,t2,t5,t9,t14,t2,t5,t10,t15,t16
t1,t2,t5,t4,t10,t7,t8,t12,t15,t16
t1,t4,t2,t7,t5,t8,t10,t12,t15,t16
t1,t2,t5,t3,t9,t6,t13,t13,t13,t11,t14,t2,t5,t9,t14,t2,t5,t10,t15,t16
t1,t3,t2,t6,t5,t9,t14,t11,t2,t5,t9,t13,t14,t2,t5,t10,t15,t16
t1,t3,t2,t6,t5,t9,t11,t13,t13,t13,t14,t2,t5,t9,t13,t13,t14,t2,t5,t9,t14,t2,t5,t10,t15,t16
t1,t4,t7,t2,t5,t8,t12,t9,t14,t2,t5,t9,t13,t13,t14,t2,t5,t9,t13,t14,t2,t5,t10,t15,t16
t1,t4,t2,t7,t5,t8,t10,t12,t15,t16
t1,t2,t4,t5,t7,t8,t10,t12,t15,t16
t1,t2,t3,t5,t6,t11,t9,t14,t2,t5,t10,t15,t16
t1,t2,t5,t3,t9,t6,t11,t14,t2,t5,t9,t14,t2,t5,t9,t14,t2,t5,t10,t15,t16
t1,t2,t5,t10,t3,t6,t11,t15,t16
t1,t4,t7,t2,t8,t5,t12,t9,t13,t13,t13,t13,t13,t13,t13,t13,t14,t2,t5,t9,t14,t2,t5,t9,t13,t14,t2,t5,t9,t14,t2,t5,t9,t14,t2,t5,t9,t13,t14,t2,t5,t10,t15,t16
t1,t4,t2,t7,t5,t10,t8,t12,t15,t16
t1,t2,t5,t9,t3,t14,t6,t11,t2,t5,t10,t15,t16
t1,t3,t6,t11,t2,t5,t10,t15,t16
t1,t4,t2,t5,t7,t10,t8,t12,t15,t16
t1,t2,t4,t5,t7,t9,t8,t13,t13,t12,t14,t2,t5,t9,t13,t14,t2,t5,t10,t15,t16
t1,t2,t5,t9,t14,t4,t2,t7,t5,t8,t9,t12,t13,t13,t14,t2,t5,t9,t14,t2,t5,t9,t14,t2,t5,t10,t15,t16
t1,t2,t3,t5,t9,t6,t14,t11,t2,t5,t9,t14,t2,t5,t9,t13,t13,t13,t14,t2,t5,t9,t13,t13,t13,t14,t2,t5,t9,t14,t2,t5,t9,t13,t14,t2,t5,t9,t13,t14,t2,t5,t10,t15,t16
t1,t3,t2,t6,t11,t5,t10,t15,t16
t1,t2,t5,t3,t9,t6,t11,t13,t13,t14,t2,t5,t9,t13,t14,t2,t5,t10,t15,t16
t1,t3,t2,t5,t6,t11,t9,t14,t2,t5,t10,t15,t16
t1,t2,t3,t5,t6,t10,t11,t15,t16
t1,t4,t2,t5,t7,t8,t12,t10,t15,t16
t1,t2,t3,t5,t6,t9,t11,t13,t14,t2,t5,t10,t15,t16
t1,t2,t5,t4,t9,t7,t8,t14,t12,t2,t5,t10,t15,t16
t1,t2,t4,t5,t7,t10,t8,t12,t15,t16
t1,t2,t4,t5,t7,t9,t8,t14,t2,t12,t5,t10,t15,t16
t1,t3,t2,t5,t6,t10,t11,t15,t16
t1,t2,t5,t3,t6,t9,t11,t14,t2,t5,t9,t14,t2,t5,t10,t15,t16
t1,t4,t2,t7,t5,t8,t10,t12,t15,t16
t1,t2,t5,t4,t9,t13,t7,t13,t8,t14,t12,t2,t5,t9,t13,t13,t13,t14,t2,t5,t9,t13,t14,t2,t5,t10,t15,t16
t1,t2,t5,t4,t10,t7,t8,t12,t15,t16
t1,t3,t2,t6,t5,t11,t10,t15,t16
t1,t2,t5,t3,t9,t6,t13,t11,t14,t2,t5,t9,t14,t2,t5,t10,t15,t16
t1,t3,t2,t5,t6,t9,t11,t14,t2,t5,t9,t13,t13,t13,t14,t2,t5,t9,t14,t2,t5,t9,t14,t2,t5,t9,t14,t2,t5,t10,t15,t16
t1,t4,t7,t2,t8,t12,t5,t9,t14,t2,t5,t9,t14,t2,t5,t10,t15,t16
t1,t4,t7,t8,t2,t12,t5,t9,t13,t14,t2,t5,t10,t15,t16
t1,t2,t4,t7,t5,t8,t12,t9,t14,t2,t5,t10,t15,t16
t1,t3,t2,t6,t5,t11,t9,t13,t14,t2,t5,t10,t15,t16
t1,t2,t3,t5,t10,t6,t11,t15,t16
t1,t2,t4,t5,t7,t9,t8,t14,t12,t2,t5,t10,t15,t16
t1,t4,t2,t7,t5,t8,t12,t9,t14,t2,t5,t10,t15,t16
t1,t2,t5,t3,t10,t6,t11,t15,t16
t1,t2,t5,t9,t14,t2,t5,t4,t10,t7,t8,t12,t15,t16
t1,t2,t4,t7,t5,t10,t8,t12,t15,t16
t1,t4,t2,t7,t5,t8,t9,t12,t13,t13,t14,t2,t5,t9,t13,t13,t14,t2,t5,t10,t15,t16
t1,t4,t2,t5,t7,t8,t12,t9,t14,t2,t5,t10,t15,t16
t1,t4,t2,t7,t5,t9,t8,t14,t12,t2,t5,t10,t15,t16
t1,t2,t5,t4,t10,t7,t8,t12,t15,t16
t1,t4,t2,t7,t5,t8,t9,t12,t14,t2,t5,t9,t14,t2,t5,t9,t13,t14,t2,t5,t10,t15,t16
t1,t2,t3,t5,t6,t11,t9,t14,t2,t5,t10,t15,t16
