	D/F-Table

A = t1
#A = 1000
_____________________________________________________________
B	B<A	A>B	B<<<A	A>>>B	A→B
_____________________________________________________________
t1	0	0	0	0	0.0
t3	0	494	0	1000	0.875823743999992
t2	0	506	0	1000	0.863862399999993
t5	0	0	0	1000	0.497551233023999
t4	0	0	0	1000	0.529217279999996
t7	0	0	0	477	0.243003680849919
t8	0	0	0	533	0.181724160000001
t12	0	0	0	533	0.102347783748452
t10	0	0	0	1000	0.295356616933377
t9	0	0	0	1000	0.20151926695459
t13	0	0	0	1000	0.141561927381272
t15	0	0	0	1000	0.0944487435939889
t6	0	0	0	523	0.264296779776
t11	0	0	0	359	0.0716131953687553
t14	0	0	0	179	0.0236269855693385
_____________________________________________________________

A = t3
#A = 1000
_____________________________________________________________
B	B<A	A>B	B<<<A	A>>>B	A→B
_____________________________________________________________
t1	494	0	1000	0	-0.875823743999992
t3	0	0	0	0	0.0
t2	395	344	506	494	-0.0299516800000001
t5	0	139	0	1000	0.712011353599992
t4	77	260	111	949	0.542047792230396
t7	0	89	0	477	0.345011900928
t8	15	29	21	525	0.229941427199999
t12	3	10	3	530	0.148519306079601
t10	0	0	0	1000	0.421832076492799
t9	12	30	13	987	0.271430472797262
t13	1	5	1	1000	0.20923354815781
t15	0	0	0	1000	0.137915025839235
t6	0	90	0	523	0.377842867200001
t11	3	4	3	359	0.101824798314892
t14	0	0	0	179	0.0376099421556038
_____________________________________________________________

A = t2
#A = 1000
_____________________________________________________________
B	B<A	A>B	B<<<A	A>>>B	A→B
_____________________________________________________________
t1	506	0	1000	0	-0.863862399999993
t3	344	395	494	506	0.0299516800000001
t2	0	0	0	0	0.0
t5	51	188	103	897	0.509540846079996
t4	0	218	0	1000	0.770070399999992
t7	26	79	54	423	0.2390428570624
t8	0	0	0	533	0.27199872
t12	0	0	0	533	0.155648279170253
t10	39	33	39	961	0.372783424184319
t9	0	0	0	1000	0.2969665644134
t13	0	0	0	1000	0.21120005780272
t15	0	0	0	1000	0.143143131731409
t6	34	87	66	457	0.24292668672
t11	0	0	0	359	0.108421517146023
t14	0	0	0	179	0.0336396557264319
_____________________________________________________________

A = t5
#A = 1000
_____________________________________________________________
B	B<A	A>B	B<<<A	A>>>B	A→B
_____________________________________________________________
t1	0	0	1000	0	-0.497551233023999
t3	139	0	1000	0	-0.712011353599992
t2	188	51	897	103	-0.509540846079996
t5	0	0	0	0	0.0
t4	221	186	542	729	0.0621604516863994
t7	125	117	249	228	-0.0172878847999999
t8	60	94	117	473	0.2235781679104
t12	14	19	34	516	0.211644279443456
t10	0	277	0	1000	0.766020252159991
t9	60	77	126	874	0.240751433862812
t13	34	35	47	981	0.30359410709025
t15	0	0	0	1000	0.259236424173137
t6	143	114	274	249	-0.025312064
t11	10	18	24	347	0.149270271624187
t14	6	12	6	176	0.0632803735621174
_____________________________________________________________

A = t4
#A = 2046
_____________________________________________________________
B	B<A	A>B	B<<<A	A>>>B	A→B
_____________________________________________________________
t1	0	0	1000	0	-0.25865947214076
t3	260	77	949	111	-0.264930494736264
t2	218	0	1000	0	-0.376378494623652
t5	186	221	729	542	-0.0303814524371454
t4	0	0	1046	1046	0.0
t7	92	101	348	242	-0.0243996215454156
t8	0	714	1046	1046	0.152971392425414
t12	976	0	1046	1046	-0.21130152910952
t10	236	108	607	774	0.00160452091495575
t9	0	699	0	1000	0.447992961876831
t13	0	0	0	1000	0.339306353861189
t15	0	0	0	1000	0.244743520047794
t6	78	126	390	289	-0.0125086614897363
t11	0	0	532	532	-0.0233008797653964
t14	0	0	0	179	0.0447997497556207
_____________________________________________________________

A = t7
#A = 477
_____________________________________________________________
B	B<A	A>B	B<<<A	A>>>B	A→B
_____________________________________________________________
t1	0	0	477	0	-0.509441678930649
t3	89	0	477	0	-0.723295389786164
t2	79	26	423	54	-0.501138065120336
t5	117	125	228	249	0.036242945073375
t4	101	92	242	348	0.104657496188512
t7	0	0	0	0	0.0
t8	27	32	57	222	0.206693031446541
t12	7	9	16	245	0.205747851753459
t10	0	137	0	477	0.759247488805032
t9	35	30	58	419	0.239496071613857
t13	13	17	16	470	0.319461612008067
t15	0	0	0	477	0.257593696862475
t6	0	0	0	0	0.0
t11	7	6	15	163	0.130866826994299
t14	2	3	5	71	0.0475817208317984
_____________________________________________________________

A = t8
#A = 1046
_____________________________________________________________
B	B<A	A>B	B<<<A	A>>>B	A→B
_____________________________________________________________
t1	0	0	533	0	-0.173732466539198
t3	29	15	525	21	-0.219829280305927
t2	0	0	533	0	-0.260037017208413
t5	94	60	473	117	-0.213745858422944
t4	714	0	1046	1046	-0.299215553443974
t7	32	27	222	57	-0.0942567648183556
t8	0	0	513	513	0.0
t12	0	399	513	1046	0.394504091655829
t10	137	95	386	278	-0.0956269497514342
t9	0	0	0	533	0.246745850654837
t13	0	0	0	533	0.197171126412972
t15	0	0	0	533	0.149139846993641
t6	40	36	238	67	-0.100363132818356
t11	0	414	254	532	0.328639021032505
t14	0	0	0	72	0.0213289581056979
_____________________________________________________________

A = t12
#A = 1046
_____________________________________________________________
B	B<A	A>B	B<<<A	A>>>B	A→B
_____________________________________________________________
t1	0	0	533	0	-0.0978468295874306
t3	10	3	530	3	-0.141987864320842
t2	0	0	533	0	-0.14880332616659
t5	19	14	516	34	-0.202336787230838
t4	0	976	1046	1046	0.413310639156863
t7	9	7	245	16	-0.093825741191587
t8	399	0	1046	513	-0.394504091655829
t12	0	0	513	513	5.43436126776367e-17
t10	98	33	483	91	-0.251435945948757
t9	0	0	0	533	0.395961759082221
t13	0	0	0	533	0.316448305927339
t15	0	0	0	533	0.239269642866539
t6	11	13	266	21	-0.100830585657465
t11	500	0	532	265	-0.342555411089866
t14	0	0	0	72	0.0348081682600383
_____________________________________________________________

A = t10
#A = 1000
_____________________________________________________________
B	B<A	A>B	B<<<A	A>>>B	A→B
_____________________________________________________________
t1	0	0	1000	0	-0.295356616933377
t3	0	0	1000	0	-0.421832076492799
t2	33	39	961	39	-0.372783424184319
t5	277	0	1000	0	-0.766020252159991
t4	108	236	774	607	-0.00328284979199947
t7	137	0	477	0	-0.36216105216
t8	95	137	278	386	0.10002578944
t12	33	98	91	483	0.2630019994624
t10	0	0	0	0	0.0
t9	61	135	258	742	0.184688748507675
t13	64	152	134	927	0.35799406056614
t15	0	73	0	1000	0.431670935666785
t6	140	0	523	0	-0.3945134592
t11	30	97	70	323	0.169563004623225
t14	22	33	37	151	0.0451144969543592
_____________________________________________________________

A = t9
#A = 1000
_____________________________________________________________
B	B<A	A>B	B<<<A	A>>>B	A→B
_____________________________________________________________
t1	0	0	1000	0	-0.20151926695459
t3	30	12	987	13	-0.271430472797262
t2	0	0	1000	0	-0.2969665644134
t5	77	60	874	126	-0.240751433862812
t4	699	0	1000	0	-0.916593599999996
t7	30	35	419	58	-0.11423962615981
t8	0	0	533	0	-0.258096159784959
t12	0	0	533	0	-0.414176000000003
t10	135	61	742	258	-0.184688748507675
t9	0	0	0	0	0.0
t13	0	795	0	1000	0.943313599999996
t15	0	0	0	1000	0.679472170680313
t6	29	37	455	68	-0.119206885110957
t11	0	0	359	0	-0.19384755608879
t14	0	0	0	179	0.124256
_____________________________________________________________

A = t13
#A = 1216
_____________________________________________________________
B	B<A	A>B	B<<<A	A>>>B	A→B
_____________________________________________________________
t1	0	0	1000	0	-0.116416058701704
t3	5	1	1000	1	-0.172067062629778
t2	0	0	1000	0	-0.173684258061448
t5	35	34	981	47	-0.249666206488692
t4	0	0	1000	0	-0.570905263157888
t7	17	13	470	16	-0.125315122473559
t8	0	0	533	0	-0.169606084069053
t12	0	0	533	0	-0.272207999999997
t10	152	64	927	134	-0.294403010333997
t9	795	0	1000	0	-0.775751315789471
t13	0	0	216	216	0.0
t15	0	927	0	1000	0.806282894736841
t6	28	14	517	18	-0.139740845467734
t11	0	0	359	0	-0.127531286900521
t14	184	163	216	216	-0.00505921052631583
_____________________________________________________________

A = t15
#A = 1000
_____________________________________________________________
B	B<A	A>B	B<<<A	A>>>B	A→B
_____________________________________________________________
t1	0	0	1000	0	-0.0944487435939889
t3	0	0	1000	0	-0.137915025839235
t2	0	0	1000	0	-0.143143131731409
t5	0	0	1000	0	-0.259236424173137
t4	0	0	1000	0	-0.500745242017787
t7	0	0	477	0	-0.122872193403401
t8	0	0	533	0	-0.156000279955348
t12	0	0	533	0	-0.2502760464384
t10	73	0	1000	0	-0.431670935666785
t9	0	0	1000	0	-0.679472170680313
t13	927	0	1000	0	-0.980439999999998
t15	0	0	0	0	0.0
t6	0	0	523	0	-0.133761785988014
t11	0	0	359	0	-0.117136280828615
t14	0	0	179	0	-0.137824
_____________________________________________________________

A = t6
#A = 523
_____________________________________________________________
B	B<A	A>B	B<<<A	A>>>B	A→B
_____________________________________________________________
t1	0	0	523	0	-0.505347571273422
t3	90	0	523	0	-0.722452900956024
t2	87	34	457	66	-0.464486972695984
t5	114	143	249	274	0.0483978279158699
t4	126	78	289	390	0.048934457759083
t7	0	0	0	0	0.0
t8	36	40	67	238	0.200726265636711
t12	13	11	21	266	0.201661171314931
t10	0	140	0	523	0.754327837858509
t9	37	29	68	455	0.22792903462898
t13	14	28	18	517	0.32490414548521
t15	0	0	0	523	0.255758673017236
t6	0	0	0	0	0.0
t11	4	15	10	181	0.153709742371645
t14	2	5	3	104	0.065306017261114
_____________________________________________________________

A = t11
#A = 1046
_____________________________________________________________
B	B<A	A>B	B<<<A	A>>>B	A→B
_____________________________________________________________
t1	0	0	359	0	-0.0684638579051198
t3	4	3	359	3	-0.0973468435132809
t2	0	0	359	0	-0.103653458074592
t5	18	10	347	24	-0.142705804612034
t4	0	0	532	532	0.0455770554493317
t7	6	7	163	15	-0.0596782757899434
t8	414	0	532	254	-0.328639021032505
t12	0	500	265	532	0.342555411089866
t10	97	30	323	70	-0.162106122966754
t9	0	0	0	359	0.185322711365956
t13	0	0	0	359	0.148258169092766
t15	0	0	0	359	0.111984972111487
t6	15	4	181	10	-0.0768548711858226
t11	492	492	687	687	0.0
t14	0	0	0	52	0.0172902012328872
_____________________________________________________________

A = t14
#A = 216
_____________________________________________________________
B	B<A	A>B	B<<<A	A>>>B	A→B
_____________________________________________________________
t1	0	0	179	0	-0.109384192450641
t3	0	0	179	0	-0.17412010257224
t2	0	0	179	0	-0.155739146881629
t5	12	6	176	6	-0.29296469241721
t4	0	0	179	0	-0.424353185185185
t7	3	2	71	5	-0.105076300170222
t8	0	0	72	0	-0.10328745453037
t12	0	0	72	0	-0.168561777777778
t10	33	22	151	37	-0.208863411825737
t9	0	0	179	0	-0.575259259259258
t13	163	184	216	216	0.0284814814814817
t15	0	0	0	179	0.638074074074073
t6	5	2	104	3	-0.158125217720197
t11	0	0	52	0	-0.0837294004148148
t14	0	0	37	37	0.0
_____________________________________________________________


	D/F-Graph

[t1,t3]  	 → euristica 1
[t1,t2]  	 → euristica 1
[t3,t5]  	 → euristica 1
[t3,t7]  	 → euristica 1
[t3,t12]  	 → euristica 1
[t3,t13]  	 → euristica 1
[t3,t6]  	 → euristica 1
[t3,t11]  	 → euristica 1
[t2,t4]  	 → euristica 1
[t5,t10]  	 → euristica 1
[t4,t8]  	 → euristica 1
[t4,t9]  	 → euristica 1
[t7,t10]  	 → euristica 1
[t8,t12]  	 → euristica 1
[t8,t11]  	 → euristica 1
[t12,t4]  	 → euristica 1
[t10,t15]  	 → euristica 1
[t9,t13]  	 → euristica 1
[t13,t15]  	 → euristica 1
[t6,t10]  	 → euristica 1
[t6,t11]  	 → euristica 1
[t6,t14]  	 → euristica 1
[t11,t12]  	 → euristica 1
[t11,t11]  	 → euristica 2


	WF-Net

Split:

t1	(t2) AND (t3)
t3	(t13 OR t11) AND (t7 OR t6) AND (t12) AND (t5)
t2	(t4)
t5	(t10)
t4	(t8 OR t9)
t7	(t10)
t8	(t11) AND (t12)
t12	(t4)
t10	(t15)
t9	(t13)
t13	(t15)
t15	()
t6	(t11 OR t14) AND (t10)
t11	(t11) AND (t12)
t14	()


Join:

t1	()
t3	(t1)
t2	(t1)
t5	(t3)
t4	(t2 OR t12)
t7	(t3)
t8	(t4)
t12	(t11) AND (t8) AND (t3)
t10	(t7 OR t6) AND (t5)
t9	(t4)
t13	(t9) AND (t3)
t15	(t13) AND (t10)
t6	(t3)
t11	(t11) AND (t6) AND (t8) AND (t3)
t14	(t6)
